[2025-01-28T11:39:45.262+0530] {processor.py:186} INFO - Started process (PID=17144) to work on /home/verma-tv/.local/lib/python3.11/site-packages/airflow/example_dags/example_params_ui_tutorial.py
[2025-01-28T11:39:45.263+0530] {processor.py:914} INFO - Processing file /home/verma-tv/.local/lib/python3.11/site-packages/airflow/example_dags/example_params_ui_tutorial.py for tasks to queue
[2025-01-28T11:39:45.265+0530] {logging_mixin.py:190} INFO - [2025-01-28T11:39:45.264+0530] {dagbag.py:588} INFO - Filling up the DagBag from /home/verma-tv/.local/lib/python3.11/site-packages/airflow/example_dags/example_params_ui_tutorial.py
[2025-01-28T11:39:45.271+0530] {processor.py:925} INFO - DAG(s) 'example_params_ui_tutorial' retrieved from /home/verma-tv/.local/lib/python3.11/site-packages/airflow/example_dags/example_params_ui_tutorial.py
[2025-01-28T11:39:45.390+0530] {logging_mixin.py:190} INFO - [2025-01-28T11:39:45.389+0530] {override.py:1912} INFO - Created Permission View: can read on DAG:example_params_ui_tutorial
[2025-01-28T11:39:45.397+0530] {logging_mixin.py:190} INFO - [2025-01-28T11:39:45.396+0530] {override.py:1912} INFO - Created Permission View: can edit on DAG:example_params_ui_tutorial
[2025-01-28T11:39:45.402+0530] {logging_mixin.py:190} INFO - [2025-01-28T11:39:45.402+0530] {override.py:1912} INFO - Created Permission View: can delete on DAG:example_params_ui_tutorial
[2025-01-28T11:39:45.410+0530] {logging_mixin.py:190} INFO - [2025-01-28T11:39:45.410+0530] {override.py:1912} INFO - Created Permission View: can read on DAG Run:example_params_ui_tutorial
[2025-01-28T11:39:45.415+0530] {logging_mixin.py:190} INFO - [2025-01-28T11:39:45.414+0530] {override.py:1912} INFO - Created Permission View: can delete on DAG Run:example_params_ui_tutorial
[2025-01-28T11:39:45.420+0530] {logging_mixin.py:190} INFO - [2025-01-28T11:39:45.419+0530] {override.py:1912} INFO - Created Permission View: menu access on DAG Run:example_params_ui_tutorial
[2025-01-28T11:39:45.424+0530] {logging_mixin.py:190} INFO - [2025-01-28T11:39:45.424+0530] {override.py:1912} INFO - Created Permission View: can create on DAG Run:example_params_ui_tutorial
[2025-01-28T11:39:45.425+0530] {logging_mixin.py:190} INFO - [2025-01-28T11:39:45.425+0530] {dag.py:3239} INFO - Sync 1 DAGs
[2025-01-28T11:39:45.432+0530] {logging_mixin.py:190} INFO - [2025-01-28T11:39:45.432+0530] {dag.py:3262} INFO - Creating ORM DAG for example_params_ui_tutorial
[2025-01-28T11:39:45.432+0530] {logging_mixin.py:190} INFO - [2025-01-28T11:39:45.432+0530] {dag.py:4180} INFO - Setting next_dagrun for example_params_ui_tutorial to None, run_after=None
[2025-01-28T11:39:45.445+0530] {processor.py:208} INFO - Processing /home/verma-tv/.local/lib/python3.11/site-packages/airflow/example_dags/example_params_ui_tutorial.py took 0.187 seconds
[2025-01-28T11:40:46.775+0530] {processor.py:186} INFO - Started process (PID=17337) to work on /home/verma-tv/.local/lib/python3.11/site-packages/airflow/example_dags/example_params_ui_tutorial.py
[2025-01-28T11:40:46.776+0530] {processor.py:914} INFO - Processing file /home/verma-tv/.local/lib/python3.11/site-packages/airflow/example_dags/example_params_ui_tutorial.py for tasks to queue
[2025-01-28T11:40:46.778+0530] {logging_mixin.py:190} INFO - [2025-01-28T11:40:46.778+0530] {dagbag.py:588} INFO - Filling up the DagBag from /home/verma-tv/.local/lib/python3.11/site-packages/airflow/example_dags/example_params_ui_tutorial.py
[2025-01-28T11:40:46.785+0530] {processor.py:925} INFO - DAG(s) 'example_params_ui_tutorial' retrieved from /home/verma-tv/.local/lib/python3.11/site-packages/airflow/example_dags/example_params_ui_tutorial.py
[2025-01-28T11:40:46.812+0530] {logging_mixin.py:190} INFO - [2025-01-28T11:40:46.812+0530] {dag.py:3239} INFO - Sync 1 DAGs
[2025-01-28T11:40:46.821+0530] {logging_mixin.py:190} INFO - [2025-01-28T11:40:46.820+0530] {dag.py:4180} INFO - Setting next_dagrun for example_params_ui_tutorial to None, run_after=None
[2025-01-28T11:40:46.834+0530] {processor.py:208} INFO - Processing /home/verma-tv/.local/lib/python3.11/site-packages/airflow/example_dags/example_params_ui_tutorial.py took 0.064 seconds
[2025-01-28T11:41:40.575+0530] {processor.py:186} INFO - Started process (PID=17502) to work on /home/verma-tv/.local/lib/python3.11/site-packages/airflow/example_dags/example_params_ui_tutorial.py
[2025-01-28T11:41:40.587+0530] {processor.py:914} INFO - Processing file /home/verma-tv/.local/lib/python3.11/site-packages/airflow/example_dags/example_params_ui_tutorial.py for tasks to queue
[2025-01-28T11:41:40.589+0530] {logging_mixin.py:190} INFO - [2025-01-28T11:41:40.589+0530] {dagbag.py:588} INFO - Filling up the DagBag from /home/verma-tv/.local/lib/python3.11/site-packages/airflow/example_dags/example_params_ui_tutorial.py
[2025-01-28T11:41:40.596+0530] {processor.py:925} INFO - DAG(s) 'example_params_ui_tutorial' retrieved from /home/verma-tv/.local/lib/python3.11/site-packages/airflow/example_dags/example_params_ui_tutorial.py
[2025-01-28T11:41:40.624+0530] {logging_mixin.py:190} INFO - [2025-01-28T11:41:40.624+0530] {dag.py:3239} INFO - Sync 1 DAGs
[2025-01-28T11:41:40.632+0530] {logging_mixin.py:190} INFO - [2025-01-28T11:41:40.632+0530] {dag.py:4180} INFO - Setting next_dagrun for example_params_ui_tutorial to None, run_after=None
[2025-01-28T11:41:40.646+0530] {processor.py:208} INFO - Processing /home/verma-tv/.local/lib/python3.11/site-packages/airflow/example_dags/example_params_ui_tutorial.py took 0.076 seconds
[2025-01-28T11:42:37.001+0530] {processor.py:186} INFO - Started process (PID=17697) to work on /home/verma-tv/.local/lib/python3.11/site-packages/airflow/example_dags/example_params_ui_tutorial.py
[2025-01-28T11:42:37.013+0530] {processor.py:914} INFO - Processing file /home/verma-tv/.local/lib/python3.11/site-packages/airflow/example_dags/example_params_ui_tutorial.py for tasks to queue
[2025-01-28T11:42:37.015+0530] {logging_mixin.py:190} INFO - [2025-01-28T11:42:37.015+0530] {dagbag.py:588} INFO - Filling up the DagBag from /home/verma-tv/.local/lib/python3.11/site-packages/airflow/example_dags/example_params_ui_tutorial.py
[2025-01-28T11:42:37.022+0530] {processor.py:925} INFO - DAG(s) 'example_params_ui_tutorial' retrieved from /home/verma-tv/.local/lib/python3.11/site-packages/airflow/example_dags/example_params_ui_tutorial.py
[2025-01-28T11:42:37.048+0530] {logging_mixin.py:190} INFO - [2025-01-28T11:42:37.048+0530] {dag.py:3239} INFO - Sync 1 DAGs
[2025-01-28T11:42:37.057+0530] {logging_mixin.py:190} INFO - [2025-01-28T11:42:37.057+0530] {dag.py:4180} INFO - Setting next_dagrun for example_params_ui_tutorial to None, run_after=None
[2025-01-28T11:42:37.071+0530] {processor.py:208} INFO - Processing /home/verma-tv/.local/lib/python3.11/site-packages/airflow/example_dags/example_params_ui_tutorial.py took 0.075 seconds
[2025-01-28T11:43:27.795+0530] {processor.py:186} INFO - Started process (PID=17856) to work on /home/verma-tv/.local/lib/python3.11/site-packages/airflow/example_dags/example_params_ui_tutorial.py
[2025-01-28T11:43:27.807+0530] {processor.py:914} INFO - Processing file /home/verma-tv/.local/lib/python3.11/site-packages/airflow/example_dags/example_params_ui_tutorial.py for tasks to queue
[2025-01-28T11:43:27.809+0530] {logging_mixin.py:190} INFO - [2025-01-28T11:43:27.809+0530] {dagbag.py:588} INFO - Filling up the DagBag from /home/verma-tv/.local/lib/python3.11/site-packages/airflow/example_dags/example_params_ui_tutorial.py
[2025-01-28T11:43:27.816+0530] {processor.py:925} INFO - DAG(s) 'example_params_ui_tutorial' retrieved from /home/verma-tv/.local/lib/python3.11/site-packages/airflow/example_dags/example_params_ui_tutorial.py
[2025-01-28T11:43:27.843+0530] {logging_mixin.py:190} INFO - [2025-01-28T11:43:27.843+0530] {dag.py:3239} INFO - Sync 1 DAGs
[2025-01-28T11:43:27.851+0530] {logging_mixin.py:190} INFO - [2025-01-28T11:43:27.851+0530] {dag.py:4180} INFO - Setting next_dagrun for example_params_ui_tutorial to None, run_after=None
[2025-01-28T11:43:27.865+0530] {processor.py:208} INFO - Processing /home/verma-tv/.local/lib/python3.11/site-packages/airflow/example_dags/example_params_ui_tutorial.py took 0.075 seconds
[2025-01-28T11:44:17.940+0530] {processor.py:186} INFO - Started process (PID=18073) to work on /home/verma-tv/.local/lib/python3.11/site-packages/airflow/example_dags/example_params_ui_tutorial.py
[2025-01-28T11:44:17.953+0530] {processor.py:914} INFO - Processing file /home/verma-tv/.local/lib/python3.11/site-packages/airflow/example_dags/example_params_ui_tutorial.py for tasks to queue
[2025-01-28T11:44:17.955+0530] {logging_mixin.py:190} INFO - [2025-01-28T11:44:17.955+0530] {dagbag.py:588} INFO - Filling up the DagBag from /home/verma-tv/.local/lib/python3.11/site-packages/airflow/example_dags/example_params_ui_tutorial.py
[2025-01-28T11:44:17.962+0530] {processor.py:925} INFO - DAG(s) 'example_params_ui_tutorial' retrieved from /home/verma-tv/.local/lib/python3.11/site-packages/airflow/example_dags/example_params_ui_tutorial.py
[2025-01-28T11:44:17.989+0530] {logging_mixin.py:190} INFO - [2025-01-28T11:44:17.989+0530] {dag.py:3239} INFO - Sync 1 DAGs
[2025-01-28T11:44:17.997+0530] {logging_mixin.py:190} INFO - [2025-01-28T11:44:17.997+0530] {dag.py:4180} INFO - Setting next_dagrun for example_params_ui_tutorial to None, run_after=None
[2025-01-28T11:44:18.012+0530] {processor.py:208} INFO - Processing /home/verma-tv/.local/lib/python3.11/site-packages/airflow/example_dags/example_params_ui_tutorial.py took 0.076 seconds
[2025-01-28T11:45:09.073+0530] {processor.py:186} INFO - Started process (PID=18200) to work on /home/verma-tv/.local/lib/python3.11/site-packages/airflow/example_dags/example_params_ui_tutorial.py
[2025-01-28T11:45:09.088+0530] {processor.py:914} INFO - Processing file /home/verma-tv/.local/lib/python3.11/site-packages/airflow/example_dags/example_params_ui_tutorial.py for tasks to queue
[2025-01-28T11:45:09.093+0530] {logging_mixin.py:190} INFO - [2025-01-28T11:45:09.092+0530] {dagbag.py:588} INFO - Filling up the DagBag from /home/verma-tv/.local/lib/python3.11/site-packages/airflow/example_dags/example_params_ui_tutorial.py
[2025-01-28T11:45:09.100+0530] {processor.py:925} INFO - DAG(s) 'example_params_ui_tutorial' retrieved from /home/verma-tv/.local/lib/python3.11/site-packages/airflow/example_dags/example_params_ui_tutorial.py
[2025-01-28T11:45:09.134+0530] {logging_mixin.py:190} INFO - [2025-01-28T11:45:09.134+0530] {dag.py:3239} INFO - Sync 1 DAGs
[2025-01-28T11:45:09.148+0530] {logging_mixin.py:190} INFO - [2025-01-28T11:45:09.148+0530] {dag.py:4180} INFO - Setting next_dagrun for example_params_ui_tutorial to None, run_after=None
[2025-01-28T11:45:09.167+0530] {processor.py:208} INFO - Processing /home/verma-tv/.local/lib/python3.11/site-packages/airflow/example_dags/example_params_ui_tutorial.py took 0.102 seconds
[2025-01-28T11:46:04.920+0530] {processor.py:186} INFO - Started process (PID=18368) to work on /home/verma-tv/.local/lib/python3.11/site-packages/airflow/example_dags/example_params_ui_tutorial.py
[2025-01-28T11:46:04.933+0530] {processor.py:914} INFO - Processing file /home/verma-tv/.local/lib/python3.11/site-packages/airflow/example_dags/example_params_ui_tutorial.py for tasks to queue
[2025-01-28T11:46:04.936+0530] {logging_mixin.py:190} INFO - [2025-01-28T11:46:04.935+0530] {dagbag.py:588} INFO - Filling up the DagBag from /home/verma-tv/.local/lib/python3.11/site-packages/airflow/example_dags/example_params_ui_tutorial.py
[2025-01-28T11:46:04.946+0530] {processor.py:925} INFO - DAG(s) 'example_params_ui_tutorial' retrieved from /home/verma-tv/.local/lib/python3.11/site-packages/airflow/example_dags/example_params_ui_tutorial.py
[2025-01-28T11:46:04.979+0530] {logging_mixin.py:190} INFO - [2025-01-28T11:46:04.979+0530] {dag.py:3239} INFO - Sync 1 DAGs
[2025-01-28T11:46:04.987+0530] {logging_mixin.py:190} INFO - [2025-01-28T11:46:04.987+0530] {dag.py:4180} INFO - Setting next_dagrun for example_params_ui_tutorial to None, run_after=None
[2025-01-28T11:46:05.006+0530] {processor.py:208} INFO - Processing /home/verma-tv/.local/lib/python3.11/site-packages/airflow/example_dags/example_params_ui_tutorial.py took 0.091 seconds
[2025-01-28T11:46:57.543+0530] {processor.py:186} INFO - Started process (PID=18572) to work on /home/verma-tv/.local/lib/python3.11/site-packages/airflow/example_dags/example_params_ui_tutorial.py
[2025-01-28T11:46:57.544+0530] {processor.py:914} INFO - Processing file /home/verma-tv/.local/lib/python3.11/site-packages/airflow/example_dags/example_params_ui_tutorial.py for tasks to queue
[2025-01-28T11:46:57.546+0530] {logging_mixin.py:190} INFO - [2025-01-28T11:46:57.546+0530] {dagbag.py:588} INFO - Filling up the DagBag from /home/verma-tv/.local/lib/python3.11/site-packages/airflow/example_dags/example_params_ui_tutorial.py
[2025-01-28T11:46:57.553+0530] {processor.py:925} INFO - DAG(s) 'example_params_ui_tutorial' retrieved from /home/verma-tv/.local/lib/python3.11/site-packages/airflow/example_dags/example_params_ui_tutorial.py
[2025-01-28T11:46:57.579+0530] {logging_mixin.py:190} INFO - [2025-01-28T11:46:57.578+0530] {dag.py:3239} INFO - Sync 1 DAGs
[2025-01-28T11:46:57.587+0530] {logging_mixin.py:190} INFO - [2025-01-28T11:46:57.587+0530] {dag.py:4180} INFO - Setting next_dagrun for example_params_ui_tutorial to None, run_after=None
[2025-01-28T11:46:57.600+0530] {processor.py:208} INFO - Processing /home/verma-tv/.local/lib/python3.11/site-packages/airflow/example_dags/example_params_ui_tutorial.py took 0.062 seconds
[2025-01-28T11:47:48.550+0530] {processor.py:186} INFO - Started process (PID=18926) to work on /home/verma-tv/.local/lib/python3.11/site-packages/airflow/example_dags/example_params_ui_tutorial.py
[2025-01-28T11:47:48.551+0530] {processor.py:914} INFO - Processing file /home/verma-tv/.local/lib/python3.11/site-packages/airflow/example_dags/example_params_ui_tutorial.py for tasks to queue
[2025-01-28T11:47:48.553+0530] {logging_mixin.py:190} INFO - [2025-01-28T11:47:48.553+0530] {dagbag.py:588} INFO - Filling up the DagBag from /home/verma-tv/.local/lib/python3.11/site-packages/airflow/example_dags/example_params_ui_tutorial.py
[2025-01-28T11:47:48.560+0530] {processor.py:925} INFO - DAG(s) 'example_params_ui_tutorial' retrieved from /home/verma-tv/.local/lib/python3.11/site-packages/airflow/example_dags/example_params_ui_tutorial.py
[2025-01-28T11:47:48.587+0530] {logging_mixin.py:190} INFO - [2025-01-28T11:47:48.587+0530] {dag.py:3239} INFO - Sync 1 DAGs
[2025-01-28T11:47:48.595+0530] {logging_mixin.py:190} INFO - [2025-01-28T11:47:48.595+0530] {dag.py:4180} INFO - Setting next_dagrun for example_params_ui_tutorial to None, run_after=None
[2025-01-28T11:47:48.610+0530] {processor.py:208} INFO - Processing /home/verma-tv/.local/lib/python3.11/site-packages/airflow/example_dags/example_params_ui_tutorial.py took 0.064 seconds
[2025-01-28T11:48:42.043+0530] {processor.py:186} INFO - Started process (PID=19140) to work on /home/verma-tv/.local/lib/python3.11/site-packages/airflow/example_dags/example_params_ui_tutorial.py
[2025-01-28T11:48:42.055+0530] {processor.py:914} INFO - Processing file /home/verma-tv/.local/lib/python3.11/site-packages/airflow/example_dags/example_params_ui_tutorial.py for tasks to queue
[2025-01-28T11:48:42.057+0530] {logging_mixin.py:190} INFO - [2025-01-28T11:48:42.057+0530] {dagbag.py:588} INFO - Filling up the DagBag from /home/verma-tv/.local/lib/python3.11/site-packages/airflow/example_dags/example_params_ui_tutorial.py
[2025-01-28T11:48:42.064+0530] {processor.py:925} INFO - DAG(s) 'example_params_ui_tutorial' retrieved from /home/verma-tv/.local/lib/python3.11/site-packages/airflow/example_dags/example_params_ui_tutorial.py
[2025-01-28T11:48:42.090+0530] {logging_mixin.py:190} INFO - [2025-01-28T11:48:42.090+0530] {dag.py:3239} INFO - Sync 1 DAGs
[2025-01-28T11:48:42.099+0530] {logging_mixin.py:190} INFO - [2025-01-28T11:48:42.099+0530] {dag.py:4180} INFO - Setting next_dagrun for example_params_ui_tutorial to None, run_after=None
[2025-01-28T11:48:42.113+0530] {processor.py:208} INFO - Processing /home/verma-tv/.local/lib/python3.11/site-packages/airflow/example_dags/example_params_ui_tutorial.py took 0.075 seconds
[2025-01-28T11:49:32.729+0530] {processor.py:186} INFO - Started process (PID=19452) to work on /home/verma-tv/.local/lib/python3.11/site-packages/airflow/example_dags/example_params_ui_tutorial.py
[2025-01-28T11:49:32.730+0530] {processor.py:914} INFO - Processing file /home/verma-tv/.local/lib/python3.11/site-packages/airflow/example_dags/example_params_ui_tutorial.py for tasks to queue
[2025-01-28T11:49:32.731+0530] {logging_mixin.py:190} INFO - [2025-01-28T11:49:32.731+0530] {dagbag.py:588} INFO - Filling up the DagBag from /home/verma-tv/.local/lib/python3.11/site-packages/airflow/example_dags/example_params_ui_tutorial.py
[2025-01-28T11:49:32.738+0530] {processor.py:925} INFO - DAG(s) 'example_params_ui_tutorial' retrieved from /home/verma-tv/.local/lib/python3.11/site-packages/airflow/example_dags/example_params_ui_tutorial.py
[2025-01-28T11:49:32.764+0530] {logging_mixin.py:190} INFO - [2025-01-28T11:49:32.764+0530] {dag.py:3239} INFO - Sync 1 DAGs
[2025-01-28T11:49:32.772+0530] {logging_mixin.py:190} INFO - [2025-01-28T11:49:32.772+0530] {dag.py:4180} INFO - Setting next_dagrun for example_params_ui_tutorial to None, run_after=None
[2025-01-28T11:49:32.786+0530] {processor.py:208} INFO - Processing /home/verma-tv/.local/lib/python3.11/site-packages/airflow/example_dags/example_params_ui_tutorial.py took 0.062 seconds
[2025-01-28T11:50:21.020+0530] {processor.py:186} INFO - Started process (PID=19770) to work on /home/verma-tv/.local/lib/python3.11/site-packages/airflow/example_dags/example_params_ui_tutorial.py
[2025-01-28T11:50:21.032+0530] {processor.py:914} INFO - Processing file /home/verma-tv/.local/lib/python3.11/site-packages/airflow/example_dags/example_params_ui_tutorial.py for tasks to queue
[2025-01-28T11:50:21.035+0530] {logging_mixin.py:190} INFO - [2025-01-28T11:50:21.034+0530] {dagbag.py:588} INFO - Filling up the DagBag from /home/verma-tv/.local/lib/python3.11/site-packages/airflow/example_dags/example_params_ui_tutorial.py
[2025-01-28T11:50:21.042+0530] {processor.py:925} INFO - DAG(s) 'example_params_ui_tutorial' retrieved from /home/verma-tv/.local/lib/python3.11/site-packages/airflow/example_dags/example_params_ui_tutorial.py
[2025-01-28T11:50:21.071+0530] {logging_mixin.py:190} INFO - [2025-01-28T11:50:21.071+0530] {dag.py:3239} INFO - Sync 1 DAGs
[2025-01-28T11:50:21.083+0530] {logging_mixin.py:190} INFO - [2025-01-28T11:50:21.083+0530] {dag.py:4180} INFO - Setting next_dagrun for example_params_ui_tutorial to None, run_after=None
[2025-01-28T11:50:21.099+0530] {processor.py:208} INFO - Processing /home/verma-tv/.local/lib/python3.11/site-packages/airflow/example_dags/example_params_ui_tutorial.py took 0.083 seconds
[2025-01-28T11:51:12.390+0530] {processor.py:186} INFO - Started process (PID=19936) to work on /home/verma-tv/.local/lib/python3.11/site-packages/airflow/example_dags/example_params_ui_tutorial.py
[2025-01-28T11:51:12.403+0530] {processor.py:914} INFO - Processing file /home/verma-tv/.local/lib/python3.11/site-packages/airflow/example_dags/example_params_ui_tutorial.py for tasks to queue
[2025-01-28T11:51:12.405+0530] {logging_mixin.py:190} INFO - [2025-01-28T11:51:12.405+0530] {dagbag.py:588} INFO - Filling up the DagBag from /home/verma-tv/.local/lib/python3.11/site-packages/airflow/example_dags/example_params_ui_tutorial.py
[2025-01-28T11:51:12.413+0530] {processor.py:925} INFO - DAG(s) 'example_params_ui_tutorial' retrieved from /home/verma-tv/.local/lib/python3.11/site-packages/airflow/example_dags/example_params_ui_tutorial.py
[2025-01-28T11:51:12.443+0530] {logging_mixin.py:190} INFO - [2025-01-28T11:51:12.443+0530] {dag.py:3239} INFO - Sync 1 DAGs
[2025-01-28T11:51:12.454+0530] {logging_mixin.py:190} INFO - [2025-01-28T11:51:12.454+0530] {dag.py:4180} INFO - Setting next_dagrun for example_params_ui_tutorial to None, run_after=None
[2025-01-28T11:51:12.470+0530] {processor.py:208} INFO - Processing /home/verma-tv/.local/lib/python3.11/site-packages/airflow/example_dags/example_params_ui_tutorial.py took 0.085 seconds
[2025-01-28T11:52:03.639+0530] {processor.py:186} INFO - Started process (PID=20346) to work on /home/verma-tv/.local/lib/python3.11/site-packages/airflow/example_dags/example_params_ui_tutorial.py
[2025-01-28T11:52:03.640+0530] {processor.py:914} INFO - Processing file /home/verma-tv/.local/lib/python3.11/site-packages/airflow/example_dags/example_params_ui_tutorial.py for tasks to queue
[2025-01-28T11:52:03.642+0530] {logging_mixin.py:190} INFO - [2025-01-28T11:52:03.642+0530] {dagbag.py:588} INFO - Filling up the DagBag from /home/verma-tv/.local/lib/python3.11/site-packages/airflow/example_dags/example_params_ui_tutorial.py
[2025-01-28T11:52:03.649+0530] {processor.py:925} INFO - DAG(s) 'example_params_ui_tutorial' retrieved from /home/verma-tv/.local/lib/python3.11/site-packages/airflow/example_dags/example_params_ui_tutorial.py
[2025-01-28T11:52:03.675+0530] {logging_mixin.py:190} INFO - [2025-01-28T11:52:03.675+0530] {dag.py:3239} INFO - Sync 1 DAGs
[2025-01-28T11:52:03.683+0530] {logging_mixin.py:190} INFO - [2025-01-28T11:52:03.683+0530] {dag.py:4180} INFO - Setting next_dagrun for example_params_ui_tutorial to None, run_after=None
[2025-01-28T11:52:03.696+0530] {processor.py:208} INFO - Processing /home/verma-tv/.local/lib/python3.11/site-packages/airflow/example_dags/example_params_ui_tutorial.py took 0.062 seconds
