[2025-01-28T11:39:55.888+0530] {processor.py:186} INFO - Started process (PID=17161) to work on /home/verma-tv/.local/lib/python3.11/site-packages/airflow/example_dags/example_datasets.py
[2025-01-28T11:39:55.888+0530] {processor.py:914} INFO - Processing file /home/verma-tv/.local/lib/python3.11/site-packages/airflow/example_dags/example_datasets.py for tasks to queue
[2025-01-28T11:39:55.890+0530] {logging_mixin.py:190} INFO - [2025-01-28T11:39:55.890+0530] {dagbag.py:588} INFO - Filling up the DagBag from /home/verma-tv/.local/lib/python3.11/site-packages/airflow/example_dags/example_datasets.py
[2025-01-28T11:39:55.902+0530] {processor.py:925} INFO - DAG(s) 'consume_1_and_2_with_dataset_expressions', 'dataset_consumes_1', 'dataset_consumes_1_never_scheduled', 'dataset_produces_1', 'dataset_consumes_unknown_never_scheduled', 'consume_1_or_both_2_and_3_with_dataset_expressions', 'conditional_dataset_and_time_based_timetable', 'consume_1_or_2_with_dataset_expressions', 'dataset_produces_2', 'dataset_consumes_1_and_2' retrieved from /home/verma-tv/.local/lib/python3.11/site-packages/airflow/example_dags/example_datasets.py
[2025-01-28T11:39:56.003+0530] {logging_mixin.py:190} INFO - [2025-01-28T11:39:56.002+0530] {override.py:1912} INFO - Created Permission View: can read on DAG:consume_1_and_2_with_dataset_expressions
[2025-01-28T11:39:56.010+0530] {logging_mixin.py:190} INFO - [2025-01-28T11:39:56.010+0530] {override.py:1912} INFO - Created Permission View: can edit on DAG:consume_1_and_2_with_dataset_expressions
[2025-01-28T11:39:56.015+0530] {logging_mixin.py:190} INFO - [2025-01-28T11:39:56.015+0530] {override.py:1912} INFO - Created Permission View: can delete on DAG:consume_1_and_2_with_dataset_expressions
[2025-01-28T11:39:56.023+0530] {logging_mixin.py:190} INFO - [2025-01-28T11:39:56.023+0530] {override.py:1912} INFO - Created Permission View: can read on DAG Run:consume_1_and_2_with_dataset_expressions
[2025-01-28T11:39:56.028+0530] {logging_mixin.py:190} INFO - [2025-01-28T11:39:56.027+0530] {override.py:1912} INFO - Created Permission View: can delete on DAG Run:consume_1_and_2_with_dataset_expressions
[2025-01-28T11:39:56.032+0530] {logging_mixin.py:190} INFO - [2025-01-28T11:39:56.032+0530] {override.py:1912} INFO - Created Permission View: menu access on DAG Run:consume_1_and_2_with_dataset_expressions
[2025-01-28T11:39:56.037+0530] {logging_mixin.py:190} INFO - [2025-01-28T11:39:56.037+0530] {override.py:1912} INFO - Created Permission View: can create on DAG Run:consume_1_and_2_with_dataset_expressions
[2025-01-28T11:39:56.048+0530] {logging_mixin.py:190} INFO - [2025-01-28T11:39:56.048+0530] {override.py:1912} INFO - Created Permission View: can read on DAG:dataset_consumes_1
[2025-01-28T11:39:56.053+0530] {logging_mixin.py:190} INFO - [2025-01-28T11:39:56.053+0530] {override.py:1912} INFO - Created Permission View: can edit on DAG:dataset_consumes_1
[2025-01-28T11:39:56.058+0530] {logging_mixin.py:190} INFO - [2025-01-28T11:39:56.058+0530] {override.py:1912} INFO - Created Permission View: can delete on DAG:dataset_consumes_1
[2025-01-28T11:39:56.066+0530] {logging_mixin.py:190} INFO - [2025-01-28T11:39:56.066+0530] {override.py:1912} INFO - Created Permission View: can read on DAG Run:dataset_consumes_1
[2025-01-28T11:39:56.071+0530] {logging_mixin.py:190} INFO - [2025-01-28T11:39:56.071+0530] {override.py:1912} INFO - Created Permission View: can delete on DAG Run:dataset_consumes_1
[2025-01-28T11:39:56.076+0530] {logging_mixin.py:190} INFO - [2025-01-28T11:39:56.076+0530] {override.py:1912} INFO - Created Permission View: menu access on DAG Run:dataset_consumes_1
[2025-01-28T11:39:56.082+0530] {logging_mixin.py:190} INFO - [2025-01-28T11:39:56.082+0530] {override.py:1912} INFO - Created Permission View: can create on DAG Run:dataset_consumes_1
[2025-01-28T11:39:56.095+0530] {logging_mixin.py:190} INFO - [2025-01-28T11:39:56.095+0530] {override.py:1912} INFO - Created Permission View: can read on DAG:dataset_consumes_1_never_scheduled
[2025-01-28T11:39:56.100+0530] {logging_mixin.py:190} INFO - [2025-01-28T11:39:56.100+0530] {override.py:1912} INFO - Created Permission View: can edit on DAG:dataset_consumes_1_never_scheduled
[2025-01-28T11:39:56.106+0530] {logging_mixin.py:190} INFO - [2025-01-28T11:39:56.106+0530] {override.py:1912} INFO - Created Permission View: can delete on DAG:dataset_consumes_1_never_scheduled
[2025-01-28T11:39:56.113+0530] {logging_mixin.py:190} INFO - [2025-01-28T11:39:56.113+0530] {override.py:1912} INFO - Created Permission View: can read on DAG Run:dataset_consumes_1_never_scheduled
[2025-01-28T11:39:56.118+0530] {logging_mixin.py:190} INFO - [2025-01-28T11:39:56.118+0530] {override.py:1912} INFO - Created Permission View: can delete on DAG Run:dataset_consumes_1_never_scheduled
[2025-01-28T11:39:56.123+0530] {logging_mixin.py:190} INFO - [2025-01-28T11:39:56.123+0530] {override.py:1912} INFO - Created Permission View: menu access on DAG Run:dataset_consumes_1_never_scheduled
[2025-01-28T11:39:56.129+0530] {logging_mixin.py:190} INFO - [2025-01-28T11:39:56.129+0530] {override.py:1912} INFO - Created Permission View: can create on DAG Run:dataset_consumes_1_never_scheduled
[2025-01-28T11:39:56.139+0530] {logging_mixin.py:190} INFO - [2025-01-28T11:39:56.139+0530] {override.py:1912} INFO - Created Permission View: can read on DAG:dataset_produces_1
[2025-01-28T11:39:56.144+0530] {logging_mixin.py:190} INFO - [2025-01-28T11:39:56.144+0530] {override.py:1912} INFO - Created Permission View: can edit on DAG:dataset_produces_1
[2025-01-28T11:39:56.149+0530] {logging_mixin.py:190} INFO - [2025-01-28T11:39:56.149+0530] {override.py:1912} INFO - Created Permission View: can delete on DAG:dataset_produces_1
[2025-01-28T11:39:56.156+0530] {logging_mixin.py:190} INFO - [2025-01-28T11:39:56.156+0530] {override.py:1912} INFO - Created Permission View: can read on DAG Run:dataset_produces_1
[2025-01-28T11:39:56.161+0530] {logging_mixin.py:190} INFO - [2025-01-28T11:39:56.160+0530] {override.py:1912} INFO - Created Permission View: can delete on DAG Run:dataset_produces_1
[2025-01-28T11:39:56.165+0530] {logging_mixin.py:190} INFO - [2025-01-28T11:39:56.165+0530] {override.py:1912} INFO - Created Permission View: menu access on DAG Run:dataset_produces_1
[2025-01-28T11:39:56.170+0530] {logging_mixin.py:190} INFO - [2025-01-28T11:39:56.170+0530] {override.py:1912} INFO - Created Permission View: can create on DAG Run:dataset_produces_1
[2025-01-28T11:39:56.180+0530] {logging_mixin.py:190} INFO - [2025-01-28T11:39:56.180+0530] {override.py:1912} INFO - Created Permission View: can read on DAG:dataset_consumes_unknown_never_scheduled
[2025-01-28T11:39:56.184+0530] {logging_mixin.py:190} INFO - [2025-01-28T11:39:56.184+0530] {override.py:1912} INFO - Created Permission View: can edit on DAG:dataset_consumes_unknown_never_scheduled
[2025-01-28T11:39:56.189+0530] {logging_mixin.py:190} INFO - [2025-01-28T11:39:56.189+0530] {override.py:1912} INFO - Created Permission View: can delete on DAG:dataset_consumes_unknown_never_scheduled
[2025-01-28T11:39:56.198+0530] {logging_mixin.py:190} INFO - [2025-01-28T11:39:56.198+0530] {override.py:1912} INFO - Created Permission View: can read on DAG Run:dataset_consumes_unknown_never_scheduled
[2025-01-28T11:39:56.204+0530] {logging_mixin.py:190} INFO - [2025-01-28T11:39:56.203+0530] {override.py:1912} INFO - Created Permission View: can delete on DAG Run:dataset_consumes_unknown_never_scheduled
[2025-01-28T11:39:56.208+0530] {logging_mixin.py:190} INFO - [2025-01-28T11:39:56.208+0530] {override.py:1912} INFO - Created Permission View: menu access on DAG Run:dataset_consumes_unknown_never_scheduled
[2025-01-28T11:39:56.213+0530] {logging_mixin.py:190} INFO - [2025-01-28T11:39:56.213+0530] {override.py:1912} INFO - Created Permission View: can create on DAG Run:dataset_consumes_unknown_never_scheduled
[2025-01-28T11:39:56.222+0530] {logging_mixin.py:190} INFO - [2025-01-28T11:39:56.222+0530] {override.py:1912} INFO - Created Permission View: can read on DAG:consume_1_or_both_2_and_3_with_dataset_expressions
[2025-01-28T11:39:56.227+0530] {logging_mixin.py:190} INFO - [2025-01-28T11:39:56.227+0530] {override.py:1912} INFO - Created Permission View: can edit on DAG:consume_1_or_both_2_and_3_with_dataset_expressions
[2025-01-28T11:39:56.232+0530] {logging_mixin.py:190} INFO - [2025-01-28T11:39:56.231+0530] {override.py:1912} INFO - Created Permission View: can delete on DAG:consume_1_or_both_2_and_3_with_dataset_expressions
[2025-01-28T11:39:56.238+0530] {logging_mixin.py:190} INFO - [2025-01-28T11:39:56.238+0530] {override.py:1912} INFO - Created Permission View: can read on DAG Run:consume_1_or_both_2_and_3_with_dataset_expressions
[2025-01-28T11:39:56.243+0530] {logging_mixin.py:190} INFO - [2025-01-28T11:39:56.243+0530] {override.py:1912} INFO - Created Permission View: can delete on DAG Run:consume_1_or_both_2_and_3_with_dataset_expressions
[2025-01-28T11:39:56.248+0530] {logging_mixin.py:190} INFO - [2025-01-28T11:39:56.247+0530] {override.py:1912} INFO - Created Permission View: menu access on DAG Run:consume_1_or_both_2_and_3_with_dataset_expressions
[2025-01-28T11:39:56.252+0530] {logging_mixin.py:190} INFO - [2025-01-28T11:39:56.252+0530] {override.py:1912} INFO - Created Permission View: can create on DAG Run:consume_1_or_both_2_and_3_with_dataset_expressions
[2025-01-28T11:39:56.262+0530] {logging_mixin.py:190} INFO - [2025-01-28T11:39:56.262+0530] {override.py:1912} INFO - Created Permission View: can read on DAG:conditional_dataset_and_time_based_timetable
[2025-01-28T11:39:56.268+0530] {logging_mixin.py:190} INFO - [2025-01-28T11:39:56.267+0530] {override.py:1912} INFO - Created Permission View: can edit on DAG:conditional_dataset_and_time_based_timetable
[2025-01-28T11:39:56.272+0530] {logging_mixin.py:190} INFO - [2025-01-28T11:39:56.272+0530] {override.py:1912} INFO - Created Permission View: can delete on DAG:conditional_dataset_and_time_based_timetable
[2025-01-28T11:39:56.280+0530] {logging_mixin.py:190} INFO - [2025-01-28T11:39:56.280+0530] {override.py:1912} INFO - Created Permission View: can read on DAG Run:conditional_dataset_and_time_based_timetable
[2025-01-28T11:39:56.286+0530] {logging_mixin.py:190} INFO - [2025-01-28T11:39:56.285+0530] {override.py:1912} INFO - Created Permission View: can delete on DAG Run:conditional_dataset_and_time_based_timetable
[2025-01-28T11:39:56.292+0530] {logging_mixin.py:190} INFO - [2025-01-28T11:39:56.292+0530] {override.py:1912} INFO - Created Permission View: menu access on DAG Run:conditional_dataset_and_time_based_timetable
[2025-01-28T11:39:56.297+0530] {logging_mixin.py:190} INFO - [2025-01-28T11:39:56.297+0530] {override.py:1912} INFO - Created Permission View: can create on DAG Run:conditional_dataset_and_time_based_timetable
[2025-01-28T11:39:56.307+0530] {logging_mixin.py:190} INFO - [2025-01-28T11:39:56.307+0530] {override.py:1912} INFO - Created Permission View: can read on DAG:consume_1_or_2_with_dataset_expressions
[2025-01-28T11:39:56.313+0530] {logging_mixin.py:190} INFO - [2025-01-28T11:39:56.313+0530] {override.py:1912} INFO - Created Permission View: can edit on DAG:consume_1_or_2_with_dataset_expressions
[2025-01-28T11:39:56.318+0530] {logging_mixin.py:190} INFO - [2025-01-28T11:39:56.317+0530] {override.py:1912} INFO - Created Permission View: can delete on DAG:consume_1_or_2_with_dataset_expressions
[2025-01-28T11:39:56.325+0530] {logging_mixin.py:190} INFO - [2025-01-28T11:39:56.324+0530] {override.py:1912} INFO - Created Permission View: can read on DAG Run:consume_1_or_2_with_dataset_expressions
[2025-01-28T11:39:56.329+0530] {logging_mixin.py:190} INFO - [2025-01-28T11:39:56.329+0530] {override.py:1912} INFO - Created Permission View: can delete on DAG Run:consume_1_or_2_with_dataset_expressions
[2025-01-28T11:39:56.334+0530] {logging_mixin.py:190} INFO - [2025-01-28T11:39:56.334+0530] {override.py:1912} INFO - Created Permission View: menu access on DAG Run:consume_1_or_2_with_dataset_expressions
[2025-01-28T11:39:56.340+0530] {logging_mixin.py:190} INFO - [2025-01-28T11:39:56.340+0530] {override.py:1912} INFO - Created Permission View: can create on DAG Run:consume_1_or_2_with_dataset_expressions
[2025-01-28T11:39:56.350+0530] {logging_mixin.py:190} INFO - [2025-01-28T11:39:56.349+0530] {override.py:1912} INFO - Created Permission View: can read on DAG:dataset_produces_2
[2025-01-28T11:39:56.354+0530] {logging_mixin.py:190} INFO - [2025-01-28T11:39:56.354+0530] {override.py:1912} INFO - Created Permission View: can edit on DAG:dataset_produces_2
[2025-01-28T11:39:56.359+0530] {logging_mixin.py:190} INFO - [2025-01-28T11:39:56.359+0530] {override.py:1912} INFO - Created Permission View: can delete on DAG:dataset_produces_2
[2025-01-28T11:39:56.366+0530] {logging_mixin.py:190} INFO - [2025-01-28T11:39:56.366+0530] {override.py:1912} INFO - Created Permission View: can read on DAG Run:dataset_produces_2
[2025-01-28T11:39:56.370+0530] {logging_mixin.py:190} INFO - [2025-01-28T11:39:56.370+0530] {override.py:1912} INFO - Created Permission View: can delete on DAG Run:dataset_produces_2
[2025-01-28T11:39:56.375+0530] {logging_mixin.py:190} INFO - [2025-01-28T11:39:56.375+0530] {override.py:1912} INFO - Created Permission View: menu access on DAG Run:dataset_produces_2
[2025-01-28T11:39:56.381+0530] {logging_mixin.py:190} INFO - [2025-01-28T11:39:56.380+0530] {override.py:1912} INFO - Created Permission View: can create on DAG Run:dataset_produces_2
[2025-01-28T11:39:56.391+0530] {logging_mixin.py:190} INFO - [2025-01-28T11:39:56.391+0530] {override.py:1912} INFO - Created Permission View: can read on DAG:dataset_consumes_1_and_2
[2025-01-28T11:39:56.396+0530] {logging_mixin.py:190} INFO - [2025-01-28T11:39:56.396+0530] {override.py:1912} INFO - Created Permission View: can edit on DAG:dataset_consumes_1_and_2
[2025-01-28T11:39:56.401+0530] {logging_mixin.py:190} INFO - [2025-01-28T11:39:56.401+0530] {override.py:1912} INFO - Created Permission View: can delete on DAG:dataset_consumes_1_and_2
[2025-01-28T11:39:56.409+0530] {logging_mixin.py:190} INFO - [2025-01-28T11:39:56.409+0530] {override.py:1912} INFO - Created Permission View: can read on DAG Run:dataset_consumes_1_and_2
[2025-01-28T11:39:56.414+0530] {logging_mixin.py:190} INFO - [2025-01-28T11:39:56.414+0530] {override.py:1912} INFO - Created Permission View: can delete on DAG Run:dataset_consumes_1_and_2
[2025-01-28T11:39:56.419+0530] {logging_mixin.py:190} INFO - [2025-01-28T11:39:56.418+0530] {override.py:1912} INFO - Created Permission View: menu access on DAG Run:dataset_consumes_1_and_2
[2025-01-28T11:39:56.423+0530] {logging_mixin.py:190} INFO - [2025-01-28T11:39:56.423+0530] {override.py:1912} INFO - Created Permission View: can create on DAG Run:dataset_consumes_1_and_2
[2025-01-28T11:39:56.423+0530] {logging_mixin.py:190} INFO - [2025-01-28T11:39:56.423+0530] {dag.py:3239} INFO - Sync 10 DAGs
[2025-01-28T11:39:56.432+0530] {logging_mixin.py:190} INFO - [2025-01-28T11:39:56.432+0530] {dag.py:3262} INFO - Creating ORM DAG for dataset_consumes_1
[2025-01-28T11:39:56.433+0530] {logging_mixin.py:190} INFO - [2025-01-28T11:39:56.433+0530] {dag.py:3262} INFO - Creating ORM DAG for conditional_dataset_and_time_based_timetable
[2025-01-28T11:39:56.433+0530] {logging_mixin.py:190} INFO - [2025-01-28T11:39:56.433+0530] {dag.py:3262} INFO - Creating ORM DAG for dataset_consumes_1_and_2
[2025-01-28T11:39:56.433+0530] {logging_mixin.py:190} INFO - [2025-01-28T11:39:56.433+0530] {dag.py:3262} INFO - Creating ORM DAG for dataset_consumes_1_never_scheduled
[2025-01-28T11:39:56.434+0530] {logging_mixin.py:190} INFO - [2025-01-28T11:39:56.434+0530] {dag.py:3262} INFO - Creating ORM DAG for consume_1_or_2_with_dataset_expressions
[2025-01-28T11:39:56.434+0530] {logging_mixin.py:190} INFO - [2025-01-28T11:39:56.434+0530] {dag.py:3262} INFO - Creating ORM DAG for dataset_consumes_unknown_never_scheduled
[2025-01-28T11:39:56.434+0530] {logging_mixin.py:190} INFO - [2025-01-28T11:39:56.434+0530] {dag.py:3262} INFO - Creating ORM DAG for consume_1_and_2_with_dataset_expressions
[2025-01-28T11:39:56.434+0530] {logging_mixin.py:190} INFO - [2025-01-28T11:39:56.434+0530] {dag.py:3262} INFO - Creating ORM DAG for dataset_produces_1
[2025-01-28T11:39:56.435+0530] {logging_mixin.py:190} INFO - [2025-01-28T11:39:56.435+0530] {dag.py:3262} INFO - Creating ORM DAG for dataset_produces_2
[2025-01-28T11:39:56.435+0530] {logging_mixin.py:190} INFO - [2025-01-28T11:39:56.435+0530] {dag.py:3262} INFO - Creating ORM DAG for consume_1_or_both_2_and_3_with_dataset_expressions
[2025-01-28T11:39:56.442+0530] {logging_mixin.py:190} INFO - [2025-01-28T11:39:56.442+0530] {dag.py:4180} INFO - Setting next_dagrun for conditional_dataset_and_time_based_timetable to 2025-01-22 01:00:00+00:00, run_after=2025-01-22 01:00:00+00:00
[2025-01-28T11:39:56.442+0530] {logging_mixin.py:190} INFO - [2025-01-28T11:39:56.442+0530] {dag.py:4180} INFO - Setting next_dagrun for consume_1_and_2_with_dataset_expressions to None, run_after=None
[2025-01-28T11:39:56.443+0530] {logging_mixin.py:190} INFO - [2025-01-28T11:39:56.443+0530] {dag.py:4180} INFO - Setting next_dagrun for consume_1_or_2_with_dataset_expressions to None, run_after=None
[2025-01-28T11:39:56.443+0530] {logging_mixin.py:190} INFO - [2025-01-28T11:39:56.443+0530] {dag.py:4180} INFO - Setting next_dagrun for consume_1_or_both_2_and_3_with_dataset_expressions to None, run_after=None
[2025-01-28T11:39:56.443+0530] {logging_mixin.py:190} INFO - [2025-01-28T11:39:56.443+0530] {dag.py:4180} INFO - Setting next_dagrun for dataset_consumes_1 to None, run_after=None
[2025-01-28T11:39:56.443+0530] {logging_mixin.py:190} INFO - [2025-01-28T11:39:56.443+0530] {dag.py:4180} INFO - Setting next_dagrun for dataset_consumes_1_and_2 to None, run_after=None
[2025-01-28T11:39:56.444+0530] {logging_mixin.py:190} INFO - [2025-01-28T11:39:56.443+0530] {dag.py:4180} INFO - Setting next_dagrun for dataset_consumes_1_never_scheduled to None, run_after=None
[2025-01-28T11:39:56.444+0530] {logging_mixin.py:190} INFO - [2025-01-28T11:39:56.444+0530] {dag.py:4180} INFO - Setting next_dagrun for dataset_consumes_unknown_never_scheduled to None, run_after=None
[2025-01-28T11:39:56.445+0530] {logging_mixin.py:190} INFO - [2025-01-28T11:39:56.445+0530] {dag.py:4180} INFO - Setting next_dagrun for dataset_produces_1 to 2025-01-27 00:00:00+00:00, run_after=2025-01-28 00:00:00+00:00
[2025-01-28T11:39:56.445+0530] {logging_mixin.py:190} INFO - [2025-01-28T11:39:56.445+0530] {dag.py:4180} INFO - Setting next_dagrun for dataset_produces_2 to None, run_after=None
[2025-01-28T11:39:56.466+0530] {processor.py:208} INFO - Processing /home/verma-tv/.local/lib/python3.11/site-packages/airflow/example_dags/example_datasets.py took 0.583 seconds
[2025-01-28T11:40:55.467+0530] {processor.py:186} INFO - Started process (PID=17354) to work on /home/verma-tv/.local/lib/python3.11/site-packages/airflow/example_dags/example_datasets.py
[2025-01-28T11:40:55.479+0530] {processor.py:914} INFO - Processing file /home/verma-tv/.local/lib/python3.11/site-packages/airflow/example_dags/example_datasets.py for tasks to queue
[2025-01-28T11:40:55.482+0530] {logging_mixin.py:190} INFO - [2025-01-28T11:40:55.481+0530] {dagbag.py:588} INFO - Filling up the DagBag from /home/verma-tv/.local/lib/python3.11/site-packages/airflow/example_dags/example_datasets.py
[2025-01-28T11:40:55.493+0530] {processor.py:925} INFO - DAG(s) 'consume_1_or_both_2_and_3_with_dataset_expressions', 'dataset_produces_1', 'consume_1_and_2_with_dataset_expressions', 'dataset_consumes_1_never_scheduled', 'dataset_consumes_1_and_2', 'dataset_consumes_1', 'conditional_dataset_and_time_based_timetable', 'dataset_consumes_unknown_never_scheduled', 'consume_1_or_2_with_dataset_expressions', 'dataset_produces_2' retrieved from /home/verma-tv/.local/lib/python3.11/site-packages/airflow/example_dags/example_datasets.py
[2025-01-28T11:40:55.516+0530] {logging_mixin.py:190} INFO - [2025-01-28T11:40:55.516+0530] {dag.py:3239} INFO - Sync 10 DAGs
[2025-01-28T11:40:55.532+0530] {logging_mixin.py:190} INFO - [2025-01-28T11:40:55.532+0530] {dag.py:4180} INFO - Setting next_dagrun for conditional_dataset_and_time_based_timetable to 2025-01-22 01:00:00+00:00, run_after=2025-01-22 01:00:00+00:00
[2025-01-28T11:40:55.534+0530] {logging_mixin.py:190} INFO - [2025-01-28T11:40:55.534+0530] {dag.py:4180} INFO - Setting next_dagrun for consume_1_and_2_with_dataset_expressions to None, run_after=None
[2025-01-28T11:40:55.535+0530] {logging_mixin.py:190} INFO - [2025-01-28T11:40:55.534+0530] {dag.py:4180} INFO - Setting next_dagrun for consume_1_or_2_with_dataset_expressions to None, run_after=None
[2025-01-28T11:40:55.535+0530] {logging_mixin.py:190} INFO - [2025-01-28T11:40:55.535+0530] {dag.py:4180} INFO - Setting next_dagrun for consume_1_or_both_2_and_3_with_dataset_expressions to None, run_after=None
[2025-01-28T11:40:55.536+0530] {logging_mixin.py:190} INFO - [2025-01-28T11:40:55.535+0530] {dag.py:4180} INFO - Setting next_dagrun for dataset_consumes_1 to None, run_after=None
[2025-01-28T11:40:55.536+0530] {logging_mixin.py:190} INFO - [2025-01-28T11:40:55.536+0530] {dag.py:4180} INFO - Setting next_dagrun for dataset_consumes_1_and_2 to None, run_after=None
[2025-01-28T11:40:55.537+0530] {logging_mixin.py:190} INFO - [2025-01-28T11:40:55.537+0530] {dag.py:4180} INFO - Setting next_dagrun for dataset_consumes_1_never_scheduled to None, run_after=None
[2025-01-28T11:40:55.537+0530] {logging_mixin.py:190} INFO - [2025-01-28T11:40:55.537+0530] {dag.py:4180} INFO - Setting next_dagrun for dataset_consumes_unknown_never_scheduled to None, run_after=None
[2025-01-28T11:40:55.538+0530] {logging_mixin.py:190} INFO - [2025-01-28T11:40:55.538+0530] {dag.py:4180} INFO - Setting next_dagrun for dataset_produces_1 to 2025-01-27 00:00:00+00:00, run_after=2025-01-28 00:00:00+00:00
[2025-01-28T11:40:55.539+0530] {logging_mixin.py:190} INFO - [2025-01-28T11:40:55.539+0530] {dag.py:4180} INFO - Setting next_dagrun for dataset_produces_2 to None, run_after=None
[2025-01-28T11:40:55.559+0530] {processor.py:208} INFO - Processing /home/verma-tv/.local/lib/python3.11/site-packages/airflow/example_dags/example_datasets.py took 0.097 seconds
[2025-01-28T11:41:49.717+0530] {processor.py:186} INFO - Started process (PID=17520) to work on /home/verma-tv/.local/lib/python3.11/site-packages/airflow/example_dags/example_datasets.py
[2025-01-28T11:41:49.718+0530] {processor.py:914} INFO - Processing file /home/verma-tv/.local/lib/python3.11/site-packages/airflow/example_dags/example_datasets.py for tasks to queue
[2025-01-28T11:41:49.720+0530] {logging_mixin.py:190} INFO - [2025-01-28T11:41:49.719+0530] {dagbag.py:588} INFO - Filling up the DagBag from /home/verma-tv/.local/lib/python3.11/site-packages/airflow/example_dags/example_datasets.py
[2025-01-28T11:41:49.732+0530] {processor.py:925} INFO - DAG(s) 'dataset_consumes_1_and_2', 'conditional_dataset_and_time_based_timetable', 'consume_1_or_2_with_dataset_expressions', 'consume_1_or_both_2_and_3_with_dataset_expressions', 'dataset_produces_1', 'dataset_consumes_1', 'consume_1_and_2_with_dataset_expressions', 'dataset_consumes_1_never_scheduled', 'dataset_consumes_unknown_never_scheduled', 'dataset_produces_2' retrieved from /home/verma-tv/.local/lib/python3.11/site-packages/airflow/example_dags/example_datasets.py
[2025-01-28T11:41:49.755+0530] {logging_mixin.py:190} INFO - [2025-01-28T11:41:49.755+0530] {dag.py:3239} INFO - Sync 10 DAGs
[2025-01-28T11:41:49.770+0530] {logging_mixin.py:190} INFO - [2025-01-28T11:41:49.770+0530] {dag.py:4180} INFO - Setting next_dagrun for conditional_dataset_and_time_based_timetable to 2025-01-22 01:00:00+00:00, run_after=2025-01-22 01:00:00+00:00
[2025-01-28T11:41:49.773+0530] {logging_mixin.py:190} INFO - [2025-01-28T11:41:49.772+0530] {dag.py:4180} INFO - Setting next_dagrun for consume_1_and_2_with_dataset_expressions to None, run_after=None
[2025-01-28T11:41:49.773+0530] {logging_mixin.py:190} INFO - [2025-01-28T11:41:49.773+0530] {dag.py:4180} INFO - Setting next_dagrun for consume_1_or_2_with_dataset_expressions to None, run_after=None
[2025-01-28T11:41:49.774+0530] {logging_mixin.py:190} INFO - [2025-01-28T11:41:49.774+0530] {dag.py:4180} INFO - Setting next_dagrun for consume_1_or_both_2_and_3_with_dataset_expressions to None, run_after=None
[2025-01-28T11:41:49.774+0530] {logging_mixin.py:190} INFO - [2025-01-28T11:41:49.774+0530] {dag.py:4180} INFO - Setting next_dagrun for dataset_consumes_1 to None, run_after=None
[2025-01-28T11:41:49.775+0530] {logging_mixin.py:190} INFO - [2025-01-28T11:41:49.775+0530] {dag.py:4180} INFO - Setting next_dagrun for dataset_consumes_1_and_2 to None, run_after=None
[2025-01-28T11:41:49.775+0530] {logging_mixin.py:190} INFO - [2025-01-28T11:41:49.775+0530] {dag.py:4180} INFO - Setting next_dagrun for dataset_consumes_1_never_scheduled to None, run_after=None
[2025-01-28T11:41:49.776+0530] {logging_mixin.py:190} INFO - [2025-01-28T11:41:49.776+0530] {dag.py:4180} INFO - Setting next_dagrun for dataset_consumes_unknown_never_scheduled to None, run_after=None
[2025-01-28T11:41:49.777+0530] {logging_mixin.py:190} INFO - [2025-01-28T11:41:49.777+0530] {dag.py:4180} INFO - Setting next_dagrun for dataset_produces_1 to 2025-01-27 00:00:00+00:00, run_after=2025-01-28 00:00:00+00:00
[2025-01-28T11:41:49.778+0530] {logging_mixin.py:190} INFO - [2025-01-28T11:41:49.778+0530] {dag.py:4180} INFO - Setting next_dagrun for dataset_produces_2 to None, run_after=None
[2025-01-28T11:41:49.797+0530] {processor.py:208} INFO - Processing /home/verma-tv/.local/lib/python3.11/site-packages/airflow/example_dags/example_datasets.py took 0.085 seconds
[2025-01-28T11:42:45.861+0530] {processor.py:186} INFO - Started process (PID=17710) to work on /home/verma-tv/.local/lib/python3.11/site-packages/airflow/example_dags/example_datasets.py
[2025-01-28T11:42:45.874+0530] {processor.py:914} INFO - Processing file /home/verma-tv/.local/lib/python3.11/site-packages/airflow/example_dags/example_datasets.py for tasks to queue
[2025-01-28T11:42:45.876+0530] {logging_mixin.py:190} INFO - [2025-01-28T11:42:45.875+0530] {dagbag.py:588} INFO - Filling up the DagBag from /home/verma-tv/.local/lib/python3.11/site-packages/airflow/example_dags/example_datasets.py
[2025-01-28T11:42:45.888+0530] {processor.py:925} INFO - DAG(s) 'consume_1_or_2_with_dataset_expressions', 'conditional_dataset_and_time_based_timetable', 'dataset_consumes_1', 'consume_1_and_2_with_dataset_expressions', 'dataset_consumes_unknown_never_scheduled', 'dataset_consumes_1_and_2', 'consume_1_or_both_2_and_3_with_dataset_expressions', 'dataset_produces_2', 'dataset_consumes_1_never_scheduled', 'dataset_produces_1' retrieved from /home/verma-tv/.local/lib/python3.11/site-packages/airflow/example_dags/example_datasets.py
[2025-01-28T11:42:45.912+0530] {logging_mixin.py:190} INFO - [2025-01-28T11:42:45.912+0530] {dag.py:3239} INFO - Sync 10 DAGs
[2025-01-28T11:42:45.929+0530] {logging_mixin.py:190} INFO - [2025-01-28T11:42:45.929+0530] {dag.py:4180} INFO - Setting next_dagrun for conditional_dataset_and_time_based_timetable to 2025-01-22 01:00:00+00:00, run_after=2025-01-22 01:00:00+00:00
[2025-01-28T11:42:45.931+0530] {logging_mixin.py:190} INFO - [2025-01-28T11:42:45.931+0530] {dag.py:4180} INFO - Setting next_dagrun for consume_1_and_2_with_dataset_expressions to None, run_after=None
[2025-01-28T11:42:45.932+0530] {logging_mixin.py:190} INFO - [2025-01-28T11:42:45.932+0530] {dag.py:4180} INFO - Setting next_dagrun for consume_1_or_2_with_dataset_expressions to None, run_after=None
[2025-01-28T11:42:45.932+0530] {logging_mixin.py:190} INFO - [2025-01-28T11:42:45.932+0530] {dag.py:4180} INFO - Setting next_dagrun for consume_1_or_both_2_and_3_with_dataset_expressions to None, run_after=None
[2025-01-28T11:42:45.933+0530] {logging_mixin.py:190} INFO - [2025-01-28T11:42:45.933+0530] {dag.py:4180} INFO - Setting next_dagrun for dataset_consumes_1 to None, run_after=None
[2025-01-28T11:42:45.933+0530] {logging_mixin.py:190} INFO - [2025-01-28T11:42:45.933+0530] {dag.py:4180} INFO - Setting next_dagrun for dataset_consumes_1_and_2 to None, run_after=None
[2025-01-28T11:42:45.934+0530] {logging_mixin.py:190} INFO - [2025-01-28T11:42:45.934+0530] {dag.py:4180} INFO - Setting next_dagrun for dataset_consumes_1_never_scheduled to None, run_after=None
[2025-01-28T11:42:45.934+0530] {logging_mixin.py:190} INFO - [2025-01-28T11:42:45.934+0530] {dag.py:4180} INFO - Setting next_dagrun for dataset_consumes_unknown_never_scheduled to None, run_after=None
[2025-01-28T11:42:45.936+0530] {logging_mixin.py:190} INFO - [2025-01-28T11:42:45.936+0530] {dag.py:4180} INFO - Setting next_dagrun for dataset_produces_1 to 2025-01-27 00:00:00+00:00, run_after=2025-01-28 00:00:00+00:00
[2025-01-28T11:42:45.936+0530] {logging_mixin.py:190} INFO - [2025-01-28T11:42:45.936+0530] {dag.py:4180} INFO - Setting next_dagrun for dataset_produces_2 to None, run_after=None
[2025-01-28T11:42:45.956+0530] {processor.py:208} INFO - Processing /home/verma-tv/.local/lib/python3.11/site-packages/airflow/example_dags/example_datasets.py took 0.100 seconds
[2025-01-28T11:43:36.960+0530] {processor.py:186} INFO - Started process (PID=17870) to work on /home/verma-tv/.local/lib/python3.11/site-packages/airflow/example_dags/example_datasets.py
[2025-01-28T11:43:36.972+0530] {processor.py:914} INFO - Processing file /home/verma-tv/.local/lib/python3.11/site-packages/airflow/example_dags/example_datasets.py for tasks to queue
[2025-01-28T11:43:36.975+0530] {logging_mixin.py:190} INFO - [2025-01-28T11:43:36.974+0530] {dagbag.py:588} INFO - Filling up the DagBag from /home/verma-tv/.local/lib/python3.11/site-packages/airflow/example_dags/example_datasets.py
[2025-01-28T11:43:36.986+0530] {processor.py:925} INFO - DAG(s) 'dataset_consumes_1_and_2', 'consume_1_or_2_with_dataset_expressions', 'dataset_consumes_unknown_never_scheduled', 'conditional_dataset_and_time_based_timetable', 'dataset_consumes_1', 'dataset_produces_2', 'dataset_produces_1', 'consume_1_and_2_with_dataset_expressions', 'consume_1_or_both_2_and_3_with_dataset_expressions', 'dataset_consumes_1_never_scheduled' retrieved from /home/verma-tv/.local/lib/python3.11/site-packages/airflow/example_dags/example_datasets.py
[2025-01-28T11:43:37.009+0530] {logging_mixin.py:190} INFO - [2025-01-28T11:43:37.009+0530] {dag.py:3239} INFO - Sync 10 DAGs
[2025-01-28T11:43:37.025+0530] {logging_mixin.py:190} INFO - [2025-01-28T11:43:37.025+0530] {dag.py:4180} INFO - Setting next_dagrun for conditional_dataset_and_time_based_timetable to 2025-01-22 01:00:00+00:00, run_after=2025-01-22 01:00:00+00:00
[2025-01-28T11:43:37.027+0530] {logging_mixin.py:190} INFO - [2025-01-28T11:43:37.027+0530] {dag.py:4180} INFO - Setting next_dagrun for consume_1_and_2_with_dataset_expressions to None, run_after=None
[2025-01-28T11:43:37.028+0530] {logging_mixin.py:190} INFO - [2025-01-28T11:43:37.028+0530] {dag.py:4180} INFO - Setting next_dagrun for consume_1_or_2_with_dataset_expressions to None, run_after=None
[2025-01-28T11:43:37.029+0530] {logging_mixin.py:190} INFO - [2025-01-28T11:43:37.028+0530] {dag.py:4180} INFO - Setting next_dagrun for consume_1_or_both_2_and_3_with_dataset_expressions to None, run_after=None
[2025-01-28T11:43:37.029+0530] {logging_mixin.py:190} INFO - [2025-01-28T11:43:37.029+0530] {dag.py:4180} INFO - Setting next_dagrun for dataset_consumes_1 to None, run_after=None
[2025-01-28T11:43:37.030+0530] {logging_mixin.py:190} INFO - [2025-01-28T11:43:37.029+0530] {dag.py:4180} INFO - Setting next_dagrun for dataset_consumes_1_and_2 to None, run_after=None
[2025-01-28T11:43:37.030+0530] {logging_mixin.py:190} INFO - [2025-01-28T11:43:37.030+0530] {dag.py:4180} INFO - Setting next_dagrun for dataset_consumes_1_never_scheduled to None, run_after=None
[2025-01-28T11:43:37.030+0530] {logging_mixin.py:190} INFO - [2025-01-28T11:43:37.030+0530] {dag.py:4180} INFO - Setting next_dagrun for dataset_consumes_unknown_never_scheduled to None, run_after=None
[2025-01-28T11:43:37.032+0530] {logging_mixin.py:190} INFO - [2025-01-28T11:43:37.032+0530] {dag.py:4180} INFO - Setting next_dagrun for dataset_produces_1 to 2025-01-27 00:00:00+00:00, run_after=2025-01-28 00:00:00+00:00
[2025-01-28T11:43:37.032+0530] {logging_mixin.py:190} INFO - [2025-01-28T11:43:37.032+0530] {dag.py:4180} INFO - Setting next_dagrun for dataset_produces_2 to None, run_after=None
[2025-01-28T11:43:37.053+0530] {processor.py:208} INFO - Processing /home/verma-tv/.local/lib/python3.11/site-packages/airflow/example_dags/example_datasets.py took 0.098 seconds
[2025-01-28T11:44:25.840+0530] {processor.py:186} INFO - Started process (PID=18086) to work on /home/verma-tv/.local/lib/python3.11/site-packages/airflow/example_dags/example_datasets.py
[2025-01-28T11:44:25.853+0530] {processor.py:914} INFO - Processing file /home/verma-tv/.local/lib/python3.11/site-packages/airflow/example_dags/example_datasets.py for tasks to queue
[2025-01-28T11:44:25.856+0530] {logging_mixin.py:190} INFO - [2025-01-28T11:44:25.855+0530] {dagbag.py:588} INFO - Filling up the DagBag from /home/verma-tv/.local/lib/python3.11/site-packages/airflow/example_dags/example_datasets.py
[2025-01-28T11:44:25.868+0530] {processor.py:925} INFO - DAG(s) 'consume_1_and_2_with_dataset_expressions', 'consume_1_or_2_with_dataset_expressions', 'dataset_consumes_1_never_scheduled', 'consume_1_or_both_2_and_3_with_dataset_expressions', 'dataset_produces_2', 'dataset_consumes_unknown_never_scheduled', 'conditional_dataset_and_time_based_timetable', 'dataset_consumes_1', 'dataset_produces_1', 'dataset_consumes_1_and_2' retrieved from /home/verma-tv/.local/lib/python3.11/site-packages/airflow/example_dags/example_datasets.py
[2025-01-28T11:44:25.895+0530] {logging_mixin.py:190} INFO - [2025-01-28T11:44:25.895+0530] {dag.py:3239} INFO - Sync 10 DAGs
[2025-01-28T11:44:25.912+0530] {logging_mixin.py:190} INFO - [2025-01-28T11:44:25.912+0530] {dag.py:4180} INFO - Setting next_dagrun for conditional_dataset_and_time_based_timetable to 2025-01-22 01:00:00+00:00, run_after=2025-01-22 01:00:00+00:00
[2025-01-28T11:44:25.916+0530] {logging_mixin.py:190} INFO - [2025-01-28T11:44:25.915+0530] {dag.py:4180} INFO - Setting next_dagrun for consume_1_and_2_with_dataset_expressions to None, run_after=None
[2025-01-28T11:44:25.916+0530] {logging_mixin.py:190} INFO - [2025-01-28T11:44:25.916+0530] {dag.py:4180} INFO - Setting next_dagrun for consume_1_or_2_with_dataset_expressions to None, run_after=None
[2025-01-28T11:44:25.917+0530] {logging_mixin.py:190} INFO - [2025-01-28T11:44:25.917+0530] {dag.py:4180} INFO - Setting next_dagrun for consume_1_or_both_2_and_3_with_dataset_expressions to None, run_after=None
[2025-01-28T11:44:25.917+0530] {logging_mixin.py:190} INFO - [2025-01-28T11:44:25.917+0530] {dag.py:4180} INFO - Setting next_dagrun for dataset_consumes_1 to None, run_after=None
[2025-01-28T11:44:25.918+0530] {logging_mixin.py:190} INFO - [2025-01-28T11:44:25.918+0530] {dag.py:4180} INFO - Setting next_dagrun for dataset_consumes_1_and_2 to None, run_after=None
[2025-01-28T11:44:25.919+0530] {logging_mixin.py:190} INFO - [2025-01-28T11:44:25.919+0530] {dag.py:4180} INFO - Setting next_dagrun for dataset_consumes_1_never_scheduled to None, run_after=None
[2025-01-28T11:44:25.920+0530] {logging_mixin.py:190} INFO - [2025-01-28T11:44:25.920+0530] {dag.py:4180} INFO - Setting next_dagrun for dataset_consumes_unknown_never_scheduled to None, run_after=None
[2025-01-28T11:44:25.921+0530] {logging_mixin.py:190} INFO - [2025-01-28T11:44:25.921+0530] {dag.py:4180} INFO - Setting next_dagrun for dataset_produces_1 to 2025-01-27 00:00:00+00:00, run_after=2025-01-28 00:00:00+00:00
[2025-01-28T11:44:25.922+0530] {logging_mixin.py:190} INFO - [2025-01-28T11:44:25.922+0530] {dag.py:4180} INFO - Setting next_dagrun for dataset_produces_2 to None, run_after=None
[2025-01-28T11:44:25.943+0530] {processor.py:208} INFO - Processing /home/verma-tv/.local/lib/python3.11/site-packages/airflow/example_dags/example_datasets.py took 0.108 seconds
[2025-01-28T11:45:18.458+0530] {processor.py:186} INFO - Started process (PID=18280) to work on /home/verma-tv/.local/lib/python3.11/site-packages/airflow/example_dags/example_datasets.py
[2025-01-28T11:45:18.471+0530] {processor.py:914} INFO - Processing file /home/verma-tv/.local/lib/python3.11/site-packages/airflow/example_dags/example_datasets.py for tasks to queue
[2025-01-28T11:45:18.473+0530] {logging_mixin.py:190} INFO - [2025-01-28T11:45:18.472+0530] {dagbag.py:588} INFO - Filling up the DagBag from /home/verma-tv/.local/lib/python3.11/site-packages/airflow/example_dags/example_datasets.py
[2025-01-28T11:45:18.486+0530] {processor.py:925} INFO - DAG(s) 'dataset_consumes_1', 'consume_1_and_2_with_dataset_expressions', 'dataset_produces_2', 'consume_1_or_both_2_and_3_with_dataset_expressions', 'consume_1_or_2_with_dataset_expressions', 'dataset_consumes_1_never_scheduled', 'dataset_consumes_1_and_2', 'dataset_consumes_unknown_never_scheduled', 'dataset_produces_1', 'conditional_dataset_and_time_based_timetable' retrieved from /home/verma-tv/.local/lib/python3.11/site-packages/airflow/example_dags/example_datasets.py
[2025-01-28T11:45:18.513+0530] {logging_mixin.py:190} INFO - [2025-01-28T11:45:18.513+0530] {dag.py:3239} INFO - Sync 10 DAGs
[2025-01-28T11:45:18.532+0530] {logging_mixin.py:190} INFO - [2025-01-28T11:45:18.532+0530] {dag.py:4180} INFO - Setting next_dagrun for conditional_dataset_and_time_based_timetable to 2025-01-22 01:00:00+00:00, run_after=2025-01-22 01:00:00+00:00
[2025-01-28T11:45:18.535+0530] {logging_mixin.py:190} INFO - [2025-01-28T11:45:18.535+0530] {dag.py:4180} INFO - Setting next_dagrun for consume_1_and_2_with_dataset_expressions to None, run_after=None
[2025-01-28T11:45:18.537+0530] {logging_mixin.py:190} INFO - [2025-01-28T11:45:18.537+0530] {dag.py:4180} INFO - Setting next_dagrun for consume_1_or_2_with_dataset_expressions to None, run_after=None
[2025-01-28T11:45:18.538+0530] {logging_mixin.py:190} INFO - [2025-01-28T11:45:18.538+0530] {dag.py:4180} INFO - Setting next_dagrun for consume_1_or_both_2_and_3_with_dataset_expressions to None, run_after=None
[2025-01-28T11:45:18.539+0530] {logging_mixin.py:190} INFO - [2025-01-28T11:45:18.539+0530] {dag.py:4180} INFO - Setting next_dagrun for dataset_consumes_1 to None, run_after=None
[2025-01-28T11:45:18.539+0530] {logging_mixin.py:190} INFO - [2025-01-28T11:45:18.539+0530] {dag.py:4180} INFO - Setting next_dagrun for dataset_consumes_1_and_2 to None, run_after=None
[2025-01-28T11:45:18.540+0530] {logging_mixin.py:190} INFO - [2025-01-28T11:45:18.540+0530] {dag.py:4180} INFO - Setting next_dagrun for dataset_consumes_1_never_scheduled to None, run_after=None
[2025-01-28T11:45:18.540+0530] {logging_mixin.py:190} INFO - [2025-01-28T11:45:18.540+0530] {dag.py:4180} INFO - Setting next_dagrun for dataset_consumes_unknown_never_scheduled to None, run_after=None
[2025-01-28T11:45:18.542+0530] {logging_mixin.py:190} INFO - [2025-01-28T11:45:18.541+0530] {dag.py:4180} INFO - Setting next_dagrun for dataset_produces_1 to 2025-01-27 00:00:00+00:00, run_after=2025-01-28 00:00:00+00:00
[2025-01-28T11:45:18.542+0530] {logging_mixin.py:190} INFO - [2025-01-28T11:45:18.542+0530] {dag.py:4180} INFO - Setting next_dagrun for dataset_produces_2 to None, run_after=None
[2025-01-28T11:45:18.564+0530] {processor.py:208} INFO - Processing /home/verma-tv/.local/lib/python3.11/site-packages/airflow/example_dags/example_datasets.py took 0.116 seconds
[2025-01-28T11:46:14.175+0530] {processor.py:186} INFO - Started process (PID=18446) to work on /home/verma-tv/.local/lib/python3.11/site-packages/airflow/example_dags/example_datasets.py
[2025-01-28T11:46:14.191+0530] {processor.py:914} INFO - Processing file /home/verma-tv/.local/lib/python3.11/site-packages/airflow/example_dags/example_datasets.py for tasks to queue
[2025-01-28T11:46:14.193+0530] {logging_mixin.py:190} INFO - [2025-01-28T11:46:14.193+0530] {dagbag.py:588} INFO - Filling up the DagBag from /home/verma-tv/.local/lib/python3.11/site-packages/airflow/example_dags/example_datasets.py
[2025-01-28T11:46:14.207+0530] {processor.py:925} INFO - DAG(s) 'dataset_produces_2', 'consume_1_or_2_with_dataset_expressions', 'dataset_consumes_unknown_never_scheduled', 'dataset_consumes_1', 'conditional_dataset_and_time_based_timetable', 'dataset_produces_1', 'consume_1_and_2_with_dataset_expressions', 'dataset_consumes_1_never_scheduled', 'dataset_consumes_1_and_2', 'consume_1_or_both_2_and_3_with_dataset_expressions' retrieved from /home/verma-tv/.local/lib/python3.11/site-packages/airflow/example_dags/example_datasets.py
[2025-01-28T11:46:14.232+0530] {logging_mixin.py:190} INFO - [2025-01-28T11:46:14.232+0530] {dag.py:3239} INFO - Sync 10 DAGs
[2025-01-28T11:46:14.251+0530] {logging_mixin.py:190} INFO - [2025-01-28T11:46:14.251+0530] {dag.py:4180} INFO - Setting next_dagrun for conditional_dataset_and_time_based_timetable to 2025-01-22 01:00:00+00:00, run_after=2025-01-22 01:00:00+00:00
[2025-01-28T11:46:14.253+0530] {logging_mixin.py:190} INFO - [2025-01-28T11:46:14.253+0530] {dag.py:4180} INFO - Setting next_dagrun for consume_1_and_2_with_dataset_expressions to None, run_after=None
[2025-01-28T11:46:14.254+0530] {logging_mixin.py:190} INFO - [2025-01-28T11:46:14.254+0530] {dag.py:4180} INFO - Setting next_dagrun for consume_1_or_2_with_dataset_expressions to None, run_after=None
[2025-01-28T11:46:14.255+0530] {logging_mixin.py:190} INFO - [2025-01-28T11:46:14.255+0530] {dag.py:4180} INFO - Setting next_dagrun for consume_1_or_both_2_and_3_with_dataset_expressions to None, run_after=None
[2025-01-28T11:46:14.258+0530] {logging_mixin.py:190} INFO - [2025-01-28T11:46:14.258+0530] {dag.py:4180} INFO - Setting next_dagrun for dataset_consumes_1 to None, run_after=None
[2025-01-28T11:46:14.259+0530] {logging_mixin.py:190} INFO - [2025-01-28T11:46:14.259+0530] {dag.py:4180} INFO - Setting next_dagrun for dataset_consumes_1_and_2 to None, run_after=None
[2025-01-28T11:46:14.259+0530] {logging_mixin.py:190} INFO - [2025-01-28T11:46:14.259+0530] {dag.py:4180} INFO - Setting next_dagrun for dataset_consumes_1_never_scheduled to None, run_after=None
[2025-01-28T11:46:14.260+0530] {logging_mixin.py:190} INFO - [2025-01-28T11:46:14.260+0530] {dag.py:4180} INFO - Setting next_dagrun for dataset_consumes_unknown_never_scheduled to None, run_after=None
[2025-01-28T11:46:14.261+0530] {logging_mixin.py:190} INFO - [2025-01-28T11:46:14.261+0530] {dag.py:4180} INFO - Setting next_dagrun for dataset_produces_1 to 2025-01-27 00:00:00+00:00, run_after=2025-01-28 00:00:00+00:00
[2025-01-28T11:46:14.262+0530] {logging_mixin.py:190} INFO - [2025-01-28T11:46:14.262+0530] {dag.py:4180} INFO - Setting next_dagrun for dataset_produces_2 to None, run_after=None
[2025-01-28T11:46:14.284+0530] {processor.py:208} INFO - Processing /home/verma-tv/.local/lib/python3.11/site-packages/airflow/example_dags/example_datasets.py took 0.117 seconds
[2025-01-28T11:47:05.477+0530] {processor.py:186} INFO - Started process (PID=18620) to work on /home/verma-tv/.local/lib/python3.11/site-packages/airflow/example_dags/example_datasets.py
[2025-01-28T11:47:05.493+0530] {processor.py:914} INFO - Processing file /home/verma-tv/.local/lib/python3.11/site-packages/airflow/example_dags/example_datasets.py for tasks to queue
[2025-01-28T11:47:05.496+0530] {logging_mixin.py:190} INFO - [2025-01-28T11:47:05.496+0530] {dagbag.py:588} INFO - Filling up the DagBag from /home/verma-tv/.local/lib/python3.11/site-packages/airflow/example_dags/example_datasets.py
[2025-01-28T11:47:05.510+0530] {processor.py:925} INFO - DAG(s) 'dataset_consumes_unknown_never_scheduled', 'dataset_consumes_1_and_2', 'dataset_produces_2', 'consume_1_or_2_with_dataset_expressions', 'consume_1_or_both_2_and_3_with_dataset_expressions', 'consume_1_and_2_with_dataset_expressions', 'dataset_consumes_1_never_scheduled', 'conditional_dataset_and_time_based_timetable', 'dataset_produces_1', 'dataset_consumes_1' retrieved from /home/verma-tv/.local/lib/python3.11/site-packages/airflow/example_dags/example_datasets.py
[2025-01-28T11:47:05.534+0530] {logging_mixin.py:190} INFO - [2025-01-28T11:47:05.533+0530] {dag.py:3239} INFO - Sync 10 DAGs
[2025-01-28T11:47:05.549+0530] {logging_mixin.py:190} INFO - [2025-01-28T11:47:05.549+0530] {dag.py:4180} INFO - Setting next_dagrun for conditional_dataset_and_time_based_timetable to 2025-01-22 01:00:00+00:00, run_after=2025-01-22 01:00:00+00:00
[2025-01-28T11:47:05.552+0530] {logging_mixin.py:190} INFO - [2025-01-28T11:47:05.552+0530] {dag.py:4180} INFO - Setting next_dagrun for consume_1_and_2_with_dataset_expressions to None, run_after=None
[2025-01-28T11:47:05.552+0530] {logging_mixin.py:190} INFO - [2025-01-28T11:47:05.552+0530] {dag.py:4180} INFO - Setting next_dagrun for consume_1_or_2_with_dataset_expressions to None, run_after=None
[2025-01-28T11:47:05.553+0530] {logging_mixin.py:190} INFO - [2025-01-28T11:47:05.553+0530] {dag.py:4180} INFO - Setting next_dagrun for consume_1_or_both_2_and_3_with_dataset_expressions to None, run_after=None
[2025-01-28T11:47:05.553+0530] {logging_mixin.py:190} INFO - [2025-01-28T11:47:05.553+0530] {dag.py:4180} INFO - Setting next_dagrun for dataset_consumes_1 to None, run_after=None
[2025-01-28T11:47:05.554+0530] {logging_mixin.py:190} INFO - [2025-01-28T11:47:05.554+0530] {dag.py:4180} INFO - Setting next_dagrun for dataset_consumes_1_and_2 to None, run_after=None
[2025-01-28T11:47:05.554+0530] {logging_mixin.py:190} INFO - [2025-01-28T11:47:05.554+0530] {dag.py:4180} INFO - Setting next_dagrun for dataset_consumes_1_never_scheduled to None, run_after=None
[2025-01-28T11:47:05.555+0530] {logging_mixin.py:190} INFO - [2025-01-28T11:47:05.555+0530] {dag.py:4180} INFO - Setting next_dagrun for dataset_consumes_unknown_never_scheduled to None, run_after=None
[2025-01-28T11:47:05.556+0530] {logging_mixin.py:190} INFO - [2025-01-28T11:47:05.556+0530] {dag.py:4180} INFO - Setting next_dagrun for dataset_produces_1 to 2025-01-27 00:00:00+00:00, run_after=2025-01-28 00:00:00+00:00
[2025-01-28T11:47:05.557+0530] {logging_mixin.py:190} INFO - [2025-01-28T11:47:05.557+0530] {dag.py:4180} INFO - Setting next_dagrun for dataset_produces_2 to None, run_after=None
[2025-01-28T11:47:05.576+0530] {processor.py:208} INFO - Processing /home/verma-tv/.local/lib/python3.11/site-packages/airflow/example_dags/example_datasets.py took 0.106 seconds
[2025-01-28T11:47:58.113+0530] {processor.py:186} INFO - Started process (PID=18943) to work on /home/verma-tv/.local/lib/python3.11/site-packages/airflow/example_dags/example_datasets.py
[2025-01-28T11:47:58.126+0530] {processor.py:914} INFO - Processing file /home/verma-tv/.local/lib/python3.11/site-packages/airflow/example_dags/example_datasets.py for tasks to queue
[2025-01-28T11:47:58.128+0530] {logging_mixin.py:190} INFO - [2025-01-28T11:47:58.128+0530] {dagbag.py:588} INFO - Filling up the DagBag from /home/verma-tv/.local/lib/python3.11/site-packages/airflow/example_dags/example_datasets.py
[2025-01-28T11:47:58.140+0530] {processor.py:925} INFO - DAG(s) 'dataset_consumes_1', 'consume_1_and_2_with_dataset_expressions', 'dataset_produces_1', 'consume_1_or_both_2_and_3_with_dataset_expressions', 'conditional_dataset_and_time_based_timetable', 'dataset_produces_2', 'consume_1_or_2_with_dataset_expressions', 'dataset_consumes_1_and_2', 'dataset_consumes_unknown_never_scheduled', 'dataset_consumes_1_never_scheduled' retrieved from /home/verma-tv/.local/lib/python3.11/site-packages/airflow/example_dags/example_datasets.py
[2025-01-28T11:47:58.163+0530] {logging_mixin.py:190} INFO - [2025-01-28T11:47:58.163+0530] {dag.py:3239} INFO - Sync 10 DAGs
[2025-01-28T11:47:58.178+0530] {logging_mixin.py:190} INFO - [2025-01-28T11:47:58.178+0530] {dag.py:4180} INFO - Setting next_dagrun for conditional_dataset_and_time_based_timetable to 2025-01-22 01:00:00+00:00, run_after=2025-01-22 01:00:00+00:00
[2025-01-28T11:47:58.181+0530] {logging_mixin.py:190} INFO - [2025-01-28T11:47:58.180+0530] {dag.py:4180} INFO - Setting next_dagrun for consume_1_and_2_with_dataset_expressions to None, run_after=None
[2025-01-28T11:47:58.181+0530] {logging_mixin.py:190} INFO - [2025-01-28T11:47:58.181+0530] {dag.py:4180} INFO - Setting next_dagrun for consume_1_or_2_with_dataset_expressions to None, run_after=None
[2025-01-28T11:47:58.182+0530] {logging_mixin.py:190} INFO - [2025-01-28T11:47:58.182+0530] {dag.py:4180} INFO - Setting next_dagrun for consume_1_or_both_2_and_3_with_dataset_expressions to None, run_after=None
[2025-01-28T11:47:58.183+0530] {logging_mixin.py:190} INFO - [2025-01-28T11:47:58.182+0530] {dag.py:4180} INFO - Setting next_dagrun for dataset_consumes_1 to None, run_after=None
[2025-01-28T11:47:58.183+0530] {logging_mixin.py:190} INFO - [2025-01-28T11:47:58.183+0530] {dag.py:4180} INFO - Setting next_dagrun for dataset_consumes_1_and_2 to None, run_after=None
[2025-01-28T11:47:58.184+0530] {logging_mixin.py:190} INFO - [2025-01-28T11:47:58.184+0530] {dag.py:4180} INFO - Setting next_dagrun for dataset_consumes_1_never_scheduled to None, run_after=None
[2025-01-28T11:47:58.184+0530] {logging_mixin.py:190} INFO - [2025-01-28T11:47:58.184+0530] {dag.py:4180} INFO - Setting next_dagrun for dataset_consumes_unknown_never_scheduled to None, run_after=None
[2025-01-28T11:47:58.185+0530] {logging_mixin.py:190} INFO - [2025-01-28T11:47:58.185+0530] {dag.py:4180} INFO - Setting next_dagrun for dataset_produces_1 to 2025-01-27 00:00:00+00:00, run_after=2025-01-28 00:00:00+00:00
[2025-01-28T11:47:58.186+0530] {logging_mixin.py:190} INFO - [2025-01-28T11:47:58.186+0530] {dag.py:4180} INFO - Setting next_dagrun for dataset_produces_2 to None, run_after=None
[2025-01-28T11:47:58.212+0530] {processor.py:208} INFO - Processing /home/verma-tv/.local/lib/python3.11/site-packages/airflow/example_dags/example_datasets.py took 0.104 seconds
[2025-01-28T11:48:51.321+0530] {processor.py:186} INFO - Started process (PID=19210) to work on /home/verma-tv/.local/lib/python3.11/site-packages/airflow/example_dags/example_datasets.py
[2025-01-28T11:48:51.333+0530] {processor.py:914} INFO - Processing file /home/verma-tv/.local/lib/python3.11/site-packages/airflow/example_dags/example_datasets.py for tasks to queue
[2025-01-28T11:48:51.336+0530] {logging_mixin.py:190} INFO - [2025-01-28T11:48:51.336+0530] {dagbag.py:588} INFO - Filling up the DagBag from /home/verma-tv/.local/lib/python3.11/site-packages/airflow/example_dags/example_datasets.py
[2025-01-28T11:48:51.349+0530] {processor.py:925} INFO - DAG(s) 'consume_1_or_2_with_dataset_expressions', 'dataset_consumes_1', 'conditional_dataset_and_time_based_timetable', 'dataset_consumes_1_and_2', 'dataset_produces_1', 'dataset_produces_2', 'consume_1_and_2_with_dataset_expressions', 'dataset_consumes_unknown_never_scheduled', 'dataset_consumes_1_never_scheduled', 'consume_1_or_both_2_and_3_with_dataset_expressions' retrieved from /home/verma-tv/.local/lib/python3.11/site-packages/airflow/example_dags/example_datasets.py
[2025-01-28T11:48:51.378+0530] {logging_mixin.py:190} INFO - [2025-01-28T11:48:51.378+0530] {dag.py:3239} INFO - Sync 10 DAGs
[2025-01-28T11:48:51.395+0530] {logging_mixin.py:190} INFO - [2025-01-28T11:48:51.395+0530] {dag.py:4180} INFO - Setting next_dagrun for conditional_dataset_and_time_based_timetable to 2025-01-22 01:00:00+00:00, run_after=2025-01-22 01:00:00+00:00
[2025-01-28T11:48:51.398+0530] {logging_mixin.py:190} INFO - [2025-01-28T11:48:51.397+0530] {dag.py:4180} INFO - Setting next_dagrun for consume_1_and_2_with_dataset_expressions to None, run_after=None
[2025-01-28T11:48:51.398+0530] {logging_mixin.py:190} INFO - [2025-01-28T11:48:51.398+0530] {dag.py:4180} INFO - Setting next_dagrun for consume_1_or_2_with_dataset_expressions to None, run_after=None
[2025-01-28T11:48:51.399+0530] {logging_mixin.py:190} INFO - [2025-01-28T11:48:51.399+0530] {dag.py:4180} INFO - Setting next_dagrun for consume_1_or_both_2_and_3_with_dataset_expressions to None, run_after=None
[2025-01-28T11:48:51.399+0530] {logging_mixin.py:190} INFO - [2025-01-28T11:48:51.399+0530] {dag.py:4180} INFO - Setting next_dagrun for dataset_consumes_1 to None, run_after=None
[2025-01-28T11:48:51.400+0530] {logging_mixin.py:190} INFO - [2025-01-28T11:48:51.400+0530] {dag.py:4180} INFO - Setting next_dagrun for dataset_consumes_1_and_2 to None, run_after=None
[2025-01-28T11:48:51.401+0530] {logging_mixin.py:190} INFO - [2025-01-28T11:48:51.400+0530] {dag.py:4180} INFO - Setting next_dagrun for dataset_consumes_1_never_scheduled to None, run_after=None
[2025-01-28T11:48:51.401+0530] {logging_mixin.py:190} INFO - [2025-01-28T11:48:51.401+0530] {dag.py:4180} INFO - Setting next_dagrun for dataset_consumes_unknown_never_scheduled to None, run_after=None
[2025-01-28T11:48:51.402+0530] {logging_mixin.py:190} INFO - [2025-01-28T11:48:51.402+0530] {dag.py:4180} INFO - Setting next_dagrun for dataset_produces_1 to 2025-01-27 00:00:00+00:00, run_after=2025-01-28 00:00:00+00:00
[2025-01-28T11:48:51.403+0530] {logging_mixin.py:190} INFO - [2025-01-28T11:48:51.403+0530] {dag.py:4180} INFO - Setting next_dagrun for dataset_produces_2 to None, run_after=None
[2025-01-28T11:48:51.424+0530] {processor.py:208} INFO - Processing /home/verma-tv/.local/lib/python3.11/site-packages/airflow/example_dags/example_datasets.py took 0.108 seconds
[2025-01-28T11:49:42.238+0530] {processor.py:186} INFO - Started process (PID=19547) to work on /home/verma-tv/.local/lib/python3.11/site-packages/airflow/example_dags/example_datasets.py
[2025-01-28T11:49:42.250+0530] {processor.py:914} INFO - Processing file /home/verma-tv/.local/lib/python3.11/site-packages/airflow/example_dags/example_datasets.py for tasks to queue
[2025-01-28T11:49:42.252+0530] {logging_mixin.py:190} INFO - [2025-01-28T11:49:42.251+0530] {dagbag.py:588} INFO - Filling up the DagBag from /home/verma-tv/.local/lib/python3.11/site-packages/airflow/example_dags/example_datasets.py
[2025-01-28T11:49:42.265+0530] {processor.py:925} INFO - DAG(s) 'consume_1_or_both_2_and_3_with_dataset_expressions', 'consume_1_or_2_with_dataset_expressions', 'dataset_consumes_1_and_2', 'dataset_consumes_unknown_never_scheduled', 'conditional_dataset_and_time_based_timetable', 'consume_1_and_2_with_dataset_expressions', 'dataset_consumes_1', 'dataset_produces_1', 'dataset_produces_2', 'dataset_consumes_1_never_scheduled' retrieved from /home/verma-tv/.local/lib/python3.11/site-packages/airflow/example_dags/example_datasets.py
[2025-01-28T11:49:42.290+0530] {logging_mixin.py:190} INFO - [2025-01-28T11:49:42.290+0530] {dag.py:3239} INFO - Sync 10 DAGs
[2025-01-28T11:49:42.309+0530] {logging_mixin.py:190} INFO - [2025-01-28T11:49:42.309+0530] {dag.py:4180} INFO - Setting next_dagrun for conditional_dataset_and_time_based_timetable to 2025-01-22 01:00:00+00:00, run_after=2025-01-22 01:00:00+00:00
[2025-01-28T11:49:42.312+0530] {logging_mixin.py:190} INFO - [2025-01-28T11:49:42.312+0530] {dag.py:4180} INFO - Setting next_dagrun for consume_1_and_2_with_dataset_expressions to None, run_after=None
[2025-01-28T11:49:42.313+0530] {logging_mixin.py:190} INFO - [2025-01-28T11:49:42.313+0530] {dag.py:4180} INFO - Setting next_dagrun for consume_1_or_2_with_dataset_expressions to None, run_after=None
[2025-01-28T11:49:42.313+0530] {logging_mixin.py:190} INFO - [2025-01-28T11:49:42.313+0530] {dag.py:4180} INFO - Setting next_dagrun for consume_1_or_both_2_and_3_with_dataset_expressions to None, run_after=None
[2025-01-28T11:49:42.314+0530] {logging_mixin.py:190} INFO - [2025-01-28T11:49:42.314+0530] {dag.py:4180} INFO - Setting next_dagrun for dataset_consumes_1 to None, run_after=None
[2025-01-28T11:49:42.315+0530] {logging_mixin.py:190} INFO - [2025-01-28T11:49:42.315+0530] {dag.py:4180} INFO - Setting next_dagrun for dataset_consumes_1_and_2 to None, run_after=None
[2025-01-28T11:49:42.315+0530] {logging_mixin.py:190} INFO - [2025-01-28T11:49:42.315+0530] {dag.py:4180} INFO - Setting next_dagrun for dataset_consumes_1_never_scheduled to None, run_after=None
[2025-01-28T11:49:42.316+0530] {logging_mixin.py:190} INFO - [2025-01-28T11:49:42.316+0530] {dag.py:4180} INFO - Setting next_dagrun for dataset_consumes_unknown_never_scheduled to None, run_after=None
[2025-01-28T11:49:42.318+0530] {logging_mixin.py:190} INFO - [2025-01-28T11:49:42.318+0530] {dag.py:4180} INFO - Setting next_dagrun for dataset_produces_1 to 2025-01-27 00:00:00+00:00, run_after=2025-01-28 00:00:00+00:00
[2025-01-28T11:49:42.319+0530] {logging_mixin.py:190} INFO - [2025-01-28T11:49:42.319+0530] {dag.py:4180} INFO - Setting next_dagrun for dataset_produces_2 to None, run_after=None
[2025-01-28T11:49:42.341+0530] {processor.py:208} INFO - Processing /home/verma-tv/.local/lib/python3.11/site-packages/airflow/example_dags/example_datasets.py took 0.109 seconds
[2025-01-28T11:50:57.097+0530] {processor.py:186} INFO - Started process (PID=19840) to work on /home/verma-tv/.local/lib/python3.11/site-packages/airflow/example_dags/example_datasets.py
[2025-01-28T11:50:57.109+0530] {processor.py:914} INFO - Processing file /home/verma-tv/.local/lib/python3.11/site-packages/airflow/example_dags/example_datasets.py for tasks to queue
[2025-01-28T11:50:57.111+0530] {logging_mixin.py:190} INFO - [2025-01-28T11:50:57.111+0530] {dagbag.py:588} INFO - Filling up the DagBag from /home/verma-tv/.local/lib/python3.11/site-packages/airflow/example_dags/example_datasets.py
[2025-01-28T11:50:57.123+0530] {processor.py:925} INFO - DAG(s) 'dataset_consumes_unknown_never_scheduled', 'consume_1_or_both_2_and_3_with_dataset_expressions', 'dataset_consumes_1', 'dataset_consumes_1_never_scheduled', 'dataset_produces_2', 'dataset_produces_1', 'consume_1_or_2_with_dataset_expressions', 'consume_1_and_2_with_dataset_expressions', 'dataset_consumes_1_and_2', 'conditional_dataset_and_time_based_timetable' retrieved from /home/verma-tv/.local/lib/python3.11/site-packages/airflow/example_dags/example_datasets.py
[2025-01-28T11:50:57.146+0530] {logging_mixin.py:190} INFO - [2025-01-28T11:50:57.146+0530] {dag.py:3239} INFO - Sync 10 DAGs
[2025-01-28T11:50:57.163+0530] {logging_mixin.py:190} INFO - [2025-01-28T11:50:57.163+0530] {dag.py:4180} INFO - Setting next_dagrun for conditional_dataset_and_time_based_timetable to 2025-01-22 01:00:00+00:00, run_after=2025-01-22 01:00:00+00:00
[2025-01-28T11:50:57.166+0530] {logging_mixin.py:190} INFO - [2025-01-28T11:50:57.166+0530] {dag.py:4180} INFO - Setting next_dagrun for consume_1_and_2_with_dataset_expressions to None, run_after=None
[2025-01-28T11:50:57.168+0530] {logging_mixin.py:190} INFO - [2025-01-28T11:50:57.167+0530] {dag.py:4180} INFO - Setting next_dagrun for consume_1_or_2_with_dataset_expressions to None, run_after=None
[2025-01-28T11:50:57.169+0530] {logging_mixin.py:190} INFO - [2025-01-28T11:50:57.169+0530] {dag.py:4180} INFO - Setting next_dagrun for consume_1_or_both_2_and_3_with_dataset_expressions to None, run_after=None
[2025-01-28T11:50:57.169+0530] {logging_mixin.py:190} INFO - [2025-01-28T11:50:57.169+0530] {dag.py:4180} INFO - Setting next_dagrun for dataset_consumes_1 to None, run_after=None
[2025-01-28T11:50:57.170+0530] {logging_mixin.py:190} INFO - [2025-01-28T11:50:57.170+0530] {dag.py:4180} INFO - Setting next_dagrun for dataset_consumes_1_and_2 to None, run_after=None
[2025-01-28T11:50:57.171+0530] {logging_mixin.py:190} INFO - [2025-01-28T11:50:57.171+0530] {dag.py:4180} INFO - Setting next_dagrun for dataset_consumes_1_never_scheduled to None, run_after=None
[2025-01-28T11:50:57.172+0530] {logging_mixin.py:190} INFO - [2025-01-28T11:50:57.172+0530] {dag.py:4180} INFO - Setting next_dagrun for dataset_consumes_unknown_never_scheduled to None, run_after=None
[2025-01-28T11:50:57.173+0530] {logging_mixin.py:190} INFO - [2025-01-28T11:50:57.173+0530] {dag.py:4180} INFO - Setting next_dagrun for dataset_produces_1 to 2025-01-27 00:00:00+00:00, run_after=2025-01-28 00:00:00+00:00
[2025-01-28T11:50:57.174+0530] {logging_mixin.py:190} INFO - [2025-01-28T11:50:57.174+0530] {dag.py:4180} INFO - Setting next_dagrun for dataset_produces_2 to None, run_after=None
[2025-01-28T11:50:57.195+0530] {processor.py:208} INFO - Processing /home/verma-tv/.local/lib/python3.11/site-packages/airflow/example_dags/example_datasets.py took 0.102 seconds
[2025-01-28T11:51:48.205+0530] {processor.py:186} INFO - Started process (PID=20028) to work on /home/verma-tv/.local/lib/python3.11/site-packages/airflow/example_dags/example_datasets.py
[2025-01-28T11:51:48.214+0530] {processor.py:914} INFO - Processing file /home/verma-tv/.local/lib/python3.11/site-packages/airflow/example_dags/example_datasets.py for tasks to queue
[2025-01-28T11:51:48.216+0530] {logging_mixin.py:190} INFO - [2025-01-28T11:51:48.216+0530] {dagbag.py:588} INFO - Filling up the DagBag from /home/verma-tv/.local/lib/python3.11/site-packages/airflow/example_dags/example_datasets.py
[2025-01-28T11:51:48.227+0530] {processor.py:925} INFO - DAG(s) 'dataset_produces_1', 'consume_1_or_2_with_dataset_expressions', 'dataset_consumes_1', 'dataset_produces_2', 'consume_1_or_both_2_and_3_with_dataset_expressions', 'conditional_dataset_and_time_based_timetable', 'consume_1_and_2_with_dataset_expressions', 'dataset_consumes_1_never_scheduled', 'dataset_consumes_1_and_2', 'dataset_consumes_unknown_never_scheduled' retrieved from /home/verma-tv/.local/lib/python3.11/site-packages/airflow/example_dags/example_datasets.py
[2025-01-28T11:51:48.250+0530] {logging_mixin.py:190} INFO - [2025-01-28T11:51:48.250+0530] {dag.py:3239} INFO - Sync 10 DAGs
[2025-01-28T11:51:48.265+0530] {logging_mixin.py:190} INFO - [2025-01-28T11:51:48.265+0530] {dag.py:4180} INFO - Setting next_dagrun for conditional_dataset_and_time_based_timetable to 2025-01-22 01:00:00+00:00, run_after=2025-01-22 01:00:00+00:00
[2025-01-28T11:51:48.267+0530] {logging_mixin.py:190} INFO - [2025-01-28T11:51:48.267+0530] {dag.py:4180} INFO - Setting next_dagrun for consume_1_and_2_with_dataset_expressions to None, run_after=None
[2025-01-28T11:51:48.268+0530] {logging_mixin.py:190} INFO - [2025-01-28T11:51:48.268+0530] {dag.py:4180} INFO - Setting next_dagrun for consume_1_or_2_with_dataset_expressions to None, run_after=None
[2025-01-28T11:51:48.269+0530] {logging_mixin.py:190} INFO - [2025-01-28T11:51:48.268+0530] {dag.py:4180} INFO - Setting next_dagrun for consume_1_or_both_2_and_3_with_dataset_expressions to None, run_after=None
[2025-01-28T11:51:48.269+0530] {logging_mixin.py:190} INFO - [2025-01-28T11:51:48.269+0530] {dag.py:4180} INFO - Setting next_dagrun for dataset_consumes_1 to None, run_after=None
[2025-01-28T11:51:48.270+0530] {logging_mixin.py:190} INFO - [2025-01-28T11:51:48.269+0530] {dag.py:4180} INFO - Setting next_dagrun for dataset_consumes_1_and_2 to None, run_after=None
[2025-01-28T11:51:48.270+0530] {logging_mixin.py:190} INFO - [2025-01-28T11:51:48.270+0530] {dag.py:4180} INFO - Setting next_dagrun for dataset_consumes_1_never_scheduled to None, run_after=None
[2025-01-28T11:51:48.271+0530] {logging_mixin.py:190} INFO - [2025-01-28T11:51:48.270+0530] {dag.py:4180} INFO - Setting next_dagrun for dataset_consumes_unknown_never_scheduled to None, run_after=None
[2025-01-28T11:51:48.272+0530] {logging_mixin.py:190} INFO - [2025-01-28T11:51:48.272+0530] {dag.py:4180} INFO - Setting next_dagrun for dataset_produces_1 to 2025-01-27 00:00:00+00:00, run_after=2025-01-28 00:00:00+00:00
[2025-01-28T11:51:48.272+0530] {logging_mixin.py:190} INFO - [2025-01-28T11:51:48.272+0530] {dag.py:4180} INFO - Setting next_dagrun for dataset_produces_2 to None, run_after=None
[2025-01-28T11:51:48.293+0530] {processor.py:208} INFO - Processing /home/verma-tv/.local/lib/python3.11/site-packages/airflow/example_dags/example_datasets.py took 0.092 seconds
