[2025-01-28T11:40:01.528+0530] {processor.py:186} INFO - Started process (PID=17170) to work on /home/verma-tv/.local/lib/python3.11/site-packages/airflow/example_dags/example_dynamic_task_mapping.py
[2025-01-28T11:40:01.529+0530] {processor.py:914} INFO - Processing file /home/verma-tv/.local/lib/python3.11/site-packages/airflow/example_dags/example_dynamic_task_mapping.py for tasks to queue
[2025-01-28T11:40:01.531+0530] {logging_mixin.py:190} INFO - [2025-01-28T11:40:01.530+0530] {dagbag.py:588} INFO - Filling up the DagBag from /home/verma-tv/.local/lib/python3.11/site-packages/airflow/example_dags/example_dynamic_task_mapping.py
[2025-01-28T11:40:01.537+0530] {processor.py:925} INFO - DAG(s) 'example_dynamic_task_mapping' retrieved from /home/verma-tv/.local/lib/python3.11/site-packages/airflow/example_dags/example_dynamic_task_mapping.py
[2025-01-28T11:40:01.639+0530] {logging_mixin.py:190} INFO - [2025-01-28T11:40:01.638+0530] {override.py:1912} INFO - Created Permission View: can read on DAG:example_dynamic_task_mapping
[2025-01-28T11:40:01.646+0530] {logging_mixin.py:190} INFO - [2025-01-28T11:40:01.646+0530] {override.py:1912} INFO - Created Permission View: can edit on DAG:example_dynamic_task_mapping
[2025-01-28T11:40:01.651+0530] {logging_mixin.py:190} INFO - [2025-01-28T11:40:01.651+0530] {override.py:1912} INFO - Created Permission View: can delete on DAG:example_dynamic_task_mapping
[2025-01-28T11:40:01.658+0530] {logging_mixin.py:190} INFO - [2025-01-28T11:40:01.658+0530] {override.py:1912} INFO - Created Permission View: can read on DAG Run:example_dynamic_task_mapping
[2025-01-28T11:40:01.663+0530] {logging_mixin.py:190} INFO - [2025-01-28T11:40:01.663+0530] {override.py:1912} INFO - Created Permission View: can delete on DAG Run:example_dynamic_task_mapping
[2025-01-28T11:40:01.668+0530] {logging_mixin.py:190} INFO - [2025-01-28T11:40:01.667+0530] {override.py:1912} INFO - Created Permission View: menu access on DAG Run:example_dynamic_task_mapping
[2025-01-28T11:40:01.672+0530] {logging_mixin.py:190} INFO - [2025-01-28T11:40:01.672+0530] {override.py:1912} INFO - Created Permission View: can create on DAG Run:example_dynamic_task_mapping
[2025-01-28T11:40:01.673+0530] {logging_mixin.py:190} INFO - [2025-01-28T11:40:01.673+0530] {dag.py:3239} INFO - Sync 1 DAGs
[2025-01-28T11:40:01.680+0530] {logging_mixin.py:190} INFO - [2025-01-28T11:40:01.680+0530] {dag.py:3262} INFO - Creating ORM DAG for example_dynamic_task_mapping
[2025-01-28T11:40:01.680+0530] {logging_mixin.py:190} INFO - [2025-01-28T11:40:01.680+0530] {dag.py:4180} INFO - Setting next_dagrun for example_dynamic_task_mapping to None, run_after=None
[2025-01-28T11:40:01.692+0530] {processor.py:208} INFO - Processing /home/verma-tv/.local/lib/python3.11/site-packages/airflow/example_dags/example_dynamic_task_mapping.py took 0.168 seconds
[2025-01-28T11:40:59.474+0530] {processor.py:186} INFO - Started process (PID=17363) to work on /home/verma-tv/.local/lib/python3.11/site-packages/airflow/example_dags/example_dynamic_task_mapping.py
[2025-01-28T11:40:59.487+0530] {processor.py:914} INFO - Processing file /home/verma-tv/.local/lib/python3.11/site-packages/airflow/example_dags/example_dynamic_task_mapping.py for tasks to queue
[2025-01-28T11:40:59.490+0530] {logging_mixin.py:190} INFO - [2025-01-28T11:40:59.489+0530] {dagbag.py:588} INFO - Filling up the DagBag from /home/verma-tv/.local/lib/python3.11/site-packages/airflow/example_dags/example_dynamic_task_mapping.py
[2025-01-28T11:40:59.497+0530] {processor.py:925} INFO - DAG(s) 'example_dynamic_task_mapping' retrieved from /home/verma-tv/.local/lib/python3.11/site-packages/airflow/example_dags/example_dynamic_task_mapping.py
[2025-01-28T11:40:59.508+0530] {logging_mixin.py:190} INFO - [2025-01-28T11:40:59.508+0530] {dag.py:3239} INFO - Sync 1 DAGs
[2025-01-28T11:40:59.516+0530] {logging_mixin.py:190} INFO - [2025-01-28T11:40:59.516+0530] {dag.py:4180} INFO - Setting next_dagrun for example_dynamic_task_mapping to None, run_after=None
[2025-01-28T11:40:59.530+0530] {processor.py:208} INFO - Processing /home/verma-tv/.local/lib/python3.11/site-packages/airflow/example_dags/example_dynamic_task_mapping.py took 0.061 seconds
[2025-01-28T11:41:54.858+0530] {processor.py:186} INFO - Started process (PID=17529) to work on /home/verma-tv/.local/lib/python3.11/site-packages/airflow/example_dags/example_dynamic_task_mapping.py
[2025-01-28T11:41:54.858+0530] {processor.py:914} INFO - Processing file /home/verma-tv/.local/lib/python3.11/site-packages/airflow/example_dags/example_dynamic_task_mapping.py for tasks to queue
[2025-01-28T11:41:54.860+0530] {logging_mixin.py:190} INFO - [2025-01-28T11:41:54.860+0530] {dagbag.py:588} INFO - Filling up the DagBag from /home/verma-tv/.local/lib/python3.11/site-packages/airflow/example_dags/example_dynamic_task_mapping.py
[2025-01-28T11:41:54.867+0530] {processor.py:925} INFO - DAG(s) 'example_dynamic_task_mapping' retrieved from /home/verma-tv/.local/lib/python3.11/site-packages/airflow/example_dags/example_dynamic_task_mapping.py
[2025-01-28T11:41:54.878+0530] {logging_mixin.py:190} INFO - [2025-01-28T11:41:54.878+0530] {dag.py:3239} INFO - Sync 1 DAGs
[2025-01-28T11:41:54.887+0530] {logging_mixin.py:190} INFO - [2025-01-28T11:41:54.887+0530] {dag.py:4180} INFO - Setting next_dagrun for example_dynamic_task_mapping to None, run_after=None
[2025-01-28T11:41:54.900+0530] {processor.py:208} INFO - Processing /home/verma-tv/.local/lib/python3.11/site-packages/airflow/example_dags/example_dynamic_task_mapping.py took 0.047 seconds
[2025-01-28T11:42:50.647+0530] {processor.py:186} INFO - Started process (PID=17719) to work on /home/verma-tv/.local/lib/python3.11/site-packages/airflow/example_dags/example_dynamic_task_mapping.py
[2025-01-28T11:42:50.659+0530] {processor.py:914} INFO - Processing file /home/verma-tv/.local/lib/python3.11/site-packages/airflow/example_dags/example_dynamic_task_mapping.py for tasks to queue
[2025-01-28T11:42:50.661+0530] {logging_mixin.py:190} INFO - [2025-01-28T11:42:50.661+0530] {dagbag.py:588} INFO - Filling up the DagBag from /home/verma-tv/.local/lib/python3.11/site-packages/airflow/example_dags/example_dynamic_task_mapping.py
[2025-01-28T11:42:50.668+0530] {processor.py:925} INFO - DAG(s) 'example_dynamic_task_mapping' retrieved from /home/verma-tv/.local/lib/python3.11/site-packages/airflow/example_dags/example_dynamic_task_mapping.py
[2025-01-28T11:42:50.679+0530] {logging_mixin.py:190} INFO - [2025-01-28T11:42:50.679+0530] {dag.py:3239} INFO - Sync 1 DAGs
[2025-01-28T11:42:50.688+0530] {logging_mixin.py:190} INFO - [2025-01-28T11:42:50.688+0530] {dag.py:4180} INFO - Setting next_dagrun for example_dynamic_task_mapping to None, run_after=None
[2025-01-28T11:42:50.703+0530] {processor.py:208} INFO - Processing /home/verma-tv/.local/lib/python3.11/site-packages/airflow/example_dags/example_dynamic_task_mapping.py took 0.060 seconds
[2025-01-28T11:44:06.407+0530] {processor.py:186} INFO - Started process (PID=17928) to work on /home/verma-tv/.local/lib/python3.11/site-packages/airflow/example_dags/example_dynamic_task_mapping.py
[2025-01-28T11:44:06.408+0530] {processor.py:914} INFO - Processing file /home/verma-tv/.local/lib/python3.11/site-packages/airflow/example_dags/example_dynamic_task_mapping.py for tasks to queue
[2025-01-28T11:44:06.409+0530] {logging_mixin.py:190} INFO - [2025-01-28T11:44:06.409+0530] {dagbag.py:588} INFO - Filling up the DagBag from /home/verma-tv/.local/lib/python3.11/site-packages/airflow/example_dags/example_dynamic_task_mapping.py
[2025-01-28T11:44:06.417+0530] {processor.py:925} INFO - DAG(s) 'example_dynamic_task_mapping' retrieved from /home/verma-tv/.local/lib/python3.11/site-packages/airflow/example_dags/example_dynamic_task_mapping.py
[2025-01-28T11:44:06.430+0530] {logging_mixin.py:190} INFO - [2025-01-28T11:44:06.430+0530] {dag.py:3239} INFO - Sync 1 DAGs
[2025-01-28T11:44:06.439+0530] {logging_mixin.py:190} INFO - [2025-01-28T11:44:06.439+0530] {dag.py:4180} INFO - Setting next_dagrun for example_dynamic_task_mapping to None, run_after=None
[2025-01-28T11:44:06.453+0530] {processor.py:208} INFO - Processing /home/verma-tv/.local/lib/python3.11/site-packages/airflow/example_dags/example_dynamic_task_mapping.py took 0.052 seconds
[2025-01-28T11:45:23.606+0530] {processor.py:186} INFO - Started process (PID=18289) to work on /home/verma-tv/.local/lib/python3.11/site-packages/airflow/example_dags/example_dynamic_task_mapping.py
[2025-01-28T11:45:23.618+0530] {processor.py:914} INFO - Processing file /home/verma-tv/.local/lib/python3.11/site-packages/airflow/example_dags/example_dynamic_task_mapping.py for tasks to queue
[2025-01-28T11:45:23.620+0530] {logging_mixin.py:190} INFO - [2025-01-28T11:45:23.620+0530] {dagbag.py:588} INFO - Filling up the DagBag from /home/verma-tv/.local/lib/python3.11/site-packages/airflow/example_dags/example_dynamic_task_mapping.py
[2025-01-28T11:45:23.627+0530] {processor.py:925} INFO - DAG(s) 'example_dynamic_task_mapping' retrieved from /home/verma-tv/.local/lib/python3.11/site-packages/airflow/example_dags/example_dynamic_task_mapping.py
[2025-01-28T11:45:23.642+0530] {logging_mixin.py:190} INFO - [2025-01-28T11:45:23.642+0530] {dag.py:3239} INFO - Sync 1 DAGs
[2025-01-28T11:45:23.654+0530] {logging_mixin.py:190} INFO - [2025-01-28T11:45:23.654+0530] {dag.py:4180} INFO - Setting next_dagrun for example_dynamic_task_mapping to None, run_after=None
[2025-01-28T11:45:23.671+0530] {processor.py:208} INFO - Processing /home/verma-tv/.local/lib/python3.11/site-packages/airflow/example_dags/example_dynamic_task_mapping.py took 0.070 seconds
[2025-01-28T11:46:18.919+0530] {processor.py:186} INFO - Started process (PID=18455) to work on /home/verma-tv/.local/lib/python3.11/site-packages/airflow/example_dags/example_dynamic_task_mapping.py
[2025-01-28T11:46:18.933+0530] {processor.py:914} INFO - Processing file /home/verma-tv/.local/lib/python3.11/site-packages/airflow/example_dags/example_dynamic_task_mapping.py for tasks to queue
[2025-01-28T11:46:18.935+0530] {logging_mixin.py:190} INFO - [2025-01-28T11:46:18.935+0530] {dagbag.py:588} INFO - Filling up the DagBag from /home/verma-tv/.local/lib/python3.11/site-packages/airflow/example_dags/example_dynamic_task_mapping.py
[2025-01-28T11:46:18.945+0530] {processor.py:925} INFO - DAG(s) 'example_dynamic_task_mapping' retrieved from /home/verma-tv/.local/lib/python3.11/site-packages/airflow/example_dags/example_dynamic_task_mapping.py
[2025-01-28T11:46:18.959+0530] {logging_mixin.py:190} INFO - [2025-01-28T11:46:18.959+0530] {dag.py:3239} INFO - Sync 1 DAGs
[2025-01-28T11:46:18.967+0530] {logging_mixin.py:190} INFO - [2025-01-28T11:46:18.967+0530] {dag.py:4180} INFO - Setting next_dagrun for example_dynamic_task_mapping to None, run_after=None
[2025-01-28T11:46:18.985+0530] {processor.py:208} INFO - Processing /home/verma-tv/.local/lib/python3.11/site-packages/airflow/example_dags/example_dynamic_task_mapping.py took 0.071 seconds
[2025-01-28T11:47:34.079+0530] {processor.py:186} INFO - Started process (PID=18892) to work on /home/verma-tv/.local/lib/python3.11/site-packages/airflow/example_dags/example_dynamic_task_mapping.py
[2025-01-28T11:47:34.091+0530] {processor.py:914} INFO - Processing file /home/verma-tv/.local/lib/python3.11/site-packages/airflow/example_dags/example_dynamic_task_mapping.py for tasks to queue
[2025-01-28T11:47:34.094+0530] {logging_mixin.py:190} INFO - [2025-01-28T11:47:34.094+0530] {dagbag.py:588} INFO - Filling up the DagBag from /home/verma-tv/.local/lib/python3.11/site-packages/airflow/example_dags/example_dynamic_task_mapping.py
[2025-01-28T11:47:34.102+0530] {processor.py:925} INFO - DAG(s) 'example_dynamic_task_mapping' retrieved from /home/verma-tv/.local/lib/python3.11/site-packages/airflow/example_dags/example_dynamic_task_mapping.py
[2025-01-28T11:47:34.114+0530] {logging_mixin.py:190} INFO - [2025-01-28T11:47:34.114+0530] {dag.py:3239} INFO - Sync 1 DAGs
[2025-01-28T11:47:34.125+0530] {logging_mixin.py:190} INFO - [2025-01-28T11:47:34.125+0530] {dag.py:4180} INFO - Setting next_dagrun for example_dynamic_task_mapping to None, run_after=None
[2025-01-28T11:47:34.142+0530] {processor.py:208} INFO - Processing /home/verma-tv/.local/lib/python3.11/site-packages/airflow/example_dags/example_dynamic_task_mapping.py took 0.067 seconds
[2025-01-28T11:48:26.766+0530] {processor.py:186} INFO - Started process (PID=19109) to work on /home/verma-tv/.local/lib/python3.11/site-packages/airflow/example_dags/example_dynamic_task_mapping.py
[2025-01-28T11:48:26.778+0530] {processor.py:914} INFO - Processing file /home/verma-tv/.local/lib/python3.11/site-packages/airflow/example_dags/example_dynamic_task_mapping.py for tasks to queue
[2025-01-28T11:48:26.780+0530] {logging_mixin.py:190} INFO - [2025-01-28T11:48:26.780+0530] {dagbag.py:588} INFO - Filling up the DagBag from /home/verma-tv/.local/lib/python3.11/site-packages/airflow/example_dags/example_dynamic_task_mapping.py
[2025-01-28T11:48:26.787+0530] {processor.py:925} INFO - DAG(s) 'example_dynamic_task_mapping' retrieved from /home/verma-tv/.local/lib/python3.11/site-packages/airflow/example_dags/example_dynamic_task_mapping.py
[2025-01-28T11:48:26.799+0530] {logging_mixin.py:190} INFO - [2025-01-28T11:48:26.799+0530] {dag.py:3239} INFO - Sync 1 DAGs
[2025-01-28T11:48:26.809+0530] {logging_mixin.py:190} INFO - [2025-01-28T11:48:26.808+0530] {dag.py:4180} INFO - Setting next_dagrun for example_dynamic_task_mapping to None, run_after=None
[2025-01-28T11:48:26.825+0530] {processor.py:208} INFO - Processing /home/verma-tv/.local/lib/python3.11/site-packages/airflow/example_dags/example_dynamic_task_mapping.py took 0.065 seconds
[2025-01-28T11:49:18.272+0530] {processor.py:186} INFO - Started process (PID=19436) to work on /home/verma-tv/.local/lib/python3.11/site-packages/airflow/example_dags/example_dynamic_task_mapping.py
[2025-01-28T11:49:18.273+0530] {processor.py:914} INFO - Processing file /home/verma-tv/.local/lib/python3.11/site-packages/airflow/example_dags/example_dynamic_task_mapping.py for tasks to queue
[2025-01-28T11:49:18.275+0530] {logging_mixin.py:190} INFO - [2025-01-28T11:49:18.275+0530] {dagbag.py:588} INFO - Filling up the DagBag from /home/verma-tv/.local/lib/python3.11/site-packages/airflow/example_dags/example_dynamic_task_mapping.py
[2025-01-28T11:49:18.283+0530] {processor.py:925} INFO - DAG(s) 'example_dynamic_task_mapping' retrieved from /home/verma-tv/.local/lib/python3.11/site-packages/airflow/example_dags/example_dynamic_task_mapping.py
[2025-01-28T11:49:18.295+0530] {logging_mixin.py:190} INFO - [2025-01-28T11:49:18.295+0530] {dag.py:3239} INFO - Sync 1 DAGs
[2025-01-28T11:49:18.304+0530] {logging_mixin.py:190} INFO - [2025-01-28T11:49:18.304+0530] {dag.py:4180} INFO - Setting next_dagrun for example_dynamic_task_mapping to None, run_after=None
[2025-01-28T11:49:18.319+0530] {processor.py:208} INFO - Processing /home/verma-tv/.local/lib/python3.11/site-packages/airflow/example_dags/example_dynamic_task_mapping.py took 0.052 seconds
[2025-01-28T11:50:30.254+0530] {processor.py:186} INFO - Started process (PID=19788) to work on /home/verma-tv/.local/lib/python3.11/site-packages/airflow/example_dags/example_dynamic_task_mapping.py
[2025-01-28T11:50:30.268+0530] {processor.py:914} INFO - Processing file /home/verma-tv/.local/lib/python3.11/site-packages/airflow/example_dags/example_dynamic_task_mapping.py for tasks to queue
[2025-01-28T11:50:30.270+0530] {logging_mixin.py:190} INFO - [2025-01-28T11:50:30.269+0530] {dagbag.py:588} INFO - Filling up the DagBag from /home/verma-tv/.local/lib/python3.11/site-packages/airflow/example_dags/example_dynamic_task_mapping.py
[2025-01-28T11:50:30.277+0530] {processor.py:925} INFO - DAG(s) 'example_dynamic_task_mapping' retrieved from /home/verma-tv/.local/lib/python3.11/site-packages/airflow/example_dags/example_dynamic_task_mapping.py
[2025-01-28T11:50:30.288+0530] {logging_mixin.py:190} INFO - [2025-01-28T11:50:30.288+0530] {dag.py:3239} INFO - Sync 1 DAGs
[2025-01-28T11:50:30.296+0530] {logging_mixin.py:190} INFO - [2025-01-28T11:50:30.296+0530] {dag.py:4180} INFO - Setting next_dagrun for example_dynamic_task_mapping to None, run_after=None
[2025-01-28T11:50:30.310+0530] {processor.py:208} INFO - Processing /home/verma-tv/.local/lib/python3.11/site-packages/airflow/example_dags/example_dynamic_task_mapping.py took 0.061 seconds
[2025-01-28T11:51:22.593+0530] {processor.py:186} INFO - Started process (PID=19964) to work on /home/verma-tv/.local/lib/python3.11/site-packages/airflow/example_dags/example_dynamic_task_mapping.py
[2025-01-28T11:51:22.605+0530] {processor.py:914} INFO - Processing file /home/verma-tv/.local/lib/python3.11/site-packages/airflow/example_dags/example_dynamic_task_mapping.py for tasks to queue
[2025-01-28T11:51:22.607+0530] {logging_mixin.py:190} INFO - [2025-01-28T11:51:22.607+0530] {dagbag.py:588} INFO - Filling up the DagBag from /home/verma-tv/.local/lib/python3.11/site-packages/airflow/example_dags/example_dynamic_task_mapping.py
[2025-01-28T11:51:22.614+0530] {processor.py:925} INFO - DAG(s) 'example_dynamic_task_mapping' retrieved from /home/verma-tv/.local/lib/python3.11/site-packages/airflow/example_dags/example_dynamic_task_mapping.py
[2025-01-28T11:51:22.625+0530] {logging_mixin.py:190} INFO - [2025-01-28T11:51:22.625+0530] {dag.py:3239} INFO - Sync 1 DAGs
[2025-01-28T11:51:22.633+0530] {logging_mixin.py:190} INFO - [2025-01-28T11:51:22.633+0530] {dag.py:4180} INFO - Setting next_dagrun for example_dynamic_task_mapping to None, run_after=None
[2025-01-28T11:51:22.646+0530] {processor.py:208} INFO - Processing /home/verma-tv/.local/lib/python3.11/site-packages/airflow/example_dags/example_dynamic_task_mapping.py took 0.059 seconds
