[2025-01-28T11:39:51.887+0530] {processor.py:186} INFO - Started process (PID=17154) to work on /home/verma-tv/.local/lib/python3.11/site-packages/airflow/example_dags/example_dataset_alias_with_no_taskflow.py
[2025-01-28T11:39:51.888+0530] {processor.py:914} INFO - Processing file /home/verma-tv/.local/lib/python3.11/site-packages/airflow/example_dags/example_dataset_alias_with_no_taskflow.py for tasks to queue
[2025-01-28T11:39:51.890+0530] {logging_mixin.py:190} INFO - [2025-01-28T11:39:51.889+0530] {dagbag.py:588} INFO - Filling up the DagBag from /home/verma-tv/.local/lib/python3.11/site-packages/airflow/example_dags/example_dataset_alias_with_no_taskflow.py
[2025-01-28T11:39:51.903+0530] {processor.py:925} INFO - DAG(s) 'dataset_s3_bucket_consumer_with_no_taskflow', 'dataset_s3_bucket_producer_with_no_taskflow', 'dataset_alias_example_alias_consumer_with_no_taskflow', 'dataset_alias_example_alias_producer_with_no_taskflow' retrieved from /home/verma-tv/.local/lib/python3.11/site-packages/airflow/example_dags/example_dataset_alias_with_no_taskflow.py
[2025-01-28T11:39:52.003+0530] {logging_mixin.py:190} INFO - [2025-01-28T11:39:52.003+0530] {override.py:1912} INFO - Created Permission View: can read on DAG:dataset_s3_bucket_consumer_with_no_taskflow
[2025-01-28T11:39:52.010+0530] {logging_mixin.py:190} INFO - [2025-01-28T11:39:52.010+0530] {override.py:1912} INFO - Created Permission View: can edit on DAG:dataset_s3_bucket_consumer_with_no_taskflow
[2025-01-28T11:39:52.015+0530] {logging_mixin.py:190} INFO - [2025-01-28T11:39:52.015+0530] {override.py:1912} INFO - Created Permission View: can delete on DAG:dataset_s3_bucket_consumer_with_no_taskflow
[2025-01-28T11:39:52.022+0530] {logging_mixin.py:190} INFO - [2025-01-28T11:39:52.022+0530] {override.py:1912} INFO - Created Permission View: can read on DAG Run:dataset_s3_bucket_consumer_with_no_taskflow
[2025-01-28T11:39:52.027+0530] {logging_mixin.py:190} INFO - [2025-01-28T11:39:52.026+0530] {override.py:1912} INFO - Created Permission View: can delete on DAG Run:dataset_s3_bucket_consumer_with_no_taskflow
[2025-01-28T11:39:52.031+0530] {logging_mixin.py:190} INFO - [2025-01-28T11:39:52.031+0530] {override.py:1912} INFO - Created Permission View: menu access on DAG Run:dataset_s3_bucket_consumer_with_no_taskflow
[2025-01-28T11:39:52.036+0530] {logging_mixin.py:190} INFO - [2025-01-28T11:39:52.036+0530] {override.py:1912} INFO - Created Permission View: can create on DAG Run:dataset_s3_bucket_consumer_with_no_taskflow
[2025-01-28T11:39:52.046+0530] {logging_mixin.py:190} INFO - [2025-01-28T11:39:52.046+0530] {override.py:1912} INFO - Created Permission View: can read on DAG:dataset_s3_bucket_producer_with_no_taskflow
[2025-01-28T11:39:52.050+0530] {logging_mixin.py:190} INFO - [2025-01-28T11:39:52.050+0530] {override.py:1912} INFO - Created Permission View: can edit on DAG:dataset_s3_bucket_producer_with_no_taskflow
[2025-01-28T11:39:52.055+0530] {logging_mixin.py:190} INFO - [2025-01-28T11:39:52.055+0530] {override.py:1912} INFO - Created Permission View: can delete on DAG:dataset_s3_bucket_producer_with_no_taskflow
[2025-01-28T11:39:52.063+0530] {logging_mixin.py:190} INFO - [2025-01-28T11:39:52.063+0530] {override.py:1912} INFO - Created Permission View: can read on DAG Run:dataset_s3_bucket_producer_with_no_taskflow
[2025-01-28T11:39:52.069+0530] {logging_mixin.py:190} INFO - [2025-01-28T11:39:52.069+0530] {override.py:1912} INFO - Created Permission View: can delete on DAG Run:dataset_s3_bucket_producer_with_no_taskflow
[2025-01-28T11:39:52.075+0530] {logging_mixin.py:190} INFO - [2025-01-28T11:39:52.075+0530] {override.py:1912} INFO - Created Permission View: menu access on DAG Run:dataset_s3_bucket_producer_with_no_taskflow
[2025-01-28T11:39:52.080+0530] {logging_mixin.py:190} INFO - [2025-01-28T11:39:52.080+0530] {override.py:1912} INFO - Created Permission View: can create on DAG Run:dataset_s3_bucket_producer_with_no_taskflow
[2025-01-28T11:39:52.092+0530] {logging_mixin.py:190} INFO - [2025-01-28T11:39:52.091+0530] {override.py:1912} INFO - Created Permission View: can read on DAG:dataset_alias_example_alias_consumer_with_no_taskflow
[2025-01-28T11:39:52.098+0530] {logging_mixin.py:190} INFO - [2025-01-28T11:39:52.097+0530] {override.py:1912} INFO - Created Permission View: can edit on DAG:dataset_alias_example_alias_consumer_with_no_taskflow
[2025-01-28T11:39:52.103+0530] {logging_mixin.py:190} INFO - [2025-01-28T11:39:52.103+0530] {override.py:1912} INFO - Created Permission View: can delete on DAG:dataset_alias_example_alias_consumer_with_no_taskflow
[2025-01-28T11:39:52.114+0530] {logging_mixin.py:190} INFO - [2025-01-28T11:39:52.114+0530] {override.py:1912} INFO - Created Permission View: can read on DAG Run:dataset_alias_example_alias_consumer_with_no_taskflow
[2025-01-28T11:39:52.119+0530] {logging_mixin.py:190} INFO - [2025-01-28T11:39:52.118+0530] {override.py:1912} INFO - Created Permission View: can delete on DAG Run:dataset_alias_example_alias_consumer_with_no_taskflow
[2025-01-28T11:39:52.123+0530] {logging_mixin.py:190} INFO - [2025-01-28T11:39:52.123+0530] {override.py:1912} INFO - Created Permission View: menu access on DAG Run:dataset_alias_example_alias_consumer_with_no_taskflow
[2025-01-28T11:39:52.128+0530] {logging_mixin.py:190} INFO - [2025-01-28T11:39:52.128+0530] {override.py:1912} INFO - Created Permission View: can create on DAG Run:dataset_alias_example_alias_consumer_with_no_taskflow
[2025-01-28T11:39:52.139+0530] {logging_mixin.py:190} INFO - [2025-01-28T11:39:52.139+0530] {override.py:1912} INFO - Created Permission View: can read on DAG:dataset_alias_example_alias_producer_with_no_taskflow
[2025-01-28T11:39:52.145+0530] {logging_mixin.py:190} INFO - [2025-01-28T11:39:52.144+0530] {override.py:1912} INFO - Created Permission View: can edit on DAG:dataset_alias_example_alias_producer_with_no_taskflow
[2025-01-28T11:39:52.151+0530] {logging_mixin.py:190} INFO - [2025-01-28T11:39:52.150+0530] {override.py:1912} INFO - Created Permission View: can delete on DAG:dataset_alias_example_alias_producer_with_no_taskflow
[2025-01-28T11:39:52.159+0530] {logging_mixin.py:190} INFO - [2025-01-28T11:39:52.158+0530] {override.py:1912} INFO - Created Permission View: can read on DAG Run:dataset_alias_example_alias_producer_with_no_taskflow
[2025-01-28T11:39:52.163+0530] {logging_mixin.py:190} INFO - [2025-01-28T11:39:52.163+0530] {override.py:1912} INFO - Created Permission View: can delete on DAG Run:dataset_alias_example_alias_producer_with_no_taskflow
[2025-01-28T11:39:52.168+0530] {logging_mixin.py:190} INFO - [2025-01-28T11:39:52.168+0530] {override.py:1912} INFO - Created Permission View: menu access on DAG Run:dataset_alias_example_alias_producer_with_no_taskflow
[2025-01-28T11:39:52.173+0530] {logging_mixin.py:190} INFO - [2025-01-28T11:39:52.172+0530] {override.py:1912} INFO - Created Permission View: can create on DAG Run:dataset_alias_example_alias_producer_with_no_taskflow
[2025-01-28T11:39:52.173+0530] {logging_mixin.py:190} INFO - [2025-01-28T11:39:52.173+0530] {dag.py:3239} INFO - Sync 4 DAGs
[2025-01-28T11:39:52.180+0530] {logging_mixin.py:190} INFO - [2025-01-28T11:39:52.180+0530] {dag.py:3262} INFO - Creating ORM DAG for dataset_s3_bucket_producer_with_no_taskflow
[2025-01-28T11:39:52.181+0530] {logging_mixin.py:190} INFO - [2025-01-28T11:39:52.180+0530] {dag.py:3262} INFO - Creating ORM DAG for dataset_alias_example_alias_consumer_with_no_taskflow
[2025-01-28T11:39:52.181+0530] {logging_mixin.py:190} INFO - [2025-01-28T11:39:52.181+0530] {dag.py:3262} INFO - Creating ORM DAG for dataset_s3_bucket_consumer_with_no_taskflow
[2025-01-28T11:39:52.181+0530] {logging_mixin.py:190} INFO - [2025-01-28T11:39:52.181+0530] {dag.py:3262} INFO - Creating ORM DAG for dataset_alias_example_alias_producer_with_no_taskflow
[2025-01-28T11:39:52.186+0530] {logging_mixin.py:190} INFO - [2025-01-28T11:39:52.186+0530] {dag.py:4180} INFO - Setting next_dagrun for dataset_alias_example_alias_consumer_with_no_taskflow to None, run_after=None
[2025-01-28T11:39:52.187+0530] {logging_mixin.py:190} INFO - [2025-01-28T11:39:52.187+0530] {dag.py:4180} INFO - Setting next_dagrun for dataset_alias_example_alias_producer_with_no_taskflow to None, run_after=None
[2025-01-28T11:39:52.187+0530] {logging_mixin.py:190} INFO - [2025-01-28T11:39:52.187+0530] {dag.py:4180} INFO - Setting next_dagrun for dataset_s3_bucket_consumer_with_no_taskflow to None, run_after=None
[2025-01-28T11:39:52.187+0530] {logging_mixin.py:190} INFO - [2025-01-28T11:39:52.187+0530] {dag.py:4180} INFO - Setting next_dagrun for dataset_s3_bucket_producer_with_no_taskflow to None, run_after=None
[2025-01-28T11:39:52.205+0530] {processor.py:208} INFO - Processing /home/verma-tv/.local/lib/python3.11/site-packages/airflow/example_dags/example_dataset_alias_with_no_taskflow.py took 0.323 seconds
[2025-01-28T11:40:52.593+0530] {processor.py:186} INFO - Started process (PID=17347) to work on /home/verma-tv/.local/lib/python3.11/site-packages/airflow/example_dags/example_dataset_alias_with_no_taskflow.py
[2025-01-28T11:40:52.596+0530] {processor.py:914} INFO - Processing file /home/verma-tv/.local/lib/python3.11/site-packages/airflow/example_dags/example_dataset_alias_with_no_taskflow.py for tasks to queue
[2025-01-28T11:40:52.597+0530] {logging_mixin.py:190} INFO - [2025-01-28T11:40:52.597+0530] {dagbag.py:588} INFO - Filling up the DagBag from /home/verma-tv/.local/lib/python3.11/site-packages/airflow/example_dags/example_dataset_alias_with_no_taskflow.py
[2025-01-28T11:40:52.616+0530] {processor.py:925} INFO - DAG(s) 'dataset_alias_example_alias_consumer_with_no_taskflow', 'dataset_s3_bucket_consumer_with_no_taskflow', 'dataset_s3_bucket_producer_with_no_taskflow', 'dataset_alias_example_alias_producer_with_no_taskflow' retrieved from /home/verma-tv/.local/lib/python3.11/site-packages/airflow/example_dags/example_dataset_alias_with_no_taskflow.py
[2025-01-28T11:40:52.632+0530] {logging_mixin.py:190} INFO - [2025-01-28T11:40:52.631+0530] {dag.py:3239} INFO - Sync 4 DAGs
[2025-01-28T11:40:52.646+0530] {logging_mixin.py:190} INFO - [2025-01-28T11:40:52.646+0530] {dag.py:4180} INFO - Setting next_dagrun for dataset_alias_example_alias_consumer_with_no_taskflow to None, run_after=None
[2025-01-28T11:40:52.648+0530] {logging_mixin.py:190} INFO - [2025-01-28T11:40:52.648+0530] {dag.py:4180} INFO - Setting next_dagrun for dataset_alias_example_alias_producer_with_no_taskflow to None, run_after=None
[2025-01-28T11:40:52.649+0530] {logging_mixin.py:190} INFO - [2025-01-28T11:40:52.649+0530] {dag.py:4180} INFO - Setting next_dagrun for dataset_s3_bucket_consumer_with_no_taskflow to None, run_after=None
[2025-01-28T11:40:52.650+0530] {logging_mixin.py:190} INFO - [2025-01-28T11:40:52.650+0530] {dag.py:4180} INFO - Setting next_dagrun for dataset_s3_bucket_producer_with_no_taskflow to None, run_after=None
[2025-01-28T11:40:52.669+0530] {processor.py:208} INFO - Processing /home/verma-tv/.local/lib/python3.11/site-packages/airflow/example_dags/example_dataset_alias_with_no_taskflow.py took 0.081 seconds
[2025-01-28T11:41:46.458+0530] {processor.py:186} INFO - Started process (PID=17513) to work on /home/verma-tv/.local/lib/python3.11/site-packages/airflow/example_dags/example_dataset_alias_with_no_taskflow.py
[2025-01-28T11:41:46.471+0530] {processor.py:914} INFO - Processing file /home/verma-tv/.local/lib/python3.11/site-packages/airflow/example_dags/example_dataset_alias_with_no_taskflow.py for tasks to queue
[2025-01-28T11:41:46.473+0530] {logging_mixin.py:190} INFO - [2025-01-28T11:41:46.472+0530] {dagbag.py:588} INFO - Filling up the DagBag from /home/verma-tv/.local/lib/python3.11/site-packages/airflow/example_dags/example_dataset_alias_with_no_taskflow.py
[2025-01-28T11:41:46.489+0530] {processor.py:925} INFO - DAG(s) 'dataset_alias_example_alias_producer_with_no_taskflow', 'dataset_s3_bucket_consumer_with_no_taskflow', 'dataset_alias_example_alias_consumer_with_no_taskflow', 'dataset_s3_bucket_producer_with_no_taskflow' retrieved from /home/verma-tv/.local/lib/python3.11/site-packages/airflow/example_dags/example_dataset_alias_with_no_taskflow.py
[2025-01-28T11:41:46.505+0530] {logging_mixin.py:190} INFO - [2025-01-28T11:41:46.505+0530] {dag.py:3239} INFO - Sync 4 DAGs
[2025-01-28T11:41:46.519+0530] {logging_mixin.py:190} INFO - [2025-01-28T11:41:46.519+0530] {dag.py:4180} INFO - Setting next_dagrun for dataset_alias_example_alias_consumer_with_no_taskflow to None, run_after=None
[2025-01-28T11:41:46.521+0530] {logging_mixin.py:190} INFO - [2025-01-28T11:41:46.521+0530] {dag.py:4180} INFO - Setting next_dagrun for dataset_alias_example_alias_producer_with_no_taskflow to None, run_after=None
[2025-01-28T11:41:46.522+0530] {logging_mixin.py:190} INFO - [2025-01-28T11:41:46.521+0530] {dag.py:4180} INFO - Setting next_dagrun for dataset_s3_bucket_consumer_with_no_taskflow to None, run_after=None
[2025-01-28T11:41:46.522+0530] {logging_mixin.py:190} INFO - [2025-01-28T11:41:46.522+0530] {dag.py:4180} INFO - Setting next_dagrun for dataset_s3_bucket_producer_with_no_taskflow to None, run_after=None
[2025-01-28T11:41:46.542+0530] {processor.py:208} INFO - Processing /home/verma-tv/.local/lib/python3.11/site-packages/airflow/example_dags/example_dataset_alias_with_no_taskflow.py took 0.088 seconds
[2025-01-28T11:42:43.275+0530] {processor.py:186} INFO - Started process (PID=17707) to work on /home/verma-tv/.local/lib/python3.11/site-packages/airflow/example_dags/example_dataset_alias_with_no_taskflow.py
[2025-01-28T11:42:43.288+0530] {processor.py:914} INFO - Processing file /home/verma-tv/.local/lib/python3.11/site-packages/airflow/example_dags/example_dataset_alias_with_no_taskflow.py for tasks to queue
[2025-01-28T11:42:43.290+0530] {logging_mixin.py:190} INFO - [2025-01-28T11:42:43.290+0530] {dagbag.py:588} INFO - Filling up the DagBag from /home/verma-tv/.local/lib/python3.11/site-packages/airflow/example_dags/example_dataset_alias_with_no_taskflow.py
[2025-01-28T11:42:43.307+0530] {processor.py:925} INFO - DAG(s) 'dataset_alias_example_alias_consumer_with_no_taskflow', 'dataset_s3_bucket_consumer_with_no_taskflow', 'dataset_s3_bucket_producer_with_no_taskflow', 'dataset_alias_example_alias_producer_with_no_taskflow' retrieved from /home/verma-tv/.local/lib/python3.11/site-packages/airflow/example_dags/example_dataset_alias_with_no_taskflow.py
[2025-01-28T11:42:43.320+0530] {logging_mixin.py:190} INFO - [2025-01-28T11:42:43.320+0530] {dag.py:3239} INFO - Sync 4 DAGs
[2025-01-28T11:42:43.334+0530] {logging_mixin.py:190} INFO - [2025-01-28T11:42:43.334+0530] {dag.py:4180} INFO - Setting next_dagrun for dataset_alias_example_alias_consumer_with_no_taskflow to None, run_after=None
[2025-01-28T11:42:43.336+0530] {logging_mixin.py:190} INFO - [2025-01-28T11:42:43.336+0530] {dag.py:4180} INFO - Setting next_dagrun for dataset_alias_example_alias_producer_with_no_taskflow to None, run_after=None
[2025-01-28T11:42:43.336+0530] {logging_mixin.py:190} INFO - [2025-01-28T11:42:43.336+0530] {dag.py:4180} INFO - Setting next_dagrun for dataset_s3_bucket_consumer_with_no_taskflow to None, run_after=None
[2025-01-28T11:42:43.337+0530] {logging_mixin.py:190} INFO - [2025-01-28T11:42:43.337+0530] {dag.py:4180} INFO - Setting next_dagrun for dataset_s3_bucket_producer_with_no_taskflow to None, run_after=None
[2025-01-28T11:42:43.353+0530] {processor.py:208} INFO - Processing /home/verma-tv/.local/lib/python3.11/site-packages/airflow/example_dags/example_dataset_alias_with_no_taskflow.py took 0.082 seconds
[2025-01-28T11:43:33.556+0530] {processor.py:186} INFO - Started process (PID=17867) to work on /home/verma-tv/.local/lib/python3.11/site-packages/airflow/example_dags/example_dataset_alias_with_no_taskflow.py
[2025-01-28T11:43:33.569+0530] {processor.py:914} INFO - Processing file /home/verma-tv/.local/lib/python3.11/site-packages/airflow/example_dags/example_dataset_alias_with_no_taskflow.py for tasks to queue
[2025-01-28T11:43:33.571+0530] {logging_mixin.py:190} INFO - [2025-01-28T11:43:33.571+0530] {dagbag.py:588} INFO - Filling up the DagBag from /home/verma-tv/.local/lib/python3.11/site-packages/airflow/example_dags/example_dataset_alias_with_no_taskflow.py
[2025-01-28T11:43:33.588+0530] {processor.py:925} INFO - DAG(s) 'dataset_alias_example_alias_consumer_with_no_taskflow', 'dataset_s3_bucket_producer_with_no_taskflow', 'dataset_s3_bucket_consumer_with_no_taskflow', 'dataset_alias_example_alias_producer_with_no_taskflow' retrieved from /home/verma-tv/.local/lib/python3.11/site-packages/airflow/example_dags/example_dataset_alias_with_no_taskflow.py
[2025-01-28T11:43:33.603+0530] {logging_mixin.py:190} INFO - [2025-01-28T11:43:33.603+0530] {dag.py:3239} INFO - Sync 4 DAGs
[2025-01-28T11:43:33.616+0530] {logging_mixin.py:190} INFO - [2025-01-28T11:43:33.616+0530] {dag.py:4180} INFO - Setting next_dagrun for dataset_alias_example_alias_consumer_with_no_taskflow to None, run_after=None
[2025-01-28T11:43:33.618+0530] {logging_mixin.py:190} INFO - [2025-01-28T11:43:33.618+0530] {dag.py:4180} INFO - Setting next_dagrun for dataset_alias_example_alias_producer_with_no_taskflow to None, run_after=None
[2025-01-28T11:43:33.618+0530] {logging_mixin.py:190} INFO - [2025-01-28T11:43:33.618+0530] {dag.py:4180} INFO - Setting next_dagrun for dataset_s3_bucket_consumer_with_no_taskflow to None, run_after=None
[2025-01-28T11:43:33.619+0530] {logging_mixin.py:190} INFO - [2025-01-28T11:43:33.619+0530] {dag.py:4180} INFO - Setting next_dagrun for dataset_s3_bucket_producer_with_no_taskflow to None, run_after=None
[2025-01-28T11:43:33.634+0530] {processor.py:208} INFO - Processing /home/verma-tv/.local/lib/python3.11/site-packages/airflow/example_dags/example_dataset_alias_with_no_taskflow.py took 0.082 seconds
[2025-01-28T11:44:23.119+0530] {processor.py:186} INFO - Started process (PID=18083) to work on /home/verma-tv/.local/lib/python3.11/site-packages/airflow/example_dags/example_dataset_alias_with_no_taskflow.py
[2025-01-28T11:44:23.131+0530] {processor.py:914} INFO - Processing file /home/verma-tv/.local/lib/python3.11/site-packages/airflow/example_dags/example_dataset_alias_with_no_taskflow.py for tasks to queue
[2025-01-28T11:44:23.133+0530] {logging_mixin.py:190} INFO - [2025-01-28T11:44:23.133+0530] {dagbag.py:588} INFO - Filling up the DagBag from /home/verma-tv/.local/lib/python3.11/site-packages/airflow/example_dags/example_dataset_alias_with_no_taskflow.py
[2025-01-28T11:44:23.149+0530] {processor.py:925} INFO - DAG(s) 'dataset_alias_example_alias_producer_with_no_taskflow', 'dataset_s3_bucket_producer_with_no_taskflow', 'dataset_alias_example_alias_consumer_with_no_taskflow', 'dataset_s3_bucket_consumer_with_no_taskflow' retrieved from /home/verma-tv/.local/lib/python3.11/site-packages/airflow/example_dags/example_dataset_alias_with_no_taskflow.py
[2025-01-28T11:44:23.165+0530] {logging_mixin.py:190} INFO - [2025-01-28T11:44:23.165+0530] {dag.py:3239} INFO - Sync 4 DAGs
[2025-01-28T11:44:23.179+0530] {logging_mixin.py:190} INFO - [2025-01-28T11:44:23.179+0530] {dag.py:4180} INFO - Setting next_dagrun for dataset_alias_example_alias_consumer_with_no_taskflow to None, run_after=None
[2025-01-28T11:44:23.180+0530] {logging_mixin.py:190} INFO - [2025-01-28T11:44:23.180+0530] {dag.py:4180} INFO - Setting next_dagrun for dataset_alias_example_alias_producer_with_no_taskflow to None, run_after=None
[2025-01-28T11:44:23.181+0530] {logging_mixin.py:190} INFO - [2025-01-28T11:44:23.181+0530] {dag.py:4180} INFO - Setting next_dagrun for dataset_s3_bucket_consumer_with_no_taskflow to None, run_after=None
[2025-01-28T11:44:23.181+0530] {logging_mixin.py:190} INFO - [2025-01-28T11:44:23.181+0530] {dag.py:4180} INFO - Setting next_dagrun for dataset_s3_bucket_producer_with_no_taskflow to None, run_after=None
[2025-01-28T11:44:23.197+0530] {processor.py:208} INFO - Processing /home/verma-tv/.local/lib/python3.11/site-packages/airflow/example_dags/example_dataset_alias_with_no_taskflow.py took 0.083 seconds
[2025-01-28T11:45:14.803+0530] {processor.py:186} INFO - Started process (PID=18273) to work on /home/verma-tv/.local/lib/python3.11/site-packages/airflow/example_dags/example_dataset_alias_with_no_taskflow.py
[2025-01-28T11:45:14.817+0530] {processor.py:914} INFO - Processing file /home/verma-tv/.local/lib/python3.11/site-packages/airflow/example_dags/example_dataset_alias_with_no_taskflow.py for tasks to queue
[2025-01-28T11:45:14.822+0530] {logging_mixin.py:190} INFO - [2025-01-28T11:45:14.822+0530] {dagbag.py:588} INFO - Filling up the DagBag from /home/verma-tv/.local/lib/python3.11/site-packages/airflow/example_dags/example_dataset_alias_with_no_taskflow.py
[2025-01-28T11:45:14.842+0530] {processor.py:925} INFO - DAG(s) 'dataset_s3_bucket_producer_with_no_taskflow', 'dataset_s3_bucket_consumer_with_no_taskflow', 'dataset_alias_example_alias_producer_with_no_taskflow', 'dataset_alias_example_alias_consumer_with_no_taskflow' retrieved from /home/verma-tv/.local/lib/python3.11/site-packages/airflow/example_dags/example_dataset_alias_with_no_taskflow.py
[2025-01-28T11:45:14.860+0530] {logging_mixin.py:190} INFO - [2025-01-28T11:45:14.860+0530] {dag.py:3239} INFO - Sync 4 DAGs
[2025-01-28T11:45:14.876+0530] {logging_mixin.py:190} INFO - [2025-01-28T11:45:14.876+0530] {dag.py:4180} INFO - Setting next_dagrun for dataset_alias_example_alias_consumer_with_no_taskflow to None, run_after=None
[2025-01-28T11:45:14.878+0530] {logging_mixin.py:190} INFO - [2025-01-28T11:45:14.878+0530] {dag.py:4180} INFO - Setting next_dagrun for dataset_alias_example_alias_producer_with_no_taskflow to None, run_after=None
[2025-01-28T11:45:14.878+0530] {logging_mixin.py:190} INFO - [2025-01-28T11:45:14.878+0530] {dag.py:4180} INFO - Setting next_dagrun for dataset_s3_bucket_consumer_with_no_taskflow to None, run_after=None
[2025-01-28T11:45:14.879+0530] {logging_mixin.py:190} INFO - [2025-01-28T11:45:14.879+0530] {dag.py:4180} INFO - Setting next_dagrun for dataset_s3_bucket_producer_with_no_taskflow to None, run_after=None
[2025-01-28T11:45:14.899+0530] {processor.py:208} INFO - Processing /home/verma-tv/.local/lib/python3.11/site-packages/airflow/example_dags/example_dataset_alias_with_no_taskflow.py took 0.102 seconds
[2025-01-28T11:46:11.049+0530] {processor.py:186} INFO - Started process (PID=18439) to work on /home/verma-tv/.local/lib/python3.11/site-packages/airflow/example_dags/example_dataset_alias_with_no_taskflow.py
[2025-01-28T11:46:11.061+0530] {processor.py:914} INFO - Processing file /home/verma-tv/.local/lib/python3.11/site-packages/airflow/example_dags/example_dataset_alias_with_no_taskflow.py for tasks to queue
[2025-01-28T11:46:11.063+0530] {logging_mixin.py:190} INFO - [2025-01-28T11:46:11.062+0530] {dagbag.py:588} INFO - Filling up the DagBag from /home/verma-tv/.local/lib/python3.11/site-packages/airflow/example_dags/example_dataset_alias_with_no_taskflow.py
[2025-01-28T11:46:11.083+0530] {processor.py:925} INFO - DAG(s) 'dataset_s3_bucket_producer_with_no_taskflow', 'dataset_alias_example_alias_producer_with_no_taskflow', 'dataset_alias_example_alias_consumer_with_no_taskflow', 'dataset_s3_bucket_consumer_with_no_taskflow' retrieved from /home/verma-tv/.local/lib/python3.11/site-packages/airflow/example_dags/example_dataset_alias_with_no_taskflow.py
[2025-01-28T11:46:11.101+0530] {logging_mixin.py:190} INFO - [2025-01-28T11:46:11.100+0530] {dag.py:3239} INFO - Sync 4 DAGs
[2025-01-28T11:46:11.117+0530] {logging_mixin.py:190} INFO - [2025-01-28T11:46:11.117+0530] {dag.py:4180} INFO - Setting next_dagrun for dataset_alias_example_alias_consumer_with_no_taskflow to None, run_after=None
[2025-01-28T11:46:11.119+0530] {logging_mixin.py:190} INFO - [2025-01-28T11:46:11.119+0530] {dag.py:4180} INFO - Setting next_dagrun for dataset_alias_example_alias_producer_with_no_taskflow to None, run_after=None
[2025-01-28T11:46:11.119+0530] {logging_mixin.py:190} INFO - [2025-01-28T11:46:11.119+0530] {dag.py:4180} INFO - Setting next_dagrun for dataset_s3_bucket_consumer_with_no_taskflow to None, run_after=None
[2025-01-28T11:46:11.120+0530] {logging_mixin.py:190} INFO - [2025-01-28T11:46:11.120+0530] {dag.py:4180} INFO - Setting next_dagrun for dataset_s3_bucket_producer_with_no_taskflow to None, run_after=None
[2025-01-28T11:46:11.141+0530] {processor.py:208} INFO - Processing /home/verma-tv/.local/lib/python3.11/site-packages/airflow/example_dags/example_dataset_alias_with_no_taskflow.py took 0.097 seconds
[2025-01-28T11:47:02.983+0530] {processor.py:186} INFO - Started process (PID=18578) to work on /home/verma-tv/.local/lib/python3.11/site-packages/airflow/example_dags/example_dataset_alias_with_no_taskflow.py
[2025-01-28T11:47:02.995+0530] {processor.py:914} INFO - Processing file /home/verma-tv/.local/lib/python3.11/site-packages/airflow/example_dags/example_dataset_alias_with_no_taskflow.py for tasks to queue
[2025-01-28T11:47:02.996+0530] {logging_mixin.py:190} INFO - [2025-01-28T11:47:02.996+0530] {dagbag.py:588} INFO - Filling up the DagBag from /home/verma-tv/.local/lib/python3.11/site-packages/airflow/example_dags/example_dataset_alias_with_no_taskflow.py
[2025-01-28T11:47:03.016+0530] {processor.py:925} INFO - DAG(s) 'dataset_alias_example_alias_producer_with_no_taskflow', 'dataset_alias_example_alias_consumer_with_no_taskflow', 'dataset_s3_bucket_consumer_with_no_taskflow', 'dataset_s3_bucket_producer_with_no_taskflow' retrieved from /home/verma-tv/.local/lib/python3.11/site-packages/airflow/example_dags/example_dataset_alias_with_no_taskflow.py
[2025-01-28T11:47:03.030+0530] {logging_mixin.py:190} INFO - [2025-01-28T11:47:03.030+0530] {dag.py:3239} INFO - Sync 4 DAGs
[2025-01-28T11:47:03.043+0530] {logging_mixin.py:190} INFO - [2025-01-28T11:47:03.043+0530] {dag.py:4180} INFO - Setting next_dagrun for dataset_alias_example_alias_consumer_with_no_taskflow to None, run_after=None
[2025-01-28T11:47:03.045+0530] {logging_mixin.py:190} INFO - [2025-01-28T11:47:03.045+0530] {dag.py:4180} INFO - Setting next_dagrun for dataset_alias_example_alias_producer_with_no_taskflow to None, run_after=None
[2025-01-28T11:47:03.045+0530] {logging_mixin.py:190} INFO - [2025-01-28T11:47:03.045+0530] {dag.py:4180} INFO - Setting next_dagrun for dataset_s3_bucket_consumer_with_no_taskflow to None, run_after=None
[2025-01-28T11:47:03.046+0530] {logging_mixin.py:190} INFO - [2025-01-28T11:47:03.046+0530] {dag.py:4180} INFO - Setting next_dagrun for dataset_s3_bucket_producer_with_no_taskflow to None, run_after=None
[2025-01-28T11:47:03.062+0530] {processor.py:208} INFO - Processing /home/verma-tv/.local/lib/python3.11/site-packages/airflow/example_dags/example_dataset_alias_with_no_taskflow.py took 0.084 seconds
[2025-01-28T11:47:54.684+0530] {processor.py:186} INFO - Started process (PID=18936) to work on /home/verma-tv/.local/lib/python3.11/site-packages/airflow/example_dags/example_dataset_alias_with_no_taskflow.py
[2025-01-28T11:47:54.696+0530] {processor.py:914} INFO - Processing file /home/verma-tv/.local/lib/python3.11/site-packages/airflow/example_dags/example_dataset_alias_with_no_taskflow.py for tasks to queue
[2025-01-28T11:47:54.698+0530] {logging_mixin.py:190} INFO - [2025-01-28T11:47:54.698+0530] {dagbag.py:588} INFO - Filling up the DagBag from /home/verma-tv/.local/lib/python3.11/site-packages/airflow/example_dags/example_dataset_alias_with_no_taskflow.py
[2025-01-28T11:47:54.715+0530] {processor.py:925} INFO - DAG(s) 'dataset_alias_example_alias_producer_with_no_taskflow', 'dataset_s3_bucket_consumer_with_no_taskflow', 'dataset_s3_bucket_producer_with_no_taskflow', 'dataset_alias_example_alias_consumer_with_no_taskflow' retrieved from /home/verma-tv/.local/lib/python3.11/site-packages/airflow/example_dags/example_dataset_alias_with_no_taskflow.py
[2025-01-28T11:47:54.728+0530] {logging_mixin.py:190} INFO - [2025-01-28T11:47:54.728+0530] {dag.py:3239} INFO - Sync 4 DAGs
[2025-01-28T11:47:54.741+0530] {logging_mixin.py:190} INFO - [2025-01-28T11:47:54.741+0530] {dag.py:4180} INFO - Setting next_dagrun for dataset_alias_example_alias_consumer_with_no_taskflow to None, run_after=None
[2025-01-28T11:47:54.743+0530] {logging_mixin.py:190} INFO - [2025-01-28T11:47:54.743+0530] {dag.py:4180} INFO - Setting next_dagrun for dataset_alias_example_alias_producer_with_no_taskflow to None, run_after=None
[2025-01-28T11:47:54.743+0530] {logging_mixin.py:190} INFO - [2025-01-28T11:47:54.743+0530] {dag.py:4180} INFO - Setting next_dagrun for dataset_s3_bucket_consumer_with_no_taskflow to None, run_after=None
[2025-01-28T11:47:54.744+0530] {logging_mixin.py:190} INFO - [2025-01-28T11:47:54.744+0530] {dag.py:4180} INFO - Setting next_dagrun for dataset_s3_bucket_producer_with_no_taskflow to None, run_after=None
[2025-01-28T11:47:54.765+0530] {processor.py:208} INFO - Processing /home/verma-tv/.local/lib/python3.11/site-packages/airflow/example_dags/example_dataset_alias_with_no_taskflow.py took 0.086 seconds
[2025-01-28T11:48:48.475+0530] {processor.py:186} INFO - Started process (PID=19147) to work on /home/verma-tv/.local/lib/python3.11/site-packages/airflow/example_dags/example_dataset_alias_with_no_taskflow.py
[2025-01-28T11:48:48.489+0530] {processor.py:914} INFO - Processing file /home/verma-tv/.local/lib/python3.11/site-packages/airflow/example_dags/example_dataset_alias_with_no_taskflow.py for tasks to queue
[2025-01-28T11:48:48.491+0530] {logging_mixin.py:190} INFO - [2025-01-28T11:48:48.491+0530] {dagbag.py:588} INFO - Filling up the DagBag from /home/verma-tv/.local/lib/python3.11/site-packages/airflow/example_dags/example_dataset_alias_with_no_taskflow.py
[2025-01-28T11:48:48.510+0530] {processor.py:925} INFO - DAG(s) 'dataset_alias_example_alias_producer_with_no_taskflow', 'dataset_alias_example_alias_consumer_with_no_taskflow', 'dataset_s3_bucket_consumer_with_no_taskflow', 'dataset_s3_bucket_producer_with_no_taskflow' retrieved from /home/verma-tv/.local/lib/python3.11/site-packages/airflow/example_dags/example_dataset_alias_with_no_taskflow.py
[2025-01-28T11:48:48.527+0530] {logging_mixin.py:190} INFO - [2025-01-28T11:48:48.527+0530] {dag.py:3239} INFO - Sync 4 DAGs
[2025-01-28T11:48:48.542+0530] {logging_mixin.py:190} INFO - [2025-01-28T11:48:48.542+0530] {dag.py:4180} INFO - Setting next_dagrun for dataset_alias_example_alias_consumer_with_no_taskflow to None, run_after=None
[2025-01-28T11:48:48.544+0530] {logging_mixin.py:190} INFO - [2025-01-28T11:48:48.544+0530] {dag.py:4180} INFO - Setting next_dagrun for dataset_alias_example_alias_producer_with_no_taskflow to None, run_after=None
[2025-01-28T11:48:48.545+0530] {logging_mixin.py:190} INFO - [2025-01-28T11:48:48.545+0530] {dag.py:4180} INFO - Setting next_dagrun for dataset_s3_bucket_consumer_with_no_taskflow to None, run_after=None
[2025-01-28T11:48:48.547+0530] {logging_mixin.py:190} INFO - [2025-01-28T11:48:48.546+0530] {dag.py:4180} INFO - Setting next_dagrun for dataset_s3_bucket_producer_with_no_taskflow to None, run_after=None
[2025-01-28T11:48:48.568+0530] {processor.py:208} INFO - Processing /home/verma-tv/.local/lib/python3.11/site-packages/airflow/example_dags/example_dataset_alias_with_no_taskflow.py took 0.100 seconds
[2025-01-28T11:49:38.834+0530] {processor.py:186} INFO - Started process (PID=19519) to work on /home/verma-tv/.local/lib/python3.11/site-packages/airflow/example_dags/example_dataset_alias_with_no_taskflow.py
[2025-01-28T11:49:38.846+0530] {processor.py:914} INFO - Processing file /home/verma-tv/.local/lib/python3.11/site-packages/airflow/example_dags/example_dataset_alias_with_no_taskflow.py for tasks to queue
[2025-01-28T11:49:38.848+0530] {logging_mixin.py:190} INFO - [2025-01-28T11:49:38.848+0530] {dagbag.py:588} INFO - Filling up the DagBag from /home/verma-tv/.local/lib/python3.11/site-packages/airflow/example_dags/example_dataset_alias_with_no_taskflow.py
[2025-01-28T11:49:38.865+0530] {processor.py:925} INFO - DAG(s) 'dataset_alias_example_alias_producer_with_no_taskflow', 'dataset_alias_example_alias_consumer_with_no_taskflow', 'dataset_s3_bucket_consumer_with_no_taskflow', 'dataset_s3_bucket_producer_with_no_taskflow' retrieved from /home/verma-tv/.local/lib/python3.11/site-packages/airflow/example_dags/example_dataset_alias_with_no_taskflow.py
[2025-01-28T11:49:38.879+0530] {logging_mixin.py:190} INFO - [2025-01-28T11:49:38.878+0530] {dag.py:3239} INFO - Sync 4 DAGs
[2025-01-28T11:49:38.892+0530] {logging_mixin.py:190} INFO - [2025-01-28T11:49:38.892+0530] {dag.py:4180} INFO - Setting next_dagrun for dataset_alias_example_alias_consumer_with_no_taskflow to None, run_after=None
[2025-01-28T11:49:38.894+0530] {logging_mixin.py:190} INFO - [2025-01-28T11:49:38.893+0530] {dag.py:4180} INFO - Setting next_dagrun for dataset_alias_example_alias_producer_with_no_taskflow to None, run_after=None
[2025-01-28T11:49:38.894+0530] {logging_mixin.py:190} INFO - [2025-01-28T11:49:38.894+0530] {dag.py:4180} INFO - Setting next_dagrun for dataset_s3_bucket_consumer_with_no_taskflow to None, run_after=None
[2025-01-28T11:49:38.895+0530] {logging_mixin.py:190} INFO - [2025-01-28T11:49:38.895+0530] {dag.py:4180} INFO - Setting next_dagrun for dataset_s3_bucket_producer_with_no_taskflow to None, run_after=None
[2025-01-28T11:49:38.911+0530] {processor.py:208} INFO - Processing /home/verma-tv/.local/lib/python3.11/site-packages/airflow/example_dags/example_dataset_alias_with_no_taskflow.py took 0.083 seconds
[2025-01-28T11:50:27.380+0530] {processor.py:186} INFO - Started process (PID=19785) to work on /home/verma-tv/.local/lib/python3.11/site-packages/airflow/example_dags/example_dataset_alias_with_no_taskflow.py
[2025-01-28T11:50:27.382+0530] {processor.py:914} INFO - Processing file /home/verma-tv/.local/lib/python3.11/site-packages/airflow/example_dags/example_dataset_alias_with_no_taskflow.py for tasks to queue
[2025-01-28T11:50:27.384+0530] {logging_mixin.py:190} INFO - [2025-01-28T11:50:27.384+0530] {dagbag.py:588} INFO - Filling up the DagBag from /home/verma-tv/.local/lib/python3.11/site-packages/airflow/example_dags/example_dataset_alias_with_no_taskflow.py
[2025-01-28T11:50:27.401+0530] {processor.py:925} INFO - DAG(s) 'dataset_alias_example_alias_consumer_with_no_taskflow', 'dataset_alias_example_alias_producer_with_no_taskflow', 'dataset_s3_bucket_producer_with_no_taskflow', 'dataset_s3_bucket_consumer_with_no_taskflow' retrieved from /home/verma-tv/.local/lib/python3.11/site-packages/airflow/example_dags/example_dataset_alias_with_no_taskflow.py
[2025-01-28T11:50:27.415+0530] {logging_mixin.py:190} INFO - [2025-01-28T11:50:27.415+0530] {dag.py:3239} INFO - Sync 4 DAGs
[2025-01-28T11:50:27.428+0530] {logging_mixin.py:190} INFO - [2025-01-28T11:50:27.428+0530] {dag.py:4180} INFO - Setting next_dagrun for dataset_alias_example_alias_consumer_with_no_taskflow to None, run_after=None
[2025-01-28T11:50:27.429+0530] {logging_mixin.py:190} INFO - [2025-01-28T11:50:27.429+0530] {dag.py:4180} INFO - Setting next_dagrun for dataset_alias_example_alias_producer_with_no_taskflow to None, run_after=None
[2025-01-28T11:50:27.430+0530] {logging_mixin.py:190} INFO - [2025-01-28T11:50:27.430+0530] {dag.py:4180} INFO - Setting next_dagrun for dataset_s3_bucket_consumer_with_no_taskflow to None, run_after=None
[2025-01-28T11:50:27.431+0530] {logging_mixin.py:190} INFO - [2025-01-28T11:50:27.431+0530] {dag.py:4180} INFO - Setting next_dagrun for dataset_s3_bucket_producer_with_no_taskflow to None, run_after=None
[2025-01-28T11:50:27.446+0530] {processor.py:208} INFO - Processing /home/verma-tv/.local/lib/python3.11/site-packages/airflow/example_dags/example_dataset_alias_with_no_taskflow.py took 0.070 seconds
[2025-01-28T11:51:16.904+0530] {processor.py:186} INFO - Started process (PID=19955) to work on /home/verma-tv/.local/lib/python3.11/site-packages/airflow/example_dags/example_dataset_alias_with_no_taskflow.py
[2025-01-28T11:51:16.916+0530] {processor.py:914} INFO - Processing file /home/verma-tv/.local/lib/python3.11/site-packages/airflow/example_dags/example_dataset_alias_with_no_taskflow.py for tasks to queue
[2025-01-28T11:51:16.919+0530] {logging_mixin.py:190} INFO - [2025-01-28T11:51:16.919+0530] {dagbag.py:588} INFO - Filling up the DagBag from /home/verma-tv/.local/lib/python3.11/site-packages/airflow/example_dags/example_dataset_alias_with_no_taskflow.py
[2025-01-28T11:51:16.935+0530] {processor.py:925} INFO - DAG(s) 'dataset_s3_bucket_producer_with_no_taskflow', 'dataset_alias_example_alias_consumer_with_no_taskflow', 'dataset_alias_example_alias_producer_with_no_taskflow', 'dataset_s3_bucket_consumer_with_no_taskflow' retrieved from /home/verma-tv/.local/lib/python3.11/site-packages/airflow/example_dags/example_dataset_alias_with_no_taskflow.py
[2025-01-28T11:51:16.949+0530] {logging_mixin.py:190} INFO - [2025-01-28T11:51:16.949+0530] {dag.py:3239} INFO - Sync 4 DAGs
[2025-01-28T11:51:16.962+0530] {logging_mixin.py:190} INFO - [2025-01-28T11:51:16.962+0530] {dag.py:4180} INFO - Setting next_dagrun for dataset_alias_example_alias_consumer_with_no_taskflow to None, run_after=None
[2025-01-28T11:51:16.964+0530] {logging_mixin.py:190} INFO - [2025-01-28T11:51:16.964+0530] {dag.py:4180} INFO - Setting next_dagrun for dataset_alias_example_alias_producer_with_no_taskflow to None, run_after=None
[2025-01-28T11:51:16.964+0530] {logging_mixin.py:190} INFO - [2025-01-28T11:51:16.964+0530] {dag.py:4180} INFO - Setting next_dagrun for dataset_s3_bucket_consumer_with_no_taskflow to None, run_after=None
[2025-01-28T11:51:16.965+0530] {logging_mixin.py:190} INFO - [2025-01-28T11:51:16.965+0530] {dag.py:4180} INFO - Setting next_dagrun for dataset_s3_bucket_producer_with_no_taskflow to None, run_after=None
[2025-01-28T11:51:16.980+0530] {processor.py:208} INFO - Processing /home/verma-tv/.local/lib/python3.11/site-packages/airflow/example_dags/example_dataset_alias_with_no_taskflow.py took 0.081 seconds
[2025-01-28T11:52:09.914+0530] {processor.py:186} INFO - Started process (PID=20444) to work on /home/verma-tv/.local/lib/python3.11/site-packages/airflow/example_dags/example_dataset_alias_with_no_taskflow.py
[2025-01-28T11:52:09.926+0530] {processor.py:914} INFO - Processing file /home/verma-tv/.local/lib/python3.11/site-packages/airflow/example_dags/example_dataset_alias_with_no_taskflow.py for tasks to queue
[2025-01-28T11:52:09.928+0530] {logging_mixin.py:190} INFO - [2025-01-28T11:52:09.927+0530] {dagbag.py:588} INFO - Filling up the DagBag from /home/verma-tv/.local/lib/python3.11/site-packages/airflow/example_dags/example_dataset_alias_with_no_taskflow.py
[2025-01-28T11:52:09.944+0530] {processor.py:925} INFO - DAG(s) 'dataset_s3_bucket_consumer_with_no_taskflow', 'dataset_s3_bucket_producer_with_no_taskflow', 'dataset_alias_example_alias_producer_with_no_taskflow', 'dataset_alias_example_alias_consumer_with_no_taskflow' retrieved from /home/verma-tv/.local/lib/python3.11/site-packages/airflow/example_dags/example_dataset_alias_with_no_taskflow.py
[2025-01-28T11:52:09.958+0530] {logging_mixin.py:190} INFO - [2025-01-28T11:52:09.958+0530] {dag.py:3239} INFO - Sync 4 DAGs
[2025-01-28T11:52:09.971+0530] {logging_mixin.py:190} INFO - [2025-01-28T11:52:09.971+0530] {dag.py:4180} INFO - Setting next_dagrun for dataset_alias_example_alias_consumer_with_no_taskflow to None, run_after=None
[2025-01-28T11:52:09.973+0530] {logging_mixin.py:190} INFO - [2025-01-28T11:52:09.973+0530] {dag.py:4180} INFO - Setting next_dagrun for dataset_alias_example_alias_producer_with_no_taskflow to None, run_after=None
[2025-01-28T11:52:09.973+0530] {logging_mixin.py:190} INFO - [2025-01-28T11:52:09.973+0530] {dag.py:4180} INFO - Setting next_dagrun for dataset_s3_bucket_consumer_with_no_taskflow to None, run_after=None
[2025-01-28T11:52:09.974+0530] {logging_mixin.py:190} INFO - [2025-01-28T11:52:09.974+0530] {dag.py:4180} INFO - Setting next_dagrun for dataset_s3_bucket_producer_with_no_taskflow to None, run_after=None
[2025-01-28T11:52:09.992+0530] {processor.py:208} INFO - Processing /home/verma-tv/.local/lib/python3.11/site-packages/airflow/example_dags/example_dataset_alias_with_no_taskflow.py took 0.083 seconds
