[2025-01-28T11:40:06.227+0530] {processor.py:186} INFO - Started process (PID=17178) to work on /home/verma-tv/.local/lib/python3.11/site-packages/airflow/example_dags/example_branch_labels.py
[2025-01-28T11:40:06.228+0530] {processor.py:914} INFO - Processing file /home/verma-tv/.local/lib/python3.11/site-packages/airflow/example_dags/example_branch_labels.py for tasks to queue
[2025-01-28T11:40:06.230+0530] {logging_mixin.py:190} INFO - [2025-01-28T11:40:06.229+0530] {dagbag.py:588} INFO - Filling up the DagBag from /home/verma-tv/.local/lib/python3.11/site-packages/airflow/example_dags/example_branch_labels.py
[2025-01-28T11:40:06.238+0530] {processor.py:925} INFO - DAG(s) 'example_branch_labels' retrieved from /home/verma-tv/.local/lib/python3.11/site-packages/airflow/example_dags/example_branch_labels.py
[2025-01-28T11:40:06.337+0530] {logging_mixin.py:190} INFO - [2025-01-28T11:40:06.336+0530] {override.py:1912} INFO - Created Permission View: can read on DAG:example_branch_labels
[2025-01-28T11:40:06.345+0530] {logging_mixin.py:190} INFO - [2025-01-28T11:40:06.344+0530] {override.py:1912} INFO - Created Permission View: can edit on DAG:example_branch_labels
[2025-01-28T11:40:06.350+0530] {logging_mixin.py:190} INFO - [2025-01-28T11:40:06.350+0530] {override.py:1912} INFO - Created Permission View: can delete on DAG:example_branch_labels
[2025-01-28T11:40:06.358+0530] {logging_mixin.py:190} INFO - [2025-01-28T11:40:06.357+0530] {override.py:1912} INFO - Created Permission View: can read on DAG Run:example_branch_labels
[2025-01-28T11:40:06.364+0530] {logging_mixin.py:190} INFO - [2025-01-28T11:40:06.364+0530] {override.py:1912} INFO - Created Permission View: can delete on DAG Run:example_branch_labels
[2025-01-28T11:40:06.369+0530] {logging_mixin.py:190} INFO - [2025-01-28T11:40:06.369+0530] {override.py:1912} INFO - Created Permission View: menu access on DAG Run:example_branch_labels
[2025-01-28T11:40:06.374+0530] {logging_mixin.py:190} INFO - [2025-01-28T11:40:06.373+0530] {override.py:1912} INFO - Created Permission View: can create on DAG Run:example_branch_labels
[2025-01-28T11:40:06.374+0530] {logging_mixin.py:190} INFO - [2025-01-28T11:40:06.374+0530] {dag.py:3239} INFO - Sync 1 DAGs
[2025-01-28T11:40:06.383+0530] {logging_mixin.py:190} INFO - [2025-01-28T11:40:06.383+0530] {dag.py:3262} INFO - Creating ORM DAG for example_branch_labels
[2025-01-28T11:40:06.389+0530] {logging_mixin.py:190} INFO - [2025-01-28T11:40:06.389+0530] {dag.py:4180} INFO - Setting next_dagrun for example_branch_labels to 2025-01-27 00:00:00+00:00, run_after=2025-01-28 00:00:00+00:00
[2025-01-28T11:40:06.403+0530] {processor.py:208} INFO - Processing /home/verma-tv/.local/lib/python3.11/site-packages/airflow/example_dags/example_branch_labels.py took 0.181 seconds
[2025-01-28T11:41:03.447+0530] {processor.py:186} INFO - Started process (PID=17371) to work on /home/verma-tv/.local/lib/python3.11/site-packages/airflow/example_dags/example_branch_labels.py
[2025-01-28T11:41:03.459+0530] {processor.py:914} INFO - Processing file /home/verma-tv/.local/lib/python3.11/site-packages/airflow/example_dags/example_branch_labels.py for tasks to queue
[2025-01-28T11:41:03.462+0530] {logging_mixin.py:190} INFO - [2025-01-28T11:41:03.461+0530] {dagbag.py:588} INFO - Filling up the DagBag from /home/verma-tv/.local/lib/python3.11/site-packages/airflow/example_dags/example_branch_labels.py
[2025-01-28T11:41:03.470+0530] {processor.py:925} INFO - DAG(s) 'example_branch_labels' retrieved from /home/verma-tv/.local/lib/python3.11/site-packages/airflow/example_dags/example_branch_labels.py
[2025-01-28T11:41:03.481+0530] {logging_mixin.py:190} INFO - [2025-01-28T11:41:03.481+0530] {dag.py:3239} INFO - Sync 1 DAGs
[2025-01-28T11:41:03.495+0530] {logging_mixin.py:190} INFO - [2025-01-28T11:41:03.495+0530] {dag.py:4180} INFO - Setting next_dagrun for example_branch_labels to 2025-01-27 00:00:00+00:00, run_after=2025-01-28 00:00:00+00:00
[2025-01-28T11:41:03.509+0530] {processor.py:208} INFO - Processing /home/verma-tv/.local/lib/python3.11/site-packages/airflow/example_dags/example_branch_labels.py took 0.067 seconds
[2025-01-28T11:41:58.866+0530] {processor.py:186} INFO - Started process (PID=17546) to work on /home/verma-tv/.local/lib/python3.11/site-packages/airflow/example_dags/example_branch_labels.py
[2025-01-28T11:41:58.878+0530] {processor.py:914} INFO - Processing file /home/verma-tv/.local/lib/python3.11/site-packages/airflow/example_dags/example_branch_labels.py for tasks to queue
[2025-01-28T11:41:58.881+0530] {logging_mixin.py:190} INFO - [2025-01-28T11:41:58.880+0530] {dagbag.py:588} INFO - Filling up the DagBag from /home/verma-tv/.local/lib/python3.11/site-packages/airflow/example_dags/example_branch_labels.py
[2025-01-28T11:41:58.889+0530] {processor.py:925} INFO - DAG(s) 'example_branch_labels' retrieved from /home/verma-tv/.local/lib/python3.11/site-packages/airflow/example_dags/example_branch_labels.py
[2025-01-28T11:41:58.902+0530] {logging_mixin.py:190} INFO - [2025-01-28T11:41:58.902+0530] {dag.py:3239} INFO - Sync 1 DAGs
[2025-01-28T11:41:58.916+0530] {logging_mixin.py:190} INFO - [2025-01-28T11:41:58.916+0530] {dag.py:4180} INFO - Setting next_dagrun for example_branch_labels to 2025-01-27 00:00:00+00:00, run_after=2025-01-28 00:00:00+00:00
[2025-01-28T11:41:58.932+0530] {processor.py:208} INFO - Processing /home/verma-tv/.local/lib/python3.11/site-packages/airflow/example_dags/example_branch_labels.py took 0.070 seconds
[2025-01-28T11:43:14.577+0530] {processor.py:186} INFO - Started process (PID=17827) to work on /home/verma-tv/.local/lib/python3.11/site-packages/airflow/example_dags/example_branch_labels.py
[2025-01-28T11:43:14.589+0530] {processor.py:914} INFO - Processing file /home/verma-tv/.local/lib/python3.11/site-packages/airflow/example_dags/example_branch_labels.py for tasks to queue
[2025-01-28T11:43:14.591+0530] {logging_mixin.py:190} INFO - [2025-01-28T11:43:14.591+0530] {dagbag.py:588} INFO - Filling up the DagBag from /home/verma-tv/.local/lib/python3.11/site-packages/airflow/example_dags/example_branch_labels.py
[2025-01-28T11:43:14.599+0530] {processor.py:925} INFO - DAG(s) 'example_branch_labels' retrieved from /home/verma-tv/.local/lib/python3.11/site-packages/airflow/example_dags/example_branch_labels.py
[2025-01-28T11:43:14.611+0530] {logging_mixin.py:190} INFO - [2025-01-28T11:43:14.611+0530] {dag.py:3239} INFO - Sync 1 DAGs
[2025-01-28T11:43:14.625+0530] {logging_mixin.py:190} INFO - [2025-01-28T11:43:14.625+0530] {dag.py:4180} INFO - Setting next_dagrun for example_branch_labels to 2025-01-27 00:00:00+00:00, run_after=2025-01-28 00:00:00+00:00
[2025-01-28T11:43:14.638+0530] {processor.py:208} INFO - Processing /home/verma-tv/.local/lib/python3.11/site-packages/airflow/example_dags/example_branch_labels.py took 0.066 seconds
[2025-01-28T11:44:29.847+0530] {processor.py:186} INFO - Started process (PID=18094) to work on /home/verma-tv/.local/lib/python3.11/site-packages/airflow/example_dags/example_branch_labels.py
[2025-01-28T11:44:29.859+0530] {processor.py:914} INFO - Processing file /home/verma-tv/.local/lib/python3.11/site-packages/airflow/example_dags/example_branch_labels.py for tasks to queue
[2025-01-28T11:44:29.861+0530] {logging_mixin.py:190} INFO - [2025-01-28T11:44:29.861+0530] {dagbag.py:588} INFO - Filling up the DagBag from /home/verma-tv/.local/lib/python3.11/site-packages/airflow/example_dags/example_branch_labels.py
[2025-01-28T11:44:29.869+0530] {processor.py:925} INFO - DAG(s) 'example_branch_labels' retrieved from /home/verma-tv/.local/lib/python3.11/site-packages/airflow/example_dags/example_branch_labels.py
[2025-01-28T11:44:29.881+0530] {logging_mixin.py:190} INFO - [2025-01-28T11:44:29.881+0530] {dag.py:3239} INFO - Sync 1 DAGs
[2025-01-28T11:44:29.895+0530] {logging_mixin.py:190} INFO - [2025-01-28T11:44:29.895+0530] {dag.py:4180} INFO - Setting next_dagrun for example_branch_labels to 2025-01-27 00:00:00+00:00, run_after=2025-01-28 00:00:00+00:00
[2025-01-28T11:44:29.909+0530] {processor.py:208} INFO - Processing /home/verma-tv/.local/lib/python3.11/site-packages/airflow/example_dags/example_branch_labels.py took 0.066 seconds
[2025-01-28T11:45:47.599+0530] {processor.py:186} INFO - Started process (PID=18335) to work on /home/verma-tv/.local/lib/python3.11/site-packages/airflow/example_dags/example_branch_labels.py
[2025-01-28T11:45:47.612+0530] {processor.py:914} INFO - Processing file /home/verma-tv/.local/lib/python3.11/site-packages/airflow/example_dags/example_branch_labels.py for tasks to queue
[2025-01-28T11:45:47.615+0530] {logging_mixin.py:190} INFO - [2025-01-28T11:45:47.615+0530] {dagbag.py:588} INFO - Filling up the DagBag from /home/verma-tv/.local/lib/python3.11/site-packages/airflow/example_dags/example_branch_labels.py
[2025-01-28T11:45:47.624+0530] {processor.py:925} INFO - DAG(s) 'example_branch_labels' retrieved from /home/verma-tv/.local/lib/python3.11/site-packages/airflow/example_dags/example_branch_labels.py
[2025-01-28T11:45:47.638+0530] {logging_mixin.py:190} INFO - [2025-01-28T11:45:47.638+0530] {dag.py:3239} INFO - Sync 1 DAGs
[2025-01-28T11:45:47.655+0530] {logging_mixin.py:190} INFO - [2025-01-28T11:45:47.655+0530] {dag.py:4180} INFO - Setting next_dagrun for example_branch_labels to 2025-01-27 00:00:00+00:00, run_after=2025-01-28 00:00:00+00:00
[2025-01-28T11:45:47.671+0530] {processor.py:208} INFO - Processing /home/verma-tv/.local/lib/python3.11/site-packages/airflow/example_dags/example_branch_labels.py took 0.080 seconds
[2025-01-28T11:46:44.985+0530] {processor.py:186} INFO - Started process (PID=18558) to work on /home/verma-tv/.local/lib/python3.11/site-packages/airflow/example_dags/example_branch_labels.py
[2025-01-28T11:46:44.997+0530] {processor.py:914} INFO - Processing file /home/verma-tv/.local/lib/python3.11/site-packages/airflow/example_dags/example_branch_labels.py for tasks to queue
[2025-01-28T11:46:45.000+0530] {logging_mixin.py:190} INFO - [2025-01-28T11:46:44.999+0530] {dagbag.py:588} INFO - Filling up the DagBag from /home/verma-tv/.local/lib/python3.11/site-packages/airflow/example_dags/example_branch_labels.py
[2025-01-28T11:46:45.007+0530] {processor.py:925} INFO - DAG(s) 'example_branch_labels' retrieved from /home/verma-tv/.local/lib/python3.11/site-packages/airflow/example_dags/example_branch_labels.py
[2025-01-28T11:46:45.019+0530] {logging_mixin.py:190} INFO - [2025-01-28T11:46:45.019+0530] {dag.py:3239} INFO - Sync 1 DAGs
[2025-01-28T11:46:45.034+0530] {logging_mixin.py:190} INFO - [2025-01-28T11:46:45.033+0530] {dag.py:4180} INFO - Setting next_dagrun for example_branch_labels to 2025-01-27 00:00:00+00:00, run_after=2025-01-28 00:00:00+00:00
[2025-01-28T11:46:45.047+0530] {processor.py:208} INFO - Processing /home/verma-tv/.local/lib/python3.11/site-packages/airflow/example_dags/example_branch_labels.py took 0.067 seconds
[2025-01-28T11:48:02.694+0530] {processor.py:186} INFO - Started process (PID=18952) to work on /home/verma-tv/.local/lib/python3.11/site-packages/airflow/example_dags/example_branch_labels.py
[2025-01-28T11:48:02.706+0530] {processor.py:914} INFO - Processing file /home/verma-tv/.local/lib/python3.11/site-packages/airflow/example_dags/example_branch_labels.py for tasks to queue
[2025-01-28T11:48:02.709+0530] {logging_mixin.py:190} INFO - [2025-01-28T11:48:02.708+0530] {dagbag.py:588} INFO - Filling up the DagBag from /home/verma-tv/.local/lib/python3.11/site-packages/airflow/example_dags/example_branch_labels.py
[2025-01-28T11:48:02.717+0530] {processor.py:925} INFO - DAG(s) 'example_branch_labels' retrieved from /home/verma-tv/.local/lib/python3.11/site-packages/airflow/example_dags/example_branch_labels.py
[2025-01-28T11:48:02.728+0530] {logging_mixin.py:190} INFO - [2025-01-28T11:48:02.728+0530] {dag.py:3239} INFO - Sync 1 DAGs
[2025-01-28T11:48:02.742+0530] {logging_mixin.py:190} INFO - [2025-01-28T11:48:02.742+0530] {dag.py:4180} INFO - Setting next_dagrun for example_branch_labels to 2025-01-27 00:00:00+00:00, run_after=2025-01-28 00:00:00+00:00
[2025-01-28T11:48:02.755+0530] {processor.py:208} INFO - Processing /home/verma-tv/.local/lib/python3.11/site-packages/airflow/example_dags/example_branch_labels.py took 0.066 seconds
[2025-01-28T11:49:20.461+0530] {processor.py:186} INFO - Started process (PID=19438) to work on /home/verma-tv/.local/lib/python3.11/site-packages/airflow/example_dags/example_branch_labels.py
[2025-01-28T11:49:20.461+0530] {processor.py:914} INFO - Processing file /home/verma-tv/.local/lib/python3.11/site-packages/airflow/example_dags/example_branch_labels.py for tasks to queue
[2025-01-28T11:49:20.463+0530] {logging_mixin.py:190} INFO - [2025-01-28T11:49:20.463+0530] {dagbag.py:588} INFO - Filling up the DagBag from /home/verma-tv/.local/lib/python3.11/site-packages/airflow/example_dags/example_branch_labels.py
[2025-01-28T11:49:20.471+0530] {processor.py:925} INFO - DAG(s) 'example_branch_labels' retrieved from /home/verma-tv/.local/lib/python3.11/site-packages/airflow/example_dags/example_branch_labels.py
[2025-01-28T11:49:20.483+0530] {logging_mixin.py:190} INFO - [2025-01-28T11:49:20.482+0530] {dag.py:3239} INFO - Sync 1 DAGs
[2025-01-28T11:49:20.497+0530] {logging_mixin.py:190} INFO - [2025-01-28T11:49:20.496+0530] {dag.py:4180} INFO - Setting next_dagrun for example_branch_labels to 2025-01-27 00:00:00+00:00, run_after=2025-01-28 00:00:00+00:00
[2025-01-28T11:49:20.522+0530] {processor.py:208} INFO - Processing /home/verma-tv/.local/lib/python3.11/site-packages/airflow/example_dags/example_branch_labels.py took 0.066 seconds
[2025-01-28T11:50:32.521+0530] {processor.py:186} INFO - Started process (PID=19794) to work on /home/verma-tv/.local/lib/python3.11/site-packages/airflow/example_dags/example_branch_labels.py
[2025-01-28T11:50:32.522+0530] {processor.py:914} INFO - Processing file /home/verma-tv/.local/lib/python3.11/site-packages/airflow/example_dags/example_branch_labels.py for tasks to queue
[2025-01-28T11:50:32.524+0530] {logging_mixin.py:190} INFO - [2025-01-28T11:50:32.524+0530] {dagbag.py:588} INFO - Filling up the DagBag from /home/verma-tv/.local/lib/python3.11/site-packages/airflow/example_dags/example_branch_labels.py
[2025-01-28T11:50:32.532+0530] {processor.py:925} INFO - DAG(s) 'example_branch_labels' retrieved from /home/verma-tv/.local/lib/python3.11/site-packages/airflow/example_dags/example_branch_labels.py
[2025-01-28T11:50:32.543+0530] {logging_mixin.py:190} INFO - [2025-01-28T11:50:32.543+0530] {dag.py:3239} INFO - Sync 1 DAGs
[2025-01-28T11:50:32.557+0530] {logging_mixin.py:190} INFO - [2025-01-28T11:50:32.557+0530] {dag.py:4180} INFO - Setting next_dagrun for example_branch_labels to 2025-01-27 00:00:00+00:00, run_after=2025-01-28 00:00:00+00:00
[2025-01-28T11:50:32.570+0530] {processor.py:208} INFO - Processing /home/verma-tv/.local/lib/python3.11/site-packages/airflow/example_dags/example_branch_labels.py took 0.054 seconds
[2025-01-28T11:51:26.509+0530] {processor.py:186} INFO - Started process (PID=19972) to work on /home/verma-tv/.local/lib/python3.11/site-packages/airflow/example_dags/example_branch_labels.py
[2025-01-28T11:51:26.510+0530] {processor.py:914} INFO - Processing file /home/verma-tv/.local/lib/python3.11/site-packages/airflow/example_dags/example_branch_labels.py for tasks to queue
[2025-01-28T11:51:26.513+0530] {logging_mixin.py:190} INFO - [2025-01-28T11:51:26.513+0530] {dagbag.py:588} INFO - Filling up the DagBag from /home/verma-tv/.local/lib/python3.11/site-packages/airflow/example_dags/example_branch_labels.py
[2025-01-28T11:51:26.525+0530] {processor.py:925} INFO - DAG(s) 'example_branch_labels' retrieved from /home/verma-tv/.local/lib/python3.11/site-packages/airflow/example_dags/example_branch_labels.py
[2025-01-28T11:51:26.544+0530] {logging_mixin.py:190} INFO - [2025-01-28T11:51:26.544+0530] {dag.py:3239} INFO - Sync 1 DAGs
[2025-01-28T11:51:26.568+0530] {logging_mixin.py:190} INFO - [2025-01-28T11:51:26.568+0530] {dag.py:4180} INFO - Setting next_dagrun for example_branch_labels to 2025-01-27 00:00:00+00:00, run_after=2025-01-28 00:00:00+00:00
[2025-01-28T11:51:26.590+0530] {processor.py:208} INFO - Processing /home/verma-tv/.local/lib/python3.11/site-packages/airflow/example_dags/example_branch_labels.py took 0.088 seconds
[2025-01-28T12:01:38.914+0530] {processor.py:186} INFO - Started process (PID=23122) to work on /home/verma-tv/.local/lib/python3.11/site-packages/airflow/example_dags/example_branch_labels.py
[2025-01-28T12:01:38.926+0530] {processor.py:914} INFO - Processing file /home/verma-tv/.local/lib/python3.11/site-packages/airflow/example_dags/example_branch_labels.py for tasks to queue
[2025-01-28T12:01:38.928+0530] {logging_mixin.py:190} INFO - [2025-01-28T12:01:38.928+0530] {dagbag.py:588} INFO - Filling up the DagBag from /home/verma-tv/.local/lib/python3.11/site-packages/airflow/example_dags/example_branch_labels.py
[2025-01-28T12:01:38.936+0530] {processor.py:925} INFO - DAG(s) 'example_branch_labels' retrieved from /home/verma-tv/.local/lib/python3.11/site-packages/airflow/example_dags/example_branch_labels.py
[2025-01-28T12:01:38.948+0530] {logging_mixin.py:190} INFO - [2025-01-28T12:01:38.948+0530] {dag.py:3239} INFO - Sync 1 DAGs
[2025-01-28T12:01:38.961+0530] {logging_mixin.py:190} INFO - [2025-01-28T12:01:38.961+0530] {dag.py:4180} INFO - Setting next_dagrun for example_branch_labels to 2025-01-27 00:00:00+00:00, run_after=2025-01-28 00:00:00+00:00
[2025-01-28T12:01:38.974+0530] {processor.py:208} INFO - Processing /home/verma-tv/.local/lib/python3.11/site-packages/airflow/example_dags/example_branch_labels.py took 0.065 seconds
[2025-01-28T12:02:34.002+0530] {processor.py:186} INFO - Started process (PID=23454) to work on /home/verma-tv/.local/lib/python3.11/site-packages/airflow/example_dags/example_branch_labels.py
[2025-01-28T12:02:34.014+0530] {processor.py:914} INFO - Processing file /home/verma-tv/.local/lib/python3.11/site-packages/airflow/example_dags/example_branch_labels.py for tasks to queue
[2025-01-28T12:02:34.016+0530] {logging_mixin.py:190} INFO - [2025-01-28T12:02:34.015+0530] {dagbag.py:588} INFO - Filling up the DagBag from /home/verma-tv/.local/lib/python3.11/site-packages/airflow/example_dags/example_branch_labels.py
[2025-01-28T12:02:34.024+0530] {processor.py:925} INFO - DAG(s) 'example_branch_labels' retrieved from /home/verma-tv/.local/lib/python3.11/site-packages/airflow/example_dags/example_branch_labels.py
[2025-01-28T12:02:34.036+0530] {logging_mixin.py:190} INFO - [2025-01-28T12:02:34.036+0530] {dag.py:3239} INFO - Sync 1 DAGs
[2025-01-28T12:02:34.051+0530] {logging_mixin.py:190} INFO - [2025-01-28T12:02:34.051+0530] {dag.py:4180} INFO - Setting next_dagrun for example_branch_labels to 2025-01-27 00:00:00+00:00, run_after=2025-01-28 00:00:00+00:00
[2025-01-28T12:02:34.065+0530] {processor.py:208} INFO - Processing /home/verma-tv/.local/lib/python3.11/site-packages/airflow/example_dags/example_branch_labels.py took 0.068 seconds
[2025-01-28T12:04:18.470+0530] {processor.py:186} INFO - Started process (PID=24551) to work on /home/verma-tv/.local/lib/python3.11/site-packages/airflow/example_dags/example_branch_labels.py
[2025-01-28T12:04:18.482+0530] {processor.py:914} INFO - Processing file /home/verma-tv/.local/lib/python3.11/site-packages/airflow/example_dags/example_branch_labels.py for tasks to queue
[2025-01-28T12:04:18.483+0530] {logging_mixin.py:190} INFO - [2025-01-28T12:04:18.483+0530] {dagbag.py:588} INFO - Filling up the DagBag from /home/verma-tv/.local/lib/python3.11/site-packages/airflow/example_dags/example_branch_labels.py
[2025-01-28T12:04:18.492+0530] {processor.py:925} INFO - DAG(s) 'example_branch_labels' retrieved from /home/verma-tv/.local/lib/python3.11/site-packages/airflow/example_dags/example_branch_labels.py
[2025-01-28T12:04:18.505+0530] {logging_mixin.py:190} INFO - [2025-01-28T12:04:18.504+0530] {dag.py:3239} INFO - Sync 1 DAGs
[2025-01-28T12:04:18.519+0530] {logging_mixin.py:190} INFO - [2025-01-28T12:04:18.519+0530] {dag.py:4180} INFO - Setting next_dagrun for example_branch_labels to 2025-01-27 00:00:00+00:00, run_after=2025-01-28 00:00:00+00:00
[2025-01-28T12:04:18.533+0530] {processor.py:208} INFO - Processing /home/verma-tv/.local/lib/python3.11/site-packages/airflow/example_dags/example_branch_labels.py took 0.069 seconds
[2025-01-28T12:05:11.721+0530] {processor.py:186} INFO - Started process (PID=25132) to work on /home/verma-tv/.local/lib/python3.11/site-packages/airflow/example_dags/example_branch_labels.py
[2025-01-28T12:05:11.722+0530] {processor.py:914} INFO - Processing file /home/verma-tv/.local/lib/python3.11/site-packages/airflow/example_dags/example_branch_labels.py for tasks to queue
[2025-01-28T12:05:11.724+0530] {logging_mixin.py:190} INFO - [2025-01-28T12:05:11.723+0530] {dagbag.py:588} INFO - Filling up the DagBag from /home/verma-tv/.local/lib/python3.11/site-packages/airflow/example_dags/example_branch_labels.py
[2025-01-28T12:05:11.732+0530] {processor.py:925} INFO - DAG(s) 'example_branch_labels' retrieved from /home/verma-tv/.local/lib/python3.11/site-packages/airflow/example_dags/example_branch_labels.py
[2025-01-28T12:05:11.744+0530] {logging_mixin.py:190} INFO - [2025-01-28T12:05:11.744+0530] {dag.py:3239} INFO - Sync 1 DAGs
[2025-01-28T12:05:11.758+0530] {logging_mixin.py:190} INFO - [2025-01-28T12:05:11.758+0530] {dag.py:4180} INFO - Setting next_dagrun for example_branch_labels to 2025-01-27 00:00:00+00:00, run_after=2025-01-28 00:00:00+00:00
[2025-01-28T12:05:11.772+0530] {processor.py:208} INFO - Processing /home/verma-tv/.local/lib/python3.11/site-packages/airflow/example_dags/example_branch_labels.py took 0.056 seconds
[2025-01-28T12:06:22.531+0530] {processor.py:186} INFO - Started process (PID=25469) to work on /home/verma-tv/.local/lib/python3.11/site-packages/airflow/example_dags/example_branch_labels.py
[2025-01-28T12:06:22.532+0530] {processor.py:914} INFO - Processing file /home/verma-tv/.local/lib/python3.11/site-packages/airflow/example_dags/example_branch_labels.py for tasks to queue
[2025-01-28T12:06:22.534+0530] {logging_mixin.py:190} INFO - [2025-01-28T12:06:22.534+0530] {dagbag.py:588} INFO - Filling up the DagBag from /home/verma-tv/.local/lib/python3.11/site-packages/airflow/example_dags/example_branch_labels.py
[2025-01-28T12:06:22.543+0530] {processor.py:925} INFO - DAG(s) 'example_branch_labels' retrieved from /home/verma-tv/.local/lib/python3.11/site-packages/airflow/example_dags/example_branch_labels.py
[2025-01-28T12:06:22.556+0530] {logging_mixin.py:190} INFO - [2025-01-28T12:06:22.556+0530] {dag.py:3239} INFO - Sync 1 DAGs
[2025-01-28T12:06:22.571+0530] {logging_mixin.py:190} INFO - [2025-01-28T12:06:22.571+0530] {dag.py:4180} INFO - Setting next_dagrun for example_branch_labels to 2025-01-27 00:00:00+00:00, run_after=2025-01-28 00:00:00+00:00
[2025-01-28T12:06:22.585+0530] {processor.py:208} INFO - Processing /home/verma-tv/.local/lib/python3.11/site-packages/airflow/example_dags/example_branch_labels.py took 0.058 seconds
[2025-01-28T12:07:35.529+0530] {processor.py:186} INFO - Started process (PID=25833) to work on /home/verma-tv/.local/lib/python3.11/site-packages/airflow/example_dags/example_branch_labels.py
[2025-01-28T12:07:35.542+0530] {processor.py:914} INFO - Processing file /home/verma-tv/.local/lib/python3.11/site-packages/airflow/example_dags/example_branch_labels.py for tasks to queue
[2025-01-28T12:07:35.545+0530] {logging_mixin.py:190} INFO - [2025-01-28T12:07:35.544+0530] {dagbag.py:588} INFO - Filling up the DagBag from /home/verma-tv/.local/lib/python3.11/site-packages/airflow/example_dags/example_branch_labels.py
[2025-01-28T12:07:35.553+0530] {processor.py:925} INFO - DAG(s) 'example_branch_labels' retrieved from /home/verma-tv/.local/lib/python3.11/site-packages/airflow/example_dags/example_branch_labels.py
[2025-01-28T12:07:35.567+0530] {logging_mixin.py:190} INFO - [2025-01-28T12:07:35.567+0530] {dag.py:3239} INFO - Sync 1 DAGs
[2025-01-28T12:07:35.581+0530] {logging_mixin.py:190} INFO - [2025-01-28T12:07:35.581+0530] {dag.py:4180} INFO - Setting next_dagrun for example_branch_labels to 2025-01-27 00:00:00+00:00, run_after=2025-01-28 00:00:00+00:00
[2025-01-28T12:07:35.595+0530] {processor.py:208} INFO - Processing /home/verma-tv/.local/lib/python3.11/site-packages/airflow/example_dags/example_branch_labels.py took 0.071 seconds
[2025-01-28T12:08:52.383+0530] {processor.py:186} INFO - Started process (PID=26397) to work on /home/verma-tv/.local/lib/python3.11/site-packages/airflow/example_dags/example_branch_labels.py
[2025-01-28T12:08:52.396+0530] {processor.py:914} INFO - Processing file /home/verma-tv/.local/lib/python3.11/site-packages/airflow/example_dags/example_branch_labels.py for tasks to queue
[2025-01-28T12:08:52.399+0530] {logging_mixin.py:190} INFO - [2025-01-28T12:08:52.398+0530] {dagbag.py:588} INFO - Filling up the DagBag from /home/verma-tv/.local/lib/python3.11/site-packages/airflow/example_dags/example_branch_labels.py
[2025-01-28T12:08:52.408+0530] {processor.py:925} INFO - DAG(s) 'example_branch_labels' retrieved from /home/verma-tv/.local/lib/python3.11/site-packages/airflow/example_dags/example_branch_labels.py
[2025-01-28T12:08:52.422+0530] {logging_mixin.py:190} INFO - [2025-01-28T12:08:52.422+0530] {dag.py:3239} INFO - Sync 1 DAGs
[2025-01-28T12:08:52.438+0530] {logging_mixin.py:190} INFO - [2025-01-28T12:08:52.437+0530] {dag.py:4180} INFO - Setting next_dagrun for example_branch_labels to 2025-01-27 00:00:00+00:00, run_after=2025-01-28 00:00:00+00:00
[2025-01-28T12:08:52.453+0530] {processor.py:208} INFO - Processing /home/verma-tv/.local/lib/python3.11/site-packages/airflow/example_dags/example_branch_labels.py took 0.075 seconds
[2025-01-28T12:10:07.989+0530] {processor.py:186} INFO - Started process (PID=27048) to work on /home/verma-tv/.local/lib/python3.11/site-packages/airflow/example_dags/example_branch_labels.py
[2025-01-28T12:10:07.990+0530] {processor.py:914} INFO - Processing file /home/verma-tv/.local/lib/python3.11/site-packages/airflow/example_dags/example_branch_labels.py for tasks to queue
[2025-01-28T12:10:07.992+0530] {logging_mixin.py:190} INFO - [2025-01-28T12:10:07.992+0530] {dagbag.py:588} INFO - Filling up the DagBag from /home/verma-tv/.local/lib/python3.11/site-packages/airflow/example_dags/example_branch_labels.py
[2025-01-28T12:10:08.000+0530] {processor.py:925} INFO - DAG(s) 'example_branch_labels' retrieved from /home/verma-tv/.local/lib/python3.11/site-packages/airflow/example_dags/example_branch_labels.py
[2025-01-28T12:10:08.013+0530] {logging_mixin.py:190} INFO - [2025-01-28T12:10:08.012+0530] {dag.py:3239} INFO - Sync 1 DAGs
[2025-01-28T12:10:08.027+0530] {logging_mixin.py:190} INFO - [2025-01-28T12:10:08.026+0530] {dag.py:4180} INFO - Setting next_dagrun for example_branch_labels to 2025-01-27 00:00:00+00:00, run_after=2025-01-28 00:00:00+00:00
[2025-01-28T12:10:08.040+0530] {processor.py:208} INFO - Processing /home/verma-tv/.local/lib/python3.11/site-packages/airflow/example_dags/example_branch_labels.py took 0.056 seconds
[2025-01-28T12:11:25.268+0530] {processor.py:186} INFO - Started process (PID=27440) to work on /home/verma-tv/.local/lib/python3.11/site-packages/airflow/example_dags/example_branch_labels.py
[2025-01-28T12:11:25.269+0530] {processor.py:914} INFO - Processing file /home/verma-tv/.local/lib/python3.11/site-packages/airflow/example_dags/example_branch_labels.py for tasks to queue
[2025-01-28T12:11:25.271+0530] {logging_mixin.py:190} INFO - [2025-01-28T12:11:25.271+0530] {dagbag.py:588} INFO - Filling up the DagBag from /home/verma-tv/.local/lib/python3.11/site-packages/airflow/example_dags/example_branch_labels.py
[2025-01-28T12:11:25.279+0530] {processor.py:925} INFO - DAG(s) 'example_branch_labels' retrieved from /home/verma-tv/.local/lib/python3.11/site-packages/airflow/example_dags/example_branch_labels.py
[2025-01-28T12:11:25.293+0530] {logging_mixin.py:190} INFO - [2025-01-28T12:11:25.293+0530] {dag.py:3239} INFO - Sync 1 DAGs
[2025-01-28T12:11:25.308+0530] {logging_mixin.py:190} INFO - [2025-01-28T12:11:25.308+0530] {dag.py:4180} INFO - Setting next_dagrun for example_branch_labels to 2025-01-27 00:00:00+00:00, run_after=2025-01-28 00:00:00+00:00
[2025-01-28T12:11:25.323+0530] {processor.py:208} INFO - Processing /home/verma-tv/.local/lib/python3.11/site-packages/airflow/example_dags/example_branch_labels.py took 0.061 seconds
[2025-01-28T12:12:42.069+0530] {processor.py:186} INFO - Started process (PID=28160) to work on /home/verma-tv/.local/lib/python3.11/site-packages/airflow/example_dags/example_branch_labels.py
[2025-01-28T12:12:42.070+0530] {processor.py:914} INFO - Processing file /home/verma-tv/.local/lib/python3.11/site-packages/airflow/example_dags/example_branch_labels.py for tasks to queue
[2025-01-28T12:12:42.072+0530] {logging_mixin.py:190} INFO - [2025-01-28T12:12:42.072+0530] {dagbag.py:588} INFO - Filling up the DagBag from /home/verma-tv/.local/lib/python3.11/site-packages/airflow/example_dags/example_branch_labels.py
[2025-01-28T12:12:42.080+0530] {processor.py:925} INFO - DAG(s) 'example_branch_labels' retrieved from /home/verma-tv/.local/lib/python3.11/site-packages/airflow/example_dags/example_branch_labels.py
[2025-01-28T12:12:42.093+0530] {logging_mixin.py:190} INFO - [2025-01-28T12:12:42.093+0530] {dag.py:3239} INFO - Sync 1 DAGs
[2025-01-28T12:12:42.108+0530] {logging_mixin.py:190} INFO - [2025-01-28T12:12:42.108+0530] {dag.py:4180} INFO - Setting next_dagrun for example_branch_labels to 2025-01-27 00:00:00+00:00, run_after=2025-01-28 00:00:00+00:00
[2025-01-28T12:12:42.123+0530] {processor.py:208} INFO - Processing /home/verma-tv/.local/lib/python3.11/site-packages/airflow/example_dags/example_branch_labels.py took 0.058 seconds
[2025-01-28T12:13:59.566+0530] {processor.py:186} INFO - Started process (PID=28659) to work on /home/verma-tv/.local/lib/python3.11/site-packages/airflow/example_dags/example_branch_labels.py
[2025-01-28T12:13:59.574+0530] {processor.py:914} INFO - Processing file /home/verma-tv/.local/lib/python3.11/site-packages/airflow/example_dags/example_branch_labels.py for tasks to queue
[2025-01-28T12:13:59.577+0530] {logging_mixin.py:190} INFO - [2025-01-28T12:13:59.577+0530] {dagbag.py:588} INFO - Filling up the DagBag from /home/verma-tv/.local/lib/python3.11/site-packages/airflow/example_dags/example_branch_labels.py
[2025-01-28T12:13:59.585+0530] {processor.py:925} INFO - DAG(s) 'example_branch_labels' retrieved from /home/verma-tv/.local/lib/python3.11/site-packages/airflow/example_dags/example_branch_labels.py
[2025-01-28T12:13:59.599+0530] {logging_mixin.py:190} INFO - [2025-01-28T12:13:59.599+0530] {dag.py:3239} INFO - Sync 1 DAGs
[2025-01-28T12:13:59.614+0530] {logging_mixin.py:190} INFO - [2025-01-28T12:13:59.614+0530] {dag.py:4180} INFO - Setting next_dagrun for example_branch_labels to 2025-01-27 00:00:00+00:00, run_after=2025-01-28 00:00:00+00:00
[2025-01-28T12:13:59.628+0530] {processor.py:208} INFO - Processing /home/verma-tv/.local/lib/python3.11/site-packages/airflow/example_dags/example_branch_labels.py took 0.068 seconds
[2025-01-28T12:15:15.214+0530] {processor.py:186} INFO - Started process (PID=29576) to work on /home/verma-tv/.local/lib/python3.11/site-packages/airflow/example_dags/example_branch_labels.py
[2025-01-28T12:15:15.215+0530] {processor.py:914} INFO - Processing file /home/verma-tv/.local/lib/python3.11/site-packages/airflow/example_dags/example_branch_labels.py for tasks to queue
[2025-01-28T12:15:15.218+0530] {logging_mixin.py:190} INFO - [2025-01-28T12:15:15.218+0530] {dagbag.py:588} INFO - Filling up the DagBag from /home/verma-tv/.local/lib/python3.11/site-packages/airflow/example_dags/example_branch_labels.py
[2025-01-28T12:15:15.228+0530] {processor.py:925} INFO - DAG(s) 'example_branch_labels' retrieved from /home/verma-tv/.local/lib/python3.11/site-packages/airflow/example_dags/example_branch_labels.py
[2025-01-28T12:15:15.245+0530] {logging_mixin.py:190} INFO - [2025-01-28T12:15:15.244+0530] {dag.py:3239} INFO - Sync 1 DAGs
[2025-01-28T12:15:15.263+0530] {logging_mixin.py:190} INFO - [2025-01-28T12:15:15.263+0530] {dag.py:4180} INFO - Setting next_dagrun for example_branch_labels to 2025-01-27 00:00:00+00:00, run_after=2025-01-28 00:00:00+00:00
[2025-01-28T12:15:15.285+0530] {processor.py:208} INFO - Processing /home/verma-tv/.local/lib/python3.11/site-packages/airflow/example_dags/example_branch_labels.py took 0.078 seconds
[2025-01-28T12:16:31.069+0530] {processor.py:186} INFO - Started process (PID=30197) to work on /home/verma-tv/.local/lib/python3.11/site-packages/airflow/example_dags/example_branch_labels.py
[2025-01-28T12:16:31.070+0530] {processor.py:914} INFO - Processing file /home/verma-tv/.local/lib/python3.11/site-packages/airflow/example_dags/example_branch_labels.py for tasks to queue
[2025-01-28T12:16:31.072+0530] {logging_mixin.py:190} INFO - [2025-01-28T12:16:31.071+0530] {dagbag.py:588} INFO - Filling up the DagBag from /home/verma-tv/.local/lib/python3.11/site-packages/airflow/example_dags/example_branch_labels.py
[2025-01-28T12:16:31.079+0530] {processor.py:925} INFO - DAG(s) 'example_branch_labels' retrieved from /home/verma-tv/.local/lib/python3.11/site-packages/airflow/example_dags/example_branch_labels.py
[2025-01-28T12:16:31.091+0530] {logging_mixin.py:190} INFO - [2025-01-28T12:16:31.091+0530] {dag.py:3239} INFO - Sync 1 DAGs
[2025-01-28T12:16:31.105+0530] {logging_mixin.py:190} INFO - [2025-01-28T12:16:31.105+0530] {dag.py:4180} INFO - Setting next_dagrun for example_branch_labels to 2025-01-27 00:00:00+00:00, run_after=2025-01-28 00:00:00+00:00
[2025-01-28T12:16:31.119+0530] {processor.py:208} INFO - Processing /home/verma-tv/.local/lib/python3.11/site-packages/airflow/example_dags/example_branch_labels.py took 0.054 seconds
[2025-01-28T12:17:49.014+0530] {processor.py:186} INFO - Started process (PID=30471) to work on /home/verma-tv/.local/lib/python3.11/site-packages/airflow/example_dags/example_branch_labels.py
[2025-01-28T12:17:49.027+0530] {processor.py:914} INFO - Processing file /home/verma-tv/.local/lib/python3.11/site-packages/airflow/example_dags/example_branch_labels.py for tasks to queue
[2025-01-28T12:17:49.029+0530] {logging_mixin.py:190} INFO - [2025-01-28T12:17:49.029+0530] {dagbag.py:588} INFO - Filling up the DagBag from /home/verma-tv/.local/lib/python3.11/site-packages/airflow/example_dags/example_branch_labels.py
[2025-01-28T12:17:49.037+0530] {processor.py:925} INFO - DAG(s) 'example_branch_labels' retrieved from /home/verma-tv/.local/lib/python3.11/site-packages/airflow/example_dags/example_branch_labels.py
[2025-01-28T12:17:49.048+0530] {logging_mixin.py:190} INFO - [2025-01-28T12:17:49.048+0530] {dag.py:3239} INFO - Sync 1 DAGs
[2025-01-28T12:17:49.063+0530] {logging_mixin.py:190} INFO - [2025-01-28T12:17:49.063+0530] {dag.py:4180} INFO - Setting next_dagrun for example_branch_labels to 2025-01-27 00:00:00+00:00, run_after=2025-01-28 00:00:00+00:00
[2025-01-28T12:17:49.077+0530] {processor.py:208} INFO - Processing /home/verma-tv/.local/lib/python3.11/site-packages/airflow/example_dags/example_branch_labels.py took 0.068 seconds
[2025-01-28T12:19:03.019+0530] {processor.py:186} INFO - Started process (PID=30733) to work on /home/verma-tv/.local/lib/python3.11/site-packages/airflow/example_dags/example_branch_labels.py
[2025-01-28T12:19:03.033+0530] {processor.py:914} INFO - Processing file /home/verma-tv/.local/lib/python3.11/site-packages/airflow/example_dags/example_branch_labels.py for tasks to queue
[2025-01-28T12:19:03.036+0530] {logging_mixin.py:190} INFO - [2025-01-28T12:19:03.035+0530] {dagbag.py:588} INFO - Filling up the DagBag from /home/verma-tv/.local/lib/python3.11/site-packages/airflow/example_dags/example_branch_labels.py
[2025-01-28T12:19:03.043+0530] {processor.py:925} INFO - DAG(s) 'example_branch_labels' retrieved from /home/verma-tv/.local/lib/python3.11/site-packages/airflow/example_dags/example_branch_labels.py
[2025-01-28T12:19:03.055+0530] {logging_mixin.py:190} INFO - [2025-01-28T12:19:03.055+0530] {dag.py:3239} INFO - Sync 1 DAGs
[2025-01-28T12:19:03.070+0530] {logging_mixin.py:190} INFO - [2025-01-28T12:19:03.070+0530] {dag.py:4180} INFO - Setting next_dagrun for example_branch_labels to 2025-01-27 00:00:00+00:00, run_after=2025-01-28 00:00:00+00:00
[2025-01-28T12:19:03.084+0530] {processor.py:208} INFO - Processing /home/verma-tv/.local/lib/python3.11/site-packages/airflow/example_dags/example_branch_labels.py took 0.069 seconds
[2025-01-28T12:19:55.544+0530] {processor.py:186} INFO - Started process (PID=30925) to work on /home/verma-tv/.local/lib/python3.11/site-packages/airflow/example_dags/example_branch_labels.py
[2025-01-28T12:19:55.557+0530] {processor.py:914} INFO - Processing file /home/verma-tv/.local/lib/python3.11/site-packages/airflow/example_dags/example_branch_labels.py for tasks to queue
[2025-01-28T12:19:55.559+0530] {logging_mixin.py:190} INFO - [2025-01-28T12:19:55.559+0530] {dagbag.py:588} INFO - Filling up the DagBag from /home/verma-tv/.local/lib/python3.11/site-packages/airflow/example_dags/example_branch_labels.py
[2025-01-28T12:19:55.567+0530] {processor.py:925} INFO - DAG(s) 'example_branch_labels' retrieved from /home/verma-tv/.local/lib/python3.11/site-packages/airflow/example_dags/example_branch_labels.py
[2025-01-28T12:19:55.579+0530] {logging_mixin.py:190} INFO - [2025-01-28T12:19:55.579+0530] {dag.py:3239} INFO - Sync 1 DAGs
[2025-01-28T12:19:55.593+0530] {logging_mixin.py:190} INFO - [2025-01-28T12:19:55.593+0530] {dag.py:4180} INFO - Setting next_dagrun for example_branch_labels to 2025-01-27 00:00:00+00:00, run_after=2025-01-28 00:00:00+00:00
[2025-01-28T12:19:55.608+0530] {processor.py:208} INFO - Processing /home/verma-tv/.local/lib/python3.11/site-packages/airflow/example_dags/example_branch_labels.py took 0.069 seconds
[2025-01-28T12:21:13.807+0530] {processor.py:186} INFO - Started process (PID=31200) to work on /home/verma-tv/.local/lib/python3.11/site-packages/airflow/example_dags/example_branch_labels.py
[2025-01-28T12:21:13.819+0530] {processor.py:914} INFO - Processing file /home/verma-tv/.local/lib/python3.11/site-packages/airflow/example_dags/example_branch_labels.py for tasks to queue
[2025-01-28T12:21:13.821+0530] {logging_mixin.py:190} INFO - [2025-01-28T12:21:13.821+0530] {dagbag.py:588} INFO - Filling up the DagBag from /home/verma-tv/.local/lib/python3.11/site-packages/airflow/example_dags/example_branch_labels.py
[2025-01-28T12:21:13.829+0530] {processor.py:925} INFO - DAG(s) 'example_branch_labels' retrieved from /home/verma-tv/.local/lib/python3.11/site-packages/airflow/example_dags/example_branch_labels.py
[2025-01-28T12:21:13.841+0530] {logging_mixin.py:190} INFO - [2025-01-28T12:21:13.841+0530] {dag.py:3239} INFO - Sync 1 DAGs
[2025-01-28T12:21:13.855+0530] {logging_mixin.py:190} INFO - [2025-01-28T12:21:13.855+0530] {dag.py:4180} INFO - Setting next_dagrun for example_branch_labels to 2025-01-27 00:00:00+00:00, run_after=2025-01-28 00:00:00+00:00
[2025-01-28T12:21:13.870+0530] {processor.py:208} INFO - Processing /home/verma-tv/.local/lib/python3.11/site-packages/airflow/example_dags/example_branch_labels.py took 0.068 seconds
[2025-01-28T12:22:26.934+0530] {processor.py:186} INFO - Started process (PID=31412) to work on /home/verma-tv/.local/lib/python3.11/site-packages/airflow/example_dags/example_branch_labels.py
[2025-01-28T12:22:26.947+0530] {processor.py:914} INFO - Processing file /home/verma-tv/.local/lib/python3.11/site-packages/airflow/example_dags/example_branch_labels.py for tasks to queue
[2025-01-28T12:22:26.949+0530] {logging_mixin.py:190} INFO - [2025-01-28T12:22:26.949+0530] {dagbag.py:588} INFO - Filling up the DagBag from /home/verma-tv/.local/lib/python3.11/site-packages/airflow/example_dags/example_branch_labels.py
[2025-01-28T12:22:26.959+0530] {processor.py:925} INFO - DAG(s) 'example_branch_labels' retrieved from /home/verma-tv/.local/lib/python3.11/site-packages/airflow/example_dags/example_branch_labels.py
[2025-01-28T12:22:26.971+0530] {logging_mixin.py:190} INFO - [2025-01-28T12:22:26.971+0530] {dag.py:3239} INFO - Sync 1 DAGs
[2025-01-28T12:22:26.987+0530] {logging_mixin.py:190} INFO - [2025-01-28T12:22:26.987+0530] {dag.py:4180} INFO - Setting next_dagrun for example_branch_labels to 2025-01-27 00:00:00+00:00, run_after=2025-01-28 00:00:00+00:00
[2025-01-28T12:22:27.003+0530] {processor.py:208} INFO - Processing /home/verma-tv/.local/lib/python3.11/site-packages/airflow/example_dags/example_branch_labels.py took 0.073 seconds
[2025-01-28T12:23:37.715+0530] {processor.py:186} INFO - Started process (PID=31619) to work on /home/verma-tv/.local/lib/python3.11/site-packages/airflow/example_dags/example_branch_labels.py
[2025-01-28T12:23:37.729+0530] {processor.py:914} INFO - Processing file /home/verma-tv/.local/lib/python3.11/site-packages/airflow/example_dags/example_branch_labels.py for tasks to queue
[2025-01-28T12:23:37.731+0530] {logging_mixin.py:190} INFO - [2025-01-28T12:23:37.731+0530] {dagbag.py:588} INFO - Filling up the DagBag from /home/verma-tv/.local/lib/python3.11/site-packages/airflow/example_dags/example_branch_labels.py
[2025-01-28T12:23:37.739+0530] {processor.py:925} INFO - DAG(s) 'example_branch_labels' retrieved from /home/verma-tv/.local/lib/python3.11/site-packages/airflow/example_dags/example_branch_labels.py
[2025-01-28T12:23:37.750+0530] {logging_mixin.py:190} INFO - [2025-01-28T12:23:37.750+0530] {dag.py:3239} INFO - Sync 1 DAGs
[2025-01-28T12:23:37.765+0530] {logging_mixin.py:190} INFO - [2025-01-28T12:23:37.764+0530] {dag.py:4180} INFO - Setting next_dagrun for example_branch_labels to 2025-01-27 00:00:00+00:00, run_after=2025-01-28 00:00:00+00:00
[2025-01-28T12:23:37.778+0530] {processor.py:208} INFO - Processing /home/verma-tv/.local/lib/python3.11/site-packages/airflow/example_dags/example_branch_labels.py took 0.067 seconds
[2025-01-28T12:24:54.105+0530] {processor.py:186} INFO - Started process (PID=31968) to work on /home/verma-tv/.local/lib/python3.11/site-packages/airflow/example_dags/example_branch_labels.py
[2025-01-28T12:24:54.106+0530] {processor.py:914} INFO - Processing file /home/verma-tv/.local/lib/python3.11/site-packages/airflow/example_dags/example_branch_labels.py for tasks to queue
[2025-01-28T12:24:54.107+0530] {logging_mixin.py:190} INFO - [2025-01-28T12:24:54.107+0530] {dagbag.py:588} INFO - Filling up the DagBag from /home/verma-tv/.local/lib/python3.11/site-packages/airflow/example_dags/example_branch_labels.py
[2025-01-28T12:24:54.115+0530] {processor.py:925} INFO - DAG(s) 'example_branch_labels' retrieved from /home/verma-tv/.local/lib/python3.11/site-packages/airflow/example_dags/example_branch_labels.py
[2025-01-28T12:24:54.127+0530] {logging_mixin.py:190} INFO - [2025-01-28T12:24:54.127+0530] {dag.py:3239} INFO - Sync 1 DAGs
[2025-01-28T12:24:54.143+0530] {logging_mixin.py:190} INFO - [2025-01-28T12:24:54.143+0530] {dag.py:4180} INFO - Setting next_dagrun for example_branch_labels to 2025-01-27 00:00:00+00:00, run_after=2025-01-28 00:00:00+00:00
[2025-01-28T12:24:54.158+0530] {processor.py:208} INFO - Processing /home/verma-tv/.local/lib/python3.11/site-packages/airflow/example_dags/example_branch_labels.py took 0.059 seconds
[2025-01-28T12:25:47.603+0530] {processor.py:186} INFO - Started process (PID=32287) to work on /home/verma-tv/.local/lib/python3.11/site-packages/airflow/example_dags/example_branch_labels.py
[2025-01-28T12:25:47.604+0530] {processor.py:914} INFO - Processing file /home/verma-tv/.local/lib/python3.11/site-packages/airflow/example_dags/example_branch_labels.py for tasks to queue
[2025-01-28T12:25:47.606+0530] {logging_mixin.py:190} INFO - [2025-01-28T12:25:47.606+0530] {dagbag.py:588} INFO - Filling up the DagBag from /home/verma-tv/.local/lib/python3.11/site-packages/airflow/example_dags/example_branch_labels.py
[2025-01-28T12:25:47.616+0530] {processor.py:925} INFO - DAG(s) 'example_branch_labels' retrieved from /home/verma-tv/.local/lib/python3.11/site-packages/airflow/example_dags/example_branch_labels.py
[2025-01-28T12:25:47.630+0530] {logging_mixin.py:190} INFO - [2025-01-28T12:25:47.629+0530] {dag.py:3239} INFO - Sync 1 DAGs
[2025-01-28T12:25:47.647+0530] {logging_mixin.py:190} INFO - [2025-01-28T12:25:47.647+0530] {dag.py:4180} INFO - Setting next_dagrun for example_branch_labels to 2025-01-27 00:00:00+00:00, run_after=2025-01-28 00:00:00+00:00
[2025-01-28T12:25:47.664+0530] {processor.py:208} INFO - Processing /home/verma-tv/.local/lib/python3.11/site-packages/airflow/example_dags/example_branch_labels.py took 0.065 seconds
[2025-01-28T12:27:02.585+0530] {processor.py:186} INFO - Started process (PID=32608) to work on /home/verma-tv/.local/lib/python3.11/site-packages/airflow/example_dags/example_branch_labels.py
[2025-01-28T12:27:02.598+0530] {processor.py:914} INFO - Processing file /home/verma-tv/.local/lib/python3.11/site-packages/airflow/example_dags/example_branch_labels.py for tasks to queue
[2025-01-28T12:27:02.600+0530] {logging_mixin.py:190} INFO - [2025-01-28T12:27:02.600+0530] {dagbag.py:588} INFO - Filling up the DagBag from /home/verma-tv/.local/lib/python3.11/site-packages/airflow/example_dags/example_branch_labels.py
[2025-01-28T12:27:02.608+0530] {processor.py:925} INFO - DAG(s) 'example_branch_labels' retrieved from /home/verma-tv/.local/lib/python3.11/site-packages/airflow/example_dags/example_branch_labels.py
[2025-01-28T12:27:02.623+0530] {logging_mixin.py:190} INFO - [2025-01-28T12:27:02.622+0530] {dag.py:3239} INFO - Sync 1 DAGs
[2025-01-28T12:27:02.639+0530] {logging_mixin.py:190} INFO - [2025-01-28T12:27:02.639+0530] {dag.py:4180} INFO - Setting next_dagrun for example_branch_labels to 2025-01-27 00:00:00+00:00, run_after=2025-01-28 00:00:00+00:00
[2025-01-28T12:27:02.654+0530] {processor.py:208} INFO - Processing /home/verma-tv/.local/lib/python3.11/site-packages/airflow/example_dags/example_branch_labels.py took 0.076 seconds
[2025-01-28T12:27:58.143+0530] {processor.py:186} INFO - Started process (PID=32777) to work on /home/verma-tv/.local/lib/python3.11/site-packages/airflow/example_dags/example_branch_labels.py
[2025-01-28T12:27:58.145+0530] {processor.py:914} INFO - Processing file /home/verma-tv/.local/lib/python3.11/site-packages/airflow/example_dags/example_branch_labels.py for tasks to queue
[2025-01-28T12:27:58.150+0530] {logging_mixin.py:190} INFO - [2025-01-28T12:27:58.149+0530] {dagbag.py:588} INFO - Filling up the DagBag from /home/verma-tv/.local/lib/python3.11/site-packages/airflow/example_dags/example_branch_labels.py
[2025-01-28T12:27:58.158+0530] {processor.py:925} INFO - DAG(s) 'example_branch_labels' retrieved from /home/verma-tv/.local/lib/python3.11/site-packages/airflow/example_dags/example_branch_labels.py
[2025-01-28T12:27:58.173+0530] {logging_mixin.py:190} INFO - [2025-01-28T12:27:58.173+0530] {dag.py:3239} INFO - Sync 1 DAGs
[2025-01-28T12:27:58.189+0530] {logging_mixin.py:190} INFO - [2025-01-28T12:27:58.188+0530] {dag.py:4180} INFO - Setting next_dagrun for example_branch_labels to 2025-01-27 00:00:00+00:00, run_after=2025-01-28 00:00:00+00:00
[2025-01-28T12:27:58.205+0530] {processor.py:208} INFO - Processing /home/verma-tv/.local/lib/python3.11/site-packages/airflow/example_dags/example_branch_labels.py took 0.068 seconds
[2025-01-28T12:28:51.900+0530] {processor.py:186} INFO - Started process (PID=32895) to work on /home/verma-tv/.local/lib/python3.11/site-packages/airflow/example_dags/example_branch_labels.py
[2025-01-28T12:28:51.901+0530] {processor.py:914} INFO - Processing file /home/verma-tv/.local/lib/python3.11/site-packages/airflow/example_dags/example_branch_labels.py for tasks to queue
[2025-01-28T12:28:51.903+0530] {logging_mixin.py:190} INFO - [2025-01-28T12:28:51.903+0530] {dagbag.py:588} INFO - Filling up the DagBag from /home/verma-tv/.local/lib/python3.11/site-packages/airflow/example_dags/example_branch_labels.py
[2025-01-28T12:28:51.915+0530] {processor.py:925} INFO - DAG(s) 'example_branch_labels' retrieved from /home/verma-tv/.local/lib/python3.11/site-packages/airflow/example_dags/example_branch_labels.py
[2025-01-28T12:28:51.931+0530] {logging_mixin.py:190} INFO - [2025-01-28T12:28:51.930+0530] {dag.py:3239} INFO - Sync 1 DAGs
[2025-01-28T12:28:51.949+0530] {logging_mixin.py:190} INFO - [2025-01-28T12:28:51.949+0530] {dag.py:4180} INFO - Setting next_dagrun for example_branch_labels to 2025-01-27 00:00:00+00:00, run_after=2025-01-28 00:00:00+00:00
[2025-01-28T12:28:51.968+0530] {processor.py:208} INFO - Processing /home/verma-tv/.local/lib/python3.11/site-packages/airflow/example_dags/example_branch_labels.py took 0.075 seconds
[2025-01-28T12:30:08.983+0530] {processor.py:186} INFO - Started process (PID=33209) to work on /home/verma-tv/.local/lib/python3.11/site-packages/airflow/example_dags/example_branch_labels.py
[2025-01-28T12:30:08.995+0530] {processor.py:914} INFO - Processing file /home/verma-tv/.local/lib/python3.11/site-packages/airflow/example_dags/example_branch_labels.py for tasks to queue
[2025-01-28T12:30:08.997+0530] {logging_mixin.py:190} INFO - [2025-01-28T12:30:08.997+0530] {dagbag.py:588} INFO - Filling up the DagBag from /home/verma-tv/.local/lib/python3.11/site-packages/airflow/example_dags/example_branch_labels.py
[2025-01-28T12:30:09.006+0530] {processor.py:925} INFO - DAG(s) 'example_branch_labels' retrieved from /home/verma-tv/.local/lib/python3.11/site-packages/airflow/example_dags/example_branch_labels.py
[2025-01-28T12:30:09.020+0530] {logging_mixin.py:190} INFO - [2025-01-28T12:30:09.019+0530] {dag.py:3239} INFO - Sync 1 DAGs
[2025-01-28T12:30:09.036+0530] {logging_mixin.py:190} INFO - [2025-01-28T12:30:09.036+0530] {dag.py:4180} INFO - Setting next_dagrun for example_branch_labels to 2025-01-27 00:00:00+00:00, run_after=2025-01-28 00:00:00+00:00
[2025-01-28T12:30:09.053+0530] {processor.py:208} INFO - Processing /home/verma-tv/.local/lib/python3.11/site-packages/airflow/example_dags/example_branch_labels.py took 0.075 seconds
[2025-01-28T12:31:25.354+0530] {processor.py:186} INFO - Started process (PID=33480) to work on /home/verma-tv/.local/lib/python3.11/site-packages/airflow/example_dags/example_branch_labels.py
[2025-01-28T12:31:25.366+0530] {processor.py:914} INFO - Processing file /home/verma-tv/.local/lib/python3.11/site-packages/airflow/example_dags/example_branch_labels.py for tasks to queue
[2025-01-28T12:31:25.369+0530] {logging_mixin.py:190} INFO - [2025-01-28T12:31:25.369+0530] {dagbag.py:588} INFO - Filling up the DagBag from /home/verma-tv/.local/lib/python3.11/site-packages/airflow/example_dags/example_branch_labels.py
[2025-01-28T12:31:25.378+0530] {processor.py:925} INFO - DAG(s) 'example_branch_labels' retrieved from /home/verma-tv/.local/lib/python3.11/site-packages/airflow/example_dags/example_branch_labels.py
[2025-01-28T12:31:25.391+0530] {logging_mixin.py:190} INFO - [2025-01-28T12:31:25.391+0530] {dag.py:3239} INFO - Sync 1 DAGs
[2025-01-28T12:31:25.407+0530] {logging_mixin.py:190} INFO - [2025-01-28T12:31:25.407+0530] {dag.py:4180} INFO - Setting next_dagrun for example_branch_labels to 2025-01-27 00:00:00+00:00, run_after=2025-01-28 00:00:00+00:00
[2025-01-28T12:31:25.423+0530] {processor.py:208} INFO - Processing /home/verma-tv/.local/lib/python3.11/site-packages/airflow/example_dags/example_branch_labels.py took 0.074 seconds
[2025-01-28T12:32:45.084+0530] {processor.py:186} INFO - Started process (PID=33728) to work on /home/verma-tv/.local/lib/python3.11/site-packages/airflow/example_dags/example_branch_labels.py
[2025-01-28T12:32:45.085+0530] {processor.py:914} INFO - Processing file /home/verma-tv/.local/lib/python3.11/site-packages/airflow/example_dags/example_branch_labels.py for tasks to queue
[2025-01-28T12:32:45.087+0530] {logging_mixin.py:190} INFO - [2025-01-28T12:32:45.086+0530] {dagbag.py:588} INFO - Filling up the DagBag from /home/verma-tv/.local/lib/python3.11/site-packages/airflow/example_dags/example_branch_labels.py
[2025-01-28T12:32:45.098+0530] {processor.py:925} INFO - DAG(s) 'example_branch_labels' retrieved from /home/verma-tv/.local/lib/python3.11/site-packages/airflow/example_dags/example_branch_labels.py
[2025-01-28T12:32:45.112+0530] {logging_mixin.py:190} INFO - [2025-01-28T12:32:45.111+0530] {dag.py:3239} INFO - Sync 1 DAGs
[2025-01-28T12:32:45.128+0530] {logging_mixin.py:190} INFO - [2025-01-28T12:32:45.128+0530] {dag.py:4180} INFO - Setting next_dagrun for example_branch_labels to 2025-01-27 00:00:00+00:00, run_after=2025-01-28 00:00:00+00:00
[2025-01-28T12:32:45.146+0530] {processor.py:208} INFO - Processing /home/verma-tv/.local/lib/python3.11/site-packages/airflow/example_dags/example_branch_labels.py took 0.067 seconds
[2025-01-28T12:34:05.379+0530] {processor.py:186} INFO - Started process (PID=34046) to work on /home/verma-tv/.local/lib/python3.11/site-packages/airflow/example_dags/example_branch_labels.py
[2025-01-28T12:34:05.396+0530] {processor.py:914} INFO - Processing file /home/verma-tv/.local/lib/python3.11/site-packages/airflow/example_dags/example_branch_labels.py for tasks to queue
[2025-01-28T12:34:05.409+0530] {logging_mixin.py:190} INFO - [2025-01-28T12:34:05.407+0530] {dagbag.py:588} INFO - Filling up the DagBag from /home/verma-tv/.local/lib/python3.11/site-packages/airflow/example_dags/example_branch_labels.py
[2025-01-28T12:34:05.456+0530] {processor.py:925} INFO - DAG(s) 'example_branch_labels' retrieved from /home/verma-tv/.local/lib/python3.11/site-packages/airflow/example_dags/example_branch_labels.py
[2025-01-28T12:34:05.515+0530] {logging_mixin.py:190} INFO - [2025-01-28T12:34:05.514+0530] {dag.py:3239} INFO - Sync 1 DAGs
[2025-01-28T12:34:05.582+0530] {logging_mixin.py:190} INFO - [2025-01-28T12:34:05.581+0530] {dag.py:4180} INFO - Setting next_dagrun for example_branch_labels to 2025-01-27 00:00:00+00:00, run_after=2025-01-28 00:00:00+00:00
[2025-01-28T12:34:05.675+0530] {processor.py:208} INFO - Processing /home/verma-tv/.local/lib/python3.11/site-packages/airflow/example_dags/example_branch_labels.py took 0.319 seconds
[2025-01-28T12:35:00.911+0530] {processor.py:186} INFO - Started process (PID=34249) to work on /home/verma-tv/.local/lib/python3.11/site-packages/airflow/example_dags/example_branch_labels.py
[2025-01-28T12:35:00.924+0530] {processor.py:914} INFO - Processing file /home/verma-tv/.local/lib/python3.11/site-packages/airflow/example_dags/example_branch_labels.py for tasks to queue
[2025-01-28T12:35:00.926+0530] {logging_mixin.py:190} INFO - [2025-01-28T12:35:00.926+0530] {dagbag.py:588} INFO - Filling up the DagBag from /home/verma-tv/.local/lib/python3.11/site-packages/airflow/example_dags/example_branch_labels.py
[2025-01-28T12:35:00.934+0530] {processor.py:925} INFO - DAG(s) 'example_branch_labels' retrieved from /home/verma-tv/.local/lib/python3.11/site-packages/airflow/example_dags/example_branch_labels.py
[2025-01-28T12:35:00.948+0530] {logging_mixin.py:190} INFO - [2025-01-28T12:35:00.948+0530] {dag.py:3239} INFO - Sync 1 DAGs
[2025-01-28T12:35:00.963+0530] {logging_mixin.py:190} INFO - [2025-01-28T12:35:00.963+0530] {dag.py:4180} INFO - Setting next_dagrun for example_branch_labels to 2025-01-27 00:00:00+00:00, run_after=2025-01-28 00:00:00+00:00
[2025-01-28T12:35:00.979+0530] {processor.py:208} INFO - Processing /home/verma-tv/.local/lib/python3.11/site-packages/airflow/example_dags/example_branch_labels.py took 0.075 seconds
[2025-01-28T12:36:19.124+0530] {processor.py:186} INFO - Started process (PID=34522) to work on /home/verma-tv/.local/lib/python3.11/site-packages/airflow/example_dags/example_branch_labels.py
[2025-01-28T12:36:19.125+0530] {processor.py:914} INFO - Processing file /home/verma-tv/.local/lib/python3.11/site-packages/airflow/example_dags/example_branch_labels.py for tasks to queue
[2025-01-28T12:36:19.127+0530] {logging_mixin.py:190} INFO - [2025-01-28T12:36:19.127+0530] {dagbag.py:588} INFO - Filling up the DagBag from /home/verma-tv/.local/lib/python3.11/site-packages/airflow/example_dags/example_branch_labels.py
[2025-01-28T12:36:19.137+0530] {processor.py:925} INFO - DAG(s) 'example_branch_labels' retrieved from /home/verma-tv/.local/lib/python3.11/site-packages/airflow/example_dags/example_branch_labels.py
[2025-01-28T12:36:19.152+0530] {logging_mixin.py:190} INFO - [2025-01-28T12:36:19.152+0530] {dag.py:3239} INFO - Sync 1 DAGs
[2025-01-28T12:36:19.172+0530] {logging_mixin.py:190} INFO - [2025-01-28T12:36:19.172+0530] {dag.py:4180} INFO - Setting next_dagrun for example_branch_labels to 2025-01-27 00:00:00+00:00, run_after=2025-01-28 00:00:00+00:00
[2025-01-28T12:36:19.187+0530] {processor.py:208} INFO - Processing /home/verma-tv/.local/lib/python3.11/site-packages/airflow/example_dags/example_branch_labels.py took 0.068 seconds
[2025-01-28T12:37:12.001+0530] {processor.py:186} INFO - Started process (PID=34702) to work on /home/verma-tv/.local/lib/python3.11/site-packages/airflow/example_dags/example_branch_labels.py
[2025-01-28T12:37:12.013+0530] {processor.py:914} INFO - Processing file /home/verma-tv/.local/lib/python3.11/site-packages/airflow/example_dags/example_branch_labels.py for tasks to queue
[2025-01-28T12:37:12.015+0530] {logging_mixin.py:190} INFO - [2025-01-28T12:37:12.015+0530] {dagbag.py:588} INFO - Filling up the DagBag from /home/verma-tv/.local/lib/python3.11/site-packages/airflow/example_dags/example_branch_labels.py
[2025-01-28T12:37:12.023+0530] {processor.py:925} INFO - DAG(s) 'example_branch_labels' retrieved from /home/verma-tv/.local/lib/python3.11/site-packages/airflow/example_dags/example_branch_labels.py
[2025-01-28T12:37:12.035+0530] {logging_mixin.py:190} INFO - [2025-01-28T12:37:12.035+0530] {dag.py:3239} INFO - Sync 1 DAGs
[2025-01-28T12:37:12.049+0530] {logging_mixin.py:190} INFO - [2025-01-28T12:37:12.049+0530] {dag.py:4180} INFO - Setting next_dagrun for example_branch_labels to 2025-01-27 00:00:00+00:00, run_after=2025-01-28 00:00:00+00:00
[2025-01-28T12:37:12.063+0530] {processor.py:208} INFO - Processing /home/verma-tv/.local/lib/python3.11/site-packages/airflow/example_dags/example_branch_labels.py took 0.067 seconds
[2025-01-28T12:38:26.416+0530] {processor.py:186} INFO - Started process (PID=34923) to work on /home/verma-tv/.local/lib/python3.11/site-packages/airflow/example_dags/example_branch_labels.py
[2025-01-28T12:38:26.428+0530] {processor.py:914} INFO - Processing file /home/verma-tv/.local/lib/python3.11/site-packages/airflow/example_dags/example_branch_labels.py for tasks to queue
[2025-01-28T12:38:26.431+0530] {logging_mixin.py:190} INFO - [2025-01-28T12:38:26.431+0530] {dagbag.py:588} INFO - Filling up the DagBag from /home/verma-tv/.local/lib/python3.11/site-packages/airflow/example_dags/example_branch_labels.py
[2025-01-28T12:38:26.439+0530] {processor.py:925} INFO - DAG(s) 'example_branch_labels' retrieved from /home/verma-tv/.local/lib/python3.11/site-packages/airflow/example_dags/example_branch_labels.py
[2025-01-28T12:38:26.453+0530] {logging_mixin.py:190} INFO - [2025-01-28T12:38:26.452+0530] {dag.py:3239} INFO - Sync 1 DAGs
[2025-01-28T12:38:26.469+0530] {logging_mixin.py:190} INFO - [2025-01-28T12:38:26.469+0530] {dag.py:4180} INFO - Setting next_dagrun for example_branch_labels to 2025-01-27 00:00:00+00:00, run_after=2025-01-28 00:00:00+00:00
[2025-01-28T12:38:26.486+0530] {processor.py:208} INFO - Processing /home/verma-tv/.local/lib/python3.11/site-packages/airflow/example_dags/example_branch_labels.py took 0.075 seconds
[2025-01-28T12:39:21.521+0530] {processor.py:186} INFO - Started process (PID=35117) to work on /home/verma-tv/.local/lib/python3.11/site-packages/airflow/example_dags/example_branch_labels.py
[2025-01-28T12:39:21.533+0530] {processor.py:914} INFO - Processing file /home/verma-tv/.local/lib/python3.11/site-packages/airflow/example_dags/example_branch_labels.py for tasks to queue
[2025-01-28T12:39:21.536+0530] {logging_mixin.py:190} INFO - [2025-01-28T12:39:21.535+0530] {dagbag.py:588} INFO - Filling up the DagBag from /home/verma-tv/.local/lib/python3.11/site-packages/airflow/example_dags/example_branch_labels.py
[2025-01-28T12:39:21.544+0530] {processor.py:925} INFO - DAG(s) 'example_branch_labels' retrieved from /home/verma-tv/.local/lib/python3.11/site-packages/airflow/example_dags/example_branch_labels.py
[2025-01-28T12:39:21.558+0530] {logging_mixin.py:190} INFO - [2025-01-28T12:39:21.558+0530] {dag.py:3239} INFO - Sync 1 DAGs
[2025-01-28T12:39:21.575+0530] {logging_mixin.py:190} INFO - [2025-01-28T12:39:21.574+0530] {dag.py:4180} INFO - Setting next_dagrun for example_branch_labels to 2025-01-27 00:00:00+00:00, run_after=2025-01-28 00:00:00+00:00
[2025-01-28T12:39:21.590+0530] {processor.py:208} INFO - Processing /home/verma-tv/.local/lib/python3.11/site-packages/airflow/example_dags/example_branch_labels.py took 0.074 seconds
[2025-01-28T12:40:35.165+0530] {processor.py:186} INFO - Started process (PID=35386) to work on /home/verma-tv/.local/lib/python3.11/site-packages/airflow/example_dags/example_branch_labels.py
[2025-01-28T12:40:35.175+0530] {processor.py:914} INFO - Processing file /home/verma-tv/.local/lib/python3.11/site-packages/airflow/example_dags/example_branch_labels.py for tasks to queue
[2025-01-28T12:40:35.178+0530] {logging_mixin.py:190} INFO - [2025-01-28T12:40:35.177+0530] {dagbag.py:588} INFO - Filling up the DagBag from /home/verma-tv/.local/lib/python3.11/site-packages/airflow/example_dags/example_branch_labels.py
[2025-01-28T12:40:35.187+0530] {processor.py:925} INFO - DAG(s) 'example_branch_labels' retrieved from /home/verma-tv/.local/lib/python3.11/site-packages/airflow/example_dags/example_branch_labels.py
[2025-01-28T12:40:35.200+0530] {logging_mixin.py:190} INFO - [2025-01-28T12:40:35.200+0530] {dag.py:3239} INFO - Sync 1 DAGs
[2025-01-28T12:40:35.217+0530] {logging_mixin.py:190} INFO - [2025-01-28T12:40:35.217+0530] {dag.py:4180} INFO - Setting next_dagrun for example_branch_labels to 2025-01-27 00:00:00+00:00, run_after=2025-01-28 00:00:00+00:00
[2025-01-28T12:40:35.231+0530] {processor.py:208} INFO - Processing /home/verma-tv/.local/lib/python3.11/site-packages/airflow/example_dags/example_branch_labels.py took 0.071 seconds
[2025-01-28T12:41:48.444+0530] {processor.py:186} INFO - Started process (PID=36062) to work on /home/verma-tv/.local/lib/python3.11/site-packages/airflow/example_dags/example_branch_labels.py
[2025-01-28T12:41:48.458+0530] {processor.py:914} INFO - Processing file /home/verma-tv/.local/lib/python3.11/site-packages/airflow/example_dags/example_branch_labels.py for tasks to queue
[2025-01-28T12:41:48.459+0530] {logging_mixin.py:190} INFO - [2025-01-28T12:41:48.459+0530] {dagbag.py:588} INFO - Filling up the DagBag from /home/verma-tv/.local/lib/python3.11/site-packages/airflow/example_dags/example_branch_labels.py
[2025-01-28T12:41:48.467+0530] {processor.py:925} INFO - DAG(s) 'example_branch_labels' retrieved from /home/verma-tv/.local/lib/python3.11/site-packages/airflow/example_dags/example_branch_labels.py
[2025-01-28T12:41:48.479+0530] {logging_mixin.py:190} INFO - [2025-01-28T12:41:48.479+0530] {dag.py:3239} INFO - Sync 1 DAGs
[2025-01-28T12:41:48.493+0530] {logging_mixin.py:190} INFO - [2025-01-28T12:41:48.493+0530] {dag.py:4180} INFO - Setting next_dagrun for example_branch_labels to 2025-01-27 00:00:00+00:00, run_after=2025-01-28 00:00:00+00:00
[2025-01-28T12:41:48.507+0530] {processor.py:208} INFO - Processing /home/verma-tv/.local/lib/python3.11/site-packages/airflow/example_dags/example_branch_labels.py took 0.068 seconds
[2025-01-28T12:43:06.184+0530] {processor.py:186} INFO - Started process (PID=36656) to work on /home/verma-tv/.local/lib/python3.11/site-packages/airflow/example_dags/example_branch_labels.py
[2025-01-28T12:43:06.196+0530] {processor.py:914} INFO - Processing file /home/verma-tv/.local/lib/python3.11/site-packages/airflow/example_dags/example_branch_labels.py for tasks to queue
[2025-01-28T12:43:06.198+0530] {logging_mixin.py:190} INFO - [2025-01-28T12:43:06.198+0530] {dagbag.py:588} INFO - Filling up the DagBag from /home/verma-tv/.local/lib/python3.11/site-packages/airflow/example_dags/example_branch_labels.py
[2025-01-28T12:43:06.206+0530] {processor.py:925} INFO - DAG(s) 'example_branch_labels' retrieved from /home/verma-tv/.local/lib/python3.11/site-packages/airflow/example_dags/example_branch_labels.py
[2025-01-28T12:43:06.219+0530] {logging_mixin.py:190} INFO - [2025-01-28T12:43:06.218+0530] {dag.py:3239} INFO - Sync 1 DAGs
[2025-01-28T12:43:06.233+0530] {logging_mixin.py:190} INFO - [2025-01-28T12:43:06.232+0530] {dag.py:4180} INFO - Setting next_dagrun for example_branch_labels to 2025-01-27 00:00:00+00:00, run_after=2025-01-28 00:00:00+00:00
[2025-01-28T12:43:06.248+0530] {processor.py:208} INFO - Processing /home/verma-tv/.local/lib/python3.11/site-packages/airflow/example_dags/example_branch_labels.py took 0.069 seconds
[2025-01-28T12:44:23.292+0530] {processor.py:186} INFO - Started process (PID=37151) to work on /home/verma-tv/.local/lib/python3.11/site-packages/airflow/example_dags/example_branch_labels.py
[2025-01-28T12:44:23.305+0530] {processor.py:914} INFO - Processing file /home/verma-tv/.local/lib/python3.11/site-packages/airflow/example_dags/example_branch_labels.py for tasks to queue
[2025-01-28T12:44:23.307+0530] {logging_mixin.py:190} INFO - [2025-01-28T12:44:23.306+0530] {dagbag.py:588} INFO - Filling up the DagBag from /home/verma-tv/.local/lib/python3.11/site-packages/airflow/example_dags/example_branch_labels.py
[2025-01-28T12:44:23.317+0530] {processor.py:925} INFO - DAG(s) 'example_branch_labels' retrieved from /home/verma-tv/.local/lib/python3.11/site-packages/airflow/example_dags/example_branch_labels.py
[2025-01-28T12:44:23.330+0530] {logging_mixin.py:190} INFO - [2025-01-28T12:44:23.330+0530] {dag.py:3239} INFO - Sync 1 DAGs
[2025-01-28T12:44:23.347+0530] {logging_mixin.py:190} INFO - [2025-01-28T12:44:23.347+0530] {dag.py:4180} INFO - Setting next_dagrun for example_branch_labels to 2025-01-27 00:00:00+00:00, run_after=2025-01-28 00:00:00+00:00
[2025-01-28T12:44:23.365+0530] {processor.py:208} INFO - Processing /home/verma-tv/.local/lib/python3.11/site-packages/airflow/example_dags/example_branch_labels.py took 0.080 seconds
[2025-01-28T12:45:33.548+0530] {processor.py:186} INFO - Started process (PID=37522) to work on /home/verma-tv/.local/lib/python3.11/site-packages/airflow/example_dags/example_branch_labels.py
[2025-01-28T12:45:33.549+0530] {processor.py:914} INFO - Processing file /home/verma-tv/.local/lib/python3.11/site-packages/airflow/example_dags/example_branch_labels.py for tasks to queue
[2025-01-28T12:45:33.551+0530] {logging_mixin.py:190} INFO - [2025-01-28T12:45:33.550+0530] {dagbag.py:588} INFO - Filling up the DagBag from /home/verma-tv/.local/lib/python3.11/site-packages/airflow/example_dags/example_branch_labels.py
[2025-01-28T12:45:33.559+0530] {processor.py:925} INFO - DAG(s) 'example_branch_labels' retrieved from /home/verma-tv/.local/lib/python3.11/site-packages/airflow/example_dags/example_branch_labels.py
[2025-01-28T12:45:33.570+0530] {logging_mixin.py:190} INFO - [2025-01-28T12:45:33.570+0530] {dag.py:3239} INFO - Sync 1 DAGs
[2025-01-28T12:45:33.584+0530] {logging_mixin.py:190} INFO - [2025-01-28T12:45:33.584+0530] {dag.py:4180} INFO - Setting next_dagrun for example_branch_labels to 2025-01-27 00:00:00+00:00, run_after=2025-01-28 00:00:00+00:00
[2025-01-28T12:45:33.598+0530] {processor.py:208} INFO - Processing /home/verma-tv/.local/lib/python3.11/site-packages/airflow/example_dags/example_branch_labels.py took 0.055 seconds
[2025-01-28T12:46:51.737+0530] {processor.py:186} INFO - Started process (PID=37961) to work on /home/verma-tv/.local/lib/python3.11/site-packages/airflow/example_dags/example_branch_labels.py
[2025-01-28T12:46:51.738+0530] {processor.py:914} INFO - Processing file /home/verma-tv/.local/lib/python3.11/site-packages/airflow/example_dags/example_branch_labels.py for tasks to queue
[2025-01-28T12:46:51.740+0530] {logging_mixin.py:190} INFO - [2025-01-28T12:46:51.739+0530] {dagbag.py:588} INFO - Filling up the DagBag from /home/verma-tv/.local/lib/python3.11/site-packages/airflow/example_dags/example_branch_labels.py
[2025-01-28T12:46:51.749+0530] {processor.py:925} INFO - DAG(s) 'example_branch_labels' retrieved from /home/verma-tv/.local/lib/python3.11/site-packages/airflow/example_dags/example_branch_labels.py
[2025-01-28T12:46:51.761+0530] {logging_mixin.py:190} INFO - [2025-01-28T12:46:51.761+0530] {dag.py:3239} INFO - Sync 1 DAGs
[2025-01-28T12:46:51.778+0530] {logging_mixin.py:190} INFO - [2025-01-28T12:46:51.778+0530] {dag.py:4180} INFO - Setting next_dagrun for example_branch_labels to 2025-01-27 00:00:00+00:00, run_after=2025-01-28 00:00:00+00:00
[2025-01-28T12:46:51.792+0530] {processor.py:208} INFO - Processing /home/verma-tv/.local/lib/python3.11/site-packages/airflow/example_dags/example_branch_labels.py took 0.060 seconds
[2025-01-28T12:48:09.977+0530] {processor.py:186} INFO - Started process (PID=38314) to work on /home/verma-tv/.local/lib/python3.11/site-packages/airflow/example_dags/example_branch_labels.py
[2025-01-28T12:48:09.979+0530] {processor.py:914} INFO - Processing file /home/verma-tv/.local/lib/python3.11/site-packages/airflow/example_dags/example_branch_labels.py for tasks to queue
[2025-01-28T12:48:09.980+0530] {logging_mixin.py:190} INFO - [2025-01-28T12:48:09.980+0530] {dagbag.py:588} INFO - Filling up the DagBag from /home/verma-tv/.local/lib/python3.11/site-packages/airflow/example_dags/example_branch_labels.py
[2025-01-28T12:48:09.988+0530] {processor.py:925} INFO - DAG(s) 'example_branch_labels' retrieved from /home/verma-tv/.local/lib/python3.11/site-packages/airflow/example_dags/example_branch_labels.py
[2025-01-28T12:48:10.000+0530] {logging_mixin.py:190} INFO - [2025-01-28T12:48:10.000+0530] {dag.py:3239} INFO - Sync 1 DAGs
[2025-01-28T12:48:10.014+0530] {logging_mixin.py:190} INFO - [2025-01-28T12:48:10.014+0530] {dag.py:4180} INFO - Setting next_dagrun for example_branch_labels to 2025-01-27 00:00:00+00:00, run_after=2025-01-28 00:00:00+00:00
[2025-01-28T12:48:10.027+0530] {processor.py:208} INFO - Processing /home/verma-tv/.local/lib/python3.11/site-packages/airflow/example_dags/example_branch_labels.py took 0.054 seconds
[2025-01-28T12:49:27.238+0530] {processor.py:186} INFO - Started process (PID=38738) to work on /home/verma-tv/.local/lib/python3.11/site-packages/airflow/example_dags/example_branch_labels.py
[2025-01-28T12:49:27.239+0530] {processor.py:914} INFO - Processing file /home/verma-tv/.local/lib/python3.11/site-packages/airflow/example_dags/example_branch_labels.py for tasks to queue
[2025-01-28T12:49:27.240+0530] {logging_mixin.py:190} INFO - [2025-01-28T12:49:27.240+0530] {dagbag.py:588} INFO - Filling up the DagBag from /home/verma-tv/.local/lib/python3.11/site-packages/airflow/example_dags/example_branch_labels.py
[2025-01-28T12:49:27.249+0530] {processor.py:925} INFO - DAG(s) 'example_branch_labels' retrieved from /home/verma-tv/.local/lib/python3.11/site-packages/airflow/example_dags/example_branch_labels.py
[2025-01-28T12:49:27.261+0530] {logging_mixin.py:190} INFO - [2025-01-28T12:49:27.261+0530] {dag.py:3239} INFO - Sync 1 DAGs
[2025-01-28T12:49:27.278+0530] {logging_mixin.py:190} INFO - [2025-01-28T12:49:27.277+0530] {dag.py:4180} INFO - Setting next_dagrun for example_branch_labels to 2025-01-27 00:00:00+00:00, run_after=2025-01-28 00:00:00+00:00
[2025-01-28T12:49:27.291+0530] {processor.py:208} INFO - Processing /home/verma-tv/.local/lib/python3.11/site-packages/airflow/example_dags/example_branch_labels.py took 0.058 seconds
[2025-01-28T12:50:44.606+0530] {processor.py:186} INFO - Started process (PID=39063) to work on /home/verma-tv/.local/lib/python3.11/site-packages/airflow/example_dags/example_branch_labels.py
[2025-01-28T12:50:44.618+0530] {processor.py:914} INFO - Processing file /home/verma-tv/.local/lib/python3.11/site-packages/airflow/example_dags/example_branch_labels.py for tasks to queue
[2025-01-28T12:50:44.621+0530] {logging_mixin.py:190} INFO - [2025-01-28T12:50:44.621+0530] {dagbag.py:588} INFO - Filling up the DagBag from /home/verma-tv/.local/lib/python3.11/site-packages/airflow/example_dags/example_branch_labels.py
[2025-01-28T12:50:44.629+0530] {processor.py:925} INFO - DAG(s) 'example_branch_labels' retrieved from /home/verma-tv/.local/lib/python3.11/site-packages/airflow/example_dags/example_branch_labels.py
[2025-01-28T12:50:44.641+0530] {logging_mixin.py:190} INFO - [2025-01-28T12:50:44.641+0530] {dag.py:3239} INFO - Sync 1 DAGs
[2025-01-28T12:50:44.655+0530] {logging_mixin.py:190} INFO - [2025-01-28T12:50:44.654+0530] {dag.py:4180} INFO - Setting next_dagrun for example_branch_labels to 2025-01-27 00:00:00+00:00, run_after=2025-01-28 00:00:00+00:00
[2025-01-28T12:50:44.668+0530] {processor.py:208} INFO - Processing /home/verma-tv/.local/lib/python3.11/site-packages/airflow/example_dags/example_branch_labels.py took 0.066 seconds
[2025-01-28T12:52:01.769+0530] {processor.py:186} INFO - Started process (PID=39472) to work on /home/verma-tv/.local/lib/python3.11/site-packages/airflow/example_dags/example_branch_labels.py
[2025-01-28T12:52:01.770+0530] {processor.py:914} INFO - Processing file /home/verma-tv/.local/lib/python3.11/site-packages/airflow/example_dags/example_branch_labels.py for tasks to queue
[2025-01-28T12:52:01.773+0530] {logging_mixin.py:190} INFO - [2025-01-28T12:52:01.772+0530] {dagbag.py:588} INFO - Filling up the DagBag from /home/verma-tv/.local/lib/python3.11/site-packages/airflow/example_dags/example_branch_labels.py
[2025-01-28T12:52:01.784+0530] {processor.py:925} INFO - DAG(s) 'example_branch_labels' retrieved from /home/verma-tv/.local/lib/python3.11/site-packages/airflow/example_dags/example_branch_labels.py
[2025-01-28T12:52:01.802+0530] {logging_mixin.py:190} INFO - [2025-01-28T12:52:01.801+0530] {dag.py:3239} INFO - Sync 1 DAGs
[2025-01-28T12:52:01.822+0530] {logging_mixin.py:190} INFO - [2025-01-28T12:52:01.822+0530] {dag.py:4180} INFO - Setting next_dagrun for example_branch_labels to 2025-01-27 00:00:00+00:00, run_after=2025-01-28 00:00:00+00:00
[2025-01-28T12:52:01.842+0530] {processor.py:208} INFO - Processing /home/verma-tv/.local/lib/python3.11/site-packages/airflow/example_dags/example_branch_labels.py took 0.082 seconds
[2025-01-28T12:52:57.050+0530] {processor.py:186} INFO - Started process (PID=39725) to work on /home/verma-tv/.local/lib/python3.11/site-packages/airflow/example_dags/example_branch_labels.py
[2025-01-28T12:52:57.063+0530] {processor.py:914} INFO - Processing file /home/verma-tv/.local/lib/python3.11/site-packages/airflow/example_dags/example_branch_labels.py for tasks to queue
[2025-01-28T12:52:57.065+0530] {logging_mixin.py:190} INFO - [2025-01-28T12:52:57.065+0530] {dagbag.py:588} INFO - Filling up the DagBag from /home/verma-tv/.local/lib/python3.11/site-packages/airflow/example_dags/example_branch_labels.py
[2025-01-28T12:52:57.074+0530] {processor.py:925} INFO - DAG(s) 'example_branch_labels' retrieved from /home/verma-tv/.local/lib/python3.11/site-packages/airflow/example_dags/example_branch_labels.py
[2025-01-28T12:52:57.085+0530] {logging_mixin.py:190} INFO - [2025-01-28T12:52:57.085+0530] {dag.py:3239} INFO - Sync 1 DAGs
[2025-01-28T12:52:57.099+0530] {logging_mixin.py:190} INFO - [2025-01-28T12:52:57.099+0530] {dag.py:4180} INFO - Setting next_dagrun for example_branch_labels to 2025-01-27 00:00:00+00:00, run_after=2025-01-28 00:00:00+00:00
[2025-01-28T12:52:57.113+0530] {processor.py:208} INFO - Processing /home/verma-tv/.local/lib/python3.11/site-packages/airflow/example_dags/example_branch_labels.py took 0.067 seconds
[2025-01-28T12:54:14.146+0530] {processor.py:186} INFO - Started process (PID=40028) to work on /home/verma-tv/.local/lib/python3.11/site-packages/airflow/example_dags/example_branch_labels.py
[2025-01-28T12:54:14.159+0530] {processor.py:914} INFO - Processing file /home/verma-tv/.local/lib/python3.11/site-packages/airflow/example_dags/example_branch_labels.py for tasks to queue
[2025-01-28T12:54:14.161+0530] {logging_mixin.py:190} INFO - [2025-01-28T12:54:14.161+0530] {dagbag.py:588} INFO - Filling up the DagBag from /home/verma-tv/.local/lib/python3.11/site-packages/airflow/example_dags/example_branch_labels.py
[2025-01-28T12:54:14.172+0530] {processor.py:925} INFO - DAG(s) 'example_branch_labels' retrieved from /home/verma-tv/.local/lib/python3.11/site-packages/airflow/example_dags/example_branch_labels.py
[2025-01-28T12:54:14.190+0530] {logging_mixin.py:190} INFO - [2025-01-28T12:54:14.190+0530] {dag.py:3239} INFO - Sync 1 DAGs
[2025-01-28T12:54:14.207+0530] {logging_mixin.py:190} INFO - [2025-01-28T12:54:14.207+0530] {dag.py:4180} INFO - Setting next_dagrun for example_branch_labels to 2025-01-27 00:00:00+00:00, run_after=2025-01-28 00:00:00+00:00
[2025-01-28T12:54:14.224+0530] {processor.py:208} INFO - Processing /home/verma-tv/.local/lib/python3.11/site-packages/airflow/example_dags/example_branch_labels.py took 0.085 seconds
[2025-01-28T12:55:27.845+0530] {processor.py:186} INFO - Started process (PID=40341) to work on /home/verma-tv/.local/lib/python3.11/site-packages/airflow/example_dags/example_branch_labels.py
[2025-01-28T12:55:27.857+0530] {processor.py:914} INFO - Processing file /home/verma-tv/.local/lib/python3.11/site-packages/airflow/example_dags/example_branch_labels.py for tasks to queue
[2025-01-28T12:55:27.859+0530] {logging_mixin.py:190} INFO - [2025-01-28T12:55:27.859+0530] {dagbag.py:588} INFO - Filling up the DagBag from /home/verma-tv/.local/lib/python3.11/site-packages/airflow/example_dags/example_branch_labels.py
[2025-01-28T12:55:27.868+0530] {processor.py:925} INFO - DAG(s) 'example_branch_labels' retrieved from /home/verma-tv/.local/lib/python3.11/site-packages/airflow/example_dags/example_branch_labels.py
[2025-01-28T12:55:27.882+0530] {logging_mixin.py:190} INFO - [2025-01-28T12:55:27.882+0530] {dag.py:3239} INFO - Sync 1 DAGs
[2025-01-28T12:55:27.897+0530] {logging_mixin.py:190} INFO - [2025-01-28T12:55:27.897+0530] {dag.py:4180} INFO - Setting next_dagrun for example_branch_labels to 2025-01-27 00:00:00+00:00, run_after=2025-01-28 00:00:00+00:00
[2025-01-28T12:55:27.913+0530] {processor.py:208} INFO - Processing /home/verma-tv/.local/lib/python3.11/site-packages/airflow/example_dags/example_branch_labels.py took 0.073 seconds
[2025-01-28T12:56:44.838+0530] {processor.py:186} INFO - Started process (PID=40692) to work on /home/verma-tv/.local/lib/python3.11/site-packages/airflow/example_dags/example_branch_labels.py
[2025-01-28T12:56:44.851+0530] {processor.py:914} INFO - Processing file /home/verma-tv/.local/lib/python3.11/site-packages/airflow/example_dags/example_branch_labels.py for tasks to queue
[2025-01-28T12:56:44.853+0530] {logging_mixin.py:190} INFO - [2025-01-28T12:56:44.852+0530] {dagbag.py:588} INFO - Filling up the DagBag from /home/verma-tv/.local/lib/python3.11/site-packages/airflow/example_dags/example_branch_labels.py
[2025-01-28T12:56:44.861+0530] {processor.py:925} INFO - DAG(s) 'example_branch_labels' retrieved from /home/verma-tv/.local/lib/python3.11/site-packages/airflow/example_dags/example_branch_labels.py
[2025-01-28T12:56:44.872+0530] {logging_mixin.py:190} INFO - [2025-01-28T12:56:44.872+0530] {dag.py:3239} INFO - Sync 1 DAGs
[2025-01-28T12:56:44.886+0530] {logging_mixin.py:190} INFO - [2025-01-28T12:56:44.886+0530] {dag.py:4180} INFO - Setting next_dagrun for example_branch_labels to 2025-01-27 00:00:00+00:00, run_after=2025-01-28 00:00:00+00:00
[2025-01-28T12:56:44.900+0530] {processor.py:208} INFO - Processing /home/verma-tv/.local/lib/python3.11/site-packages/airflow/example_dags/example_branch_labels.py took 0.067 seconds
[2025-01-28T12:57:59.133+0530] {processor.py:186} INFO - Started process (PID=41073) to work on /home/verma-tv/.local/lib/python3.11/site-packages/airflow/example_dags/example_branch_labels.py
[2025-01-28T12:57:59.145+0530] {processor.py:914} INFO - Processing file /home/verma-tv/.local/lib/python3.11/site-packages/airflow/example_dags/example_branch_labels.py for tasks to queue
[2025-01-28T12:57:59.147+0530] {logging_mixin.py:190} INFO - [2025-01-28T12:57:59.147+0530] {dagbag.py:588} INFO - Filling up the DagBag from /home/verma-tv/.local/lib/python3.11/site-packages/airflow/example_dags/example_branch_labels.py
[2025-01-28T12:57:59.156+0530] {processor.py:925} INFO - DAG(s) 'example_branch_labels' retrieved from /home/verma-tv/.local/lib/python3.11/site-packages/airflow/example_dags/example_branch_labels.py
[2025-01-28T12:57:59.167+0530] {logging_mixin.py:190} INFO - [2025-01-28T12:57:59.167+0530] {dag.py:3239} INFO - Sync 1 DAGs
[2025-01-28T12:57:59.182+0530] {logging_mixin.py:190} INFO - [2025-01-28T12:57:59.181+0530] {dag.py:4180} INFO - Setting next_dagrun for example_branch_labels to 2025-01-27 00:00:00+00:00, run_after=2025-01-28 00:00:00+00:00
[2025-01-28T12:57:59.195+0530] {processor.py:208} INFO - Processing /home/verma-tv/.local/lib/python3.11/site-packages/airflow/example_dags/example_branch_labels.py took 0.067 seconds
[2025-01-28T12:59:13.446+0530] {processor.py:186} INFO - Started process (PID=41592) to work on /home/verma-tv/.local/lib/python3.11/site-packages/airflow/example_dags/example_branch_labels.py
[2025-01-28T12:59:13.447+0530] {processor.py:914} INFO - Processing file /home/verma-tv/.local/lib/python3.11/site-packages/airflow/example_dags/example_branch_labels.py for tasks to queue
[2025-01-28T12:59:13.449+0530] {logging_mixin.py:190} INFO - [2025-01-28T12:59:13.448+0530] {dagbag.py:588} INFO - Filling up the DagBag from /home/verma-tv/.local/lib/python3.11/site-packages/airflow/example_dags/example_branch_labels.py
[2025-01-28T12:59:13.458+0530] {processor.py:925} INFO - DAG(s) 'example_branch_labels' retrieved from /home/verma-tv/.local/lib/python3.11/site-packages/airflow/example_dags/example_branch_labels.py
[2025-01-28T12:59:13.472+0530] {logging_mixin.py:190} INFO - [2025-01-28T12:59:13.471+0530] {dag.py:3239} INFO - Sync 1 DAGs
[2025-01-28T12:59:13.488+0530] {logging_mixin.py:190} INFO - [2025-01-28T12:59:13.488+0530] {dag.py:4180} INFO - Setting next_dagrun for example_branch_labels to 2025-01-27 00:00:00+00:00, run_after=2025-01-28 00:00:00+00:00
[2025-01-28T12:59:13.503+0530] {processor.py:208} INFO - Processing /home/verma-tv/.local/lib/python3.11/site-packages/airflow/example_dags/example_branch_labels.py took 0.064 seconds
