[2025-01-28T11:40:11.839+0530] {processor.py:186} INFO - Started process (PID=17255) to work on /home/verma-tv/.local/lib/python3.11/site-packages/airflow/example_dags/example_bash_operator.py
[2025-01-28T11:40:11.840+0530] {processor.py:914} INFO - Processing file /home/verma-tv/.local/lib/python3.11/site-packages/airflow/example_dags/example_bash_operator.py for tasks to queue
[2025-01-28T11:40:11.842+0530] {logging_mixin.py:190} INFO - [2025-01-28T11:40:11.841+0530] {dagbag.py:588} INFO - Filling up the DagBag from /home/verma-tv/.local/lib/python3.11/site-packages/airflow/example_dags/example_bash_operator.py
[2025-01-28T11:40:11.855+0530] {processor.py:925} INFO - DAG(s) 'example_bash_operator' retrieved from /home/verma-tv/.local/lib/python3.11/site-packages/airflow/example_dags/example_bash_operator.py
[2025-01-28T11:40:11.968+0530] {logging_mixin.py:190} INFO - [2025-01-28T11:40:11.967+0530] {override.py:1912} INFO - Created Permission View: can read on DAG:example_bash_operator
[2025-01-28T11:40:11.975+0530] {logging_mixin.py:190} INFO - [2025-01-28T11:40:11.974+0530] {override.py:1912} INFO - Created Permission View: can edit on DAG:example_bash_operator
[2025-01-28T11:40:11.981+0530] {logging_mixin.py:190} INFO - [2025-01-28T11:40:11.980+0530] {override.py:1912} INFO - Created Permission View: can delete on DAG:example_bash_operator
[2025-01-28T11:40:11.988+0530] {logging_mixin.py:190} INFO - [2025-01-28T11:40:11.988+0530] {override.py:1912} INFO - Created Permission View: can read on DAG Run:example_bash_operator
[2025-01-28T11:40:11.994+0530] {logging_mixin.py:190} INFO - [2025-01-28T11:40:11.994+0530] {override.py:1912} INFO - Created Permission View: can delete on DAG Run:example_bash_operator
[2025-01-28T11:40:12.000+0530] {logging_mixin.py:190} INFO - [2025-01-28T11:40:12.000+0530] {override.py:1912} INFO - Created Permission View: menu access on DAG Run:example_bash_operator
[2025-01-28T11:40:12.005+0530] {logging_mixin.py:190} INFO - [2025-01-28T11:40:12.005+0530] {override.py:1912} INFO - Created Permission View: can create on DAG Run:example_bash_operator
[2025-01-28T11:40:12.005+0530] {logging_mixin.py:190} INFO - [2025-01-28T11:40:12.005+0530] {dag.py:3239} INFO - Sync 1 DAGs
[2025-01-28T11:40:12.013+0530] {logging_mixin.py:190} INFO - [2025-01-28T11:40:12.013+0530] {dag.py:3262} INFO - Creating ORM DAG for example_bash_operator
[2025-01-28T11:40:12.021+0530] {logging_mixin.py:190} INFO - [2025-01-28T11:40:12.020+0530] {dag.py:4180} INFO - Setting next_dagrun for example_bash_operator to 2025-01-27 00:00:00+00:00, run_after=2025-01-28 00:00:00+00:00
[2025-01-28T11:40:12.034+0530] {processor.py:208} INFO - Processing /home/verma-tv/.local/lib/python3.11/site-packages/airflow/example_dags/example_bash_operator.py took 0.200 seconds
[2025-01-28T11:41:08.191+0530] {processor.py:186} INFO - Started process (PID=17380) to work on /home/verma-tv/.local/lib/python3.11/site-packages/airflow/example_dags/example_bash_operator.py
[2025-01-28T11:41:08.203+0530] {processor.py:914} INFO - Processing file /home/verma-tv/.local/lib/python3.11/site-packages/airflow/example_dags/example_bash_operator.py for tasks to queue
[2025-01-28T11:41:08.205+0530] {logging_mixin.py:190} INFO - [2025-01-28T11:41:08.204+0530] {dagbag.py:588} INFO - Filling up the DagBag from /home/verma-tv/.local/lib/python3.11/site-packages/airflow/example_dags/example_bash_operator.py
[2025-01-28T11:41:08.215+0530] {processor.py:925} INFO - DAG(s) 'example_bash_operator' retrieved from /home/verma-tv/.local/lib/python3.11/site-packages/airflow/example_dags/example_bash_operator.py
[2025-01-28T11:41:08.230+0530] {logging_mixin.py:190} INFO - [2025-01-28T11:41:08.230+0530] {dag.py:3239} INFO - Sync 1 DAGs
[2025-01-28T11:41:08.244+0530] {logging_mixin.py:190} INFO - [2025-01-28T11:41:08.244+0530] {dag.py:4180} INFO - Setting next_dagrun for example_bash_operator to 2025-01-27 00:00:00+00:00, run_after=2025-01-28 00:00:00+00:00
[2025-01-28T11:41:08.258+0530] {processor.py:208} INFO - Processing /home/verma-tv/.local/lib/python3.11/site-packages/airflow/example_dags/example_bash_operator.py took 0.072 seconds
[2025-01-28T11:42:24.985+0530] {processor.py:186} INFO - Started process (PID=17671) to work on /home/verma-tv/.local/lib/python3.11/site-packages/airflow/example_dags/example_bash_operator.py
[2025-01-28T11:42:24.986+0530] {processor.py:914} INFO - Processing file /home/verma-tv/.local/lib/python3.11/site-packages/airflow/example_dags/example_bash_operator.py for tasks to queue
[2025-01-28T11:42:24.987+0530] {logging_mixin.py:190} INFO - [2025-01-28T11:42:24.987+0530] {dagbag.py:588} INFO - Filling up the DagBag from /home/verma-tv/.local/lib/python3.11/site-packages/airflow/example_dags/example_bash_operator.py
[2025-01-28T11:42:24.998+0530] {processor.py:925} INFO - DAG(s) 'example_bash_operator' retrieved from /home/verma-tv/.local/lib/python3.11/site-packages/airflow/example_dags/example_bash_operator.py
[2025-01-28T11:42:25.023+0530] {logging_mixin.py:190} INFO - [2025-01-28T11:42:25.023+0530] {dag.py:3239} INFO - Sync 1 DAGs
[2025-01-28T11:42:25.037+0530] {logging_mixin.py:190} INFO - [2025-01-28T11:42:25.037+0530] {dag.py:4180} INFO - Setting next_dagrun for example_bash_operator to 2025-01-27 00:00:00+00:00, run_after=2025-01-28 00:00:00+00:00
[2025-01-28T11:42:25.050+0530] {processor.py:208} INFO - Processing /home/verma-tv/.local/lib/python3.11/site-packages/airflow/example_dags/example_bash_operator.py took 0.071 seconds
[2025-01-28T11:43:40.302+0530] {processor.py:186} INFO - Started process (PID=17878) to work on /home/verma-tv/.local/lib/python3.11/site-packages/airflow/example_dags/example_bash_operator.py
[2025-01-28T11:43:40.314+0530] {processor.py:914} INFO - Processing file /home/verma-tv/.local/lib/python3.11/site-packages/airflow/example_dags/example_bash_operator.py for tasks to queue
[2025-01-28T11:43:40.316+0530] {logging_mixin.py:190} INFO - [2025-01-28T11:43:40.316+0530] {dagbag.py:588} INFO - Filling up the DagBag from /home/verma-tv/.local/lib/python3.11/site-packages/airflow/example_dags/example_bash_operator.py
[2025-01-28T11:43:40.327+0530] {processor.py:925} INFO - DAG(s) 'example_bash_operator' retrieved from /home/verma-tv/.local/lib/python3.11/site-packages/airflow/example_dags/example_bash_operator.py
[2025-01-28T11:43:40.342+0530] {logging_mixin.py:190} INFO - [2025-01-28T11:43:40.342+0530] {dag.py:3239} INFO - Sync 1 DAGs
[2025-01-28T11:43:40.356+0530] {logging_mixin.py:190} INFO - [2025-01-28T11:43:40.356+0530] {dag.py:4180} INFO - Setting next_dagrun for example_bash_operator to 2025-01-27 00:00:00+00:00, run_after=2025-01-28 00:00:00+00:00
[2025-01-28T11:43:40.370+0530] {processor.py:208} INFO - Processing /home/verma-tv/.local/lib/python3.11/site-packages/airflow/example_dags/example_bash_operator.py took 0.073 seconds
[2025-01-28T11:44:55.483+0530] {processor.py:186} INFO - Started process (PID=18153) to work on /home/verma-tv/.local/lib/python3.11/site-packages/airflow/example_dags/example_bash_operator.py
[2025-01-28T11:44:55.485+0530] {processor.py:914} INFO - Processing file /home/verma-tv/.local/lib/python3.11/site-packages/airflow/example_dags/example_bash_operator.py for tasks to queue
[2025-01-28T11:44:55.490+0530] {logging_mixin.py:190} INFO - [2025-01-28T11:44:55.489+0530] {dagbag.py:588} INFO - Filling up the DagBag from /home/verma-tv/.local/lib/python3.11/site-packages/airflow/example_dags/example_bash_operator.py
[2025-01-28T11:44:55.512+0530] {processor.py:925} INFO - DAG(s) 'example_bash_operator' retrieved from /home/verma-tv/.local/lib/python3.11/site-packages/airflow/example_dags/example_bash_operator.py
[2025-01-28T11:44:55.533+0530] {logging_mixin.py:190} INFO - [2025-01-28T11:44:55.533+0530] {dag.py:3239} INFO - Sync 1 DAGs
[2025-01-28T11:44:55.559+0530] {logging_mixin.py:190} INFO - [2025-01-28T11:44:55.559+0530] {dag.py:4180} INFO - Setting next_dagrun for example_bash_operator to 2025-01-27 00:00:00+00:00, run_after=2025-01-28 00:00:00+00:00
[2025-01-28T11:44:55.583+0530] {processor.py:208} INFO - Processing /home/verma-tv/.local/lib/python3.11/site-packages/airflow/example_dags/example_bash_operator.py took 0.113 seconds
[2025-01-28T11:45:52.332+0530] {processor.py:186} INFO - Started process (PID=18345) to work on /home/verma-tv/.local/lib/python3.11/site-packages/airflow/example_dags/example_bash_operator.py
[2025-01-28T11:45:52.333+0530] {processor.py:914} INFO - Processing file /home/verma-tv/.local/lib/python3.11/site-packages/airflow/example_dags/example_bash_operator.py for tasks to queue
[2025-01-28T11:45:52.334+0530] {logging_mixin.py:190} INFO - [2025-01-28T11:45:52.334+0530] {dagbag.py:588} INFO - Filling up the DagBag from /home/verma-tv/.local/lib/python3.11/site-packages/airflow/example_dags/example_bash_operator.py
[2025-01-28T11:45:52.349+0530] {processor.py:925} INFO - DAG(s) 'example_bash_operator' retrieved from /home/verma-tv/.local/lib/python3.11/site-packages/airflow/example_dags/example_bash_operator.py
[2025-01-28T11:45:52.367+0530] {logging_mixin.py:190} INFO - [2025-01-28T11:45:52.367+0530] {dag.py:3239} INFO - Sync 1 DAGs
[2025-01-28T11:45:52.385+0530] {logging_mixin.py:190} INFO - [2025-01-28T11:45:52.385+0530] {dag.py:4180} INFO - Setting next_dagrun for example_bash_operator to 2025-01-27 00:00:00+00:00, run_after=2025-01-28 00:00:00+00:00
[2025-01-28T11:45:52.402+0530] {processor.py:208} INFO - Processing /home/verma-tv/.local/lib/python3.11/site-packages/airflow/example_dags/example_bash_operator.py took 0.078 seconds
[2025-01-28T11:47:11.965+0530] {processor.py:186} INFO - Started process (PID=18727) to work on /home/verma-tv/.local/lib/python3.11/site-packages/airflow/example_dags/example_bash_operator.py
[2025-01-28T11:47:11.966+0530] {processor.py:914} INFO - Processing file /home/verma-tv/.local/lib/python3.11/site-packages/airflow/example_dags/example_bash_operator.py for tasks to queue
[2025-01-28T11:47:11.968+0530] {logging_mixin.py:190} INFO - [2025-01-28T11:47:11.967+0530] {dagbag.py:588} INFO - Filling up the DagBag from /home/verma-tv/.local/lib/python3.11/site-packages/airflow/example_dags/example_bash_operator.py
[2025-01-28T11:47:11.978+0530] {processor.py:925} INFO - DAG(s) 'example_bash_operator' retrieved from /home/verma-tv/.local/lib/python3.11/site-packages/airflow/example_dags/example_bash_operator.py
[2025-01-28T11:47:11.994+0530] {logging_mixin.py:190} INFO - [2025-01-28T11:47:11.994+0530] {dag.py:3239} INFO - Sync 1 DAGs
[2025-01-28T11:47:12.008+0530] {logging_mixin.py:190} INFO - [2025-01-28T11:47:12.007+0530] {dag.py:4180} INFO - Setting next_dagrun for example_bash_operator to 2025-01-27 00:00:00+00:00, run_after=2025-01-28 00:00:00+00:00
[2025-01-28T11:47:12.032+0530] {processor.py:208} INFO - Processing /home/verma-tv/.local/lib/python3.11/site-packages/airflow/example_dags/example_bash_operator.py took 0.072 seconds
[2025-01-28T11:48:30.166+0530] {processor.py:186} INFO - Started process (PID=19113) to work on /home/verma-tv/.local/lib/python3.11/site-packages/airflow/example_dags/example_bash_operator.py
[2025-01-28T11:48:30.180+0530] {processor.py:914} INFO - Processing file /home/verma-tv/.local/lib/python3.11/site-packages/airflow/example_dags/example_bash_operator.py for tasks to queue
[2025-01-28T11:48:30.182+0530] {logging_mixin.py:190} INFO - [2025-01-28T11:48:30.181+0530] {dagbag.py:588} INFO - Filling up the DagBag from /home/verma-tv/.local/lib/python3.11/site-packages/airflow/example_dags/example_bash_operator.py
[2025-01-28T11:48:30.192+0530] {processor.py:925} INFO - DAG(s) 'example_bash_operator' retrieved from /home/verma-tv/.local/lib/python3.11/site-packages/airflow/example_dags/example_bash_operator.py
[2025-01-28T11:48:30.207+0530] {logging_mixin.py:190} INFO - [2025-01-28T11:48:30.207+0530] {dag.py:3239} INFO - Sync 1 DAGs
[2025-01-28T11:48:30.221+0530] {logging_mixin.py:190} INFO - [2025-01-28T11:48:30.220+0530] {dag.py:4180} INFO - Setting next_dagrun for example_bash_operator to 2025-01-27 00:00:00+00:00, run_after=2025-01-28 00:00:00+00:00
[2025-01-28T11:48:30.235+0530] {processor.py:208} INFO - Processing /home/verma-tv/.local/lib/python3.11/site-packages/airflow/example_dags/example_bash_operator.py took 0.074 seconds
[2025-01-28T11:49:46.352+0530] {processor.py:186} INFO - Started process (PID=19611) to work on /home/verma-tv/.local/lib/python3.11/site-packages/airflow/example_dags/example_bash_operator.py
[2025-01-28T11:49:46.353+0530] {processor.py:914} INFO - Processing file /home/verma-tv/.local/lib/python3.11/site-packages/airflow/example_dags/example_bash_operator.py for tasks to queue
[2025-01-28T11:49:46.355+0530] {logging_mixin.py:190} INFO - [2025-01-28T11:49:46.355+0530] {dagbag.py:588} INFO - Filling up the DagBag from /home/verma-tv/.local/lib/python3.11/site-packages/airflow/example_dags/example_bash_operator.py
[2025-01-28T11:49:46.365+0530] {processor.py:925} INFO - DAG(s) 'example_bash_operator' retrieved from /home/verma-tv/.local/lib/python3.11/site-packages/airflow/example_dags/example_bash_operator.py
[2025-01-28T11:49:46.381+0530] {logging_mixin.py:190} INFO - [2025-01-28T11:49:46.381+0530] {dag.py:3239} INFO - Sync 1 DAGs
[2025-01-28T11:49:46.397+0530] {logging_mixin.py:190} INFO - [2025-01-28T11:49:46.396+0530] {dag.py:4180} INFO - Setting next_dagrun for example_bash_operator to 2025-01-27 00:00:00+00:00, run_after=2025-01-28 00:00:00+00:00
[2025-01-28T11:49:46.411+0530] {processor.py:208} INFO - Processing /home/verma-tv/.local/lib/python3.11/site-packages/airflow/example_dags/example_bash_operator.py took 0.063 seconds
[2025-01-28T11:51:01.101+0530] {processor.py:186} INFO - Started process (PID=19844) to work on /home/verma-tv/.local/lib/python3.11/site-packages/airflow/example_dags/example_bash_operator.py
[2025-01-28T11:51:01.114+0530] {processor.py:914} INFO - Processing file /home/verma-tv/.local/lib/python3.11/site-packages/airflow/example_dags/example_bash_operator.py for tasks to queue
[2025-01-28T11:51:01.116+0530] {logging_mixin.py:190} INFO - [2025-01-28T11:51:01.116+0530] {dagbag.py:588} INFO - Filling up the DagBag from /home/verma-tv/.local/lib/python3.11/site-packages/airflow/example_dags/example_bash_operator.py
[2025-01-28T11:51:01.126+0530] {processor.py:925} INFO - DAG(s) 'example_bash_operator' retrieved from /home/verma-tv/.local/lib/python3.11/site-packages/airflow/example_dags/example_bash_operator.py
[2025-01-28T11:51:01.141+0530] {logging_mixin.py:190} INFO - [2025-01-28T11:51:01.141+0530] {dag.py:3239} INFO - Sync 1 DAGs
[2025-01-28T11:51:01.155+0530] {logging_mixin.py:190} INFO - [2025-01-28T11:51:01.155+0530] {dag.py:4180} INFO - Setting next_dagrun for example_bash_operator to 2025-01-27 00:00:00+00:00, run_after=2025-01-28 00:00:00+00:00
[2025-01-28T11:51:01.170+0530] {processor.py:208} INFO - Processing /home/verma-tv/.local/lib/python3.11/site-packages/airflow/example_dags/example_bash_operator.py took 0.073 seconds
[2025-01-28T12:01:44.056+0530] {processor.py:186} INFO - Started process (PID=23132) to work on /home/verma-tv/.local/lib/python3.11/site-packages/airflow/example_dags/example_bash_operator.py
[2025-01-28T12:01:44.069+0530] {processor.py:914} INFO - Processing file /home/verma-tv/.local/lib/python3.11/site-packages/airflow/example_dags/example_bash_operator.py for tasks to queue
[2025-01-28T12:01:44.071+0530] {logging_mixin.py:190} INFO - [2025-01-28T12:01:44.070+0530] {dagbag.py:588} INFO - Filling up the DagBag from /home/verma-tv/.local/lib/python3.11/site-packages/airflow/example_dags/example_bash_operator.py
[2025-01-28T12:01:44.081+0530] {processor.py:925} INFO - DAG(s) 'example_bash_operator' retrieved from /home/verma-tv/.local/lib/python3.11/site-packages/airflow/example_dags/example_bash_operator.py
[2025-01-28T12:01:44.096+0530] {logging_mixin.py:190} INFO - [2025-01-28T12:01:44.096+0530] {dag.py:3239} INFO - Sync 1 DAGs
[2025-01-28T12:01:44.110+0530] {logging_mixin.py:190} INFO - [2025-01-28T12:01:44.110+0530] {dag.py:4180} INFO - Setting next_dagrun for example_bash_operator to 2025-01-27 00:00:00+00:00, run_after=2025-01-28 00:00:00+00:00
[2025-01-28T12:01:44.125+0530] {processor.py:208} INFO - Processing /home/verma-tv/.local/lib/python3.11/site-packages/airflow/example_dags/example_bash_operator.py took 0.074 seconds
[2025-01-28T12:02:38.534+0530] {processor.py:186} INFO - Started process (PID=23463) to work on /home/verma-tv/.local/lib/python3.11/site-packages/airflow/example_dags/example_bash_operator.py
[2025-01-28T12:02:38.547+0530] {processor.py:914} INFO - Processing file /home/verma-tv/.local/lib/python3.11/site-packages/airflow/example_dags/example_bash_operator.py for tasks to queue
[2025-01-28T12:02:38.549+0530] {logging_mixin.py:190} INFO - [2025-01-28T12:02:38.549+0530] {dagbag.py:588} INFO - Filling up the DagBag from /home/verma-tv/.local/lib/python3.11/site-packages/airflow/example_dags/example_bash_operator.py
[2025-01-28T12:02:38.560+0530] {processor.py:925} INFO - DAG(s) 'example_bash_operator' retrieved from /home/verma-tv/.local/lib/python3.11/site-packages/airflow/example_dags/example_bash_operator.py
[2025-01-28T12:02:38.575+0530] {logging_mixin.py:190} INFO - [2025-01-28T12:02:38.575+0530] {dag.py:3239} INFO - Sync 1 DAGs
[2025-01-28T12:02:38.589+0530] {logging_mixin.py:190} INFO - [2025-01-28T12:02:38.589+0530] {dag.py:4180} INFO - Setting next_dagrun for example_bash_operator to 2025-01-27 00:00:00+00:00, run_after=2025-01-28 00:00:00+00:00
[2025-01-28T12:02:38.603+0530] {processor.py:208} INFO - Processing /home/verma-tv/.local/lib/python3.11/site-packages/airflow/example_dags/example_bash_operator.py took 0.073 seconds
[2025-01-28T12:04:23.772+0530] {processor.py:186} INFO - Started process (PID=24629) to work on /home/verma-tv/.local/lib/python3.11/site-packages/airflow/example_dags/example_bash_operator.py
[2025-01-28T12:04:23.773+0530] {processor.py:914} INFO - Processing file /home/verma-tv/.local/lib/python3.11/site-packages/airflow/example_dags/example_bash_operator.py for tasks to queue
[2025-01-28T12:04:23.775+0530] {logging_mixin.py:190} INFO - [2025-01-28T12:04:23.775+0530] {dagbag.py:588} INFO - Filling up the DagBag from /home/verma-tv/.local/lib/python3.11/site-packages/airflow/example_dags/example_bash_operator.py
[2025-01-28T12:04:23.787+0530] {processor.py:925} INFO - DAG(s) 'example_bash_operator' retrieved from /home/verma-tv/.local/lib/python3.11/site-packages/airflow/example_dags/example_bash_operator.py
[2025-01-28T12:04:23.803+0530] {logging_mixin.py:190} INFO - [2025-01-28T12:04:23.803+0530] {dag.py:3239} INFO - Sync 1 DAGs
[2025-01-28T12:04:23.818+0530] {logging_mixin.py:190} INFO - [2025-01-28T12:04:23.818+0530] {dag.py:4180} INFO - Setting next_dagrun for example_bash_operator to 2025-01-27 00:00:00+00:00, run_after=2025-01-28 00:00:00+00:00
[2025-01-28T12:04:23.833+0530] {processor.py:208} INFO - Processing /home/verma-tv/.local/lib/python3.11/site-packages/airflow/example_dags/example_bash_operator.py took 0.066 seconds
[2025-01-28T12:05:36.287+0530] {processor.py:186} INFO - Started process (PID=25210) to work on /home/verma-tv/.local/lib/python3.11/site-packages/airflow/example_dags/example_bash_operator.py
[2025-01-28T12:05:36.299+0530] {processor.py:914} INFO - Processing file /home/verma-tv/.local/lib/python3.11/site-packages/airflow/example_dags/example_bash_operator.py for tasks to queue
[2025-01-28T12:05:36.301+0530] {logging_mixin.py:190} INFO - [2025-01-28T12:05:36.301+0530] {dagbag.py:588} INFO - Filling up the DagBag from /home/verma-tv/.local/lib/python3.11/site-packages/airflow/example_dags/example_bash_operator.py
[2025-01-28T12:05:36.311+0530] {processor.py:925} INFO - DAG(s) 'example_bash_operator' retrieved from /home/verma-tv/.local/lib/python3.11/site-packages/airflow/example_dags/example_bash_operator.py
[2025-01-28T12:05:36.326+0530] {logging_mixin.py:190} INFO - [2025-01-28T12:05:36.326+0530] {dag.py:3239} INFO - Sync 1 DAGs
[2025-01-28T12:05:36.340+0530] {logging_mixin.py:190} INFO - [2025-01-28T12:05:36.340+0530] {dag.py:4180} INFO - Setting next_dagrun for example_bash_operator to 2025-01-27 00:00:00+00:00, run_after=2025-01-28 00:00:00+00:00
[2025-01-28T12:05:36.355+0530] {processor.py:208} INFO - Processing /home/verma-tv/.local/lib/python3.11/site-packages/airflow/example_dags/example_bash_operator.py took 0.072 seconds
[2025-01-28T12:06:48.240+0530] {processor.py:186} INFO - Started process (PID=25555) to work on /home/verma-tv/.local/lib/python3.11/site-packages/airflow/example_dags/example_bash_operator.py
[2025-01-28T12:06:48.252+0530] {processor.py:914} INFO - Processing file /home/verma-tv/.local/lib/python3.11/site-packages/airflow/example_dags/example_bash_operator.py for tasks to queue
[2025-01-28T12:06:48.254+0530] {logging_mixin.py:190} INFO - [2025-01-28T12:06:48.254+0530] {dagbag.py:588} INFO - Filling up the DagBag from /home/verma-tv/.local/lib/python3.11/site-packages/airflow/example_dags/example_bash_operator.py
[2025-01-28T12:06:48.265+0530] {processor.py:925} INFO - DAG(s) 'example_bash_operator' retrieved from /home/verma-tv/.local/lib/python3.11/site-packages/airflow/example_dags/example_bash_operator.py
[2025-01-28T12:06:48.280+0530] {logging_mixin.py:190} INFO - [2025-01-28T12:06:48.279+0530] {dag.py:3239} INFO - Sync 1 DAGs
[2025-01-28T12:06:48.294+0530] {logging_mixin.py:190} INFO - [2025-01-28T12:06:48.294+0530] {dag.py:4180} INFO - Setting next_dagrun for example_bash_operator to 2025-01-27 00:00:00+00:00, run_after=2025-01-28 00:00:00+00:00
[2025-01-28T12:06:48.308+0530] {processor.py:208} INFO - Processing /home/verma-tv/.local/lib/python3.11/site-packages/airflow/example_dags/example_bash_operator.py took 0.072 seconds
[2025-01-28T12:08:03.664+0530] {processor.py:186} INFO - Started process (PID=26054) to work on /home/verma-tv/.local/lib/python3.11/site-packages/airflow/example_dags/example_bash_operator.py
[2025-01-28T12:08:03.676+0530] {processor.py:914} INFO - Processing file /home/verma-tv/.local/lib/python3.11/site-packages/airflow/example_dags/example_bash_operator.py for tasks to queue
[2025-01-28T12:08:03.678+0530] {logging_mixin.py:190} INFO - [2025-01-28T12:08:03.678+0530] {dagbag.py:588} INFO - Filling up the DagBag from /home/verma-tv/.local/lib/python3.11/site-packages/airflow/example_dags/example_bash_operator.py
[2025-01-28T12:08:03.689+0530] {processor.py:925} INFO - DAG(s) 'example_bash_operator' retrieved from /home/verma-tv/.local/lib/python3.11/site-packages/airflow/example_dags/example_bash_operator.py
[2025-01-28T12:08:03.704+0530] {logging_mixin.py:190} INFO - [2025-01-28T12:08:03.704+0530] {dag.py:3239} INFO - Sync 1 DAGs
[2025-01-28T12:08:03.718+0530] {logging_mixin.py:190} INFO - [2025-01-28T12:08:03.718+0530] {dag.py:4180} INFO - Setting next_dagrun for example_bash_operator to 2025-01-27 00:00:00+00:00, run_after=2025-01-28 00:00:00+00:00
[2025-01-28T12:08:03.733+0530] {processor.py:208} INFO - Processing /home/verma-tv/.local/lib/python3.11/site-packages/airflow/example_dags/example_bash_operator.py took 0.074 seconds
[2025-01-28T12:09:20.455+0530] {processor.py:186} INFO - Started process (PID=26643) to work on /home/verma-tv/.local/lib/python3.11/site-packages/airflow/example_dags/example_bash_operator.py
[2025-01-28T12:09:20.467+0530] {processor.py:914} INFO - Processing file /home/verma-tv/.local/lib/python3.11/site-packages/airflow/example_dags/example_bash_operator.py for tasks to queue
[2025-01-28T12:09:20.469+0530] {logging_mixin.py:190} INFO - [2025-01-28T12:09:20.469+0530] {dagbag.py:588} INFO - Filling up the DagBag from /home/verma-tv/.local/lib/python3.11/site-packages/airflow/example_dags/example_bash_operator.py
[2025-01-28T12:09:20.480+0530] {processor.py:925} INFO - DAG(s) 'example_bash_operator' retrieved from /home/verma-tv/.local/lib/python3.11/site-packages/airflow/example_dags/example_bash_operator.py
[2025-01-28T12:09:20.495+0530] {logging_mixin.py:190} INFO - [2025-01-28T12:09:20.495+0530] {dag.py:3239} INFO - Sync 1 DAGs
[2025-01-28T12:09:20.509+0530] {logging_mixin.py:190} INFO - [2025-01-28T12:09:20.509+0530] {dag.py:4180} INFO - Setting next_dagrun for example_bash_operator to 2025-01-27 00:00:00+00:00, run_after=2025-01-28 00:00:00+00:00
[2025-01-28T12:09:20.523+0530] {processor.py:208} INFO - Processing /home/verma-tv/.local/lib/python3.11/site-packages/airflow/example_dags/example_bash_operator.py took 0.073 seconds
[2025-01-28T12:10:34.179+0530] {processor.py:186} INFO - Started process (PID=27161) to work on /home/verma-tv/.local/lib/python3.11/site-packages/airflow/example_dags/example_bash_operator.py
[2025-01-28T12:10:34.180+0530] {processor.py:914} INFO - Processing file /home/verma-tv/.local/lib/python3.11/site-packages/airflow/example_dags/example_bash_operator.py for tasks to queue
[2025-01-28T12:10:34.181+0530] {logging_mixin.py:190} INFO - [2025-01-28T12:10:34.181+0530] {dagbag.py:588} INFO - Filling up the DagBag from /home/verma-tv/.local/lib/python3.11/site-packages/airflow/example_dags/example_bash_operator.py
[2025-01-28T12:10:34.192+0530] {processor.py:925} INFO - DAG(s) 'example_bash_operator' retrieved from /home/verma-tv/.local/lib/python3.11/site-packages/airflow/example_dags/example_bash_operator.py
[2025-01-28T12:10:34.207+0530] {logging_mixin.py:190} INFO - [2025-01-28T12:10:34.207+0530] {dag.py:3239} INFO - Sync 1 DAGs
[2025-01-28T12:10:34.221+0530] {logging_mixin.py:190} INFO - [2025-01-28T12:10:34.221+0530] {dag.py:4180} INFO - Setting next_dagrun for example_bash_operator to 2025-01-27 00:00:00+00:00, run_after=2025-01-28 00:00:00+00:00
[2025-01-28T12:10:34.235+0530] {processor.py:208} INFO - Processing /home/verma-tv/.local/lib/python3.11/site-packages/airflow/example_dags/example_bash_operator.py took 0.061 seconds
[2025-01-28T12:11:52.559+0530] {processor.py:186} INFO - Started process (PID=27701) to work on /home/verma-tv/.local/lib/python3.11/site-packages/airflow/example_dags/example_bash_operator.py
[2025-01-28T12:11:52.571+0530] {processor.py:914} INFO - Processing file /home/verma-tv/.local/lib/python3.11/site-packages/airflow/example_dags/example_bash_operator.py for tasks to queue
[2025-01-28T12:11:52.574+0530] {logging_mixin.py:190} INFO - [2025-01-28T12:11:52.573+0530] {dagbag.py:588} INFO - Filling up the DagBag from /home/verma-tv/.local/lib/python3.11/site-packages/airflow/example_dags/example_bash_operator.py
[2025-01-28T12:11:52.584+0530] {processor.py:925} INFO - DAG(s) 'example_bash_operator' retrieved from /home/verma-tv/.local/lib/python3.11/site-packages/airflow/example_dags/example_bash_operator.py
[2025-01-28T12:11:52.599+0530] {logging_mixin.py:190} INFO - [2025-01-28T12:11:52.599+0530] {dag.py:3239} INFO - Sync 1 DAGs
[2025-01-28T12:11:52.614+0530] {logging_mixin.py:190} INFO - [2025-01-28T12:11:52.614+0530] {dag.py:4180} INFO - Setting next_dagrun for example_bash_operator to 2025-01-27 00:00:00+00:00, run_after=2025-01-28 00:00:00+00:00
[2025-01-28T12:11:52.628+0530] {processor.py:208} INFO - Processing /home/verma-tv/.local/lib/python3.11/site-packages/airflow/example_dags/example_bash_operator.py took 0.074 seconds
[2025-01-28T12:13:10.651+0530] {processor.py:186} INFO - Started process (PID=28275) to work on /home/verma-tv/.local/lib/python3.11/site-packages/airflow/example_dags/example_bash_operator.py
[2025-01-28T12:13:10.663+0530] {processor.py:914} INFO - Processing file /home/verma-tv/.local/lib/python3.11/site-packages/airflow/example_dags/example_bash_operator.py for tasks to queue
[2025-01-28T12:13:10.665+0530] {logging_mixin.py:190} INFO - [2025-01-28T12:13:10.665+0530] {dagbag.py:588} INFO - Filling up the DagBag from /home/verma-tv/.local/lib/python3.11/site-packages/airflow/example_dags/example_bash_operator.py
[2025-01-28T12:13:10.677+0530] {processor.py:925} INFO - DAG(s) 'example_bash_operator' retrieved from /home/verma-tv/.local/lib/python3.11/site-packages/airflow/example_dags/example_bash_operator.py
[2025-01-28T12:13:10.694+0530] {logging_mixin.py:190} INFO - [2025-01-28T12:13:10.693+0530] {dag.py:3239} INFO - Sync 1 DAGs
[2025-01-28T12:13:10.711+0530] {logging_mixin.py:190} INFO - [2025-01-28T12:13:10.711+0530] {dag.py:4180} INFO - Setting next_dagrun for example_bash_operator to 2025-01-27 00:00:00+00:00, run_after=2025-01-28 00:00:00+00:00
[2025-01-28T12:13:10.727+0530] {processor.py:208} INFO - Processing /home/verma-tv/.local/lib/python3.11/site-packages/airflow/example_dags/example_bash_operator.py took 0.081 seconds
[2025-01-28T12:14:24.884+0530] {processor.py:186} INFO - Started process (PID=29012) to work on /home/verma-tv/.local/lib/python3.11/site-packages/airflow/example_dags/example_bash_operator.py
[2025-01-28T12:14:24.896+0530] {processor.py:914} INFO - Processing file /home/verma-tv/.local/lib/python3.11/site-packages/airflow/example_dags/example_bash_operator.py for tasks to queue
[2025-01-28T12:14:24.899+0530] {logging_mixin.py:190} INFO - [2025-01-28T12:14:24.898+0530] {dagbag.py:588} INFO - Filling up the DagBag from /home/verma-tv/.local/lib/python3.11/site-packages/airflow/example_dags/example_bash_operator.py
[2025-01-28T12:14:24.910+0530] {processor.py:925} INFO - DAG(s) 'example_bash_operator' retrieved from /home/verma-tv/.local/lib/python3.11/site-packages/airflow/example_dags/example_bash_operator.py
[2025-01-28T12:14:24.925+0530] {logging_mixin.py:190} INFO - [2025-01-28T12:14:24.925+0530] {dag.py:3239} INFO - Sync 1 DAGs
[2025-01-28T12:14:24.940+0530] {logging_mixin.py:190} INFO - [2025-01-28T12:14:24.939+0530] {dag.py:4180} INFO - Setting next_dagrun for example_bash_operator to 2025-01-27 00:00:00+00:00, run_after=2025-01-28 00:00:00+00:00
[2025-01-28T12:14:24.953+0530] {processor.py:208} INFO - Processing /home/verma-tv/.local/lib/python3.11/site-packages/airflow/example_dags/example_bash_operator.py took 0.074 seconds
[2025-01-28T12:15:42.502+0530] {processor.py:186} INFO - Started process (PID=29934) to work on /home/verma-tv/.local/lib/python3.11/site-packages/airflow/example_dags/example_bash_operator.py
[2025-01-28T12:15:42.515+0530] {processor.py:914} INFO - Processing file /home/verma-tv/.local/lib/python3.11/site-packages/airflow/example_dags/example_bash_operator.py for tasks to queue
[2025-01-28T12:15:42.517+0530] {logging_mixin.py:190} INFO - [2025-01-28T12:15:42.517+0530] {dagbag.py:588} INFO - Filling up the DagBag from /home/verma-tv/.local/lib/python3.11/site-packages/airflow/example_dags/example_bash_operator.py
[2025-01-28T12:15:42.528+0530] {processor.py:925} INFO - DAG(s) 'example_bash_operator' retrieved from /home/verma-tv/.local/lib/python3.11/site-packages/airflow/example_dags/example_bash_operator.py
[2025-01-28T12:15:42.544+0530] {logging_mixin.py:190} INFO - [2025-01-28T12:15:42.544+0530] {dag.py:3239} INFO - Sync 1 DAGs
[2025-01-28T12:15:42.559+0530] {logging_mixin.py:190} INFO - [2025-01-28T12:15:42.559+0530] {dag.py:4180} INFO - Setting next_dagrun for example_bash_operator to 2025-01-27 00:00:00+00:00, run_after=2025-01-28 00:00:00+00:00
[2025-01-28T12:15:42.573+0530] {processor.py:208} INFO - Processing /home/verma-tv/.local/lib/python3.11/site-packages/airflow/example_dags/example_bash_operator.py took 0.076 seconds
[2025-01-28T12:16:59.604+0530] {processor.py:186} INFO - Started process (PID=30309) to work on /home/verma-tv/.local/lib/python3.11/site-packages/airflow/example_dags/example_bash_operator.py
[2025-01-28T12:16:59.605+0530] {processor.py:914} INFO - Processing file /home/verma-tv/.local/lib/python3.11/site-packages/airflow/example_dags/example_bash_operator.py for tasks to queue
[2025-01-28T12:16:59.607+0530] {logging_mixin.py:190} INFO - [2025-01-28T12:16:59.606+0530] {dagbag.py:588} INFO - Filling up the DagBag from /home/verma-tv/.local/lib/python3.11/site-packages/airflow/example_dags/example_bash_operator.py
[2025-01-28T12:16:59.617+0530] {processor.py:925} INFO - DAG(s) 'example_bash_operator' retrieved from /home/verma-tv/.local/lib/python3.11/site-packages/airflow/example_dags/example_bash_operator.py
[2025-01-28T12:16:59.632+0530] {logging_mixin.py:190} INFO - [2025-01-28T12:16:59.632+0530] {dag.py:3239} INFO - Sync 1 DAGs
[2025-01-28T12:16:59.646+0530] {logging_mixin.py:190} INFO - [2025-01-28T12:16:59.646+0530] {dag.py:4180} INFO - Setting next_dagrun for example_bash_operator to 2025-01-27 00:00:00+00:00, run_after=2025-01-28 00:00:00+00:00
[2025-01-28T12:16:59.660+0530] {processor.py:208} INFO - Processing /home/verma-tv/.local/lib/python3.11/site-packages/airflow/example_dags/example_bash_operator.py took 0.060 seconds
[2025-01-28T12:18:16.175+0530] {processor.py:186} INFO - Started process (PID=30581) to work on /home/verma-tv/.local/lib/python3.11/site-packages/airflow/example_dags/example_bash_operator.py
[2025-01-28T12:18:16.188+0530] {processor.py:914} INFO - Processing file /home/verma-tv/.local/lib/python3.11/site-packages/airflow/example_dags/example_bash_operator.py for tasks to queue
[2025-01-28T12:18:16.190+0530] {logging_mixin.py:190} INFO - [2025-01-28T12:18:16.190+0530] {dagbag.py:588} INFO - Filling up the DagBag from /home/verma-tv/.local/lib/python3.11/site-packages/airflow/example_dags/example_bash_operator.py
[2025-01-28T12:18:16.200+0530] {processor.py:925} INFO - DAG(s) 'example_bash_operator' retrieved from /home/verma-tv/.local/lib/python3.11/site-packages/airflow/example_dags/example_bash_operator.py
[2025-01-28T12:18:16.215+0530] {logging_mixin.py:190} INFO - [2025-01-28T12:18:16.215+0530] {dag.py:3239} INFO - Sync 1 DAGs
[2025-01-28T12:18:16.229+0530] {logging_mixin.py:190} INFO - [2025-01-28T12:18:16.229+0530] {dag.py:4180} INFO - Setting next_dagrun for example_bash_operator to 2025-01-27 00:00:00+00:00, run_after=2025-01-28 00:00:00+00:00
[2025-01-28T12:18:16.242+0530] {processor.py:208} INFO - Processing /home/verma-tv/.local/lib/python3.11/site-packages/airflow/example_dags/example_bash_operator.py took 0.072 seconds
[2025-01-28T12:19:32.545+0530] {processor.py:186} INFO - Started process (PID=30819) to work on /home/verma-tv/.local/lib/python3.11/site-packages/airflow/example_dags/example_bash_operator.py
[2025-01-28T12:19:32.558+0530] {processor.py:914} INFO - Processing file /home/verma-tv/.local/lib/python3.11/site-packages/airflow/example_dags/example_bash_operator.py for tasks to queue
[2025-01-28T12:19:32.560+0530] {logging_mixin.py:190} INFO - [2025-01-28T12:19:32.560+0530] {dagbag.py:588} INFO - Filling up the DagBag from /home/verma-tv/.local/lib/python3.11/site-packages/airflow/example_dags/example_bash_operator.py
[2025-01-28T12:19:32.570+0530] {processor.py:925} INFO - DAG(s) 'example_bash_operator' retrieved from /home/verma-tv/.local/lib/python3.11/site-packages/airflow/example_dags/example_bash_operator.py
[2025-01-28T12:19:32.586+0530] {logging_mixin.py:190} INFO - [2025-01-28T12:19:32.586+0530] {dag.py:3239} INFO - Sync 1 DAGs
[2025-01-28T12:19:32.600+0530] {logging_mixin.py:190} INFO - [2025-01-28T12:19:32.600+0530] {dag.py:4180} INFO - Setting next_dagrun for example_bash_operator to 2025-01-27 00:00:00+00:00, run_after=2025-01-28 00:00:00+00:00
[2025-01-28T12:19:32.614+0530] {processor.py:208} INFO - Processing /home/verma-tv/.local/lib/python3.11/site-packages/airflow/example_dags/example_bash_operator.py took 0.073 seconds
[2025-01-28T12:20:50.963+0530] {processor.py:186} INFO - Started process (PID=31043) to work on /home/verma-tv/.local/lib/python3.11/site-packages/airflow/example_dags/example_bash_operator.py
[2025-01-28T12:20:50.975+0530] {processor.py:914} INFO - Processing file /home/verma-tv/.local/lib/python3.11/site-packages/airflow/example_dags/example_bash_operator.py for tasks to queue
[2025-01-28T12:20:50.977+0530] {logging_mixin.py:190} INFO - [2025-01-28T12:20:50.977+0530] {dagbag.py:588} INFO - Filling up the DagBag from /home/verma-tv/.local/lib/python3.11/site-packages/airflow/example_dags/example_bash_operator.py
[2025-01-28T12:20:50.988+0530] {processor.py:925} INFO - DAG(s) 'example_bash_operator' retrieved from /home/verma-tv/.local/lib/python3.11/site-packages/airflow/example_dags/example_bash_operator.py
[2025-01-28T12:20:51.003+0530] {logging_mixin.py:190} INFO - [2025-01-28T12:20:51.003+0530] {dag.py:3239} INFO - Sync 1 DAGs
[2025-01-28T12:20:51.017+0530] {logging_mixin.py:190} INFO - [2025-01-28T12:20:51.016+0530] {dag.py:4180} INFO - Setting next_dagrun for example_bash_operator to 2025-01-27 00:00:00+00:00, run_after=2025-01-28 00:00:00+00:00
[2025-01-28T12:20:51.030+0530] {processor.py:208} INFO - Processing /home/verma-tv/.local/lib/python3.11/site-packages/airflow/example_dags/example_bash_operator.py took 0.071 seconds
[2025-01-28T12:22:04.100+0530] {processor.py:186} INFO - Started process (PID=31361) to work on /home/verma-tv/.local/lib/python3.11/site-packages/airflow/example_dags/example_bash_operator.py
[2025-01-28T12:22:04.112+0530] {processor.py:914} INFO - Processing file /home/verma-tv/.local/lib/python3.11/site-packages/airflow/example_dags/example_bash_operator.py for tasks to queue
[2025-01-28T12:22:04.115+0530] {logging_mixin.py:190} INFO - [2025-01-28T12:22:04.114+0530] {dagbag.py:588} INFO - Filling up the DagBag from /home/verma-tv/.local/lib/python3.11/site-packages/airflow/example_dags/example_bash_operator.py
[2025-01-28T12:22:04.125+0530] {processor.py:925} INFO - DAG(s) 'example_bash_operator' retrieved from /home/verma-tv/.local/lib/python3.11/site-packages/airflow/example_dags/example_bash_operator.py
[2025-01-28T12:22:04.140+0530] {logging_mixin.py:190} INFO - [2025-01-28T12:22:04.140+0530] {dag.py:3239} INFO - Sync 1 DAGs
[2025-01-28T12:22:04.156+0530] {logging_mixin.py:190} INFO - [2025-01-28T12:22:04.156+0530] {dag.py:4180} INFO - Setting next_dagrun for example_bash_operator to 2025-01-27 00:00:00+00:00, run_after=2025-01-28 00:00:00+00:00
[2025-01-28T12:22:04.169+0530] {processor.py:208} INFO - Processing /home/verma-tv/.local/lib/python3.11/site-packages/airflow/example_dags/example_bash_operator.py took 0.074 seconds
[2025-01-28T12:23:16.013+0530] {processor.py:186} INFO - Started process (PID=31574) to work on /home/verma-tv/.local/lib/python3.11/site-packages/airflow/example_dags/example_bash_operator.py
[2025-01-28T12:23:16.014+0530] {processor.py:914} INFO - Processing file /home/verma-tv/.local/lib/python3.11/site-packages/airflow/example_dags/example_bash_operator.py for tasks to queue
[2025-01-28T12:23:16.016+0530] {logging_mixin.py:190} INFO - [2025-01-28T12:23:16.016+0530] {dagbag.py:588} INFO - Filling up the DagBag from /home/verma-tv/.local/lib/python3.11/site-packages/airflow/example_dags/example_bash_operator.py
[2025-01-28T12:23:16.026+0530] {processor.py:925} INFO - DAG(s) 'example_bash_operator' retrieved from /home/verma-tv/.local/lib/python3.11/site-packages/airflow/example_dags/example_bash_operator.py
[2025-01-28T12:23:16.041+0530] {logging_mixin.py:190} INFO - [2025-01-28T12:23:16.041+0530] {dag.py:3239} INFO - Sync 1 DAGs
[2025-01-28T12:23:16.055+0530] {logging_mixin.py:190} INFO - [2025-01-28T12:23:16.055+0530] {dag.py:4180} INFO - Setting next_dagrun for example_bash_operator to 2025-01-27 00:00:00+00:00, run_after=2025-01-28 00:00:00+00:00
[2025-01-28T12:23:16.069+0530] {processor.py:208} INFO - Processing /home/verma-tv/.local/lib/python3.11/site-packages/airflow/example_dags/example_bash_operator.py took 0.060 seconds
[2025-01-28T12:24:30.394+0530] {processor.py:186} INFO - Started process (PID=31865) to work on /home/verma-tv/.local/lib/python3.11/site-packages/airflow/example_dags/example_bash_operator.py
[2025-01-28T12:24:30.407+0530] {processor.py:914} INFO - Processing file /home/verma-tv/.local/lib/python3.11/site-packages/airflow/example_dags/example_bash_operator.py for tasks to queue
[2025-01-28T12:24:30.409+0530] {logging_mixin.py:190} INFO - [2025-01-28T12:24:30.409+0530] {dagbag.py:588} INFO - Filling up the DagBag from /home/verma-tv/.local/lib/python3.11/site-packages/airflow/example_dags/example_bash_operator.py
[2025-01-28T12:24:30.419+0530] {processor.py:925} INFO - DAG(s) 'example_bash_operator' retrieved from /home/verma-tv/.local/lib/python3.11/site-packages/airflow/example_dags/example_bash_operator.py
[2025-01-28T12:24:30.434+0530] {logging_mixin.py:190} INFO - [2025-01-28T12:24:30.434+0530] {dag.py:3239} INFO - Sync 1 DAGs
[2025-01-28T12:24:30.449+0530] {logging_mixin.py:190} INFO - [2025-01-28T12:24:30.449+0530] {dag.py:4180} INFO - Setting next_dagrun for example_bash_operator to 2025-01-27 00:00:00+00:00, run_after=2025-01-28 00:00:00+00:00
[2025-01-28T12:24:30.464+0530] {processor.py:208} INFO - Processing /home/verma-tv/.local/lib/python3.11/site-packages/airflow/example_dags/example_bash_operator.py took 0.074 seconds
[2025-01-28T12:25:50.462+0530] {processor.py:186} INFO - Started process (PID=32293) to work on /home/verma-tv/.local/lib/python3.11/site-packages/airflow/example_dags/example_bash_operator.py
[2025-01-28T12:25:50.464+0530] {processor.py:914} INFO - Processing file /home/verma-tv/.local/lib/python3.11/site-packages/airflow/example_dags/example_bash_operator.py for tasks to queue
[2025-01-28T12:25:50.466+0530] {logging_mixin.py:190} INFO - [2025-01-28T12:25:50.465+0530] {dagbag.py:588} INFO - Filling up the DagBag from /home/verma-tv/.local/lib/python3.11/site-packages/airflow/example_dags/example_bash_operator.py
[2025-01-28T12:25:50.478+0530] {processor.py:925} INFO - DAG(s) 'example_bash_operator' retrieved from /home/verma-tv/.local/lib/python3.11/site-packages/airflow/example_dags/example_bash_operator.py
[2025-01-28T12:25:50.496+0530] {logging_mixin.py:190} INFO - [2025-01-28T12:25:50.495+0530] {dag.py:3239} INFO - Sync 1 DAGs
[2025-01-28T12:25:50.517+0530] {logging_mixin.py:190} INFO - [2025-01-28T12:25:50.517+0530] {dag.py:4180} INFO - Setting next_dagrun for example_bash_operator to 2025-01-27 00:00:00+00:00, run_after=2025-01-28 00:00:00+00:00
[2025-01-28T12:25:50.533+0530] {processor.py:208} INFO - Processing /home/verma-tv/.local/lib/python3.11/site-packages/airflow/example_dags/example_bash_operator.py took 0.078 seconds
[2025-01-28T12:27:06.120+0530] {processor.py:186} INFO - Started process (PID=32614) to work on /home/verma-tv/.local/lib/python3.11/site-packages/airflow/example_dags/example_bash_operator.py
[2025-01-28T12:27:06.133+0530] {processor.py:914} INFO - Processing file /home/verma-tv/.local/lib/python3.11/site-packages/airflow/example_dags/example_bash_operator.py for tasks to queue
[2025-01-28T12:27:06.135+0530] {logging_mixin.py:190} INFO - [2025-01-28T12:27:06.135+0530] {dagbag.py:588} INFO - Filling up the DagBag from /home/verma-tv/.local/lib/python3.11/site-packages/airflow/example_dags/example_bash_operator.py
[2025-01-28T12:27:06.146+0530] {processor.py:925} INFO - DAG(s) 'example_bash_operator' retrieved from /home/verma-tv/.local/lib/python3.11/site-packages/airflow/example_dags/example_bash_operator.py
[2025-01-28T12:27:06.162+0530] {logging_mixin.py:190} INFO - [2025-01-28T12:27:06.162+0530] {dag.py:3239} INFO - Sync 1 DAGs
[2025-01-28T12:27:06.179+0530] {logging_mixin.py:190} INFO - [2025-01-28T12:27:06.179+0530] {dag.py:4180} INFO - Setting next_dagrun for example_bash_operator to 2025-01-27 00:00:00+00:00, run_after=2025-01-28 00:00:00+00:00
[2025-01-28T12:27:06.196+0530] {processor.py:208} INFO - Processing /home/verma-tv/.local/lib/python3.11/site-packages/airflow/example_dags/example_bash_operator.py took 0.083 seconds
[2025-01-28T12:28:27.773+0530] {processor.py:186} INFO - Started process (PID=32838) to work on /home/verma-tv/.local/lib/python3.11/site-packages/airflow/example_dags/example_bash_operator.py
[2025-01-28T12:28:27.774+0530] {processor.py:914} INFO - Processing file /home/verma-tv/.local/lib/python3.11/site-packages/airflow/example_dags/example_bash_operator.py for tasks to queue
[2025-01-28T12:28:27.776+0530] {logging_mixin.py:190} INFO - [2025-01-28T12:28:27.775+0530] {dagbag.py:588} INFO - Filling up the DagBag from /home/verma-tv/.local/lib/python3.11/site-packages/airflow/example_dags/example_bash_operator.py
[2025-01-28T12:28:27.789+0530] {processor.py:925} INFO - DAG(s) 'example_bash_operator' retrieved from /home/verma-tv/.local/lib/python3.11/site-packages/airflow/example_dags/example_bash_operator.py
[2025-01-28T12:28:27.808+0530] {logging_mixin.py:190} INFO - [2025-01-28T12:28:27.808+0530] {dag.py:3239} INFO - Sync 1 DAGs
[2025-01-28T12:28:27.824+0530] {logging_mixin.py:190} INFO - [2025-01-28T12:28:27.824+0530] {dag.py:4180} INFO - Setting next_dagrun for example_bash_operator to 2025-01-27 00:00:00+00:00, run_after=2025-01-28 00:00:00+00:00
[2025-01-28T12:28:27.841+0530] {processor.py:208} INFO - Processing /home/verma-tv/.local/lib/python3.11/site-packages/airflow/example_dags/example_bash_operator.py took 0.076 seconds
[2025-01-28T12:29:43.253+0530] {processor.py:186} INFO - Started process (PID=33095) to work on /home/verma-tv/.local/lib/python3.11/site-packages/airflow/example_dags/example_bash_operator.py
[2025-01-28T12:29:43.265+0530] {processor.py:914} INFO - Processing file /home/verma-tv/.local/lib/python3.11/site-packages/airflow/example_dags/example_bash_operator.py for tasks to queue
[2025-01-28T12:29:43.267+0530] {logging_mixin.py:190} INFO - [2025-01-28T12:29:43.266+0530] {dagbag.py:588} INFO - Filling up the DagBag from /home/verma-tv/.local/lib/python3.11/site-packages/airflow/example_dags/example_bash_operator.py
[2025-01-28T12:29:43.280+0530] {processor.py:925} INFO - DAG(s) 'example_bash_operator' retrieved from /home/verma-tv/.local/lib/python3.11/site-packages/airflow/example_dags/example_bash_operator.py
[2025-01-28T12:29:43.297+0530] {logging_mixin.py:190} INFO - [2025-01-28T12:29:43.297+0530] {dag.py:3239} INFO - Sync 1 DAGs
[2025-01-28T12:29:43.312+0530] {logging_mixin.py:190} INFO - [2025-01-28T12:29:43.312+0530] {dag.py:4180} INFO - Setting next_dagrun for example_bash_operator to 2025-01-27 00:00:00+00:00, run_after=2025-01-28 00:00:00+00:00
[2025-01-28T12:29:43.329+0530] {processor.py:208} INFO - Processing /home/verma-tv/.local/lib/python3.11/site-packages/airflow/example_dags/example_bash_operator.py took 0.081 seconds
[2025-01-28T12:31:03.390+0530] {processor.py:186} INFO - Started process (PID=33430) to work on /home/verma-tv/.local/lib/python3.11/site-packages/airflow/example_dags/example_bash_operator.py
[2025-01-28T12:31:03.403+0530] {processor.py:914} INFO - Processing file /home/verma-tv/.local/lib/python3.11/site-packages/airflow/example_dags/example_bash_operator.py for tasks to queue
[2025-01-28T12:31:03.406+0530] {logging_mixin.py:190} INFO - [2025-01-28T12:31:03.406+0530] {dagbag.py:588} INFO - Filling up the DagBag from /home/verma-tv/.local/lib/python3.11/site-packages/airflow/example_dags/example_bash_operator.py
[2025-01-28T12:31:03.416+0530] {processor.py:925} INFO - DAG(s) 'example_bash_operator' retrieved from /home/verma-tv/.local/lib/python3.11/site-packages/airflow/example_dags/example_bash_operator.py
[2025-01-28T12:31:03.436+0530] {logging_mixin.py:190} INFO - [2025-01-28T12:31:03.435+0530] {dag.py:3239} INFO - Sync 1 DAGs
[2025-01-28T12:31:03.451+0530] {logging_mixin.py:190} INFO - [2025-01-28T12:31:03.451+0530] {dag.py:4180} INFO - Setting next_dagrun for example_bash_operator to 2025-01-27 00:00:00+00:00, run_after=2025-01-28 00:00:00+00:00
[2025-01-28T12:31:03.467+0530] {processor.py:208} INFO - Processing /home/verma-tv/.local/lib/python3.11/site-packages/airflow/example_dags/example_bash_operator.py took 0.085 seconds
[2025-01-28T12:32:20.802+0530] {processor.py:186} INFO - Started process (PID=33671) to work on /home/verma-tv/.local/lib/python3.11/site-packages/airflow/example_dags/example_bash_operator.py
[2025-01-28T12:32:20.814+0530] {processor.py:914} INFO - Processing file /home/verma-tv/.local/lib/python3.11/site-packages/airflow/example_dags/example_bash_operator.py for tasks to queue
[2025-01-28T12:32:20.816+0530] {logging_mixin.py:190} INFO - [2025-01-28T12:32:20.816+0530] {dagbag.py:588} INFO - Filling up the DagBag from /home/verma-tv/.local/lib/python3.11/site-packages/airflow/example_dags/example_bash_operator.py
[2025-01-28T12:32:20.829+0530] {processor.py:925} INFO - DAG(s) 'example_bash_operator' retrieved from /home/verma-tv/.local/lib/python3.11/site-packages/airflow/example_dags/example_bash_operator.py
[2025-01-28T12:32:20.847+0530] {logging_mixin.py:190} INFO - [2025-01-28T12:32:20.847+0530] {dag.py:3239} INFO - Sync 1 DAGs
[2025-01-28T12:32:20.862+0530] {logging_mixin.py:190} INFO - [2025-01-28T12:32:20.862+0530] {dag.py:4180} INFO - Setting next_dagrun for example_bash_operator to 2025-01-27 00:00:00+00:00, run_after=2025-01-28 00:00:00+00:00
[2025-01-28T12:32:20.880+0530] {processor.py:208} INFO - Processing /home/verma-tv/.local/lib/python3.11/site-packages/airflow/example_dags/example_bash_operator.py took 0.082 seconds
[2025-01-28T12:33:39.788+0530] {processor.py:186} INFO - Started process (PID=33937) to work on /home/verma-tv/.local/lib/python3.11/site-packages/airflow/example_dags/example_bash_operator.py
[2025-01-28T12:33:39.805+0530] {processor.py:914} INFO - Processing file /home/verma-tv/.local/lib/python3.11/site-packages/airflow/example_dags/example_bash_operator.py for tasks to queue
[2025-01-28T12:33:39.814+0530] {logging_mixin.py:190} INFO - [2025-01-28T12:33:39.812+0530] {dagbag.py:588} INFO - Filling up the DagBag from /home/verma-tv/.local/lib/python3.11/site-packages/airflow/example_dags/example_bash_operator.py
[2025-01-28T12:33:39.869+0530] {processor.py:925} INFO - DAG(s) 'example_bash_operator' retrieved from /home/verma-tv/.local/lib/python3.11/site-packages/airflow/example_dags/example_bash_operator.py
[2025-01-28T12:33:39.907+0530] {logging_mixin.py:190} INFO - [2025-01-28T12:33:39.907+0530] {dag.py:3239} INFO - Sync 1 DAGs
[2025-01-28T12:33:39.922+0530] {logging_mixin.py:190} INFO - [2025-01-28T12:33:39.922+0530] {dag.py:4180} INFO - Setting next_dagrun for example_bash_operator to 2025-01-27 00:00:00+00:00, run_after=2025-01-28 00:00:00+00:00
[2025-01-28T12:33:39.947+0530] {processor.py:208} INFO - Processing /home/verma-tv/.local/lib/python3.11/site-packages/airflow/example_dags/example_bash_operator.py took 0.183 seconds
[2025-01-28T12:34:38.593+0530] {processor.py:186} INFO - Started process (PID=34150) to work on /home/verma-tv/.local/lib/python3.11/site-packages/airflow/example_dags/example_bash_operator.py
[2025-01-28T12:34:38.606+0530] {processor.py:914} INFO - Processing file /home/verma-tv/.local/lib/python3.11/site-packages/airflow/example_dags/example_bash_operator.py for tasks to queue
[2025-01-28T12:34:38.611+0530] {logging_mixin.py:190} INFO - [2025-01-28T12:34:38.610+0530] {dagbag.py:588} INFO - Filling up the DagBag from /home/verma-tv/.local/lib/python3.11/site-packages/airflow/example_dags/example_bash_operator.py
[2025-01-28T12:34:38.622+0530] {processor.py:925} INFO - DAG(s) 'example_bash_operator' retrieved from /home/verma-tv/.local/lib/python3.11/site-packages/airflow/example_dags/example_bash_operator.py
[2025-01-28T12:34:38.644+0530] {logging_mixin.py:190} INFO - [2025-01-28T12:34:38.643+0530] {dag.py:3239} INFO - Sync 1 DAGs
[2025-01-28T12:34:38.659+0530] {logging_mixin.py:190} INFO - [2025-01-28T12:34:38.659+0530] {dag.py:4180} INFO - Setting next_dagrun for example_bash_operator to 2025-01-27 00:00:00+00:00, run_after=2025-01-28 00:00:00+00:00
[2025-01-28T12:34:38.685+0530] {processor.py:208} INFO - Processing /home/verma-tv/.local/lib/python3.11/site-packages/airflow/example_dags/example_bash_operator.py took 0.098 seconds
[2025-01-28T12:35:55.939+0530] {processor.py:186} INFO - Started process (PID=34423) to work on /home/verma-tv/.local/lib/python3.11/site-packages/airflow/example_dags/example_bash_operator.py
[2025-01-28T12:35:55.951+0530] {processor.py:914} INFO - Processing file /home/verma-tv/.local/lib/python3.11/site-packages/airflow/example_dags/example_bash_operator.py for tasks to queue
[2025-01-28T12:35:55.953+0530] {logging_mixin.py:190} INFO - [2025-01-28T12:35:55.953+0530] {dagbag.py:588} INFO - Filling up the DagBag from /home/verma-tv/.local/lib/python3.11/site-packages/airflow/example_dags/example_bash_operator.py
[2025-01-28T12:35:55.966+0530] {processor.py:925} INFO - DAG(s) 'example_bash_operator' retrieved from /home/verma-tv/.local/lib/python3.11/site-packages/airflow/example_dags/example_bash_operator.py
[2025-01-28T12:35:55.983+0530] {logging_mixin.py:190} INFO - [2025-01-28T12:35:55.982+0530] {dag.py:3239} INFO - Sync 1 DAGs
[2025-01-28T12:35:55.999+0530] {logging_mixin.py:190} INFO - [2025-01-28T12:35:55.998+0530] {dag.py:4180} INFO - Setting next_dagrun for example_bash_operator to 2025-01-27 00:00:00+00:00, run_after=2025-01-28 00:00:00+00:00
[2025-01-28T12:35:56.013+0530] {processor.py:208} INFO - Processing /home/verma-tv/.local/lib/python3.11/site-packages/airflow/example_dags/example_bash_operator.py took 0.079 seconds
[2025-01-28T12:37:16.043+0530] {processor.py:186} INFO - Started process (PID=34712) to work on /home/verma-tv/.local/lib/python3.11/site-packages/airflow/example_dags/example_bash_operator.py
[2025-01-28T12:37:16.055+0530] {processor.py:914} INFO - Processing file /home/verma-tv/.local/lib/python3.11/site-packages/airflow/example_dags/example_bash_operator.py for tasks to queue
[2025-01-28T12:37:16.057+0530] {logging_mixin.py:190} INFO - [2025-01-28T12:37:16.057+0530] {dagbag.py:588} INFO - Filling up the DagBag from /home/verma-tv/.local/lib/python3.11/site-packages/airflow/example_dags/example_bash_operator.py
[2025-01-28T12:37:16.070+0530] {processor.py:925} INFO - DAG(s) 'example_bash_operator' retrieved from /home/verma-tv/.local/lib/python3.11/site-packages/airflow/example_dags/example_bash_operator.py
[2025-01-28T12:37:16.088+0530] {logging_mixin.py:190} INFO - [2025-01-28T12:37:16.088+0530] {dag.py:3239} INFO - Sync 1 DAGs
[2025-01-28T12:37:16.104+0530] {logging_mixin.py:190} INFO - [2025-01-28T12:37:16.104+0530] {dag.py:4180} INFO - Setting next_dagrun for example_bash_operator to 2025-01-27 00:00:00+00:00, run_after=2025-01-28 00:00:00+00:00
[2025-01-28T12:37:16.122+0530] {processor.py:208} INFO - Processing /home/verma-tv/.local/lib/python3.11/site-packages/airflow/example_dags/example_bash_operator.py took 0.084 seconds
[2025-01-28T12:38:29.779+0530] {processor.py:186} INFO - Started process (PID=34931) to work on /home/verma-tv/.local/lib/python3.11/site-packages/airflow/example_dags/example_bash_operator.py
[2025-01-28T12:38:29.792+0530] {processor.py:914} INFO - Processing file /home/verma-tv/.local/lib/python3.11/site-packages/airflow/example_dags/example_bash_operator.py for tasks to queue
[2025-01-28T12:38:29.794+0530] {logging_mixin.py:190} INFO - [2025-01-28T12:38:29.794+0530] {dagbag.py:588} INFO - Filling up the DagBag from /home/verma-tv/.local/lib/python3.11/site-packages/airflow/example_dags/example_bash_operator.py
[2025-01-28T12:38:29.804+0530] {processor.py:925} INFO - DAG(s) 'example_bash_operator' retrieved from /home/verma-tv/.local/lib/python3.11/site-packages/airflow/example_dags/example_bash_operator.py
[2025-01-28T12:38:29.826+0530] {logging_mixin.py:190} INFO - [2025-01-28T12:38:29.826+0530] {dag.py:3239} INFO - Sync 1 DAGs
[2025-01-28T12:38:29.842+0530] {logging_mixin.py:190} INFO - [2025-01-28T12:38:29.841+0530] {dag.py:4180} INFO - Setting next_dagrun for example_bash_operator to 2025-01-27 00:00:00+00:00, run_after=2025-01-28 00:00:00+00:00
[2025-01-28T12:38:29.855+0530] {processor.py:208} INFO - Processing /home/verma-tv/.local/lib/python3.11/site-packages/airflow/example_dags/example_bash_operator.py took 0.083 seconds
[2025-01-28T12:39:46.326+0530] {processor.py:186} INFO - Started process (PID=35188) to work on /home/verma-tv/.local/lib/python3.11/site-packages/airflow/example_dags/example_bash_operator.py
[2025-01-28T12:39:46.338+0530] {processor.py:914} INFO - Processing file /home/verma-tv/.local/lib/python3.11/site-packages/airflow/example_dags/example_bash_operator.py for tasks to queue
[2025-01-28T12:39:46.340+0530] {logging_mixin.py:190} INFO - [2025-01-28T12:39:46.340+0530] {dagbag.py:588} INFO - Filling up the DagBag from /home/verma-tv/.local/lib/python3.11/site-packages/airflow/example_dags/example_bash_operator.py
[2025-01-28T12:39:46.351+0530] {processor.py:925} INFO - DAG(s) 'example_bash_operator' retrieved from /home/verma-tv/.local/lib/python3.11/site-packages/airflow/example_dags/example_bash_operator.py
[2025-01-28T12:39:46.370+0530] {logging_mixin.py:190} INFO - [2025-01-28T12:39:46.370+0530] {dag.py:3239} INFO - Sync 1 DAGs
[2025-01-28T12:39:46.388+0530] {logging_mixin.py:190} INFO - [2025-01-28T12:39:46.388+0530] {dag.py:4180} INFO - Setting next_dagrun for example_bash_operator to 2025-01-27 00:00:00+00:00, run_after=2025-01-28 00:00:00+00:00
[2025-01-28T12:39:46.412+0530] {processor.py:208} INFO - Processing /home/verma-tv/.local/lib/python3.11/site-packages/airflow/example_dags/example_bash_operator.py took 0.092 seconds
[2025-01-28T12:41:00.620+0530] {processor.py:186} INFO - Started process (PID=35626) to work on /home/verma-tv/.local/lib/python3.11/site-packages/airflow/example_dags/example_bash_operator.py
[2025-01-28T12:41:00.622+0530] {processor.py:914} INFO - Processing file /home/verma-tv/.local/lib/python3.11/site-packages/airflow/example_dags/example_bash_operator.py for tasks to queue
[2025-01-28T12:41:00.624+0530] {logging_mixin.py:190} INFO - [2025-01-28T12:41:00.623+0530] {dagbag.py:588} INFO - Filling up the DagBag from /home/verma-tv/.local/lib/python3.11/site-packages/airflow/example_dags/example_bash_operator.py
[2025-01-28T12:41:00.636+0530] {processor.py:925} INFO - DAG(s) 'example_bash_operator' retrieved from /home/verma-tv/.local/lib/python3.11/site-packages/airflow/example_dags/example_bash_operator.py
[2025-01-28T12:41:00.654+0530] {logging_mixin.py:190} INFO - [2025-01-28T12:41:00.654+0530] {dag.py:3239} INFO - Sync 1 DAGs
[2025-01-28T12:41:00.673+0530] {logging_mixin.py:190} INFO - [2025-01-28T12:41:00.673+0530] {dag.py:4180} INFO - Setting next_dagrun for example_bash_operator to 2025-01-27 00:00:00+00:00, run_after=2025-01-28 00:00:00+00:00
[2025-01-28T12:41:00.689+0530] {processor.py:208} INFO - Processing /home/verma-tv/.local/lib/python3.11/site-packages/airflow/example_dags/example_bash_operator.py took 0.073 seconds
[2025-01-28T12:42:15.237+0530] {processor.py:186} INFO - Started process (PID=36282) to work on /home/verma-tv/.local/lib/python3.11/site-packages/airflow/example_dags/example_bash_operator.py
[2025-01-28T12:42:15.249+0530] {processor.py:914} INFO - Processing file /home/verma-tv/.local/lib/python3.11/site-packages/airflow/example_dags/example_bash_operator.py for tasks to queue
[2025-01-28T12:42:15.251+0530] {logging_mixin.py:190} INFO - [2025-01-28T12:42:15.251+0530] {dagbag.py:588} INFO - Filling up the DagBag from /home/verma-tv/.local/lib/python3.11/site-packages/airflow/example_dags/example_bash_operator.py
[2025-01-28T12:42:15.262+0530] {processor.py:925} INFO - DAG(s) 'example_bash_operator' retrieved from /home/verma-tv/.local/lib/python3.11/site-packages/airflow/example_dags/example_bash_operator.py
[2025-01-28T12:42:15.277+0530] {logging_mixin.py:190} INFO - [2025-01-28T12:42:15.277+0530] {dag.py:3239} INFO - Sync 1 DAGs
[2025-01-28T12:42:15.291+0530] {logging_mixin.py:190} INFO - [2025-01-28T12:42:15.291+0530] {dag.py:4180} INFO - Setting next_dagrun for example_bash_operator to 2025-01-27 00:00:00+00:00, run_after=2025-01-28 00:00:00+00:00
[2025-01-28T12:42:15.306+0530] {processor.py:208} INFO - Processing /home/verma-tv/.local/lib/python3.11/site-packages/airflow/example_dags/example_bash_operator.py took 0.074 seconds
[2025-01-28T12:43:33.736+0530] {processor.py:186} INFO - Started process (PID=36932) to work on /home/verma-tv/.local/lib/python3.11/site-packages/airflow/example_dags/example_bash_operator.py
[2025-01-28T12:43:33.748+0530] {processor.py:914} INFO - Processing file /home/verma-tv/.local/lib/python3.11/site-packages/airflow/example_dags/example_bash_operator.py for tasks to queue
[2025-01-28T12:43:33.750+0530] {logging_mixin.py:190} INFO - [2025-01-28T12:43:33.750+0530] {dagbag.py:588} INFO - Filling up the DagBag from /home/verma-tv/.local/lib/python3.11/site-packages/airflow/example_dags/example_bash_operator.py
[2025-01-28T12:43:33.761+0530] {processor.py:925} INFO - DAG(s) 'example_bash_operator' retrieved from /home/verma-tv/.local/lib/python3.11/site-packages/airflow/example_dags/example_bash_operator.py
[2025-01-28T12:43:33.777+0530] {logging_mixin.py:190} INFO - [2025-01-28T12:43:33.776+0530] {dag.py:3239} INFO - Sync 1 DAGs
[2025-01-28T12:43:33.791+0530] {logging_mixin.py:190} INFO - [2025-01-28T12:43:33.790+0530] {dag.py:4180} INFO - Setting next_dagrun for example_bash_operator to 2025-01-27 00:00:00+00:00, run_after=2025-01-28 00:00:00+00:00
[2025-01-28T12:43:33.804+0530] {processor.py:208} INFO - Processing /home/verma-tv/.local/lib/python3.11/site-packages/airflow/example_dags/example_bash_operator.py took 0.073 seconds
[2025-01-28T12:44:49.516+0530] {processor.py:186} INFO - Started process (PID=37251) to work on /home/verma-tv/.local/lib/python3.11/site-packages/airflow/example_dags/example_bash_operator.py
[2025-01-28T12:44:49.528+0530] {processor.py:914} INFO - Processing file /home/verma-tv/.local/lib/python3.11/site-packages/airflow/example_dags/example_bash_operator.py for tasks to queue
[2025-01-28T12:44:49.531+0530] {logging_mixin.py:190} INFO - [2025-01-28T12:44:49.530+0530] {dagbag.py:588} INFO - Filling up the DagBag from /home/verma-tv/.local/lib/python3.11/site-packages/airflow/example_dags/example_bash_operator.py
[2025-01-28T12:44:49.541+0530] {processor.py:925} INFO - DAG(s) 'example_bash_operator' retrieved from /home/verma-tv/.local/lib/python3.11/site-packages/airflow/example_dags/example_bash_operator.py
[2025-01-28T12:44:49.557+0530] {logging_mixin.py:190} INFO - [2025-01-28T12:44:49.557+0530] {dag.py:3239} INFO - Sync 1 DAGs
[2025-01-28T12:44:49.571+0530] {logging_mixin.py:190} INFO - [2025-01-28T12:44:49.571+0530] {dag.py:4180} INFO - Setting next_dagrun for example_bash_operator to 2025-01-27 00:00:00+00:00, run_after=2025-01-28 00:00:00+00:00
[2025-01-28T12:44:49.587+0530] {processor.py:208} INFO - Processing /home/verma-tv/.local/lib/python3.11/site-packages/airflow/example_dags/example_bash_operator.py took 0.076 seconds
[2025-01-28T12:45:59.238+0530] {processor.py:186} INFO - Started process (PID=37801) to work on /home/verma-tv/.local/lib/python3.11/site-packages/airflow/example_dags/example_bash_operator.py
[2025-01-28T12:45:59.252+0530] {processor.py:914} INFO - Processing file /home/verma-tv/.local/lib/python3.11/site-packages/airflow/example_dags/example_bash_operator.py for tasks to queue
[2025-01-28T12:45:59.254+0530] {logging_mixin.py:190} INFO - [2025-01-28T12:45:59.253+0530] {dagbag.py:588} INFO - Filling up the DagBag from /home/verma-tv/.local/lib/python3.11/site-packages/airflow/example_dags/example_bash_operator.py
[2025-01-28T12:45:59.264+0530] {processor.py:925} INFO - DAG(s) 'example_bash_operator' retrieved from /home/verma-tv/.local/lib/python3.11/site-packages/airflow/example_dags/example_bash_operator.py
[2025-01-28T12:45:59.280+0530] {logging_mixin.py:190} INFO - [2025-01-28T12:45:59.280+0530] {dag.py:3239} INFO - Sync 1 DAGs
[2025-01-28T12:45:59.294+0530] {logging_mixin.py:190} INFO - [2025-01-28T12:45:59.294+0530] {dag.py:4180} INFO - Setting next_dagrun for example_bash_operator to 2025-01-27 00:00:00+00:00, run_after=2025-01-28 00:00:00+00:00
[2025-01-28T12:45:59.310+0530] {processor.py:208} INFO - Processing /home/verma-tv/.local/lib/python3.11/site-packages/airflow/example_dags/example_bash_operator.py took 0.077 seconds
[2025-01-28T12:47:18.587+0530] {processor.py:186} INFO - Started process (PID=38092) to work on /home/verma-tv/.local/lib/python3.11/site-packages/airflow/example_dags/example_bash_operator.py
[2025-01-28T12:47:18.599+0530] {processor.py:914} INFO - Processing file /home/verma-tv/.local/lib/python3.11/site-packages/airflow/example_dags/example_bash_operator.py for tasks to queue
[2025-01-28T12:47:18.601+0530] {logging_mixin.py:190} INFO - [2025-01-28T12:47:18.601+0530] {dagbag.py:588} INFO - Filling up the DagBag from /home/verma-tv/.local/lib/python3.11/site-packages/airflow/example_dags/example_bash_operator.py
[2025-01-28T12:47:18.612+0530] {processor.py:925} INFO - DAG(s) 'example_bash_operator' retrieved from /home/verma-tv/.local/lib/python3.11/site-packages/airflow/example_dags/example_bash_operator.py
[2025-01-28T12:47:18.627+0530] {logging_mixin.py:190} INFO - [2025-01-28T12:47:18.627+0530] {dag.py:3239} INFO - Sync 1 DAGs
[2025-01-28T12:47:18.641+0530] {logging_mixin.py:190} INFO - [2025-01-28T12:47:18.640+0530] {dag.py:4180} INFO - Setting next_dagrun for example_bash_operator to 2025-01-27 00:00:00+00:00, run_after=2025-01-28 00:00:00+00:00
[2025-01-28T12:47:18.655+0530] {processor.py:208} INFO - Processing /home/verma-tv/.local/lib/python3.11/site-packages/airflow/example_dags/example_bash_operator.py took 0.072 seconds
[2025-01-28T12:48:36.543+0530] {processor.py:186} INFO - Started process (PID=38476) to work on /home/verma-tv/.local/lib/python3.11/site-packages/airflow/example_dags/example_bash_operator.py
[2025-01-28T12:48:36.544+0530] {processor.py:914} INFO - Processing file /home/verma-tv/.local/lib/python3.11/site-packages/airflow/example_dags/example_bash_operator.py for tasks to queue
[2025-01-28T12:48:36.545+0530] {logging_mixin.py:190} INFO - [2025-01-28T12:48:36.545+0530] {dagbag.py:588} INFO - Filling up the DagBag from /home/verma-tv/.local/lib/python3.11/site-packages/airflow/example_dags/example_bash_operator.py
[2025-01-28T12:48:36.558+0530] {processor.py:925} INFO - DAG(s) 'example_bash_operator' retrieved from /home/verma-tv/.local/lib/python3.11/site-packages/airflow/example_dags/example_bash_operator.py
[2025-01-28T12:48:36.575+0530] {logging_mixin.py:190} INFO - [2025-01-28T12:48:36.574+0530] {dag.py:3239} INFO - Sync 1 DAGs
[2025-01-28T12:48:36.591+0530] {logging_mixin.py:190} INFO - [2025-01-28T12:48:36.591+0530] {dag.py:4180} INFO - Setting next_dagrun for example_bash_operator to 2025-01-27 00:00:00+00:00, run_after=2025-01-28 00:00:00+00:00
[2025-01-28T12:48:36.607+0530] {processor.py:208} INFO - Processing /home/verma-tv/.local/lib/python3.11/site-packages/airflow/example_dags/example_bash_operator.py took 0.069 seconds
[2025-01-28T12:49:55.927+0530] {processor.py:186} INFO - Started process (PID=38888) to work on /home/verma-tv/.local/lib/python3.11/site-packages/airflow/example_dags/example_bash_operator.py
[2025-01-28T12:49:55.941+0530] {processor.py:914} INFO - Processing file /home/verma-tv/.local/lib/python3.11/site-packages/airflow/example_dags/example_bash_operator.py for tasks to queue
[2025-01-28T12:49:55.943+0530] {logging_mixin.py:190} INFO - [2025-01-28T12:49:55.943+0530] {dagbag.py:588} INFO - Filling up the DagBag from /home/verma-tv/.local/lib/python3.11/site-packages/airflow/example_dags/example_bash_operator.py
[2025-01-28T12:49:55.954+0530] {processor.py:925} INFO - DAG(s) 'example_bash_operator' retrieved from /home/verma-tv/.local/lib/python3.11/site-packages/airflow/example_dags/example_bash_operator.py
[2025-01-28T12:49:55.969+0530] {logging_mixin.py:190} INFO - [2025-01-28T12:49:55.968+0530] {dag.py:3239} INFO - Sync 1 DAGs
[2025-01-28T12:49:55.982+0530] {logging_mixin.py:190} INFO - [2025-01-28T12:49:55.982+0530] {dag.py:4180} INFO - Setting next_dagrun for example_bash_operator to 2025-01-27 00:00:00+00:00, run_after=2025-01-28 00:00:00+00:00
[2025-01-28T12:49:55.996+0530] {processor.py:208} INFO - Processing /home/verma-tv/.local/lib/python3.11/site-packages/airflow/example_dags/example_bash_operator.py took 0.073 seconds
[2025-01-28T12:51:10.514+0530] {processor.py:186} INFO - Started process (PID=39268) to work on /home/verma-tv/.local/lib/python3.11/site-packages/airflow/example_dags/example_bash_operator.py
[2025-01-28T12:51:10.515+0530] {processor.py:914} INFO - Processing file /home/verma-tv/.local/lib/python3.11/site-packages/airflow/example_dags/example_bash_operator.py for tasks to queue
[2025-01-28T12:51:10.516+0530] {logging_mixin.py:190} INFO - [2025-01-28T12:51:10.516+0530] {dagbag.py:588} INFO - Filling up the DagBag from /home/verma-tv/.local/lib/python3.11/site-packages/airflow/example_dags/example_bash_operator.py
[2025-01-28T12:51:10.530+0530] {processor.py:925} INFO - DAG(s) 'example_bash_operator' retrieved from /home/verma-tv/.local/lib/python3.11/site-packages/airflow/example_dags/example_bash_operator.py
[2025-01-28T12:51:10.545+0530] {logging_mixin.py:190} INFO - [2025-01-28T12:51:10.545+0530] {dag.py:3239} INFO - Sync 1 DAGs
[2025-01-28T12:51:10.559+0530] {logging_mixin.py:190} INFO - [2025-01-28T12:51:10.559+0530] {dag.py:4180} INFO - Setting next_dagrun for example_bash_operator to 2025-01-27 00:00:00+00:00, run_after=2025-01-28 00:00:00+00:00
[2025-01-28T12:51:10.574+0530] {processor.py:208} INFO - Processing /home/verma-tv/.local/lib/python3.11/site-packages/airflow/example_dags/example_bash_operator.py took 0.065 seconds
[2025-01-28T12:52:32.487+0530] {processor.py:186} INFO - Started process (PID=39575) to work on /home/verma-tv/.local/lib/python3.11/site-packages/airflow/example_dags/example_bash_operator.py
[2025-01-28T12:52:32.488+0530] {processor.py:914} INFO - Processing file /home/verma-tv/.local/lib/python3.11/site-packages/airflow/example_dags/example_bash_operator.py for tasks to queue
[2025-01-28T12:52:32.491+0530] {logging_mixin.py:190} INFO - [2025-01-28T12:52:32.490+0530] {dagbag.py:588} INFO - Filling up the DagBag from /home/verma-tv/.local/lib/python3.11/site-packages/airflow/example_dags/example_bash_operator.py
[2025-01-28T12:52:32.507+0530] {processor.py:925} INFO - DAG(s) 'example_bash_operator' retrieved from /home/verma-tv/.local/lib/python3.11/site-packages/airflow/example_dags/example_bash_operator.py
[2025-01-28T12:52:32.529+0530] {logging_mixin.py:190} INFO - [2025-01-28T12:52:32.529+0530] {dag.py:3239} INFO - Sync 1 DAGs
[2025-01-28T12:52:32.547+0530] {logging_mixin.py:190} INFO - [2025-01-28T12:52:32.547+0530] {dag.py:4180} INFO - Setting next_dagrun for example_bash_operator to 2025-01-27 00:00:00+00:00, run_after=2025-01-28 00:00:00+00:00
[2025-01-28T12:52:32.571+0530] {processor.py:208} INFO - Processing /home/verma-tv/.local/lib/python3.11/site-packages/airflow/example_dags/example_bash_operator.py took 0.091 seconds
[2025-01-28T12:53:51.294+0530] {processor.py:186} INFO - Started process (PID=39905) to work on /home/verma-tv/.local/lib/python3.11/site-packages/airflow/example_dags/example_bash_operator.py
[2025-01-28T12:53:51.306+0530] {processor.py:914} INFO - Processing file /home/verma-tv/.local/lib/python3.11/site-packages/airflow/example_dags/example_bash_operator.py for tasks to queue
[2025-01-28T12:53:51.309+0530] {logging_mixin.py:190} INFO - [2025-01-28T12:53:51.308+0530] {dagbag.py:588} INFO - Filling up the DagBag from /home/verma-tv/.local/lib/python3.11/site-packages/airflow/example_dags/example_bash_operator.py
[2025-01-28T12:53:51.319+0530] {processor.py:925} INFO - DAG(s) 'example_bash_operator' retrieved from /home/verma-tv/.local/lib/python3.11/site-packages/airflow/example_dags/example_bash_operator.py
[2025-01-28T12:53:51.335+0530] {logging_mixin.py:190} INFO - [2025-01-28T12:53:51.335+0530] {dag.py:3239} INFO - Sync 1 DAGs
[2025-01-28T12:53:51.350+0530] {logging_mixin.py:190} INFO - [2025-01-28T12:53:51.350+0530] {dag.py:4180} INFO - Setting next_dagrun for example_bash_operator to 2025-01-27 00:00:00+00:00, run_after=2025-01-28 00:00:00+00:00
[2025-01-28T12:53:51.369+0530] {processor.py:208} INFO - Processing /home/verma-tv/.local/lib/python3.11/site-packages/airflow/example_dags/example_bash_operator.py took 0.080 seconds
[2025-01-28T12:55:05.567+0530] {processor.py:186} INFO - Started process (PID=40274) to work on /home/verma-tv/.local/lib/python3.11/site-packages/airflow/example_dags/example_bash_operator.py
[2025-01-28T12:55:05.579+0530] {processor.py:914} INFO - Processing file /home/verma-tv/.local/lib/python3.11/site-packages/airflow/example_dags/example_bash_operator.py for tasks to queue
[2025-01-28T12:55:05.582+0530] {logging_mixin.py:190} INFO - [2025-01-28T12:55:05.582+0530] {dagbag.py:588} INFO - Filling up the DagBag from /home/verma-tv/.local/lib/python3.11/site-packages/airflow/example_dags/example_bash_operator.py
[2025-01-28T12:55:05.592+0530] {processor.py:925} INFO - DAG(s) 'example_bash_operator' retrieved from /home/verma-tv/.local/lib/python3.11/site-packages/airflow/example_dags/example_bash_operator.py
[2025-01-28T12:55:05.608+0530] {logging_mixin.py:190} INFO - [2025-01-28T12:55:05.608+0530] {dag.py:3239} INFO - Sync 1 DAGs
[2025-01-28T12:55:05.622+0530] {logging_mixin.py:190} INFO - [2025-01-28T12:55:05.621+0530] {dag.py:4180} INFO - Setting next_dagrun for example_bash_operator to 2025-01-27 00:00:00+00:00, run_after=2025-01-28 00:00:00+00:00
[2025-01-28T12:55:05.636+0530] {processor.py:208} INFO - Processing /home/verma-tv/.local/lib/python3.11/site-packages/airflow/example_dags/example_bash_operator.py took 0.073 seconds
[2025-01-28T12:56:20.717+0530] {processor.py:186} INFO - Started process (PID=40616) to work on /home/verma-tv/.local/lib/python3.11/site-packages/airflow/example_dags/example_bash_operator.py
[2025-01-28T12:56:20.730+0530] {processor.py:914} INFO - Processing file /home/verma-tv/.local/lib/python3.11/site-packages/airflow/example_dags/example_bash_operator.py for tasks to queue
[2025-01-28T12:56:20.732+0530] {logging_mixin.py:190} INFO - [2025-01-28T12:56:20.732+0530] {dagbag.py:588} INFO - Filling up the DagBag from /home/verma-tv/.local/lib/python3.11/site-packages/airflow/example_dags/example_bash_operator.py
[2025-01-28T12:56:20.743+0530] {processor.py:925} INFO - DAG(s) 'example_bash_operator' retrieved from /home/verma-tv/.local/lib/python3.11/site-packages/airflow/example_dags/example_bash_operator.py
[2025-01-28T12:56:20.758+0530] {logging_mixin.py:190} INFO - [2025-01-28T12:56:20.758+0530] {dag.py:3239} INFO - Sync 1 DAGs
[2025-01-28T12:56:20.772+0530] {logging_mixin.py:190} INFO - [2025-01-28T12:56:20.772+0530] {dag.py:4180} INFO - Setting next_dagrun for example_bash_operator to 2025-01-27 00:00:00+00:00, run_after=2025-01-28 00:00:00+00:00
[2025-01-28T12:56:20.785+0530] {processor.py:208} INFO - Processing /home/verma-tv/.local/lib/python3.11/site-packages/airflow/example_dags/example_bash_operator.py took 0.074 seconds
[2025-01-28T12:57:35.684+0530] {processor.py:186} INFO - Started process (PID=40932) to work on /home/verma-tv/.local/lib/python3.11/site-packages/airflow/example_dags/example_bash_operator.py
[2025-01-28T12:57:35.684+0530] {processor.py:914} INFO - Processing file /home/verma-tv/.local/lib/python3.11/site-packages/airflow/example_dags/example_bash_operator.py for tasks to queue
[2025-01-28T12:57:35.686+0530] {logging_mixin.py:190} INFO - [2025-01-28T12:57:35.686+0530] {dagbag.py:588} INFO - Filling up the DagBag from /home/verma-tv/.local/lib/python3.11/site-packages/airflow/example_dags/example_bash_operator.py
[2025-01-28T12:57:35.698+0530] {processor.py:925} INFO - DAG(s) 'example_bash_operator' retrieved from /home/verma-tv/.local/lib/python3.11/site-packages/airflow/example_dags/example_bash_operator.py
[2025-01-28T12:57:35.720+0530] {logging_mixin.py:190} INFO - [2025-01-28T12:57:35.720+0530] {dag.py:3239} INFO - Sync 1 DAGs
[2025-01-28T12:57:35.737+0530] {logging_mixin.py:190} INFO - [2025-01-28T12:57:35.736+0530] {dag.py:4180} INFO - Setting next_dagrun for example_bash_operator to 2025-01-27 00:00:00+00:00, run_after=2025-01-28 00:00:00+00:00
[2025-01-28T12:57:35.751+0530] {processor.py:208} INFO - Processing /home/verma-tv/.local/lib/python3.11/site-packages/airflow/example_dags/example_bash_operator.py took 0.073 seconds
[2025-01-28T12:58:50.590+0530] {processor.py:186} INFO - Started process (PID=41234) to work on /home/verma-tv/.local/lib/python3.11/site-packages/airflow/example_dags/example_bash_operator.py
[2025-01-28T12:58:50.591+0530] {processor.py:914} INFO - Processing file /home/verma-tv/.local/lib/python3.11/site-packages/airflow/example_dags/example_bash_operator.py for tasks to queue
[2025-01-28T12:58:50.593+0530] {logging_mixin.py:190} INFO - [2025-01-28T12:58:50.593+0530] {dagbag.py:588} INFO - Filling up the DagBag from /home/verma-tv/.local/lib/python3.11/site-packages/airflow/example_dags/example_bash_operator.py
[2025-01-28T12:58:50.606+0530] {processor.py:925} INFO - DAG(s) 'example_bash_operator' retrieved from /home/verma-tv/.local/lib/python3.11/site-packages/airflow/example_dags/example_bash_operator.py
[2025-01-28T12:58:50.624+0530] {logging_mixin.py:190} INFO - [2025-01-28T12:58:50.623+0530] {dag.py:3239} INFO - Sync 1 DAGs
[2025-01-28T12:58:50.640+0530] {logging_mixin.py:190} INFO - [2025-01-28T12:58:50.640+0530] {dag.py:4180} INFO - Setting next_dagrun for example_bash_operator to 2025-01-27 00:00:00+00:00, run_after=2025-01-28 00:00:00+00:00
[2025-01-28T12:58:50.657+0530] {processor.py:208} INFO - Processing /home/verma-tv/.local/lib/python3.11/site-packages/airflow/example_dags/example_bash_operator.py took 0.072 seconds
