[2025-01-28T11:39:38.482+0530] {processor.py:186} INFO - Started process (PID=17132) to work on /home/verma-tv/.local/lib/python3.11/site-packages/airflow/example_dags/example_short_circuit_decorator.py
[2025-01-28T11:39:38.483+0530] {processor.py:914} INFO - Processing file /home/verma-tv/.local/lib/python3.11/site-packages/airflow/example_dags/example_short_circuit_decorator.py for tasks to queue
[2025-01-28T11:39:38.485+0530] {logging_mixin.py:190} INFO - [2025-01-28T11:39:38.485+0530] {dagbag.py:588} INFO - Filling up the DagBag from /home/verma-tv/.local/lib/python3.11/site-packages/airflow/example_dags/example_short_circuit_decorator.py
[2025-01-28T11:39:38.493+0530] {processor.py:925} INFO - DAG(s) 'example_short_circuit_decorator' retrieved from /home/verma-tv/.local/lib/python3.11/site-packages/airflow/example_dags/example_short_circuit_decorator.py
[2025-01-28T11:39:38.599+0530] {logging_mixin.py:190} INFO - [2025-01-28T11:39:38.598+0530] {override.py:1912} INFO - Created Permission View: can read on DAG:example_short_circuit_decorator
[2025-01-28T11:39:38.606+0530] {logging_mixin.py:190} INFO - [2025-01-28T11:39:38.606+0530] {override.py:1912} INFO - Created Permission View: can edit on DAG:example_short_circuit_decorator
[2025-01-28T11:39:38.612+0530] {logging_mixin.py:190} INFO - [2025-01-28T11:39:38.612+0530] {override.py:1912} INFO - Created Permission View: can delete on DAG:example_short_circuit_decorator
[2025-01-28T11:39:38.619+0530] {logging_mixin.py:190} INFO - [2025-01-28T11:39:38.619+0530] {override.py:1912} INFO - Created Permission View: can read on DAG Run:example_short_circuit_decorator
[2025-01-28T11:39:38.627+0530] {logging_mixin.py:190} INFO - [2025-01-28T11:39:38.627+0530] {override.py:1912} INFO - Created Permission View: can delete on DAG Run:example_short_circuit_decorator
[2025-01-28T11:39:38.632+0530] {logging_mixin.py:190} INFO - [2025-01-28T11:39:38.632+0530] {override.py:1912} INFO - Created Permission View: menu access on DAG Run:example_short_circuit_decorator
[2025-01-28T11:39:38.637+0530] {logging_mixin.py:190} INFO - [2025-01-28T11:39:38.637+0530] {override.py:1912} INFO - Created Permission View: can create on DAG Run:example_short_circuit_decorator
[2025-01-28T11:39:38.637+0530] {logging_mixin.py:190} INFO - [2025-01-28T11:39:38.637+0530] {dag.py:3239} INFO - Sync 1 DAGs
[2025-01-28T11:39:38.645+0530] {logging_mixin.py:190} INFO - [2025-01-28T11:39:38.644+0530] {dag.py:3262} INFO - Creating ORM DAG for example_short_circuit_decorator
[2025-01-28T11:39:38.645+0530] {logging_mixin.py:190} INFO - [2025-01-28T11:39:38.645+0530] {dag.py:4180} INFO - Setting next_dagrun for example_short_circuit_decorator to None, run_after=None
[2025-01-28T11:39:38.658+0530] {processor.py:208} INFO - Processing /home/verma-tv/.local/lib/python3.11/site-packages/airflow/example_dags/example_short_circuit_decorator.py took 0.180 seconds
[2025-01-28T11:40:37.769+0530] {processor.py:186} INFO - Started process (PID=17323) to work on /home/verma-tv/.local/lib/python3.11/site-packages/airflow/example_dags/example_short_circuit_decorator.py
[2025-01-28T11:40:37.781+0530] {processor.py:914} INFO - Processing file /home/verma-tv/.local/lib/python3.11/site-packages/airflow/example_dags/example_short_circuit_decorator.py for tasks to queue
[2025-01-28T11:40:37.784+0530] {logging_mixin.py:190} INFO - [2025-01-28T11:40:37.784+0530] {dagbag.py:588} INFO - Filling up the DagBag from /home/verma-tv/.local/lib/python3.11/site-packages/airflow/example_dags/example_short_circuit_decorator.py
[2025-01-28T11:40:37.792+0530] {processor.py:925} INFO - DAG(s) 'example_short_circuit_decorator' retrieved from /home/verma-tv/.local/lib/python3.11/site-packages/airflow/example_dags/example_short_circuit_decorator.py
[2025-01-28T11:40:37.806+0530] {logging_mixin.py:190} INFO - [2025-01-28T11:40:37.806+0530] {dag.py:3239} INFO - Sync 1 DAGs
[2025-01-28T11:40:37.814+0530] {logging_mixin.py:190} INFO - [2025-01-28T11:40:37.814+0530] {dag.py:4180} INFO - Setting next_dagrun for example_short_circuit_decorator to None, run_after=None
[2025-01-28T11:40:37.829+0530] {processor.py:208} INFO - Processing /home/verma-tv/.local/lib/python3.11/site-packages/airflow/example_dags/example_short_circuit_decorator.py took 0.065 seconds
[2025-01-28T11:41:31.425+0530] {processor.py:186} INFO - Started process (PID=17482) to work on /home/verma-tv/.local/lib/python3.11/site-packages/airflow/example_dags/example_short_circuit_decorator.py
[2025-01-28T11:41:31.437+0530] {processor.py:914} INFO - Processing file /home/verma-tv/.local/lib/python3.11/site-packages/airflow/example_dags/example_short_circuit_decorator.py for tasks to queue
[2025-01-28T11:41:31.440+0530] {logging_mixin.py:190} INFO - [2025-01-28T11:41:31.440+0530] {dagbag.py:588} INFO - Filling up the DagBag from /home/verma-tv/.local/lib/python3.11/site-packages/airflow/example_dags/example_short_circuit_decorator.py
[2025-01-28T11:41:31.448+0530] {processor.py:925} INFO - DAG(s) 'example_short_circuit_decorator' retrieved from /home/verma-tv/.local/lib/python3.11/site-packages/airflow/example_dags/example_short_circuit_decorator.py
[2025-01-28T11:41:31.461+0530] {logging_mixin.py:190} INFO - [2025-01-28T11:41:31.460+0530] {dag.py:3239} INFO - Sync 1 DAGs
[2025-01-28T11:41:31.469+0530] {logging_mixin.py:190} INFO - [2025-01-28T11:41:31.469+0530] {dag.py:4180} INFO - Setting next_dagrun for example_short_circuit_decorator to None, run_after=None
[2025-01-28T11:41:31.483+0530] {processor.py:208} INFO - Processing /home/verma-tv/.local/lib/python3.11/site-packages/airflow/example_dags/example_short_circuit_decorator.py took 0.063 seconds
[2025-01-28T11:42:29.251+0530] {processor.py:186} INFO - Started process (PID=17680) to work on /home/verma-tv/.local/lib/python3.11/site-packages/airflow/example_dags/example_short_circuit_decorator.py
[2025-01-28T11:42:29.264+0530] {processor.py:914} INFO - Processing file /home/verma-tv/.local/lib/python3.11/site-packages/airflow/example_dags/example_short_circuit_decorator.py for tasks to queue
[2025-01-28T11:42:29.265+0530] {logging_mixin.py:190} INFO - [2025-01-28T11:42:29.265+0530] {dagbag.py:588} INFO - Filling up the DagBag from /home/verma-tv/.local/lib/python3.11/site-packages/airflow/example_dags/example_short_circuit_decorator.py
[2025-01-28T11:42:29.273+0530] {processor.py:925} INFO - DAG(s) 'example_short_circuit_decorator' retrieved from /home/verma-tv/.local/lib/python3.11/site-packages/airflow/example_dags/example_short_circuit_decorator.py
[2025-01-28T11:42:29.286+0530] {logging_mixin.py:190} INFO - [2025-01-28T11:42:29.286+0530] {dag.py:3239} INFO - Sync 1 DAGs
[2025-01-28T11:42:29.295+0530] {logging_mixin.py:190} INFO - [2025-01-28T11:42:29.295+0530] {dag.py:4180} INFO - Setting next_dagrun for example_short_circuit_decorator to None, run_after=None
[2025-01-28T11:42:29.309+0530] {processor.py:208} INFO - Processing /home/verma-tv/.local/lib/python3.11/site-packages/airflow/example_dags/example_short_circuit_decorator.py took 0.063 seconds
[2025-01-28T11:43:19.931+0530] {processor.py:186} INFO - Started process (PID=17840) to work on /home/verma-tv/.local/lib/python3.11/site-packages/airflow/example_dags/example_short_circuit_decorator.py
[2025-01-28T11:43:19.943+0530] {processor.py:914} INFO - Processing file /home/verma-tv/.local/lib/python3.11/site-packages/airflow/example_dags/example_short_circuit_decorator.py for tasks to queue
[2025-01-28T11:43:19.946+0530] {logging_mixin.py:190} INFO - [2025-01-28T11:43:19.945+0530] {dagbag.py:588} INFO - Filling up the DagBag from /home/verma-tv/.local/lib/python3.11/site-packages/airflow/example_dags/example_short_circuit_decorator.py
[2025-01-28T11:43:19.956+0530] {processor.py:925} INFO - DAG(s) 'example_short_circuit_decorator' retrieved from /home/verma-tv/.local/lib/python3.11/site-packages/airflow/example_dags/example_short_circuit_decorator.py
[2025-01-28T11:43:19.972+0530] {logging_mixin.py:190} INFO - [2025-01-28T11:43:19.972+0530] {dag.py:3239} INFO - Sync 1 DAGs
[2025-01-28T11:43:19.982+0530] {logging_mixin.py:190} INFO - [2025-01-28T11:43:19.981+0530] {dag.py:4180} INFO - Setting next_dagrun for example_short_circuit_decorator to None, run_after=None
[2025-01-28T11:43:19.999+0530] {processor.py:208} INFO - Processing /home/verma-tv/.local/lib/python3.11/site-packages/airflow/example_dags/example_short_circuit_decorator.py took 0.073 seconds
[2025-01-28T11:44:10.716+0530] {processor.py:186} INFO - Started process (PID=17997) to work on /home/verma-tv/.local/lib/python3.11/site-packages/airflow/example_dags/example_short_circuit_decorator.py
[2025-01-28T11:44:10.729+0530] {processor.py:914} INFO - Processing file /home/verma-tv/.local/lib/python3.11/site-packages/airflow/example_dags/example_short_circuit_decorator.py for tasks to queue
[2025-01-28T11:44:10.731+0530] {logging_mixin.py:190} INFO - [2025-01-28T11:44:10.731+0530] {dagbag.py:588} INFO - Filling up the DagBag from /home/verma-tv/.local/lib/python3.11/site-packages/airflow/example_dags/example_short_circuit_decorator.py
[2025-01-28T11:44:10.739+0530] {processor.py:925} INFO - DAG(s) 'example_short_circuit_decorator' retrieved from /home/verma-tv/.local/lib/python3.11/site-packages/airflow/example_dags/example_short_circuit_decorator.py
[2025-01-28T11:44:10.752+0530] {logging_mixin.py:190} INFO - [2025-01-28T11:44:10.752+0530] {dag.py:3239} INFO - Sync 1 DAGs
[2025-01-28T11:44:10.761+0530] {logging_mixin.py:190} INFO - [2025-01-28T11:44:10.760+0530] {dag.py:4180} INFO - Setting next_dagrun for example_short_circuit_decorator to None, run_after=None
[2025-01-28T11:44:10.775+0530] {processor.py:208} INFO - Processing /home/verma-tv/.local/lib/python3.11/site-packages/airflow/example_dags/example_short_circuit_decorator.py took 0.064 seconds
[2025-01-28T11:45:00.612+0530] {processor.py:186} INFO - Started process (PID=18170) to work on /home/verma-tv/.local/lib/python3.11/site-packages/airflow/example_dags/example_short_circuit_decorator.py
[2025-01-28T11:45:00.625+0530] {processor.py:914} INFO - Processing file /home/verma-tv/.local/lib/python3.11/site-packages/airflow/example_dags/example_short_circuit_decorator.py for tasks to queue
[2025-01-28T11:45:00.627+0530] {logging_mixin.py:190} INFO - [2025-01-28T11:45:00.627+0530] {dagbag.py:588} INFO - Filling up the DagBag from /home/verma-tv/.local/lib/python3.11/site-packages/airflow/example_dags/example_short_circuit_decorator.py
[2025-01-28T11:45:00.639+0530] {processor.py:925} INFO - DAG(s) 'example_short_circuit_decorator' retrieved from /home/verma-tv/.local/lib/python3.11/site-packages/airflow/example_dags/example_short_circuit_decorator.py
[2025-01-28T11:45:00.658+0530] {logging_mixin.py:190} INFO - [2025-01-28T11:45:00.657+0530] {dag.py:3239} INFO - Sync 1 DAGs
[2025-01-28T11:45:00.666+0530] {logging_mixin.py:190} INFO - [2025-01-28T11:45:00.666+0530] {dag.py:4180} INFO - Setting next_dagrun for example_short_circuit_decorator to None, run_after=None
[2025-01-28T11:45:00.686+0530] {processor.py:208} INFO - Processing /home/verma-tv/.local/lib/python3.11/site-packages/airflow/example_dags/example_short_circuit_decorator.py took 0.083 seconds
[2025-01-28T11:45:56.334+0530] {processor.py:186} INFO - Started process (PID=18349) to work on /home/verma-tv/.local/lib/python3.11/site-packages/airflow/example_dags/example_short_circuit_decorator.py
[2025-01-28T11:45:56.346+0530] {processor.py:914} INFO - Processing file /home/verma-tv/.local/lib/python3.11/site-packages/airflow/example_dags/example_short_circuit_decorator.py for tasks to queue
[2025-01-28T11:45:56.348+0530] {logging_mixin.py:190} INFO - [2025-01-28T11:45:56.348+0530] {dagbag.py:588} INFO - Filling up the DagBag from /home/verma-tv/.local/lib/python3.11/site-packages/airflow/example_dags/example_short_circuit_decorator.py
[2025-01-28T11:45:56.357+0530] {processor.py:925} INFO - DAG(s) 'example_short_circuit_decorator' retrieved from /home/verma-tv/.local/lib/python3.11/site-packages/airflow/example_dags/example_short_circuit_decorator.py
[2025-01-28T11:45:56.372+0530] {logging_mixin.py:190} INFO - [2025-01-28T11:45:56.372+0530] {dag.py:3239} INFO - Sync 1 DAGs
[2025-01-28T11:45:56.385+0530] {logging_mixin.py:190} INFO - [2025-01-28T11:45:56.384+0530] {dag.py:4180} INFO - Setting next_dagrun for example_short_circuit_decorator to None, run_after=None
[2025-01-28T11:45:56.402+0530] {processor.py:208} INFO - Processing /home/verma-tv/.local/lib/python3.11/site-packages/airflow/example_dags/example_short_circuit_decorator.py took 0.073 seconds
[2025-01-28T11:46:50.321+0530] {processor.py:186} INFO - Started process (PID=18564) to work on /home/verma-tv/.local/lib/python3.11/site-packages/airflow/example_dags/example_short_circuit_decorator.py
[2025-01-28T11:46:50.334+0530] {processor.py:914} INFO - Processing file /home/verma-tv/.local/lib/python3.11/site-packages/airflow/example_dags/example_short_circuit_decorator.py for tasks to queue
[2025-01-28T11:46:50.336+0530] {logging_mixin.py:190} INFO - [2025-01-28T11:46:50.336+0530] {dagbag.py:588} INFO - Filling up the DagBag from /home/verma-tv/.local/lib/python3.11/site-packages/airflow/example_dags/example_short_circuit_decorator.py
[2025-01-28T11:46:50.344+0530] {processor.py:925} INFO - DAG(s) 'example_short_circuit_decorator' retrieved from /home/verma-tv/.local/lib/python3.11/site-packages/airflow/example_dags/example_short_circuit_decorator.py
[2025-01-28T11:46:50.357+0530] {logging_mixin.py:190} INFO - [2025-01-28T11:46:50.357+0530] {dag.py:3239} INFO - Sync 1 DAGs
[2025-01-28T11:46:50.365+0530] {logging_mixin.py:190} INFO - [2025-01-28T11:46:50.365+0530] {dag.py:4180} INFO - Setting next_dagrun for example_short_circuit_decorator to None, run_after=None
[2025-01-28T11:46:50.380+0530] {processor.py:208} INFO - Processing /home/verma-tv/.local/lib/python3.11/site-packages/airflow/example_dags/example_short_circuit_decorator.py took 0.063 seconds
[2025-01-28T11:47:40.376+0530] {processor.py:186} INFO - Started process (PID=18907) to work on /home/verma-tv/.local/lib/python3.11/site-packages/airflow/example_dags/example_short_circuit_decorator.py
[2025-01-28T11:47:40.389+0530] {processor.py:914} INFO - Processing file /home/verma-tv/.local/lib/python3.11/site-packages/airflow/example_dags/example_short_circuit_decorator.py for tasks to queue
[2025-01-28T11:47:40.390+0530] {logging_mixin.py:190} INFO - [2025-01-28T11:47:40.390+0530] {dagbag.py:588} INFO - Filling up the DagBag from /home/verma-tv/.local/lib/python3.11/site-packages/airflow/example_dags/example_short_circuit_decorator.py
[2025-01-28T11:47:40.399+0530] {processor.py:925} INFO - DAG(s) 'example_short_circuit_decorator' retrieved from /home/verma-tv/.local/lib/python3.11/site-packages/airflow/example_dags/example_short_circuit_decorator.py
[2025-01-28T11:47:40.412+0530] {logging_mixin.py:190} INFO - [2025-01-28T11:47:40.412+0530] {dag.py:3239} INFO - Sync 1 DAGs
[2025-01-28T11:47:40.421+0530] {logging_mixin.py:190} INFO - [2025-01-28T11:47:40.421+0530] {dag.py:4180} INFO - Setting next_dagrun for example_short_circuit_decorator to None, run_after=None
[2025-01-28T11:47:40.436+0530] {processor.py:208} INFO - Processing /home/verma-tv/.local/lib/python3.11/site-packages/airflow/example_dags/example_short_circuit_decorator.py took 0.064 seconds
[2025-01-28T11:48:33.889+0530] {processor.py:186} INFO - Started process (PID=19124) to work on /home/verma-tv/.local/lib/python3.11/site-packages/airflow/example_dags/example_short_circuit_decorator.py
[2025-01-28T11:48:33.902+0530] {processor.py:914} INFO - Processing file /home/verma-tv/.local/lib/python3.11/site-packages/airflow/example_dags/example_short_circuit_decorator.py for tasks to queue
[2025-01-28T11:48:33.904+0530] {logging_mixin.py:190} INFO - [2025-01-28T11:48:33.904+0530] {dagbag.py:588} INFO - Filling up the DagBag from /home/verma-tv/.local/lib/python3.11/site-packages/airflow/example_dags/example_short_circuit_decorator.py
[2025-01-28T11:48:33.912+0530] {processor.py:925} INFO - DAG(s) 'example_short_circuit_decorator' retrieved from /home/verma-tv/.local/lib/python3.11/site-packages/airflow/example_dags/example_short_circuit_decorator.py
[2025-01-28T11:48:33.925+0530] {logging_mixin.py:190} INFO - [2025-01-28T11:48:33.925+0530] {dag.py:3239} INFO - Sync 1 DAGs
[2025-01-28T11:48:33.934+0530] {logging_mixin.py:190} INFO - [2025-01-28T11:48:33.933+0530] {dag.py:4180} INFO - Setting next_dagrun for example_short_circuit_decorator to None, run_after=None
[2025-01-28T11:48:33.948+0530] {processor.py:208} INFO - Processing /home/verma-tv/.local/lib/python3.11/site-packages/airflow/example_dags/example_short_circuit_decorator.py took 0.063 seconds
[2025-01-28T11:49:25.998+0530] {processor.py:186} INFO - Started process (PID=19444) to work on /home/verma-tv/.local/lib/python3.11/site-packages/airflow/example_dags/example_short_circuit_decorator.py
[2025-01-28T11:49:26.010+0530] {processor.py:914} INFO - Processing file /home/verma-tv/.local/lib/python3.11/site-packages/airflow/example_dags/example_short_circuit_decorator.py for tasks to queue
[2025-01-28T11:49:26.012+0530] {logging_mixin.py:190} INFO - [2025-01-28T11:49:26.012+0530] {dagbag.py:588} INFO - Filling up the DagBag from /home/verma-tv/.local/lib/python3.11/site-packages/airflow/example_dags/example_short_circuit_decorator.py
[2025-01-28T11:49:26.021+0530] {processor.py:925} INFO - DAG(s) 'example_short_circuit_decorator' retrieved from /home/verma-tv/.local/lib/python3.11/site-packages/airflow/example_dags/example_short_circuit_decorator.py
[2025-01-28T11:49:26.034+0530] {logging_mixin.py:190} INFO - [2025-01-28T11:49:26.034+0530] {dag.py:3239} INFO - Sync 1 DAGs
[2025-01-28T11:49:26.043+0530] {logging_mixin.py:190} INFO - [2025-01-28T11:49:26.043+0530] {dag.py:4180} INFO - Setting next_dagrun for example_short_circuit_decorator to None, run_after=None
[2025-01-28T11:49:26.057+0530] {processor.py:208} INFO - Processing /home/verma-tv/.local/lib/python3.11/site-packages/airflow/example_dags/example_short_circuit_decorator.py took 0.064 seconds
[2025-01-28T11:50:13.252+0530] {processor.py:186} INFO - Started process (PID=19758) to work on /home/verma-tv/.local/lib/python3.11/site-packages/airflow/example_dags/example_short_circuit_decorator.py
[2025-01-28T11:50:13.265+0530] {processor.py:914} INFO - Processing file /home/verma-tv/.local/lib/python3.11/site-packages/airflow/example_dags/example_short_circuit_decorator.py for tasks to queue
[2025-01-28T11:50:13.267+0530] {logging_mixin.py:190} INFO - [2025-01-28T11:50:13.267+0530] {dagbag.py:588} INFO - Filling up the DagBag from /home/verma-tv/.local/lib/python3.11/site-packages/airflow/example_dags/example_short_circuit_decorator.py
[2025-01-28T11:50:13.275+0530] {processor.py:925} INFO - DAG(s) 'example_short_circuit_decorator' retrieved from /home/verma-tv/.local/lib/python3.11/site-packages/airflow/example_dags/example_short_circuit_decorator.py
[2025-01-28T11:50:13.288+0530] {logging_mixin.py:190} INFO - [2025-01-28T11:50:13.288+0530] {dag.py:3239} INFO - Sync 1 DAGs
[2025-01-28T11:50:13.297+0530] {logging_mixin.py:190} INFO - [2025-01-28T11:50:13.297+0530] {dag.py:4180} INFO - Setting next_dagrun for example_short_circuit_decorator to None, run_after=None
[2025-01-28T11:50:13.311+0530] {processor.py:208} INFO - Processing /home/verma-tv/.local/lib/python3.11/site-packages/airflow/example_dags/example_short_circuit_decorator.py took 0.064 seconds
[2025-01-28T11:51:04.972+0530] {processor.py:186} INFO - Started process (PID=19853) to work on /home/verma-tv/.local/lib/python3.11/site-packages/airflow/example_dags/example_short_circuit_decorator.py
[2025-01-28T11:51:04.984+0530] {processor.py:914} INFO - Processing file /home/verma-tv/.local/lib/python3.11/site-packages/airflow/example_dags/example_short_circuit_decorator.py for tasks to queue
[2025-01-28T11:51:04.986+0530] {logging_mixin.py:190} INFO - [2025-01-28T11:51:04.986+0530] {dagbag.py:588} INFO - Filling up the DagBag from /home/verma-tv/.local/lib/python3.11/site-packages/airflow/example_dags/example_short_circuit_decorator.py
[2025-01-28T11:51:04.994+0530] {processor.py:925} INFO - DAG(s) 'example_short_circuit_decorator' retrieved from /home/verma-tv/.local/lib/python3.11/site-packages/airflow/example_dags/example_short_circuit_decorator.py
[2025-01-28T11:51:05.007+0530] {logging_mixin.py:190} INFO - [2025-01-28T11:51:05.007+0530] {dag.py:3239} INFO - Sync 1 DAGs
[2025-01-28T11:51:05.016+0530] {logging_mixin.py:190} INFO - [2025-01-28T11:51:05.016+0530] {dag.py:4180} INFO - Setting next_dagrun for example_short_circuit_decorator to None, run_after=None
[2025-01-28T11:51:05.030+0530] {processor.py:208} INFO - Processing /home/verma-tv/.local/lib/python3.11/site-packages/airflow/example_dags/example_short_circuit_decorator.py took 0.062 seconds
[2025-01-28T11:51:55.624+0530] {processor.py:186} INFO - Started process (PID=20289) to work on /home/verma-tv/.local/lib/python3.11/site-packages/airflow/example_dags/example_short_circuit_decorator.py
[2025-01-28T11:51:55.636+0530] {processor.py:914} INFO - Processing file /home/verma-tv/.local/lib/python3.11/site-packages/airflow/example_dags/example_short_circuit_decorator.py for tasks to queue
[2025-01-28T11:51:55.638+0530] {logging_mixin.py:190} INFO - [2025-01-28T11:51:55.638+0530] {dagbag.py:588} INFO - Filling up the DagBag from /home/verma-tv/.local/lib/python3.11/site-packages/airflow/example_dags/example_short_circuit_decorator.py
[2025-01-28T11:51:55.646+0530] {processor.py:925} INFO - DAG(s) 'example_short_circuit_decorator' retrieved from /home/verma-tv/.local/lib/python3.11/site-packages/airflow/example_dags/example_short_circuit_decorator.py
[2025-01-28T11:51:55.659+0530] {logging_mixin.py:190} INFO - [2025-01-28T11:51:55.659+0530] {dag.py:3239} INFO - Sync 1 DAGs
[2025-01-28T11:51:55.668+0530] {logging_mixin.py:190} INFO - [2025-01-28T11:51:55.668+0530] {dag.py:4180} INFO - Setting next_dagrun for example_short_circuit_decorator to None, run_after=None
[2025-01-28T11:51:55.682+0530] {processor.py:208} INFO - Processing /home/verma-tv/.local/lib/python3.11/site-packages/airflow/example_dags/example_short_circuit_decorator.py took 0.063 seconds
