[2025-01-28T11:39:44.536+0530] {processor.py:186} INFO - Started process (PID=17143) to work on /home/verma-tv/.local/lib/python3.11/site-packages/airflow/example_dags/example_outlet_event_extra.py
[2025-01-28T11:39:44.536+0530] {processor.py:914} INFO - Processing file /home/verma-tv/.local/lib/python3.11/site-packages/airflow/example_dags/example_outlet_event_extra.py for tasks to queue
[2025-01-28T11:39:44.538+0530] {logging_mixin.py:190} INFO - [2025-01-28T11:39:44.538+0530] {dagbag.py:588} INFO - Filling up the DagBag from /home/verma-tv/.local/lib/python3.11/site-packages/airflow/example_dags/example_outlet_event_extra.py
[2025-01-28T11:39:44.549+0530] {processor.py:925} INFO - DAG(s) 'dataset_with_extra_by_context', 'dataset_with_extra_from_classic_operator', 'dataset_with_extra_by_yield' retrieved from /home/verma-tv/.local/lib/python3.11/site-packages/airflow/example_dags/example_outlet_event_extra.py
[2025-01-28T11:39:44.657+0530] {logging_mixin.py:190} INFO - [2025-01-28T11:39:44.656+0530] {override.py:1912} INFO - Created Permission View: can read on DAG:dataset_with_extra_by_context
[2025-01-28T11:39:44.665+0530] {logging_mixin.py:190} INFO - [2025-01-28T11:39:44.665+0530] {override.py:1912} INFO - Created Permission View: can edit on DAG:dataset_with_extra_by_context
[2025-01-28T11:39:44.670+0530] {logging_mixin.py:190} INFO - [2025-01-28T11:39:44.670+0530] {override.py:1912} INFO - Created Permission View: can delete on DAG:dataset_with_extra_by_context
[2025-01-28T11:39:44.678+0530] {logging_mixin.py:190} INFO - [2025-01-28T11:39:44.677+0530] {override.py:1912} INFO - Created Permission View: can read on DAG Run:dataset_with_extra_by_context
[2025-01-28T11:39:44.683+0530] {logging_mixin.py:190} INFO - [2025-01-28T11:39:44.682+0530] {override.py:1912} INFO - Created Permission View: can delete on DAG Run:dataset_with_extra_by_context
[2025-01-28T11:39:44.688+0530] {logging_mixin.py:190} INFO - [2025-01-28T11:39:44.687+0530] {override.py:1912} INFO - Created Permission View: menu access on DAG Run:dataset_with_extra_by_context
[2025-01-28T11:39:44.692+0530] {logging_mixin.py:190} INFO - [2025-01-28T11:39:44.692+0530] {override.py:1912} INFO - Created Permission View: can create on DAG Run:dataset_with_extra_by_context
[2025-01-28T11:39:44.704+0530] {logging_mixin.py:190} INFO - [2025-01-28T11:39:44.704+0530] {override.py:1912} INFO - Created Permission View: can read on DAG:dataset_with_extra_from_classic_operator
[2025-01-28T11:39:44.709+0530] {logging_mixin.py:190} INFO - [2025-01-28T11:39:44.709+0530] {override.py:1912} INFO - Created Permission View: can edit on DAG:dataset_with_extra_from_classic_operator
[2025-01-28T11:39:44.714+0530] {logging_mixin.py:190} INFO - [2025-01-28T11:39:44.714+0530] {override.py:1912} INFO - Created Permission View: can delete on DAG:dataset_with_extra_from_classic_operator
[2025-01-28T11:39:44.721+0530] {logging_mixin.py:190} INFO - [2025-01-28T11:39:44.721+0530] {override.py:1912} INFO - Created Permission View: can read on DAG Run:dataset_with_extra_from_classic_operator
[2025-01-28T11:39:44.727+0530] {logging_mixin.py:190} INFO - [2025-01-28T11:39:44.726+0530] {override.py:1912} INFO - Created Permission View: can delete on DAG Run:dataset_with_extra_from_classic_operator
[2025-01-28T11:39:44.732+0530] {logging_mixin.py:190} INFO - [2025-01-28T11:39:44.732+0530] {override.py:1912} INFO - Created Permission View: menu access on DAG Run:dataset_with_extra_from_classic_operator
[2025-01-28T11:39:44.737+0530] {logging_mixin.py:190} INFO - [2025-01-28T11:39:44.736+0530] {override.py:1912} INFO - Created Permission View: can create on DAG Run:dataset_with_extra_from_classic_operator
[2025-01-28T11:39:44.747+0530] {logging_mixin.py:190} INFO - [2025-01-28T11:39:44.746+0530] {override.py:1912} INFO - Created Permission View: can read on DAG:dataset_with_extra_by_yield
[2025-01-28T11:39:44.752+0530] {logging_mixin.py:190} INFO - [2025-01-28T11:39:44.752+0530] {override.py:1912} INFO - Created Permission View: can edit on DAG:dataset_with_extra_by_yield
[2025-01-28T11:39:44.757+0530] {logging_mixin.py:190} INFO - [2025-01-28T11:39:44.757+0530] {override.py:1912} INFO - Created Permission View: can delete on DAG:dataset_with_extra_by_yield
[2025-01-28T11:39:44.764+0530] {logging_mixin.py:190} INFO - [2025-01-28T11:39:44.764+0530] {override.py:1912} INFO - Created Permission View: can read on DAG Run:dataset_with_extra_by_yield
[2025-01-28T11:39:44.769+0530] {logging_mixin.py:190} INFO - [2025-01-28T11:39:44.769+0530] {override.py:1912} INFO - Created Permission View: can delete on DAG Run:dataset_with_extra_by_yield
[2025-01-28T11:39:44.775+0530] {logging_mixin.py:190} INFO - [2025-01-28T11:39:44.775+0530] {override.py:1912} INFO - Created Permission View: menu access on DAG Run:dataset_with_extra_by_yield
[2025-01-28T11:39:44.780+0530] {logging_mixin.py:190} INFO - [2025-01-28T11:39:44.780+0530] {override.py:1912} INFO - Created Permission View: can create on DAG Run:dataset_with_extra_by_yield
[2025-01-28T11:39:44.780+0530] {logging_mixin.py:190} INFO - [2025-01-28T11:39:44.780+0530] {dag.py:3239} INFO - Sync 3 DAGs
[2025-01-28T11:39:44.787+0530] {logging_mixin.py:190} INFO - [2025-01-28T11:39:44.787+0530] {dag.py:3262} INFO - Creating ORM DAG for dataset_with_extra_by_yield
[2025-01-28T11:39:44.788+0530] {logging_mixin.py:190} INFO - [2025-01-28T11:39:44.788+0530] {dag.py:3262} INFO - Creating ORM DAG for dataset_with_extra_by_context
[2025-01-28T11:39:44.788+0530] {logging_mixin.py:190} INFO - [2025-01-28T11:39:44.788+0530] {dag.py:3262} INFO - Creating ORM DAG for dataset_with_extra_from_classic_operator
[2025-01-28T11:39:44.794+0530] {logging_mixin.py:190} INFO - [2025-01-28T11:39:44.794+0530] {dag.py:4180} INFO - Setting next_dagrun for dataset_with_extra_by_context to 2025-01-27 00:00:00+00:00, run_after=2025-01-28 00:00:00+00:00
[2025-01-28T11:39:44.795+0530] {logging_mixin.py:190} INFO - [2025-01-28T11:39:44.795+0530] {dag.py:4180} INFO - Setting next_dagrun for dataset_with_extra_by_yield to 2025-01-27 00:00:00+00:00, run_after=2025-01-28 00:00:00+00:00
[2025-01-28T11:39:44.796+0530] {logging_mixin.py:190} INFO - [2025-01-28T11:39:44.796+0530] {dag.py:4180} INFO - Setting next_dagrun for dataset_with_extra_from_classic_operator to 2025-01-27 00:00:00+00:00, run_after=2025-01-28 00:00:00+00:00
[2025-01-28T11:39:44.811+0530] {processor.py:208} INFO - Processing /home/verma-tv/.local/lib/python3.11/site-packages/airflow/example_dags/example_outlet_event_extra.py took 0.280 seconds
[2025-01-28T11:40:45.638+0530] {processor.py:186} INFO - Started process (PID=17336) to work on /home/verma-tv/.local/lib/python3.11/site-packages/airflow/example_dags/example_outlet_event_extra.py
[2025-01-28T11:40:45.651+0530] {processor.py:914} INFO - Processing file /home/verma-tv/.local/lib/python3.11/site-packages/airflow/example_dags/example_outlet_event_extra.py for tasks to queue
[2025-01-28T11:40:45.653+0530] {logging_mixin.py:190} INFO - [2025-01-28T11:40:45.653+0530] {dagbag.py:588} INFO - Filling up the DagBag from /home/verma-tv/.local/lib/python3.11/site-packages/airflow/example_dags/example_outlet_event_extra.py
[2025-01-28T11:40:45.664+0530] {processor.py:925} INFO - DAG(s) 'dataset_with_extra_by_context', 'dataset_with_extra_from_classic_operator', 'dataset_with_extra_by_yield' retrieved from /home/verma-tv/.local/lib/python3.11/site-packages/airflow/example_dags/example_outlet_event_extra.py
[2025-01-28T11:40:45.680+0530] {logging_mixin.py:190} INFO - [2025-01-28T11:40:45.680+0530] {dag.py:3239} INFO - Sync 3 DAGs
[2025-01-28T11:40:45.695+0530] {logging_mixin.py:190} INFO - [2025-01-28T11:40:45.695+0530] {dag.py:4180} INFO - Setting next_dagrun for dataset_with_extra_by_context to 2025-01-27 00:00:00+00:00, run_after=2025-01-28 00:00:00+00:00
[2025-01-28T11:40:45.698+0530] {logging_mixin.py:190} INFO - [2025-01-28T11:40:45.698+0530] {dag.py:4180} INFO - Setting next_dagrun for dataset_with_extra_by_yield to 2025-01-27 00:00:00+00:00, run_after=2025-01-28 00:00:00+00:00
[2025-01-28T11:40:45.700+0530] {logging_mixin.py:190} INFO - [2025-01-28T11:40:45.700+0530] {dag.py:4180} INFO - Setting next_dagrun for dataset_with_extra_from_classic_operator to 2025-01-27 00:00:00+00:00, run_after=2025-01-28 00:00:00+00:00
[2025-01-28T11:40:45.716+0530] {processor.py:208} INFO - Processing /home/verma-tv/.local/lib/python3.11/site-packages/airflow/example_dags/example_outlet_event_extra.py took 0.082 seconds
[2025-01-28T11:41:39.435+0530] {processor.py:186} INFO - Started process (PID=17501) to work on /home/verma-tv/.local/lib/python3.11/site-packages/airflow/example_dags/example_outlet_event_extra.py
[2025-01-28T11:41:39.445+0530] {processor.py:914} INFO - Processing file /home/verma-tv/.local/lib/python3.11/site-packages/airflow/example_dags/example_outlet_event_extra.py for tasks to queue
[2025-01-28T11:41:39.447+0530] {logging_mixin.py:190} INFO - [2025-01-28T11:41:39.447+0530] {dagbag.py:588} INFO - Filling up the DagBag from /home/verma-tv/.local/lib/python3.11/site-packages/airflow/example_dags/example_outlet_event_extra.py
[2025-01-28T11:41:39.458+0530] {processor.py:925} INFO - DAG(s) 'dataset_with_extra_by_yield', 'dataset_with_extra_by_context', 'dataset_with_extra_from_classic_operator' retrieved from /home/verma-tv/.local/lib/python3.11/site-packages/airflow/example_dags/example_outlet_event_extra.py
[2025-01-28T11:41:39.473+0530] {logging_mixin.py:190} INFO - [2025-01-28T11:41:39.473+0530] {dag.py:3239} INFO - Sync 3 DAGs
[2025-01-28T11:41:39.488+0530] {logging_mixin.py:190} INFO - [2025-01-28T11:41:39.488+0530] {dag.py:4180} INFO - Setting next_dagrun for dataset_with_extra_by_context to 2025-01-27 00:00:00+00:00, run_after=2025-01-28 00:00:00+00:00
[2025-01-28T11:41:39.492+0530] {logging_mixin.py:190} INFO - [2025-01-28T11:41:39.491+0530] {dag.py:4180} INFO - Setting next_dagrun for dataset_with_extra_by_yield to 2025-01-27 00:00:00+00:00, run_after=2025-01-28 00:00:00+00:00
[2025-01-28T11:41:39.493+0530] {logging_mixin.py:190} INFO - [2025-01-28T11:41:39.493+0530] {dag.py:4180} INFO - Setting next_dagrun for dataset_with_extra_from_classic_operator to 2025-01-27 00:00:00+00:00, run_after=2025-01-28 00:00:00+00:00
[2025-01-28T11:41:39.509+0530] {processor.py:208} INFO - Processing /home/verma-tv/.local/lib/python3.11/site-packages/airflow/example_dags/example_outlet_event_extra.py took 0.079 seconds
[2025-01-28T11:42:35.860+0530] {processor.py:186} INFO - Started process (PID=17692) to work on /home/verma-tv/.local/lib/python3.11/site-packages/airflow/example_dags/example_outlet_event_extra.py
[2025-01-28T11:42:35.861+0530] {processor.py:914} INFO - Processing file /home/verma-tv/.local/lib/python3.11/site-packages/airflow/example_dags/example_outlet_event_extra.py for tasks to queue
[2025-01-28T11:42:35.862+0530] {logging_mixin.py:190} INFO - [2025-01-28T11:42:35.862+0530] {dagbag.py:588} INFO - Filling up the DagBag from /home/verma-tv/.local/lib/python3.11/site-packages/airflow/example_dags/example_outlet_event_extra.py
[2025-01-28T11:42:35.873+0530] {processor.py:925} INFO - DAG(s) 'dataset_with_extra_by_yield', 'dataset_with_extra_from_classic_operator', 'dataset_with_extra_by_context' retrieved from /home/verma-tv/.local/lib/python3.11/site-packages/airflow/example_dags/example_outlet_event_extra.py
[2025-01-28T11:42:35.887+0530] {logging_mixin.py:190} INFO - [2025-01-28T11:42:35.887+0530] {dag.py:3239} INFO - Sync 3 DAGs
[2025-01-28T11:42:35.902+0530] {logging_mixin.py:190} INFO - [2025-01-28T11:42:35.902+0530] {dag.py:4180} INFO - Setting next_dagrun for dataset_with_extra_by_context to 2025-01-27 00:00:00+00:00, run_after=2025-01-28 00:00:00+00:00
[2025-01-28T11:42:35.905+0530] {logging_mixin.py:190} INFO - [2025-01-28T11:42:35.905+0530] {dag.py:4180} INFO - Setting next_dagrun for dataset_with_extra_by_yield to 2025-01-27 00:00:00+00:00, run_after=2025-01-28 00:00:00+00:00
[2025-01-28T11:42:35.907+0530] {logging_mixin.py:190} INFO - [2025-01-28T11:42:35.906+0530] {dag.py:4180} INFO - Setting next_dagrun for dataset_with_extra_from_classic_operator to 2025-01-27 00:00:00+00:00, run_after=2025-01-28 00:00:00+00:00
[2025-01-28T11:42:35.923+0530] {processor.py:208} INFO - Processing /home/verma-tv/.local/lib/python3.11/site-packages/airflow/example_dags/example_outlet_event_extra.py took 0.068 seconds
[2025-01-28T11:43:27.269+0530] {processor.py:186} INFO - Started process (PID=17855) to work on /home/verma-tv/.local/lib/python3.11/site-packages/airflow/example_dags/example_outlet_event_extra.py
[2025-01-28T11:43:27.281+0530] {processor.py:914} INFO - Processing file /home/verma-tv/.local/lib/python3.11/site-packages/airflow/example_dags/example_outlet_event_extra.py for tasks to queue
[2025-01-28T11:43:27.283+0530] {logging_mixin.py:190} INFO - [2025-01-28T11:43:27.283+0530] {dagbag.py:588} INFO - Filling up the DagBag from /home/verma-tv/.local/lib/python3.11/site-packages/airflow/example_dags/example_outlet_event_extra.py
[2025-01-28T11:43:27.294+0530] {processor.py:925} INFO - DAG(s) 'dataset_with_extra_by_context', 'dataset_with_extra_by_yield', 'dataset_with_extra_from_classic_operator' retrieved from /home/verma-tv/.local/lib/python3.11/site-packages/airflow/example_dags/example_outlet_event_extra.py
[2025-01-28T11:43:27.309+0530] {logging_mixin.py:190} INFO - [2025-01-28T11:43:27.309+0530] {dag.py:3239} INFO - Sync 3 DAGs
[2025-01-28T11:43:27.324+0530] {logging_mixin.py:190} INFO - [2025-01-28T11:43:27.324+0530] {dag.py:4180} INFO - Setting next_dagrun for dataset_with_extra_by_context to 2025-01-27 00:00:00+00:00, run_after=2025-01-28 00:00:00+00:00
[2025-01-28T11:43:27.327+0530] {logging_mixin.py:190} INFO - [2025-01-28T11:43:27.327+0530] {dag.py:4180} INFO - Setting next_dagrun for dataset_with_extra_by_yield to 2025-01-27 00:00:00+00:00, run_after=2025-01-28 00:00:00+00:00
[2025-01-28T11:43:27.329+0530] {logging_mixin.py:190} INFO - [2025-01-28T11:43:27.329+0530] {dag.py:4180} INFO - Setting next_dagrun for dataset_with_extra_from_classic_operator to 2025-01-27 00:00:00+00:00, run_after=2025-01-28 00:00:00+00:00
[2025-01-28T11:43:27.344+0530] {processor.py:208} INFO - Processing /home/verma-tv/.local/lib/python3.11/site-packages/airflow/example_dags/example_outlet_event_extra.py took 0.080 seconds
[2025-01-28T11:44:16.798+0530] {processor.py:186} INFO - Started process (PID=18068) to work on /home/verma-tv/.local/lib/python3.11/site-packages/airflow/example_dags/example_outlet_event_extra.py
[2025-01-28T11:44:16.812+0530] {processor.py:914} INFO - Processing file /home/verma-tv/.local/lib/python3.11/site-packages/airflow/example_dags/example_outlet_event_extra.py for tasks to queue
[2025-01-28T11:44:16.815+0530] {logging_mixin.py:190} INFO - [2025-01-28T11:44:16.814+0530] {dagbag.py:588} INFO - Filling up the DagBag from /home/verma-tv/.local/lib/python3.11/site-packages/airflow/example_dags/example_outlet_event_extra.py
[2025-01-28T11:44:16.826+0530] {processor.py:925} INFO - DAG(s) 'dataset_with_extra_by_context', 'dataset_with_extra_from_classic_operator', 'dataset_with_extra_by_yield' retrieved from /home/verma-tv/.local/lib/python3.11/site-packages/airflow/example_dags/example_outlet_event_extra.py
[2025-01-28T11:44:16.840+0530] {logging_mixin.py:190} INFO - [2025-01-28T11:44:16.840+0530] {dag.py:3239} INFO - Sync 3 DAGs
[2025-01-28T11:44:16.855+0530] {logging_mixin.py:190} INFO - [2025-01-28T11:44:16.855+0530] {dag.py:4180} INFO - Setting next_dagrun for dataset_with_extra_by_context to 2025-01-27 00:00:00+00:00, run_after=2025-01-28 00:00:00+00:00
[2025-01-28T11:44:16.858+0530] {logging_mixin.py:190} INFO - [2025-01-28T11:44:16.858+0530] {dag.py:4180} INFO - Setting next_dagrun for dataset_with_extra_by_yield to 2025-01-27 00:00:00+00:00, run_after=2025-01-28 00:00:00+00:00
[2025-01-28T11:44:16.860+0530] {logging_mixin.py:190} INFO - [2025-01-28T11:44:16.860+0530] {dag.py:4180} INFO - Setting next_dagrun for dataset_with_extra_from_classic_operator to 2025-01-27 00:00:00+00:00, run_after=2025-01-28 00:00:00+00:00
[2025-01-28T11:44:16.875+0530] {processor.py:208} INFO - Processing /home/verma-tv/.local/lib/python3.11/site-packages/airflow/example_dags/example_outlet_event_extra.py took 0.082 seconds
[2025-01-28T11:45:07.932+0530] {processor.py:186} INFO - Started process (PID=18199) to work on /home/verma-tv/.local/lib/python3.11/site-packages/airflow/example_dags/example_outlet_event_extra.py
[2025-01-28T11:45:07.933+0530] {processor.py:914} INFO - Processing file /home/verma-tv/.local/lib/python3.11/site-packages/airflow/example_dags/example_outlet_event_extra.py for tasks to queue
[2025-01-28T11:45:07.934+0530] {logging_mixin.py:190} INFO - [2025-01-28T11:45:07.934+0530] {dagbag.py:588} INFO - Filling up the DagBag from /home/verma-tv/.local/lib/python3.11/site-packages/airflow/example_dags/example_outlet_event_extra.py
[2025-01-28T11:45:07.952+0530] {processor.py:925} INFO - DAG(s) 'dataset_with_extra_by_context', 'dataset_with_extra_by_yield', 'dataset_with_extra_from_classic_operator' retrieved from /home/verma-tv/.local/lib/python3.11/site-packages/airflow/example_dags/example_outlet_event_extra.py
[2025-01-28T11:45:07.971+0530] {logging_mixin.py:190} INFO - [2025-01-28T11:45:07.971+0530] {dag.py:3239} INFO - Sync 3 DAGs
[2025-01-28T11:45:07.989+0530] {logging_mixin.py:190} INFO - [2025-01-28T11:45:07.989+0530] {dag.py:4180} INFO - Setting next_dagrun for dataset_with_extra_by_context to 2025-01-27 00:00:00+00:00, run_after=2025-01-28 00:00:00+00:00
[2025-01-28T11:45:07.992+0530] {logging_mixin.py:190} INFO - [2025-01-28T11:45:07.992+0530] {dag.py:4180} INFO - Setting next_dagrun for dataset_with_extra_by_yield to 2025-01-27 00:00:00+00:00, run_after=2025-01-28 00:00:00+00:00
[2025-01-28T11:45:07.994+0530] {logging_mixin.py:190} INFO - [2025-01-28T11:45:07.994+0530] {dag.py:4180} INFO - Setting next_dagrun for dataset_with_extra_from_classic_operator to 2025-01-27 00:00:00+00:00, run_after=2025-01-28 00:00:00+00:00
[2025-01-28T11:45:08.012+0530] {processor.py:208} INFO - Processing /home/verma-tv/.local/lib/python3.11/site-packages/airflow/example_dags/example_outlet_event_extra.py took 0.085 seconds
[2025-01-28T11:46:03.770+0530] {processor.py:186} INFO - Started process (PID=18367) to work on /home/verma-tv/.local/lib/python3.11/site-packages/airflow/example_dags/example_outlet_event_extra.py
[2025-01-28T11:46:03.782+0530] {processor.py:914} INFO - Processing file /home/verma-tv/.local/lib/python3.11/site-packages/airflow/example_dags/example_outlet_event_extra.py for tasks to queue
[2025-01-28T11:46:03.784+0530] {logging_mixin.py:190} INFO - [2025-01-28T11:46:03.784+0530] {dagbag.py:588} INFO - Filling up the DagBag from /home/verma-tv/.local/lib/python3.11/site-packages/airflow/example_dags/example_outlet_event_extra.py
[2025-01-28T11:46:03.799+0530] {processor.py:925} INFO - DAG(s) 'dataset_with_extra_from_classic_operator', 'dataset_with_extra_by_context', 'dataset_with_extra_by_yield' retrieved from /home/verma-tv/.local/lib/python3.11/site-packages/airflow/example_dags/example_outlet_event_extra.py
[2025-01-28T11:46:03.817+0530] {logging_mixin.py:190} INFO - [2025-01-28T11:46:03.817+0530] {dag.py:3239} INFO - Sync 3 DAGs
[2025-01-28T11:46:03.835+0530] {logging_mixin.py:190} INFO - [2025-01-28T11:46:03.835+0530] {dag.py:4180} INFO - Setting next_dagrun for dataset_with_extra_by_context to 2025-01-27 00:00:00+00:00, run_after=2025-01-28 00:00:00+00:00
[2025-01-28T11:46:03.838+0530] {logging_mixin.py:190} INFO - [2025-01-28T11:46:03.838+0530] {dag.py:4180} INFO - Setting next_dagrun for dataset_with_extra_by_yield to 2025-01-27 00:00:00+00:00, run_after=2025-01-28 00:00:00+00:00
[2025-01-28T11:46:03.840+0530] {logging_mixin.py:190} INFO - [2025-01-28T11:46:03.840+0530] {dag.py:4180} INFO - Setting next_dagrun for dataset_with_extra_from_classic_operator to 2025-01-27 00:00:00+00:00, run_after=2025-01-28 00:00:00+00:00
[2025-01-28T11:46:03.860+0530] {processor.py:208} INFO - Processing /home/verma-tv/.local/lib/python3.11/site-packages/airflow/example_dags/example_outlet_event_extra.py took 0.095 seconds
[2025-01-28T11:46:56.408+0530] {processor.py:186} INFO - Started process (PID=18571) to work on /home/verma-tv/.local/lib/python3.11/site-packages/airflow/example_dags/example_outlet_event_extra.py
[2025-01-28T11:46:56.409+0530] {processor.py:914} INFO - Processing file /home/verma-tv/.local/lib/python3.11/site-packages/airflow/example_dags/example_outlet_event_extra.py for tasks to queue
[2025-01-28T11:46:56.411+0530] {logging_mixin.py:190} INFO - [2025-01-28T11:46:56.411+0530] {dagbag.py:588} INFO - Filling up the DagBag from /home/verma-tv/.local/lib/python3.11/site-packages/airflow/example_dags/example_outlet_event_extra.py
[2025-01-28T11:46:56.422+0530] {processor.py:925} INFO - DAG(s) 'dataset_with_extra_by_yield', 'dataset_with_extra_by_context', 'dataset_with_extra_from_classic_operator' retrieved from /home/verma-tv/.local/lib/python3.11/site-packages/airflow/example_dags/example_outlet_event_extra.py
[2025-01-28T11:46:56.437+0530] {logging_mixin.py:190} INFO - [2025-01-28T11:46:56.437+0530] {dag.py:3239} INFO - Sync 3 DAGs
[2025-01-28T11:46:56.451+0530] {logging_mixin.py:190} INFO - [2025-01-28T11:46:56.451+0530] {dag.py:4180} INFO - Setting next_dagrun for dataset_with_extra_by_context to 2025-01-27 00:00:00+00:00, run_after=2025-01-28 00:00:00+00:00
[2025-01-28T11:46:56.454+0530] {logging_mixin.py:190} INFO - [2025-01-28T11:46:56.454+0530] {dag.py:4180} INFO - Setting next_dagrun for dataset_with_extra_by_yield to 2025-01-27 00:00:00+00:00, run_after=2025-01-28 00:00:00+00:00
[2025-01-28T11:46:56.455+0530] {logging_mixin.py:190} INFO - [2025-01-28T11:46:56.455+0530] {dag.py:4180} INFO - Setting next_dagrun for dataset_with_extra_from_classic_operator to 2025-01-27 00:00:00+00:00, run_after=2025-01-28 00:00:00+00:00
[2025-01-28T11:46:56.471+0530] {processor.py:208} INFO - Processing /home/verma-tv/.local/lib/python3.11/site-packages/airflow/example_dags/example_outlet_event_extra.py took 0.067 seconds
[2025-01-28T11:47:47.798+0530] {processor.py:186} INFO - Started process (PID=18918) to work on /home/verma-tv/.local/lib/python3.11/site-packages/airflow/example_dags/example_outlet_event_extra.py
[2025-01-28T11:47:47.810+0530] {processor.py:914} INFO - Processing file /home/verma-tv/.local/lib/python3.11/site-packages/airflow/example_dags/example_outlet_event_extra.py for tasks to queue
[2025-01-28T11:47:47.813+0530] {logging_mixin.py:190} INFO - [2025-01-28T11:47:47.813+0530] {dagbag.py:588} INFO - Filling up the DagBag from /home/verma-tv/.local/lib/python3.11/site-packages/airflow/example_dags/example_outlet_event_extra.py
[2025-01-28T11:47:47.827+0530] {processor.py:925} INFO - DAG(s) 'dataset_with_extra_from_classic_operator', 'dataset_with_extra_by_context', 'dataset_with_extra_by_yield' retrieved from /home/verma-tv/.local/lib/python3.11/site-packages/airflow/example_dags/example_outlet_event_extra.py
[2025-01-28T11:47:47.841+0530] {logging_mixin.py:190} INFO - [2025-01-28T11:47:47.841+0530] {dag.py:3239} INFO - Sync 3 DAGs
[2025-01-28T11:47:47.856+0530] {logging_mixin.py:190} INFO - [2025-01-28T11:47:47.855+0530] {dag.py:4180} INFO - Setting next_dagrun for dataset_with_extra_by_context to 2025-01-27 00:00:00+00:00, run_after=2025-01-28 00:00:00+00:00
[2025-01-28T11:47:47.859+0530] {logging_mixin.py:190} INFO - [2025-01-28T11:47:47.858+0530] {dag.py:4180} INFO - Setting next_dagrun for dataset_with_extra_by_yield to 2025-01-27 00:00:00+00:00, run_after=2025-01-28 00:00:00+00:00
[2025-01-28T11:47:47.860+0530] {logging_mixin.py:190} INFO - [2025-01-28T11:47:47.860+0530] {dag.py:4180} INFO - Setting next_dagrun for dataset_with_extra_from_classic_operator to 2025-01-27 00:00:00+00:00, run_after=2025-01-28 00:00:00+00:00
[2025-01-28T11:47:47.877+0530] {processor.py:208} INFO - Processing /home/verma-tv/.local/lib/python3.11/site-packages/airflow/example_dags/example_outlet_event_extra.py took 0.084 seconds
[2025-01-28T11:48:41.046+0530] {processor.py:186} INFO - Started process (PID=19139) to work on /home/verma-tv/.local/lib/python3.11/site-packages/airflow/example_dags/example_outlet_event_extra.py
[2025-01-28T11:48:41.055+0530] {processor.py:914} INFO - Processing file /home/verma-tv/.local/lib/python3.11/site-packages/airflow/example_dags/example_outlet_event_extra.py for tasks to queue
[2025-01-28T11:48:41.057+0530] {logging_mixin.py:190} INFO - [2025-01-28T11:48:41.057+0530] {dagbag.py:588} INFO - Filling up the DagBag from /home/verma-tv/.local/lib/python3.11/site-packages/airflow/example_dags/example_outlet_event_extra.py
[2025-01-28T11:48:41.068+0530] {processor.py:925} INFO - DAG(s) 'dataset_with_extra_from_classic_operator', 'dataset_with_extra_by_yield', 'dataset_with_extra_by_context' retrieved from /home/verma-tv/.local/lib/python3.11/site-packages/airflow/example_dags/example_outlet_event_extra.py
[2025-01-28T11:48:41.082+0530] {logging_mixin.py:190} INFO - [2025-01-28T11:48:41.082+0530] {dag.py:3239} INFO - Sync 3 DAGs
[2025-01-28T11:48:41.097+0530] {logging_mixin.py:190} INFO - [2025-01-28T11:48:41.096+0530] {dag.py:4180} INFO - Setting next_dagrun for dataset_with_extra_by_context to 2025-01-27 00:00:00+00:00, run_after=2025-01-28 00:00:00+00:00
[2025-01-28T11:48:41.100+0530] {logging_mixin.py:190} INFO - [2025-01-28T11:48:41.099+0530] {dag.py:4180} INFO - Setting next_dagrun for dataset_with_extra_by_yield to 2025-01-27 00:00:00+00:00, run_after=2025-01-28 00:00:00+00:00
[2025-01-28T11:48:41.101+0530] {logging_mixin.py:190} INFO - [2025-01-28T11:48:41.101+0530] {dag.py:4180} INFO - Setting next_dagrun for dataset_with_extra_from_classic_operator to 2025-01-27 00:00:00+00:00, run_after=2025-01-28 00:00:00+00:00
[2025-01-28T11:48:41.117+0530] {processor.py:208} INFO - Processing /home/verma-tv/.local/lib/python3.11/site-packages/airflow/example_dags/example_outlet_event_extra.py took 0.075 seconds
[2025-01-28T11:49:32.551+0530] {processor.py:186} INFO - Started process (PID=19451) to work on /home/verma-tv/.local/lib/python3.11/site-packages/airflow/example_dags/example_outlet_event_extra.py
[2025-01-28T11:49:32.552+0530] {processor.py:914} INFO - Processing file /home/verma-tv/.local/lib/python3.11/site-packages/airflow/example_dags/example_outlet_event_extra.py for tasks to queue
[2025-01-28T11:49:32.554+0530] {logging_mixin.py:190} INFO - [2025-01-28T11:49:32.554+0530] {dagbag.py:588} INFO - Filling up the DagBag from /home/verma-tv/.local/lib/python3.11/site-packages/airflow/example_dags/example_outlet_event_extra.py
[2025-01-28T11:49:32.564+0530] {processor.py:925} INFO - DAG(s) 'dataset_with_extra_by_context', 'dataset_with_extra_by_yield', 'dataset_with_extra_from_classic_operator' retrieved from /home/verma-tv/.local/lib/python3.11/site-packages/airflow/example_dags/example_outlet_event_extra.py
[2025-01-28T11:49:32.578+0530] {logging_mixin.py:190} INFO - [2025-01-28T11:49:32.578+0530] {dag.py:3239} INFO - Sync 3 DAGs
[2025-01-28T11:49:32.593+0530] {logging_mixin.py:190} INFO - [2025-01-28T11:49:32.593+0530] {dag.py:4180} INFO - Setting next_dagrun for dataset_with_extra_by_context to 2025-01-27 00:00:00+00:00, run_after=2025-01-28 00:00:00+00:00
[2025-01-28T11:49:32.596+0530] {logging_mixin.py:190} INFO - [2025-01-28T11:49:32.596+0530] {dag.py:4180} INFO - Setting next_dagrun for dataset_with_extra_by_yield to 2025-01-27 00:00:00+00:00, run_after=2025-01-28 00:00:00+00:00
[2025-01-28T11:49:32.597+0530] {logging_mixin.py:190} INFO - [2025-01-28T11:49:32.597+0530] {dag.py:4180} INFO - Setting next_dagrun for dataset_with_extra_from_classic_operator to 2025-01-27 00:00:00+00:00, run_after=2025-01-28 00:00:00+00:00
[2025-01-28T11:49:32.612+0530] {processor.py:208} INFO - Processing /home/verma-tv/.local/lib/python3.11/site-packages/airflow/example_dags/example_outlet_event_extra.py took 0.066 seconds
[2025-01-28T11:50:19.876+0530] {processor.py:186} INFO - Started process (PID=19769) to work on /home/verma-tv/.local/lib/python3.11/site-packages/airflow/example_dags/example_outlet_event_extra.py
[2025-01-28T11:50:19.888+0530] {processor.py:914} INFO - Processing file /home/verma-tv/.local/lib/python3.11/site-packages/airflow/example_dags/example_outlet_event_extra.py for tasks to queue
[2025-01-28T11:50:19.891+0530] {logging_mixin.py:190} INFO - [2025-01-28T11:50:19.890+0530] {dagbag.py:588} INFO - Filling up the DagBag from /home/verma-tv/.local/lib/python3.11/site-packages/airflow/example_dags/example_outlet_event_extra.py
[2025-01-28T11:50:19.903+0530] {processor.py:925} INFO - DAG(s) 'dataset_with_extra_by_context', 'dataset_with_extra_from_classic_operator', 'dataset_with_extra_by_yield' retrieved from /home/verma-tv/.local/lib/python3.11/site-packages/airflow/example_dags/example_outlet_event_extra.py
[2025-01-28T11:50:19.919+0530] {logging_mixin.py:190} INFO - [2025-01-28T11:50:19.919+0530] {dag.py:3239} INFO - Sync 3 DAGs
[2025-01-28T11:50:19.935+0530] {logging_mixin.py:190} INFO - [2025-01-28T11:50:19.935+0530] {dag.py:4180} INFO - Setting next_dagrun for dataset_with_extra_by_context to 2025-01-27 00:00:00+00:00, run_after=2025-01-28 00:00:00+00:00
[2025-01-28T11:50:19.938+0530] {logging_mixin.py:190} INFO - [2025-01-28T11:50:19.938+0530] {dag.py:4180} INFO - Setting next_dagrun for dataset_with_extra_by_yield to 2025-01-27 00:00:00+00:00, run_after=2025-01-28 00:00:00+00:00
[2025-01-28T11:50:19.940+0530] {logging_mixin.py:190} INFO - [2025-01-28T11:50:19.940+0530] {dag.py:4180} INFO - Setting next_dagrun for dataset_with_extra_from_classic_operator to 2025-01-27 00:00:00+00:00, run_after=2025-01-28 00:00:00+00:00
[2025-01-28T11:50:19.961+0530] {processor.py:208} INFO - Processing /home/verma-tv/.local/lib/python3.11/site-packages/airflow/example_dags/example_outlet_event_extra.py took 0.090 seconds
[2025-01-28T11:51:11.255+0530] {processor.py:186} INFO - Started process (PID=19931) to work on /home/verma-tv/.local/lib/python3.11/site-packages/airflow/example_dags/example_outlet_event_extra.py
[2025-01-28T11:51:11.268+0530] {processor.py:914} INFO - Processing file /home/verma-tv/.local/lib/python3.11/site-packages/airflow/example_dags/example_outlet_event_extra.py for tasks to queue
[2025-01-28T11:51:11.270+0530] {logging_mixin.py:190} INFO - [2025-01-28T11:51:11.269+0530] {dagbag.py:588} INFO - Filling up the DagBag from /home/verma-tv/.local/lib/python3.11/site-packages/airflow/example_dags/example_outlet_event_extra.py
[2025-01-28T11:51:11.281+0530] {processor.py:925} INFO - DAG(s) 'dataset_with_extra_by_context', 'dataset_with_extra_by_yield', 'dataset_with_extra_from_classic_operator' retrieved from /home/verma-tv/.local/lib/python3.11/site-packages/airflow/example_dags/example_outlet_event_extra.py
[2025-01-28T11:51:11.295+0530] {logging_mixin.py:190} INFO - [2025-01-28T11:51:11.295+0530] {dag.py:3239} INFO - Sync 3 DAGs
[2025-01-28T11:51:11.310+0530] {logging_mixin.py:190} INFO - [2025-01-28T11:51:11.310+0530] {dag.py:4180} INFO - Setting next_dagrun for dataset_with_extra_by_context to 2025-01-27 00:00:00+00:00, run_after=2025-01-28 00:00:00+00:00
[2025-01-28T11:51:11.313+0530] {logging_mixin.py:190} INFO - [2025-01-28T11:51:11.313+0530] {dag.py:4180} INFO - Setting next_dagrun for dataset_with_extra_by_yield to 2025-01-27 00:00:00+00:00, run_after=2025-01-28 00:00:00+00:00
[2025-01-28T11:51:11.315+0530] {logging_mixin.py:190} INFO - [2025-01-28T11:51:11.315+0530] {dag.py:4180} INFO - Setting next_dagrun for dataset_with_extra_from_classic_operator to 2025-01-27 00:00:00+00:00, run_after=2025-01-28 00:00:00+00:00
[2025-01-28T11:51:11.329+0530] {processor.py:208} INFO - Processing /home/verma-tv/.local/lib/python3.11/site-packages/airflow/example_dags/example_outlet_event_extra.py took 0.079 seconds
[2025-01-28T11:52:02.505+0530] {processor.py:186} INFO - Started process (PID=20336) to work on /home/verma-tv/.local/lib/python3.11/site-packages/airflow/example_dags/example_outlet_event_extra.py
[2025-01-28T11:52:02.506+0530] {processor.py:914} INFO - Processing file /home/verma-tv/.local/lib/python3.11/site-packages/airflow/example_dags/example_outlet_event_extra.py for tasks to queue
[2025-01-28T11:52:02.508+0530] {logging_mixin.py:190} INFO - [2025-01-28T11:52:02.508+0530] {dagbag.py:588} INFO - Filling up the DagBag from /home/verma-tv/.local/lib/python3.11/site-packages/airflow/example_dags/example_outlet_event_extra.py
[2025-01-28T11:52:02.519+0530] {processor.py:925} INFO - DAG(s) 'dataset_with_extra_by_context', 'dataset_with_extra_by_yield', 'dataset_with_extra_from_classic_operator' retrieved from /home/verma-tv/.local/lib/python3.11/site-packages/airflow/example_dags/example_outlet_event_extra.py
[2025-01-28T11:52:02.533+0530] {logging_mixin.py:190} INFO - [2025-01-28T11:52:02.533+0530] {dag.py:3239} INFO - Sync 3 DAGs
[2025-01-28T11:52:02.547+0530] {logging_mixin.py:190} INFO - [2025-01-28T11:52:02.547+0530] {dag.py:4180} INFO - Setting next_dagrun for dataset_with_extra_by_context to 2025-01-27 00:00:00+00:00, run_after=2025-01-28 00:00:00+00:00
[2025-01-28T11:52:02.550+0530] {logging_mixin.py:190} INFO - [2025-01-28T11:52:02.550+0530] {dag.py:4180} INFO - Setting next_dagrun for dataset_with_extra_by_yield to 2025-01-27 00:00:00+00:00, run_after=2025-01-28 00:00:00+00:00
[2025-01-28T11:52:02.552+0530] {logging_mixin.py:190} INFO - [2025-01-28T11:52:02.551+0530] {dag.py:4180} INFO - Setting next_dagrun for dataset_with_extra_from_classic_operator to 2025-01-27 00:00:00+00:00, run_after=2025-01-28 00:00:00+00:00
[2025-01-28T11:52:02.567+0530] {processor.py:208} INFO - Processing /home/verma-tv/.local/lib/python3.11/site-packages/airflow/example_dags/example_outlet_event_extra.py took 0.066 seconds
