[2025-01-28T11:39:37.251+0530] {processor.py:186} INFO - Started process (PID=17131) to work on /home/verma-tv/.local/lib/python3.11/site-packages/airflow/example_dags/example_time_delta_sensor_async.py
[2025-01-28T11:39:37.251+0530] {processor.py:914} INFO - Processing file /home/verma-tv/.local/lib/python3.11/site-packages/airflow/example_dags/example_time_delta_sensor_async.py for tasks to queue
[2025-01-28T11:39:37.254+0530] {logging_mixin.py:190} INFO - [2025-01-28T11:39:37.253+0530] {dagbag.py:588} INFO - Filling up the DagBag from /home/verma-tv/.local/lib/python3.11/site-packages/airflow/example_dags/example_time_delta_sensor_async.py
[2025-01-28T11:39:37.259+0530] {processor.py:925} INFO - DAG(s) 'example_time_delta_sensor_async' retrieved from /home/verma-tv/.local/lib/python3.11/site-packages/airflow/example_dags/example_time_delta_sensor_async.py
[2025-01-28T11:39:37.364+0530] {logging_mixin.py:190} INFO - [2025-01-28T11:39:37.363+0530] {override.py:1912} INFO - Created Permission View: can read on DAG:example_time_delta_sensor_async
[2025-01-28T11:39:37.373+0530] {logging_mixin.py:190} INFO - [2025-01-28T11:39:37.372+0530] {override.py:1912} INFO - Created Permission View: can edit on DAG:example_time_delta_sensor_async
[2025-01-28T11:39:37.378+0530] {logging_mixin.py:190} INFO - [2025-01-28T11:39:37.378+0530] {override.py:1912} INFO - Created Permission View: can delete on DAG:example_time_delta_sensor_async
[2025-01-28T11:39:37.387+0530] {logging_mixin.py:190} INFO - [2025-01-28T11:39:37.387+0530] {override.py:1912} INFO - Created Permission View: can read on DAG Run:example_time_delta_sensor_async
[2025-01-28T11:39:37.392+0530] {logging_mixin.py:190} INFO - [2025-01-28T11:39:37.392+0530] {override.py:1912} INFO - Created Permission View: can delete on DAG Run:example_time_delta_sensor_async
[2025-01-28T11:39:37.398+0530] {logging_mixin.py:190} INFO - [2025-01-28T11:39:37.397+0530] {override.py:1912} INFO - Created Permission View: menu access on DAG Run:example_time_delta_sensor_async
[2025-01-28T11:39:37.403+0530] {logging_mixin.py:190} INFO - [2025-01-28T11:39:37.402+0530] {override.py:1912} INFO - Created Permission View: can create on DAG Run:example_time_delta_sensor_async
[2025-01-28T11:39:37.403+0530] {logging_mixin.py:190} INFO - [2025-01-28T11:39:37.403+0530] {dag.py:3239} INFO - Sync 1 DAGs
[2025-01-28T11:39:37.411+0530] {logging_mixin.py:190} INFO - [2025-01-28T11:39:37.411+0530] {dag.py:3262} INFO - Creating ORM DAG for example_time_delta_sensor_async
[2025-01-28T11:39:37.412+0530] {logging_mixin.py:190} INFO - [2025-01-28T11:39:37.412+0530] {dag.py:4180} INFO - Setting next_dagrun for example_time_delta_sensor_async to None, run_after=None
[2025-01-28T11:39:37.426+0530] {processor.py:208} INFO - Processing /home/verma-tv/.local/lib/python3.11/site-packages/airflow/example_dags/example_time_delta_sensor_async.py took 0.180 seconds
[2025-01-28T11:40:36.638+0530] {processor.py:186} INFO - Started process (PID=17318) to work on /home/verma-tv/.local/lib/python3.11/site-packages/airflow/example_dags/example_time_delta_sensor_async.py
[2025-01-28T11:40:36.650+0530] {processor.py:914} INFO - Processing file /home/verma-tv/.local/lib/python3.11/site-packages/airflow/example_dags/example_time_delta_sensor_async.py for tasks to queue
[2025-01-28T11:40:36.653+0530] {logging_mixin.py:190} INFO - [2025-01-28T11:40:36.652+0530] {dagbag.py:588} INFO - Filling up the DagBag from /home/verma-tv/.local/lib/python3.11/site-packages/airflow/example_dags/example_time_delta_sensor_async.py
[2025-01-28T11:40:36.658+0530] {processor.py:925} INFO - DAG(s) 'example_time_delta_sensor_async' retrieved from /home/verma-tv/.local/lib/python3.11/site-packages/airflow/example_dags/example_time_delta_sensor_async.py
[2025-01-28T11:40:36.670+0530] {logging_mixin.py:190} INFO - [2025-01-28T11:40:36.670+0530] {dag.py:3239} INFO - Sync 1 DAGs
[2025-01-28T11:40:36.679+0530] {logging_mixin.py:190} INFO - [2025-01-28T11:40:36.678+0530] {dag.py:4180} INFO - Setting next_dagrun for example_time_delta_sensor_async to None, run_after=None
[2025-01-28T11:40:36.693+0530] {processor.py:208} INFO - Processing /home/verma-tv/.local/lib/python3.11/site-packages/airflow/example_dags/example_time_delta_sensor_async.py took 0.059 seconds
[2025-01-28T11:41:30.289+0530] {processor.py:186} INFO - Started process (PID=17481) to work on /home/verma-tv/.local/lib/python3.11/site-packages/airflow/example_dags/example_time_delta_sensor_async.py
[2025-01-28T11:41:30.295+0530] {processor.py:914} INFO - Processing file /home/verma-tv/.local/lib/python3.11/site-packages/airflow/example_dags/example_time_delta_sensor_async.py for tasks to queue
[2025-01-28T11:41:30.297+0530] {logging_mixin.py:190} INFO - [2025-01-28T11:41:30.297+0530] {dagbag.py:588} INFO - Filling up the DagBag from /home/verma-tv/.local/lib/python3.11/site-packages/airflow/example_dags/example_time_delta_sensor_async.py
[2025-01-28T11:41:30.303+0530] {processor.py:925} INFO - DAG(s) 'example_time_delta_sensor_async' retrieved from /home/verma-tv/.local/lib/python3.11/site-packages/airflow/example_dags/example_time_delta_sensor_async.py
[2025-01-28T11:41:30.313+0530] {logging_mixin.py:190} INFO - [2025-01-28T11:41:30.313+0530] {dag.py:3239} INFO - Sync 1 DAGs
[2025-01-28T11:41:30.322+0530] {logging_mixin.py:190} INFO - [2025-01-28T11:41:30.322+0530] {dag.py:4180} INFO - Setting next_dagrun for example_time_delta_sensor_async to None, run_after=None
[2025-01-28T11:41:30.335+0530] {processor.py:208} INFO - Processing /home/verma-tv/.local/lib/python3.11/site-packages/airflow/example_dags/example_time_delta_sensor_async.py took 0.051 seconds
[2025-01-28T11:42:28.118+0530] {processor.py:186} INFO - Started process (PID=17679) to work on /home/verma-tv/.local/lib/python3.11/site-packages/airflow/example_dags/example_time_delta_sensor_async.py
[2025-01-28T11:42:28.130+0530] {processor.py:914} INFO - Processing file /home/verma-tv/.local/lib/python3.11/site-packages/airflow/example_dags/example_time_delta_sensor_async.py for tasks to queue
[2025-01-28T11:42:28.132+0530] {logging_mixin.py:190} INFO - [2025-01-28T11:42:28.132+0530] {dagbag.py:588} INFO - Filling up the DagBag from /home/verma-tv/.local/lib/python3.11/site-packages/airflow/example_dags/example_time_delta_sensor_async.py
[2025-01-28T11:42:28.138+0530] {processor.py:925} INFO - DAG(s) 'example_time_delta_sensor_async' retrieved from /home/verma-tv/.local/lib/python3.11/site-packages/airflow/example_dags/example_time_delta_sensor_async.py
[2025-01-28T11:42:28.149+0530] {logging_mixin.py:190} INFO - [2025-01-28T11:42:28.149+0530] {dag.py:3239} INFO - Sync 1 DAGs
[2025-01-28T11:42:28.158+0530] {logging_mixin.py:190} INFO - [2025-01-28T11:42:28.157+0530] {dag.py:4180} INFO - Setting next_dagrun for example_time_delta_sensor_async to None, run_after=None
[2025-01-28T11:42:28.172+0530] {processor.py:208} INFO - Processing /home/verma-tv/.local/lib/python3.11/site-packages/airflow/example_dags/example_time_delta_sensor_async.py took 0.059 seconds
[2025-01-28T11:43:18.795+0530] {processor.py:186} INFO - Started process (PID=17836) to work on /home/verma-tv/.local/lib/python3.11/site-packages/airflow/example_dags/example_time_delta_sensor_async.py
[2025-01-28T11:43:18.796+0530] {processor.py:914} INFO - Processing file /home/verma-tv/.local/lib/python3.11/site-packages/airflow/example_dags/example_time_delta_sensor_async.py for tasks to queue
[2025-01-28T11:43:18.798+0530] {logging_mixin.py:190} INFO - [2025-01-28T11:43:18.798+0530] {dagbag.py:588} INFO - Filling up the DagBag from /home/verma-tv/.local/lib/python3.11/site-packages/airflow/example_dags/example_time_delta_sensor_async.py
[2025-01-28T11:43:18.804+0530] {processor.py:925} INFO - DAG(s) 'example_time_delta_sensor_async' retrieved from /home/verma-tv/.local/lib/python3.11/site-packages/airflow/example_dags/example_time_delta_sensor_async.py
[2025-01-28T11:43:18.816+0530] {logging_mixin.py:190} INFO - [2025-01-28T11:43:18.816+0530] {dag.py:3239} INFO - Sync 1 DAGs
[2025-01-28T11:43:18.828+0530] {logging_mixin.py:190} INFO - [2025-01-28T11:43:18.827+0530] {dag.py:4180} INFO - Setting next_dagrun for example_time_delta_sensor_async to None, run_after=None
[2025-01-28T11:43:18.842+0530] {processor.py:208} INFO - Processing /home/verma-tv/.local/lib/python3.11/site-packages/airflow/example_dags/example_time_delta_sensor_async.py took 0.051 seconds
[2025-01-28T11:44:09.581+0530] {processor.py:186} INFO - Started process (PID=17961) to work on /home/verma-tv/.local/lib/python3.11/site-packages/airflow/example_dags/example_time_delta_sensor_async.py
[2025-01-28T11:44:09.593+0530] {processor.py:914} INFO - Processing file /home/verma-tv/.local/lib/python3.11/site-packages/airflow/example_dags/example_time_delta_sensor_async.py for tasks to queue
[2025-01-28T11:44:09.596+0530] {logging_mixin.py:190} INFO - [2025-01-28T11:44:09.595+0530] {dagbag.py:588} INFO - Filling up the DagBag from /home/verma-tv/.local/lib/python3.11/site-packages/airflow/example_dags/example_time_delta_sensor_async.py
[2025-01-28T11:44:09.601+0530] {processor.py:925} INFO - DAG(s) 'example_time_delta_sensor_async' retrieved from /home/verma-tv/.local/lib/python3.11/site-packages/airflow/example_dags/example_time_delta_sensor_async.py
[2025-01-28T11:44:09.612+0530] {logging_mixin.py:190} INFO - [2025-01-28T11:44:09.612+0530] {dag.py:3239} INFO - Sync 1 DAGs
[2025-01-28T11:44:09.620+0530] {logging_mixin.py:190} INFO - [2025-01-28T11:44:09.620+0530] {dag.py:4180} INFO - Setting next_dagrun for example_time_delta_sensor_async to None, run_after=None
[2025-01-28T11:44:09.636+0530] {processor.py:208} INFO - Processing /home/verma-tv/.local/lib/python3.11/site-packages/airflow/example_dags/example_time_delta_sensor_async.py took 0.060 seconds
[2025-01-28T11:44:59.459+0530] {processor.py:186} INFO - Started process (PID=18169) to work on /home/verma-tv/.local/lib/python3.11/site-packages/airflow/example_dags/example_time_delta_sensor_async.py
[2025-01-28T11:44:59.473+0530] {processor.py:914} INFO - Processing file /home/verma-tv/.local/lib/python3.11/site-packages/airflow/example_dags/example_time_delta_sensor_async.py for tasks to queue
[2025-01-28T11:44:59.477+0530] {logging_mixin.py:190} INFO - [2025-01-28T11:44:59.477+0530] {dagbag.py:588} INFO - Filling up the DagBag from /home/verma-tv/.local/lib/python3.11/site-packages/airflow/example_dags/example_time_delta_sensor_async.py
[2025-01-28T11:44:59.482+0530] {processor.py:925} INFO - DAG(s) 'example_time_delta_sensor_async' retrieved from /home/verma-tv/.local/lib/python3.11/site-packages/airflow/example_dags/example_time_delta_sensor_async.py
[2025-01-28T11:44:59.496+0530] {logging_mixin.py:190} INFO - [2025-01-28T11:44:59.495+0530] {dag.py:3239} INFO - Sync 1 DAGs
[2025-01-28T11:44:59.505+0530] {logging_mixin.py:190} INFO - [2025-01-28T11:44:59.505+0530] {dag.py:4180} INFO - Setting next_dagrun for example_time_delta_sensor_async to None, run_after=None
[2025-01-28T11:44:59.526+0530] {processor.py:208} INFO - Processing /home/verma-tv/.local/lib/python3.11/site-packages/airflow/example_dags/example_time_delta_sensor_async.py took 0.075 seconds
[2025-01-28T11:45:55.752+0530] {processor.py:186} INFO - Started process (PID=18348) to work on /home/verma-tv/.local/lib/python3.11/site-packages/airflow/example_dags/example_time_delta_sensor_async.py
[2025-01-28T11:45:55.765+0530] {processor.py:914} INFO - Processing file /home/verma-tv/.local/lib/python3.11/site-packages/airflow/example_dags/example_time_delta_sensor_async.py for tasks to queue
[2025-01-28T11:45:55.767+0530] {logging_mixin.py:190} INFO - [2025-01-28T11:45:55.767+0530] {dagbag.py:588} INFO - Filling up the DagBag from /home/verma-tv/.local/lib/python3.11/site-packages/airflow/example_dags/example_time_delta_sensor_async.py
[2025-01-28T11:45:55.775+0530] {processor.py:925} INFO - DAG(s) 'example_time_delta_sensor_async' retrieved from /home/verma-tv/.local/lib/python3.11/site-packages/airflow/example_dags/example_time_delta_sensor_async.py
[2025-01-28T11:45:55.794+0530] {logging_mixin.py:190} INFO - [2025-01-28T11:45:55.793+0530] {dag.py:3239} INFO - Sync 1 DAGs
[2025-01-28T11:45:55.803+0530] {logging_mixin.py:190} INFO - [2025-01-28T11:45:55.803+0530] {dag.py:4180} INFO - Setting next_dagrun for example_time_delta_sensor_async to None, run_after=None
[2025-01-28T11:45:55.822+0530] {processor.py:208} INFO - Processing /home/verma-tv/.local/lib/python3.11/site-packages/airflow/example_dags/example_time_delta_sensor_async.py took 0.075 seconds
[2025-01-28T11:46:49.188+0530] {processor.py:186} INFO - Started process (PID=18563) to work on /home/verma-tv/.local/lib/python3.11/site-packages/airflow/example_dags/example_time_delta_sensor_async.py
[2025-01-28T11:46:49.201+0530] {processor.py:914} INFO - Processing file /home/verma-tv/.local/lib/python3.11/site-packages/airflow/example_dags/example_time_delta_sensor_async.py for tasks to queue
[2025-01-28T11:46:49.203+0530] {logging_mixin.py:190} INFO - [2025-01-28T11:46:49.202+0530] {dagbag.py:588} INFO - Filling up the DagBag from /home/verma-tv/.local/lib/python3.11/site-packages/airflow/example_dags/example_time_delta_sensor_async.py
[2025-01-28T11:46:49.208+0530] {processor.py:925} INFO - DAG(s) 'example_time_delta_sensor_async' retrieved from /home/verma-tv/.local/lib/python3.11/site-packages/airflow/example_dags/example_time_delta_sensor_async.py
[2025-01-28T11:46:49.219+0530] {logging_mixin.py:190} INFO - [2025-01-28T11:46:49.219+0530] {dag.py:3239} INFO - Sync 1 DAGs
[2025-01-28T11:46:49.227+0530] {logging_mixin.py:190} INFO - [2025-01-28T11:46:49.227+0530] {dag.py:4180} INFO - Setting next_dagrun for example_time_delta_sensor_async to None, run_after=None
[2025-01-28T11:46:49.241+0530] {processor.py:208} INFO - Processing /home/verma-tv/.local/lib/python3.11/site-packages/airflow/example_dags/example_time_delta_sensor_async.py took 0.058 seconds
[2025-01-28T11:47:39.227+0530] {processor.py:186} INFO - Started process (PID=18902) to work on /home/verma-tv/.local/lib/python3.11/site-packages/airflow/example_dags/example_time_delta_sensor_async.py
[2025-01-28T11:47:39.228+0530] {processor.py:914} INFO - Processing file /home/verma-tv/.local/lib/python3.11/site-packages/airflow/example_dags/example_time_delta_sensor_async.py for tasks to queue
[2025-01-28T11:47:39.230+0530] {logging_mixin.py:190} INFO - [2025-01-28T11:47:39.229+0530] {dagbag.py:588} INFO - Filling up the DagBag from /home/verma-tv/.local/lib/python3.11/site-packages/airflow/example_dags/example_time_delta_sensor_async.py
[2025-01-28T11:47:39.235+0530] {processor.py:925} INFO - DAG(s) 'example_time_delta_sensor_async' retrieved from /home/verma-tv/.local/lib/python3.11/site-packages/airflow/example_dags/example_time_delta_sensor_async.py
[2025-01-28T11:47:39.246+0530] {logging_mixin.py:190} INFO - [2025-01-28T11:47:39.246+0530] {dag.py:3239} INFO - Sync 1 DAGs
[2025-01-28T11:47:39.255+0530] {logging_mixin.py:190} INFO - [2025-01-28T11:47:39.255+0530] {dag.py:4180} INFO - Setting next_dagrun for example_time_delta_sensor_async to None, run_after=None
[2025-01-28T11:47:39.270+0530] {processor.py:208} INFO - Processing /home/verma-tv/.local/lib/python3.11/site-packages/airflow/example_dags/example_time_delta_sensor_async.py took 0.048 seconds
[2025-01-28T11:48:33.043+0530] {processor.py:186} INFO - Started process (PID=19123) to work on /home/verma-tv/.local/lib/python3.11/site-packages/airflow/example_dags/example_time_delta_sensor_async.py
[2025-01-28T11:48:33.056+0530] {processor.py:914} INFO - Processing file /home/verma-tv/.local/lib/python3.11/site-packages/airflow/example_dags/example_time_delta_sensor_async.py for tasks to queue
[2025-01-28T11:48:33.058+0530] {logging_mixin.py:190} INFO - [2025-01-28T11:48:33.057+0530] {dagbag.py:588} INFO - Filling up the DagBag from /home/verma-tv/.local/lib/python3.11/site-packages/airflow/example_dags/example_time_delta_sensor_async.py
[2025-01-28T11:48:33.064+0530] {processor.py:925} INFO - DAG(s) 'example_time_delta_sensor_async' retrieved from /home/verma-tv/.local/lib/python3.11/site-packages/airflow/example_dags/example_time_delta_sensor_async.py
[2025-01-28T11:48:33.077+0530] {logging_mixin.py:190} INFO - [2025-01-28T11:48:33.077+0530] {dag.py:3239} INFO - Sync 1 DAGs
[2025-01-28T11:48:33.086+0530] {logging_mixin.py:190} INFO - [2025-01-28T11:48:33.085+0530] {dag.py:4180} INFO - Setting next_dagrun for example_time_delta_sensor_async to None, run_after=None
[2025-01-28T11:48:33.101+0530] {processor.py:208} INFO - Processing /home/verma-tv/.local/lib/python3.11/site-packages/airflow/example_dags/example_time_delta_sensor_async.py took 0.064 seconds
[2025-01-28T11:49:24.863+0530] {processor.py:186} INFO - Started process (PID=19443) to work on /home/verma-tv/.local/lib/python3.11/site-packages/airflow/example_dags/example_time_delta_sensor_async.py
[2025-01-28T11:49:24.875+0530] {processor.py:914} INFO - Processing file /home/verma-tv/.local/lib/python3.11/site-packages/airflow/example_dags/example_time_delta_sensor_async.py for tasks to queue
[2025-01-28T11:49:24.878+0530] {logging_mixin.py:190} INFO - [2025-01-28T11:49:24.877+0530] {dagbag.py:588} INFO - Filling up the DagBag from /home/verma-tv/.local/lib/python3.11/site-packages/airflow/example_dags/example_time_delta_sensor_async.py
[2025-01-28T11:49:24.884+0530] {processor.py:925} INFO - DAG(s) 'example_time_delta_sensor_async' retrieved from /home/verma-tv/.local/lib/python3.11/site-packages/airflow/example_dags/example_time_delta_sensor_async.py
[2025-01-28T11:49:24.897+0530] {logging_mixin.py:190} INFO - [2025-01-28T11:49:24.897+0530] {dag.py:3239} INFO - Sync 1 DAGs
[2025-01-28T11:49:24.907+0530] {logging_mixin.py:190} INFO - [2025-01-28T11:49:24.906+0530] {dag.py:4180} INFO - Setting next_dagrun for example_time_delta_sensor_async to None, run_after=None
[2025-01-28T11:49:24.923+0530] {processor.py:208} INFO - Processing /home/verma-tv/.local/lib/python3.11/site-packages/airflow/example_dags/example_time_delta_sensor_async.py took 0.065 seconds
[2025-01-28T11:50:13.090+0530] {processor.py:186} INFO - Started process (PID=19757) to work on /home/verma-tv/.local/lib/python3.11/site-packages/airflow/example_dags/example_time_delta_sensor_async.py
[2025-01-28T11:50:13.102+0530] {processor.py:914} INFO - Processing file /home/verma-tv/.local/lib/python3.11/site-packages/airflow/example_dags/example_time_delta_sensor_async.py for tasks to queue
[2025-01-28T11:50:13.104+0530] {logging_mixin.py:190} INFO - [2025-01-28T11:50:13.103+0530] {dagbag.py:588} INFO - Filling up the DagBag from /home/verma-tv/.local/lib/python3.11/site-packages/airflow/example_dags/example_time_delta_sensor_async.py
[2025-01-28T11:50:13.110+0530] {processor.py:925} INFO - DAG(s) 'example_time_delta_sensor_async' retrieved from /home/verma-tv/.local/lib/python3.11/site-packages/airflow/example_dags/example_time_delta_sensor_async.py
[2025-01-28T11:50:13.123+0530] {logging_mixin.py:190} INFO - [2025-01-28T11:50:13.123+0530] {dag.py:3239} INFO - Sync 1 DAGs
[2025-01-28T11:50:13.132+0530] {logging_mixin.py:190} INFO - [2025-01-28T11:50:13.132+0530] {dag.py:4180} INFO - Setting next_dagrun for example_time_delta_sensor_async to None, run_after=None
[2025-01-28T11:50:13.147+0530] {processor.py:208} INFO - Processing /home/verma-tv/.local/lib/python3.11/site-packages/airflow/example_dags/example_time_delta_sensor_async.py took 0.062 seconds
[2025-01-28T11:51:03.838+0530] {processor.py:186} INFO - Started process (PID=19852) to work on /home/verma-tv/.local/lib/python3.11/site-packages/airflow/example_dags/example_time_delta_sensor_async.py
[2025-01-28T11:51:03.850+0530] {processor.py:914} INFO - Processing file /home/verma-tv/.local/lib/python3.11/site-packages/airflow/example_dags/example_time_delta_sensor_async.py for tasks to queue
[2025-01-28T11:51:03.853+0530] {logging_mixin.py:190} INFO - [2025-01-28T11:51:03.852+0530] {dagbag.py:588} INFO - Filling up the DagBag from /home/verma-tv/.local/lib/python3.11/site-packages/airflow/example_dags/example_time_delta_sensor_async.py
[2025-01-28T11:51:03.859+0530] {processor.py:925} INFO - DAG(s) 'example_time_delta_sensor_async' retrieved from /home/verma-tv/.local/lib/python3.11/site-packages/airflow/example_dags/example_time_delta_sensor_async.py
[2025-01-28T11:51:03.870+0530] {logging_mixin.py:190} INFO - [2025-01-28T11:51:03.869+0530] {dag.py:3239} INFO - Sync 1 DAGs
[2025-01-28T11:51:03.878+0530] {logging_mixin.py:190} INFO - [2025-01-28T11:51:03.878+0530] {dag.py:4180} INFO - Setting next_dagrun for example_time_delta_sensor_async to None, run_after=None
[2025-01-28T11:51:03.892+0530] {processor.py:208} INFO - Processing /home/verma-tv/.local/lib/python3.11/site-packages/airflow/example_dags/example_time_delta_sensor_async.py took 0.060 seconds
[2025-01-28T11:51:54.488+0530] {processor.py:186} INFO - Started process (PID=20288) to work on /home/verma-tv/.local/lib/python3.11/site-packages/airflow/example_dags/example_time_delta_sensor_async.py
[2025-01-28T11:51:54.500+0530] {processor.py:914} INFO - Processing file /home/verma-tv/.local/lib/python3.11/site-packages/airflow/example_dags/example_time_delta_sensor_async.py for tasks to queue
[2025-01-28T11:51:54.502+0530] {logging_mixin.py:190} INFO - [2025-01-28T11:51:54.502+0530] {dagbag.py:588} INFO - Filling up the DagBag from /home/verma-tv/.local/lib/python3.11/site-packages/airflow/example_dags/example_time_delta_sensor_async.py
[2025-01-28T11:51:54.508+0530] {processor.py:925} INFO - DAG(s) 'example_time_delta_sensor_async' retrieved from /home/verma-tv/.local/lib/python3.11/site-packages/airflow/example_dags/example_time_delta_sensor_async.py
[2025-01-28T11:51:54.519+0530] {logging_mixin.py:190} INFO - [2025-01-28T11:51:54.518+0530] {dag.py:3239} INFO - Sync 1 DAGs
[2025-01-28T11:51:54.527+0530] {logging_mixin.py:190} INFO - [2025-01-28T11:51:54.527+0530] {dag.py:4180} INFO - Setting next_dagrun for example_time_delta_sensor_async to None, run_after=None
[2025-01-28T11:51:54.540+0530] {processor.py:208} INFO - Processing /home/verma-tv/.local/lib/python3.11/site-packages/airflow/example_dags/example_time_delta_sensor_async.py took 0.057 seconds
