[2025-01-28T11:39:34.298+0530] {processor.py:186} INFO - Started process (PID=17124) to work on /home/verma-tv/.local/lib/python3.11/site-packages/airflow/example_dags/example_trigger_controller_dag.py
[2025-01-28T11:39:34.299+0530] {processor.py:914} INFO - Processing file /home/verma-tv/.local/lib/python3.11/site-packages/airflow/example_dags/example_trigger_controller_dag.py for tasks to queue
[2025-01-28T11:39:34.301+0530] {logging_mixin.py:190} INFO - [2025-01-28T11:39:34.301+0530] {dagbag.py:588} INFO - Filling up the DagBag from /home/verma-tv/.local/lib/python3.11/site-packages/airflow/example_dags/example_trigger_controller_dag.py
[2025-01-28T11:39:34.307+0530] {processor.py:925} INFO - DAG(s) 'example_trigger_controller_dag' retrieved from /home/verma-tv/.local/lib/python3.11/site-packages/airflow/example_dags/example_trigger_controller_dag.py
[2025-01-28T11:39:34.411+0530] {logging_mixin.py:190} INFO - [2025-01-28T11:39:34.410+0530] {override.py:1912} INFO - Created Permission View: can read on DAG:example_trigger_controller_dag
[2025-01-28T11:39:34.418+0530] {logging_mixin.py:190} INFO - [2025-01-28T11:39:34.417+0530] {override.py:1912} INFO - Created Permission View: can edit on DAG:example_trigger_controller_dag
[2025-01-28T11:39:34.423+0530] {logging_mixin.py:190} INFO - [2025-01-28T11:39:34.422+0530] {override.py:1912} INFO - Created Permission View: can delete on DAG:example_trigger_controller_dag
[2025-01-28T11:39:34.430+0530] {logging_mixin.py:190} INFO - [2025-01-28T11:39:34.430+0530] {override.py:1912} INFO - Created Permission View: can read on DAG Run:example_trigger_controller_dag
[2025-01-28T11:39:34.436+0530] {logging_mixin.py:190} INFO - [2025-01-28T11:39:34.436+0530] {override.py:1912} INFO - Created Permission View: can delete on DAG Run:example_trigger_controller_dag
[2025-01-28T11:39:34.442+0530] {logging_mixin.py:190} INFO - [2025-01-28T11:39:34.442+0530] {override.py:1912} INFO - Created Permission View: menu access on DAG Run:example_trigger_controller_dag
[2025-01-28T11:39:34.447+0530] {logging_mixin.py:190} INFO - [2025-01-28T11:39:34.447+0530] {override.py:1912} INFO - Created Permission View: can create on DAG Run:example_trigger_controller_dag
[2025-01-28T11:39:34.447+0530] {logging_mixin.py:190} INFO - [2025-01-28T11:39:34.447+0530] {dag.py:3239} INFO - Sync 1 DAGs
[2025-01-28T11:39:34.456+0530] {logging_mixin.py:190} INFO - [2025-01-28T11:39:34.455+0530] {dag.py:3262} INFO - Creating ORM DAG for example_trigger_controller_dag
[2025-01-28T11:39:34.461+0530] {logging_mixin.py:190} INFO - [2025-01-28T11:39:34.461+0530] {dag.py:4180} INFO - Setting next_dagrun for example_trigger_controller_dag to 2021-01-01 00:00:00+00:00, run_after=2021-01-01 00:00:00+00:00
[2025-01-28T11:39:34.473+0530] {processor.py:208} INFO - Processing /home/verma-tv/.local/lib/python3.11/site-packages/airflow/example_dags/example_trigger_controller_dag.py took 0.180 seconds
[2025-01-28T11:40:33.772+0530] {processor.py:186} INFO - Started process (PID=17315) to work on /home/verma-tv/.local/lib/python3.11/site-packages/airflow/example_dags/example_trigger_controller_dag.py
[2025-01-28T11:40:33.784+0530] {processor.py:914} INFO - Processing file /home/verma-tv/.local/lib/python3.11/site-packages/airflow/example_dags/example_trigger_controller_dag.py for tasks to queue
[2025-01-28T11:40:33.787+0530] {logging_mixin.py:190} INFO - [2025-01-28T11:40:33.787+0530] {dagbag.py:588} INFO - Filling up the DagBag from /home/verma-tv/.local/lib/python3.11/site-packages/airflow/example_dags/example_trigger_controller_dag.py
[2025-01-28T11:40:33.794+0530] {processor.py:925} INFO - DAG(s) 'example_trigger_controller_dag' retrieved from /home/verma-tv/.local/lib/python3.11/site-packages/airflow/example_dags/example_trigger_controller_dag.py
[2025-01-28T11:40:33.805+0530] {logging_mixin.py:190} INFO - [2025-01-28T11:40:33.805+0530] {dag.py:3239} INFO - Sync 1 DAGs
[2025-01-28T11:40:33.819+0530] {logging_mixin.py:190} INFO - [2025-01-28T11:40:33.819+0530] {dag.py:4180} INFO - Setting next_dagrun for example_trigger_controller_dag to 2021-01-01 00:00:00+00:00, run_after=2021-01-01 00:00:00+00:00
[2025-01-28T11:40:33.836+0530] {processor.py:208} INFO - Processing /home/verma-tv/.local/lib/python3.11/site-packages/airflow/example_dags/example_trigger_controller_dag.py took 0.068 seconds
[2025-01-28T11:41:27.323+0530] {processor.py:186} INFO - Started process (PID=17474) to work on /home/verma-tv/.local/lib/python3.11/site-packages/airflow/example_dags/example_trigger_controller_dag.py
[2025-01-28T11:41:27.337+0530] {processor.py:914} INFO - Processing file /home/verma-tv/.local/lib/python3.11/site-packages/airflow/example_dags/example_trigger_controller_dag.py for tasks to queue
[2025-01-28T11:41:27.339+0530] {logging_mixin.py:190} INFO - [2025-01-28T11:41:27.339+0530] {dagbag.py:588} INFO - Filling up the DagBag from /home/verma-tv/.local/lib/python3.11/site-packages/airflow/example_dags/example_trigger_controller_dag.py
[2025-01-28T11:41:27.344+0530] {processor.py:925} INFO - DAG(s) 'example_trigger_controller_dag' retrieved from /home/verma-tv/.local/lib/python3.11/site-packages/airflow/example_dags/example_trigger_controller_dag.py
[2025-01-28T11:41:27.356+0530] {logging_mixin.py:190} INFO - [2025-01-28T11:41:27.356+0530] {dag.py:3239} INFO - Sync 1 DAGs
[2025-01-28T11:41:27.370+0530] {logging_mixin.py:190} INFO - [2025-01-28T11:41:27.370+0530] {dag.py:4180} INFO - Setting next_dagrun for example_trigger_controller_dag to 2021-01-01 00:00:00+00:00, run_after=2021-01-01 00:00:00+00:00
[2025-01-28T11:41:27.385+0530] {processor.py:208} INFO - Processing /home/verma-tv/.local/lib/python3.11/site-packages/airflow/example_dags/example_trigger_controller_dag.py took 0.066 seconds
[2025-01-28T11:42:17.981+0530] {processor.py:186} INFO - Started process (PID=17660) to work on /home/verma-tv/.local/lib/python3.11/site-packages/airflow/example_dags/example_trigger_controller_dag.py
[2025-01-28T11:42:17.994+0530] {processor.py:914} INFO - Processing file /home/verma-tv/.local/lib/python3.11/site-packages/airflow/example_dags/example_trigger_controller_dag.py for tasks to queue
[2025-01-28T11:42:17.996+0530] {logging_mixin.py:190} INFO - [2025-01-28T11:42:17.995+0530] {dagbag.py:588} INFO - Filling up the DagBag from /home/verma-tv/.local/lib/python3.11/site-packages/airflow/example_dags/example_trigger_controller_dag.py
[2025-01-28T11:42:18.001+0530] {processor.py:925} INFO - DAG(s) 'example_trigger_controller_dag' retrieved from /home/verma-tv/.local/lib/python3.11/site-packages/airflow/example_dags/example_trigger_controller_dag.py
[2025-01-28T11:42:18.012+0530] {logging_mixin.py:190} INFO - [2025-01-28T11:42:18.012+0530] {dag.py:3239} INFO - Sync 1 DAGs
[2025-01-28T11:42:18.025+0530] {logging_mixin.py:190} INFO - [2025-01-28T11:42:18.025+0530] {dag.py:4180} INFO - Setting next_dagrun for example_trigger_controller_dag to 2021-01-01 00:00:00+00:00, run_after=2021-01-01 00:00:00+00:00
[2025-01-28T11:42:18.039+0530] {processor.py:208} INFO - Processing /home/verma-tv/.local/lib/python3.11/site-packages/airflow/example_dags/example_trigger_controller_dag.py took 0.064 seconds
[2025-01-28T11:43:10.928+0530] {processor.py:186} INFO - Started process (PID=17819) to work on /home/verma-tv/.local/lib/python3.11/site-packages/airflow/example_dags/example_trigger_controller_dag.py
[2025-01-28T11:43:10.940+0530] {processor.py:914} INFO - Processing file /home/verma-tv/.local/lib/python3.11/site-packages/airflow/example_dags/example_trigger_controller_dag.py for tasks to queue
[2025-01-28T11:43:10.942+0530] {logging_mixin.py:190} INFO - [2025-01-28T11:43:10.942+0530] {dagbag.py:588} INFO - Filling up the DagBag from /home/verma-tv/.local/lib/python3.11/site-packages/airflow/example_dags/example_trigger_controller_dag.py
[2025-01-28T11:43:10.948+0530] {processor.py:925} INFO - DAG(s) 'example_trigger_controller_dag' retrieved from /home/verma-tv/.local/lib/python3.11/site-packages/airflow/example_dags/example_trigger_controller_dag.py
[2025-01-28T11:43:10.959+0530] {logging_mixin.py:190} INFO - [2025-01-28T11:43:10.959+0530] {dag.py:3239} INFO - Sync 1 DAGs
[2025-01-28T11:43:10.972+0530] {logging_mixin.py:190} INFO - [2025-01-28T11:43:10.972+0530] {dag.py:4180} INFO - Setting next_dagrun for example_trigger_controller_dag to 2021-01-01 00:00:00+00:00, run_after=2021-01-01 00:00:00+00:00
[2025-01-28T11:43:10.986+0530] {processor.py:208} INFO - Processing /home/verma-tv/.local/lib/python3.11/site-packages/airflow/example_dags/example_trigger_controller_dag.py took 0.063 seconds
[2025-01-28T11:44:01.662+0530] {processor.py:186} INFO - Started process (PID=17918) to work on /home/verma-tv/.local/lib/python3.11/site-packages/airflow/example_dags/example_trigger_controller_dag.py
[2025-01-28T11:44:01.674+0530] {processor.py:914} INFO - Processing file /home/verma-tv/.local/lib/python3.11/site-packages/airflow/example_dags/example_trigger_controller_dag.py for tasks to queue
[2025-01-28T11:44:01.676+0530] {logging_mixin.py:190} INFO - [2025-01-28T11:44:01.676+0530] {dagbag.py:588} INFO - Filling up the DagBag from /home/verma-tv/.local/lib/python3.11/site-packages/airflow/example_dags/example_trigger_controller_dag.py
[2025-01-28T11:44:01.682+0530] {processor.py:925} INFO - DAG(s) 'example_trigger_controller_dag' retrieved from /home/verma-tv/.local/lib/python3.11/site-packages/airflow/example_dags/example_trigger_controller_dag.py
[2025-01-28T11:44:01.693+0530] {logging_mixin.py:190} INFO - [2025-01-28T11:44:01.692+0530] {dag.py:3239} INFO - Sync 1 DAGs
[2025-01-28T11:44:01.706+0530] {logging_mixin.py:190} INFO - [2025-01-28T11:44:01.706+0530] {dag.py:4180} INFO - Setting next_dagrun for example_trigger_controller_dag to 2021-01-01 00:00:00+00:00, run_after=2021-01-01 00:00:00+00:00
[2025-01-28T11:44:01.719+0530] {processor.py:208} INFO - Processing /home/verma-tv/.local/lib/python3.11/site-packages/airflow/example_dags/example_trigger_controller_dag.py took 0.063 seconds
[2025-01-28T11:44:51.450+0530] {processor.py:186} INFO - Started process (PID=18143) to work on /home/verma-tv/.local/lib/python3.11/site-packages/airflow/example_dags/example_trigger_controller_dag.py
[2025-01-28T11:44:51.451+0530] {processor.py:914} INFO - Processing file /home/verma-tv/.local/lib/python3.11/site-packages/airflow/example_dags/example_trigger_controller_dag.py for tasks to queue
[2025-01-28T11:44:51.453+0530] {logging_mixin.py:190} INFO - [2025-01-28T11:44:51.453+0530] {dagbag.py:588} INFO - Filling up the DagBag from /home/verma-tv/.local/lib/python3.11/site-packages/airflow/example_dags/example_trigger_controller_dag.py
[2025-01-28T11:44:51.463+0530] {processor.py:925} INFO - DAG(s) 'example_trigger_controller_dag' retrieved from /home/verma-tv/.local/lib/python3.11/site-packages/airflow/example_dags/example_trigger_controller_dag.py
[2025-01-28T11:44:51.495+0530] {logging_mixin.py:190} INFO - [2025-01-28T11:44:51.494+0530] {dag.py:3239} INFO - Sync 1 DAGs
[2025-01-28T11:44:51.523+0530] {logging_mixin.py:190} INFO - [2025-01-28T11:44:51.523+0530] {dag.py:4180} INFO - Setting next_dagrun for example_trigger_controller_dag to 2021-01-01 00:00:00+00:00, run_after=2021-01-01 00:00:00+00:00
[2025-01-28T11:44:51.547+0530] {processor.py:208} INFO - Processing /home/verma-tv/.local/lib/python3.11/site-packages/airflow/example_dags/example_trigger_controller_dag.py took 0.101 seconds
[2025-01-28T11:45:45.459+0530] {processor.py:186} INFO - Started process (PID=18328) to work on /home/verma-tv/.local/lib/python3.11/site-packages/airflow/example_dags/example_trigger_controller_dag.py
[2025-01-28T11:45:45.471+0530] {processor.py:914} INFO - Processing file /home/verma-tv/.local/lib/python3.11/site-packages/airflow/example_dags/example_trigger_controller_dag.py for tasks to queue
[2025-01-28T11:45:45.474+0530] {logging_mixin.py:190} INFO - [2025-01-28T11:45:45.473+0530] {dagbag.py:588} INFO - Filling up the DagBag from /home/verma-tv/.local/lib/python3.11/site-packages/airflow/example_dags/example_trigger_controller_dag.py
[2025-01-28T11:45:45.482+0530] {processor.py:925} INFO - DAG(s) 'example_trigger_controller_dag' retrieved from /home/verma-tv/.local/lib/python3.11/site-packages/airflow/example_dags/example_trigger_controller_dag.py
[2025-01-28T11:45:45.493+0530] {logging_mixin.py:190} INFO - [2025-01-28T11:45:45.493+0530] {dag.py:3239} INFO - Sync 1 DAGs
[2025-01-28T11:45:45.509+0530] {logging_mixin.py:190} INFO - [2025-01-28T11:45:45.509+0530] {dag.py:4180} INFO - Setting next_dagrun for example_trigger_controller_dag to 2021-01-01 00:00:00+00:00, run_after=2021-01-01 00:00:00+00:00
[2025-01-28T11:45:45.527+0530] {processor.py:208} INFO - Processing /home/verma-tv/.local/lib/python3.11/site-packages/airflow/example_dags/example_trigger_controller_dag.py took 0.073 seconds
[2025-01-28T11:46:38.761+0530] {processor.py:186} INFO - Started process (PID=18494) to work on /home/verma-tv/.local/lib/python3.11/site-packages/airflow/example_dags/example_trigger_controller_dag.py
[2025-01-28T11:46:38.775+0530] {processor.py:914} INFO - Processing file /home/verma-tv/.local/lib/python3.11/site-packages/airflow/example_dags/example_trigger_controller_dag.py for tasks to queue
[2025-01-28T11:46:38.778+0530] {logging_mixin.py:190} INFO - [2025-01-28T11:46:38.777+0530] {dagbag.py:588} INFO - Filling up the DagBag from /home/verma-tv/.local/lib/python3.11/site-packages/airflow/example_dags/example_trigger_controller_dag.py
[2025-01-28T11:46:38.787+0530] {processor.py:925} INFO - DAG(s) 'example_trigger_controller_dag' retrieved from /home/verma-tv/.local/lib/python3.11/site-packages/airflow/example_dags/example_trigger_controller_dag.py
[2025-01-28T11:46:38.804+0530] {logging_mixin.py:190} INFO - [2025-01-28T11:46:38.804+0530] {dag.py:3239} INFO - Sync 1 DAGs
[2025-01-28T11:46:38.817+0530] {logging_mixin.py:190} INFO - [2025-01-28T11:46:38.817+0530] {dag.py:4180} INFO - Setting next_dagrun for example_trigger_controller_dag to 2021-01-01 00:00:00+00:00, run_after=2021-01-01 00:00:00+00:00
[2025-01-28T11:46:38.831+0530] {processor.py:208} INFO - Processing /home/verma-tv/.local/lib/python3.11/site-packages/airflow/example_dags/example_trigger_controller_dag.py took 0.076 seconds
[2025-01-28T11:47:31.145+0530] {processor.py:186} INFO - Started process (PID=18889) to work on /home/verma-tv/.local/lib/python3.11/site-packages/airflow/example_dags/example_trigger_controller_dag.py
[2025-01-28T11:47:31.152+0530] {processor.py:914} INFO - Processing file /home/verma-tv/.local/lib/python3.11/site-packages/airflow/example_dags/example_trigger_controller_dag.py for tasks to queue
[2025-01-28T11:47:31.154+0530] {logging_mixin.py:190} INFO - [2025-01-28T11:47:31.154+0530] {dagbag.py:588} INFO - Filling up the DagBag from /home/verma-tv/.local/lib/python3.11/site-packages/airflow/example_dags/example_trigger_controller_dag.py
[2025-01-28T11:47:31.160+0530] {processor.py:925} INFO - DAG(s) 'example_trigger_controller_dag' retrieved from /home/verma-tv/.local/lib/python3.11/site-packages/airflow/example_dags/example_trigger_controller_dag.py
[2025-01-28T11:47:31.173+0530] {logging_mixin.py:190} INFO - [2025-01-28T11:47:31.172+0530] {dag.py:3239} INFO - Sync 1 DAGs
[2025-01-28T11:47:31.188+0530] {logging_mixin.py:190} INFO - [2025-01-28T11:47:31.188+0530] {dag.py:4180} INFO - Setting next_dagrun for example_trigger_controller_dag to 2021-01-01 00:00:00+00:00, run_after=2021-01-01 00:00:00+00:00
[2025-01-28T11:47:31.205+0530] {processor.py:208} INFO - Processing /home/verma-tv/.local/lib/python3.11/site-packages/airflow/example_dags/example_trigger_controller_dag.py took 0.064 seconds
[2025-01-28T11:48:22.966+0530] {processor.py:186} INFO - Started process (PID=19101) to work on /home/verma-tv/.local/lib/python3.11/site-packages/airflow/example_dags/example_trigger_controller_dag.py
[2025-01-28T11:48:22.979+0530] {processor.py:914} INFO - Processing file /home/verma-tv/.local/lib/python3.11/site-packages/airflow/example_dags/example_trigger_controller_dag.py for tasks to queue
[2025-01-28T11:48:22.981+0530] {logging_mixin.py:190} INFO - [2025-01-28T11:48:22.981+0530] {dagbag.py:588} INFO - Filling up the DagBag from /home/verma-tv/.local/lib/python3.11/site-packages/airflow/example_dags/example_trigger_controller_dag.py
[2025-01-28T11:48:22.987+0530] {processor.py:925} INFO - DAG(s) 'example_trigger_controller_dag' retrieved from /home/verma-tv/.local/lib/python3.11/site-packages/airflow/example_dags/example_trigger_controller_dag.py
[2025-01-28T11:48:22.997+0530] {logging_mixin.py:190} INFO - [2025-01-28T11:48:22.997+0530] {dag.py:3239} INFO - Sync 1 DAGs
[2025-01-28T11:48:23.010+0530] {logging_mixin.py:190} INFO - [2025-01-28T11:48:23.010+0530] {dag.py:4180} INFO - Setting next_dagrun for example_trigger_controller_dag to 2021-01-01 00:00:00+00:00, run_after=2021-01-01 00:00:00+00:00
[2025-01-28T11:48:23.024+0530] {processor.py:208} INFO - Processing /home/verma-tv/.local/lib/python3.11/site-packages/airflow/example_dags/example_trigger_controller_dag.py took 0.063 seconds
[2025-01-28T11:49:14.516+0530] {processor.py:186} INFO - Started process (PID=19372) to work on /home/verma-tv/.local/lib/python3.11/site-packages/airflow/example_dags/example_trigger_controller_dag.py
[2025-01-28T11:49:14.528+0530] {processor.py:914} INFO - Processing file /home/verma-tv/.local/lib/python3.11/site-packages/airflow/example_dags/example_trigger_controller_dag.py for tasks to queue
[2025-01-28T11:49:14.532+0530] {logging_mixin.py:190} INFO - [2025-01-28T11:49:14.531+0530] {dagbag.py:588} INFO - Filling up the DagBag from /home/verma-tv/.local/lib/python3.11/site-packages/airflow/example_dags/example_trigger_controller_dag.py
[2025-01-28T11:49:14.541+0530] {processor.py:925} INFO - DAG(s) 'example_trigger_controller_dag' retrieved from /home/verma-tv/.local/lib/python3.11/site-packages/airflow/example_dags/example_trigger_controller_dag.py
[2025-01-28T11:49:14.555+0530] {logging_mixin.py:190} INFO - [2025-01-28T11:49:14.555+0530] {dag.py:3239} INFO - Sync 1 DAGs
[2025-01-28T11:49:14.569+0530] {logging_mixin.py:190} INFO - [2025-01-28T11:49:14.569+0530] {dag.py:4180} INFO - Setting next_dagrun for example_trigger_controller_dag to 2021-01-01 00:00:00+00:00, run_after=2021-01-01 00:00:00+00:00
[2025-01-28T11:49:14.585+0530] {processor.py:208} INFO - Processing /home/verma-tv/.local/lib/python3.11/site-packages/airflow/example_dags/example_trigger_controller_dag.py took 0.075 seconds
[2025-01-28T11:50:04.545+0530] {processor.py:186} INFO - Started process (PID=19675) to work on /home/verma-tv/.local/lib/python3.11/site-packages/airflow/example_dags/example_trigger_controller_dag.py
[2025-01-28T11:50:04.558+0530] {processor.py:914} INFO - Processing file /home/verma-tv/.local/lib/python3.11/site-packages/airflow/example_dags/example_trigger_controller_dag.py for tasks to queue
[2025-01-28T11:50:04.561+0530] {logging_mixin.py:190} INFO - [2025-01-28T11:50:04.560+0530] {dagbag.py:588} INFO - Filling up the DagBag from /home/verma-tv/.local/lib/python3.11/site-packages/airflow/example_dags/example_trigger_controller_dag.py
[2025-01-28T11:50:04.566+0530] {processor.py:925} INFO - DAG(s) 'example_trigger_controller_dag' retrieved from /home/verma-tv/.local/lib/python3.11/site-packages/airflow/example_dags/example_trigger_controller_dag.py
[2025-01-28T11:50:04.578+0530] {logging_mixin.py:190} INFO - [2025-01-28T11:50:04.578+0530] {dag.py:3239} INFO - Sync 1 DAGs
[2025-01-28T11:50:04.593+0530] {logging_mixin.py:190} INFO - [2025-01-28T11:50:04.592+0530] {dag.py:4180} INFO - Setting next_dagrun for example_trigger_controller_dag to 2021-01-01 00:00:00+00:00, run_after=2021-01-01 00:00:00+00:00
[2025-01-28T11:50:04.608+0530] {processor.py:208} INFO - Processing /home/verma-tv/.local/lib/python3.11/site-packages/airflow/example_dags/example_trigger_controller_dag.py took 0.069 seconds
[2025-01-28T11:50:53.700+0530] {processor.py:186} INFO - Started process (PID=19833) to work on /home/verma-tv/.local/lib/python3.11/site-packages/airflow/example_dags/example_trigger_controller_dag.py
[2025-01-28T11:50:53.701+0530] {processor.py:914} INFO - Processing file /home/verma-tv/.local/lib/python3.11/site-packages/airflow/example_dags/example_trigger_controller_dag.py for tasks to queue
[2025-01-28T11:50:53.703+0530] {logging_mixin.py:190} INFO - [2025-01-28T11:50:53.703+0530] {dagbag.py:588} INFO - Filling up the DagBag from /home/verma-tv/.local/lib/python3.11/site-packages/airflow/example_dags/example_trigger_controller_dag.py
[2025-01-28T11:50:53.709+0530] {processor.py:925} INFO - DAG(s) 'example_trigger_controller_dag' retrieved from /home/verma-tv/.local/lib/python3.11/site-packages/airflow/example_dags/example_trigger_controller_dag.py
[2025-01-28T11:50:53.719+0530] {logging_mixin.py:190} INFO - [2025-01-28T11:50:53.719+0530] {dag.py:3239} INFO - Sync 1 DAGs
[2025-01-28T11:50:53.732+0530] {logging_mixin.py:190} INFO - [2025-01-28T11:50:53.732+0530] {dag.py:4180} INFO - Setting next_dagrun for example_trigger_controller_dag to 2021-01-01 00:00:00+00:00, run_after=2021-01-01 00:00:00+00:00
[2025-01-28T11:50:53.746+0530] {processor.py:208} INFO - Processing /home/verma-tv/.local/lib/python3.11/site-packages/airflow/example_dags/example_trigger_controller_dag.py took 0.051 seconds
[2025-01-28T11:51:45.523+0530] {processor.py:186} INFO - Started process (PID=20025) to work on /home/verma-tv/.local/lib/python3.11/site-packages/airflow/example_dags/example_trigger_controller_dag.py
[2025-01-28T11:51:45.536+0530] {processor.py:914} INFO - Processing file /home/verma-tv/.local/lib/python3.11/site-packages/airflow/example_dags/example_trigger_controller_dag.py for tasks to queue
[2025-01-28T11:51:45.539+0530] {logging_mixin.py:190} INFO - [2025-01-28T11:51:45.538+0530] {dagbag.py:588} INFO - Filling up the DagBag from /home/verma-tv/.local/lib/python3.11/site-packages/airflow/example_dags/example_trigger_controller_dag.py
[2025-01-28T11:51:45.544+0530] {processor.py:925} INFO - DAG(s) 'example_trigger_controller_dag' retrieved from /home/verma-tv/.local/lib/python3.11/site-packages/airflow/example_dags/example_trigger_controller_dag.py
[2025-01-28T11:51:45.556+0530] {logging_mixin.py:190} INFO - [2025-01-28T11:51:45.555+0530] {dag.py:3239} INFO - Sync 1 DAGs
[2025-01-28T11:51:45.569+0530] {logging_mixin.py:190} INFO - [2025-01-28T11:51:45.569+0530] {dag.py:4180} INFO - Setting next_dagrun for example_trigger_controller_dag to 2021-01-01 00:00:00+00:00, run_after=2021-01-01 00:00:00+00:00
[2025-01-28T11:51:45.583+0530] {processor.py:208} INFO - Processing /home/verma-tv/.local/lib/python3.11/site-packages/airflow/example_dags/example_trigger_controller_dag.py took 0.065 seconds
