[2025-01-28T11:39:58.765+0530] {processor.py:186} INFO - Started process (PID=17167) to work on /home/verma-tv/.local/lib/python3.11/site-packages/airflow/example_dags/example_dag_decorator.py
[2025-01-28T11:39:58.766+0530] {processor.py:914} INFO - Processing file /home/verma-tv/.local/lib/python3.11/site-packages/airflow/example_dags/example_dag_decorator.py for tasks to queue
[2025-01-28T11:39:58.768+0530] {logging_mixin.py:190} INFO - [2025-01-28T11:39:58.767+0530] {dagbag.py:588} INFO - Filling up the DagBag from /home/verma-tv/.local/lib/python3.11/site-packages/airflow/example_dags/example_dag_decorator.py
[2025-01-28T11:39:58.781+0530] {processor.py:925} INFO - DAG(s) 'example_dag_decorator' retrieved from /home/verma-tv/.local/lib/python3.11/site-packages/airflow/example_dags/example_dag_decorator.py
[2025-01-28T11:39:58.889+0530] {logging_mixin.py:190} INFO - [2025-01-28T11:39:58.889+0530] {override.py:1912} INFO - Created Permission View: can read on DAG:example_dag_decorator
[2025-01-28T11:39:58.896+0530] {logging_mixin.py:190} INFO - [2025-01-28T11:39:58.896+0530] {override.py:1912} INFO - Created Permission View: can edit on DAG:example_dag_decorator
[2025-01-28T11:39:58.901+0530] {logging_mixin.py:190} INFO - [2025-01-28T11:39:58.901+0530] {override.py:1912} INFO - Created Permission View: can delete on DAG:example_dag_decorator
[2025-01-28T11:39:58.909+0530] {logging_mixin.py:190} INFO - [2025-01-28T11:39:58.908+0530] {override.py:1912} INFO - Created Permission View: can read on DAG Run:example_dag_decorator
[2025-01-28T11:39:58.914+0530] {logging_mixin.py:190} INFO - [2025-01-28T11:39:58.913+0530] {override.py:1912} INFO - Created Permission View: can delete on DAG Run:example_dag_decorator
[2025-01-28T11:39:58.919+0530] {logging_mixin.py:190} INFO - [2025-01-28T11:39:58.918+0530] {override.py:1912} INFO - Created Permission View: menu access on DAG Run:example_dag_decorator
[2025-01-28T11:39:58.924+0530] {logging_mixin.py:190} INFO - [2025-01-28T11:39:58.923+0530] {override.py:1912} INFO - Created Permission View: can create on DAG Run:example_dag_decorator
[2025-01-28T11:39:58.924+0530] {logging_mixin.py:190} INFO - [2025-01-28T11:39:58.924+0530] {dag.py:3239} INFO - Sync 1 DAGs
[2025-01-28T11:39:58.931+0530] {logging_mixin.py:190} INFO - [2025-01-28T11:39:58.931+0530] {dag.py:3262} INFO - Creating ORM DAG for example_dag_decorator
[2025-01-28T11:39:58.932+0530] {logging_mixin.py:190} INFO - [2025-01-28T11:39:58.932+0530] {dag.py:4180} INFO - Setting next_dagrun for example_dag_decorator to None, run_after=None
[2025-01-28T11:39:58.945+0530] {processor.py:208} INFO - Processing /home/verma-tv/.local/lib/python3.11/site-packages/airflow/example_dags/example_dag_decorator.py took 0.184 seconds
[2025-01-28T11:40:56.913+0530] {processor.py:186} INFO - Started process (PID=17356) to work on /home/verma-tv/.local/lib/python3.11/site-packages/airflow/example_dags/example_dag_decorator.py
[2025-01-28T11:40:56.925+0530] {processor.py:914} INFO - Processing file /home/verma-tv/.local/lib/python3.11/site-packages/airflow/example_dags/example_dag_decorator.py for tasks to queue
[2025-01-28T11:40:56.927+0530] {logging_mixin.py:190} INFO - [2025-01-28T11:40:56.927+0530] {dagbag.py:588} INFO - Filling up the DagBag from /home/verma-tv/.local/lib/python3.11/site-packages/airflow/example_dags/example_dag_decorator.py
[2025-01-28T11:40:56.942+0530] {processor.py:925} INFO - DAG(s) 'example_dag_decorator' retrieved from /home/verma-tv/.local/lib/python3.11/site-packages/airflow/example_dags/example_dag_decorator.py
[2025-01-28T11:40:57.034+0530] {logging_mixin.py:190} INFO - [2025-01-28T11:40:57.034+0530] {dag.py:3239} INFO - Sync 1 DAGs
[2025-01-28T11:40:57.041+0530] {logging_mixin.py:190} INFO - [2025-01-28T11:40:57.040+0530] {dag.py:4180} INFO - Setting next_dagrun for example_dag_decorator to None, run_after=None
[2025-01-28T11:40:57.055+0530] {processor.py:208} INFO - Processing /home/verma-tv/.local/lib/python3.11/site-packages/airflow/example_dags/example_dag_decorator.py took 0.146 seconds
[2025-01-28T11:41:51.993+0530] {processor.py:186} INFO - Started process (PID=17522) to work on /home/verma-tv/.local/lib/python3.11/site-packages/airflow/example_dags/example_dag_decorator.py
[2025-01-28T11:41:52.005+0530] {processor.py:914} INFO - Processing file /home/verma-tv/.local/lib/python3.11/site-packages/airflow/example_dags/example_dag_decorator.py for tasks to queue
[2025-01-28T11:41:52.007+0530] {logging_mixin.py:190} INFO - [2025-01-28T11:41:52.007+0530] {dagbag.py:588} INFO - Filling up the DagBag from /home/verma-tv/.local/lib/python3.11/site-packages/airflow/example_dags/example_dag_decorator.py
[2025-01-28T11:41:52.020+0530] {processor.py:925} INFO - DAG(s) 'example_dag_decorator' retrieved from /home/verma-tv/.local/lib/python3.11/site-packages/airflow/example_dags/example_dag_decorator.py
[2025-01-28T11:41:52.113+0530] {logging_mixin.py:190} INFO - [2025-01-28T11:41:52.112+0530] {dag.py:3239} INFO - Sync 1 DAGs
[2025-01-28T11:41:52.120+0530] {logging_mixin.py:190} INFO - [2025-01-28T11:41:52.119+0530] {dag.py:4180} INFO - Setting next_dagrun for example_dag_decorator to None, run_after=None
[2025-01-28T11:41:52.148+0530] {processor.py:208} INFO - Processing /home/verma-tv/.local/lib/python3.11/site-packages/airflow/example_dags/example_dag_decorator.py took 0.159 seconds
[2025-01-28T11:42:47.136+0530] {processor.py:186} INFO - Started process (PID=17716) to work on /home/verma-tv/.local/lib/python3.11/site-packages/airflow/example_dags/example_dag_decorator.py
[2025-01-28T11:42:47.149+0530] {processor.py:914} INFO - Processing file /home/verma-tv/.local/lib/python3.11/site-packages/airflow/example_dags/example_dag_decorator.py for tasks to queue
[2025-01-28T11:42:47.151+0530] {logging_mixin.py:190} INFO - [2025-01-28T11:42:47.151+0530] {dagbag.py:588} INFO - Filling up the DagBag from /home/verma-tv/.local/lib/python3.11/site-packages/airflow/example_dags/example_dag_decorator.py
[2025-01-28T11:42:47.165+0530] {processor.py:925} INFO - DAG(s) 'example_dag_decorator' retrieved from /home/verma-tv/.local/lib/python3.11/site-packages/airflow/example_dags/example_dag_decorator.py
[2025-01-28T11:42:47.254+0530] {logging_mixin.py:190} INFO - [2025-01-28T11:42:47.254+0530] {dag.py:3239} INFO - Sync 1 DAGs
[2025-01-28T11:42:47.262+0530] {logging_mixin.py:190} INFO - [2025-01-28T11:42:47.262+0530] {dag.py:4180} INFO - Setting next_dagrun for example_dag_decorator to None, run_after=None
[2025-01-28T11:42:47.291+0530] {processor.py:208} INFO - Processing /home/verma-tv/.local/lib/python3.11/site-packages/airflow/example_dags/example_dag_decorator.py took 0.160 seconds
[2025-01-28T11:43:37.930+0530] {processor.py:186} INFO - Started process (PID=17876) to work on /home/verma-tv/.local/lib/python3.11/site-packages/airflow/example_dags/example_dag_decorator.py
[2025-01-28T11:43:37.942+0530] {processor.py:914} INFO - Processing file /home/verma-tv/.local/lib/python3.11/site-packages/airflow/example_dags/example_dag_decorator.py for tasks to queue
[2025-01-28T11:43:37.945+0530] {logging_mixin.py:190} INFO - [2025-01-28T11:43:37.944+0530] {dagbag.py:588} INFO - Filling up the DagBag from /home/verma-tv/.local/lib/python3.11/site-packages/airflow/example_dags/example_dag_decorator.py
[2025-01-28T11:43:37.958+0530] {processor.py:925} INFO - DAG(s) 'example_dag_decorator' retrieved from /home/verma-tv/.local/lib/python3.11/site-packages/airflow/example_dags/example_dag_decorator.py
[2025-01-28T11:43:38.046+0530] {logging_mixin.py:190} INFO - [2025-01-28T11:43:38.046+0530] {dag.py:3239} INFO - Sync 1 DAGs
[2025-01-28T11:43:38.052+0530] {logging_mixin.py:190} INFO - [2025-01-28T11:43:38.052+0530] {dag.py:4180} INFO - Setting next_dagrun for example_dag_decorator to None, run_after=None
[2025-01-28T11:43:38.073+0530] {processor.py:208} INFO - Processing /home/verma-tv/.local/lib/python3.11/site-packages/airflow/example_dags/example_dag_decorator.py took 0.147 seconds
[2025-01-28T11:44:28.209+0530] {processor.py:186} INFO - Started process (PID=18092) to work on /home/verma-tv/.local/lib/python3.11/site-packages/airflow/example_dags/example_dag_decorator.py
[2025-01-28T11:44:28.221+0530] {processor.py:914} INFO - Processing file /home/verma-tv/.local/lib/python3.11/site-packages/airflow/example_dags/example_dag_decorator.py for tasks to queue
[2025-01-28T11:44:28.223+0530] {logging_mixin.py:190} INFO - [2025-01-28T11:44:28.223+0530] {dagbag.py:588} INFO - Filling up the DagBag from /home/verma-tv/.local/lib/python3.11/site-packages/airflow/example_dags/example_dag_decorator.py
[2025-01-28T11:44:28.237+0530] {processor.py:925} INFO - DAG(s) 'example_dag_decorator' retrieved from /home/verma-tv/.local/lib/python3.11/site-packages/airflow/example_dags/example_dag_decorator.py
[2025-01-28T11:44:28.325+0530] {logging_mixin.py:190} INFO - [2025-01-28T11:44:28.325+0530] {dag.py:3239} INFO - Sync 1 DAGs
[2025-01-28T11:44:28.332+0530] {logging_mixin.py:190} INFO - [2025-01-28T11:44:28.332+0530] {dag.py:4180} INFO - Setting next_dagrun for example_dag_decorator to None, run_after=None
[2025-01-28T11:44:28.351+0530] {processor.py:208} INFO - Processing /home/verma-tv/.local/lib/python3.11/site-packages/airflow/example_dags/example_dag_decorator.py took 0.149 seconds
[2025-01-28T11:45:20.071+0530] {processor.py:186} INFO - Started process (PID=18282) to work on /home/verma-tv/.local/lib/python3.11/site-packages/airflow/example_dags/example_dag_decorator.py
[2025-01-28T11:45:20.085+0530] {processor.py:914} INFO - Processing file /home/verma-tv/.local/lib/python3.11/site-packages/airflow/example_dags/example_dag_decorator.py for tasks to queue
[2025-01-28T11:45:20.088+0530] {logging_mixin.py:190} INFO - [2025-01-28T11:45:20.088+0530] {dagbag.py:588} INFO - Filling up the DagBag from /home/verma-tv/.local/lib/python3.11/site-packages/airflow/example_dags/example_dag_decorator.py
[2025-01-28T11:45:20.104+0530] {processor.py:925} INFO - DAG(s) 'example_dag_decorator' retrieved from /home/verma-tv/.local/lib/python3.11/site-packages/airflow/example_dags/example_dag_decorator.py
[2025-01-28T11:45:20.214+0530] {logging_mixin.py:190} INFO - [2025-01-28T11:45:20.214+0530] {dag.py:3239} INFO - Sync 1 DAGs
[2025-01-28T11:45:20.224+0530] {logging_mixin.py:190} INFO - [2025-01-28T11:45:20.224+0530] {dag.py:4180} INFO - Setting next_dagrun for example_dag_decorator to None, run_after=None
[2025-01-28T11:45:20.251+0530] {processor.py:208} INFO - Processing /home/verma-tv/.local/lib/python3.11/site-packages/airflow/example_dags/example_dag_decorator.py took 0.188 seconds
[2025-01-28T11:46:16.209+0530] {processor.py:186} INFO - Started process (PID=18448) to work on /home/verma-tv/.local/lib/python3.11/site-packages/airflow/example_dags/example_dag_decorator.py
[2025-01-28T11:46:16.222+0530] {processor.py:914} INFO - Processing file /home/verma-tv/.local/lib/python3.11/site-packages/airflow/example_dags/example_dag_decorator.py for tasks to queue
[2025-01-28T11:46:16.224+0530] {logging_mixin.py:190} INFO - [2025-01-28T11:46:16.224+0530] {dagbag.py:588} INFO - Filling up the DagBag from /home/verma-tv/.local/lib/python3.11/site-packages/airflow/example_dags/example_dag_decorator.py
[2025-01-28T11:46:16.241+0530] {processor.py:925} INFO - DAG(s) 'example_dag_decorator' retrieved from /home/verma-tv/.local/lib/python3.11/site-packages/airflow/example_dags/example_dag_decorator.py
[2025-01-28T11:46:16.360+0530] {logging_mixin.py:190} INFO - [2025-01-28T11:46:16.360+0530] {dag.py:3239} INFO - Sync 1 DAGs
[2025-01-28T11:46:16.368+0530] {logging_mixin.py:190} INFO - [2025-01-28T11:46:16.367+0530] {dag.py:4180} INFO - Setting next_dagrun for example_dag_decorator to None, run_after=None
[2025-01-28T11:46:16.400+0530] {processor.py:208} INFO - Processing /home/verma-tv/.local/lib/python3.11/site-packages/airflow/example_dags/example_dag_decorator.py took 0.201 seconds
[2025-01-28T11:47:07.857+0530] {processor.py:186} INFO - Started process (PID=18633) to work on /home/verma-tv/.local/lib/python3.11/site-packages/airflow/example_dags/example_dag_decorator.py
[2025-01-28T11:47:07.858+0530] {processor.py:914} INFO - Processing file /home/verma-tv/.local/lib/python3.11/site-packages/airflow/example_dags/example_dag_decorator.py for tasks to queue
[2025-01-28T11:47:07.860+0530] {logging_mixin.py:190} INFO - [2025-01-28T11:47:07.860+0530] {dagbag.py:588} INFO - Filling up the DagBag from /home/verma-tv/.local/lib/python3.11/site-packages/airflow/example_dags/example_dag_decorator.py
[2025-01-28T11:47:07.876+0530] {processor.py:925} INFO - DAG(s) 'example_dag_decorator' retrieved from /home/verma-tv/.local/lib/python3.11/site-packages/airflow/example_dags/example_dag_decorator.py
[2025-01-28T11:47:07.996+0530] {logging_mixin.py:190} INFO - [2025-01-28T11:47:07.995+0530] {dag.py:3239} INFO - Sync 1 DAGs
[2025-01-28T11:47:08.005+0530] {logging_mixin.py:190} INFO - [2025-01-28T11:47:08.005+0530] {dag.py:4180} INFO - Setting next_dagrun for example_dag_decorator to None, run_after=None
[2025-01-28T11:47:08.022+0530] {processor.py:208} INFO - Processing /home/verma-tv/.local/lib/python3.11/site-packages/airflow/example_dags/example_dag_decorator.py took 0.170 seconds
[2025-01-28T11:47:59.841+0530] {processor.py:186} INFO - Started process (PID=18945) to work on /home/verma-tv/.local/lib/python3.11/site-packages/airflow/example_dags/example_dag_decorator.py
[2025-01-28T11:47:59.853+0530] {processor.py:914} INFO - Processing file /home/verma-tv/.local/lib/python3.11/site-packages/airflow/example_dags/example_dag_decorator.py for tasks to queue
[2025-01-28T11:47:59.855+0530] {logging_mixin.py:190} INFO - [2025-01-28T11:47:59.855+0530] {dagbag.py:588} INFO - Filling up the DagBag from /home/verma-tv/.local/lib/python3.11/site-packages/airflow/example_dags/example_dag_decorator.py
[2025-01-28T11:47:59.869+0530] {processor.py:925} INFO - DAG(s) 'example_dag_decorator' retrieved from /home/verma-tv/.local/lib/python3.11/site-packages/airflow/example_dags/example_dag_decorator.py
[2025-01-28T11:47:59.966+0530] {logging_mixin.py:190} INFO - [2025-01-28T11:47:59.966+0530] {dag.py:3239} INFO - Sync 1 DAGs
[2025-01-28T11:47:59.973+0530] {logging_mixin.py:190} INFO - [2025-01-28T11:47:59.973+0530] {dag.py:4180} INFO - Setting next_dagrun for example_dag_decorator to None, run_after=None
[2025-01-28T11:47:59.997+0530] {processor.py:208} INFO - Processing /home/verma-tv/.local/lib/python3.11/site-packages/airflow/example_dags/example_dag_decorator.py took 0.162 seconds
[2025-01-28T11:48:53.315+0530] {processor.py:186} INFO - Started process (PID=19212) to work on /home/verma-tv/.local/lib/python3.11/site-packages/airflow/example_dags/example_dag_decorator.py
[2025-01-28T11:48:53.316+0530] {processor.py:914} INFO - Processing file /home/verma-tv/.local/lib/python3.11/site-packages/airflow/example_dags/example_dag_decorator.py for tasks to queue
[2025-01-28T11:48:53.318+0530] {logging_mixin.py:190} INFO - [2025-01-28T11:48:53.318+0530] {dagbag.py:588} INFO - Filling up the DagBag from /home/verma-tv/.local/lib/python3.11/site-packages/airflow/example_dags/example_dag_decorator.py
[2025-01-28T11:48:53.332+0530] {processor.py:925} INFO - DAG(s) 'example_dag_decorator' retrieved from /home/verma-tv/.local/lib/python3.11/site-packages/airflow/example_dags/example_dag_decorator.py
[2025-01-28T11:48:53.427+0530] {logging_mixin.py:190} INFO - [2025-01-28T11:48:53.427+0530] {dag.py:3239} INFO - Sync 1 DAGs
[2025-01-28T11:48:53.435+0530] {logging_mixin.py:190} INFO - [2025-01-28T11:48:53.435+0530] {dag.py:4180} INFO - Setting next_dagrun for example_dag_decorator to None, run_after=None
[2025-01-28T11:48:53.462+0530] {processor.py:208} INFO - Processing /home/verma-tv/.local/lib/python3.11/site-packages/airflow/example_dags/example_dag_decorator.py took 0.152 seconds
[2025-01-28T11:49:43.980+0530] {processor.py:186} INFO - Started process (PID=19584) to work on /home/verma-tv/.local/lib/python3.11/site-packages/airflow/example_dags/example_dag_decorator.py
[2025-01-28T11:49:43.993+0530] {processor.py:914} INFO - Processing file /home/verma-tv/.local/lib/python3.11/site-packages/airflow/example_dags/example_dag_decorator.py for tasks to queue
[2025-01-28T11:49:43.995+0530] {logging_mixin.py:190} INFO - [2025-01-28T11:49:43.995+0530] {dagbag.py:588} INFO - Filling up the DagBag from /home/verma-tv/.local/lib/python3.11/site-packages/airflow/example_dags/example_dag_decorator.py
[2025-01-28T11:49:44.011+0530] {processor.py:925} INFO - DAG(s) 'example_dag_decorator' retrieved from /home/verma-tv/.local/lib/python3.11/site-packages/airflow/example_dags/example_dag_decorator.py
[2025-01-28T11:49:44.111+0530] {logging_mixin.py:190} INFO - [2025-01-28T11:49:44.111+0530] {dag.py:3239} INFO - Sync 1 DAGs
[2025-01-28T11:49:44.119+0530] {logging_mixin.py:190} INFO - [2025-01-28T11:49:44.119+0530] {dag.py:4180} INFO - Setting next_dagrun for example_dag_decorator to None, run_after=None
[2025-01-28T11:49:44.135+0530] {processor.py:208} INFO - Processing /home/verma-tv/.local/lib/python3.11/site-packages/airflow/example_dags/example_dag_decorator.py took 0.160 seconds
[2025-01-28T11:50:59.466+0530] {processor.py:186} INFO - Started process (PID=19842) to work on /home/verma-tv/.local/lib/python3.11/site-packages/airflow/example_dags/example_dag_decorator.py
[2025-01-28T11:50:59.467+0530] {processor.py:914} INFO - Processing file /home/verma-tv/.local/lib/python3.11/site-packages/airflow/example_dags/example_dag_decorator.py for tasks to queue
[2025-01-28T11:50:59.469+0530] {logging_mixin.py:190} INFO - [2025-01-28T11:50:59.469+0530] {dagbag.py:588} INFO - Filling up the DagBag from /home/verma-tv/.local/lib/python3.11/site-packages/airflow/example_dags/example_dag_decorator.py
[2025-01-28T11:50:59.482+0530] {processor.py:925} INFO - DAG(s) 'example_dag_decorator' retrieved from /home/verma-tv/.local/lib/python3.11/site-packages/airflow/example_dags/example_dag_decorator.py
[2025-01-28T11:50:59.571+0530] {logging_mixin.py:190} INFO - [2025-01-28T11:50:59.571+0530] {dag.py:3239} INFO - Sync 1 DAGs
[2025-01-28T11:50:59.579+0530] {logging_mixin.py:190} INFO - [2025-01-28T11:50:59.579+0530] {dag.py:4180} INFO - Setting next_dagrun for example_dag_decorator to None, run_after=None
[2025-01-28T11:50:59.592+0530] {processor.py:208} INFO - Processing /home/verma-tv/.local/lib/python3.11/site-packages/airflow/example_dags/example_dag_decorator.py took 0.131 seconds
[2025-01-28T11:52:12.788+0530] {processor.py:186} INFO - Started process (PID=20482) to work on /home/verma-tv/.local/lib/python3.11/site-packages/airflow/example_dags/example_dag_decorator.py
[2025-01-28T11:52:12.800+0530] {processor.py:914} INFO - Processing file /home/verma-tv/.local/lib/python3.11/site-packages/airflow/example_dags/example_dag_decorator.py for tasks to queue
[2025-01-28T11:52:12.802+0530] {logging_mixin.py:190} INFO - [2025-01-28T11:52:12.802+0530] {dagbag.py:588} INFO - Filling up the DagBag from /home/verma-tv/.local/lib/python3.11/site-packages/airflow/example_dags/example_dag_decorator.py
[2025-01-28T11:52:12.815+0530] {processor.py:925} INFO - DAG(s) 'example_dag_decorator' retrieved from /home/verma-tv/.local/lib/python3.11/site-packages/airflow/example_dags/example_dag_decorator.py
[2025-01-28T11:52:12.903+0530] {logging_mixin.py:190} INFO - [2025-01-28T11:52:12.903+0530] {dag.py:3239} INFO - Sync 1 DAGs
[2025-01-28T11:52:12.911+0530] {logging_mixin.py:190} INFO - [2025-01-28T11:52:12.911+0530] {dag.py:4180} INFO - Setting next_dagrun for example_dag_decorator to None, run_after=None
[2025-01-28T11:52:12.929+0530] {processor.py:208} INFO - Processing /home/verma-tv/.local/lib/python3.11/site-packages/airflow/example_dags/example_dag_decorator.py took 0.146 seconds
[2025-01-28T12:01:31.840+0530] {processor.py:186} INFO - Started process (PID=23106) to work on /home/verma-tv/.local/lib/python3.11/site-packages/airflow/example_dags/example_dag_decorator.py
[2025-01-28T12:01:31.852+0530] {processor.py:914} INFO - Processing file /home/verma-tv/.local/lib/python3.11/site-packages/airflow/example_dags/example_dag_decorator.py for tasks to queue
[2025-01-28T12:01:31.855+0530] {logging_mixin.py:190} INFO - [2025-01-28T12:01:31.855+0530] {dagbag.py:588} INFO - Filling up the DagBag from /home/verma-tv/.local/lib/python3.11/site-packages/airflow/example_dags/example_dag_decorator.py
[2025-01-28T12:01:31.868+0530] {processor.py:925} INFO - DAG(s) 'example_dag_decorator' retrieved from /home/verma-tv/.local/lib/python3.11/site-packages/airflow/example_dags/example_dag_decorator.py
[2025-01-28T12:01:31.958+0530] {logging_mixin.py:190} INFO - [2025-01-28T12:01:31.957+0530] {dag.py:3239} INFO - Sync 1 DAGs
[2025-01-28T12:01:31.964+0530] {logging_mixin.py:190} INFO - [2025-01-28T12:01:31.964+0530] {dag.py:4180} INFO - Setting next_dagrun for example_dag_decorator to None, run_after=None
[2025-01-28T12:01:31.979+0530] {processor.py:208} INFO - Processing /home/verma-tv/.local/lib/python3.11/site-packages/airflow/example_dags/example_dag_decorator.py took 0.144 seconds
[2025-01-28T12:02:27.419+0530] {processor.py:186} INFO - Started process (PID=23438) to work on /home/verma-tv/.local/lib/python3.11/site-packages/airflow/example_dags/example_dag_decorator.py
[2025-01-28T12:02:27.432+0530] {processor.py:914} INFO - Processing file /home/verma-tv/.local/lib/python3.11/site-packages/airflow/example_dags/example_dag_decorator.py for tasks to queue
[2025-01-28T12:02:27.434+0530] {logging_mixin.py:190} INFO - [2025-01-28T12:02:27.433+0530] {dagbag.py:588} INFO - Filling up the DagBag from /home/verma-tv/.local/lib/python3.11/site-packages/airflow/example_dags/example_dag_decorator.py
[2025-01-28T12:02:27.447+0530] {processor.py:925} INFO - DAG(s) 'example_dag_decorator' retrieved from /home/verma-tv/.local/lib/python3.11/site-packages/airflow/example_dags/example_dag_decorator.py
[2025-01-28T12:02:27.535+0530] {logging_mixin.py:190} INFO - [2025-01-28T12:02:27.535+0530] {dag.py:3239} INFO - Sync 1 DAGs
[2025-01-28T12:02:27.542+0530] {logging_mixin.py:190} INFO - [2025-01-28T12:02:27.542+0530] {dag.py:4180} INFO - Setting next_dagrun for example_dag_decorator to None, run_after=None
[2025-01-28T12:02:27.556+0530] {processor.py:208} INFO - Processing /home/verma-tv/.local/lib/python3.11/site-packages/airflow/example_dags/example_dag_decorator.py took 0.141 seconds
[2025-01-28T12:04:11.214+0530] {processor.py:186} INFO - Started process (PID=24522) to work on /home/verma-tv/.local/lib/python3.11/site-packages/airflow/example_dags/example_dag_decorator.py
[2025-01-28T12:04:11.226+0530] {processor.py:914} INFO - Processing file /home/verma-tv/.local/lib/python3.11/site-packages/airflow/example_dags/example_dag_decorator.py for tasks to queue
[2025-01-28T12:04:11.229+0530] {logging_mixin.py:190} INFO - [2025-01-28T12:04:11.228+0530] {dagbag.py:588} INFO - Filling up the DagBag from /home/verma-tv/.local/lib/python3.11/site-packages/airflow/example_dags/example_dag_decorator.py
[2025-01-28T12:04:11.244+0530] {processor.py:925} INFO - DAG(s) 'example_dag_decorator' retrieved from /home/verma-tv/.local/lib/python3.11/site-packages/airflow/example_dags/example_dag_decorator.py
[2025-01-28T12:04:11.335+0530] {logging_mixin.py:190} INFO - [2025-01-28T12:04:11.335+0530] {dag.py:3239} INFO - Sync 1 DAGs
[2025-01-28T12:04:11.343+0530] {logging_mixin.py:190} INFO - [2025-01-28T12:04:11.342+0530] {dag.py:4180} INFO - Setting next_dagrun for example_dag_decorator to None, run_after=None
[2025-01-28T12:04:11.356+0530] {processor.py:208} INFO - Processing /home/verma-tv/.local/lib/python3.11/site-packages/airflow/example_dags/example_dag_decorator.py took 0.147 seconds
[2025-01-28T12:05:05.441+0530] {processor.py:186} INFO - Started process (PID=25099) to work on /home/verma-tv/.local/lib/python3.11/site-packages/airflow/example_dags/example_dag_decorator.py
[2025-01-28T12:05:05.453+0530] {processor.py:914} INFO - Processing file /home/verma-tv/.local/lib/python3.11/site-packages/airflow/example_dags/example_dag_decorator.py for tasks to queue
[2025-01-28T12:05:05.455+0530] {logging_mixin.py:190} INFO - [2025-01-28T12:05:05.455+0530] {dagbag.py:588} INFO - Filling up the DagBag from /home/verma-tv/.local/lib/python3.11/site-packages/airflow/example_dags/example_dag_decorator.py
[2025-01-28T12:05:05.469+0530] {processor.py:925} INFO - DAG(s) 'example_dag_decorator' retrieved from /home/verma-tv/.local/lib/python3.11/site-packages/airflow/example_dags/example_dag_decorator.py
[2025-01-28T12:05:05.482+0530] {logging_mixin.py:190} INFO - [2025-01-28T12:05:05.482+0530] {dag.py:3239} INFO - Sync 1 DAGs
[2025-01-28T12:05:05.490+0530] {logging_mixin.py:190} INFO - [2025-01-28T12:05:05.490+0530] {dag.py:4180} INFO - Setting next_dagrun for example_dag_decorator to None, run_after=None
[2025-01-28T12:05:05.504+0530] {processor.py:208} INFO - Processing /home/verma-tv/.local/lib/python3.11/site-packages/airflow/example_dags/example_dag_decorator.py took 0.067 seconds
[2025-01-28T12:05:56.620+0530] {processor.py:186} INFO - Started process (PID=25347) to work on /home/verma-tv/.local/lib/python3.11/site-packages/airflow/example_dags/example_dag_decorator.py
[2025-01-28T12:05:56.621+0530] {processor.py:914} INFO - Processing file /home/verma-tv/.local/lib/python3.11/site-packages/airflow/example_dags/example_dag_decorator.py for tasks to queue
[2025-01-28T12:05:56.623+0530] {logging_mixin.py:190} INFO - [2025-01-28T12:05:56.623+0530] {dagbag.py:588} INFO - Filling up the DagBag from /home/verma-tv/.local/lib/python3.11/site-packages/airflow/example_dags/example_dag_decorator.py
[2025-01-28T12:05:56.639+0530] {processor.py:925} INFO - DAG(s) 'example_dag_decorator' retrieved from /home/verma-tv/.local/lib/python3.11/site-packages/airflow/example_dags/example_dag_decorator.py
[2025-01-28T12:05:56.652+0530] {logging_mixin.py:190} INFO - [2025-01-28T12:05:56.652+0530] {dag.py:3239} INFO - Sync 1 DAGs
[2025-01-28T12:05:56.661+0530] {logging_mixin.py:190} INFO - [2025-01-28T12:05:56.660+0530] {dag.py:4180} INFO - Setting next_dagrun for example_dag_decorator to None, run_after=None
[2025-01-28T12:05:56.675+0530] {processor.py:208} INFO - Processing /home/verma-tv/.local/lib/python3.11/site-packages/airflow/example_dags/example_dag_decorator.py took 0.060 seconds
[2025-01-28T12:07:06.937+0530] {processor.py:186} INFO - Started process (PID=25662) to work on /home/verma-tv/.local/lib/python3.11/site-packages/airflow/example_dags/example_dag_decorator.py
[2025-01-28T12:07:06.949+0530] {processor.py:914} INFO - Processing file /home/verma-tv/.local/lib/python3.11/site-packages/airflow/example_dags/example_dag_decorator.py for tasks to queue
[2025-01-28T12:07:06.951+0530] {logging_mixin.py:190} INFO - [2025-01-28T12:07:06.951+0530] {dagbag.py:588} INFO - Filling up the DagBag from /home/verma-tv/.local/lib/python3.11/site-packages/airflow/example_dags/example_dag_decorator.py
[2025-01-28T12:07:06.964+0530] {processor.py:925} INFO - DAG(s) 'example_dag_decorator' retrieved from /home/verma-tv/.local/lib/python3.11/site-packages/airflow/example_dags/example_dag_decorator.py
[2025-01-28T12:07:06.977+0530] {logging_mixin.py:190} INFO - [2025-01-28T12:07:06.977+0530] {dag.py:3239} INFO - Sync 1 DAGs
[2025-01-28T12:07:06.986+0530] {logging_mixin.py:190} INFO - [2025-01-28T12:07:06.986+0530] {dag.py:4180} INFO - Setting next_dagrun for example_dag_decorator to None, run_after=None
[2025-01-28T12:07:07.000+0530] {processor.py:208} INFO - Processing /home/verma-tv/.local/lib/python3.11/site-packages/airflow/example_dags/example_dag_decorator.py took 0.068 seconds
[2025-01-28T12:07:59.936+0530] {processor.py:186} INFO - Started process (PID=26046) to work on /home/verma-tv/.local/lib/python3.11/site-packages/airflow/example_dags/example_dag_decorator.py
[2025-01-28T12:07:59.937+0530] {processor.py:914} INFO - Processing file /home/verma-tv/.local/lib/python3.11/site-packages/airflow/example_dags/example_dag_decorator.py for tasks to queue
[2025-01-28T12:07:59.939+0530] {logging_mixin.py:190} INFO - [2025-01-28T12:07:59.939+0530] {dagbag.py:588} INFO - Filling up the DagBag from /home/verma-tv/.local/lib/python3.11/site-packages/airflow/example_dags/example_dag_decorator.py
[2025-01-28T12:07:59.952+0530] {processor.py:925} INFO - DAG(s) 'example_dag_decorator' retrieved from /home/verma-tv/.local/lib/python3.11/site-packages/airflow/example_dags/example_dag_decorator.py
[2025-01-28T12:07:59.966+0530] {logging_mixin.py:190} INFO - [2025-01-28T12:07:59.966+0530] {dag.py:3239} INFO - Sync 1 DAGs
[2025-01-28T12:07:59.974+0530] {logging_mixin.py:190} INFO - [2025-01-28T12:07:59.974+0530] {dag.py:4180} INFO - Setting next_dagrun for example_dag_decorator to None, run_after=None
[2025-01-28T12:07:59.988+0530] {processor.py:208} INFO - Processing /home/verma-tv/.local/lib/python3.11/site-packages/airflow/example_dags/example_dag_decorator.py took 0.057 seconds
[2025-01-28T12:08:51.963+0530] {processor.py:186} INFO - Started process (PID=26395) to work on /home/verma-tv/.local/lib/python3.11/site-packages/airflow/example_dags/example_dag_decorator.py
[2025-01-28T12:08:51.975+0530] {processor.py:914} INFO - Processing file /home/verma-tv/.local/lib/python3.11/site-packages/airflow/example_dags/example_dag_decorator.py for tasks to queue
[2025-01-28T12:08:51.977+0530] {logging_mixin.py:190} INFO - [2025-01-28T12:08:51.977+0530] {dagbag.py:588} INFO - Filling up the DagBag from /home/verma-tv/.local/lib/python3.11/site-packages/airflow/example_dags/example_dag_decorator.py
[2025-01-28T12:08:51.990+0530] {processor.py:925} INFO - DAG(s) 'example_dag_decorator' retrieved from /home/verma-tv/.local/lib/python3.11/site-packages/airflow/example_dags/example_dag_decorator.py
[2025-01-28T12:08:52.079+0530] {logging_mixin.py:190} INFO - [2025-01-28T12:08:52.079+0530] {dag.py:3239} INFO - Sync 1 DAGs
[2025-01-28T12:08:52.085+0530] {logging_mixin.py:190} INFO - [2025-01-28T12:08:52.085+0530] {dag.py:4180} INFO - Setting next_dagrun for example_dag_decorator to None, run_after=None
[2025-01-28T12:08:52.105+0530] {processor.py:208} INFO - Processing /home/verma-tv/.local/lib/python3.11/site-packages/airflow/example_dags/example_dag_decorator.py took 0.147 seconds
[2025-01-28T12:10:03.340+0530] {processor.py:186} INFO - Started process (PID=26984) to work on /home/verma-tv/.local/lib/python3.11/site-packages/airflow/example_dags/example_dag_decorator.py
[2025-01-28T12:10:03.341+0530] {processor.py:914} INFO - Processing file /home/verma-tv/.local/lib/python3.11/site-packages/airflow/example_dags/example_dag_decorator.py for tasks to queue
[2025-01-28T12:10:03.343+0530] {logging_mixin.py:190} INFO - [2025-01-28T12:10:03.343+0530] {dagbag.py:588} INFO - Filling up the DagBag from /home/verma-tv/.local/lib/python3.11/site-packages/airflow/example_dags/example_dag_decorator.py
[2025-01-28T12:10:03.357+0530] {processor.py:925} INFO - DAG(s) 'example_dag_decorator' retrieved from /home/verma-tv/.local/lib/python3.11/site-packages/airflow/example_dags/example_dag_decorator.py
[2025-01-28T12:10:03.448+0530] {logging_mixin.py:190} INFO - [2025-01-28T12:10:03.448+0530] {dag.py:3239} INFO - Sync 1 DAGs
[2025-01-28T12:10:03.455+0530] {logging_mixin.py:190} INFO - [2025-01-28T12:10:03.454+0530] {dag.py:4180} INFO - Setting next_dagrun for example_dag_decorator to None, run_after=None
[2025-01-28T12:10:03.484+0530] {processor.py:208} INFO - Processing /home/verma-tv/.local/lib/python3.11/site-packages/airflow/example_dags/example_dag_decorator.py took 0.149 seconds
[2025-01-28T12:10:55.918+0530] {processor.py:186} INFO - Started process (PID=27287) to work on /home/verma-tv/.local/lib/python3.11/site-packages/airflow/example_dags/example_dag_decorator.py
[2025-01-28T12:10:55.919+0530] {processor.py:914} INFO - Processing file /home/verma-tv/.local/lib/python3.11/site-packages/airflow/example_dags/example_dag_decorator.py for tasks to queue
[2025-01-28T12:10:55.923+0530] {logging_mixin.py:190} INFO - [2025-01-28T12:10:55.922+0530] {dagbag.py:588} INFO - Filling up the DagBag from /home/verma-tv/.local/lib/python3.11/site-packages/airflow/example_dags/example_dag_decorator.py
[2025-01-28T12:10:55.947+0530] {processor.py:925} INFO - DAG(s) 'example_dag_decorator' retrieved from /home/verma-tv/.local/lib/python3.11/site-packages/airflow/example_dags/example_dag_decorator.py
[2025-01-28T12:10:56.064+0530] {logging_mixin.py:190} INFO - [2025-01-28T12:10:56.064+0530] {dag.py:3239} INFO - Sync 1 DAGs
[2025-01-28T12:10:56.073+0530] {logging_mixin.py:190} INFO - [2025-01-28T12:10:56.072+0530] {dag.py:4180} INFO - Setting next_dagrun for example_dag_decorator to None, run_after=None
[2025-01-28T12:10:56.100+0530] {processor.py:208} INFO - Processing /home/verma-tv/.local/lib/python3.11/site-packages/airflow/example_dags/example_dag_decorator.py took 0.187 seconds
[2025-01-28T12:11:48.438+0530] {processor.py:186} INFO - Started process (PID=27670) to work on /home/verma-tv/.local/lib/python3.11/site-packages/airflow/example_dags/example_dag_decorator.py
[2025-01-28T12:11:48.450+0530] {processor.py:914} INFO - Processing file /home/verma-tv/.local/lib/python3.11/site-packages/airflow/example_dags/example_dag_decorator.py for tasks to queue
[2025-01-28T12:11:48.452+0530] {logging_mixin.py:190} INFO - [2025-01-28T12:11:48.452+0530] {dagbag.py:588} INFO - Filling up the DagBag from /home/verma-tv/.local/lib/python3.11/site-packages/airflow/example_dags/example_dag_decorator.py
[2025-01-28T12:11:48.467+0530] {processor.py:925} INFO - DAG(s) 'example_dag_decorator' retrieved from /home/verma-tv/.local/lib/python3.11/site-packages/airflow/example_dags/example_dag_decorator.py
[2025-01-28T12:11:48.583+0530] {logging_mixin.py:190} INFO - [2025-01-28T12:11:48.583+0530] {dag.py:3239} INFO - Sync 1 DAGs
[2025-01-28T12:11:48.593+0530] {logging_mixin.py:190} INFO - [2025-01-28T12:11:48.593+0530] {dag.py:4180} INFO - Setting next_dagrun for example_dag_decorator to None, run_after=None
[2025-01-28T12:11:48.626+0530] {processor.py:208} INFO - Processing /home/verma-tv/.local/lib/python3.11/site-packages/airflow/example_dags/example_dag_decorator.py took 0.193 seconds
[2025-01-28T12:13:04.376+0530] {processor.py:186} INFO - Started process (PID=28261) to work on /home/verma-tv/.local/lib/python3.11/site-packages/airflow/example_dags/example_dag_decorator.py
[2025-01-28T12:13:04.391+0530] {processor.py:914} INFO - Processing file /home/verma-tv/.local/lib/python3.11/site-packages/airflow/example_dags/example_dag_decorator.py for tasks to queue
[2025-01-28T12:13:04.393+0530] {logging_mixin.py:190} INFO - [2025-01-28T12:13:04.393+0530] {dagbag.py:588} INFO - Filling up the DagBag from /home/verma-tv/.local/lib/python3.11/site-packages/airflow/example_dags/example_dag_decorator.py
[2025-01-28T12:13:04.407+0530] {processor.py:925} INFO - DAG(s) 'example_dag_decorator' retrieved from /home/verma-tv/.local/lib/python3.11/site-packages/airflow/example_dags/example_dag_decorator.py
[2025-01-28T12:13:04.497+0530] {logging_mixin.py:190} INFO - [2025-01-28T12:13:04.497+0530] {dag.py:3239} INFO - Sync 1 DAGs
[2025-01-28T12:13:04.504+0530] {logging_mixin.py:190} INFO - [2025-01-28T12:13:04.504+0530] {dag.py:4180} INFO - Setting next_dagrun for example_dag_decorator to None, run_after=None
[2025-01-28T12:13:04.519+0530] {processor.py:208} INFO - Processing /home/verma-tv/.local/lib/python3.11/site-packages/airflow/example_dags/example_dag_decorator.py took 0.148 seconds
[2025-01-28T12:13:56.053+0530] {processor.py:186} INFO - Started process (PID=28597) to work on /home/verma-tv/.local/lib/python3.11/site-packages/airflow/example_dags/example_dag_decorator.py
[2025-01-28T12:13:56.055+0530] {processor.py:914} INFO - Processing file /home/verma-tv/.local/lib/python3.11/site-packages/airflow/example_dags/example_dag_decorator.py for tasks to queue
[2025-01-28T12:13:56.056+0530] {logging_mixin.py:190} INFO - [2025-01-28T12:13:56.056+0530] {dagbag.py:588} INFO - Filling up the DagBag from /home/verma-tv/.local/lib/python3.11/site-packages/airflow/example_dags/example_dag_decorator.py
[2025-01-28T12:13:56.076+0530] {processor.py:925} INFO - DAG(s) 'example_dag_decorator' retrieved from /home/verma-tv/.local/lib/python3.11/site-packages/airflow/example_dags/example_dag_decorator.py
[2025-01-28T12:13:56.208+0530] {logging_mixin.py:190} INFO - [2025-01-28T12:13:56.208+0530] {dag.py:3239} INFO - Sync 1 DAGs
[2025-01-28T12:13:56.217+0530] {logging_mixin.py:190} INFO - [2025-01-28T12:13:56.216+0530] {dag.py:4180} INFO - Setting next_dagrun for example_dag_decorator to None, run_after=None
[2025-01-28T12:13:56.232+0530] {processor.py:208} INFO - Processing /home/verma-tv/.local/lib/python3.11/site-packages/airflow/example_dags/example_dag_decorator.py took 0.185 seconds
[2025-01-28T12:15:11.664+0530] {processor.py:186} INFO - Started process (PID=29545) to work on /home/verma-tv/.local/lib/python3.11/site-packages/airflow/example_dags/example_dag_decorator.py
[2025-01-28T12:15:11.670+0530] {processor.py:914} INFO - Processing file /home/verma-tv/.local/lib/python3.11/site-packages/airflow/example_dags/example_dag_decorator.py for tasks to queue
[2025-01-28T12:15:11.673+0530] {logging_mixin.py:190} INFO - [2025-01-28T12:15:11.673+0530] {dagbag.py:588} INFO - Filling up the DagBag from /home/verma-tv/.local/lib/python3.11/site-packages/airflow/example_dags/example_dag_decorator.py
[2025-01-28T12:15:11.686+0530] {processor.py:925} INFO - DAG(s) 'example_dag_decorator' retrieved from /home/verma-tv/.local/lib/python3.11/site-packages/airflow/example_dags/example_dag_decorator.py
[2025-01-28T12:15:11.774+0530] {logging_mixin.py:190} INFO - [2025-01-28T12:15:11.774+0530] {dag.py:3239} INFO - Sync 1 DAGs
[2025-01-28T12:15:11.781+0530] {logging_mixin.py:190} INFO - [2025-01-28T12:15:11.781+0530] {dag.py:4180} INFO - Setting next_dagrun for example_dag_decorator to None, run_after=None
[2025-01-28T12:15:11.808+0530] {processor.py:208} INFO - Processing /home/verma-tv/.local/lib/python3.11/site-packages/airflow/example_dags/example_dag_decorator.py took 0.149 seconds
[2025-01-28T12:16:04.223+0530] {processor.py:186} INFO - Started process (PID=30140) to work on /home/verma-tv/.local/lib/python3.11/site-packages/airflow/example_dags/example_dag_decorator.py
[2025-01-28T12:16:04.235+0530] {processor.py:914} INFO - Processing file /home/verma-tv/.local/lib/python3.11/site-packages/airflow/example_dags/example_dag_decorator.py for tasks to queue
[2025-01-28T12:16:04.237+0530] {logging_mixin.py:190} INFO - [2025-01-28T12:16:04.237+0530] {dagbag.py:588} INFO - Filling up the DagBag from /home/verma-tv/.local/lib/python3.11/site-packages/airflow/example_dags/example_dag_decorator.py
[2025-01-28T12:16:04.250+0530] {processor.py:925} INFO - DAG(s) 'example_dag_decorator' retrieved from /home/verma-tv/.local/lib/python3.11/site-packages/airflow/example_dags/example_dag_decorator.py
[2025-01-28T12:16:04.340+0530] {logging_mixin.py:190} INFO - [2025-01-28T12:16:04.340+0530] {dag.py:3239} INFO - Sync 1 DAGs
[2025-01-28T12:16:04.347+0530] {logging_mixin.py:190} INFO - [2025-01-28T12:16:04.347+0530] {dag.py:4180} INFO - Setting next_dagrun for example_dag_decorator to None, run_after=None
[2025-01-28T12:16:04.376+0530] {processor.py:208} INFO - Processing /home/verma-tv/.local/lib/python3.11/site-packages/airflow/example_dags/example_dag_decorator.py took 0.158 seconds
[2025-01-28T12:17:19.756+0530] {processor.py:186} INFO - Started process (PID=30356) to work on /home/verma-tv/.local/lib/python3.11/site-packages/airflow/example_dags/example_dag_decorator.py
[2025-01-28T12:17:19.757+0530] {processor.py:914} INFO - Processing file /home/verma-tv/.local/lib/python3.11/site-packages/airflow/example_dags/example_dag_decorator.py for tasks to queue
[2025-01-28T12:17:19.758+0530] {logging_mixin.py:190} INFO - [2025-01-28T12:17:19.758+0530] {dagbag.py:588} INFO - Filling up the DagBag from /home/verma-tv/.local/lib/python3.11/site-packages/airflow/example_dags/example_dag_decorator.py
[2025-01-28T12:17:19.772+0530] {processor.py:925} INFO - DAG(s) 'example_dag_decorator' retrieved from /home/verma-tv/.local/lib/python3.11/site-packages/airflow/example_dags/example_dag_decorator.py
[2025-01-28T12:17:19.863+0530] {logging_mixin.py:190} INFO - [2025-01-28T12:17:19.863+0530] {dag.py:3239} INFO - Sync 1 DAGs
[2025-01-28T12:17:19.870+0530] {logging_mixin.py:190} INFO - [2025-01-28T12:17:19.869+0530] {dag.py:4180} INFO - Setting next_dagrun for example_dag_decorator to None, run_after=None
[2025-01-28T12:17:19.903+0530] {processor.py:208} INFO - Processing /home/verma-tv/.local/lib/python3.11/site-packages/airflow/example_dags/example_dag_decorator.py took 0.153 seconds
[2025-01-28T12:18:10.423+0530] {processor.py:186} INFO - Started process (PID=30569) to work on /home/verma-tv/.local/lib/python3.11/site-packages/airflow/example_dags/example_dag_decorator.py
[2025-01-28T12:18:10.436+0530] {processor.py:914} INFO - Processing file /home/verma-tv/.local/lib/python3.11/site-packages/airflow/example_dags/example_dag_decorator.py for tasks to queue
[2025-01-28T12:18:10.438+0530] {logging_mixin.py:190} INFO - [2025-01-28T12:18:10.438+0530] {dagbag.py:588} INFO - Filling up the DagBag from /home/verma-tv/.local/lib/python3.11/site-packages/airflow/example_dags/example_dag_decorator.py
[2025-01-28T12:18:10.452+0530] {processor.py:925} INFO - DAG(s) 'example_dag_decorator' retrieved from /home/verma-tv/.local/lib/python3.11/site-packages/airflow/example_dags/example_dag_decorator.py
[2025-01-28T12:18:10.544+0530] {logging_mixin.py:190} INFO - [2025-01-28T12:18:10.544+0530] {dag.py:3239} INFO - Sync 1 DAGs
[2025-01-28T12:18:10.551+0530] {logging_mixin.py:190} INFO - [2025-01-28T12:18:10.550+0530] {dag.py:4180} INFO - Setting next_dagrun for example_dag_decorator to None, run_after=None
[2025-01-28T12:18:10.565+0530] {processor.py:208} INFO - Processing /home/verma-tv/.local/lib/python3.11/site-packages/airflow/example_dags/example_dag_decorator.py took 0.146 seconds
[2025-01-28T12:19:01.003+0530] {processor.py:186} INFO - Started process (PID=30729) to work on /home/verma-tv/.local/lib/python3.11/site-packages/airflow/example_dags/example_dag_decorator.py
[2025-01-28T12:19:01.004+0530] {processor.py:914} INFO - Processing file /home/verma-tv/.local/lib/python3.11/site-packages/airflow/example_dags/example_dag_decorator.py for tasks to queue
[2025-01-28T12:19:01.005+0530] {logging_mixin.py:190} INFO - [2025-01-28T12:19:01.005+0530] {dagbag.py:588} INFO - Filling up the DagBag from /home/verma-tv/.local/lib/python3.11/site-packages/airflow/example_dags/example_dag_decorator.py
[2025-01-28T12:19:01.019+0530] {processor.py:925} INFO - DAG(s) 'example_dag_decorator' retrieved from /home/verma-tv/.local/lib/python3.11/site-packages/airflow/example_dags/example_dag_decorator.py
[2025-01-28T12:19:01.108+0530] {logging_mixin.py:190} INFO - [2025-01-28T12:19:01.108+0530] {dag.py:3239} INFO - Sync 1 DAGs
[2025-01-28T12:19:01.116+0530] {logging_mixin.py:190} INFO - [2025-01-28T12:19:01.116+0530] {dag.py:4180} INFO - Setting next_dagrun for example_dag_decorator to None, run_after=None
[2025-01-28T12:19:01.141+0530] {processor.py:208} INFO - Processing /home/verma-tv/.local/lib/python3.11/site-packages/airflow/example_dags/example_dag_decorator.py took 0.144 seconds
[2025-01-28T12:19:51.552+0530] {processor.py:186} INFO - Started process (PID=30861) to work on /home/verma-tv/.local/lib/python3.11/site-packages/airflow/example_dags/example_dag_decorator.py
[2025-01-28T12:19:51.564+0530] {processor.py:914} INFO - Processing file /home/verma-tv/.local/lib/python3.11/site-packages/airflow/example_dags/example_dag_decorator.py for tasks to queue
[2025-01-28T12:19:51.566+0530] {logging_mixin.py:190} INFO - [2025-01-28T12:19:51.566+0530] {dagbag.py:588} INFO - Filling up the DagBag from /home/verma-tv/.local/lib/python3.11/site-packages/airflow/example_dags/example_dag_decorator.py
[2025-01-28T12:19:51.580+0530] {processor.py:925} INFO - DAG(s) 'example_dag_decorator' retrieved from /home/verma-tv/.local/lib/python3.11/site-packages/airflow/example_dags/example_dag_decorator.py
[2025-01-28T12:19:51.667+0530] {logging_mixin.py:190} INFO - [2025-01-28T12:19:51.667+0530] {dag.py:3239} INFO - Sync 1 DAGs
[2025-01-28T12:19:51.674+0530] {logging_mixin.py:190} INFO - [2025-01-28T12:19:51.674+0530] {dag.py:4180} INFO - Setting next_dagrun for example_dag_decorator to None, run_after=None
[2025-01-28T12:19:51.689+0530] {processor.py:208} INFO - Processing /home/verma-tv/.local/lib/python3.11/site-packages/airflow/example_dags/example_dag_decorator.py took 0.142 seconds
[2025-01-28T12:20:44.636+0530] {processor.py:186} INFO - Started process (PID=31030) to work on /home/verma-tv/.local/lib/python3.11/site-packages/airflow/example_dags/example_dag_decorator.py
[2025-01-28T12:20:44.650+0530] {processor.py:914} INFO - Processing file /home/verma-tv/.local/lib/python3.11/site-packages/airflow/example_dags/example_dag_decorator.py for tasks to queue
[2025-01-28T12:20:44.652+0530] {logging_mixin.py:190} INFO - [2025-01-28T12:20:44.651+0530] {dagbag.py:588} INFO - Filling up the DagBag from /home/verma-tv/.local/lib/python3.11/site-packages/airflow/example_dags/example_dag_decorator.py
[2025-01-28T12:20:44.665+0530] {processor.py:925} INFO - DAG(s) 'example_dag_decorator' retrieved from /home/verma-tv/.local/lib/python3.11/site-packages/airflow/example_dags/example_dag_decorator.py
[2025-01-28T12:20:44.754+0530] {logging_mixin.py:190} INFO - [2025-01-28T12:20:44.754+0530] {dag.py:3239} INFO - Sync 1 DAGs
[2025-01-28T12:20:44.762+0530] {logging_mixin.py:190} INFO - [2025-01-28T12:20:44.762+0530] {dag.py:4180} INFO - Setting next_dagrun for example_dag_decorator to None, run_after=None
[2025-01-28T12:20:44.778+0530] {processor.py:208} INFO - Processing /home/verma-tv/.local/lib/python3.11/site-packages/airflow/example_dags/example_dag_decorator.py took 0.146 seconds
[2025-01-28T12:21:36.637+0530] {processor.py:186} INFO - Started process (PID=31248) to work on /home/verma-tv/.local/lib/python3.11/site-packages/airflow/example_dags/example_dag_decorator.py
[2025-01-28T12:21:36.650+0530] {processor.py:914} INFO - Processing file /home/verma-tv/.local/lib/python3.11/site-packages/airflow/example_dags/example_dag_decorator.py for tasks to queue
[2025-01-28T12:21:36.652+0530] {logging_mixin.py:190} INFO - [2025-01-28T12:21:36.652+0530] {dagbag.py:588} INFO - Filling up the DagBag from /home/verma-tv/.local/lib/python3.11/site-packages/airflow/example_dags/example_dag_decorator.py
[2025-01-28T12:21:36.665+0530] {processor.py:925} INFO - DAG(s) 'example_dag_decorator' retrieved from /home/verma-tv/.local/lib/python3.11/site-packages/airflow/example_dags/example_dag_decorator.py
[2025-01-28T12:21:36.753+0530] {logging_mixin.py:190} INFO - [2025-01-28T12:21:36.753+0530] {dag.py:3239} INFO - Sync 1 DAGs
[2025-01-28T12:21:36.760+0530] {logging_mixin.py:190} INFO - [2025-01-28T12:21:36.760+0530] {dag.py:4180} INFO - Setting next_dagrun for example_dag_decorator to None, run_after=None
[2025-01-28T12:21:36.780+0530] {processor.py:208} INFO - Processing /home/verma-tv/.local/lib/python3.11/site-packages/airflow/example_dags/example_dag_decorator.py took 0.147 seconds
[2025-01-28T12:22:51.449+0530] {processor.py:186} INFO - Started process (PID=31466) to work on /home/verma-tv/.local/lib/python3.11/site-packages/airflow/example_dags/example_dag_decorator.py
[2025-01-28T12:22:51.450+0530] {processor.py:914} INFO - Processing file /home/verma-tv/.local/lib/python3.11/site-packages/airflow/example_dags/example_dag_decorator.py for tasks to queue
[2025-01-28T12:22:51.453+0530] {logging_mixin.py:190} INFO - [2025-01-28T12:22:51.452+0530] {dagbag.py:588} INFO - Filling up the DagBag from /home/verma-tv/.local/lib/python3.11/site-packages/airflow/example_dags/example_dag_decorator.py
[2025-01-28T12:22:51.468+0530] {processor.py:925} INFO - DAG(s) 'example_dag_decorator' retrieved from /home/verma-tv/.local/lib/python3.11/site-packages/airflow/example_dags/example_dag_decorator.py
[2025-01-28T12:22:51.566+0530] {logging_mixin.py:190} INFO - [2025-01-28T12:22:51.566+0530] {dag.py:3239} INFO - Sync 1 DAGs
[2025-01-28T12:22:51.574+0530] {logging_mixin.py:190} INFO - [2025-01-28T12:22:51.573+0530] {dag.py:4180} INFO - Setting next_dagrun for example_dag_decorator to None, run_after=None
[2025-01-28T12:22:51.600+0530] {processor.py:208} INFO - Processing /home/verma-tv/.local/lib/python3.11/site-packages/airflow/example_dags/example_dag_decorator.py took 0.155 seconds
[2025-01-28T12:24:03.549+0530] {processor.py:186} INFO - Started process (PID=31727) to work on /home/verma-tv/.local/lib/python3.11/site-packages/airflow/example_dags/example_dag_decorator.py
[2025-01-28T12:24:03.561+0530] {processor.py:914} INFO - Processing file /home/verma-tv/.local/lib/python3.11/site-packages/airflow/example_dags/example_dag_decorator.py for tasks to queue
[2025-01-28T12:24:03.564+0530] {logging_mixin.py:190} INFO - [2025-01-28T12:24:03.564+0530] {dagbag.py:588} INFO - Filling up the DagBag from /home/verma-tv/.local/lib/python3.11/site-packages/airflow/example_dags/example_dag_decorator.py
[2025-01-28T12:24:03.578+0530] {processor.py:925} INFO - DAG(s) 'example_dag_decorator' retrieved from /home/verma-tv/.local/lib/python3.11/site-packages/airflow/example_dags/example_dag_decorator.py
[2025-01-28T12:24:03.674+0530] {logging_mixin.py:190} INFO - [2025-01-28T12:24:03.674+0530] {dag.py:3239} INFO - Sync 1 DAGs
[2025-01-28T12:24:03.681+0530] {logging_mixin.py:190} INFO - [2025-01-28T12:24:03.681+0530] {dag.py:4180} INFO - Setting next_dagrun for example_dag_decorator to None, run_after=None
[2025-01-28T12:24:03.694+0530] {processor.py:208} INFO - Processing /home/verma-tv/.local/lib/python3.11/site-packages/airflow/example_dags/example_dag_decorator.py took 0.151 seconds
[2025-01-28T12:25:17.284+0530] {processor.py:186} INFO - Started process (PID=32215) to work on /home/verma-tv/.local/lib/python3.11/site-packages/airflow/example_dags/example_dag_decorator.py
[2025-01-28T12:25:17.286+0530] {processor.py:914} INFO - Processing file /home/verma-tv/.local/lib/python3.11/site-packages/airflow/example_dags/example_dag_decorator.py for tasks to queue
[2025-01-28T12:25:17.291+0530] {logging_mixin.py:190} INFO - [2025-01-28T12:25:17.289+0530] {dagbag.py:588} INFO - Filling up the DagBag from /home/verma-tv/.local/lib/python3.11/site-packages/airflow/example_dags/example_dag_decorator.py
[2025-01-28T12:25:17.312+0530] {processor.py:925} INFO - DAG(s) 'example_dag_decorator' retrieved from /home/verma-tv/.local/lib/python3.11/site-packages/airflow/example_dags/example_dag_decorator.py
[2025-01-28T12:25:17.431+0530] {logging_mixin.py:190} INFO - [2025-01-28T12:25:17.431+0530] {dag.py:3239} INFO - Sync 1 DAGs
[2025-01-28T12:25:17.439+0530] {logging_mixin.py:190} INFO - [2025-01-28T12:25:17.438+0530] {dag.py:4180} INFO - Setting next_dagrun for example_dag_decorator to None, run_after=None
[2025-01-28T12:25:17.467+0530] {processor.py:208} INFO - Processing /home/verma-tv/.local/lib/python3.11/site-packages/airflow/example_dags/example_dag_decorator.py took 0.189 seconds
[2025-01-28T12:26:09.774+0530] {processor.py:186} INFO - Started process (PID=32442) to work on /home/verma-tv/.local/lib/python3.11/site-packages/airflow/example_dags/example_dag_decorator.py
[2025-01-28T12:26:09.786+0530] {processor.py:914} INFO - Processing file /home/verma-tv/.local/lib/python3.11/site-packages/airflow/example_dags/example_dag_decorator.py for tasks to queue
[2025-01-28T12:26:09.789+0530] {logging_mixin.py:190} INFO - [2025-01-28T12:26:09.788+0530] {dagbag.py:588} INFO - Filling up the DagBag from /home/verma-tv/.local/lib/python3.11/site-packages/airflow/example_dags/example_dag_decorator.py
[2025-01-28T12:26:09.804+0530] {processor.py:925} INFO - DAG(s) 'example_dag_decorator' retrieved from /home/verma-tv/.local/lib/python3.11/site-packages/airflow/example_dags/example_dag_decorator.py
[2025-01-28T12:26:09.910+0530] {logging_mixin.py:190} INFO - [2025-01-28T12:26:09.910+0530] {dag.py:3239} INFO - Sync 1 DAGs
[2025-01-28T12:26:09.919+0530] {logging_mixin.py:190} INFO - [2025-01-28T12:26:09.919+0530] {dag.py:4180} INFO - Setting next_dagrun for example_dag_decorator to None, run_after=None
[2025-01-28T12:26:09.949+0530] {processor.py:208} INFO - Processing /home/verma-tv/.local/lib/python3.11/site-packages/airflow/example_dags/example_dag_decorator.py took 0.180 seconds
[2025-01-28T12:27:01.100+0530] {processor.py:186} INFO - Started process (PID=32603) to work on /home/verma-tv/.local/lib/python3.11/site-packages/airflow/example_dags/example_dag_decorator.py
[2025-01-28T12:27:01.112+0530] {processor.py:914} INFO - Processing file /home/verma-tv/.local/lib/python3.11/site-packages/airflow/example_dags/example_dag_decorator.py for tasks to queue
[2025-01-28T12:27:01.114+0530] {logging_mixin.py:190} INFO - [2025-01-28T12:27:01.114+0530] {dagbag.py:588} INFO - Filling up the DagBag from /home/verma-tv/.local/lib/python3.11/site-packages/airflow/example_dags/example_dag_decorator.py
[2025-01-28T12:27:01.129+0530] {processor.py:925} INFO - DAG(s) 'example_dag_decorator' retrieved from /home/verma-tv/.local/lib/python3.11/site-packages/airflow/example_dags/example_dag_decorator.py
[2025-01-28T12:27:01.222+0530] {logging_mixin.py:190} INFO - [2025-01-28T12:27:01.222+0530] {dag.py:3239} INFO - Sync 1 DAGs
[2025-01-28T12:27:01.230+0530] {logging_mixin.py:190} INFO - [2025-01-28T12:27:01.230+0530] {dag.py:4180} INFO - Setting next_dagrun for example_dag_decorator to None, run_after=None
[2025-01-28T12:27:01.255+0530] {processor.py:208} INFO - Processing /home/verma-tv/.local/lib/python3.11/site-packages/airflow/example_dags/example_dag_decorator.py took 0.160 seconds
[2025-01-28T12:27:54.137+0530] {processor.py:186} INFO - Started process (PID=32769) to work on /home/verma-tv/.local/lib/python3.11/site-packages/airflow/example_dags/example_dag_decorator.py
[2025-01-28T12:27:54.150+0530] {processor.py:914} INFO - Processing file /home/verma-tv/.local/lib/python3.11/site-packages/airflow/example_dags/example_dag_decorator.py for tasks to queue
[2025-01-28T12:27:54.152+0530] {logging_mixin.py:190} INFO - [2025-01-28T12:27:54.151+0530] {dagbag.py:588} INFO - Filling up the DagBag from /home/verma-tv/.local/lib/python3.11/site-packages/airflow/example_dags/example_dag_decorator.py
[2025-01-28T12:27:54.168+0530] {processor.py:925} INFO - DAG(s) 'example_dag_decorator' retrieved from /home/verma-tv/.local/lib/python3.11/site-packages/airflow/example_dags/example_dag_decorator.py
[2025-01-28T12:27:54.273+0530] {logging_mixin.py:190} INFO - [2025-01-28T12:27:54.272+0530] {dag.py:3239} INFO - Sync 1 DAGs
[2025-01-28T12:27:54.280+0530] {logging_mixin.py:190} INFO - [2025-01-28T12:27:54.280+0530] {dag.py:4180} INFO - Setting next_dagrun for example_dag_decorator to None, run_after=None
[2025-01-28T12:27:54.308+0530] {processor.py:208} INFO - Processing /home/verma-tv/.local/lib/python3.11/site-packages/airflow/example_dags/example_dag_decorator.py took 0.177 seconds
[2025-01-28T12:28:48.052+0530] {processor.py:186} INFO - Started process (PID=32886) to work on /home/verma-tv/.local/lib/python3.11/site-packages/airflow/example_dags/example_dag_decorator.py
[2025-01-28T12:28:48.065+0530] {processor.py:914} INFO - Processing file /home/verma-tv/.local/lib/python3.11/site-packages/airflow/example_dags/example_dag_decorator.py for tasks to queue
[2025-01-28T12:28:48.067+0530] {logging_mixin.py:190} INFO - [2025-01-28T12:28:48.066+0530] {dagbag.py:588} INFO - Filling up the DagBag from /home/verma-tv/.local/lib/python3.11/site-packages/airflow/example_dags/example_dag_decorator.py
[2025-01-28T12:28:48.083+0530] {processor.py:925} INFO - DAG(s) 'example_dag_decorator' retrieved from /home/verma-tv/.local/lib/python3.11/site-packages/airflow/example_dags/example_dag_decorator.py
[2025-01-28T12:28:48.187+0530] {logging_mixin.py:190} INFO - [2025-01-28T12:28:48.187+0530] {dag.py:3239} INFO - Sync 1 DAGs
[2025-01-28T12:28:48.195+0530] {logging_mixin.py:190} INFO - [2025-01-28T12:28:48.194+0530] {dag.py:4180} INFO - Setting next_dagrun for example_dag_decorator to None, run_after=None
[2025-01-28T12:28:48.226+0530] {processor.py:208} INFO - Processing /home/verma-tv/.local/lib/python3.11/site-packages/airflow/example_dags/example_dag_decorator.py took 0.181 seconds
[2025-01-28T12:29:38.230+0530] {processor.py:186} INFO - Started process (PID=33084) to work on /home/verma-tv/.local/lib/python3.11/site-packages/airflow/example_dags/example_dag_decorator.py
[2025-01-28T12:29:38.243+0530] {processor.py:914} INFO - Processing file /home/verma-tv/.local/lib/python3.11/site-packages/airflow/example_dags/example_dag_decorator.py for tasks to queue
[2025-01-28T12:29:38.246+0530] {logging_mixin.py:190} INFO - [2025-01-28T12:29:38.246+0530] {dagbag.py:588} INFO - Filling up the DagBag from /home/verma-tv/.local/lib/python3.11/site-packages/airflow/example_dags/example_dag_decorator.py
[2025-01-28T12:29:38.263+0530] {processor.py:925} INFO - DAG(s) 'example_dag_decorator' retrieved from /home/verma-tv/.local/lib/python3.11/site-packages/airflow/example_dags/example_dag_decorator.py
[2025-01-28T12:29:38.368+0530] {logging_mixin.py:190} INFO - [2025-01-28T12:29:38.367+0530] {dag.py:3239} INFO - Sync 1 DAGs
[2025-01-28T12:29:38.374+0530] {logging_mixin.py:190} INFO - [2025-01-28T12:29:38.374+0530] {dag.py:4180} INFO - Setting next_dagrun for example_dag_decorator to None, run_after=None
[2025-01-28T12:29:38.405+0530] {processor.py:208} INFO - Processing /home/verma-tv/.local/lib/python3.11/site-packages/airflow/example_dags/example_dag_decorator.py took 0.182 seconds
[2025-01-28T12:30:31.813+0530] {processor.py:186} INFO - Started process (PID=33254) to work on /home/verma-tv/.local/lib/python3.11/site-packages/airflow/example_dags/example_dag_decorator.py
[2025-01-28T12:30:31.825+0530] {processor.py:914} INFO - Processing file /home/verma-tv/.local/lib/python3.11/site-packages/airflow/example_dags/example_dag_decorator.py for tasks to queue
[2025-01-28T12:30:31.827+0530] {logging_mixin.py:190} INFO - [2025-01-28T12:30:31.827+0530] {dagbag.py:588} INFO - Filling up the DagBag from /home/verma-tv/.local/lib/python3.11/site-packages/airflow/example_dags/example_dag_decorator.py
[2025-01-28T12:30:31.842+0530] {processor.py:925} INFO - DAG(s) 'example_dag_decorator' retrieved from /home/verma-tv/.local/lib/python3.11/site-packages/airflow/example_dags/example_dag_decorator.py
[2025-01-28T12:30:31.945+0530] {logging_mixin.py:190} INFO - [2025-01-28T12:30:31.945+0530] {dag.py:3239} INFO - Sync 1 DAGs
[2025-01-28T12:30:31.953+0530] {logging_mixin.py:190} INFO - [2025-01-28T12:30:31.953+0530] {dag.py:4180} INFO - Setting next_dagrun for example_dag_decorator to None, run_after=None
[2025-01-28T12:30:31.981+0530] {processor.py:208} INFO - Processing /home/verma-tv/.local/lib/python3.11/site-packages/airflow/example_dags/example_dag_decorator.py took 0.174 seconds
[2025-01-28T12:31:23.626+0530] {processor.py:186} INFO - Started process (PID=33473) to work on /home/verma-tv/.local/lib/python3.11/site-packages/airflow/example_dags/example_dag_decorator.py
[2025-01-28T12:31:23.638+0530] {processor.py:914} INFO - Processing file /home/verma-tv/.local/lib/python3.11/site-packages/airflow/example_dags/example_dag_decorator.py for tasks to queue
[2025-01-28T12:31:23.640+0530] {logging_mixin.py:190} INFO - [2025-01-28T12:31:23.640+0530] {dagbag.py:588} INFO - Filling up the DagBag from /home/verma-tv/.local/lib/python3.11/site-packages/airflow/example_dags/example_dag_decorator.py
[2025-01-28T12:31:23.658+0530] {processor.py:925} INFO - DAG(s) 'example_dag_decorator' retrieved from /home/verma-tv/.local/lib/python3.11/site-packages/airflow/example_dags/example_dag_decorator.py
[2025-01-28T12:31:23.765+0530] {logging_mixin.py:190} INFO - [2025-01-28T12:31:23.765+0530] {dag.py:3239} INFO - Sync 1 DAGs
[2025-01-28T12:31:23.778+0530] {logging_mixin.py:190} INFO - [2025-01-28T12:31:23.778+0530] {dag.py:4180} INFO - Setting next_dagrun for example_dag_decorator to None, run_after=None
[2025-01-28T12:31:23.794+0530] {processor.py:208} INFO - Processing /home/verma-tv/.local/lib/python3.11/site-packages/airflow/example_dags/example_dag_decorator.py took 0.173 seconds
[2025-01-28T12:32:14.801+0530] {processor.py:186} INFO - Started process (PID=33644) to work on /home/verma-tv/.local/lib/python3.11/site-packages/airflow/example_dags/example_dag_decorator.py
[2025-01-28T12:32:14.813+0530] {processor.py:914} INFO - Processing file /home/verma-tv/.local/lib/python3.11/site-packages/airflow/example_dags/example_dag_decorator.py for tasks to queue
[2025-01-28T12:32:14.815+0530] {logging_mixin.py:190} INFO - [2025-01-28T12:32:14.815+0530] {dagbag.py:588} INFO - Filling up the DagBag from /home/verma-tv/.local/lib/python3.11/site-packages/airflow/example_dags/example_dag_decorator.py
[2025-01-28T12:32:14.829+0530] {processor.py:925} INFO - DAG(s) 'example_dag_decorator' retrieved from /home/verma-tv/.local/lib/python3.11/site-packages/airflow/example_dags/example_dag_decorator.py
[2025-01-28T12:32:14.922+0530] {logging_mixin.py:190} INFO - [2025-01-28T12:32:14.922+0530] {dag.py:3239} INFO - Sync 1 DAGs
[2025-01-28T12:32:14.932+0530] {logging_mixin.py:190} INFO - [2025-01-28T12:32:14.931+0530] {dag.py:4180} INFO - Setting next_dagrun for example_dag_decorator to None, run_after=None
[2025-01-28T12:32:14.966+0530] {processor.py:208} INFO - Processing /home/verma-tv/.local/lib/python3.11/site-packages/airflow/example_dags/example_dag_decorator.py took 0.171 seconds
[2025-01-28T12:33:08.536+0530] {processor.py:186} INFO - Started process (PID=33831) to work on /home/verma-tv/.local/lib/python3.11/site-packages/airflow/example_dags/example_dag_decorator.py
[2025-01-28T12:33:08.548+0530] {processor.py:914} INFO - Processing file /home/verma-tv/.local/lib/python3.11/site-packages/airflow/example_dags/example_dag_decorator.py for tasks to queue
[2025-01-28T12:33:08.550+0530] {logging_mixin.py:190} INFO - [2025-01-28T12:33:08.550+0530] {dagbag.py:588} INFO - Filling up the DagBag from /home/verma-tv/.local/lib/python3.11/site-packages/airflow/example_dags/example_dag_decorator.py
[2025-01-28T12:33:08.567+0530] {processor.py:925} INFO - DAG(s) 'example_dag_decorator' retrieved from /home/verma-tv/.local/lib/python3.11/site-packages/airflow/example_dags/example_dag_decorator.py
[2025-01-28T12:33:08.680+0530] {logging_mixin.py:190} INFO - [2025-01-28T12:33:08.680+0530] {dag.py:3239} INFO - Sync 1 DAGs
[2025-01-28T12:33:08.688+0530] {logging_mixin.py:190} INFO - [2025-01-28T12:33:08.688+0530] {dag.py:4180} INFO - Setting next_dagrun for example_dag_decorator to None, run_after=None
[2025-01-28T12:33:08.714+0530] {processor.py:208} INFO - Processing /home/verma-tv/.local/lib/python3.11/site-packages/airflow/example_dags/example_dag_decorator.py took 0.183 seconds
[2025-01-28T12:34:02.931+0530] {processor.py:186} INFO - Started process (PID=34041) to work on /home/verma-tv/.local/lib/python3.11/site-packages/airflow/example_dags/example_dag_decorator.py
[2025-01-28T12:34:02.944+0530] {processor.py:914} INFO - Processing file /home/verma-tv/.local/lib/python3.11/site-packages/airflow/example_dags/example_dag_decorator.py for tasks to queue
[2025-01-28T12:34:02.946+0530] {logging_mixin.py:190} INFO - [2025-01-28T12:34:02.945+0530] {dagbag.py:588} INFO - Filling up the DagBag from /home/verma-tv/.local/lib/python3.11/site-packages/airflow/example_dags/example_dag_decorator.py
[2025-01-28T12:34:02.962+0530] {processor.py:925} INFO - DAG(s) 'example_dag_decorator' retrieved from /home/verma-tv/.local/lib/python3.11/site-packages/airflow/example_dags/example_dag_decorator.py
[2025-01-28T12:34:03.071+0530] {logging_mixin.py:190} INFO - [2025-01-28T12:34:03.071+0530] {dag.py:3239} INFO - Sync 1 DAGs
[2025-01-28T12:34:03.081+0530] {logging_mixin.py:190} INFO - [2025-01-28T12:34:03.081+0530] {dag.py:4180} INFO - Setting next_dagrun for example_dag_decorator to None, run_after=None
[2025-01-28T12:34:03.112+0530] {processor.py:208} INFO - Processing /home/verma-tv/.local/lib/python3.11/site-packages/airflow/example_dags/example_dag_decorator.py took 0.186 seconds
[2025-01-28T12:34:59.682+0530] {processor.py:186} INFO - Started process (PID=34246) to work on /home/verma-tv/.local/lib/python3.11/site-packages/airflow/example_dags/example_dag_decorator.py
[2025-01-28T12:34:59.694+0530] {processor.py:914} INFO - Processing file /home/verma-tv/.local/lib/python3.11/site-packages/airflow/example_dags/example_dag_decorator.py for tasks to queue
[2025-01-28T12:34:59.696+0530] {logging_mixin.py:190} INFO - [2025-01-28T12:34:59.696+0530] {dagbag.py:588} INFO - Filling up the DagBag from /home/verma-tv/.local/lib/python3.11/site-packages/airflow/example_dags/example_dag_decorator.py
[2025-01-28T12:34:59.715+0530] {processor.py:925} INFO - DAG(s) 'example_dag_decorator' retrieved from /home/verma-tv/.local/lib/python3.11/site-packages/airflow/example_dags/example_dag_decorator.py
[2025-01-28T12:34:59.817+0530] {logging_mixin.py:190} INFO - [2025-01-28T12:34:59.817+0530] {dag.py:3239} INFO - Sync 1 DAGs
[2025-01-28T12:34:59.826+0530] {logging_mixin.py:190} INFO - [2025-01-28T12:34:59.826+0530] {dag.py:4180} INFO - Setting next_dagrun for example_dag_decorator to None, run_after=None
[2025-01-28T12:34:59.851+0530] {processor.py:208} INFO - Processing /home/verma-tv/.local/lib/python3.11/site-packages/airflow/example_dags/example_dag_decorator.py took 0.174 seconds
[2025-01-28T12:35:51.763+0530] {processor.py:186} INFO - Started process (PID=34359) to work on /home/verma-tv/.local/lib/python3.11/site-packages/airflow/example_dags/example_dag_decorator.py
[2025-01-28T12:35:51.766+0530] {processor.py:914} INFO - Processing file /home/verma-tv/.local/lib/python3.11/site-packages/airflow/example_dags/example_dag_decorator.py for tasks to queue
[2025-01-28T12:35:51.769+0530] {logging_mixin.py:190} INFO - [2025-01-28T12:35:51.768+0530] {dagbag.py:588} INFO - Filling up the DagBag from /home/verma-tv/.local/lib/python3.11/site-packages/airflow/example_dags/example_dag_decorator.py
[2025-01-28T12:35:51.783+0530] {processor.py:925} INFO - DAG(s) 'example_dag_decorator' retrieved from /home/verma-tv/.local/lib/python3.11/site-packages/airflow/example_dags/example_dag_decorator.py
[2025-01-28T12:35:51.889+0530] {logging_mixin.py:190} INFO - [2025-01-28T12:35:51.888+0530] {dag.py:3239} INFO - Sync 1 DAGs
[2025-01-28T12:35:51.895+0530] {logging_mixin.py:190} INFO - [2025-01-28T12:35:51.895+0530] {dag.py:4180} INFO - Setting next_dagrun for example_dag_decorator to None, run_after=None
[2025-01-28T12:35:51.923+0530] {processor.py:208} INFO - Processing /home/verma-tv/.local/lib/python3.11/site-packages/airflow/example_dags/example_dag_decorator.py took 0.164 seconds
[2025-01-28T12:36:43.709+0530] {processor.py:186} INFO - Started process (PID=34588) to work on /home/verma-tv/.local/lib/python3.11/site-packages/airflow/example_dags/example_dag_decorator.py
[2025-01-28T12:36:43.710+0530] {processor.py:914} INFO - Processing file /home/verma-tv/.local/lib/python3.11/site-packages/airflow/example_dags/example_dag_decorator.py for tasks to queue
[2025-01-28T12:36:43.712+0530] {logging_mixin.py:190} INFO - [2025-01-28T12:36:43.712+0530] {dagbag.py:588} INFO - Filling up the DagBag from /home/verma-tv/.local/lib/python3.11/site-packages/airflow/example_dags/example_dag_decorator.py
[2025-01-28T12:36:43.730+0530] {processor.py:925} INFO - DAG(s) 'example_dag_decorator' retrieved from /home/verma-tv/.local/lib/python3.11/site-packages/airflow/example_dags/example_dag_decorator.py
[2025-01-28T12:36:43.842+0530] {logging_mixin.py:190} INFO - [2025-01-28T12:36:43.841+0530] {dag.py:3239} INFO - Sync 1 DAGs
[2025-01-28T12:36:43.849+0530] {logging_mixin.py:190} INFO - [2025-01-28T12:36:43.849+0530] {dag.py:4180} INFO - Setting next_dagrun for example_dag_decorator to None, run_after=None
[2025-01-28T12:36:43.865+0530] {processor.py:208} INFO - Processing /home/verma-tv/.local/lib/python3.11/site-packages/airflow/example_dags/example_dag_decorator.py took 0.162 seconds
[2025-01-28T12:37:36.630+0530] {processor.py:186} INFO - Started process (PID=34756) to work on /home/verma-tv/.local/lib/python3.11/site-packages/airflow/example_dags/example_dag_decorator.py
[2025-01-28T12:37:36.642+0530] {processor.py:914} INFO - Processing file /home/verma-tv/.local/lib/python3.11/site-packages/airflow/example_dags/example_dag_decorator.py for tasks to queue
[2025-01-28T12:37:36.644+0530] {logging_mixin.py:190} INFO - [2025-01-28T12:37:36.644+0530] {dagbag.py:588} INFO - Filling up the DagBag from /home/verma-tv/.local/lib/python3.11/site-packages/airflow/example_dags/example_dag_decorator.py
[2025-01-28T12:37:36.660+0530] {processor.py:925} INFO - DAG(s) 'example_dag_decorator' retrieved from /home/verma-tv/.local/lib/python3.11/site-packages/airflow/example_dags/example_dag_decorator.py
[2025-01-28T12:37:36.771+0530] {logging_mixin.py:190} INFO - [2025-01-28T12:37:36.770+0530] {dag.py:3239} INFO - Sync 1 DAGs
[2025-01-28T12:37:36.779+0530] {logging_mixin.py:190} INFO - [2025-01-28T12:37:36.778+0530] {dag.py:4180} INFO - Setting next_dagrun for example_dag_decorator to None, run_after=None
[2025-01-28T12:37:36.806+0530] {processor.py:208} INFO - Processing /home/verma-tv/.local/lib/python3.11/site-packages/airflow/example_dags/example_dag_decorator.py took 0.182 seconds
[2025-01-28T12:38:51.217+0530] {processor.py:186} INFO - Started process (PID=34974) to work on /home/verma-tv/.local/lib/python3.11/site-packages/airflow/example_dags/example_dag_decorator.py
[2025-01-28T12:38:51.218+0530] {processor.py:914} INFO - Processing file /home/verma-tv/.local/lib/python3.11/site-packages/airflow/example_dags/example_dag_decorator.py for tasks to queue
[2025-01-28T12:38:51.223+0530] {logging_mixin.py:190} INFO - [2025-01-28T12:38:51.222+0530] {dagbag.py:588} INFO - Filling up the DagBag from /home/verma-tv/.local/lib/python3.11/site-packages/airflow/example_dags/example_dag_decorator.py
[2025-01-28T12:38:51.242+0530] {processor.py:925} INFO - DAG(s) 'example_dag_decorator' retrieved from /home/verma-tv/.local/lib/python3.11/site-packages/airflow/example_dags/example_dag_decorator.py
[2025-01-28T12:38:51.355+0530] {logging_mixin.py:190} INFO - [2025-01-28T12:38:51.354+0530] {dag.py:3239} INFO - Sync 1 DAGs
[2025-01-28T12:38:51.365+0530] {logging_mixin.py:190} INFO - [2025-01-28T12:38:51.364+0530] {dag.py:4180} INFO - Setting next_dagrun for example_dag_decorator to None, run_after=None
[2025-01-28T12:38:51.391+0530] {processor.py:208} INFO - Processing /home/verma-tv/.local/lib/python3.11/site-packages/airflow/example_dags/example_dag_decorator.py took 0.178 seconds
[2025-01-28T12:39:40.962+0530] {processor.py:186} INFO - Started process (PID=35179) to work on /home/verma-tv/.local/lib/python3.11/site-packages/airflow/example_dags/example_dag_decorator.py
[2025-01-28T12:39:40.964+0530] {processor.py:914} INFO - Processing file /home/verma-tv/.local/lib/python3.11/site-packages/airflow/example_dags/example_dag_decorator.py for tasks to queue
[2025-01-28T12:39:40.966+0530] {logging_mixin.py:190} INFO - [2025-01-28T12:39:40.966+0530] {dagbag.py:588} INFO - Filling up the DagBag from /home/verma-tv/.local/lib/python3.11/site-packages/airflow/example_dags/example_dag_decorator.py
[2025-01-28T12:39:40.982+0530] {processor.py:925} INFO - DAG(s) 'example_dag_decorator' retrieved from /home/verma-tv/.local/lib/python3.11/site-packages/airflow/example_dags/example_dag_decorator.py
[2025-01-28T12:39:41.093+0530] {logging_mixin.py:190} INFO - [2025-01-28T12:39:41.093+0530] {dag.py:3239} INFO - Sync 1 DAGs
[2025-01-28T12:39:41.104+0530] {logging_mixin.py:190} INFO - [2025-01-28T12:39:41.103+0530] {dag.py:4180} INFO - Setting next_dagrun for example_dag_decorator to None, run_after=None
[2025-01-28T12:39:41.118+0530] {processor.py:208} INFO - Processing /home/verma-tv/.local/lib/python3.11/site-packages/airflow/example_dags/example_dag_decorator.py took 0.163 seconds
[2025-01-28T12:40:31.165+0530] {processor.py:186} INFO - Started process (PID=35377) to work on /home/verma-tv/.local/lib/python3.11/site-packages/airflow/example_dags/example_dag_decorator.py
[2025-01-28T12:40:31.178+0530] {processor.py:914} INFO - Processing file /home/verma-tv/.local/lib/python3.11/site-packages/airflow/example_dags/example_dag_decorator.py for tasks to queue
[2025-01-28T12:40:31.180+0530] {logging_mixin.py:190} INFO - [2025-01-28T12:40:31.180+0530] {dagbag.py:588} INFO - Filling up the DagBag from /home/verma-tv/.local/lib/python3.11/site-packages/airflow/example_dags/example_dag_decorator.py
[2025-01-28T12:40:31.195+0530] {processor.py:925} INFO - DAG(s) 'example_dag_decorator' retrieved from /home/verma-tv/.local/lib/python3.11/site-packages/airflow/example_dags/example_dag_decorator.py
[2025-01-28T12:40:31.294+0530] {logging_mixin.py:190} INFO - [2025-01-28T12:40:31.294+0530] {dag.py:3239} INFO - Sync 1 DAGs
[2025-01-28T12:40:31.302+0530] {logging_mixin.py:190} INFO - [2025-01-28T12:40:31.302+0530] {dag.py:4180} INFO - Setting next_dagrun for example_dag_decorator to None, run_after=None
[2025-01-28T12:40:31.317+0530] {processor.py:208} INFO - Processing /home/verma-tv/.local/lib/python3.11/site-packages/airflow/example_dags/example_dag_decorator.py took 0.158 seconds
[2025-01-28T12:41:43.299+0530] {processor.py:186} INFO - Started process (PID=36053) to work on /home/verma-tv/.local/lib/python3.11/site-packages/airflow/example_dags/example_dag_decorator.py
[2025-01-28T12:41:43.300+0530] {processor.py:914} INFO - Processing file /home/verma-tv/.local/lib/python3.11/site-packages/airflow/example_dags/example_dag_decorator.py for tasks to queue
[2025-01-28T12:41:43.302+0530] {logging_mixin.py:190} INFO - [2025-01-28T12:41:43.302+0530] {dagbag.py:588} INFO - Filling up the DagBag from /home/verma-tv/.local/lib/python3.11/site-packages/airflow/example_dags/example_dag_decorator.py
[2025-01-28T12:41:43.316+0530] {processor.py:925} INFO - DAG(s) 'example_dag_decorator' retrieved from /home/verma-tv/.local/lib/python3.11/site-packages/airflow/example_dags/example_dag_decorator.py
[2025-01-28T12:41:43.406+0530] {logging_mixin.py:190} INFO - [2025-01-28T12:41:43.405+0530] {dag.py:3239} INFO - Sync 1 DAGs
[2025-01-28T12:41:43.412+0530] {logging_mixin.py:190} INFO - [2025-01-28T12:41:43.412+0530] {dag.py:4180} INFO - Setting next_dagrun for example_dag_decorator to None, run_after=None
[2025-01-28T12:41:43.431+0530] {processor.py:208} INFO - Processing /home/verma-tv/.local/lib/python3.11/site-packages/airflow/example_dags/example_dag_decorator.py took 0.137 seconds
[2025-01-28T12:42:34.665+0530] {processor.py:186} INFO - Started process (PID=36430) to work on /home/verma-tv/.local/lib/python3.11/site-packages/airflow/example_dags/example_dag_decorator.py
[2025-01-28T12:42:34.678+0530] {processor.py:914} INFO - Processing file /home/verma-tv/.local/lib/python3.11/site-packages/airflow/example_dags/example_dag_decorator.py for tasks to queue
[2025-01-28T12:42:34.680+0530] {logging_mixin.py:190} INFO - [2025-01-28T12:42:34.680+0530] {dagbag.py:588} INFO - Filling up the DagBag from /home/verma-tv/.local/lib/python3.11/site-packages/airflow/example_dags/example_dag_decorator.py
[2025-01-28T12:42:34.694+0530] {processor.py:925} INFO - DAG(s) 'example_dag_decorator' retrieved from /home/verma-tv/.local/lib/python3.11/site-packages/airflow/example_dags/example_dag_decorator.py
[2025-01-28T12:42:34.783+0530] {logging_mixin.py:190} INFO - [2025-01-28T12:42:34.782+0530] {dag.py:3239} INFO - Sync 1 DAGs
[2025-01-28T12:42:34.790+0530] {logging_mixin.py:190} INFO - [2025-01-28T12:42:34.789+0530] {dag.py:4180} INFO - Setting next_dagrun for example_dag_decorator to None, run_after=None
[2025-01-28T12:42:34.820+0530] {processor.py:208} INFO - Processing /home/verma-tv/.local/lib/python3.11/site-packages/airflow/example_dags/example_dag_decorator.py took 0.159 seconds
[2025-01-28T12:43:27.202+0530] {processor.py:186} INFO - Started process (PID=36862) to work on /home/verma-tv/.local/lib/python3.11/site-packages/airflow/example_dags/example_dag_decorator.py
[2025-01-28T12:43:27.214+0530] {processor.py:914} INFO - Processing file /home/verma-tv/.local/lib/python3.11/site-packages/airflow/example_dags/example_dag_decorator.py for tasks to queue
[2025-01-28T12:43:27.217+0530] {logging_mixin.py:190} INFO - [2025-01-28T12:43:27.216+0530] {dagbag.py:588} INFO - Filling up the DagBag from /home/verma-tv/.local/lib/python3.11/site-packages/airflow/example_dags/example_dag_decorator.py
[2025-01-28T12:43:27.231+0530] {processor.py:925} INFO - DAG(s) 'example_dag_decorator' retrieved from /home/verma-tv/.local/lib/python3.11/site-packages/airflow/example_dags/example_dag_decorator.py
[2025-01-28T12:43:27.322+0530] {logging_mixin.py:190} INFO - [2025-01-28T12:43:27.322+0530] {dag.py:3239} INFO - Sync 1 DAGs
[2025-01-28T12:43:27.330+0530] {logging_mixin.py:190} INFO - [2025-01-28T12:43:27.330+0530] {dag.py:4180} INFO - Setting next_dagrun for example_dag_decorator to None, run_after=None
[2025-01-28T12:43:27.355+0530] {processor.py:208} INFO - Processing /home/verma-tv/.local/lib/python3.11/site-packages/airflow/example_dags/example_dag_decorator.py took 0.158 seconds
[2025-01-28T12:44:18.648+0530] {processor.py:186} INFO - Started process (PID=37094) to work on /home/verma-tv/.local/lib/python3.11/site-packages/airflow/example_dags/example_dag_decorator.py
[2025-01-28T12:44:18.660+0530] {processor.py:914} INFO - Processing file /home/verma-tv/.local/lib/python3.11/site-packages/airflow/example_dags/example_dag_decorator.py for tasks to queue
[2025-01-28T12:44:18.663+0530] {logging_mixin.py:190} INFO - [2025-01-28T12:44:18.662+0530] {dagbag.py:588} INFO - Filling up the DagBag from /home/verma-tv/.local/lib/python3.11/site-packages/airflow/example_dags/example_dag_decorator.py
[2025-01-28T12:44:18.676+0530] {processor.py:925} INFO - DAG(s) 'example_dag_decorator' retrieved from /home/verma-tv/.local/lib/python3.11/site-packages/airflow/example_dags/example_dag_decorator.py
[2025-01-28T12:44:18.766+0530] {logging_mixin.py:190} INFO - [2025-01-28T12:44:18.765+0530] {dag.py:3239} INFO - Sync 1 DAGs
[2025-01-28T12:44:18.773+0530] {logging_mixin.py:190} INFO - [2025-01-28T12:44:18.772+0530] {dag.py:4180} INFO - Setting next_dagrun for example_dag_decorator to None, run_after=None
[2025-01-28T12:44:18.803+0530] {processor.py:208} INFO - Processing /home/verma-tv/.local/lib/python3.11/site-packages/airflow/example_dags/example_dag_decorator.py took 0.159 seconds
[2025-01-28T12:45:07.817+0530] {processor.py:186} INFO - Started process (PID=37375) to work on /home/verma-tv/.local/lib/python3.11/site-packages/airflow/example_dags/example_dag_decorator.py
[2025-01-28T12:45:07.824+0530] {processor.py:914} INFO - Processing file /home/verma-tv/.local/lib/python3.11/site-packages/airflow/example_dags/example_dag_decorator.py for tasks to queue
[2025-01-28T12:45:07.826+0530] {logging_mixin.py:190} INFO - [2025-01-28T12:45:07.826+0530] {dagbag.py:588} INFO - Filling up the DagBag from /home/verma-tv/.local/lib/python3.11/site-packages/airflow/example_dags/example_dag_decorator.py
[2025-01-28T12:45:07.841+0530] {processor.py:925} INFO - DAG(s) 'example_dag_decorator' retrieved from /home/verma-tv/.local/lib/python3.11/site-packages/airflow/example_dags/example_dag_decorator.py
[2025-01-28T12:45:07.855+0530] {logging_mixin.py:190} INFO - [2025-01-28T12:45:07.855+0530] {dag.py:3239} INFO - Sync 1 DAGs
[2025-01-28T12:45:07.864+0530] {logging_mixin.py:190} INFO - [2025-01-28T12:45:07.864+0530] {dag.py:4180} INFO - Setting next_dagrun for example_dag_decorator to None, run_after=None
[2025-01-28T12:45:07.879+0530] {processor.py:208} INFO - Processing /home/verma-tv/.local/lib/python3.11/site-packages/airflow/example_dags/example_dag_decorator.py took 0.066 seconds
[2025-01-28T12:46:20.958+0530] {processor.py:186} INFO - Started process (PID=37871) to work on /home/verma-tv/.local/lib/python3.11/site-packages/airflow/example_dags/example_dag_decorator.py
[2025-01-28T12:46:20.960+0530] {processor.py:914} INFO - Processing file /home/verma-tv/.local/lib/python3.11/site-packages/airflow/example_dags/example_dag_decorator.py for tasks to queue
[2025-01-28T12:46:20.962+0530] {logging_mixin.py:190} INFO - [2025-01-28T12:46:20.961+0530] {dagbag.py:588} INFO - Filling up the DagBag from /home/verma-tv/.local/lib/python3.11/site-packages/airflow/example_dags/example_dag_decorator.py
[2025-01-28T12:46:20.979+0530] {processor.py:925} INFO - DAG(s) 'example_dag_decorator' retrieved from /home/verma-tv/.local/lib/python3.11/site-packages/airflow/example_dags/example_dag_decorator.py
[2025-01-28T12:46:21.074+0530] {logging_mixin.py:190} INFO - [2025-01-28T12:46:21.074+0530] {dag.py:3239} INFO - Sync 1 DAGs
[2025-01-28T12:46:21.081+0530] {logging_mixin.py:190} INFO - [2025-01-28T12:46:21.081+0530] {dag.py:4180} INFO - Setting next_dagrun for example_dag_decorator to None, run_after=None
[2025-01-28T12:46:21.106+0530] {processor.py:208} INFO - Processing /home/verma-tv/.local/lib/python3.11/site-packages/airflow/example_dags/example_dag_decorator.py took 0.153 seconds
[2025-01-28T12:47:13.447+0530] {processor.py:186} INFO - Started process (PID=38078) to work on /home/verma-tv/.local/lib/python3.11/site-packages/airflow/example_dags/example_dag_decorator.py
[2025-01-28T12:47:13.448+0530] {processor.py:914} INFO - Processing file /home/verma-tv/.local/lib/python3.11/site-packages/airflow/example_dags/example_dag_decorator.py for tasks to queue
[2025-01-28T12:47:13.450+0530] {logging_mixin.py:190} INFO - [2025-01-28T12:47:13.450+0530] {dagbag.py:588} INFO - Filling up the DagBag from /home/verma-tv/.local/lib/python3.11/site-packages/airflow/example_dags/example_dag_decorator.py
[2025-01-28T12:47:13.465+0530] {processor.py:925} INFO - DAG(s) 'example_dag_decorator' retrieved from /home/verma-tv/.local/lib/python3.11/site-packages/airflow/example_dags/example_dag_decorator.py
[2025-01-28T12:47:13.556+0530] {logging_mixin.py:190} INFO - [2025-01-28T12:47:13.556+0530] {dag.py:3239} INFO - Sync 1 DAGs
[2025-01-28T12:47:13.563+0530] {logging_mixin.py:190} INFO - [2025-01-28T12:47:13.562+0530] {dag.py:4180} INFO - Setting next_dagrun for example_dag_decorator to None, run_after=None
[2025-01-28T12:47:13.576+0530] {processor.py:208} INFO - Processing /home/verma-tv/.local/lib/python3.11/site-packages/airflow/example_dags/example_dag_decorator.py took 0.135 seconds
[2025-01-28T12:48:04.998+0530] {processor.py:186} INFO - Started process (PID=38298) to work on /home/verma-tv/.local/lib/python3.11/site-packages/airflow/example_dags/example_dag_decorator.py
[2025-01-28T12:48:05.014+0530] {processor.py:914} INFO - Processing file /home/verma-tv/.local/lib/python3.11/site-packages/airflow/example_dags/example_dag_decorator.py for tasks to queue
[2025-01-28T12:48:05.016+0530] {logging_mixin.py:190} INFO - [2025-01-28T12:48:05.016+0530] {dagbag.py:588} INFO - Filling up the DagBag from /home/verma-tv/.local/lib/python3.11/site-packages/airflow/example_dags/example_dag_decorator.py
[2025-01-28T12:48:05.030+0530] {processor.py:925} INFO - DAG(s) 'example_dag_decorator' retrieved from /home/verma-tv/.local/lib/python3.11/site-packages/airflow/example_dags/example_dag_decorator.py
[2025-01-28T12:48:05.139+0530] {logging_mixin.py:190} INFO - [2025-01-28T12:48:05.139+0530] {dag.py:3239} INFO - Sync 1 DAGs
[2025-01-28T12:48:05.148+0530] {logging_mixin.py:190} INFO - [2025-01-28T12:48:05.148+0530] {dag.py:4180} INFO - Setting next_dagrun for example_dag_decorator to None, run_after=None
[2025-01-28T12:48:05.166+0530] {processor.py:208} INFO - Processing /home/verma-tv/.local/lib/python3.11/site-packages/airflow/example_dags/example_dag_decorator.py took 0.173 seconds
[2025-01-28T12:48:56.818+0530] {processor.py:186} INFO - Started process (PID=38588) to work on /home/verma-tv/.local/lib/python3.11/site-packages/airflow/example_dags/example_dag_decorator.py
[2025-01-28T12:48:56.819+0530] {processor.py:914} INFO - Processing file /home/verma-tv/.local/lib/python3.11/site-packages/airflow/example_dags/example_dag_decorator.py for tasks to queue
[2025-01-28T12:48:56.820+0530] {logging_mixin.py:190} INFO - [2025-01-28T12:48:56.820+0530] {dagbag.py:588} INFO - Filling up the DagBag from /home/verma-tv/.local/lib/python3.11/site-packages/airflow/example_dags/example_dag_decorator.py
[2025-01-28T12:48:56.834+0530] {processor.py:925} INFO - DAG(s) 'example_dag_decorator' retrieved from /home/verma-tv/.local/lib/python3.11/site-packages/airflow/example_dags/example_dag_decorator.py
[2025-01-28T12:48:56.925+0530] {logging_mixin.py:190} INFO - [2025-01-28T12:48:56.925+0530] {dag.py:3239} INFO - Sync 1 DAGs
[2025-01-28T12:48:56.932+0530] {logging_mixin.py:190} INFO - [2025-01-28T12:48:56.932+0530] {dag.py:4180} INFO - Setting next_dagrun for example_dag_decorator to None, run_after=None
[2025-01-28T12:48:56.947+0530] {processor.py:208} INFO - Processing /home/verma-tv/.local/lib/python3.11/site-packages/airflow/example_dags/example_dag_decorator.py took 0.134 seconds
[2025-01-28T12:49:50.710+0530] {processor.py:186} INFO - Started process (PID=38786) to work on /home/verma-tv/.local/lib/python3.11/site-packages/airflow/example_dags/example_dag_decorator.py
[2025-01-28T12:49:50.722+0530] {processor.py:914} INFO - Processing file /home/verma-tv/.local/lib/python3.11/site-packages/airflow/example_dags/example_dag_decorator.py for tasks to queue
[2025-01-28T12:49:50.724+0530] {logging_mixin.py:190} INFO - [2025-01-28T12:49:50.724+0530] {dagbag.py:588} INFO - Filling up the DagBag from /home/verma-tv/.local/lib/python3.11/site-packages/airflow/example_dags/example_dag_decorator.py
[2025-01-28T12:49:50.737+0530] {processor.py:925} INFO - DAG(s) 'example_dag_decorator' retrieved from /home/verma-tv/.local/lib/python3.11/site-packages/airflow/example_dags/example_dag_decorator.py
[2025-01-28T12:49:50.826+0530] {logging_mixin.py:190} INFO - [2025-01-28T12:49:50.825+0530] {dag.py:3239} INFO - Sync 1 DAGs
[2025-01-28T12:49:50.832+0530] {logging_mixin.py:190} INFO - [2025-01-28T12:49:50.832+0530] {dag.py:4180} INFO - Setting next_dagrun for example_dag_decorator to None, run_after=None
[2025-01-28T12:49:50.852+0530] {processor.py:208} INFO - Processing /home/verma-tv/.local/lib/python3.11/site-packages/airflow/example_dags/example_dag_decorator.py took 0.147 seconds
[2025-01-28T12:50:42.231+0530] {processor.py:186} INFO - Started process (PID=39059) to work on /home/verma-tv/.local/lib/python3.11/site-packages/airflow/example_dags/example_dag_decorator.py
[2025-01-28T12:50:42.231+0530] {processor.py:914} INFO - Processing file /home/verma-tv/.local/lib/python3.11/site-packages/airflow/example_dags/example_dag_decorator.py for tasks to queue
[2025-01-28T12:50:42.233+0530] {logging_mixin.py:190} INFO - [2025-01-28T12:50:42.233+0530] {dagbag.py:588} INFO - Filling up the DagBag from /home/verma-tv/.local/lib/python3.11/site-packages/airflow/example_dags/example_dag_decorator.py
[2025-01-28T12:50:42.247+0530] {processor.py:925} INFO - DAG(s) 'example_dag_decorator' retrieved from /home/verma-tv/.local/lib/python3.11/site-packages/airflow/example_dags/example_dag_decorator.py
[2025-01-28T12:50:42.335+0530] {logging_mixin.py:190} INFO - [2025-01-28T12:50:42.335+0530] {dag.py:3239} INFO - Sync 1 DAGs
[2025-01-28T12:50:42.342+0530] {logging_mixin.py:190} INFO - [2025-01-28T12:50:42.341+0530] {dag.py:4180} INFO - Setting next_dagrun for example_dag_decorator to None, run_after=None
[2025-01-28T12:50:42.362+0530] {processor.py:208} INFO - Processing /home/verma-tv/.local/lib/python3.11/site-packages/airflow/example_dags/example_dag_decorator.py took 0.136 seconds
[2025-01-28T12:51:59.357+0530] {processor.py:186} INFO - Started process (PID=39467) to work on /home/verma-tv/.local/lib/python3.11/site-packages/airflow/example_dags/example_dag_decorator.py
[2025-01-28T12:51:59.358+0530] {processor.py:914} INFO - Processing file /home/verma-tv/.local/lib/python3.11/site-packages/airflow/example_dags/example_dag_decorator.py for tasks to queue
[2025-01-28T12:51:59.363+0530] {logging_mixin.py:190} INFO - [2025-01-28T12:51:59.362+0530] {dagbag.py:588} INFO - Filling up the DagBag from /home/verma-tv/.local/lib/python3.11/site-packages/airflow/example_dags/example_dag_decorator.py
[2025-01-28T12:51:59.382+0530] {processor.py:925} INFO - DAG(s) 'example_dag_decorator' retrieved from /home/verma-tv/.local/lib/python3.11/site-packages/airflow/example_dags/example_dag_decorator.py
[2025-01-28T12:51:59.499+0530] {logging_mixin.py:190} INFO - [2025-01-28T12:51:59.499+0530] {dag.py:3239} INFO - Sync 1 DAGs
[2025-01-28T12:51:59.506+0530] {logging_mixin.py:190} INFO - [2025-01-28T12:51:59.506+0530] {dag.py:4180} INFO - Setting next_dagrun for example_dag_decorator to None, run_after=None
[2025-01-28T12:51:59.539+0530] {processor.py:208} INFO - Processing /home/verma-tv/.local/lib/python3.11/site-packages/airflow/example_dags/example_dag_decorator.py took 0.187 seconds
[2025-01-28T12:52:55.297+0530] {processor.py:186} INFO - Started process (PID=39721) to work on /home/verma-tv/.local/lib/python3.11/site-packages/airflow/example_dags/example_dag_decorator.py
[2025-01-28T12:52:55.309+0530] {processor.py:914} INFO - Processing file /home/verma-tv/.local/lib/python3.11/site-packages/airflow/example_dags/example_dag_decorator.py for tasks to queue
[2025-01-28T12:52:55.311+0530] {logging_mixin.py:190} INFO - [2025-01-28T12:52:55.311+0530] {dagbag.py:588} INFO - Filling up the DagBag from /home/verma-tv/.local/lib/python3.11/site-packages/airflow/example_dags/example_dag_decorator.py
[2025-01-28T12:52:55.325+0530] {processor.py:925} INFO - DAG(s) 'example_dag_decorator' retrieved from /home/verma-tv/.local/lib/python3.11/site-packages/airflow/example_dags/example_dag_decorator.py
[2025-01-28T12:52:55.418+0530] {logging_mixin.py:190} INFO - [2025-01-28T12:52:55.417+0530] {dag.py:3239} INFO - Sync 1 DAGs
[2025-01-28T12:52:55.425+0530] {logging_mixin.py:190} INFO - [2025-01-28T12:52:55.424+0530] {dag.py:4180} INFO - Setting next_dagrun for example_dag_decorator to None, run_after=None
[2025-01-28T12:52:55.452+0530] {processor.py:208} INFO - Processing /home/verma-tv/.local/lib/python3.11/site-packages/airflow/example_dags/example_dag_decorator.py took 0.160 seconds
[2025-01-28T12:53:48.474+0530] {processor.py:186} INFO - Started process (PID=39896) to work on /home/verma-tv/.local/lib/python3.11/site-packages/airflow/example_dags/example_dag_decorator.py
[2025-01-28T12:53:48.475+0530] {processor.py:914} INFO - Processing file /home/verma-tv/.local/lib/python3.11/site-packages/airflow/example_dags/example_dag_decorator.py for tasks to queue
[2025-01-28T12:53:48.477+0530] {logging_mixin.py:190} INFO - [2025-01-28T12:53:48.476+0530] {dagbag.py:588} INFO - Filling up the DagBag from /home/verma-tv/.local/lib/python3.11/site-packages/airflow/example_dags/example_dag_decorator.py
[2025-01-28T12:53:48.490+0530] {processor.py:925} INFO - DAG(s) 'example_dag_decorator' retrieved from /home/verma-tv/.local/lib/python3.11/site-packages/airflow/example_dags/example_dag_decorator.py
[2025-01-28T12:53:48.581+0530] {logging_mixin.py:190} INFO - [2025-01-28T12:53:48.581+0530] {dag.py:3239} INFO - Sync 1 DAGs
[2025-01-28T12:53:48.587+0530] {logging_mixin.py:190} INFO - [2025-01-28T12:53:48.587+0530] {dag.py:4180} INFO - Setting next_dagrun for example_dag_decorator to None, run_after=None
[2025-01-28T12:53:48.612+0530] {processor.py:208} INFO - Processing /home/verma-tv/.local/lib/python3.11/site-packages/airflow/example_dags/example_dag_decorator.py took 0.143 seconds
[2025-01-28T12:55:00.425+0530] {processor.py:186} INFO - Started process (PID=40255) to work on /home/verma-tv/.local/lib/python3.11/site-packages/airflow/example_dags/example_dag_decorator.py
[2025-01-28T12:55:00.438+0530] {processor.py:914} INFO - Processing file /home/verma-tv/.local/lib/python3.11/site-packages/airflow/example_dags/example_dag_decorator.py for tasks to queue
[2025-01-28T12:55:00.440+0530] {logging_mixin.py:190} INFO - [2025-01-28T12:55:00.440+0530] {dagbag.py:588} INFO - Filling up the DagBag from /home/verma-tv/.local/lib/python3.11/site-packages/airflow/example_dags/example_dag_decorator.py
[2025-01-28T12:55:00.456+0530] {processor.py:925} INFO - DAG(s) 'example_dag_decorator' retrieved from /home/verma-tv/.local/lib/python3.11/site-packages/airflow/example_dags/example_dag_decorator.py
[2025-01-28T12:55:00.557+0530] {logging_mixin.py:190} INFO - [2025-01-28T12:55:00.557+0530] {dag.py:3239} INFO - Sync 1 DAGs
[2025-01-28T12:55:00.564+0530] {logging_mixin.py:190} INFO - [2025-01-28T12:55:00.563+0530] {dag.py:4180} INFO - Setting next_dagrun for example_dag_decorator to None, run_after=None
[2025-01-28T12:55:00.592+0530] {processor.py:208} INFO - Processing /home/verma-tv/.local/lib/python3.11/site-packages/airflow/example_dags/example_dag_decorator.py took 0.173 seconds
[2025-01-28T12:55:52.765+0530] {processor.py:186} INFO - Started process (PID=40420) to work on /home/verma-tv/.local/lib/python3.11/site-packages/airflow/example_dags/example_dag_decorator.py
[2025-01-28T12:55:52.777+0530] {processor.py:914} INFO - Processing file /home/verma-tv/.local/lib/python3.11/site-packages/airflow/example_dags/example_dag_decorator.py for tasks to queue
[2025-01-28T12:55:52.779+0530] {logging_mixin.py:190} INFO - [2025-01-28T12:55:52.779+0530] {dagbag.py:588} INFO - Filling up the DagBag from /home/verma-tv/.local/lib/python3.11/site-packages/airflow/example_dags/example_dag_decorator.py
[2025-01-28T12:55:52.799+0530] {processor.py:925} INFO - DAG(s) 'example_dag_decorator' retrieved from /home/verma-tv/.local/lib/python3.11/site-packages/airflow/example_dags/example_dag_decorator.py
[2025-01-28T12:55:52.922+0530] {logging_mixin.py:190} INFO - [2025-01-28T12:55:52.921+0530] {dag.py:3239} INFO - Sync 1 DAGs
[2025-01-28T12:55:52.934+0530] {logging_mixin.py:190} INFO - [2025-01-28T12:55:52.934+0530] {dag.py:4180} INFO - Setting next_dagrun for example_dag_decorator to None, run_after=None
[2025-01-28T12:55:52.950+0530] {processor.py:208} INFO - Processing /home/verma-tv/.local/lib/python3.11/site-packages/airflow/example_dags/example_dag_decorator.py took 0.193 seconds
[2025-01-28T12:57:07.396+0530] {processor.py:186} INFO - Started process (PID=40820) to work on /home/verma-tv/.local/lib/python3.11/site-packages/airflow/example_dags/example_dag_decorator.py
[2025-01-28T12:57:07.408+0530] {processor.py:914} INFO - Processing file /home/verma-tv/.local/lib/python3.11/site-packages/airflow/example_dags/example_dag_decorator.py for tasks to queue
[2025-01-28T12:57:07.410+0530] {logging_mixin.py:190} INFO - [2025-01-28T12:57:07.410+0530] {dagbag.py:588} INFO - Filling up the DagBag from /home/verma-tv/.local/lib/python3.11/site-packages/airflow/example_dags/example_dag_decorator.py
[2025-01-28T12:57:07.424+0530] {processor.py:925} INFO - DAG(s) 'example_dag_decorator' retrieved from /home/verma-tv/.local/lib/python3.11/site-packages/airflow/example_dags/example_dag_decorator.py
[2025-01-28T12:57:07.512+0530] {logging_mixin.py:190} INFO - [2025-01-28T12:57:07.512+0530] {dag.py:3239} INFO - Sync 1 DAGs
[2025-01-28T12:57:07.519+0530] {logging_mixin.py:190} INFO - [2025-01-28T12:57:07.519+0530] {dag.py:4180} INFO - Setting next_dagrun for example_dag_decorator to None, run_after=None
[2025-01-28T12:57:07.537+0530] {processor.py:208} INFO - Processing /home/verma-tv/.local/lib/python3.11/site-packages/airflow/example_dags/example_dag_decorator.py took 0.146 seconds
[2025-01-28T12:57:57.402+0530] {processor.py:186} INFO - Started process (PID=41070) to work on /home/verma-tv/.local/lib/python3.11/site-packages/airflow/example_dags/example_dag_decorator.py
[2025-01-28T12:57:57.403+0530] {processor.py:914} INFO - Processing file /home/verma-tv/.local/lib/python3.11/site-packages/airflow/example_dags/example_dag_decorator.py for tasks to queue
[2025-01-28T12:57:57.405+0530] {logging_mixin.py:190} INFO - [2025-01-28T12:57:57.404+0530] {dagbag.py:588} INFO - Filling up the DagBag from /home/verma-tv/.local/lib/python3.11/site-packages/airflow/example_dags/example_dag_decorator.py
[2025-01-28T12:57:57.419+0530] {processor.py:925} INFO - DAG(s) 'example_dag_decorator' retrieved from /home/verma-tv/.local/lib/python3.11/site-packages/airflow/example_dags/example_dag_decorator.py
[2025-01-28T12:57:57.513+0530] {logging_mixin.py:190} INFO - [2025-01-28T12:57:57.512+0530] {dag.py:3239} INFO - Sync 1 DAGs
[2025-01-28T12:57:57.522+0530] {logging_mixin.py:190} INFO - [2025-01-28T12:57:57.522+0530] {dag.py:4180} INFO - Setting next_dagrun for example_dag_decorator to None, run_after=None
[2025-01-28T12:57:57.549+0530] {processor.py:208} INFO - Processing /home/verma-tv/.local/lib/python3.11/site-packages/airflow/example_dags/example_dag_decorator.py took 0.152 seconds
[2025-01-28T12:59:09.434+0530] {processor.py:186} INFO - Started process (PID=41577) to work on /home/verma-tv/.local/lib/python3.11/site-packages/airflow/example_dags/example_dag_decorator.py
[2025-01-28T12:59:09.435+0530] {processor.py:914} INFO - Processing file /home/verma-tv/.local/lib/python3.11/site-packages/airflow/example_dags/example_dag_decorator.py for tasks to queue
[2025-01-28T12:59:09.437+0530] {logging_mixin.py:190} INFO - [2025-01-28T12:59:09.437+0530] {dagbag.py:588} INFO - Filling up the DagBag from /home/verma-tv/.local/lib/python3.11/site-packages/airflow/example_dags/example_dag_decorator.py
[2025-01-28T12:59:09.451+0530] {processor.py:925} INFO - DAG(s) 'example_dag_decorator' retrieved from /home/verma-tv/.local/lib/python3.11/site-packages/airflow/example_dags/example_dag_decorator.py
[2025-01-28T12:59:09.540+0530] {logging_mixin.py:190} INFO - [2025-01-28T12:59:09.540+0530] {dag.py:3239} INFO - Sync 1 DAGs
[2025-01-28T12:59:09.548+0530] {logging_mixin.py:190} INFO - [2025-01-28T12:59:09.547+0530] {dag.py:4180} INFO - Setting next_dagrun for example_dag_decorator to None, run_after=None
[2025-01-28T12:59:09.565+0530] {processor.py:208} INFO - Processing /home/verma-tv/.local/lib/python3.11/site-packages/airflow/example_dags/example_dag_decorator.py took 0.136 seconds
