[2025-01-28T11:40:00.668+0530] {processor.py:186} INFO - Started process (PID=17169) to work on /home/verma-tv/.local/lib/python3.11/site-packages/airflow/example_dags/example_external_task_marker_dag.py
[2025-01-28T11:40:00.669+0530] {processor.py:914} INFO - Processing file /home/verma-tv/.local/lib/python3.11/site-packages/airflow/example_dags/example_external_task_marker_dag.py for tasks to queue
[2025-01-28T11:40:00.672+0530] {logging_mixin.py:190} INFO - [2025-01-28T11:40:00.672+0530] {dagbag.py:588} INFO - Filling up the DagBag from /home/verma-tv/.local/lib/python3.11/site-packages/airflow/example_dags/example_external_task_marker_dag.py
[2025-01-28T11:40:00.678+0530] {processor.py:925} INFO - DAG(s) 'example_external_task_marker_parent', 'example_external_task_marker_child' retrieved from /home/verma-tv/.local/lib/python3.11/site-packages/airflow/example_dags/example_external_task_marker_dag.py
[2025-01-28T11:40:00.780+0530] {logging_mixin.py:190} INFO - [2025-01-28T11:40:00.780+0530] {override.py:1912} INFO - Created Permission View: can read on DAG:example_external_task_marker_parent
[2025-01-28T11:40:00.788+0530] {logging_mixin.py:190} INFO - [2025-01-28T11:40:00.787+0530] {override.py:1912} INFO - Created Permission View: can edit on DAG:example_external_task_marker_parent
[2025-01-28T11:40:00.793+0530] {logging_mixin.py:190} INFO - [2025-01-28T11:40:00.792+0530] {override.py:1912} INFO - Created Permission View: can delete on DAG:example_external_task_marker_parent
[2025-01-28T11:40:00.800+0530] {logging_mixin.py:190} INFO - [2025-01-28T11:40:00.800+0530] {override.py:1912} INFO - Created Permission View: can read on DAG Run:example_external_task_marker_parent
[2025-01-28T11:40:00.805+0530] {logging_mixin.py:190} INFO - [2025-01-28T11:40:00.805+0530] {override.py:1912} INFO - Created Permission View: can delete on DAG Run:example_external_task_marker_parent
[2025-01-28T11:40:00.810+0530] {logging_mixin.py:190} INFO - [2025-01-28T11:40:00.810+0530] {override.py:1912} INFO - Created Permission View: menu access on DAG Run:example_external_task_marker_parent
[2025-01-28T11:40:00.815+0530] {logging_mixin.py:190} INFO - [2025-01-28T11:40:00.815+0530] {override.py:1912} INFO - Created Permission View: can create on DAG Run:example_external_task_marker_parent
[2025-01-28T11:40:00.826+0530] {logging_mixin.py:190} INFO - [2025-01-28T11:40:00.826+0530] {override.py:1912} INFO - Created Permission View: can read on DAG:example_external_task_marker_child
[2025-01-28T11:40:00.831+0530] {logging_mixin.py:190} INFO - [2025-01-28T11:40:00.831+0530] {override.py:1912} INFO - Created Permission View: can edit on DAG:example_external_task_marker_child
[2025-01-28T11:40:00.836+0530] {logging_mixin.py:190} INFO - [2025-01-28T11:40:00.835+0530] {override.py:1912} INFO - Created Permission View: can delete on DAG:example_external_task_marker_child
[2025-01-28T11:40:00.843+0530] {logging_mixin.py:190} INFO - [2025-01-28T11:40:00.843+0530] {override.py:1912} INFO - Created Permission View: can read on DAG Run:example_external_task_marker_child
[2025-01-28T11:40:00.848+0530] {logging_mixin.py:190} INFO - [2025-01-28T11:40:00.848+0530] {override.py:1912} INFO - Created Permission View: can delete on DAG Run:example_external_task_marker_child
[2025-01-28T11:40:00.854+0530] {logging_mixin.py:190} INFO - [2025-01-28T11:40:00.853+0530] {override.py:1912} INFO - Created Permission View: menu access on DAG Run:example_external_task_marker_child
[2025-01-28T11:40:00.862+0530] {logging_mixin.py:190} INFO - [2025-01-28T11:40:00.861+0530] {override.py:1912} INFO - Created Permission View: can create on DAG Run:example_external_task_marker_child
[2025-01-28T11:40:00.862+0530] {logging_mixin.py:190} INFO - [2025-01-28T11:40:00.862+0530] {dag.py:3239} INFO - Sync 2 DAGs
[2025-01-28T11:40:00.871+0530] {logging_mixin.py:190} INFO - [2025-01-28T11:40:00.871+0530] {dag.py:3262} INFO - Creating ORM DAG for example_external_task_marker_parent
[2025-01-28T11:40:00.871+0530] {logging_mixin.py:190} INFO - [2025-01-28T11:40:00.871+0530] {dag.py:3262} INFO - Creating ORM DAG for example_external_task_marker_child
[2025-01-28T11:40:00.872+0530] {logging_mixin.py:190} INFO - [2025-01-28T11:40:00.872+0530] {dag.py:4180} INFO - Setting next_dagrun for example_external_task_marker_child to None, run_after=None
[2025-01-28T11:40:00.872+0530] {logging_mixin.py:190} INFO - [2025-01-28T11:40:00.872+0530] {dag.py:4180} INFO - Setting next_dagrun for example_external_task_marker_parent to None, run_after=None
[2025-01-28T11:40:00.885+0530] {processor.py:208} INFO - Processing /home/verma-tv/.local/lib/python3.11/site-packages/airflow/example_dags/example_external_task_marker_dag.py took 0.222 seconds
[2025-01-28T11:40:58.332+0530] {processor.py:186} INFO - Started process (PID=17362) to work on /home/verma-tv/.local/lib/python3.11/site-packages/airflow/example_dags/example_external_task_marker_dag.py
[2025-01-28T11:40:58.344+0530] {processor.py:914} INFO - Processing file /home/verma-tv/.local/lib/python3.11/site-packages/airflow/example_dags/example_external_task_marker_dag.py for tasks to queue
[2025-01-28T11:40:58.346+0530] {logging_mixin.py:190} INFO - [2025-01-28T11:40:58.346+0530] {dagbag.py:588} INFO - Filling up the DagBag from /home/verma-tv/.local/lib/python3.11/site-packages/airflow/example_dags/example_external_task_marker_dag.py
[2025-01-28T11:40:58.353+0530] {processor.py:925} INFO - DAG(s) 'example_external_task_marker_child', 'example_external_task_marker_parent' retrieved from /home/verma-tv/.local/lib/python3.11/site-packages/airflow/example_dags/example_external_task_marker_dag.py
[2025-01-28T11:40:58.367+0530] {logging_mixin.py:190} INFO - [2025-01-28T11:40:58.367+0530] {dag.py:3239} INFO - Sync 2 DAGs
[2025-01-28T11:40:58.376+0530] {logging_mixin.py:190} INFO - [2025-01-28T11:40:58.376+0530] {dag.py:4180} INFO - Setting next_dagrun for example_external_task_marker_child to None, run_after=None
[2025-01-28T11:40:58.378+0530] {logging_mixin.py:190} INFO - [2025-01-28T11:40:58.378+0530] {dag.py:4180} INFO - Setting next_dagrun for example_external_task_marker_parent to None, run_after=None
[2025-01-28T11:40:58.390+0530] {processor.py:208} INFO - Processing /home/verma-tv/.local/lib/python3.11/site-packages/airflow/example_dags/example_external_task_marker_dag.py took 0.063 seconds
[2025-01-28T11:41:54.362+0530] {processor.py:186} INFO - Started process (PID=17528) to work on /home/verma-tv/.local/lib/python3.11/site-packages/airflow/example_dags/example_external_task_marker_dag.py
[2025-01-28T11:41:54.374+0530] {processor.py:914} INFO - Processing file /home/verma-tv/.local/lib/python3.11/site-packages/airflow/example_dags/example_external_task_marker_dag.py for tasks to queue
[2025-01-28T11:41:54.377+0530] {logging_mixin.py:190} INFO - [2025-01-28T11:41:54.377+0530] {dagbag.py:588} INFO - Filling up the DagBag from /home/verma-tv/.local/lib/python3.11/site-packages/airflow/example_dags/example_external_task_marker_dag.py
[2025-01-28T11:41:54.383+0530] {processor.py:925} INFO - DAG(s) 'example_external_task_marker_parent', 'example_external_task_marker_child' retrieved from /home/verma-tv/.local/lib/python3.11/site-packages/airflow/example_dags/example_external_task_marker_dag.py
[2025-01-28T11:41:54.397+0530] {logging_mixin.py:190} INFO - [2025-01-28T11:41:54.396+0530] {dag.py:3239} INFO - Sync 2 DAGs
[2025-01-28T11:41:54.406+0530] {logging_mixin.py:190} INFO - [2025-01-28T11:41:54.405+0530] {dag.py:4180} INFO - Setting next_dagrun for example_external_task_marker_child to None, run_after=None
[2025-01-28T11:41:54.408+0530] {logging_mixin.py:190} INFO - [2025-01-28T11:41:54.408+0530] {dag.py:4180} INFO - Setting next_dagrun for example_external_task_marker_parent to None, run_after=None
[2025-01-28T11:41:54.420+0530] {processor.py:208} INFO - Processing /home/verma-tv/.local/lib/python3.11/site-packages/airflow/example_dags/example_external_task_marker_dag.py took 0.062 seconds
[2025-01-28T11:42:49.514+0530] {processor.py:186} INFO - Started process (PID=17718) to work on /home/verma-tv/.local/lib/python3.11/site-packages/airflow/example_dags/example_external_task_marker_dag.py
[2025-01-28T11:42:49.526+0530] {processor.py:914} INFO - Processing file /home/verma-tv/.local/lib/python3.11/site-packages/airflow/example_dags/example_external_task_marker_dag.py for tasks to queue
[2025-01-28T11:42:49.529+0530] {logging_mixin.py:190} INFO - [2025-01-28T11:42:49.528+0530] {dagbag.py:588} INFO - Filling up the DagBag from /home/verma-tv/.local/lib/python3.11/site-packages/airflow/example_dags/example_external_task_marker_dag.py
[2025-01-28T11:42:49.535+0530] {processor.py:925} INFO - DAG(s) 'example_external_task_marker_parent', 'example_external_task_marker_child' retrieved from /home/verma-tv/.local/lib/python3.11/site-packages/airflow/example_dags/example_external_task_marker_dag.py
[2025-01-28T11:42:49.549+0530] {logging_mixin.py:190} INFO - [2025-01-28T11:42:49.549+0530] {dag.py:3239} INFO - Sync 2 DAGs
[2025-01-28T11:42:49.558+0530] {logging_mixin.py:190} INFO - [2025-01-28T11:42:49.558+0530] {dag.py:4180} INFO - Setting next_dagrun for example_external_task_marker_child to None, run_after=None
[2025-01-28T11:42:49.560+0530] {logging_mixin.py:190} INFO - [2025-01-28T11:42:49.560+0530] {dag.py:4180} INFO - Setting next_dagrun for example_external_task_marker_parent to None, run_after=None
[2025-01-28T11:42:49.573+0530] {processor.py:208} INFO - Processing /home/verma-tv/.local/lib/python3.11/site-packages/airflow/example_dags/example_external_task_marker_dag.py took 0.063 seconds
[2025-01-28T11:44:05.271+0530] {processor.py:186} INFO - Started process (PID=17927) to work on /home/verma-tv/.local/lib/python3.11/site-packages/airflow/example_dags/example_external_task_marker_dag.py
[2025-01-28T11:44:05.284+0530] {processor.py:914} INFO - Processing file /home/verma-tv/.local/lib/python3.11/site-packages/airflow/example_dags/example_external_task_marker_dag.py for tasks to queue
[2025-01-28T11:44:05.286+0530] {logging_mixin.py:190} INFO - [2025-01-28T11:44:05.285+0530] {dagbag.py:588} INFO - Filling up the DagBag from /home/verma-tv/.local/lib/python3.11/site-packages/airflow/example_dags/example_external_task_marker_dag.py
[2025-01-28T11:44:05.292+0530] {processor.py:925} INFO - DAG(s) 'example_external_task_marker_child', 'example_external_task_marker_parent' retrieved from /home/verma-tv/.local/lib/python3.11/site-packages/airflow/example_dags/example_external_task_marker_dag.py
[2025-01-28T11:44:05.305+0530] {logging_mixin.py:190} INFO - [2025-01-28T11:44:05.305+0530] {dag.py:3239} INFO - Sync 2 DAGs
[2025-01-28T11:44:05.314+0530] {logging_mixin.py:190} INFO - [2025-01-28T11:44:05.314+0530] {dag.py:4180} INFO - Setting next_dagrun for example_external_task_marker_child to None, run_after=None
[2025-01-28T11:44:05.316+0530] {logging_mixin.py:190} INFO - [2025-01-28T11:44:05.316+0530] {dag.py:4180} INFO - Setting next_dagrun for example_external_task_marker_parent to None, run_after=None
[2025-01-28T11:44:05.330+0530] {processor.py:208} INFO - Processing /home/verma-tv/.local/lib/python3.11/site-packages/airflow/example_dags/example_external_task_marker_dag.py took 0.063 seconds
[2025-01-28T11:45:22.467+0530] {processor.py:186} INFO - Started process (PID=18288) to work on /home/verma-tv/.local/lib/python3.11/site-packages/airflow/example_dags/example_external_task_marker_dag.py
[2025-01-28T11:45:22.479+0530] {processor.py:914} INFO - Processing file /home/verma-tv/.local/lib/python3.11/site-packages/airflow/example_dags/example_external_task_marker_dag.py for tasks to queue
[2025-01-28T11:45:22.482+0530] {logging_mixin.py:190} INFO - [2025-01-28T11:45:22.481+0530] {dagbag.py:588} INFO - Filling up the DagBag from /home/verma-tv/.local/lib/python3.11/site-packages/airflow/example_dags/example_external_task_marker_dag.py
[2025-01-28T11:45:22.492+0530] {processor.py:925} INFO - DAG(s) 'example_external_task_marker_parent', 'example_external_task_marker_child' retrieved from /home/verma-tv/.local/lib/python3.11/site-packages/airflow/example_dags/example_external_task_marker_dag.py
[2025-01-28T11:45:22.507+0530] {logging_mixin.py:190} INFO - [2025-01-28T11:45:22.507+0530] {dag.py:3239} INFO - Sync 2 DAGs
[2025-01-28T11:45:22.516+0530] {logging_mixin.py:190} INFO - [2025-01-28T11:45:22.516+0530] {dag.py:4180} INFO - Setting next_dagrun for example_external_task_marker_child to None, run_after=None
[2025-01-28T11:45:22.521+0530] {logging_mixin.py:190} INFO - [2025-01-28T11:45:22.521+0530] {dag.py:4180} INFO - Setting next_dagrun for example_external_task_marker_parent to None, run_after=None
[2025-01-28T11:45:22.540+0530] {processor.py:208} INFO - Processing /home/verma-tv/.local/lib/python3.11/site-packages/airflow/example_dags/example_external_task_marker_dag.py took 0.079 seconds
[2025-01-28T11:46:17.768+0530] {processor.py:186} INFO - Started process (PID=18454) to work on /home/verma-tv/.local/lib/python3.11/site-packages/airflow/example_dags/example_external_task_marker_dag.py
[2025-01-28T11:46:17.780+0530] {processor.py:914} INFO - Processing file /home/verma-tv/.local/lib/python3.11/site-packages/airflow/example_dags/example_external_task_marker_dag.py for tasks to queue
[2025-01-28T11:46:17.783+0530] {logging_mixin.py:190} INFO - [2025-01-28T11:46:17.782+0530] {dagbag.py:588} INFO - Filling up the DagBag from /home/verma-tv/.local/lib/python3.11/site-packages/airflow/example_dags/example_external_task_marker_dag.py
[2025-01-28T11:46:17.796+0530] {processor.py:925} INFO - DAG(s) 'example_external_task_marker_child', 'example_external_task_marker_parent' retrieved from /home/verma-tv/.local/lib/python3.11/site-packages/airflow/example_dags/example_external_task_marker_dag.py
[2025-01-28T11:46:17.811+0530] {logging_mixin.py:190} INFO - [2025-01-28T11:46:17.811+0530] {dag.py:3239} INFO - Sync 2 DAGs
[2025-01-28T11:46:17.823+0530] {logging_mixin.py:190} INFO - [2025-01-28T11:46:17.823+0530] {dag.py:4180} INFO - Setting next_dagrun for example_external_task_marker_child to None, run_after=None
[2025-01-28T11:46:17.825+0530] {logging_mixin.py:190} INFO - [2025-01-28T11:46:17.825+0530] {dag.py:4180} INFO - Setting next_dagrun for example_external_task_marker_parent to None, run_after=None
[2025-01-28T11:46:17.845+0530] {processor.py:208} INFO - Processing /home/verma-tv/.local/lib/python3.11/site-packages/airflow/example_dags/example_external_task_marker_dag.py took 0.081 seconds
[2025-01-28T11:47:09.481+0530] {processor.py:186} INFO - Started process (PID=18672) to work on /home/verma-tv/.local/lib/python3.11/site-packages/airflow/example_dags/example_external_task_marker_dag.py
[2025-01-28T11:47:09.482+0530] {processor.py:914} INFO - Processing file /home/verma-tv/.local/lib/python3.11/site-packages/airflow/example_dags/example_external_task_marker_dag.py for tasks to queue
[2025-01-28T11:47:09.484+0530] {logging_mixin.py:190} INFO - [2025-01-28T11:47:09.484+0530] {dagbag.py:588} INFO - Filling up the DagBag from /home/verma-tv/.local/lib/python3.11/site-packages/airflow/example_dags/example_external_task_marker_dag.py
[2025-01-28T11:47:09.491+0530] {processor.py:925} INFO - DAG(s) 'example_external_task_marker_child', 'example_external_task_marker_parent' retrieved from /home/verma-tv/.local/lib/python3.11/site-packages/airflow/example_dags/example_external_task_marker_dag.py
[2025-01-28T11:47:09.505+0530] {logging_mixin.py:190} INFO - [2025-01-28T11:47:09.505+0530] {dag.py:3239} INFO - Sync 2 DAGs
[2025-01-28T11:47:09.516+0530] {logging_mixin.py:190} INFO - [2025-01-28T11:47:09.516+0530] {dag.py:4180} INFO - Setting next_dagrun for example_external_task_marker_child to None, run_after=None
[2025-01-28T11:47:09.518+0530] {logging_mixin.py:190} INFO - [2025-01-28T11:47:09.518+0530] {dag.py:4180} INFO - Setting next_dagrun for example_external_task_marker_parent to None, run_after=None
[2025-01-28T11:47:09.689+0530] {processor.py:208} INFO - Processing /home/verma-tv/.local/lib/python3.11/site-packages/airflow/example_dags/example_external_task_marker_dag.py took 0.213 seconds
[2025-01-28T11:48:25.618+0530] {processor.py:186} INFO - Started process (PID=19104) to work on /home/verma-tv/.local/lib/python3.11/site-packages/airflow/example_dags/example_external_task_marker_dag.py
[2025-01-28T11:48:25.630+0530] {processor.py:914} INFO - Processing file /home/verma-tv/.local/lib/python3.11/site-packages/airflow/example_dags/example_external_task_marker_dag.py for tasks to queue
[2025-01-28T11:48:25.633+0530] {logging_mixin.py:190} INFO - [2025-01-28T11:48:25.632+0530] {dagbag.py:588} INFO - Filling up the DagBag from /home/verma-tv/.local/lib/python3.11/site-packages/airflow/example_dags/example_external_task_marker_dag.py
[2025-01-28T11:48:25.640+0530] {processor.py:925} INFO - DAG(s) 'example_external_task_marker_child', 'example_external_task_marker_parent' retrieved from /home/verma-tv/.local/lib/python3.11/site-packages/airflow/example_dags/example_external_task_marker_dag.py
[2025-01-28T11:48:25.654+0530] {logging_mixin.py:190} INFO - [2025-01-28T11:48:25.654+0530] {dag.py:3239} INFO - Sync 2 DAGs
[2025-01-28T11:48:25.664+0530] {logging_mixin.py:190} INFO - [2025-01-28T11:48:25.664+0530] {dag.py:4180} INFO - Setting next_dagrun for example_external_task_marker_child to None, run_after=None
[2025-01-28T11:48:25.666+0530] {logging_mixin.py:190} INFO - [2025-01-28T11:48:25.666+0530] {dag.py:4180} INFO - Setting next_dagrun for example_external_task_marker_parent to None, run_after=None
[2025-01-28T11:48:25.679+0530] {processor.py:208} INFO - Processing /home/verma-tv/.local/lib/python3.11/site-packages/airflow/example_dags/example_external_task_marker_dag.py took 0.066 seconds
[2025-01-28T11:49:17.131+0530] {processor.py:186} INFO - Started process (PID=19435) to work on /home/verma-tv/.local/lib/python3.11/site-packages/airflow/example_dags/example_external_task_marker_dag.py
[2025-01-28T11:49:17.144+0530] {processor.py:914} INFO - Processing file /home/verma-tv/.local/lib/python3.11/site-packages/airflow/example_dags/example_external_task_marker_dag.py for tasks to queue
[2025-01-28T11:49:17.146+0530] {logging_mixin.py:190} INFO - [2025-01-28T11:49:17.146+0530] {dagbag.py:588} INFO - Filling up the DagBag from /home/verma-tv/.local/lib/python3.11/site-packages/airflow/example_dags/example_external_task_marker_dag.py
[2025-01-28T11:49:17.153+0530] {processor.py:925} INFO - DAG(s) 'example_external_task_marker_parent', 'example_external_task_marker_child' retrieved from /home/verma-tv/.local/lib/python3.11/site-packages/airflow/example_dags/example_external_task_marker_dag.py
[2025-01-28T11:49:17.167+0530] {logging_mixin.py:190} INFO - [2025-01-28T11:49:17.167+0530] {dag.py:3239} INFO - Sync 2 DAGs
[2025-01-28T11:49:17.176+0530] {logging_mixin.py:190} INFO - [2025-01-28T11:49:17.176+0530] {dag.py:4180} INFO - Setting next_dagrun for example_external_task_marker_child to None, run_after=None
[2025-01-28T11:49:17.178+0530] {logging_mixin.py:190} INFO - [2025-01-28T11:49:17.178+0530] {dag.py:4180} INFO - Setting next_dagrun for example_external_task_marker_parent to None, run_after=None
[2025-01-28T11:49:17.191+0530] {processor.py:208} INFO - Processing /home/verma-tv/.local/lib/python3.11/site-packages/airflow/example_dags/example_external_task_marker_dag.py took 0.065 seconds
[2025-01-28T11:50:08.144+0530] {processor.py:186} INFO - Started process (PID=19684) to work on /home/verma-tv/.local/lib/python3.11/site-packages/airflow/example_dags/example_external_task_marker_dag.py
[2025-01-28T11:50:08.157+0530] {processor.py:914} INFO - Processing file /home/verma-tv/.local/lib/python3.11/site-packages/airflow/example_dags/example_external_task_marker_dag.py for tasks to queue
[2025-01-28T11:50:08.159+0530] {logging_mixin.py:190} INFO - [2025-01-28T11:50:08.159+0530] {dagbag.py:588} INFO - Filling up the DagBag from /home/verma-tv/.local/lib/python3.11/site-packages/airflow/example_dags/example_external_task_marker_dag.py
[2025-01-28T11:50:08.165+0530] {processor.py:925} INFO - DAG(s) 'example_external_task_marker_parent', 'example_external_task_marker_child' retrieved from /home/verma-tv/.local/lib/python3.11/site-packages/airflow/example_dags/example_external_task_marker_dag.py
[2025-01-28T11:50:08.181+0530] {logging_mixin.py:190} INFO - [2025-01-28T11:50:08.181+0530] {dag.py:3239} INFO - Sync 2 DAGs
[2025-01-28T11:50:08.190+0530] {logging_mixin.py:190} INFO - [2025-01-28T11:50:08.190+0530] {dag.py:4180} INFO - Setting next_dagrun for example_external_task_marker_child to None, run_after=None
[2025-01-28T11:50:08.192+0530] {logging_mixin.py:190} INFO - [2025-01-28T11:50:08.192+0530] {dag.py:4180} INFO - Setting next_dagrun for example_external_task_marker_parent to None, run_after=None
[2025-01-28T11:50:08.205+0530] {processor.py:208} INFO - Processing /home/verma-tv/.local/lib/python3.11/site-packages/airflow/example_dags/example_external_task_marker_dag.py took 0.066 seconds
[2025-01-28T11:51:21.458+0530] {processor.py:186} INFO - Started process (PID=19963) to work on /home/verma-tv/.local/lib/python3.11/site-packages/airflow/example_dags/example_external_task_marker_dag.py
[2025-01-28T11:51:21.472+0530] {processor.py:914} INFO - Processing file /home/verma-tv/.local/lib/python3.11/site-packages/airflow/example_dags/example_external_task_marker_dag.py for tasks to queue
[2025-01-28T11:51:21.474+0530] {logging_mixin.py:190} INFO - [2025-01-28T11:51:21.474+0530] {dagbag.py:588} INFO - Filling up the DagBag from /home/verma-tv/.local/lib/python3.11/site-packages/airflow/example_dags/example_external_task_marker_dag.py
[2025-01-28T11:51:21.480+0530] {processor.py:925} INFO - DAG(s) 'example_external_task_marker_parent', 'example_external_task_marker_child' retrieved from /home/verma-tv/.local/lib/python3.11/site-packages/airflow/example_dags/example_external_task_marker_dag.py
[2025-01-28T11:51:21.494+0530] {logging_mixin.py:190} INFO - [2025-01-28T11:51:21.493+0530] {dag.py:3239} INFO - Sync 2 DAGs
[2025-01-28T11:51:21.502+0530] {logging_mixin.py:190} INFO - [2025-01-28T11:51:21.502+0530] {dag.py:4180} INFO - Setting next_dagrun for example_external_task_marker_child to None, run_after=None
[2025-01-28T11:51:21.504+0530] {logging_mixin.py:190} INFO - [2025-01-28T11:51:21.504+0530] {dag.py:4180} INFO - Setting next_dagrun for example_external_task_marker_parent to None, run_after=None
[2025-01-28T11:51:21.517+0530] {processor.py:208} INFO - Processing /home/verma-tv/.local/lib/python3.11/site-packages/airflow/example_dags/example_external_task_marker_dag.py took 0.063 seconds
