[2025-01-28T11:39:30.777+0530] {processor.py:186} INFO - Started process (PID=17117) to work on /home/verma-tv/.local/lib/python3.11/site-packages/airflow/example_dags/example_skip_dag.py
[2025-01-28T11:39:30.778+0530] {processor.py:914} INFO - Processing file /home/verma-tv/.local/lib/python3.11/site-packages/airflow/example_dags/example_skip_dag.py for tasks to queue
[2025-01-28T11:39:30.780+0530] {logging_mixin.py:190} INFO - [2025-01-28T11:39:30.780+0530] {dagbag.py:588} INFO - Filling up the DagBag from /home/verma-tv/.local/lib/python3.11/site-packages/airflow/example_dags/example_skip_dag.py
[2025-01-28T11:39:30.787+0530] {processor.py:925} INFO - DAG(s) 'example_skip_dag' retrieved from /home/verma-tv/.local/lib/python3.11/site-packages/airflow/example_dags/example_skip_dag.py
[2025-01-28T11:39:30.900+0530] {logging_mixin.py:190} INFO - [2025-01-28T11:39:30.899+0530] {override.py:1912} INFO - Created Permission View: can read on DAG:example_skip_dag
[2025-01-28T11:39:30.913+0530] {logging_mixin.py:190} INFO - [2025-01-28T11:39:30.913+0530] {override.py:1912} INFO - Created Permission View: can edit on DAG:example_skip_dag
[2025-01-28T11:39:30.922+0530] {logging_mixin.py:190} INFO - [2025-01-28T11:39:30.922+0530] {override.py:1912} INFO - Created Permission View: can delete on DAG:example_skip_dag
[2025-01-28T11:39:30.934+0530] {logging_mixin.py:190} INFO - [2025-01-28T11:39:30.933+0530] {override.py:1912} INFO - Created Permission View: can read on DAG Run:example_skip_dag
[2025-01-28T11:39:30.943+0530] {logging_mixin.py:190} INFO - [2025-01-28T11:39:30.943+0530] {override.py:1912} INFO - Created Permission View: can delete on DAG Run:example_skip_dag
[2025-01-28T11:39:30.950+0530] {logging_mixin.py:190} INFO - [2025-01-28T11:39:30.949+0530] {override.py:1912} INFO - Created Permission View: menu access on DAG Run:example_skip_dag
[2025-01-28T11:39:30.957+0530] {logging_mixin.py:190} INFO - [2025-01-28T11:39:30.957+0530] {override.py:1912} INFO - Created Permission View: can create on DAG Run:example_skip_dag
[2025-01-28T11:39:30.957+0530] {logging_mixin.py:190} INFO - [2025-01-28T11:39:30.957+0530] {dag.py:3239} INFO - Sync 1 DAGs
[2025-01-28T11:39:30.966+0530] {logging_mixin.py:190} INFO - [2025-01-28T11:39:30.966+0530] {dag.py:3262} INFO - Creating ORM DAG for example_skip_dag
[2025-01-28T11:39:30.972+0530] {logging_mixin.py:190} INFO - [2025-01-28T11:39:30.972+0530] {dag.py:4180} INFO - Setting next_dagrun for example_skip_dag to 2025-01-27 00:00:00+00:00, run_after=2025-01-28 00:00:00+00:00
[2025-01-28T11:39:30.984+0530] {processor.py:208} INFO - Processing /home/verma-tv/.local/lib/python3.11/site-packages/airflow/example_dags/example_skip_dag.py took 0.211 seconds
[2025-01-28T11:40:30.901+0530] {processor.py:186} INFO - Started process (PID=17308) to work on /home/verma-tv/.local/lib/python3.11/site-packages/airflow/example_dags/example_skip_dag.py
[2025-01-28T11:40:30.913+0530] {processor.py:914} INFO - Processing file /home/verma-tv/.local/lib/python3.11/site-packages/airflow/example_dags/example_skip_dag.py for tasks to queue
[2025-01-28T11:40:30.916+0530] {logging_mixin.py:190} INFO - [2025-01-28T11:40:30.916+0530] {dagbag.py:588} INFO - Filling up the DagBag from /home/verma-tv/.local/lib/python3.11/site-packages/airflow/example_dags/example_skip_dag.py
[2025-01-28T11:40:30.923+0530] {processor.py:925} INFO - DAG(s) 'example_skip_dag' retrieved from /home/verma-tv/.local/lib/python3.11/site-packages/airflow/example_dags/example_skip_dag.py
[2025-01-28T11:40:30.936+0530] {logging_mixin.py:190} INFO - [2025-01-28T11:40:30.935+0530] {dag.py:3239} INFO - Sync 1 DAGs
[2025-01-28T11:40:30.950+0530] {logging_mixin.py:190} INFO - [2025-01-28T11:40:30.950+0530] {dag.py:4180} INFO - Setting next_dagrun for example_skip_dag to 2025-01-27 00:00:00+00:00, run_after=2025-01-28 00:00:00+00:00
[2025-01-28T11:40:30.964+0530] {processor.py:208} INFO - Processing /home/verma-tv/.local/lib/python3.11/site-packages/airflow/example_dags/example_skip_dag.py took 0.067 seconds
[2025-01-28T11:41:24.011+0530] {processor.py:186} INFO - Started process (PID=17471) to work on /home/verma-tv/.local/lib/python3.11/site-packages/airflow/example_dags/example_skip_dag.py
[2025-01-28T11:41:24.024+0530] {processor.py:914} INFO - Processing file /home/verma-tv/.local/lib/python3.11/site-packages/airflow/example_dags/example_skip_dag.py for tasks to queue
[2025-01-28T11:41:24.026+0530] {logging_mixin.py:190} INFO - [2025-01-28T11:41:24.025+0530] {dagbag.py:588} INFO - Filling up the DagBag from /home/verma-tv/.local/lib/python3.11/site-packages/airflow/example_dags/example_skip_dag.py
[2025-01-28T11:41:24.032+0530] {processor.py:925} INFO - DAG(s) 'example_skip_dag' retrieved from /home/verma-tv/.local/lib/python3.11/site-packages/airflow/example_dags/example_skip_dag.py
[2025-01-28T11:41:24.045+0530] {logging_mixin.py:190} INFO - [2025-01-28T11:41:24.044+0530] {dag.py:3239} INFO - Sync 1 DAGs
[2025-01-28T11:41:24.063+0530] {logging_mixin.py:190} INFO - [2025-01-28T11:41:24.063+0530] {dag.py:4180} INFO - Setting next_dagrun for example_skip_dag to 2025-01-27 00:00:00+00:00, run_after=2025-01-28 00:00:00+00:00
[2025-01-28T11:41:24.080+0530] {processor.py:208} INFO - Processing /home/verma-tv/.local/lib/python3.11/site-packages/airflow/example_dags/example_skip_dag.py took 0.073 seconds
[2025-01-28T11:42:15.291+0530] {processor.py:186} INFO - Started process (PID=17652) to work on /home/verma-tv/.local/lib/python3.11/site-packages/airflow/example_dags/example_skip_dag.py
[2025-01-28T11:42:15.292+0530] {processor.py:914} INFO - Processing file /home/verma-tv/.local/lib/python3.11/site-packages/airflow/example_dags/example_skip_dag.py for tasks to queue
[2025-01-28T11:42:15.294+0530] {logging_mixin.py:190} INFO - [2025-01-28T11:42:15.293+0530] {dagbag.py:588} INFO - Filling up the DagBag from /home/verma-tv/.local/lib/python3.11/site-packages/airflow/example_dags/example_skip_dag.py
[2025-01-28T11:42:15.300+0530] {processor.py:925} INFO - DAG(s) 'example_skip_dag' retrieved from /home/verma-tv/.local/lib/python3.11/site-packages/airflow/example_dags/example_skip_dag.py
[2025-01-28T11:42:15.313+0530] {logging_mixin.py:190} INFO - [2025-01-28T11:42:15.312+0530] {dag.py:3239} INFO - Sync 1 DAGs
[2025-01-28T11:42:15.326+0530] {logging_mixin.py:190} INFO - [2025-01-28T11:42:15.326+0530] {dag.py:4180} INFO - Setting next_dagrun for example_skip_dag to 2025-01-27 00:00:00+00:00, run_after=2025-01-28 00:00:00+00:00
[2025-01-28T11:42:15.339+0530] {processor.py:208} INFO - Processing /home/verma-tv/.local/lib/python3.11/site-packages/airflow/example_dags/example_skip_dag.py took 0.054 seconds
[2025-01-28T11:43:07.522+0530] {processor.py:186} INFO - Started process (PID=17756) to work on /home/verma-tv/.local/lib/python3.11/site-packages/airflow/example_dags/example_skip_dag.py
[2025-01-28T11:43:07.535+0530] {processor.py:914} INFO - Processing file /home/verma-tv/.local/lib/python3.11/site-packages/airflow/example_dags/example_skip_dag.py for tasks to queue
[2025-01-28T11:43:07.538+0530] {logging_mixin.py:190} INFO - [2025-01-28T11:43:07.537+0530] {dagbag.py:588} INFO - Filling up the DagBag from /home/verma-tv/.local/lib/python3.11/site-packages/airflow/example_dags/example_skip_dag.py
[2025-01-28T11:43:07.544+0530] {processor.py:925} INFO - DAG(s) 'example_skip_dag' retrieved from /home/verma-tv/.local/lib/python3.11/site-packages/airflow/example_dags/example_skip_dag.py
[2025-01-28T11:43:07.556+0530] {logging_mixin.py:190} INFO - [2025-01-28T11:43:07.556+0530] {dag.py:3239} INFO - Sync 1 DAGs
[2025-01-28T11:43:07.570+0530] {logging_mixin.py:190} INFO - [2025-01-28T11:43:07.570+0530] {dag.py:4180} INFO - Setting next_dagrun for example_skip_dag to 2025-01-27 00:00:00+00:00, run_after=2025-01-28 00:00:00+00:00
[2025-01-28T11:43:07.584+0530] {processor.py:208} INFO - Processing /home/verma-tv/.local/lib/python3.11/site-packages/airflow/example_dags/example_skip_dag.py took 0.067 seconds
[2025-01-28T11:43:58.303+0530] {processor.py:186} INFO - Started process (PID=17915) to work on /home/verma-tv/.local/lib/python3.11/site-packages/airflow/example_dags/example_skip_dag.py
[2025-01-28T11:43:58.304+0530] {processor.py:914} INFO - Processing file /home/verma-tv/.local/lib/python3.11/site-packages/airflow/example_dags/example_skip_dag.py for tasks to queue
[2025-01-28T11:43:58.306+0530] {logging_mixin.py:190} INFO - [2025-01-28T11:43:58.306+0530] {dagbag.py:588} INFO - Filling up the DagBag from /home/verma-tv/.local/lib/python3.11/site-packages/airflow/example_dags/example_skip_dag.py
[2025-01-28T11:43:58.313+0530] {processor.py:925} INFO - DAG(s) 'example_skip_dag' retrieved from /home/verma-tv/.local/lib/python3.11/site-packages/airflow/example_dags/example_skip_dag.py
[2025-01-28T11:43:58.325+0530] {logging_mixin.py:190} INFO - [2025-01-28T11:43:58.325+0530] {dag.py:3239} INFO - Sync 1 DAGs
[2025-01-28T11:43:58.339+0530] {logging_mixin.py:190} INFO - [2025-01-28T11:43:58.339+0530] {dag.py:4180} INFO - Setting next_dagrun for example_skip_dag to 2025-01-27 00:00:00+00:00, run_after=2025-01-28 00:00:00+00:00
[2025-01-28T11:43:58.353+0530] {processor.py:208} INFO - Processing /home/verma-tv/.local/lib/python3.11/site-packages/airflow/example_dags/example_skip_dag.py took 0.054 seconds
[2025-01-28T11:44:49.003+0530] {processor.py:186} INFO - Started process (PID=18139) to work on /home/verma-tv/.local/lib/python3.11/site-packages/airflow/example_dags/example_skip_dag.py
[2025-01-28T11:44:49.016+0530] {processor.py:914} INFO - Processing file /home/verma-tv/.local/lib/python3.11/site-packages/airflow/example_dags/example_skip_dag.py for tasks to queue
[2025-01-28T11:44:49.018+0530] {logging_mixin.py:190} INFO - [2025-01-28T11:44:49.018+0530] {dagbag.py:588} INFO - Filling up the DagBag from /home/verma-tv/.local/lib/python3.11/site-packages/airflow/example_dags/example_skip_dag.py
[2025-01-28T11:44:49.026+0530] {processor.py:925} INFO - DAG(s) 'example_skip_dag' retrieved from /home/verma-tv/.local/lib/python3.11/site-packages/airflow/example_dags/example_skip_dag.py
[2025-01-28T11:44:49.040+0530] {logging_mixin.py:190} INFO - [2025-01-28T11:44:49.040+0530] {dag.py:3239} INFO - Sync 1 DAGs
[2025-01-28T11:44:49.057+0530] {logging_mixin.py:190} INFO - [2025-01-28T11:44:49.057+0530] {dag.py:4180} INFO - Setting next_dagrun for example_skip_dag to 2025-01-27 00:00:00+00:00, run_after=2025-01-28 00:00:00+00:00
[2025-01-28T11:44:49.083+0530] {processor.py:208} INFO - Processing /home/verma-tv/.local/lib/python3.11/site-packages/airflow/example_dags/example_skip_dag.py took 0.084 seconds
[2025-01-28T11:45:42.040+0530] {processor.py:186} INFO - Started process (PID=18325) to work on /home/verma-tv/.local/lib/python3.11/site-packages/airflow/example_dags/example_skip_dag.py
[2025-01-28T11:45:42.053+0530] {processor.py:914} INFO - Processing file /home/verma-tv/.local/lib/python3.11/site-packages/airflow/example_dags/example_skip_dag.py for tasks to queue
[2025-01-28T11:45:42.055+0530] {logging_mixin.py:190} INFO - [2025-01-28T11:45:42.055+0530] {dagbag.py:588} INFO - Filling up the DagBag from /home/verma-tv/.local/lib/python3.11/site-packages/airflow/example_dags/example_skip_dag.py
[2025-01-28T11:45:42.064+0530] {processor.py:925} INFO - DAG(s) 'example_skip_dag' retrieved from /home/verma-tv/.local/lib/python3.11/site-packages/airflow/example_dags/example_skip_dag.py
[2025-01-28T11:45:42.077+0530] {logging_mixin.py:190} INFO - [2025-01-28T11:45:42.076+0530] {dag.py:3239} INFO - Sync 1 DAGs
[2025-01-28T11:45:42.103+0530] {logging_mixin.py:190} INFO - [2025-01-28T11:45:42.103+0530] {dag.py:4180} INFO - Setting next_dagrun for example_skip_dag to 2025-01-27 00:00:00+00:00, run_after=2025-01-28 00:00:00+00:00
[2025-01-28T11:45:42.121+0530] {processor.py:208} INFO - Processing /home/verma-tv/.local/lib/python3.11/site-packages/airflow/example_dags/example_skip_dag.py took 0.085 seconds
[2025-01-28T11:46:36.318+0530] {processor.py:186} INFO - Started process (PID=18478) to work on /home/verma-tv/.local/lib/python3.11/site-packages/airflow/example_dags/example_skip_dag.py
[2025-01-28T11:46:36.330+0530] {processor.py:914} INFO - Processing file /home/verma-tv/.local/lib/python3.11/site-packages/airflow/example_dags/example_skip_dag.py for tasks to queue
[2025-01-28T11:46:36.333+0530] {logging_mixin.py:190} INFO - [2025-01-28T11:46:36.332+0530] {dagbag.py:588} INFO - Filling up the DagBag from /home/verma-tv/.local/lib/python3.11/site-packages/airflow/example_dags/example_skip_dag.py
[2025-01-28T11:46:36.339+0530] {processor.py:925} INFO - DAG(s) 'example_skip_dag' retrieved from /home/verma-tv/.local/lib/python3.11/site-packages/airflow/example_dags/example_skip_dag.py
[2025-01-28T11:46:36.351+0530] {logging_mixin.py:190} INFO - [2025-01-28T11:46:36.351+0530] {dag.py:3239} INFO - Sync 1 DAGs
[2025-01-28T11:46:36.365+0530] {logging_mixin.py:190} INFO - [2025-01-28T11:46:36.365+0530] {dag.py:4180} INFO - Setting next_dagrun for example_skip_dag to 2025-01-27 00:00:00+00:00, run_after=2025-01-28 00:00:00+00:00
[2025-01-28T11:46:36.378+0530] {processor.py:208} INFO - Processing /home/verma-tv/.local/lib/python3.11/site-packages/airflow/example_dags/example_skip_dag.py took 0.065 seconds
[2025-01-28T11:47:28.340+0530] {processor.py:186} INFO - Started process (PID=18882) to work on /home/verma-tv/.local/lib/python3.11/site-packages/airflow/example_dags/example_skip_dag.py
[2025-01-28T11:47:28.343+0530] {processor.py:914} INFO - Processing file /home/verma-tv/.local/lib/python3.11/site-packages/airflow/example_dags/example_skip_dag.py for tasks to queue
[2025-01-28T11:47:28.346+0530] {logging_mixin.py:190} INFO - [2025-01-28T11:47:28.346+0530] {dagbag.py:588} INFO - Filling up the DagBag from /home/verma-tv/.local/lib/python3.11/site-packages/airflow/example_dags/example_skip_dag.py
[2025-01-28T11:47:28.354+0530] {processor.py:925} INFO - DAG(s) 'example_skip_dag' retrieved from /home/verma-tv/.local/lib/python3.11/site-packages/airflow/example_dags/example_skip_dag.py
[2025-01-28T11:47:28.368+0530] {logging_mixin.py:190} INFO - [2025-01-28T11:47:28.368+0530] {dag.py:3239} INFO - Sync 1 DAGs
[2025-01-28T11:47:28.384+0530] {logging_mixin.py:190} INFO - [2025-01-28T11:47:28.384+0530] {dag.py:4180} INFO - Setting next_dagrun for example_skip_dag to 2025-01-27 00:00:00+00:00, run_after=2025-01-28 00:00:00+00:00
[2025-01-28T11:47:28.407+0530] {processor.py:208} INFO - Processing /home/verma-tv/.local/lib/python3.11/site-packages/airflow/example_dags/example_skip_dag.py took 0.074 seconds
[2025-01-28T11:48:20.476+0530] {processor.py:186} INFO - Started process (PID=19094) to work on /home/verma-tv/.local/lib/python3.11/site-packages/airflow/example_dags/example_skip_dag.py
[2025-01-28T11:48:20.489+0530] {processor.py:914} INFO - Processing file /home/verma-tv/.local/lib/python3.11/site-packages/airflow/example_dags/example_skip_dag.py for tasks to queue
[2025-01-28T11:48:20.491+0530] {logging_mixin.py:190} INFO - [2025-01-28T11:48:20.491+0530] {dagbag.py:588} INFO - Filling up the DagBag from /home/verma-tv/.local/lib/python3.11/site-packages/airflow/example_dags/example_skip_dag.py
[2025-01-28T11:48:20.498+0530] {processor.py:925} INFO - DAG(s) 'example_skip_dag' retrieved from /home/verma-tv/.local/lib/python3.11/site-packages/airflow/example_dags/example_skip_dag.py
[2025-01-28T11:48:20.510+0530] {logging_mixin.py:190} INFO - [2025-01-28T11:48:20.510+0530] {dag.py:3239} INFO - Sync 1 DAGs
[2025-01-28T11:48:20.523+0530] {logging_mixin.py:190} INFO - [2025-01-28T11:48:20.523+0530] {dag.py:4180} INFO - Setting next_dagrun for example_skip_dag to 2025-01-27 00:00:00+00:00, run_after=2025-01-28 00:00:00+00:00
[2025-01-28T11:48:20.537+0530] {processor.py:208} INFO - Processing /home/verma-tv/.local/lib/python3.11/site-packages/airflow/example_dags/example_skip_dag.py took 0.065 seconds
[2025-01-28T11:49:12.452+0530] {processor.py:186} INFO - Started process (PID=19369) to work on /home/verma-tv/.local/lib/python3.11/site-packages/airflow/example_dags/example_skip_dag.py
[2025-01-28T11:49:12.464+0530] {processor.py:914} INFO - Processing file /home/verma-tv/.local/lib/python3.11/site-packages/airflow/example_dags/example_skip_dag.py for tasks to queue
[2025-01-28T11:49:12.466+0530] {logging_mixin.py:190} INFO - [2025-01-28T11:49:12.466+0530] {dagbag.py:588} INFO - Filling up the DagBag from /home/verma-tv/.local/lib/python3.11/site-packages/airflow/example_dags/example_skip_dag.py
[2025-01-28T11:49:12.472+0530] {processor.py:925} INFO - DAG(s) 'example_skip_dag' retrieved from /home/verma-tv/.local/lib/python3.11/site-packages/airflow/example_dags/example_skip_dag.py
[2025-01-28T11:49:12.485+0530] {logging_mixin.py:190} INFO - [2025-01-28T11:49:12.485+0530] {dag.py:3239} INFO - Sync 1 DAGs
[2025-01-28T11:49:12.500+0530] {logging_mixin.py:190} INFO - [2025-01-28T11:49:12.500+0530] {dag.py:4180} INFO - Setting next_dagrun for example_skip_dag to 2025-01-27 00:00:00+00:00, run_after=2025-01-28 00:00:00+00:00
[2025-01-28T11:49:12.514+0530] {processor.py:208} INFO - Processing /home/verma-tv/.local/lib/python3.11/site-packages/airflow/example_dags/example_skip_dag.py took 0.068 seconds
[2025-01-28T11:50:02.815+0530] {processor.py:186} INFO - Started process (PID=19672) to work on /home/verma-tv/.local/lib/python3.11/site-packages/airflow/example_dags/example_skip_dag.py
[2025-01-28T11:50:02.827+0530] {processor.py:914} INFO - Processing file /home/verma-tv/.local/lib/python3.11/site-packages/airflow/example_dags/example_skip_dag.py for tasks to queue
[2025-01-28T11:50:02.830+0530] {logging_mixin.py:190} INFO - [2025-01-28T11:50:02.830+0530] {dagbag.py:588} INFO - Filling up the DagBag from /home/verma-tv/.local/lib/python3.11/site-packages/airflow/example_dags/example_skip_dag.py
[2025-01-28T11:50:02.838+0530] {processor.py:925} INFO - DAG(s) 'example_skip_dag' retrieved from /home/verma-tv/.local/lib/python3.11/site-packages/airflow/example_dags/example_skip_dag.py
[2025-01-28T11:50:02.852+0530] {logging_mixin.py:190} INFO - [2025-01-28T11:50:02.852+0530] {dag.py:3239} INFO - Sync 1 DAGs
[2025-01-28T11:50:02.868+0530] {logging_mixin.py:190} INFO - [2025-01-28T11:50:02.868+0530] {dag.py:4180} INFO - Setting next_dagrun for example_skip_dag to 2025-01-27 00:00:00+00:00, run_after=2025-01-28 00:00:00+00:00
[2025-01-28T11:50:02.885+0530] {processor.py:208} INFO - Processing /home/verma-tv/.local/lib/python3.11/site-packages/airflow/example_dags/example_skip_dag.py took 0.077 seconds
[2025-01-28T11:50:51.299+0530] {processor.py:186} INFO - Started process (PID=19826) to work on /home/verma-tv/.local/lib/python3.11/site-packages/airflow/example_dags/example_skip_dag.py
[2025-01-28T11:50:51.311+0530] {processor.py:914} INFO - Processing file /home/verma-tv/.local/lib/python3.11/site-packages/airflow/example_dags/example_skip_dag.py for tasks to queue
[2025-01-28T11:50:51.314+0530] {logging_mixin.py:190} INFO - [2025-01-28T11:50:51.314+0530] {dagbag.py:588} INFO - Filling up the DagBag from /home/verma-tv/.local/lib/python3.11/site-packages/airflow/example_dags/example_skip_dag.py
[2025-01-28T11:50:51.321+0530] {processor.py:925} INFO - DAG(s) 'example_skip_dag' retrieved from /home/verma-tv/.local/lib/python3.11/site-packages/airflow/example_dags/example_skip_dag.py
[2025-01-28T11:50:51.333+0530] {logging_mixin.py:190} INFO - [2025-01-28T11:50:51.333+0530] {dag.py:3239} INFO - Sync 1 DAGs
[2025-01-28T11:50:51.347+0530] {logging_mixin.py:190} INFO - [2025-01-28T11:50:51.347+0530] {dag.py:4180} INFO - Setting next_dagrun for example_skip_dag to 2025-01-27 00:00:00+00:00, run_after=2025-01-28 00:00:00+00:00
[2025-01-28T11:50:51.362+0530] {processor.py:208} INFO - Processing /home/verma-tv/.local/lib/python3.11/site-packages/airflow/example_dags/example_skip_dag.py took 0.068 seconds
[2025-01-28T11:51:43.061+0530] {processor.py:186} INFO - Started process (PID=20017) to work on /home/verma-tv/.local/lib/python3.11/site-packages/airflow/example_dags/example_skip_dag.py
[2025-01-28T11:51:43.073+0530] {processor.py:914} INFO - Processing file /home/verma-tv/.local/lib/python3.11/site-packages/airflow/example_dags/example_skip_dag.py for tasks to queue
[2025-01-28T11:51:43.076+0530] {logging_mixin.py:190} INFO - [2025-01-28T11:51:43.076+0530] {dagbag.py:588} INFO - Filling up the DagBag from /home/verma-tv/.local/lib/python3.11/site-packages/airflow/example_dags/example_skip_dag.py
[2025-01-28T11:51:43.082+0530] {processor.py:925} INFO - DAG(s) 'example_skip_dag' retrieved from /home/verma-tv/.local/lib/python3.11/site-packages/airflow/example_dags/example_skip_dag.py
[2025-01-28T11:51:43.094+0530] {logging_mixin.py:190} INFO - [2025-01-28T11:51:43.094+0530] {dag.py:3239} INFO - Sync 1 DAGs
[2025-01-28T11:51:43.108+0530] {logging_mixin.py:190} INFO - [2025-01-28T11:51:43.108+0530] {dag.py:4180} INFO - Setting next_dagrun for example_skip_dag to 2025-01-27 00:00:00+00:00, run_after=2025-01-28 00:00:00+00:00
[2025-01-28T11:51:43.121+0530] {processor.py:208} INFO - Processing /home/verma-tv/.local/lib/python3.11/site-packages/airflow/example_dags/example_skip_dag.py took 0.065 seconds
