[2025-01-28T11:40:13.194+0530] {processor.py:186} INFO - Started process (PID=17260) to work on /home/verma-tv/.local/lib/python3.11/site-packages/airflow/example_dags/example_branch_python_dop_operator_3.py
[2025-01-28T11:40:13.195+0530] {processor.py:914} INFO - Processing file /home/verma-tv/.local/lib/python3.11/site-packages/airflow/example_dags/example_branch_python_dop_operator_3.py for tasks to queue
[2025-01-28T11:40:13.196+0530] {logging_mixin.py:190} INFO - [2025-01-28T11:40:13.196+0530] {dagbag.py:588} INFO - Filling up the DagBag from /home/verma-tv/.local/lib/python3.11/site-packages/airflow/example_dags/example_branch_python_dop_operator_3.py
[2025-01-28T11:40:13.205+0530] {processor.py:925} INFO - DAG(s) 'example_branch_dop_operator_v3' retrieved from /home/verma-tv/.local/lib/python3.11/site-packages/airflow/example_dags/example_branch_python_dop_operator_3.py
[2025-01-28T11:40:13.370+0530] {logging_mixin.py:190} INFO - [2025-01-28T11:40:13.369+0530] {override.py:1912} INFO - Created Permission View: can read on DAG:example_branch_dop_operator_v3
[2025-01-28T11:40:13.377+0530] {logging_mixin.py:190} INFO - [2025-01-28T11:40:13.377+0530] {override.py:1912} INFO - Created Permission View: can edit on DAG:example_branch_dop_operator_v3
[2025-01-28T11:40:13.383+0530] {logging_mixin.py:190} INFO - [2025-01-28T11:40:13.382+0530] {override.py:1912} INFO - Created Permission View: can delete on DAG:example_branch_dop_operator_v3
[2025-01-28T11:40:13.390+0530] {logging_mixin.py:190} INFO - [2025-01-28T11:40:13.390+0530] {override.py:1912} INFO - Created Permission View: can read on DAG Run:example_branch_dop_operator_v3
[2025-01-28T11:40:13.395+0530] {logging_mixin.py:190} INFO - [2025-01-28T11:40:13.395+0530] {override.py:1912} INFO - Created Permission View: can delete on DAG Run:example_branch_dop_operator_v3
[2025-01-28T11:40:13.401+0530] {logging_mixin.py:190} INFO - [2025-01-28T11:40:13.401+0530] {override.py:1912} INFO - Created Permission View: menu access on DAG Run:example_branch_dop_operator_v3
[2025-01-28T11:40:13.406+0530] {logging_mixin.py:190} INFO - [2025-01-28T11:40:13.406+0530] {override.py:1912} INFO - Created Permission View: can create on DAG Run:example_branch_dop_operator_v3
[2025-01-28T11:40:13.406+0530] {logging_mixin.py:190} INFO - [2025-01-28T11:40:13.406+0530] {dag.py:3239} INFO - Sync 1 DAGs
[2025-01-28T11:40:13.414+0530] {logging_mixin.py:190} INFO - [2025-01-28T11:40:13.414+0530] {dag.py:3262} INFO - Creating ORM DAG for example_branch_dop_operator_v3
[2025-01-28T11:40:13.422+0530] {logging_mixin.py:190} INFO - [2025-01-28T11:40:13.422+0530] {dag.py:4180} INFO - Setting next_dagrun for example_branch_dop_operator_v3 to 2025-01-28 06:09:00+00:00, run_after=2025-01-28 06:10:00+00:00
[2025-01-28T11:40:13.436+0530] {processor.py:208} INFO - Processing /home/verma-tv/.local/lib/python3.11/site-packages/airflow/example_dags/example_branch_python_dop_operator_3.py took 0.247 seconds
[2025-01-28T11:41:08.587+0530] {processor.py:186} INFO - Started process (PID=17381) to work on /home/verma-tv/.local/lib/python3.11/site-packages/airflow/example_dags/example_branch_python_dop_operator_3.py
[2025-01-28T11:41:08.599+0530] {processor.py:914} INFO - Processing file /home/verma-tv/.local/lib/python3.11/site-packages/airflow/example_dags/example_branch_python_dop_operator_3.py for tasks to queue
[2025-01-28T11:41:08.601+0530] {logging_mixin.py:190} INFO - [2025-01-28T11:41:08.601+0530] {dagbag.py:588} INFO - Filling up the DagBag from /home/verma-tv/.local/lib/python3.11/site-packages/airflow/example_dags/example_branch_python_dop_operator_3.py
[2025-01-28T11:41:08.610+0530] {processor.py:925} INFO - DAG(s) 'example_branch_dop_operator_v3' retrieved from /home/verma-tv/.local/lib/python3.11/site-packages/airflow/example_dags/example_branch_python_dop_operator_3.py
[2025-01-28T11:41:08.621+0530] {logging_mixin.py:190} INFO - [2025-01-28T11:41:08.621+0530] {dag.py:3239} INFO - Sync 1 DAGs
[2025-01-28T11:41:08.636+0530] {logging_mixin.py:190} INFO - [2025-01-28T11:41:08.636+0530] {dag.py:4180} INFO - Setting next_dagrun for example_branch_dop_operator_v3 to 2025-01-28 06:10:00+00:00, run_after=2025-01-28 06:11:00+00:00
[2025-01-28T11:41:08.650+0530] {processor.py:208} INFO - Processing /home/verma-tv/.local/lib/python3.11/site-packages/airflow/example_dags/example_branch_python_dop_operator_3.py took 0.068 seconds
[2025-01-28T11:42:25.577+0530] {processor.py:186} INFO - Started process (PID=17672) to work on /home/verma-tv/.local/lib/python3.11/site-packages/airflow/example_dags/example_branch_python_dop_operator_3.py
[2025-01-28T11:42:25.578+0530] {processor.py:914} INFO - Processing file /home/verma-tv/.local/lib/python3.11/site-packages/airflow/example_dags/example_branch_python_dop_operator_3.py for tasks to queue
[2025-01-28T11:42:25.580+0530] {logging_mixin.py:190} INFO - [2025-01-28T11:42:25.579+0530] {dagbag.py:588} INFO - Filling up the DagBag from /home/verma-tv/.local/lib/python3.11/site-packages/airflow/example_dags/example_branch_python_dop_operator_3.py
[2025-01-28T11:42:25.588+0530] {processor.py:925} INFO - DAG(s) 'example_branch_dop_operator_v3' retrieved from /home/verma-tv/.local/lib/python3.11/site-packages/airflow/example_dags/example_branch_python_dop_operator_3.py
[2025-01-28T11:42:25.599+0530] {logging_mixin.py:190} INFO - [2025-01-28T11:42:25.599+0530] {dag.py:3239} INFO - Sync 1 DAGs
[2025-01-28T11:42:25.615+0530] {logging_mixin.py:190} INFO - [2025-01-28T11:42:25.614+0530] {dag.py:4180} INFO - Setting next_dagrun for example_branch_dop_operator_v3 to 2025-01-28 06:11:00+00:00, run_after=2025-01-28 06:12:00+00:00
[2025-01-28T11:42:25.628+0530] {processor.py:208} INFO - Processing /home/verma-tv/.local/lib/python3.11/site-packages/airflow/example_dags/example_branch_python_dop_operator_3.py took 0.056 seconds
[2025-01-28T11:43:41.438+0530] {processor.py:186} INFO - Started process (PID=17882) to work on /home/verma-tv/.local/lib/python3.11/site-packages/airflow/example_dags/example_branch_python_dop_operator_3.py
[2025-01-28T11:43:41.450+0530] {processor.py:914} INFO - Processing file /home/verma-tv/.local/lib/python3.11/site-packages/airflow/example_dags/example_branch_python_dop_operator_3.py for tasks to queue
[2025-01-28T11:43:41.452+0530] {logging_mixin.py:190} INFO - [2025-01-28T11:43:41.452+0530] {dagbag.py:588} INFO - Filling up the DagBag from /home/verma-tv/.local/lib/python3.11/site-packages/airflow/example_dags/example_branch_python_dop_operator_3.py
[2025-01-28T11:43:41.461+0530] {processor.py:925} INFO - DAG(s) 'example_branch_dop_operator_v3' retrieved from /home/verma-tv/.local/lib/python3.11/site-packages/airflow/example_dags/example_branch_python_dop_operator_3.py
[2025-01-28T11:43:41.472+0530] {logging_mixin.py:190} INFO - [2025-01-28T11:43:41.472+0530] {dag.py:3239} INFO - Sync 1 DAGs
[2025-01-28T11:43:41.488+0530] {logging_mixin.py:190} INFO - [2025-01-28T11:43:41.488+0530] {dag.py:4180} INFO - Setting next_dagrun for example_branch_dop_operator_v3 to 2025-01-28 06:12:00+00:00, run_after=2025-01-28 06:13:00+00:00
[2025-01-28T11:43:41.502+0530] {processor.py:208} INFO - Processing /home/verma-tv/.local/lib/python3.11/site-packages/airflow/example_dags/example_branch_python_dop_operator_3.py took 0.069 seconds
[2025-01-28T11:44:56.716+0530] {processor.py:186} INFO - Started process (PID=18165) to work on /home/verma-tv/.local/lib/python3.11/site-packages/airflow/example_dags/example_branch_python_dop_operator_3.py
[2025-01-28T11:44:56.728+0530] {processor.py:914} INFO - Processing file /home/verma-tv/.local/lib/python3.11/site-packages/airflow/example_dags/example_branch_python_dop_operator_3.py for tasks to queue
[2025-01-28T11:44:56.730+0530] {logging_mixin.py:190} INFO - [2025-01-28T11:44:56.730+0530] {dagbag.py:588} INFO - Filling up the DagBag from /home/verma-tv/.local/lib/python3.11/site-packages/airflow/example_dags/example_branch_python_dop_operator_3.py
[2025-01-28T11:44:56.741+0530] {processor.py:925} INFO - DAG(s) 'example_branch_dop_operator_v3' retrieved from /home/verma-tv/.local/lib/python3.11/site-packages/airflow/example_dags/example_branch_python_dop_operator_3.py
[2025-01-28T11:44:56.753+0530] {logging_mixin.py:190} INFO - [2025-01-28T11:44:56.753+0530] {dag.py:3239} INFO - Sync 1 DAGs
[2025-01-28T11:44:56.774+0530] {logging_mixin.py:190} INFO - [2025-01-28T11:44:56.774+0530] {dag.py:4180} INFO - Setting next_dagrun for example_branch_dop_operator_v3 to 2025-01-28 06:13:00+00:00, run_after=2025-01-28 06:14:00+00:00
[2025-01-28T11:44:56.791+0530] {processor.py:208} INFO - Processing /home/verma-tv/.local/lib/python3.11/site-packages/airflow/example_dags/example_branch_python_dop_operator_3.py took 0.081 seconds
[2025-01-28T11:45:53.468+0530] {processor.py:186} INFO - Started process (PID=18346) to work on /home/verma-tv/.local/lib/python3.11/site-packages/airflow/example_dags/example_branch_python_dop_operator_3.py
[2025-01-28T11:45:53.480+0530] {processor.py:914} INFO - Processing file /home/verma-tv/.local/lib/python3.11/site-packages/airflow/example_dags/example_branch_python_dop_operator_3.py for tasks to queue
[2025-01-28T11:45:53.483+0530] {logging_mixin.py:190} INFO - [2025-01-28T11:45:53.483+0530] {dagbag.py:588} INFO - Filling up the DagBag from /home/verma-tv/.local/lib/python3.11/site-packages/airflow/example_dags/example_branch_python_dop_operator_3.py
[2025-01-28T11:45:53.494+0530] {processor.py:925} INFO - DAG(s) 'example_branch_dop_operator_v3' retrieved from /home/verma-tv/.local/lib/python3.11/site-packages/airflow/example_dags/example_branch_python_dop_operator_3.py
[2025-01-28T11:45:53.508+0530] {logging_mixin.py:190} INFO - [2025-01-28T11:45:53.508+0530] {dag.py:3239} INFO - Sync 1 DAGs
[2025-01-28T11:45:53.527+0530] {logging_mixin.py:190} INFO - [2025-01-28T11:45:53.527+0530] {dag.py:4180} INFO - Setting next_dagrun for example_branch_dop_operator_v3 to 2025-01-28 06:14:00+00:00, run_after=2025-01-28 06:15:00+00:00
[2025-01-28T11:45:53.544+0530] {processor.py:208} INFO - Processing /home/verma-tv/.local/lib/python3.11/site-packages/airflow/example_dags/example_branch_python_dop_operator_3.py took 0.081 seconds
[2025-01-28T11:47:13.099+0530] {processor.py:186} INFO - Started process (PID=18728) to work on /home/verma-tv/.local/lib/python3.11/site-packages/airflow/example_dags/example_branch_python_dop_operator_3.py
[2025-01-28T11:47:13.112+0530] {processor.py:914} INFO - Processing file /home/verma-tv/.local/lib/python3.11/site-packages/airflow/example_dags/example_branch_python_dop_operator_3.py for tasks to queue
[2025-01-28T11:47:13.114+0530] {logging_mixin.py:190} INFO - [2025-01-28T11:47:13.114+0530] {dagbag.py:588} INFO - Filling up the DagBag from /home/verma-tv/.local/lib/python3.11/site-packages/airflow/example_dags/example_branch_python_dop_operator_3.py
[2025-01-28T11:47:13.123+0530] {processor.py:925} INFO - DAG(s) 'example_branch_dop_operator_v3' retrieved from /home/verma-tv/.local/lib/python3.11/site-packages/airflow/example_dags/example_branch_python_dop_operator_3.py
[2025-01-28T11:47:13.135+0530] {logging_mixin.py:190} INFO - [2025-01-28T11:47:13.134+0530] {dag.py:3239} INFO - Sync 1 DAGs
[2025-01-28T11:47:13.150+0530] {logging_mixin.py:190} INFO - [2025-01-28T11:47:13.150+0530] {dag.py:4180} INFO - Setting next_dagrun for example_branch_dop_operator_v3 to 2025-01-28 06:16:00+00:00, run_after=2025-01-28 06:17:00+00:00
[2025-01-28T11:47:13.174+0530] {processor.py:208} INFO - Processing /home/verma-tv/.local/lib/python3.11/site-packages/airflow/example_dags/example_branch_python_dop_operator_3.py took 0.080 seconds
[2025-01-28T11:48:30.766+0530] {processor.py:186} INFO - Started process (PID=19115) to work on /home/verma-tv/.local/lib/python3.11/site-packages/airflow/example_dags/example_branch_python_dop_operator_3.py
[2025-01-28T11:48:30.778+0530] {processor.py:914} INFO - Processing file /home/verma-tv/.local/lib/python3.11/site-packages/airflow/example_dags/example_branch_python_dop_operator_3.py for tasks to queue
[2025-01-28T11:48:30.780+0530] {logging_mixin.py:190} INFO - [2025-01-28T11:48:30.780+0530] {dagbag.py:588} INFO - Filling up the DagBag from /home/verma-tv/.local/lib/python3.11/site-packages/airflow/example_dags/example_branch_python_dop_operator_3.py
[2025-01-28T11:48:30.789+0530] {processor.py:925} INFO - DAG(s) 'example_branch_dop_operator_v3' retrieved from /home/verma-tv/.local/lib/python3.11/site-packages/airflow/example_dags/example_branch_python_dop_operator_3.py
[2025-01-28T11:48:30.802+0530] {logging_mixin.py:190} INFO - [2025-01-28T11:48:30.802+0530] {dag.py:3239} INFO - Sync 1 DAGs
[2025-01-28T11:48:30.818+0530] {logging_mixin.py:190} INFO - [2025-01-28T11:48:30.817+0530] {dag.py:4180} INFO - Setting next_dagrun for example_branch_dop_operator_v3 to 2025-01-28 06:17:00+00:00, run_after=2025-01-28 06:18:00+00:00
[2025-01-28T11:48:30.832+0530] {processor.py:208} INFO - Processing /home/verma-tv/.local/lib/python3.11/site-packages/airflow/example_dags/example_branch_python_dop_operator_3.py took 0.071 seconds
[2025-01-28T11:49:47.486+0530] {processor.py:186} INFO - Started process (PID=19647) to work on /home/verma-tv/.local/lib/python3.11/site-packages/airflow/example_dags/example_branch_python_dop_operator_3.py
[2025-01-28T11:49:47.498+0530] {processor.py:914} INFO - Processing file /home/verma-tv/.local/lib/python3.11/site-packages/airflow/example_dags/example_branch_python_dop_operator_3.py for tasks to queue
[2025-01-28T11:49:47.500+0530] {logging_mixin.py:190} INFO - [2025-01-28T11:49:47.500+0530] {dagbag.py:588} INFO - Filling up the DagBag from /home/verma-tv/.local/lib/python3.11/site-packages/airflow/example_dags/example_branch_python_dop_operator_3.py
[2025-01-28T11:49:47.509+0530] {processor.py:925} INFO - DAG(s) 'example_branch_dop_operator_v3' retrieved from /home/verma-tv/.local/lib/python3.11/site-packages/airflow/example_dags/example_branch_python_dop_operator_3.py
[2025-01-28T11:49:47.520+0530] {logging_mixin.py:190} INFO - [2025-01-28T11:49:47.520+0530] {dag.py:3239} INFO - Sync 1 DAGs
[2025-01-28T11:49:47.536+0530] {logging_mixin.py:190} INFO - [2025-01-28T11:49:47.536+0530] {dag.py:4180} INFO - Setting next_dagrun for example_branch_dop_operator_v3 to 2025-01-28 06:18:00+00:00, run_after=2025-01-28 06:19:00+00:00
[2025-01-28T11:49:47.550+0530] {processor.py:208} INFO - Processing /home/verma-tv/.local/lib/python3.11/site-packages/airflow/example_dags/example_branch_python_dop_operator_3.py took 0.069 seconds
[2025-01-28T11:51:02.234+0530] {processor.py:186} INFO - Started process (PID=19849) to work on /home/verma-tv/.local/lib/python3.11/site-packages/airflow/example_dags/example_branch_python_dop_operator_3.py
[2025-01-28T11:51:02.247+0530] {processor.py:914} INFO - Processing file /home/verma-tv/.local/lib/python3.11/site-packages/airflow/example_dags/example_branch_python_dop_operator_3.py for tasks to queue
[2025-01-28T11:51:02.249+0530] {logging_mixin.py:190} INFO - [2025-01-28T11:51:02.249+0530] {dagbag.py:588} INFO - Filling up the DagBag from /home/verma-tv/.local/lib/python3.11/site-packages/airflow/example_dags/example_branch_python_dop_operator_3.py
[2025-01-28T11:51:02.258+0530] {processor.py:925} INFO - DAG(s) 'example_branch_dop_operator_v3' retrieved from /home/verma-tv/.local/lib/python3.11/site-packages/airflow/example_dags/example_branch_python_dop_operator_3.py
[2025-01-28T11:51:02.270+0530] {logging_mixin.py:190} INFO - [2025-01-28T11:51:02.269+0530] {dag.py:3239} INFO - Sync 1 DAGs
[2025-01-28T11:51:02.286+0530] {logging_mixin.py:190} INFO - [2025-01-28T11:51:02.286+0530] {dag.py:4180} INFO - Setting next_dagrun for example_branch_dop_operator_v3 to 2025-01-28 06:20:00+00:00, run_after=2025-01-28 06:21:00+00:00
[2025-01-28T11:51:02.300+0530] {processor.py:208} INFO - Processing /home/verma-tv/.local/lib/python3.11/site-packages/airflow/example_dags/example_branch_python_dop_operator_3.py took 0.071 seconds
