[2025-01-28T11:40:02.769+0530] {processor.py:186} INFO - Started process (PID=17175) to work on /home/verma-tv/.local/lib/python3.11/site-packages/airflow/example_dags/example_latest_only.py
[2025-01-28T11:40:02.770+0530] {processor.py:914} INFO - Processing file /home/verma-tv/.local/lib/python3.11/site-packages/airflow/example_dags/example_latest_only.py for tasks to queue
[2025-01-28T11:40:02.772+0530] {logging_mixin.py:190} INFO - [2025-01-28T11:40:02.771+0530] {dagbag.py:588} INFO - Filling up the DagBag from /home/verma-tv/.local/lib/python3.11/site-packages/airflow/example_dags/example_latest_only.py
[2025-01-28T11:40:02.778+0530] {processor.py:925} INFO - DAG(s) 'latest_only' retrieved from /home/verma-tv/.local/lib/python3.11/site-packages/airflow/example_dags/example_latest_only.py
[2025-01-28T11:40:02.880+0530] {logging_mixin.py:190} INFO - [2025-01-28T11:40:02.879+0530] {override.py:1912} INFO - Created Permission View: can read on DAG:latest_only
[2025-01-28T11:40:02.887+0530] {logging_mixin.py:190} INFO - [2025-01-28T11:40:02.887+0530] {override.py:1912} INFO - Created Permission View: can edit on DAG:latest_only
[2025-01-28T11:40:02.892+0530] {logging_mixin.py:190} INFO - [2025-01-28T11:40:02.892+0530] {override.py:1912} INFO - Created Permission View: can delete on DAG:latest_only
[2025-01-28T11:40:02.900+0530] {logging_mixin.py:190} INFO - [2025-01-28T11:40:02.900+0530] {override.py:1912} INFO - Created Permission View: can read on DAG Run:latest_only
[2025-01-28T11:40:02.905+0530] {logging_mixin.py:190} INFO - [2025-01-28T11:40:02.905+0530] {override.py:1912} INFO - Created Permission View: can delete on DAG Run:latest_only
[2025-01-28T11:40:02.910+0530] {logging_mixin.py:190} INFO - [2025-01-28T11:40:02.910+0530] {override.py:1912} INFO - Created Permission View: menu access on DAG Run:latest_only
[2025-01-28T11:40:02.915+0530] {logging_mixin.py:190} INFO - [2025-01-28T11:40:02.914+0530] {override.py:1912} INFO - Created Permission View: can create on DAG Run:latest_only
[2025-01-28T11:40:02.915+0530] {logging_mixin.py:190} INFO - [2025-01-28T11:40:02.915+0530] {dag.py:3239} INFO - Sync 1 DAGs
[2025-01-28T11:40:02.922+0530] {logging_mixin.py:190} INFO - [2025-01-28T11:40:02.922+0530] {dag.py:3262} INFO - Creating ORM DAG for latest_only
[2025-01-28T11:40:02.928+0530] {logging_mixin.py:190} INFO - [2025-01-28T11:40:02.928+0530] {dag.py:4180} INFO - Setting next_dagrun for latest_only to 2025-01-28 00:00:00+00:00, run_after=2025-01-28 04:00:00+00:00
[2025-01-28T11:40:02.941+0530] {processor.py:208} INFO - Processing /home/verma-tv/.local/lib/python3.11/site-packages/airflow/example_dags/example_latest_only.py took 0.176 seconds
[2025-01-28T11:41:00.043+0530] {processor.py:186} INFO - Started process (PID=17364) to work on /home/verma-tv/.local/lib/python3.11/site-packages/airflow/example_dags/example_latest_only.py
[2025-01-28T11:41:00.055+0530] {processor.py:914} INFO - Processing file /home/verma-tv/.local/lib/python3.11/site-packages/airflow/example_dags/example_latest_only.py for tasks to queue
[2025-01-28T11:41:00.057+0530] {logging_mixin.py:190} INFO - [2025-01-28T11:41:00.057+0530] {dagbag.py:588} INFO - Filling up the DagBag from /home/verma-tv/.local/lib/python3.11/site-packages/airflow/example_dags/example_latest_only.py
[2025-01-28T11:41:00.063+0530] {processor.py:925} INFO - DAG(s) 'latest_only' retrieved from /home/verma-tv/.local/lib/python3.11/site-packages/airflow/example_dags/example_latest_only.py
[2025-01-28T11:41:00.074+0530] {logging_mixin.py:190} INFO - [2025-01-28T11:41:00.074+0530] {dag.py:3239} INFO - Sync 1 DAGs
[2025-01-28T11:41:00.088+0530] {logging_mixin.py:190} INFO - [2025-01-28T11:41:00.088+0530] {dag.py:4180} INFO - Setting next_dagrun for latest_only to 2025-01-28 00:00:00+00:00, run_after=2025-01-28 04:00:00+00:00
[2025-01-28T11:41:00.102+0530] {processor.py:208} INFO - Processing /home/verma-tv/.local/lib/python3.11/site-packages/airflow/example_dags/example_latest_only.py took 0.064 seconds
[2025-01-28T11:41:56.003+0530] {processor.py:186} INFO - Started process (PID=17530) to work on /home/verma-tv/.local/lib/python3.11/site-packages/airflow/example_dags/example_latest_only.py
[2025-01-28T11:41:56.016+0530] {processor.py:914} INFO - Processing file /home/verma-tv/.local/lib/python3.11/site-packages/airflow/example_dags/example_latest_only.py for tasks to queue
[2025-01-28T11:41:56.018+0530] {logging_mixin.py:190} INFO - [2025-01-28T11:41:56.017+0530] {dagbag.py:588} INFO - Filling up the DagBag from /home/verma-tv/.local/lib/python3.11/site-packages/airflow/example_dags/example_latest_only.py
[2025-01-28T11:41:56.024+0530] {processor.py:925} INFO - DAG(s) 'latest_only' retrieved from /home/verma-tv/.local/lib/python3.11/site-packages/airflow/example_dags/example_latest_only.py
[2025-01-28T11:41:56.035+0530] {logging_mixin.py:190} INFO - [2025-01-28T11:41:56.035+0530] {dag.py:3239} INFO - Sync 1 DAGs
[2025-01-28T11:41:56.049+0530] {logging_mixin.py:190} INFO - [2025-01-28T11:41:56.049+0530] {dag.py:4180} INFO - Setting next_dagrun for latest_only to 2025-01-28 00:00:00+00:00, run_after=2025-01-28 04:00:00+00:00
[2025-01-28T11:41:56.062+0530] {processor.py:208} INFO - Processing /home/verma-tv/.local/lib/python3.11/site-packages/airflow/example_dags/example_latest_only.py took 0.064 seconds
[2025-01-28T11:42:51.281+0530] {processor.py:186} INFO - Started process (PID=17720) to work on /home/verma-tv/.local/lib/python3.11/site-packages/airflow/example_dags/example_latest_only.py
[2025-01-28T11:42:51.294+0530] {processor.py:914} INFO - Processing file /home/verma-tv/.local/lib/python3.11/site-packages/airflow/example_dags/example_latest_only.py for tasks to queue
[2025-01-28T11:42:51.296+0530] {logging_mixin.py:190} INFO - [2025-01-28T11:42:51.296+0530] {dagbag.py:588} INFO - Filling up the DagBag from /home/verma-tv/.local/lib/python3.11/site-packages/airflow/example_dags/example_latest_only.py
[2025-01-28T11:42:51.302+0530] {processor.py:925} INFO - DAG(s) 'latest_only' retrieved from /home/verma-tv/.local/lib/python3.11/site-packages/airflow/example_dags/example_latest_only.py
[2025-01-28T11:42:51.313+0530] {logging_mixin.py:190} INFO - [2025-01-28T11:42:51.313+0530] {dag.py:3239} INFO - Sync 1 DAGs
[2025-01-28T11:42:51.327+0530] {logging_mixin.py:190} INFO - [2025-01-28T11:42:51.327+0530] {dag.py:4180} INFO - Setting next_dagrun for latest_only to 2025-01-28 00:00:00+00:00, run_after=2025-01-28 04:00:00+00:00
[2025-01-28T11:42:51.341+0530] {processor.py:208} INFO - Processing /home/verma-tv/.local/lib/python3.11/site-packages/airflow/example_dags/example_latest_only.py took 0.065 seconds
[2025-01-28T11:44:07.542+0530] {processor.py:186} INFO - Started process (PID=17933) to work on /home/verma-tv/.local/lib/python3.11/site-packages/airflow/example_dags/example_latest_only.py
[2025-01-28T11:44:07.555+0530] {processor.py:914} INFO - Processing file /home/verma-tv/.local/lib/python3.11/site-packages/airflow/example_dags/example_latest_only.py for tasks to queue
[2025-01-28T11:44:07.557+0530] {logging_mixin.py:190} INFO - [2025-01-28T11:44:07.557+0530] {dagbag.py:588} INFO - Filling up the DagBag from /home/verma-tv/.local/lib/python3.11/site-packages/airflow/example_dags/example_latest_only.py
[2025-01-28T11:44:07.563+0530] {processor.py:925} INFO - DAG(s) 'latest_only' retrieved from /home/verma-tv/.local/lib/python3.11/site-packages/airflow/example_dags/example_latest_only.py
[2025-01-28T11:44:07.578+0530] {logging_mixin.py:190} INFO - [2025-01-28T11:44:07.577+0530] {dag.py:3239} INFO - Sync 1 DAGs
[2025-01-28T11:44:07.602+0530] {logging_mixin.py:190} INFO - [2025-01-28T11:44:07.602+0530] {dag.py:4180} INFO - Setting next_dagrun for latest_only to 2025-01-28 00:00:00+00:00, run_after=2025-01-28 04:00:00+00:00
[2025-01-28T11:44:07.631+0530] {processor.py:208} INFO - Processing /home/verma-tv/.local/lib/python3.11/site-packages/airflow/example_dags/example_latest_only.py took 0.093 seconds
[2025-01-28T11:45:24.741+0530] {processor.py:186} INFO - Started process (PID=18290) to work on /home/verma-tv/.local/lib/python3.11/site-packages/airflow/example_dags/example_latest_only.py
[2025-01-28T11:45:24.742+0530] {processor.py:914} INFO - Processing file /home/verma-tv/.local/lib/python3.11/site-packages/airflow/example_dags/example_latest_only.py for tasks to queue
[2025-01-28T11:45:24.744+0530] {logging_mixin.py:190} INFO - [2025-01-28T11:45:24.743+0530] {dagbag.py:588} INFO - Filling up the DagBag from /home/verma-tv/.local/lib/python3.11/site-packages/airflow/example_dags/example_latest_only.py
[2025-01-28T11:45:24.753+0530] {processor.py:925} INFO - DAG(s) 'latest_only' retrieved from /home/verma-tv/.local/lib/python3.11/site-packages/airflow/example_dags/example_latest_only.py
[2025-01-28T11:45:24.769+0530] {logging_mixin.py:190} INFO - [2025-01-28T11:45:24.769+0530] {dag.py:3239} INFO - Sync 1 DAGs
[2025-01-28T11:45:24.790+0530] {logging_mixin.py:190} INFO - [2025-01-28T11:45:24.790+0530] {dag.py:4180} INFO - Setting next_dagrun for latest_only to 2025-01-28 00:00:00+00:00, run_after=2025-01-28 04:00:00+00:00
[2025-01-28T11:45:24.810+0530] {processor.py:208} INFO - Processing /home/verma-tv/.local/lib/python3.11/site-packages/airflow/example_dags/example_latest_only.py took 0.074 seconds
[2025-01-28T11:46:41.569+0530] {processor.py:186} INFO - Started process (PID=18498) to work on /home/verma-tv/.local/lib/python3.11/site-packages/airflow/example_dags/example_latest_only.py
[2025-01-28T11:46:41.582+0530] {processor.py:914} INFO - Processing file /home/verma-tv/.local/lib/python3.11/site-packages/airflow/example_dags/example_latest_only.py for tasks to queue
[2025-01-28T11:46:41.584+0530] {logging_mixin.py:190} INFO - [2025-01-28T11:46:41.583+0530] {dagbag.py:588} INFO - Filling up the DagBag from /home/verma-tv/.local/lib/python3.11/site-packages/airflow/example_dags/example_latest_only.py
[2025-01-28T11:46:41.590+0530] {processor.py:925} INFO - DAG(s) 'latest_only' retrieved from /home/verma-tv/.local/lib/python3.11/site-packages/airflow/example_dags/example_latest_only.py
[2025-01-28T11:46:41.601+0530] {logging_mixin.py:190} INFO - [2025-01-28T11:46:41.601+0530] {dag.py:3239} INFO - Sync 1 DAGs
[2025-01-28T11:46:41.614+0530] {logging_mixin.py:190} INFO - [2025-01-28T11:46:41.614+0530] {dag.py:4180} INFO - Setting next_dagrun for latest_only to 2025-01-28 00:00:00+00:00, run_after=2025-01-28 04:00:00+00:00
[2025-01-28T11:46:41.628+0530] {processor.py:208} INFO - Processing /home/verma-tv/.local/lib/python3.11/site-packages/airflow/example_dags/example_latest_only.py took 0.063 seconds
[2025-01-28T11:47:35.228+0530] {processor.py:186} INFO - Started process (PID=18893) to work on /home/verma-tv/.local/lib/python3.11/site-packages/airflow/example_dags/example_latest_only.py
[2025-01-28T11:47:35.240+0530] {processor.py:914} INFO - Processing file /home/verma-tv/.local/lib/python3.11/site-packages/airflow/example_dags/example_latest_only.py for tasks to queue
[2025-01-28T11:47:35.242+0530] {logging_mixin.py:190} INFO - [2025-01-28T11:47:35.241+0530] {dagbag.py:588} INFO - Filling up the DagBag from /home/verma-tv/.local/lib/python3.11/site-packages/airflow/example_dags/example_latest_only.py
[2025-01-28T11:47:35.248+0530] {processor.py:925} INFO - DAG(s) 'latest_only' retrieved from /home/verma-tv/.local/lib/python3.11/site-packages/airflow/example_dags/example_latest_only.py
[2025-01-28T11:47:35.260+0530] {logging_mixin.py:190} INFO - [2025-01-28T11:47:35.259+0530] {dag.py:3239} INFO - Sync 1 DAGs
[2025-01-28T11:47:35.274+0530] {logging_mixin.py:190} INFO - [2025-01-28T11:47:35.273+0530] {dag.py:4180} INFO - Setting next_dagrun for latest_only to 2025-01-28 00:00:00+00:00, run_after=2025-01-28 04:00:00+00:00
[2025-01-28T11:47:35.293+0530] {processor.py:208} INFO - Processing /home/verma-tv/.local/lib/python3.11/site-packages/airflow/example_dags/example_latest_only.py took 0.070 seconds
[2025-01-28T11:48:27.899+0530] {processor.py:186} INFO - Started process (PID=19110) to work on /home/verma-tv/.local/lib/python3.11/site-packages/airflow/example_dags/example_latest_only.py
[2025-01-28T11:48:27.911+0530] {processor.py:914} INFO - Processing file /home/verma-tv/.local/lib/python3.11/site-packages/airflow/example_dags/example_latest_only.py for tasks to queue
[2025-01-28T11:48:27.913+0530] {logging_mixin.py:190} INFO - [2025-01-28T11:48:27.913+0530] {dagbag.py:588} INFO - Filling up the DagBag from /home/verma-tv/.local/lib/python3.11/site-packages/airflow/example_dags/example_latest_only.py
[2025-01-28T11:48:27.919+0530] {processor.py:925} INFO - DAG(s) 'latest_only' retrieved from /home/verma-tv/.local/lib/python3.11/site-packages/airflow/example_dags/example_latest_only.py
[2025-01-28T11:48:27.930+0530] {logging_mixin.py:190} INFO - [2025-01-28T11:48:27.930+0530] {dag.py:3239} INFO - Sync 1 DAGs
[2025-01-28T11:48:27.944+0530] {logging_mixin.py:190} INFO - [2025-01-28T11:48:27.944+0530] {dag.py:4180} INFO - Setting next_dagrun for latest_only to 2025-01-28 00:00:00+00:00, run_after=2025-01-28 04:00:00+00:00
[2025-01-28T11:48:27.959+0530] {processor.py:208} INFO - Processing /home/verma-tv/.local/lib/python3.11/site-packages/airflow/example_dags/example_latest_only.py took 0.065 seconds
[2025-01-28T11:49:19.319+0530] {processor.py:186} INFO - Started process (PID=19437) to work on /home/verma-tv/.local/lib/python3.11/site-packages/airflow/example_dags/example_latest_only.py
[2025-01-28T11:49:19.330+0530] {processor.py:914} INFO - Processing file /home/verma-tv/.local/lib/python3.11/site-packages/airflow/example_dags/example_latest_only.py for tasks to queue
[2025-01-28T11:49:19.333+0530] {logging_mixin.py:190} INFO - [2025-01-28T11:49:19.332+0530] {dagbag.py:588} INFO - Filling up the DagBag from /home/verma-tv/.local/lib/python3.11/site-packages/airflow/example_dags/example_latest_only.py
[2025-01-28T11:49:19.339+0530] {processor.py:925} INFO - DAG(s) 'latest_only' retrieved from /home/verma-tv/.local/lib/python3.11/site-packages/airflow/example_dags/example_latest_only.py
[2025-01-28T11:49:19.350+0530] {logging_mixin.py:190} INFO - [2025-01-28T11:49:19.350+0530] {dag.py:3239} INFO - Sync 1 DAGs
[2025-01-28T11:49:19.363+0530] {logging_mixin.py:190} INFO - [2025-01-28T11:49:19.363+0530] {dag.py:4180} INFO - Setting next_dagrun for latest_only to 2025-01-28 00:00:00+00:00, run_after=2025-01-28 04:00:00+00:00
[2025-01-28T11:49:19.377+0530] {processor.py:208} INFO - Processing /home/verma-tv/.local/lib/python3.11/site-packages/airflow/example_dags/example_latest_only.py took 0.063 seconds
[2025-01-28T11:50:31.388+0530] {processor.py:186} INFO - Started process (PID=19793) to work on /home/verma-tv/.local/lib/python3.11/site-packages/airflow/example_dags/example_latest_only.py
[2025-01-28T11:50:31.389+0530] {processor.py:914} INFO - Processing file /home/verma-tv/.local/lib/python3.11/site-packages/airflow/example_dags/example_latest_only.py for tasks to queue
[2025-01-28T11:50:31.391+0530] {logging_mixin.py:190} INFO - [2025-01-28T11:50:31.390+0530] {dagbag.py:588} INFO - Filling up the DagBag from /home/verma-tv/.local/lib/python3.11/site-packages/airflow/example_dags/example_latest_only.py
[2025-01-28T11:50:31.397+0530] {processor.py:925} INFO - DAG(s) 'latest_only' retrieved from /home/verma-tv/.local/lib/python3.11/site-packages/airflow/example_dags/example_latest_only.py
[2025-01-28T11:50:31.408+0530] {logging_mixin.py:190} INFO - [2025-01-28T11:50:31.408+0530] {dag.py:3239} INFO - Sync 1 DAGs
[2025-01-28T11:50:31.421+0530] {logging_mixin.py:190} INFO - [2025-01-28T11:50:31.421+0530] {dag.py:4180} INFO - Setting next_dagrun for latest_only to 2025-01-28 00:00:00+00:00, run_after=2025-01-28 04:00:00+00:00
[2025-01-28T11:50:31.435+0530] {processor.py:208} INFO - Processing /home/verma-tv/.local/lib/python3.11/site-packages/airflow/example_dags/example_latest_only.py took 0.052 seconds
[2025-01-28T11:51:23.726+0530] {processor.py:186} INFO - Started process (PID=19965) to work on /home/verma-tv/.local/lib/python3.11/site-packages/airflow/example_dags/example_latest_only.py
[2025-01-28T11:51:23.739+0530] {processor.py:914} INFO - Processing file /home/verma-tv/.local/lib/python3.11/site-packages/airflow/example_dags/example_latest_only.py for tasks to queue
[2025-01-28T11:51:23.741+0530] {logging_mixin.py:190} INFO - [2025-01-28T11:51:23.741+0530] {dagbag.py:588} INFO - Filling up the DagBag from /home/verma-tv/.local/lib/python3.11/site-packages/airflow/example_dags/example_latest_only.py
[2025-01-28T11:51:23.747+0530] {processor.py:925} INFO - DAG(s) 'latest_only' retrieved from /home/verma-tv/.local/lib/python3.11/site-packages/airflow/example_dags/example_latest_only.py
[2025-01-28T11:51:23.758+0530] {logging_mixin.py:190} INFO - [2025-01-28T11:51:23.758+0530] {dag.py:3239} INFO - Sync 1 DAGs
[2025-01-28T11:51:23.771+0530] {logging_mixin.py:190} INFO - [2025-01-28T11:51:23.771+0530] {dag.py:4180} INFO - Setting next_dagrun for latest_only to 2025-01-28 00:00:00+00:00, run_after=2025-01-28 04:00:00+00:00
[2025-01-28T11:51:23.785+0530] {processor.py:208} INFO - Processing /home/verma-tv/.local/lib/python3.11/site-packages/airflow/example_dags/example_latest_only.py took 0.064 seconds
[2025-01-28T12:01:35.938+0530] {processor.py:186} INFO - Started process (PID=23114) to work on /home/verma-tv/.local/lib/python3.11/site-packages/airflow/example_dags/example_latest_only.py
[2025-01-28T12:01:35.947+0530] {processor.py:914} INFO - Processing file /home/verma-tv/.local/lib/python3.11/site-packages/airflow/example_dags/example_latest_only.py for tasks to queue
[2025-01-28T12:01:35.949+0530] {logging_mixin.py:190} INFO - [2025-01-28T12:01:35.949+0530] {dagbag.py:588} INFO - Filling up the DagBag from /home/verma-tv/.local/lib/python3.11/site-packages/airflow/example_dags/example_latest_only.py
[2025-01-28T12:01:35.955+0530] {processor.py:925} INFO - DAG(s) 'latest_only' retrieved from /home/verma-tv/.local/lib/python3.11/site-packages/airflow/example_dags/example_latest_only.py
[2025-01-28T12:01:35.966+0530] {logging_mixin.py:190} INFO - [2025-01-28T12:01:35.966+0530] {dag.py:3239} INFO - Sync 1 DAGs
[2025-01-28T12:01:35.979+0530] {logging_mixin.py:190} INFO - [2025-01-28T12:01:35.979+0530] {dag.py:4180} INFO - Setting next_dagrun for latest_only to 2025-01-28 00:00:00+00:00, run_after=2025-01-28 04:00:00+00:00
[2025-01-28T12:01:35.994+0530] {processor.py:208} INFO - Processing /home/verma-tv/.local/lib/python3.11/site-packages/airflow/example_dags/example_latest_only.py took 0.062 seconds
[2025-01-28T12:02:31.425+0530] {processor.py:186} INFO - Started process (PID=23448) to work on /home/verma-tv/.local/lib/python3.11/site-packages/airflow/example_dags/example_latest_only.py
[2025-01-28T12:02:31.438+0530] {processor.py:914} INFO - Processing file /home/verma-tv/.local/lib/python3.11/site-packages/airflow/example_dags/example_latest_only.py for tasks to queue
[2025-01-28T12:02:31.440+0530] {logging_mixin.py:190} INFO - [2025-01-28T12:02:31.440+0530] {dagbag.py:588} INFO - Filling up the DagBag from /home/verma-tv/.local/lib/python3.11/site-packages/airflow/example_dags/example_latest_only.py
[2025-01-28T12:02:31.446+0530] {processor.py:925} INFO - DAG(s) 'latest_only' retrieved from /home/verma-tv/.local/lib/python3.11/site-packages/airflow/example_dags/example_latest_only.py
[2025-01-28T12:02:31.458+0530] {logging_mixin.py:190} INFO - [2025-01-28T12:02:31.458+0530] {dag.py:3239} INFO - Sync 1 DAGs
[2025-01-28T12:02:31.471+0530] {logging_mixin.py:190} INFO - [2025-01-28T12:02:31.471+0530] {dag.py:4180} INFO - Setting next_dagrun for latest_only to 2025-01-28 00:00:00+00:00, run_after=2025-01-28 04:00:00+00:00
[2025-01-28T12:02:31.484+0530] {processor.py:208} INFO - Processing /home/verma-tv/.local/lib/python3.11/site-packages/airflow/example_dags/example_latest_only.py took 0.064 seconds
[2025-01-28T12:04:15.222+0530] {processor.py:186} INFO - Started process (PID=24530) to work on /home/verma-tv/.local/lib/python3.11/site-packages/airflow/example_dags/example_latest_only.py
[2025-01-28T12:04:15.235+0530] {processor.py:914} INFO - Processing file /home/verma-tv/.local/lib/python3.11/site-packages/airflow/example_dags/example_latest_only.py for tasks to queue
[2025-01-28T12:04:15.237+0530] {logging_mixin.py:190} INFO - [2025-01-28T12:04:15.237+0530] {dagbag.py:588} INFO - Filling up the DagBag from /home/verma-tv/.local/lib/python3.11/site-packages/airflow/example_dags/example_latest_only.py
[2025-01-28T12:04:15.243+0530] {processor.py:925} INFO - DAG(s) 'latest_only' retrieved from /home/verma-tv/.local/lib/python3.11/site-packages/airflow/example_dags/example_latest_only.py
[2025-01-28T12:04:15.254+0530] {logging_mixin.py:190} INFO - [2025-01-28T12:04:15.254+0530] {dag.py:3239} INFO - Sync 1 DAGs
[2025-01-28T12:04:15.267+0530] {logging_mixin.py:190} INFO - [2025-01-28T12:04:15.267+0530] {dag.py:4180} INFO - Setting next_dagrun for latest_only to 2025-01-28 00:00:00+00:00, run_after=2025-01-28 04:00:00+00:00
[2025-01-28T12:04:15.280+0530] {processor.py:208} INFO - Processing /home/verma-tv/.local/lib/python3.11/site-packages/airflow/example_dags/example_latest_only.py took 0.063 seconds
[2025-01-28T12:05:09.151+0530] {processor.py:186} INFO - Started process (PID=25116) to work on /home/verma-tv/.local/lib/python3.11/site-packages/airflow/example_dags/example_latest_only.py
[2025-01-28T12:05:09.163+0530] {processor.py:914} INFO - Processing file /home/verma-tv/.local/lib/python3.11/site-packages/airflow/example_dags/example_latest_only.py for tasks to queue
[2025-01-28T12:05:09.166+0530] {logging_mixin.py:190} INFO - [2025-01-28T12:05:09.166+0530] {dagbag.py:588} INFO - Filling up the DagBag from /home/verma-tv/.local/lib/python3.11/site-packages/airflow/example_dags/example_latest_only.py
[2025-01-28T12:05:09.172+0530] {processor.py:925} INFO - DAG(s) 'latest_only' retrieved from /home/verma-tv/.local/lib/python3.11/site-packages/airflow/example_dags/example_latest_only.py
[2025-01-28T12:05:09.184+0530] {logging_mixin.py:190} INFO - [2025-01-28T12:05:09.184+0530] {dag.py:3239} INFO - Sync 1 DAGs
[2025-01-28T12:05:09.198+0530] {logging_mixin.py:190} INFO - [2025-01-28T12:05:09.198+0530] {dag.py:4180} INFO - Setting next_dagrun for latest_only to 2025-01-28 00:00:00+00:00, run_after=2025-01-28 04:00:00+00:00
[2025-01-28T12:05:09.212+0530] {processor.py:208} INFO - Processing /home/verma-tv/.local/lib/python3.11/site-packages/airflow/example_dags/example_latest_only.py took 0.066 seconds
[2025-01-28T12:06:20.115+0530] {processor.py:186} INFO - Started process (PID=25460) to work on /home/verma-tv/.local/lib/python3.11/site-packages/airflow/example_dags/example_latest_only.py
[2025-01-28T12:06:20.116+0530] {processor.py:914} INFO - Processing file /home/verma-tv/.local/lib/python3.11/site-packages/airflow/example_dags/example_latest_only.py for tasks to queue
[2025-01-28T12:06:20.118+0530] {logging_mixin.py:190} INFO - [2025-01-28T12:06:20.118+0530] {dagbag.py:588} INFO - Filling up the DagBag from /home/verma-tv/.local/lib/python3.11/site-packages/airflow/example_dags/example_latest_only.py
[2025-01-28T12:06:20.124+0530] {processor.py:925} INFO - DAG(s) 'latest_only' retrieved from /home/verma-tv/.local/lib/python3.11/site-packages/airflow/example_dags/example_latest_only.py
[2025-01-28T12:06:20.135+0530] {logging_mixin.py:190} INFO - [2025-01-28T12:06:20.134+0530] {dag.py:3239} INFO - Sync 1 DAGs
[2025-01-28T12:06:20.148+0530] {logging_mixin.py:190} INFO - [2025-01-28T12:06:20.147+0530] {dag.py:4180} INFO - Setting next_dagrun for latest_only to 2025-01-28 00:00:00+00:00, run_after=2025-01-28 04:00:00+00:00
[2025-01-28T12:06:20.161+0530] {processor.py:208} INFO - Processing /home/verma-tv/.local/lib/python3.11/site-packages/airflow/example_dags/example_latest_only.py took 0.051 seconds
[2025-01-28T12:07:32.201+0530] {processor.py:186} INFO - Started process (PID=25827) to work on /home/verma-tv/.local/lib/python3.11/site-packages/airflow/example_dags/example_latest_only.py
[2025-01-28T12:07:32.214+0530] {processor.py:914} INFO - Processing file /home/verma-tv/.local/lib/python3.11/site-packages/airflow/example_dags/example_latest_only.py for tasks to queue
[2025-01-28T12:07:32.216+0530] {logging_mixin.py:190} INFO - [2025-01-28T12:07:32.216+0530] {dagbag.py:588} INFO - Filling up the DagBag from /home/verma-tv/.local/lib/python3.11/site-packages/airflow/example_dags/example_latest_only.py
[2025-01-28T12:07:32.222+0530] {processor.py:925} INFO - DAG(s) 'latest_only' retrieved from /home/verma-tv/.local/lib/python3.11/site-packages/airflow/example_dags/example_latest_only.py
[2025-01-28T12:07:32.235+0530] {logging_mixin.py:190} INFO - [2025-01-28T12:07:32.235+0530] {dag.py:3239} INFO - Sync 1 DAGs
[2025-01-28T12:07:32.250+0530] {logging_mixin.py:190} INFO - [2025-01-28T12:07:32.250+0530] {dag.py:4180} INFO - Setting next_dagrun for latest_only to 2025-01-28 00:00:00+00:00, run_after=2025-01-28 04:00:00+00:00
[2025-01-28T12:07:32.265+0530] {processor.py:208} INFO - Processing /home/verma-tv/.local/lib/python3.11/site-packages/airflow/example_dags/example_latest_only.py took 0.068 seconds
[2025-01-28T12:08:25.651+0530] {processor.py:186} INFO - Started process (PID=26156) to work on /home/verma-tv/.local/lib/python3.11/site-packages/airflow/example_dags/example_latest_only.py
[2025-01-28T12:08:25.663+0530] {processor.py:914} INFO - Processing file /home/verma-tv/.local/lib/python3.11/site-packages/airflow/example_dags/example_latest_only.py for tasks to queue
[2025-01-28T12:08:25.665+0530] {logging_mixin.py:190} INFO - [2025-01-28T12:08:25.665+0530] {dagbag.py:588} INFO - Filling up the DagBag from /home/verma-tv/.local/lib/python3.11/site-packages/airflow/example_dags/example_latest_only.py
[2025-01-28T12:08:25.671+0530] {processor.py:925} INFO - DAG(s) 'latest_only' retrieved from /home/verma-tv/.local/lib/python3.11/site-packages/airflow/example_dags/example_latest_only.py
[2025-01-28T12:08:25.682+0530] {logging_mixin.py:190} INFO - [2025-01-28T12:08:25.682+0530] {dag.py:3239} INFO - Sync 1 DAGs
[2025-01-28T12:08:25.695+0530] {logging_mixin.py:190} INFO - [2025-01-28T12:08:25.695+0530] {dag.py:4180} INFO - Setting next_dagrun for latest_only to 2025-01-28 00:00:00+00:00, run_after=2025-01-28 04:00:00+00:00
[2025-01-28T12:08:25.709+0530] {processor.py:208} INFO - Processing /home/verma-tv/.local/lib/python3.11/site-packages/airflow/example_dags/example_latest_only.py took 0.063 seconds
[2025-01-28T12:09:17.044+0530] {processor.py:186} INFO - Started process (PID=26585) to work on /home/verma-tv/.local/lib/python3.11/site-packages/airflow/example_dags/example_latest_only.py
[2025-01-28T12:09:17.057+0530] {processor.py:914} INFO - Processing file /home/verma-tv/.local/lib/python3.11/site-packages/airflow/example_dags/example_latest_only.py for tasks to queue
[2025-01-28T12:09:17.059+0530] {logging_mixin.py:190} INFO - [2025-01-28T12:09:17.059+0530] {dagbag.py:588} INFO - Filling up the DagBag from /home/verma-tv/.local/lib/python3.11/site-packages/airflow/example_dags/example_latest_only.py
[2025-01-28T12:09:17.065+0530] {processor.py:925} INFO - DAG(s) 'latest_only' retrieved from /home/verma-tv/.local/lib/python3.11/site-packages/airflow/example_dags/example_latest_only.py
[2025-01-28T12:09:17.076+0530] {logging_mixin.py:190} INFO - [2025-01-28T12:09:17.076+0530] {dag.py:3239} INFO - Sync 1 DAGs
[2025-01-28T12:09:17.090+0530] {logging_mixin.py:190} INFO - [2025-01-28T12:09:17.089+0530] {dag.py:4180} INFO - Setting next_dagrun for latest_only to 2025-01-28 00:00:00+00:00, run_after=2025-01-28 04:00:00+00:00
[2025-01-28T12:09:17.103+0530] {processor.py:208} INFO - Processing /home/verma-tv/.local/lib/python3.11/site-packages/airflow/example_dags/example_latest_only.py took 0.064 seconds
[2025-01-28T12:10:31.610+0530] {processor.py:186} INFO - Started process (PID=27155) to work on /home/verma-tv/.local/lib/python3.11/site-packages/airflow/example_dags/example_latest_only.py
[2025-01-28T12:10:31.611+0530] {processor.py:914} INFO - Processing file /home/verma-tv/.local/lib/python3.11/site-packages/airflow/example_dags/example_latest_only.py for tasks to queue
[2025-01-28T12:10:31.613+0530] {logging_mixin.py:190} INFO - [2025-01-28T12:10:31.612+0530] {dagbag.py:588} INFO - Filling up the DagBag from /home/verma-tv/.local/lib/python3.11/site-packages/airflow/example_dags/example_latest_only.py
[2025-01-28T12:10:31.619+0530] {processor.py:925} INFO - DAG(s) 'latest_only' retrieved from /home/verma-tv/.local/lib/python3.11/site-packages/airflow/example_dags/example_latest_only.py
[2025-01-28T12:10:31.630+0530] {logging_mixin.py:190} INFO - [2025-01-28T12:10:31.630+0530] {dag.py:3239} INFO - Sync 1 DAGs
[2025-01-28T12:10:31.643+0530] {logging_mixin.py:190} INFO - [2025-01-28T12:10:31.643+0530] {dag.py:4180} INFO - Setting next_dagrun for latest_only to 2025-01-28 00:00:00+00:00, run_after=2025-01-28 04:00:00+00:00
[2025-01-28T12:10:31.656+0530] {processor.py:208} INFO - Processing /home/verma-tv/.local/lib/python3.11/site-packages/airflow/example_dags/example_latest_only.py took 0.051 seconds
[2025-01-28T12:11:24.129+0530] {processor.py:186} INFO - Started process (PID=27436) to work on /home/verma-tv/.local/lib/python3.11/site-packages/airflow/example_dags/example_latest_only.py
[2025-01-28T12:11:24.130+0530] {processor.py:914} INFO - Processing file /home/verma-tv/.local/lib/python3.11/site-packages/airflow/example_dags/example_latest_only.py for tasks to queue
[2025-01-28T12:11:24.132+0530] {logging_mixin.py:190} INFO - [2025-01-28T12:11:24.131+0530] {dagbag.py:588} INFO - Filling up the DagBag from /home/verma-tv/.local/lib/python3.11/site-packages/airflow/example_dags/example_latest_only.py
[2025-01-28T12:11:24.138+0530] {processor.py:925} INFO - DAG(s) 'latest_only' retrieved from /home/verma-tv/.local/lib/python3.11/site-packages/airflow/example_dags/example_latest_only.py
[2025-01-28T12:11:24.152+0530] {logging_mixin.py:190} INFO - [2025-01-28T12:11:24.152+0530] {dag.py:3239} INFO - Sync 1 DAGs
[2025-01-28T12:11:24.174+0530] {logging_mixin.py:190} INFO - [2025-01-28T12:11:24.174+0530] {dag.py:4180} INFO - Setting next_dagrun for latest_only to 2025-01-28 00:00:00+00:00, run_after=2025-01-28 04:00:00+00:00
[2025-01-28T12:11:24.193+0530] {processor.py:208} INFO - Processing /home/verma-tv/.local/lib/python3.11/site-packages/airflow/example_dags/example_latest_only.py took 0.074 seconds
[2025-01-28T12:12:40.936+0530] {processor.py:186} INFO - Started process (PID=28127) to work on /home/verma-tv/.local/lib/python3.11/site-packages/airflow/example_dags/example_latest_only.py
[2025-01-28T12:12:40.940+0530] {processor.py:914} INFO - Processing file /home/verma-tv/.local/lib/python3.11/site-packages/airflow/example_dags/example_latest_only.py for tasks to queue
[2025-01-28T12:12:40.942+0530] {logging_mixin.py:190} INFO - [2025-01-28T12:12:40.942+0530] {dagbag.py:588} INFO - Filling up the DagBag from /home/verma-tv/.local/lib/python3.11/site-packages/airflow/example_dags/example_latest_only.py
[2025-01-28T12:12:40.948+0530] {processor.py:925} INFO - DAG(s) 'latest_only' retrieved from /home/verma-tv/.local/lib/python3.11/site-packages/airflow/example_dags/example_latest_only.py
[2025-01-28T12:12:40.959+0530] {logging_mixin.py:190} INFO - [2025-01-28T12:12:40.959+0530] {dag.py:3239} INFO - Sync 1 DAGs
[2025-01-28T12:12:40.973+0530] {logging_mixin.py:190} INFO - [2025-01-28T12:12:40.973+0530] {dag.py:4180} INFO - Setting next_dagrun for latest_only to 2025-01-28 00:00:00+00:00, run_after=2025-01-28 04:00:00+00:00
[2025-01-28T12:12:40.987+0530] {processor.py:208} INFO - Processing /home/verma-tv/.local/lib/python3.11/site-packages/airflow/example_dags/example_latest_only.py took 0.057 seconds
[2025-01-28T12:13:34.087+0530] {processor.py:186} INFO - Started process (PID=28378) to work on /home/verma-tv/.local/lib/python3.11/site-packages/airflow/example_dags/example_latest_only.py
[2025-01-28T12:13:34.087+0530] {processor.py:914} INFO - Processing file /home/verma-tv/.local/lib/python3.11/site-packages/airflow/example_dags/example_latest_only.py for tasks to queue
[2025-01-28T12:13:34.089+0530] {logging_mixin.py:190} INFO - [2025-01-28T12:13:34.089+0530] {dagbag.py:588} INFO - Filling up the DagBag from /home/verma-tv/.local/lib/python3.11/site-packages/airflow/example_dags/example_latest_only.py
[2025-01-28T12:13:34.095+0530] {processor.py:925} INFO - DAG(s) 'latest_only' retrieved from /home/verma-tv/.local/lib/python3.11/site-packages/airflow/example_dags/example_latest_only.py
[2025-01-28T12:13:34.107+0530] {logging_mixin.py:190} INFO - [2025-01-28T12:13:34.106+0530] {dag.py:3239} INFO - Sync 1 DAGs
[2025-01-28T12:13:34.120+0530] {logging_mixin.py:190} INFO - [2025-01-28T12:13:34.119+0530] {dag.py:4180} INFO - Setting next_dagrun for latest_only to 2025-01-28 00:00:00+00:00, run_after=2025-01-28 04:00:00+00:00
[2025-01-28T12:13:34.134+0530] {processor.py:208} INFO - Processing /home/verma-tv/.local/lib/python3.11/site-packages/airflow/example_dags/example_latest_only.py took 0.053 seconds
[2025-01-28T12:14:47.884+0530] {processor.py:186} INFO - Started process (PID=29330) to work on /home/verma-tv/.local/lib/python3.11/site-packages/airflow/example_dags/example_latest_only.py
[2025-01-28T12:14:47.896+0530] {processor.py:914} INFO - Processing file /home/verma-tv/.local/lib/python3.11/site-packages/airflow/example_dags/example_latest_only.py for tasks to queue
[2025-01-28T12:14:47.899+0530] {logging_mixin.py:190} INFO - [2025-01-28T12:14:47.898+0530] {dagbag.py:588} INFO - Filling up the DagBag from /home/verma-tv/.local/lib/python3.11/site-packages/airflow/example_dags/example_latest_only.py
[2025-01-28T12:14:47.904+0530] {processor.py:925} INFO - DAG(s) 'latest_only' retrieved from /home/verma-tv/.local/lib/python3.11/site-packages/airflow/example_dags/example_latest_only.py
[2025-01-28T12:14:47.916+0530] {logging_mixin.py:190} INFO - [2025-01-28T12:14:47.916+0530] {dag.py:3239} INFO - Sync 1 DAGs
[2025-01-28T12:14:47.929+0530] {logging_mixin.py:190} INFO - [2025-01-28T12:14:47.929+0530] {dag.py:4180} INFO - Setting next_dagrun for latest_only to 2025-01-28 00:00:00+00:00, run_after=2025-01-28 04:00:00+00:00
[2025-01-28T12:14:47.943+0530] {processor.py:208} INFO - Processing /home/verma-tv/.local/lib/python3.11/site-packages/airflow/example_dags/example_latest_only.py took 0.064 seconds
[2025-01-28T12:16:05.734+0530] {processor.py:186} INFO - Started process (PID=30143) to work on /home/verma-tv/.local/lib/python3.11/site-packages/airflow/example_dags/example_latest_only.py
[2025-01-28T12:16:05.746+0530] {processor.py:914} INFO - Processing file /home/verma-tv/.local/lib/python3.11/site-packages/airflow/example_dags/example_latest_only.py for tasks to queue
[2025-01-28T12:16:05.749+0530] {logging_mixin.py:190} INFO - [2025-01-28T12:16:05.749+0530] {dagbag.py:588} INFO - Filling up the DagBag from /home/verma-tv/.local/lib/python3.11/site-packages/airflow/example_dags/example_latest_only.py
[2025-01-28T12:16:05.755+0530] {processor.py:925} INFO - DAG(s) 'latest_only' retrieved from /home/verma-tv/.local/lib/python3.11/site-packages/airflow/example_dags/example_latest_only.py
[2025-01-28T12:16:05.766+0530] {logging_mixin.py:190} INFO - [2025-01-28T12:16:05.766+0530] {dag.py:3239} INFO - Sync 1 DAGs
[2025-01-28T12:16:05.779+0530] {logging_mixin.py:190} INFO - [2025-01-28T12:16:05.779+0530] {dag.py:4180} INFO - Setting next_dagrun for latest_only to 2025-01-28 00:00:00+00:00, run_after=2025-01-28 04:00:00+00:00
[2025-01-28T12:16:05.794+0530] {processor.py:208} INFO - Processing /home/verma-tv/.local/lib/python3.11/site-packages/airflow/example_dags/example_latest_only.py took 0.064 seconds
[2025-01-28T12:17:22.471+0530] {processor.py:186} INFO - Started process (PID=30385) to work on /home/verma-tv/.local/lib/python3.11/site-packages/airflow/example_dags/example_latest_only.py
[2025-01-28T12:17:22.483+0530] {processor.py:914} INFO - Processing file /home/verma-tv/.local/lib/python3.11/site-packages/airflow/example_dags/example_latest_only.py for tasks to queue
[2025-01-28T12:17:22.486+0530] {logging_mixin.py:190} INFO - [2025-01-28T12:17:22.485+0530] {dagbag.py:588} INFO - Filling up the DagBag from /home/verma-tv/.local/lib/python3.11/site-packages/airflow/example_dags/example_latest_only.py
[2025-01-28T12:17:22.492+0530] {processor.py:925} INFO - DAG(s) 'latest_only' retrieved from /home/verma-tv/.local/lib/python3.11/site-packages/airflow/example_dags/example_latest_only.py
[2025-01-28T12:17:22.503+0530] {logging_mixin.py:190} INFO - [2025-01-28T12:17:22.503+0530] {dag.py:3239} INFO - Sync 1 DAGs
[2025-01-28T12:17:22.516+0530] {logging_mixin.py:190} INFO - [2025-01-28T12:17:22.516+0530] {dag.py:4180} INFO - Setting next_dagrun for latest_only to 2025-01-28 00:00:00+00:00, run_after=2025-01-28 04:00:00+00:00
[2025-01-28T12:17:22.530+0530] {processor.py:208} INFO - Processing /home/verma-tv/.local/lib/python3.11/site-packages/airflow/example_dags/example_latest_only.py took 0.063 seconds
[2025-01-28T12:18:37.033+0530] {processor.py:186} INFO - Started process (PID=30625) to work on /home/verma-tv/.local/lib/python3.11/site-packages/airflow/example_dags/example_latest_only.py
[2025-01-28T12:18:37.045+0530] {processor.py:914} INFO - Processing file /home/verma-tv/.local/lib/python3.11/site-packages/airflow/example_dags/example_latest_only.py for tasks to queue
[2025-01-28T12:18:37.048+0530] {logging_mixin.py:190} INFO - [2025-01-28T12:18:37.048+0530] {dagbag.py:588} INFO - Filling up the DagBag from /home/verma-tv/.local/lib/python3.11/site-packages/airflow/example_dags/example_latest_only.py
[2025-01-28T12:18:37.054+0530] {processor.py:925} INFO - DAG(s) 'latest_only' retrieved from /home/verma-tv/.local/lib/python3.11/site-packages/airflow/example_dags/example_latest_only.py
[2025-01-28T12:18:37.065+0530] {logging_mixin.py:190} INFO - [2025-01-28T12:18:37.065+0530] {dag.py:3239} INFO - Sync 1 DAGs
[2025-01-28T12:18:37.079+0530] {logging_mixin.py:190} INFO - [2025-01-28T12:18:37.079+0530] {dag.py:4180} INFO - Setting next_dagrun for latest_only to 2025-01-28 00:00:00+00:00, run_after=2025-01-28 04:00:00+00:00
[2025-01-28T12:18:37.093+0530] {processor.py:208} INFO - Processing /home/verma-tv/.local/lib/python3.11/site-packages/airflow/example_dags/example_latest_only.py took 0.065 seconds
[2025-01-28T12:19:53.922+0530] {processor.py:186} INFO - Started process (PID=30922) to work on /home/verma-tv/.local/lib/python3.11/site-packages/airflow/example_dags/example_latest_only.py
[2025-01-28T12:19:53.935+0530] {processor.py:914} INFO - Processing file /home/verma-tv/.local/lib/python3.11/site-packages/airflow/example_dags/example_latest_only.py for tasks to queue
[2025-01-28T12:19:53.937+0530] {logging_mixin.py:190} INFO - [2025-01-28T12:19:53.937+0530] {dagbag.py:588} INFO - Filling up the DagBag from /home/verma-tv/.local/lib/python3.11/site-packages/airflow/example_dags/example_latest_only.py
[2025-01-28T12:19:53.943+0530] {processor.py:925} INFO - DAG(s) 'latest_only' retrieved from /home/verma-tv/.local/lib/python3.11/site-packages/airflow/example_dags/example_latest_only.py
[2025-01-28T12:19:53.954+0530] {logging_mixin.py:190} INFO - [2025-01-28T12:19:53.954+0530] {dag.py:3239} INFO - Sync 1 DAGs
[2025-01-28T12:19:53.967+0530] {logging_mixin.py:190} INFO - [2025-01-28T12:19:53.967+0530] {dag.py:4180} INFO - Setting next_dagrun for latest_only to 2025-01-28 00:00:00+00:00, run_after=2025-01-28 04:00:00+00:00
[2025-01-28T12:19:53.985+0530] {processor.py:208} INFO - Processing /home/verma-tv/.local/lib/python3.11/site-packages/airflow/example_dags/example_latest_only.py took 0.067 seconds
[2025-01-28T12:20:46.965+0530] {processor.py:186} INFO - Started process (PID=31034) to work on /home/verma-tv/.local/lib/python3.11/site-packages/airflow/example_dags/example_latest_only.py
[2025-01-28T12:20:46.977+0530] {processor.py:914} INFO - Processing file /home/verma-tv/.local/lib/python3.11/site-packages/airflow/example_dags/example_latest_only.py for tasks to queue
[2025-01-28T12:20:46.979+0530] {logging_mixin.py:190} INFO - [2025-01-28T12:20:46.979+0530] {dagbag.py:588} INFO - Filling up the DagBag from /home/verma-tv/.local/lib/python3.11/site-packages/airflow/example_dags/example_latest_only.py
[2025-01-28T12:20:46.985+0530] {processor.py:925} INFO - DAG(s) 'latest_only' retrieved from /home/verma-tv/.local/lib/python3.11/site-packages/airflow/example_dags/example_latest_only.py
[2025-01-28T12:20:46.996+0530] {logging_mixin.py:190} INFO - [2025-01-28T12:20:46.996+0530] {dag.py:3239} INFO - Sync 1 DAGs
[2025-01-28T12:20:47.009+0530] {logging_mixin.py:190} INFO - [2025-01-28T12:20:47.009+0530] {dag.py:4180} INFO - Setting next_dagrun for latest_only to 2025-01-28 00:00:00+00:00, run_after=2025-01-28 04:00:00+00:00
[2025-01-28T12:20:47.023+0530] {processor.py:208} INFO - Processing /home/verma-tv/.local/lib/python3.11/site-packages/airflow/example_dags/example_latest_only.py took 0.062 seconds
[2025-01-28T12:22:00.093+0530] {processor.py:186} INFO - Started process (PID=31351) to work on /home/verma-tv/.local/lib/python3.11/site-packages/airflow/example_dags/example_latest_only.py
[2025-01-28T12:22:00.105+0530] {processor.py:914} INFO - Processing file /home/verma-tv/.local/lib/python3.11/site-packages/airflow/example_dags/example_latest_only.py for tasks to queue
[2025-01-28T12:22:00.107+0530] {logging_mixin.py:190} INFO - [2025-01-28T12:22:00.107+0530] {dagbag.py:588} INFO - Filling up the DagBag from /home/verma-tv/.local/lib/python3.11/site-packages/airflow/example_dags/example_latest_only.py
[2025-01-28T12:22:00.113+0530] {processor.py:925} INFO - DAG(s) 'latest_only' retrieved from /home/verma-tv/.local/lib/python3.11/site-packages/airflow/example_dags/example_latest_only.py
[2025-01-28T12:22:00.124+0530] {logging_mixin.py:190} INFO - [2025-01-28T12:22:00.124+0530] {dag.py:3239} INFO - Sync 1 DAGs
[2025-01-28T12:22:00.138+0530] {logging_mixin.py:190} INFO - [2025-01-28T12:22:00.138+0530] {dag.py:4180} INFO - Setting next_dagrun for latest_only to 2025-01-28 00:00:00+00:00, run_after=2025-01-28 04:00:00+00:00
[2025-01-28T12:22:00.153+0530] {processor.py:208} INFO - Processing /home/verma-tv/.local/lib/python3.11/site-packages/airflow/example_dags/example_latest_only.py took 0.065 seconds
[2025-01-28T12:23:12.006+0530] {processor.py:186} INFO - Started process (PID=31565) to work on /home/verma-tv/.local/lib/python3.11/site-packages/airflow/example_dags/example_latest_only.py
[2025-01-28T12:23:12.018+0530] {processor.py:914} INFO - Processing file /home/verma-tv/.local/lib/python3.11/site-packages/airflow/example_dags/example_latest_only.py for tasks to queue
[2025-01-28T12:23:12.020+0530] {logging_mixin.py:190} INFO - [2025-01-28T12:23:12.020+0530] {dagbag.py:588} INFO - Filling up the DagBag from /home/verma-tv/.local/lib/python3.11/site-packages/airflow/example_dags/example_latest_only.py
[2025-01-28T12:23:12.026+0530] {processor.py:925} INFO - DAG(s) 'latest_only' retrieved from /home/verma-tv/.local/lib/python3.11/site-packages/airflow/example_dags/example_latest_only.py
[2025-01-28T12:23:12.037+0530] {logging_mixin.py:190} INFO - [2025-01-28T12:23:12.037+0530] {dag.py:3239} INFO - Sync 1 DAGs
[2025-01-28T12:23:12.050+0530] {logging_mixin.py:190} INFO - [2025-01-28T12:23:12.050+0530] {dag.py:4180} INFO - Setting next_dagrun for latest_only to 2025-01-28 00:00:00+00:00, run_after=2025-01-28 04:00:00+00:00
[2025-01-28T12:23:12.064+0530] {processor.py:208} INFO - Processing /home/verma-tv/.local/lib/python3.11/site-packages/airflow/example_dags/example_latest_only.py took 0.063 seconds
[2025-01-28T12:24:26.375+0530] {processor.py:186} INFO - Started process (PID=31858) to work on /home/verma-tv/.local/lib/python3.11/site-packages/airflow/example_dags/example_latest_only.py
[2025-01-28T12:24:26.379+0530] {processor.py:914} INFO - Processing file /home/verma-tv/.local/lib/python3.11/site-packages/airflow/example_dags/example_latest_only.py for tasks to queue
[2025-01-28T12:24:26.382+0530] {logging_mixin.py:190} INFO - [2025-01-28T12:24:26.381+0530] {dagbag.py:588} INFO - Filling up the DagBag from /home/verma-tv/.local/lib/python3.11/site-packages/airflow/example_dags/example_latest_only.py
[2025-01-28T12:24:26.388+0530] {processor.py:925} INFO - DAG(s) 'latest_only' retrieved from /home/verma-tv/.local/lib/python3.11/site-packages/airflow/example_dags/example_latest_only.py
[2025-01-28T12:24:26.399+0530] {logging_mixin.py:190} INFO - [2025-01-28T12:24:26.399+0530] {dag.py:3239} INFO - Sync 1 DAGs
[2025-01-28T12:24:26.412+0530] {logging_mixin.py:190} INFO - [2025-01-28T12:24:26.412+0530] {dag.py:4180} INFO - Setting next_dagrun for latest_only to 2025-01-28 00:00:00+00:00, run_after=2025-01-28 04:00:00+00:00
[2025-01-28T12:24:26.426+0530] {processor.py:208} INFO - Processing /home/verma-tv/.local/lib/python3.11/site-packages/airflow/example_dags/example_latest_only.py took 0.056 seconds
[2025-01-28T12:25:21.784+0530] {processor.py:186} INFO - Started process (PID=32232) to work on /home/verma-tv/.local/lib/python3.11/site-packages/airflow/example_dags/example_latest_only.py
[2025-01-28T12:25:21.796+0530] {processor.py:914} INFO - Processing file /home/verma-tv/.local/lib/python3.11/site-packages/airflow/example_dags/example_latest_only.py for tasks to queue
[2025-01-28T12:25:21.799+0530] {logging_mixin.py:190} INFO - [2025-01-28T12:25:21.798+0530] {dagbag.py:588} INFO - Filling up the DagBag from /home/verma-tv/.local/lib/python3.11/site-packages/airflow/example_dags/example_latest_only.py
[2025-01-28T12:25:21.806+0530] {processor.py:925} INFO - DAG(s) 'latest_only' retrieved from /home/verma-tv/.local/lib/python3.11/site-packages/airflow/example_dags/example_latest_only.py
[2025-01-28T12:25:21.829+0530] {logging_mixin.py:190} INFO - [2025-01-28T12:25:21.829+0530] {dag.py:3239} INFO - Sync 1 DAGs
[2025-01-28T12:25:21.849+0530] {logging_mixin.py:190} INFO - [2025-01-28T12:25:21.849+0530] {dag.py:4180} INFO - Setting next_dagrun for latest_only to 2025-01-28 00:00:00+00:00, run_after=2025-01-28 04:00:00+00:00
[2025-01-28T12:25:21.868+0530] {processor.py:208} INFO - Processing /home/verma-tv/.local/lib/python3.11/site-packages/airflow/example_dags/example_latest_only.py took 0.089 seconds
[2025-01-28T12:26:37.409+0530] {processor.py:186} INFO - Started process (PID=32498) to work on /home/verma-tv/.local/lib/python3.11/site-packages/airflow/example_dags/example_latest_only.py
[2025-01-28T12:26:37.421+0530] {processor.py:914} INFO - Processing file /home/verma-tv/.local/lib/python3.11/site-packages/airflow/example_dags/example_latest_only.py for tasks to queue
[2025-01-28T12:26:37.424+0530] {logging_mixin.py:190} INFO - [2025-01-28T12:26:37.423+0530] {dagbag.py:588} INFO - Filling up the DagBag from /home/verma-tv/.local/lib/python3.11/site-packages/airflow/example_dags/example_latest_only.py
[2025-01-28T12:26:37.432+0530] {processor.py:925} INFO - DAG(s) 'latest_only' retrieved from /home/verma-tv/.local/lib/python3.11/site-packages/airflow/example_dags/example_latest_only.py
[2025-01-28T12:26:37.444+0530] {logging_mixin.py:190} INFO - [2025-01-28T12:26:37.443+0530] {dag.py:3239} INFO - Sync 1 DAGs
[2025-01-28T12:26:37.463+0530] {logging_mixin.py:190} INFO - [2025-01-28T12:26:37.463+0530] {dag.py:4180} INFO - Setting next_dagrun for latest_only to 2025-01-28 00:00:00+00:00, run_after=2025-01-28 04:00:00+00:00
[2025-01-28T12:26:37.478+0530] {processor.py:208} INFO - Processing /home/verma-tv/.local/lib/python3.11/site-packages/airflow/example_dags/example_latest_only.py took 0.074 seconds
[2025-01-28T12:27:55.069+0530] {processor.py:186} INFO - Started process (PID=32771) to work on /home/verma-tv/.local/lib/python3.11/site-packages/airflow/example_dags/example_latest_only.py
[2025-01-28T12:27:55.081+0530] {processor.py:914} INFO - Processing file /home/verma-tv/.local/lib/python3.11/site-packages/airflow/example_dags/example_latest_only.py for tasks to queue
[2025-01-28T12:27:55.084+0530] {logging_mixin.py:190} INFO - [2025-01-28T12:27:55.083+0530] {dagbag.py:588} INFO - Filling up the DagBag from /home/verma-tv/.local/lib/python3.11/site-packages/airflow/example_dags/example_latest_only.py
[2025-01-28T12:27:55.090+0530] {processor.py:925} INFO - DAG(s) 'latest_only' retrieved from /home/verma-tv/.local/lib/python3.11/site-packages/airflow/example_dags/example_latest_only.py
[2025-01-28T12:27:55.103+0530] {logging_mixin.py:190} INFO - [2025-01-28T12:27:55.103+0530] {dag.py:3239} INFO - Sync 1 DAGs
[2025-01-28T12:27:55.119+0530] {logging_mixin.py:190} INFO - [2025-01-28T12:27:55.119+0530] {dag.py:4180} INFO - Setting next_dagrun for latest_only to 2025-01-28 00:00:00+00:00, run_after=2025-01-28 04:00:00+00:00
[2025-01-28T12:27:55.136+0530] {processor.py:208} INFO - Processing /home/verma-tv/.local/lib/python3.11/site-packages/airflow/example_dags/example_latest_only.py took 0.073 seconds
[2025-01-28T12:28:49.298+0530] {processor.py:186} INFO - Started process (PID=32888) to work on /home/verma-tv/.local/lib/python3.11/site-packages/airflow/example_dags/example_latest_only.py
[2025-01-28T12:28:49.299+0530] {processor.py:914} INFO - Processing file /home/verma-tv/.local/lib/python3.11/site-packages/airflow/example_dags/example_latest_only.py for tasks to queue
[2025-01-28T12:28:49.301+0530] {logging_mixin.py:190} INFO - [2025-01-28T12:28:49.301+0530] {dagbag.py:588} INFO - Filling up the DagBag from /home/verma-tv/.local/lib/python3.11/site-packages/airflow/example_dags/example_latest_only.py
[2025-01-28T12:28:49.307+0530] {processor.py:925} INFO - DAG(s) 'latest_only' retrieved from /home/verma-tv/.local/lib/python3.11/site-packages/airflow/example_dags/example_latest_only.py
[2025-01-28T12:28:49.320+0530] {logging_mixin.py:190} INFO - [2025-01-28T12:28:49.320+0530] {dag.py:3239} INFO - Sync 1 DAGs
[2025-01-28T12:28:49.336+0530] {logging_mixin.py:190} INFO - [2025-01-28T12:28:49.336+0530] {dag.py:4180} INFO - Setting next_dagrun for latest_only to 2025-01-28 00:00:00+00:00, run_after=2025-01-28 04:00:00+00:00
[2025-01-28T12:28:49.354+0530] {processor.py:208} INFO - Processing /home/verma-tv/.local/lib/python3.11/site-packages/airflow/example_dags/example_latest_only.py took 0.063 seconds
[2025-01-28T12:30:06.309+0530] {processor.py:186} INFO - Started process (PID=33203) to work on /home/verma-tv/.local/lib/python3.11/site-packages/airflow/example_dags/example_latest_only.py
[2025-01-28T12:30:06.323+0530] {processor.py:914} INFO - Processing file /home/verma-tv/.local/lib/python3.11/site-packages/airflow/example_dags/example_latest_only.py for tasks to queue
[2025-01-28T12:30:06.328+0530] {logging_mixin.py:190} INFO - [2025-01-28T12:30:06.327+0530] {dagbag.py:588} INFO - Filling up the DagBag from /home/verma-tv/.local/lib/python3.11/site-packages/airflow/example_dags/example_latest_only.py
[2025-01-28T12:30:06.334+0530] {processor.py:925} INFO - DAG(s) 'latest_only' retrieved from /home/verma-tv/.local/lib/python3.11/site-packages/airflow/example_dags/example_latest_only.py
[2025-01-28T12:30:06.350+0530] {logging_mixin.py:190} INFO - [2025-01-28T12:30:06.350+0530] {dag.py:3239} INFO - Sync 1 DAGs
[2025-01-28T12:30:06.367+0530] {logging_mixin.py:190} INFO - [2025-01-28T12:30:06.367+0530] {dag.py:4180} INFO - Setting next_dagrun for latest_only to 2025-01-28 00:00:00+00:00, run_after=2025-01-28 04:00:00+00:00
[2025-01-28T12:30:06.384+0530] {processor.py:208} INFO - Processing /home/verma-tv/.local/lib/python3.11/site-packages/airflow/example_dags/example_latest_only.py took 0.082 seconds
[2025-01-28T12:30:59.616+0530] {processor.py:186} INFO - Started process (PID=33422) to work on /home/verma-tv/.local/lib/python3.11/site-packages/airflow/example_dags/example_latest_only.py
[2025-01-28T12:30:59.617+0530] {processor.py:914} INFO - Processing file /home/verma-tv/.local/lib/python3.11/site-packages/airflow/example_dags/example_latest_only.py for tasks to queue
[2025-01-28T12:30:59.622+0530] {logging_mixin.py:190} INFO - [2025-01-28T12:30:59.622+0530] {dagbag.py:588} INFO - Filling up the DagBag from /home/verma-tv/.local/lib/python3.11/site-packages/airflow/example_dags/example_latest_only.py
[2025-01-28T12:30:59.629+0530] {processor.py:925} INFO - DAG(s) 'latest_only' retrieved from /home/verma-tv/.local/lib/python3.11/site-packages/airflow/example_dags/example_latest_only.py
[2025-01-28T12:30:59.644+0530] {logging_mixin.py:190} INFO - [2025-01-28T12:30:59.643+0530] {dag.py:3239} INFO - Sync 1 DAGs
[2025-01-28T12:30:59.660+0530] {logging_mixin.py:190} INFO - [2025-01-28T12:30:59.660+0530] {dag.py:4180} INFO - Setting next_dagrun for latest_only to 2025-01-28 00:00:00+00:00, run_after=2025-01-28 04:00:00+00:00
[2025-01-28T12:30:59.677+0530] {processor.py:208} INFO - Processing /home/verma-tv/.local/lib/python3.11/site-packages/airflow/example_dags/example_latest_only.py took 0.065 seconds
[2025-01-28T12:32:16.037+0530] {processor.py:186} INFO - Started process (PID=33658) to work on /home/verma-tv/.local/lib/python3.11/site-packages/airflow/example_dags/example_latest_only.py
[2025-01-28T12:32:16.049+0530] {processor.py:914} INFO - Processing file /home/verma-tv/.local/lib/python3.11/site-packages/airflow/example_dags/example_latest_only.py for tasks to queue
[2025-01-28T12:32:16.051+0530] {logging_mixin.py:190} INFO - [2025-01-28T12:32:16.051+0530] {dagbag.py:588} INFO - Filling up the DagBag from /home/verma-tv/.local/lib/python3.11/site-packages/airflow/example_dags/example_latest_only.py
[2025-01-28T12:32:16.058+0530] {processor.py:925} INFO - DAG(s) 'latest_only' retrieved from /home/verma-tv/.local/lib/python3.11/site-packages/airflow/example_dags/example_latest_only.py
[2025-01-28T12:32:16.069+0530] {logging_mixin.py:190} INFO - [2025-01-28T12:32:16.069+0530] {dag.py:3239} INFO - Sync 1 DAGs
[2025-01-28T12:32:16.086+0530] {logging_mixin.py:190} INFO - [2025-01-28T12:32:16.086+0530] {dag.py:4180} INFO - Setting next_dagrun for latest_only to 2025-01-28 00:00:00+00:00, run_after=2025-01-28 04:00:00+00:00
[2025-01-28T12:32:16.100+0530] {processor.py:208} INFO - Processing /home/verma-tv/.local/lib/python3.11/site-packages/airflow/example_dags/example_latest_only.py took 0.068 seconds
[2025-01-28T12:33:09.775+0530] {processor.py:186} INFO - Started process (PID=33836) to work on /home/verma-tv/.local/lib/python3.11/site-packages/airflow/example_dags/example_latest_only.py
[2025-01-28T12:33:09.790+0530] {processor.py:914} INFO - Processing file /home/verma-tv/.local/lib/python3.11/site-packages/airflow/example_dags/example_latest_only.py for tasks to queue
[2025-01-28T12:33:09.794+0530] {logging_mixin.py:190} INFO - [2025-01-28T12:33:09.794+0530] {dagbag.py:588} INFO - Filling up the DagBag from /home/verma-tv/.local/lib/python3.11/site-packages/airflow/example_dags/example_latest_only.py
[2025-01-28T12:33:09.800+0530] {processor.py:925} INFO - DAG(s) 'latest_only' retrieved from /home/verma-tv/.local/lib/python3.11/site-packages/airflow/example_dags/example_latest_only.py
[2025-01-28T12:33:09.814+0530] {logging_mixin.py:190} INFO - [2025-01-28T12:33:09.814+0530] {dag.py:3239} INFO - Sync 1 DAGs
[2025-01-28T12:33:09.830+0530] {logging_mixin.py:190} INFO - [2025-01-28T12:33:09.830+0530] {dag.py:4180} INFO - Setting next_dagrun for latest_only to 2025-01-28 00:00:00+00:00, run_after=2025-01-28 04:00:00+00:00
[2025-01-28T12:33:09.845+0530] {processor.py:208} INFO - Processing /home/verma-tv/.local/lib/python3.11/site-packages/airflow/example_dags/example_latest_only.py took 0.076 seconds
[2025-01-28T12:34:04.171+0530] {processor.py:186} INFO - Started process (PID=34043) to work on /home/verma-tv/.local/lib/python3.11/site-packages/airflow/example_dags/example_latest_only.py
[2025-01-28T12:34:04.183+0530] {processor.py:914} INFO - Processing file /home/verma-tv/.local/lib/python3.11/site-packages/airflow/example_dags/example_latest_only.py for tasks to queue
[2025-01-28T12:34:04.185+0530] {logging_mixin.py:190} INFO - [2025-01-28T12:34:04.185+0530] {dagbag.py:588} INFO - Filling up the DagBag from /home/verma-tv/.local/lib/python3.11/site-packages/airflow/example_dags/example_latest_only.py
[2025-01-28T12:34:04.192+0530] {processor.py:925} INFO - DAG(s) 'latest_only' retrieved from /home/verma-tv/.local/lib/python3.11/site-packages/airflow/example_dags/example_latest_only.py
[2025-01-28T12:34:04.204+0530] {logging_mixin.py:190} INFO - [2025-01-28T12:34:04.204+0530] {dag.py:3239} INFO - Sync 1 DAGs
[2025-01-28T12:34:04.220+0530] {logging_mixin.py:190} INFO - [2025-01-28T12:34:04.220+0530] {dag.py:4180} INFO - Setting next_dagrun for latest_only to 2025-01-28 00:00:00+00:00, run_after=2025-01-28 04:00:00+00:00
[2025-01-28T12:34:04.238+0530] {processor.py:208} INFO - Processing /home/verma-tv/.local/lib/python3.11/site-packages/airflow/example_dags/example_latest_only.py took 0.072 seconds
[2025-01-28T12:35:00.617+0530] {processor.py:186} INFO - Started process (PID=34248) to work on /home/verma-tv/.local/lib/python3.11/site-packages/airflow/example_dags/example_latest_only.py
[2025-01-28T12:35:00.629+0530] {processor.py:914} INFO - Processing file /home/verma-tv/.local/lib/python3.11/site-packages/airflow/example_dags/example_latest_only.py for tasks to queue
[2025-01-28T12:35:00.632+0530] {logging_mixin.py:190} INFO - [2025-01-28T12:35:00.631+0530] {dagbag.py:588} INFO - Filling up the DagBag from /home/verma-tv/.local/lib/python3.11/site-packages/airflow/example_dags/example_latest_only.py
[2025-01-28T12:35:00.638+0530] {processor.py:925} INFO - DAG(s) 'latest_only' retrieved from /home/verma-tv/.local/lib/python3.11/site-packages/airflow/example_dags/example_latest_only.py
[2025-01-28T12:35:00.652+0530] {logging_mixin.py:190} INFO - [2025-01-28T12:35:00.651+0530] {dag.py:3239} INFO - Sync 1 DAGs
[2025-01-28T12:35:00.668+0530] {logging_mixin.py:190} INFO - [2025-01-28T12:35:00.667+0530] {dag.py:4180} INFO - Setting next_dagrun for latest_only to 2025-01-28 00:00:00+00:00, run_after=2025-01-28 04:00:00+00:00
[2025-01-28T12:35:00.685+0530] {processor.py:208} INFO - Processing /home/verma-tv/.local/lib/python3.11/site-packages/airflow/example_dags/example_latest_only.py took 0.072 seconds
[2025-01-28T12:35:52.234+0530] {processor.py:186} INFO - Started process (PID=34360) to work on /home/verma-tv/.local/lib/python3.11/site-packages/airflow/example_dags/example_latest_only.py
[2025-01-28T12:35:52.235+0530] {processor.py:914} INFO - Processing file /home/verma-tv/.local/lib/python3.11/site-packages/airflow/example_dags/example_latest_only.py for tasks to queue
[2025-01-28T12:35:52.237+0530] {logging_mixin.py:190} INFO - [2025-01-28T12:35:52.237+0530] {dagbag.py:588} INFO - Filling up the DagBag from /home/verma-tv/.local/lib/python3.11/site-packages/airflow/example_dags/example_latest_only.py
[2025-01-28T12:35:52.243+0530] {processor.py:925} INFO - DAG(s) 'latest_only' retrieved from /home/verma-tv/.local/lib/python3.11/site-packages/airflow/example_dags/example_latest_only.py
[2025-01-28T12:35:52.256+0530] {logging_mixin.py:190} INFO - [2025-01-28T12:35:52.256+0530] {dag.py:3239} INFO - Sync 1 DAGs
[2025-01-28T12:35:52.273+0530] {logging_mixin.py:190} INFO - [2025-01-28T12:35:52.272+0530] {dag.py:4180} INFO - Setting next_dagrun for latest_only to 2025-01-28 00:00:00+00:00, run_after=2025-01-28 04:00:00+00:00
[2025-01-28T12:35:52.292+0530] {processor.py:208} INFO - Processing /home/verma-tv/.local/lib/python3.11/site-packages/airflow/example_dags/example_latest_only.py took 0.065 seconds
[2025-01-28T12:36:46.768+0530] {processor.py:186} INFO - Started process (PID=34594) to work on /home/verma-tv/.local/lib/python3.11/site-packages/airflow/example_dags/example_latest_only.py
[2025-01-28T12:36:46.769+0530] {processor.py:914} INFO - Processing file /home/verma-tv/.local/lib/python3.11/site-packages/airflow/example_dags/example_latest_only.py for tasks to queue
[2025-01-28T12:36:46.771+0530] {logging_mixin.py:190} INFO - [2025-01-28T12:36:46.771+0530] {dagbag.py:588} INFO - Filling up the DagBag from /home/verma-tv/.local/lib/python3.11/site-packages/airflow/example_dags/example_latest_only.py
[2025-01-28T12:36:46.780+0530] {processor.py:925} INFO - DAG(s) 'latest_only' retrieved from /home/verma-tv/.local/lib/python3.11/site-packages/airflow/example_dags/example_latest_only.py
[2025-01-28T12:36:46.794+0530] {logging_mixin.py:190} INFO - [2025-01-28T12:36:46.794+0530] {dag.py:3239} INFO - Sync 1 DAGs
[2025-01-28T12:36:46.810+0530] {logging_mixin.py:190} INFO - [2025-01-28T12:36:46.810+0530] {dag.py:4180} INFO - Setting next_dagrun for latest_only to 2025-01-28 00:00:00+00:00, run_after=2025-01-28 04:00:00+00:00
[2025-01-28T12:36:46.827+0530] {processor.py:208} INFO - Processing /home/verma-tv/.local/lib/python3.11/site-packages/airflow/example_dags/example_latest_only.py took 0.063 seconds
[2025-01-28T12:38:02.491+0530] {processor.py:186} INFO - Started process (PID=34870) to work on /home/verma-tv/.local/lib/python3.11/site-packages/airflow/example_dags/example_latest_only.py
[2025-01-28T12:38:02.503+0530] {processor.py:914} INFO - Processing file /home/verma-tv/.local/lib/python3.11/site-packages/airflow/example_dags/example_latest_only.py for tasks to queue
[2025-01-28T12:38:02.505+0530] {logging_mixin.py:190} INFO - [2025-01-28T12:38:02.505+0530] {dagbag.py:588} INFO - Filling up the DagBag from /home/verma-tv/.local/lib/python3.11/site-packages/airflow/example_dags/example_latest_only.py
[2025-01-28T12:38:02.511+0530] {processor.py:925} INFO - DAG(s) 'latest_only' retrieved from /home/verma-tv/.local/lib/python3.11/site-packages/airflow/example_dags/example_latest_only.py
[2025-01-28T12:38:02.522+0530] {logging_mixin.py:190} INFO - [2025-01-28T12:38:02.522+0530] {dag.py:3239} INFO - Sync 1 DAGs
[2025-01-28T12:38:02.535+0530] {logging_mixin.py:190} INFO - [2025-01-28T12:38:02.535+0530] {dag.py:4180} INFO - Setting next_dagrun for latest_only to 2025-01-28 00:00:00+00:00, run_after=2025-01-28 04:00:00+00:00
[2025-01-28T12:38:02.548+0530] {processor.py:208} INFO - Processing /home/verma-tv/.local/lib/python3.11/site-packages/airflow/example_dags/example_latest_only.py took 0.062 seconds
[2025-01-28T12:39:18.074+0530] {processor.py:186} INFO - Started process (PID=35082) to work on /home/verma-tv/.local/lib/python3.11/site-packages/airflow/example_dags/example_latest_only.py
[2025-01-28T12:39:18.075+0530] {processor.py:914} INFO - Processing file /home/verma-tv/.local/lib/python3.11/site-packages/airflow/example_dags/example_latest_only.py for tasks to queue
[2025-01-28T12:39:18.077+0530] {logging_mixin.py:190} INFO - [2025-01-28T12:39:18.077+0530] {dagbag.py:588} INFO - Filling up the DagBag from /home/verma-tv/.local/lib/python3.11/site-packages/airflow/example_dags/example_latest_only.py
[2025-01-28T12:39:18.086+0530] {processor.py:925} INFO - DAG(s) 'latest_only' retrieved from /home/verma-tv/.local/lib/python3.11/site-packages/airflow/example_dags/example_latest_only.py
[2025-01-28T12:39:18.100+0530] {logging_mixin.py:190} INFO - [2025-01-28T12:39:18.100+0530] {dag.py:3239} INFO - Sync 1 DAGs
[2025-01-28T12:39:18.114+0530] {logging_mixin.py:190} INFO - [2025-01-28T12:39:18.114+0530] {dag.py:4180} INFO - Setting next_dagrun for latest_only to 2025-01-28 00:00:00+00:00, run_after=2025-01-28 04:00:00+00:00
[2025-01-28T12:39:18.132+0530] {processor.py:208} INFO - Processing /home/verma-tv/.local/lib/python3.11/site-packages/airflow/example_dags/example_latest_only.py took 0.062 seconds
[2025-01-28T12:40:33.532+0530] {processor.py:186} INFO - Started process (PID=35382) to work on /home/verma-tv/.local/lib/python3.11/site-packages/airflow/example_dags/example_latest_only.py
[2025-01-28T12:40:33.533+0530] {processor.py:914} INFO - Processing file /home/verma-tv/.local/lib/python3.11/site-packages/airflow/example_dags/example_latest_only.py for tasks to queue
[2025-01-28T12:40:33.535+0530] {logging_mixin.py:190} INFO - [2025-01-28T12:40:33.534+0530] {dagbag.py:588} INFO - Filling up the DagBag from /home/verma-tv/.local/lib/python3.11/site-packages/airflow/example_dags/example_latest_only.py
[2025-01-28T12:40:33.541+0530] {processor.py:925} INFO - DAG(s) 'latest_only' retrieved from /home/verma-tv/.local/lib/python3.11/site-packages/airflow/example_dags/example_latest_only.py
[2025-01-28T12:40:33.552+0530] {logging_mixin.py:190} INFO - [2025-01-28T12:40:33.552+0530] {dag.py:3239} INFO - Sync 1 DAGs
[2025-01-28T12:40:33.565+0530] {logging_mixin.py:190} INFO - [2025-01-28T12:40:33.565+0530] {dag.py:4180} INFO - Setting next_dagrun for latest_only to 2025-01-28 00:00:00+00:00, run_after=2025-01-28 04:00:00+00:00
[2025-01-28T12:40:33.579+0530] {processor.py:208} INFO - Processing /home/verma-tv/.local/lib/python3.11/site-packages/airflow/example_dags/example_latest_only.py took 0.052 seconds
[2025-01-28T12:41:45.670+0530] {processor.py:186} INFO - Started process (PID=36057) to work on /home/verma-tv/.local/lib/python3.11/site-packages/airflow/example_dags/example_latest_only.py
[2025-01-28T12:41:45.682+0530] {processor.py:914} INFO - Processing file /home/verma-tv/.local/lib/python3.11/site-packages/airflow/example_dags/example_latest_only.py for tasks to queue
[2025-01-28T12:41:45.684+0530] {logging_mixin.py:190} INFO - [2025-01-28T12:41:45.684+0530] {dagbag.py:588} INFO - Filling up the DagBag from /home/verma-tv/.local/lib/python3.11/site-packages/airflow/example_dags/example_latest_only.py
[2025-01-28T12:41:45.691+0530] {processor.py:925} INFO - DAG(s) 'latest_only' retrieved from /home/verma-tv/.local/lib/python3.11/site-packages/airflow/example_dags/example_latest_only.py
[2025-01-28T12:41:45.703+0530] {logging_mixin.py:190} INFO - [2025-01-28T12:41:45.703+0530] {dag.py:3239} INFO - Sync 1 DAGs
[2025-01-28T12:41:45.717+0530] {logging_mixin.py:190} INFO - [2025-01-28T12:41:45.717+0530] {dag.py:4180} INFO - Setting next_dagrun for latest_only to 2025-01-28 00:00:00+00:00, run_after=2025-01-28 04:00:00+00:00
[2025-01-28T12:41:45.731+0530] {processor.py:208} INFO - Processing /home/verma-tv/.local/lib/python3.11/site-packages/airflow/example_dags/example_latest_only.py took 0.067 seconds
[2025-01-28T12:42:38.172+0530] {processor.py:186} INFO - Started process (PID=36437) to work on /home/verma-tv/.local/lib/python3.11/site-packages/airflow/example_dags/example_latest_only.py
[2025-01-28T12:42:38.184+0530] {processor.py:914} INFO - Processing file /home/verma-tv/.local/lib/python3.11/site-packages/airflow/example_dags/example_latest_only.py for tasks to queue
[2025-01-28T12:42:38.186+0530] {logging_mixin.py:190} INFO - [2025-01-28T12:42:38.185+0530] {dagbag.py:588} INFO - Filling up the DagBag from /home/verma-tv/.local/lib/python3.11/site-packages/airflow/example_dags/example_latest_only.py
[2025-01-28T12:42:38.192+0530] {processor.py:925} INFO - DAG(s) 'latest_only' retrieved from /home/verma-tv/.local/lib/python3.11/site-packages/airflow/example_dags/example_latest_only.py
[2025-01-28T12:42:38.204+0530] {logging_mixin.py:190} INFO - [2025-01-28T12:42:38.204+0530] {dag.py:3239} INFO - Sync 1 DAGs
[2025-01-28T12:42:38.221+0530] {logging_mixin.py:190} INFO - [2025-01-28T12:42:38.220+0530] {dag.py:4180} INFO - Setting next_dagrun for latest_only to 2025-01-28 00:00:00+00:00, run_after=2025-01-28 04:00:00+00:00
[2025-01-28T12:42:38.237+0530] {processor.py:208} INFO - Processing /home/verma-tv/.local/lib/python3.11/site-packages/airflow/example_dags/example_latest_only.py took 0.070 seconds
[2025-01-28T12:43:31.210+0530] {processor.py:186} INFO - Started process (PID=36926) to work on /home/verma-tv/.local/lib/python3.11/site-packages/airflow/example_dags/example_latest_only.py
[2025-01-28T12:43:31.222+0530] {processor.py:914} INFO - Processing file /home/verma-tv/.local/lib/python3.11/site-packages/airflow/example_dags/example_latest_only.py for tasks to queue
[2025-01-28T12:43:31.224+0530] {logging_mixin.py:190} INFO - [2025-01-28T12:43:31.224+0530] {dagbag.py:588} INFO - Filling up the DagBag from /home/verma-tv/.local/lib/python3.11/site-packages/airflow/example_dags/example_latest_only.py
[2025-01-28T12:43:31.231+0530] {processor.py:925} INFO - DAG(s) 'latest_only' retrieved from /home/verma-tv/.local/lib/python3.11/site-packages/airflow/example_dags/example_latest_only.py
[2025-01-28T12:43:31.243+0530] {logging_mixin.py:190} INFO - [2025-01-28T12:43:31.243+0530] {dag.py:3239} INFO - Sync 1 DAGs
[2025-01-28T12:43:31.259+0530] {logging_mixin.py:190} INFO - [2025-01-28T12:43:31.259+0530] {dag.py:4180} INFO - Setting next_dagrun for latest_only to 2025-01-28 00:00:00+00:00, run_after=2025-01-28 04:00:00+00:00
[2025-01-28T12:43:31.274+0530] {processor.py:208} INFO - Processing /home/verma-tv/.local/lib/python3.11/site-packages/airflow/example_dags/example_latest_only.py took 0.070 seconds
[2025-01-28T12:44:46.970+0530] {processor.py:186} INFO - Started process (PID=37242) to work on /home/verma-tv/.local/lib/python3.11/site-packages/airflow/example_dags/example_latest_only.py
[2025-01-28T12:44:46.982+0530] {processor.py:914} INFO - Processing file /home/verma-tv/.local/lib/python3.11/site-packages/airflow/example_dags/example_latest_only.py for tasks to queue
[2025-01-28T12:44:46.984+0530] {logging_mixin.py:190} INFO - [2025-01-28T12:44:46.984+0530] {dagbag.py:588} INFO - Filling up the DagBag from /home/verma-tv/.local/lib/python3.11/site-packages/airflow/example_dags/example_latest_only.py
[2025-01-28T12:44:46.990+0530] {processor.py:925} INFO - DAG(s) 'latest_only' retrieved from /home/verma-tv/.local/lib/python3.11/site-packages/airflow/example_dags/example_latest_only.py
[2025-01-28T12:44:47.003+0530] {logging_mixin.py:190} INFO - [2025-01-28T12:44:47.003+0530] {dag.py:3239} INFO - Sync 1 DAGs
[2025-01-28T12:44:47.018+0530] {logging_mixin.py:190} INFO - [2025-01-28T12:44:47.018+0530] {dag.py:4180} INFO - Setting next_dagrun for latest_only to 2025-01-28 00:00:00+00:00, run_after=2025-01-28 04:00:00+00:00
[2025-01-28T12:44:47.033+0530] {processor.py:208} INFO - Processing /home/verma-tv/.local/lib/python3.11/site-packages/airflow/example_dags/example_latest_only.py took 0.068 seconds
[2025-01-28T12:45:56.472+0530] {processor.py:186} INFO - Started process (PID=37740) to work on /home/verma-tv/.local/lib/python3.11/site-packages/airflow/example_dags/example_latest_only.py
[2025-01-28T12:45:56.484+0530] {processor.py:914} INFO - Processing file /home/verma-tv/.local/lib/python3.11/site-packages/airflow/example_dags/example_latest_only.py for tasks to queue
[2025-01-28T12:45:56.486+0530] {logging_mixin.py:190} INFO - [2025-01-28T12:45:56.486+0530] {dagbag.py:588} INFO - Filling up the DagBag from /home/verma-tv/.local/lib/python3.11/site-packages/airflow/example_dags/example_latest_only.py
[2025-01-28T12:45:56.492+0530] {processor.py:925} INFO - DAG(s) 'latest_only' retrieved from /home/verma-tv/.local/lib/python3.11/site-packages/airflow/example_dags/example_latest_only.py
[2025-01-28T12:45:56.503+0530] {logging_mixin.py:190} INFO - [2025-01-28T12:45:56.503+0530] {dag.py:3239} INFO - Sync 1 DAGs
[2025-01-28T12:45:56.516+0530] {logging_mixin.py:190} INFO - [2025-01-28T12:45:56.516+0530] {dag.py:4180} INFO - Setting next_dagrun for latest_only to 2025-01-28 00:00:00+00:00, run_after=2025-01-28 04:00:00+00:00
[2025-01-28T12:45:56.530+0530] {processor.py:208} INFO - Processing /home/verma-tv/.local/lib/python3.11/site-packages/airflow/example_dags/example_latest_only.py took 0.062 seconds
[2025-01-28T12:46:50.094+0530] {processor.py:186} INFO - Started process (PID=37957) to work on /home/verma-tv/.local/lib/python3.11/site-packages/airflow/example_dags/example_latest_only.py
[2025-01-28T12:46:50.106+0530] {processor.py:914} INFO - Processing file /home/verma-tv/.local/lib/python3.11/site-packages/airflow/example_dags/example_latest_only.py for tasks to queue
[2025-01-28T12:46:50.108+0530] {logging_mixin.py:190} INFO - [2025-01-28T12:46:50.108+0530] {dagbag.py:588} INFO - Filling up the DagBag from /home/verma-tv/.local/lib/python3.11/site-packages/airflow/example_dags/example_latest_only.py
[2025-01-28T12:46:50.114+0530] {processor.py:925} INFO - DAG(s) 'latest_only' retrieved from /home/verma-tv/.local/lib/python3.11/site-packages/airflow/example_dags/example_latest_only.py
[2025-01-28T12:46:50.126+0530] {logging_mixin.py:190} INFO - [2025-01-28T12:46:50.125+0530] {dag.py:3239} INFO - Sync 1 DAGs
[2025-01-28T12:46:50.140+0530] {logging_mixin.py:190} INFO - [2025-01-28T12:46:50.139+0530] {dag.py:4180} INFO - Setting next_dagrun for latest_only to 2025-01-28 00:00:00+00:00, run_after=2025-01-28 04:00:00+00:00
[2025-01-28T12:46:50.154+0530] {processor.py:208} INFO - Processing /home/verma-tv/.local/lib/python3.11/site-packages/airflow/example_dags/example_latest_only.py took 0.065 seconds
[2025-01-28T12:48:07.369+0530] {processor.py:186} INFO - Started process (PID=38309) to work on /home/verma-tv/.local/lib/python3.11/site-packages/airflow/example_dags/example_latest_only.py
[2025-01-28T12:48:07.370+0530] {processor.py:914} INFO - Processing file /home/verma-tv/.local/lib/python3.11/site-packages/airflow/example_dags/example_latest_only.py for tasks to queue
[2025-01-28T12:48:07.372+0530] {logging_mixin.py:190} INFO - [2025-01-28T12:48:07.371+0530] {dagbag.py:588} INFO - Filling up the DagBag from /home/verma-tv/.local/lib/python3.11/site-packages/airflow/example_dags/example_latest_only.py
[2025-01-28T12:48:07.378+0530] {processor.py:925} INFO - DAG(s) 'latest_only' retrieved from /home/verma-tv/.local/lib/python3.11/site-packages/airflow/example_dags/example_latest_only.py
[2025-01-28T12:48:07.389+0530] {logging_mixin.py:190} INFO - [2025-01-28T12:48:07.389+0530] {dag.py:3239} INFO - Sync 1 DAGs
[2025-01-28T12:48:07.403+0530] {logging_mixin.py:190} INFO - [2025-01-28T12:48:07.402+0530] {dag.py:4180} INFO - Setting next_dagrun for latest_only to 2025-01-28 00:00:00+00:00, run_after=2025-01-28 04:00:00+00:00
[2025-01-28T12:48:07.416+0530] {processor.py:208} INFO - Processing /home/verma-tv/.local/lib/python3.11/site-packages/airflow/example_dags/example_latest_only.py took 0.052 seconds
[2025-01-28T12:49:00.201+0530] {processor.py:186} INFO - Started process (PID=38598) to work on /home/verma-tv/.local/lib/python3.11/site-packages/airflow/example_dags/example_latest_only.py
[2025-01-28T12:49:00.214+0530] {processor.py:914} INFO - Processing file /home/verma-tv/.local/lib/python3.11/site-packages/airflow/example_dags/example_latest_only.py for tasks to queue
[2025-01-28T12:49:00.217+0530] {logging_mixin.py:190} INFO - [2025-01-28T12:49:00.216+0530] {dagbag.py:588} INFO - Filling up the DagBag from /home/verma-tv/.local/lib/python3.11/site-packages/airflow/example_dags/example_latest_only.py
[2025-01-28T12:49:00.227+0530] {processor.py:925} INFO - DAG(s) 'latest_only' retrieved from /home/verma-tv/.local/lib/python3.11/site-packages/airflow/example_dags/example_latest_only.py
[2025-01-28T12:49:00.240+0530] {logging_mixin.py:190} INFO - [2025-01-28T12:49:00.239+0530] {dag.py:3239} INFO - Sync 1 DAGs
[2025-01-28T12:49:00.256+0530] {logging_mixin.py:190} INFO - [2025-01-28T12:49:00.256+0530] {dag.py:4180} INFO - Setting next_dagrun for latest_only to 2025-01-28 00:00:00+00:00, run_after=2025-01-28 04:00:00+00:00
[2025-01-28T12:49:00.272+0530] {processor.py:208} INFO - Processing /home/verma-tv/.local/lib/python3.11/site-packages/airflow/example_dags/example_latest_only.py took 0.077 seconds
[2025-01-28T12:50:16.792+0530] {processor.py:186} INFO - Started process (PID=38957) to work on /home/verma-tv/.local/lib/python3.11/site-packages/airflow/example_dags/example_latest_only.py
[2025-01-28T12:50:16.804+0530] {processor.py:914} INFO - Processing file /home/verma-tv/.local/lib/python3.11/site-packages/airflow/example_dags/example_latest_only.py for tasks to queue
[2025-01-28T12:50:16.807+0530] {logging_mixin.py:190} INFO - [2025-01-28T12:50:16.807+0530] {dagbag.py:588} INFO - Filling up the DagBag from /home/verma-tv/.local/lib/python3.11/site-packages/airflow/example_dags/example_latest_only.py
[2025-01-28T12:50:16.815+0530] {processor.py:925} INFO - DAG(s) 'latest_only' retrieved from /home/verma-tv/.local/lib/python3.11/site-packages/airflow/example_dags/example_latest_only.py
[2025-01-28T12:50:16.829+0530] {logging_mixin.py:190} INFO - [2025-01-28T12:50:16.828+0530] {dag.py:3239} INFO - Sync 1 DAGs
[2025-01-28T12:50:16.844+0530] {logging_mixin.py:190} INFO - [2025-01-28T12:50:16.843+0530] {dag.py:4180} INFO - Setting next_dagrun for latest_only to 2025-01-28 00:00:00+00:00, run_after=2025-01-28 04:00:00+00:00
[2025-01-28T12:50:16.858+0530] {processor.py:208} INFO - Processing /home/verma-tv/.local/lib/python3.11/site-packages/airflow/example_dags/example_latest_only.py took 0.071 seconds
[2025-01-28T12:51:09.185+0530] {processor.py:186} INFO - Started process (PID=39264) to work on /home/verma-tv/.local/lib/python3.11/site-packages/airflow/example_dags/example_latest_only.py
[2025-01-28T12:51:09.197+0530] {processor.py:914} INFO - Processing file /home/verma-tv/.local/lib/python3.11/site-packages/airflow/example_dags/example_latest_only.py for tasks to queue
[2025-01-28T12:51:09.200+0530] {logging_mixin.py:190} INFO - [2025-01-28T12:51:09.200+0530] {dagbag.py:588} INFO - Filling up the DagBag from /home/verma-tv/.local/lib/python3.11/site-packages/airflow/example_dags/example_latest_only.py
[2025-01-28T12:51:09.206+0530] {processor.py:925} INFO - DAG(s) 'latest_only' retrieved from /home/verma-tv/.local/lib/python3.11/site-packages/airflow/example_dags/example_latest_only.py
[2025-01-28T12:51:09.217+0530] {logging_mixin.py:190} INFO - [2025-01-28T12:51:09.217+0530] {dag.py:3239} INFO - Sync 1 DAGs
[2025-01-28T12:51:09.232+0530] {logging_mixin.py:190} INFO - [2025-01-28T12:51:09.232+0530] {dag.py:4180} INFO - Setting next_dagrun for latest_only to 2025-01-28 00:00:00+00:00, run_after=2025-01-28 04:00:00+00:00
[2025-01-28T12:51:09.253+0530] {processor.py:208} INFO - Processing /home/verma-tv/.local/lib/python3.11/site-packages/airflow/example_dags/example_latest_only.py took 0.073 seconds
[2025-01-28T12:52:27.351+0530] {processor.py:186} INFO - Started process (PID=39548) to work on /home/verma-tv/.local/lib/python3.11/site-packages/airflow/example_dags/example_latest_only.py
[2025-01-28T12:52:27.352+0530] {processor.py:914} INFO - Processing file /home/verma-tv/.local/lib/python3.11/site-packages/airflow/example_dags/example_latest_only.py for tasks to queue
[2025-01-28T12:52:27.353+0530] {logging_mixin.py:190} INFO - [2025-01-28T12:52:27.353+0530] {dagbag.py:588} INFO - Filling up the DagBag from /home/verma-tv/.local/lib/python3.11/site-packages/airflow/example_dags/example_latest_only.py
[2025-01-28T12:52:27.359+0530] {processor.py:925} INFO - DAG(s) 'latest_only' retrieved from /home/verma-tv/.local/lib/python3.11/site-packages/airflow/example_dags/example_latest_only.py
[2025-01-28T12:52:27.370+0530] {logging_mixin.py:190} INFO - [2025-01-28T12:52:27.370+0530] {dag.py:3239} INFO - Sync 1 DAGs
[2025-01-28T12:52:27.384+0530] {logging_mixin.py:190} INFO - [2025-01-28T12:52:27.384+0530] {dag.py:4180} INFO - Setting next_dagrun for latest_only to 2025-01-28 00:00:00+00:00, run_after=2025-01-28 04:00:00+00:00
[2025-01-28T12:52:27.397+0530] {processor.py:208} INFO - Processing /home/verma-tv/.local/lib/python3.11/site-packages/airflow/example_dags/example_latest_only.py took 0.051 seconds
[2025-01-28T12:53:22.764+0530] {processor.py:186} INFO - Started process (PID=39806) to work on /home/verma-tv/.local/lib/python3.11/site-packages/airflow/example_dags/example_latest_only.py
[2025-01-28T12:53:22.776+0530] {processor.py:914} INFO - Processing file /home/verma-tv/.local/lib/python3.11/site-packages/airflow/example_dags/example_latest_only.py for tasks to queue
[2025-01-28T12:53:22.779+0530] {logging_mixin.py:190} INFO - [2025-01-28T12:53:22.778+0530] {dagbag.py:588} INFO - Filling up the DagBag from /home/verma-tv/.local/lib/python3.11/site-packages/airflow/example_dags/example_latest_only.py
[2025-01-28T12:53:22.785+0530] {processor.py:925} INFO - DAG(s) 'latest_only' retrieved from /home/verma-tv/.local/lib/python3.11/site-packages/airflow/example_dags/example_latest_only.py
[2025-01-28T12:53:22.796+0530] {logging_mixin.py:190} INFO - [2025-01-28T12:53:22.796+0530] {dag.py:3239} INFO - Sync 1 DAGs
[2025-01-28T12:53:22.811+0530] {logging_mixin.py:190} INFO - [2025-01-28T12:53:22.810+0530] {dag.py:4180} INFO - Setting next_dagrun for latest_only to 2025-01-28 00:00:00+00:00, run_after=2025-01-28 04:00:00+00:00
[2025-01-28T12:53:22.828+0530] {processor.py:208} INFO - Processing /home/verma-tv/.local/lib/python3.11/site-packages/airflow/example_dags/example_latest_only.py took 0.070 seconds
[2025-01-28T12:54:13.000+0530] {processor.py:186} INFO - Started process (PID=40025) to work on /home/verma-tv/.local/lib/python3.11/site-packages/airflow/example_dags/example_latest_only.py
[2025-01-28T12:54:13.013+0530] {processor.py:914} INFO - Processing file /home/verma-tv/.local/lib/python3.11/site-packages/airflow/example_dags/example_latest_only.py for tasks to queue
[2025-01-28T12:54:13.015+0530] {logging_mixin.py:190} INFO - [2025-01-28T12:54:13.014+0530] {dagbag.py:588} INFO - Filling up the DagBag from /home/verma-tv/.local/lib/python3.11/site-packages/airflow/example_dags/example_latest_only.py
[2025-01-28T12:54:13.021+0530] {processor.py:925} INFO - DAG(s) 'latest_only' retrieved from /home/verma-tv/.local/lib/python3.11/site-packages/airflow/example_dags/example_latest_only.py
[2025-01-28T12:54:13.032+0530] {logging_mixin.py:190} INFO - [2025-01-28T12:54:13.032+0530] {dag.py:3239} INFO - Sync 1 DAGs
[2025-01-28T12:54:13.045+0530] {logging_mixin.py:190} INFO - [2025-01-28T12:54:13.045+0530] {dag.py:4180} INFO - Setting next_dagrun for latest_only to 2025-01-28 00:00:00+00:00, run_after=2025-01-28 04:00:00+00:00
[2025-01-28T12:54:13.059+0530] {processor.py:208} INFO - Processing /home/verma-tv/.local/lib/python3.11/site-packages/airflow/example_dags/example_latest_only.py took 0.064 seconds
[2025-01-28T12:55:26.704+0530] {processor.py:186} INFO - Started process (PID=40338) to work on /home/verma-tv/.local/lib/python3.11/site-packages/airflow/example_dags/example_latest_only.py
[2025-01-28T12:55:26.709+0530] {processor.py:914} INFO - Processing file /home/verma-tv/.local/lib/python3.11/site-packages/airflow/example_dags/example_latest_only.py for tasks to queue
[2025-01-28T12:55:26.711+0530] {logging_mixin.py:190} INFO - [2025-01-28T12:55:26.711+0530] {dagbag.py:588} INFO - Filling up the DagBag from /home/verma-tv/.local/lib/python3.11/site-packages/airflow/example_dags/example_latest_only.py
[2025-01-28T12:55:26.722+0530] {processor.py:925} INFO - DAG(s) 'latest_only' retrieved from /home/verma-tv/.local/lib/python3.11/site-packages/airflow/example_dags/example_latest_only.py
[2025-01-28T12:55:26.734+0530] {logging_mixin.py:190} INFO - [2025-01-28T12:55:26.734+0530] {dag.py:3239} INFO - Sync 1 DAGs
[2025-01-28T12:55:26.751+0530] {logging_mixin.py:190} INFO - [2025-01-28T12:55:26.751+0530] {dag.py:4180} INFO - Setting next_dagrun for latest_only to 2025-01-28 00:00:00+00:00, run_after=2025-01-28 04:00:00+00:00
[2025-01-28T12:55:26.767+0530] {processor.py:208} INFO - Processing /home/verma-tv/.local/lib/python3.11/site-packages/airflow/example_dags/example_latest_only.py took 0.069 seconds
[2025-01-28T12:56:18.447+0530] {processor.py:186} INFO - Started process (PID=40612) to work on /home/verma-tv/.local/lib/python3.11/site-packages/airflow/example_dags/example_latest_only.py
[2025-01-28T12:56:18.460+0530] {processor.py:914} INFO - Processing file /home/verma-tv/.local/lib/python3.11/site-packages/airflow/example_dags/example_latest_only.py for tasks to queue
[2025-01-28T12:56:18.462+0530] {logging_mixin.py:190} INFO - [2025-01-28T12:56:18.461+0530] {dagbag.py:588} INFO - Filling up the DagBag from /home/verma-tv/.local/lib/python3.11/site-packages/airflow/example_dags/example_latest_only.py
[2025-01-28T12:56:18.468+0530] {processor.py:925} INFO - DAG(s) 'latest_only' retrieved from /home/verma-tv/.local/lib/python3.11/site-packages/airflow/example_dags/example_latest_only.py
[2025-01-28T12:56:18.479+0530] {logging_mixin.py:190} INFO - [2025-01-28T12:56:18.479+0530] {dag.py:3239} INFO - Sync 1 DAGs
[2025-01-28T12:56:18.492+0530] {logging_mixin.py:190} INFO - [2025-01-28T12:56:18.492+0530] {dag.py:4180} INFO - Setting next_dagrun for latest_only to 2025-01-28 00:00:00+00:00, run_after=2025-01-28 04:00:00+00:00
[2025-01-28T12:56:18.506+0530] {processor.py:208} INFO - Processing /home/verma-tv/.local/lib/python3.11/site-packages/airflow/example_dags/example_latest_only.py took 0.063 seconds
[2025-01-28T12:57:11.143+0530] {processor.py:186} INFO - Started process (PID=40832) to work on /home/verma-tv/.local/lib/python3.11/site-packages/airflow/example_dags/example_latest_only.py
[2025-01-28T12:57:11.144+0530] {processor.py:914} INFO - Processing file /home/verma-tv/.local/lib/python3.11/site-packages/airflow/example_dags/example_latest_only.py for tasks to queue
[2025-01-28T12:57:11.146+0530] {logging_mixin.py:190} INFO - [2025-01-28T12:57:11.146+0530] {dagbag.py:588} INFO - Filling up the DagBag from /home/verma-tv/.local/lib/python3.11/site-packages/airflow/example_dags/example_latest_only.py
[2025-01-28T12:57:11.153+0530] {processor.py:925} INFO - DAG(s) 'latest_only' retrieved from /home/verma-tv/.local/lib/python3.11/site-packages/airflow/example_dags/example_latest_only.py
[2025-01-28T12:57:11.165+0530] {logging_mixin.py:190} INFO - [2025-01-28T12:57:11.165+0530] {dag.py:3239} INFO - Sync 1 DAGs
[2025-01-28T12:57:11.178+0530] {logging_mixin.py:190} INFO - [2025-01-28T12:57:11.178+0530] {dag.py:4180} INFO - Setting next_dagrun for latest_only to 2025-01-28 00:00:00+00:00, run_after=2025-01-28 04:00:00+00:00
[2025-01-28T12:57:11.192+0530] {processor.py:208} INFO - Processing /home/verma-tv/.local/lib/python3.11/site-packages/airflow/example_dags/example_latest_only.py took 0.053 seconds
[2025-01-28T12:58:23.117+0530] {processor.py:186} INFO - Started process (PID=41144) to work on /home/verma-tv/.local/lib/python3.11/site-packages/airflow/example_dags/example_latest_only.py
[2025-01-28T12:58:23.122+0530] {processor.py:914} INFO - Processing file /home/verma-tv/.local/lib/python3.11/site-packages/airflow/example_dags/example_latest_only.py for tasks to queue
[2025-01-28T12:58:23.124+0530] {logging_mixin.py:190} INFO - [2025-01-28T12:58:23.124+0530] {dagbag.py:588} INFO - Filling up the DagBag from /home/verma-tv/.local/lib/python3.11/site-packages/airflow/example_dags/example_latest_only.py
[2025-01-28T12:58:23.130+0530] {processor.py:925} INFO - DAG(s) 'latest_only' retrieved from /home/verma-tv/.local/lib/python3.11/site-packages/airflow/example_dags/example_latest_only.py
[2025-01-28T12:58:23.143+0530] {logging_mixin.py:190} INFO - [2025-01-28T12:58:23.142+0530] {dag.py:3239} INFO - Sync 1 DAGs
[2025-01-28T12:58:23.158+0530] {logging_mixin.py:190} INFO - [2025-01-28T12:58:23.157+0530] {dag.py:4180} INFO - Setting next_dagrun for latest_only to 2025-01-28 00:00:00+00:00, run_after=2025-01-28 04:00:00+00:00
[2025-01-28T12:58:23.171+0530] {processor.py:208} INFO - Processing /home/verma-tv/.local/lib/python3.11/site-packages/airflow/example_dags/example_latest_only.py took 0.058 seconds
