[2025-01-28T11:40:06.770+0530] {processor.py:186} INFO - Started process (PID=17179) to work on /home/verma-tv/.local/lib/python3.11/site-packages/airflow/example_dags/example_branch_day_of_week_operator.py
[2025-01-28T11:40:06.771+0530] {processor.py:914} INFO - Processing file /home/verma-tv/.local/lib/python3.11/site-packages/airflow/example_dags/example_branch_day_of_week_operator.py for tasks to queue
[2025-01-28T11:40:06.773+0530] {logging_mixin.py:190} INFO - [2025-01-28T11:40:06.773+0530] {dagbag.py:588} INFO - Filling up the DagBag from /home/verma-tv/.local/lib/python3.11/site-packages/airflow/example_dags/example_branch_day_of_week_operator.py
[2025-01-28T11:40:06.781+0530] {processor.py:925} INFO - DAG(s) 'example_weekday_branch_operator' retrieved from /home/verma-tv/.local/lib/python3.11/site-packages/airflow/example_dags/example_branch_day_of_week_operator.py
[2025-01-28T11:40:06.891+0530] {logging_mixin.py:190} INFO - [2025-01-28T11:40:06.890+0530] {override.py:1912} INFO - Created Permission View: can read on DAG:example_weekday_branch_operator
[2025-01-28T11:40:06.898+0530] {logging_mixin.py:190} INFO - [2025-01-28T11:40:06.898+0530] {override.py:1912} INFO - Created Permission View: can edit on DAG:example_weekday_branch_operator
[2025-01-28T11:40:06.904+0530] {logging_mixin.py:190} INFO - [2025-01-28T11:40:06.904+0530] {override.py:1912} INFO - Created Permission View: can delete on DAG:example_weekday_branch_operator
[2025-01-28T11:40:06.913+0530] {logging_mixin.py:190} INFO - [2025-01-28T11:40:06.912+0530] {override.py:1912} INFO - Created Permission View: can read on DAG Run:example_weekday_branch_operator
[2025-01-28T11:40:06.918+0530] {logging_mixin.py:190} INFO - [2025-01-28T11:40:06.918+0530] {override.py:1912} INFO - Created Permission View: can delete on DAG Run:example_weekday_branch_operator
[2025-01-28T11:40:06.923+0530] {logging_mixin.py:190} INFO - [2025-01-28T11:40:06.923+0530] {override.py:1912} INFO - Created Permission View: menu access on DAG Run:example_weekday_branch_operator
[2025-01-28T11:40:06.928+0530] {logging_mixin.py:190} INFO - [2025-01-28T11:40:06.928+0530] {override.py:1912} INFO - Created Permission View: can create on DAG Run:example_weekday_branch_operator
[2025-01-28T11:40:06.928+0530] {logging_mixin.py:190} INFO - [2025-01-28T11:40:06.928+0530] {dag.py:3239} INFO - Sync 1 DAGs
[2025-01-28T11:40:06.937+0530] {logging_mixin.py:190} INFO - [2025-01-28T11:40:06.937+0530] {dag.py:3262} INFO - Creating ORM DAG for example_weekday_branch_operator
[2025-01-28T11:40:06.943+0530] {logging_mixin.py:190} INFO - [2025-01-28T11:40:06.943+0530] {dag.py:4180} INFO - Setting next_dagrun for example_weekday_branch_operator to 2025-01-27 00:00:00+00:00, run_after=2025-01-28 00:00:00+00:00
[2025-01-28T11:40:06.958+0530] {processor.py:208} INFO - Processing /home/verma-tv/.local/lib/python3.11/site-packages/airflow/example_dags/example_branch_day_of_week_operator.py took 0.192 seconds
[2025-01-28T11:41:04.587+0530] {processor.py:186} INFO - Started process (PID=17372) to work on /home/verma-tv/.local/lib/python3.11/site-packages/airflow/example_dags/example_branch_day_of_week_operator.py
[2025-01-28T11:41:04.599+0530] {processor.py:914} INFO - Processing file /home/verma-tv/.local/lib/python3.11/site-packages/airflow/example_dags/example_branch_day_of_week_operator.py for tasks to queue
[2025-01-28T11:41:04.601+0530] {logging_mixin.py:190} INFO - [2025-01-28T11:41:04.601+0530] {dagbag.py:588} INFO - Filling up the DagBag from /home/verma-tv/.local/lib/python3.11/site-packages/airflow/example_dags/example_branch_day_of_week_operator.py
[2025-01-28T11:41:04.609+0530] {processor.py:925} INFO - DAG(s) 'example_weekday_branch_operator' retrieved from /home/verma-tv/.local/lib/python3.11/site-packages/airflow/example_dags/example_branch_day_of_week_operator.py
[2025-01-28T11:41:04.621+0530] {logging_mixin.py:190} INFO - [2025-01-28T11:41:04.621+0530] {dag.py:3239} INFO - Sync 1 DAGs
[2025-01-28T11:41:04.635+0530] {logging_mixin.py:190} INFO - [2025-01-28T11:41:04.635+0530] {dag.py:4180} INFO - Setting next_dagrun for example_weekday_branch_operator to 2025-01-27 00:00:00+00:00, run_after=2025-01-28 00:00:00+00:00
[2025-01-28T11:41:04.649+0530] {processor.py:208} INFO - Processing /home/verma-tv/.local/lib/python3.11/site-packages/airflow/example_dags/example_branch_day_of_week_operator.py took 0.067 seconds
[2025-01-28T11:42:20.436+0530] {processor.py:186} INFO - Started process (PID=17663) to work on /home/verma-tv/.local/lib/python3.11/site-packages/airflow/example_dags/example_branch_day_of_week_operator.py
[2025-01-28T11:42:20.437+0530] {processor.py:914} INFO - Processing file /home/verma-tv/.local/lib/python3.11/site-packages/airflow/example_dags/example_branch_day_of_week_operator.py for tasks to queue
[2025-01-28T11:42:20.438+0530] {logging_mixin.py:190} INFO - [2025-01-28T11:42:20.438+0530] {dagbag.py:588} INFO - Filling up the DagBag from /home/verma-tv/.local/lib/python3.11/site-packages/airflow/example_dags/example_branch_day_of_week_operator.py
[2025-01-28T11:42:20.446+0530] {processor.py:925} INFO - DAG(s) 'example_weekday_branch_operator' retrieved from /home/verma-tv/.local/lib/python3.11/site-packages/airflow/example_dags/example_branch_day_of_week_operator.py
[2025-01-28T11:42:20.458+0530] {logging_mixin.py:190} INFO - [2025-01-28T11:42:20.457+0530] {dag.py:3239} INFO - Sync 1 DAGs
[2025-01-28T11:42:20.472+0530] {logging_mixin.py:190} INFO - [2025-01-28T11:42:20.471+0530] {dag.py:4180} INFO - Setting next_dagrun for example_weekday_branch_operator to 2025-01-27 00:00:00+00:00, run_after=2025-01-28 00:00:00+00:00
[2025-01-28T11:42:20.485+0530] {processor.py:208} INFO - Processing /home/verma-tv/.local/lib/python3.11/site-packages/airflow/example_dags/example_branch_day_of_week_operator.py took 0.054 seconds
[2025-01-28T11:43:15.717+0530] {processor.py:186} INFO - Started process (PID=17828) to work on /home/verma-tv/.local/lib/python3.11/site-packages/airflow/example_dags/example_branch_day_of_week_operator.py
[2025-01-28T11:43:15.729+0530] {processor.py:914} INFO - Processing file /home/verma-tv/.local/lib/python3.11/site-packages/airflow/example_dags/example_branch_day_of_week_operator.py for tasks to queue
[2025-01-28T11:43:15.730+0530] {logging_mixin.py:190} INFO - [2025-01-28T11:43:15.730+0530] {dagbag.py:588} INFO - Filling up the DagBag from /home/verma-tv/.local/lib/python3.11/site-packages/airflow/example_dags/example_branch_day_of_week_operator.py
[2025-01-28T11:43:15.739+0530] {processor.py:925} INFO - DAG(s) 'example_weekday_branch_operator' retrieved from /home/verma-tv/.local/lib/python3.11/site-packages/airflow/example_dags/example_branch_day_of_week_operator.py
[2025-01-28T11:43:15.752+0530] {logging_mixin.py:190} INFO - [2025-01-28T11:43:15.752+0530] {dag.py:3239} INFO - Sync 1 DAGs
[2025-01-28T11:43:15.768+0530] {logging_mixin.py:190} INFO - [2025-01-28T11:43:15.767+0530] {dag.py:4180} INFO - Setting next_dagrun for example_weekday_branch_operator to 2025-01-27 00:00:00+00:00, run_after=2025-01-28 00:00:00+00:00
[2025-01-28T11:43:15.782+0530] {processor.py:208} INFO - Processing /home/verma-tv/.local/lib/python3.11/site-packages/airflow/example_dags/example_branch_day_of_week_operator.py took 0.071 seconds
[2025-01-28T11:44:30.980+0530] {processor.py:186} INFO - Started process (PID=18095) to work on /home/verma-tv/.local/lib/python3.11/site-packages/airflow/example_dags/example_branch_day_of_week_operator.py
[2025-01-28T11:44:30.981+0530] {processor.py:914} INFO - Processing file /home/verma-tv/.local/lib/python3.11/site-packages/airflow/example_dags/example_branch_day_of_week_operator.py for tasks to queue
[2025-01-28T11:44:30.982+0530] {logging_mixin.py:190} INFO - [2025-01-28T11:44:30.982+0530] {dagbag.py:588} INFO - Filling up the DagBag from /home/verma-tv/.local/lib/python3.11/site-packages/airflow/example_dags/example_branch_day_of_week_operator.py
[2025-01-28T11:44:30.990+0530] {processor.py:925} INFO - DAG(s) 'example_weekday_branch_operator' retrieved from /home/verma-tv/.local/lib/python3.11/site-packages/airflow/example_dags/example_branch_day_of_week_operator.py
[2025-01-28T11:44:31.002+0530] {logging_mixin.py:190} INFO - [2025-01-28T11:44:31.001+0530] {dag.py:3239} INFO - Sync 1 DAGs
[2025-01-28T11:44:31.016+0530] {logging_mixin.py:190} INFO - [2025-01-28T11:44:31.016+0530] {dag.py:4180} INFO - Setting next_dagrun for example_weekday_branch_operator to 2025-01-27 00:00:00+00:00, run_after=2025-01-28 00:00:00+00:00
[2025-01-28T11:44:31.032+0530] {processor.py:208} INFO - Processing /home/verma-tv/.local/lib/python3.11/site-packages/airflow/example_dags/example_branch_day_of_week_operator.py took 0.057 seconds
[2025-01-28T11:45:48.748+0530] {processor.py:186} INFO - Started process (PID=18336) to work on /home/verma-tv/.local/lib/python3.11/site-packages/airflow/example_dags/example_branch_day_of_week_operator.py
[2025-01-28T11:45:48.760+0530] {processor.py:914} INFO - Processing file /home/verma-tv/.local/lib/python3.11/site-packages/airflow/example_dags/example_branch_day_of_week_operator.py for tasks to queue
[2025-01-28T11:45:48.768+0530] {logging_mixin.py:190} INFO - [2025-01-28T11:45:48.767+0530] {dagbag.py:588} INFO - Filling up the DagBag from /home/verma-tv/.local/lib/python3.11/site-packages/airflow/example_dags/example_branch_day_of_week_operator.py
[2025-01-28T11:45:48.778+0530] {processor.py:925} INFO - DAG(s) 'example_weekday_branch_operator' retrieved from /home/verma-tv/.local/lib/python3.11/site-packages/airflow/example_dags/example_branch_day_of_week_operator.py
[2025-01-28T11:45:48.792+0530] {logging_mixin.py:190} INFO - [2025-01-28T11:45:48.792+0530] {dag.py:3239} INFO - Sync 1 DAGs
[2025-01-28T11:45:48.809+0530] {logging_mixin.py:190} INFO - [2025-01-28T11:45:48.808+0530] {dag.py:4180} INFO - Setting next_dagrun for example_weekday_branch_operator to 2025-01-27 00:00:00+00:00, run_after=2025-01-28 00:00:00+00:00
[2025-01-28T11:45:48.836+0530] {processor.py:208} INFO - Processing /home/verma-tv/.local/lib/python3.11/site-packages/airflow/example_dags/example_branch_day_of_week_operator.py took 0.096 seconds
[2025-01-28T11:46:46.118+0530] {processor.py:186} INFO - Started process (PID=18559) to work on /home/verma-tv/.local/lib/python3.11/site-packages/airflow/example_dags/example_branch_day_of_week_operator.py
[2025-01-28T11:46:46.119+0530] {processor.py:914} INFO - Processing file /home/verma-tv/.local/lib/python3.11/site-packages/airflow/example_dags/example_branch_day_of_week_operator.py for tasks to queue
[2025-01-28T11:46:46.121+0530] {logging_mixin.py:190} INFO - [2025-01-28T11:46:46.121+0530] {dagbag.py:588} INFO - Filling up the DagBag from /home/verma-tv/.local/lib/python3.11/site-packages/airflow/example_dags/example_branch_day_of_week_operator.py
[2025-01-28T11:46:46.130+0530] {processor.py:925} INFO - DAG(s) 'example_weekday_branch_operator' retrieved from /home/verma-tv/.local/lib/python3.11/site-packages/airflow/example_dags/example_branch_day_of_week_operator.py
[2025-01-28T11:46:46.142+0530] {logging_mixin.py:190} INFO - [2025-01-28T11:46:46.141+0530] {dag.py:3239} INFO - Sync 1 DAGs
[2025-01-28T11:46:46.156+0530] {logging_mixin.py:190} INFO - [2025-01-28T11:46:46.156+0530] {dag.py:4180} INFO - Setting next_dagrun for example_weekday_branch_operator to 2025-01-27 00:00:00+00:00, run_after=2025-01-28 00:00:00+00:00
[2025-01-28T11:46:46.171+0530] {processor.py:208} INFO - Processing /home/verma-tv/.local/lib/python3.11/site-packages/airflow/example_dags/example_branch_day_of_week_operator.py took 0.057 seconds
[2025-01-28T11:48:03.696+0530] {processor.py:186} INFO - Started process (PID=18953) to work on /home/verma-tv/.local/lib/python3.11/site-packages/airflow/example_dags/example_branch_day_of_week_operator.py
[2025-01-28T11:48:03.697+0530] {processor.py:914} INFO - Processing file /home/verma-tv/.local/lib/python3.11/site-packages/airflow/example_dags/example_branch_day_of_week_operator.py for tasks to queue
[2025-01-28T11:48:03.699+0530] {logging_mixin.py:190} INFO - [2025-01-28T11:48:03.698+0530] {dagbag.py:588} INFO - Filling up the DagBag from /home/verma-tv/.local/lib/python3.11/site-packages/airflow/example_dags/example_branch_day_of_week_operator.py
[2025-01-28T11:48:03.708+0530] {processor.py:925} INFO - DAG(s) 'example_weekday_branch_operator' retrieved from /home/verma-tv/.local/lib/python3.11/site-packages/airflow/example_dags/example_branch_day_of_week_operator.py
[2025-01-28T11:48:03.720+0530] {logging_mixin.py:190} INFO - [2025-01-28T11:48:03.719+0530] {dag.py:3239} INFO - Sync 1 DAGs
[2025-01-28T11:48:03.734+0530] {logging_mixin.py:190} INFO - [2025-01-28T11:48:03.733+0530] {dag.py:4180} INFO - Setting next_dagrun for example_weekday_branch_operator to 2025-01-27 00:00:00+00:00, run_after=2025-01-28 00:00:00+00:00
[2025-01-28T11:48:03.750+0530] {processor.py:208} INFO - Processing /home/verma-tv/.local/lib/python3.11/site-packages/airflow/example_dags/example_branch_day_of_week_operator.py took 0.059 seconds
[2025-01-28T11:49:21.594+0530] {processor.py:186} INFO - Started process (PID=19439) to work on /home/verma-tv/.local/lib/python3.11/site-packages/airflow/example_dags/example_branch_day_of_week_operator.py
[2025-01-28T11:49:21.607+0530] {processor.py:914} INFO - Processing file /home/verma-tv/.local/lib/python3.11/site-packages/airflow/example_dags/example_branch_day_of_week_operator.py for tasks to queue
[2025-01-28T11:49:21.609+0530] {logging_mixin.py:190} INFO - [2025-01-28T11:49:21.609+0530] {dagbag.py:588} INFO - Filling up the DagBag from /home/verma-tv/.local/lib/python3.11/site-packages/airflow/example_dags/example_branch_day_of_week_operator.py
[2025-01-28T11:49:21.618+0530] {processor.py:925} INFO - DAG(s) 'example_weekday_branch_operator' retrieved from /home/verma-tv/.local/lib/python3.11/site-packages/airflow/example_dags/example_branch_day_of_week_operator.py
[2025-01-28T11:49:21.630+0530] {logging_mixin.py:190} INFO - [2025-01-28T11:49:21.630+0530] {dag.py:3239} INFO - Sync 1 DAGs
[2025-01-28T11:49:21.644+0530] {logging_mixin.py:190} INFO - [2025-01-28T11:49:21.644+0530] {dag.py:4180} INFO - Setting next_dagrun for example_weekday_branch_operator to 2025-01-27 00:00:00+00:00, run_after=2025-01-28 00:00:00+00:00
[2025-01-28T11:49:21.658+0530] {processor.py:208} INFO - Processing /home/verma-tv/.local/lib/python3.11/site-packages/airflow/example_dags/example_branch_day_of_week_operator.py took 0.068 seconds
[2025-01-28T11:50:33.429+0530] {processor.py:186} INFO - Started process (PID=19795) to work on /home/verma-tv/.local/lib/python3.11/site-packages/airflow/example_dags/example_branch_day_of_week_operator.py
[2025-01-28T11:50:33.441+0530] {processor.py:914} INFO - Processing file /home/verma-tv/.local/lib/python3.11/site-packages/airflow/example_dags/example_branch_day_of_week_operator.py for tasks to queue
[2025-01-28T11:50:33.443+0530] {logging_mixin.py:190} INFO - [2025-01-28T11:50:33.443+0530] {dagbag.py:588} INFO - Filling up the DagBag from /home/verma-tv/.local/lib/python3.11/site-packages/airflow/example_dags/example_branch_day_of_week_operator.py
[2025-01-28T11:50:33.452+0530] {processor.py:925} INFO - DAG(s) 'example_weekday_branch_operator' retrieved from /home/verma-tv/.local/lib/python3.11/site-packages/airflow/example_dags/example_branch_day_of_week_operator.py
[2025-01-28T11:50:33.463+0530] {logging_mixin.py:190} INFO - [2025-01-28T11:50:33.463+0530] {dag.py:3239} INFO - Sync 1 DAGs
[2025-01-28T11:50:33.477+0530] {logging_mixin.py:190} INFO - [2025-01-28T11:50:33.477+0530] {dag.py:4180} INFO - Setting next_dagrun for example_weekday_branch_operator to 2025-01-27 00:00:00+00:00, run_after=2025-01-28 00:00:00+00:00
[2025-01-28T11:50:33.491+0530] {processor.py:208} INFO - Processing /home/verma-tv/.local/lib/python3.11/site-packages/airflow/example_dags/example_branch_day_of_week_operator.py took 0.066 seconds
[2025-01-28T11:51:50.477+0530] {processor.py:186} INFO - Started process (PID=20034) to work on /home/verma-tv/.local/lib/python3.11/site-packages/airflow/example_dags/example_branch_day_of_week_operator.py
[2025-01-28T11:51:50.489+0530] {processor.py:914} INFO - Processing file /home/verma-tv/.local/lib/python3.11/site-packages/airflow/example_dags/example_branch_day_of_week_operator.py for tasks to queue
[2025-01-28T11:51:50.492+0530] {logging_mixin.py:190} INFO - [2025-01-28T11:51:50.491+0530] {dagbag.py:588} INFO - Filling up the DagBag from /home/verma-tv/.local/lib/python3.11/site-packages/airflow/example_dags/example_branch_day_of_week_operator.py
[2025-01-28T11:51:50.500+0530] {processor.py:925} INFO - DAG(s) 'example_weekday_branch_operator' retrieved from /home/verma-tv/.local/lib/python3.11/site-packages/airflow/example_dags/example_branch_day_of_week_operator.py
[2025-01-28T11:51:50.511+0530] {logging_mixin.py:190} INFO - [2025-01-28T11:51:50.511+0530] {dag.py:3239} INFO - Sync 1 DAGs
[2025-01-28T11:51:50.525+0530] {logging_mixin.py:190} INFO - [2025-01-28T11:51:50.525+0530] {dag.py:4180} INFO - Setting next_dagrun for example_weekday_branch_operator to 2025-01-27 00:00:00+00:00, run_after=2025-01-28 00:00:00+00:00
[2025-01-28T11:51:50.540+0530] {processor.py:208} INFO - Processing /home/verma-tv/.local/lib/python3.11/site-packages/airflow/example_dags/example_branch_day_of_week_operator.py took 0.067 seconds
[2025-01-28T12:01:40.048+0530] {processor.py:186} INFO - Started process (PID=23124) to work on /home/verma-tv/.local/lib/python3.11/site-packages/airflow/example_dags/example_branch_day_of_week_operator.py
[2025-01-28T12:01:40.062+0530] {processor.py:914} INFO - Processing file /home/verma-tv/.local/lib/python3.11/site-packages/airflow/example_dags/example_branch_day_of_week_operator.py for tasks to queue
[2025-01-28T12:01:40.064+0530] {logging_mixin.py:190} INFO - [2025-01-28T12:01:40.064+0530] {dagbag.py:588} INFO - Filling up the DagBag from /home/verma-tv/.local/lib/python3.11/site-packages/airflow/example_dags/example_branch_day_of_week_operator.py
[2025-01-28T12:01:40.072+0530] {processor.py:925} INFO - DAG(s) 'example_weekday_branch_operator' retrieved from /home/verma-tv/.local/lib/python3.11/site-packages/airflow/example_dags/example_branch_day_of_week_operator.py
[2025-01-28T12:01:40.084+0530] {logging_mixin.py:190} INFO - [2025-01-28T12:01:40.084+0530] {dag.py:3239} INFO - Sync 1 DAGs
[2025-01-28T12:01:40.097+0530] {logging_mixin.py:190} INFO - [2025-01-28T12:01:40.097+0530] {dag.py:4180} INFO - Setting next_dagrun for example_weekday_branch_operator to 2025-01-27 00:00:00+00:00, run_after=2025-01-28 00:00:00+00:00
[2025-01-28T12:01:40.111+0530] {processor.py:208} INFO - Processing /home/verma-tv/.local/lib/python3.11/site-packages/airflow/example_dags/example_branch_day_of_week_operator.py took 0.067 seconds
[2025-01-28T12:02:34.292+0530] {processor.py:186} INFO - Started process (PID=23455) to work on /home/verma-tv/.local/lib/python3.11/site-packages/airflow/example_dags/example_branch_day_of_week_operator.py
[2025-01-28T12:02:34.304+0530] {processor.py:914} INFO - Processing file /home/verma-tv/.local/lib/python3.11/site-packages/airflow/example_dags/example_branch_day_of_week_operator.py for tasks to queue
[2025-01-28T12:02:34.306+0530] {logging_mixin.py:190} INFO - [2025-01-28T12:02:34.306+0530] {dagbag.py:588} INFO - Filling up the DagBag from /home/verma-tv/.local/lib/python3.11/site-packages/airflow/example_dags/example_branch_day_of_week_operator.py
[2025-01-28T12:02:34.314+0530] {processor.py:925} INFO - DAG(s) 'example_weekday_branch_operator' retrieved from /home/verma-tv/.local/lib/python3.11/site-packages/airflow/example_dags/example_branch_day_of_week_operator.py
[2025-01-28T12:02:34.326+0530] {logging_mixin.py:190} INFO - [2025-01-28T12:02:34.326+0530] {dag.py:3239} INFO - Sync 1 DAGs
[2025-01-28T12:02:34.340+0530] {logging_mixin.py:190} INFO - [2025-01-28T12:02:34.340+0530] {dag.py:4180} INFO - Setting next_dagrun for example_weekday_branch_operator to 2025-01-27 00:00:00+00:00, run_after=2025-01-28 00:00:00+00:00
[2025-01-28T12:02:34.354+0530] {processor.py:208} INFO - Processing /home/verma-tv/.local/lib/python3.11/site-packages/airflow/example_dags/example_branch_day_of_week_operator.py took 0.067 seconds
[2025-01-28T12:04:19.223+0530] {processor.py:186} INFO - Started process (PID=24553) to work on /home/verma-tv/.local/lib/python3.11/site-packages/airflow/example_dags/example_branch_day_of_week_operator.py
[2025-01-28T12:04:19.236+0530] {processor.py:914} INFO - Processing file /home/verma-tv/.local/lib/python3.11/site-packages/airflow/example_dags/example_branch_day_of_week_operator.py for tasks to queue
[2025-01-28T12:04:19.238+0530] {logging_mixin.py:190} INFO - [2025-01-28T12:04:19.238+0530] {dagbag.py:588} INFO - Filling up the DagBag from /home/verma-tv/.local/lib/python3.11/site-packages/airflow/example_dags/example_branch_day_of_week_operator.py
[2025-01-28T12:04:19.246+0530] {processor.py:925} INFO - DAG(s) 'example_weekday_branch_operator' retrieved from /home/verma-tv/.local/lib/python3.11/site-packages/airflow/example_dags/example_branch_day_of_week_operator.py
[2025-01-28T12:04:19.259+0530] {logging_mixin.py:190} INFO - [2025-01-28T12:04:19.258+0530] {dag.py:3239} INFO - Sync 1 DAGs
[2025-01-28T12:04:19.273+0530] {logging_mixin.py:190} INFO - [2025-01-28T12:04:19.273+0530] {dag.py:4180} INFO - Setting next_dagrun for example_weekday_branch_operator to 2025-01-27 00:00:00+00:00, run_after=2025-01-28 00:00:00+00:00
[2025-01-28T12:04:19.287+0530] {processor.py:208} INFO - Processing /home/verma-tv/.local/lib/python3.11/site-packages/airflow/example_dags/example_branch_day_of_week_operator.py took 0.069 seconds
[2025-01-28T12:05:12.857+0530] {processor.py:186} INFO - Started process (PID=25134) to work on /home/verma-tv/.local/lib/python3.11/site-packages/airflow/example_dags/example_branch_day_of_week_operator.py
[2025-01-28T12:05:12.869+0530] {processor.py:914} INFO - Processing file /home/verma-tv/.local/lib/python3.11/site-packages/airflow/example_dags/example_branch_day_of_week_operator.py for tasks to queue
[2025-01-28T12:05:12.872+0530] {logging_mixin.py:190} INFO - [2025-01-28T12:05:12.872+0530] {dagbag.py:588} INFO - Filling up the DagBag from /home/verma-tv/.local/lib/python3.11/site-packages/airflow/example_dags/example_branch_day_of_week_operator.py
[2025-01-28T12:05:12.880+0530] {processor.py:925} INFO - DAG(s) 'example_weekday_branch_operator' retrieved from /home/verma-tv/.local/lib/python3.11/site-packages/airflow/example_dags/example_branch_day_of_week_operator.py
[2025-01-28T12:05:12.891+0530] {logging_mixin.py:190} INFO - [2025-01-28T12:05:12.891+0530] {dag.py:3239} INFO - Sync 1 DAGs
[2025-01-28T12:05:12.905+0530] {logging_mixin.py:190} INFO - [2025-01-28T12:05:12.905+0530] {dag.py:4180} INFO - Setting next_dagrun for example_weekday_branch_operator to 2025-01-27 00:00:00+00:00, run_after=2025-01-28 00:00:00+00:00
[2025-01-28T12:05:12.921+0530] {processor.py:208} INFO - Processing /home/verma-tv/.local/lib/python3.11/site-packages/airflow/example_dags/example_branch_day_of_week_operator.py took 0.070 seconds
[2025-01-28T12:06:23.673+0530] {processor.py:186} INFO - Started process (PID=25471) to work on /home/verma-tv/.local/lib/python3.11/site-packages/airflow/example_dags/example_branch_day_of_week_operator.py
[2025-01-28T12:06:23.685+0530] {processor.py:914} INFO - Processing file /home/verma-tv/.local/lib/python3.11/site-packages/airflow/example_dags/example_branch_day_of_week_operator.py for tasks to queue
[2025-01-28T12:06:23.687+0530] {logging_mixin.py:190} INFO - [2025-01-28T12:06:23.687+0530] {dagbag.py:588} INFO - Filling up the DagBag from /home/verma-tv/.local/lib/python3.11/site-packages/airflow/example_dags/example_branch_day_of_week_operator.py
[2025-01-28T12:06:23.695+0530] {processor.py:925} INFO - DAG(s) 'example_weekday_branch_operator' retrieved from /home/verma-tv/.local/lib/python3.11/site-packages/airflow/example_dags/example_branch_day_of_week_operator.py
[2025-01-28T12:06:23.707+0530] {logging_mixin.py:190} INFO - [2025-01-28T12:06:23.707+0530] {dag.py:3239} INFO - Sync 1 DAGs
[2025-01-28T12:06:23.721+0530] {logging_mixin.py:190} INFO - [2025-01-28T12:06:23.721+0530] {dag.py:4180} INFO - Setting next_dagrun for example_weekday_branch_operator to 2025-01-27 00:00:00+00:00, run_after=2025-01-28 00:00:00+00:00
[2025-01-28T12:06:23.734+0530] {processor.py:208} INFO - Processing /home/verma-tv/.local/lib/python3.11/site-packages/airflow/example_dags/example_branch_day_of_week_operator.py took 0.066 seconds
[2025-01-28T12:07:36.666+0530] {processor.py:186} INFO - Started process (PID=25836) to work on /home/verma-tv/.local/lib/python3.11/site-packages/airflow/example_dags/example_branch_day_of_week_operator.py
[2025-01-28T12:07:36.667+0530] {processor.py:914} INFO - Processing file /home/verma-tv/.local/lib/python3.11/site-packages/airflow/example_dags/example_branch_day_of_week_operator.py for tasks to queue
[2025-01-28T12:07:36.669+0530] {logging_mixin.py:190} INFO - [2025-01-28T12:07:36.669+0530] {dagbag.py:588} INFO - Filling up the DagBag from /home/verma-tv/.local/lib/python3.11/site-packages/airflow/example_dags/example_branch_day_of_week_operator.py
[2025-01-28T12:07:36.679+0530] {processor.py:925} INFO - DAG(s) 'example_weekday_branch_operator' retrieved from /home/verma-tv/.local/lib/python3.11/site-packages/airflow/example_dags/example_branch_day_of_week_operator.py
[2025-01-28T12:07:36.693+0530] {logging_mixin.py:190} INFO - [2025-01-28T12:07:36.693+0530] {dag.py:3239} INFO - Sync 1 DAGs
[2025-01-28T12:07:36.710+0530] {logging_mixin.py:190} INFO - [2025-01-28T12:07:36.710+0530] {dag.py:4180} INFO - Setting next_dagrun for example_weekday_branch_operator to 2025-01-27 00:00:00+00:00, run_after=2025-01-28 00:00:00+00:00
[2025-01-28T12:07:36.726+0530] {processor.py:208} INFO - Processing /home/verma-tv/.local/lib/python3.11/site-packages/airflow/example_dags/example_branch_day_of_week_operator.py took 0.066 seconds
[2025-01-28T12:08:53.523+0530] {processor.py:186} INFO - Started process (PID=26430) to work on /home/verma-tv/.local/lib/python3.11/site-packages/airflow/example_dags/example_branch_day_of_week_operator.py
[2025-01-28T12:08:53.537+0530] {processor.py:914} INFO - Processing file /home/verma-tv/.local/lib/python3.11/site-packages/airflow/example_dags/example_branch_day_of_week_operator.py for tasks to queue
[2025-01-28T12:08:53.539+0530] {logging_mixin.py:190} INFO - [2025-01-28T12:08:53.538+0530] {dagbag.py:588} INFO - Filling up the DagBag from /home/verma-tv/.local/lib/python3.11/site-packages/airflow/example_dags/example_branch_day_of_week_operator.py
[2025-01-28T12:08:53.547+0530] {processor.py:925} INFO - DAG(s) 'example_weekday_branch_operator' retrieved from /home/verma-tv/.local/lib/python3.11/site-packages/airflow/example_dags/example_branch_day_of_week_operator.py
[2025-01-28T12:08:53.558+0530] {logging_mixin.py:190} INFO - [2025-01-28T12:08:53.558+0530] {dag.py:3239} INFO - Sync 1 DAGs
[2025-01-28T12:08:53.572+0530] {logging_mixin.py:190} INFO - [2025-01-28T12:08:53.572+0530] {dag.py:4180} INFO - Setting next_dagrun for example_weekday_branch_operator to 2025-01-27 00:00:00+00:00, run_after=2025-01-28 00:00:00+00:00
[2025-01-28T12:08:53.585+0530] {processor.py:208} INFO - Processing /home/verma-tv/.local/lib/python3.11/site-packages/airflow/example_dags/example_branch_day_of_week_operator.py took 0.067 seconds
[2025-01-28T12:10:08.581+0530] {processor.py:186} INFO - Started process (PID=27050) to work on /home/verma-tv/.local/lib/python3.11/site-packages/airflow/example_dags/example_branch_day_of_week_operator.py
[2025-01-28T12:10:08.593+0530] {processor.py:914} INFO - Processing file /home/verma-tv/.local/lib/python3.11/site-packages/airflow/example_dags/example_branch_day_of_week_operator.py for tasks to queue
[2025-01-28T12:10:08.595+0530] {logging_mixin.py:190} INFO - [2025-01-28T12:10:08.594+0530] {dagbag.py:588} INFO - Filling up the DagBag from /home/verma-tv/.local/lib/python3.11/site-packages/airflow/example_dags/example_branch_day_of_week_operator.py
[2025-01-28T12:10:08.603+0530] {processor.py:925} INFO - DAG(s) 'example_weekday_branch_operator' retrieved from /home/verma-tv/.local/lib/python3.11/site-packages/airflow/example_dags/example_branch_day_of_week_operator.py
[2025-01-28T12:10:08.616+0530] {logging_mixin.py:190} INFO - [2025-01-28T12:10:08.616+0530] {dag.py:3239} INFO - Sync 1 DAGs
[2025-01-28T12:10:08.632+0530] {logging_mixin.py:190} INFO - [2025-01-28T12:10:08.631+0530] {dag.py:4180} INFO - Setting next_dagrun for example_weekday_branch_operator to 2025-01-27 00:00:00+00:00, run_after=2025-01-28 00:00:00+00:00
[2025-01-28T12:10:08.646+0530] {processor.py:208} INFO - Processing /home/verma-tv/.local/lib/python3.11/site-packages/airflow/example_dags/example_branch_day_of_week_operator.py took 0.071 seconds
[2025-01-28T12:11:25.698+0530] {processor.py:186} INFO - Started process (PID=27441) to work on /home/verma-tv/.local/lib/python3.11/site-packages/airflow/example_dags/example_branch_day_of_week_operator.py
[2025-01-28T12:11:25.710+0530] {processor.py:914} INFO - Processing file /home/verma-tv/.local/lib/python3.11/site-packages/airflow/example_dags/example_branch_day_of_week_operator.py for tasks to queue
[2025-01-28T12:11:25.713+0530] {logging_mixin.py:190} INFO - [2025-01-28T12:11:25.712+0530] {dagbag.py:588} INFO - Filling up the DagBag from /home/verma-tv/.local/lib/python3.11/site-packages/airflow/example_dags/example_branch_day_of_week_operator.py
[2025-01-28T12:11:25.721+0530] {processor.py:925} INFO - DAG(s) 'example_weekday_branch_operator' retrieved from /home/verma-tv/.local/lib/python3.11/site-packages/airflow/example_dags/example_branch_day_of_week_operator.py
[2025-01-28T12:11:25.732+0530] {logging_mixin.py:190} INFO - [2025-01-28T12:11:25.732+0530] {dag.py:3239} INFO - Sync 1 DAGs
[2025-01-28T12:11:25.746+0530] {logging_mixin.py:190} INFO - [2025-01-28T12:11:25.746+0530] {dag.py:4180} INFO - Setting next_dagrun for example_weekday_branch_operator to 2025-01-27 00:00:00+00:00, run_after=2025-01-28 00:00:00+00:00
[2025-01-28T12:11:25.760+0530] {processor.py:208} INFO - Processing /home/verma-tv/.local/lib/python3.11/site-packages/airflow/example_dags/example_branch_day_of_week_operator.py took 0.067 seconds
[2025-01-28T12:12:42.668+0530] {processor.py:186} INFO - Started process (PID=28161) to work on /home/verma-tv/.local/lib/python3.11/site-packages/airflow/example_dags/example_branch_day_of_week_operator.py
[2025-01-28T12:12:42.671+0530] {processor.py:914} INFO - Processing file /home/verma-tv/.local/lib/python3.11/site-packages/airflow/example_dags/example_branch_day_of_week_operator.py for tasks to queue
[2025-01-28T12:12:42.674+0530] {logging_mixin.py:190} INFO - [2025-01-28T12:12:42.673+0530] {dagbag.py:588} INFO - Filling up the DagBag from /home/verma-tv/.local/lib/python3.11/site-packages/airflow/example_dags/example_branch_day_of_week_operator.py
[2025-01-28T12:12:42.684+0530] {processor.py:925} INFO - DAG(s) 'example_weekday_branch_operator' retrieved from /home/verma-tv/.local/lib/python3.11/site-packages/airflow/example_dags/example_branch_day_of_week_operator.py
[2025-01-28T12:12:42.697+0530] {logging_mixin.py:190} INFO - [2025-01-28T12:12:42.697+0530] {dag.py:3239} INFO - Sync 1 DAGs
[2025-01-28T12:12:42.713+0530] {logging_mixin.py:190} INFO - [2025-01-28T12:12:42.713+0530] {dag.py:4180} INFO - Setting next_dagrun for example_weekday_branch_operator to 2025-01-27 00:00:00+00:00, run_after=2025-01-28 00:00:00+00:00
[2025-01-28T12:12:42.728+0530] {processor.py:208} INFO - Processing /home/verma-tv/.local/lib/python3.11/site-packages/airflow/example_dags/example_branch_day_of_week_operator.py took 0.065 seconds
[2025-01-28T12:13:59.761+0530] {processor.py:186} INFO - Started process (PID=28660) to work on /home/verma-tv/.local/lib/python3.11/site-packages/airflow/example_dags/example_branch_day_of_week_operator.py
[2025-01-28T12:13:59.773+0530] {processor.py:914} INFO - Processing file /home/verma-tv/.local/lib/python3.11/site-packages/airflow/example_dags/example_branch_day_of_week_operator.py for tasks to queue
[2025-01-28T12:13:59.776+0530] {logging_mixin.py:190} INFO - [2025-01-28T12:13:59.775+0530] {dagbag.py:588} INFO - Filling up the DagBag from /home/verma-tv/.local/lib/python3.11/site-packages/airflow/example_dags/example_branch_day_of_week_operator.py
[2025-01-28T12:13:59.783+0530] {processor.py:925} INFO - DAG(s) 'example_weekday_branch_operator' retrieved from /home/verma-tv/.local/lib/python3.11/site-packages/airflow/example_dags/example_branch_day_of_week_operator.py
[2025-01-28T12:13:59.795+0530] {logging_mixin.py:190} INFO - [2025-01-28T12:13:59.795+0530] {dag.py:3239} INFO - Sync 1 DAGs
[2025-01-28T12:13:59.809+0530] {logging_mixin.py:190} INFO - [2025-01-28T12:13:59.809+0530] {dag.py:4180} INFO - Setting next_dagrun for example_weekday_branch_operator to 2025-01-27 00:00:00+00:00, run_after=2025-01-28 00:00:00+00:00
[2025-01-28T12:13:59.822+0530] {processor.py:208} INFO - Processing /home/verma-tv/.local/lib/python3.11/site-packages/airflow/example_dags/example_branch_day_of_week_operator.py took 0.067 seconds
[2025-01-28T12:15:16.347+0530] {processor.py:186} INFO - Started process (PID=29609) to work on /home/verma-tv/.local/lib/python3.11/site-packages/airflow/example_dags/example_branch_day_of_week_operator.py
[2025-01-28T12:15:16.359+0530] {processor.py:914} INFO - Processing file /home/verma-tv/.local/lib/python3.11/site-packages/airflow/example_dags/example_branch_day_of_week_operator.py for tasks to queue
[2025-01-28T12:15:16.361+0530] {logging_mixin.py:190} INFO - [2025-01-28T12:15:16.361+0530] {dagbag.py:588} INFO - Filling up the DagBag from /home/verma-tv/.local/lib/python3.11/site-packages/airflow/example_dags/example_branch_day_of_week_operator.py
[2025-01-28T12:15:16.369+0530] {processor.py:925} INFO - DAG(s) 'example_weekday_branch_operator' retrieved from /home/verma-tv/.local/lib/python3.11/site-packages/airflow/example_dags/example_branch_day_of_week_operator.py
[2025-01-28T12:15:16.381+0530] {logging_mixin.py:190} INFO - [2025-01-28T12:15:16.381+0530] {dag.py:3239} INFO - Sync 1 DAGs
[2025-01-28T12:15:16.395+0530] {logging_mixin.py:190} INFO - [2025-01-28T12:15:16.394+0530] {dag.py:4180} INFO - Setting next_dagrun for example_weekday_branch_operator to 2025-01-27 00:00:00+00:00, run_after=2025-01-28 00:00:00+00:00
[2025-01-28T12:15:16.409+0530] {processor.py:208} INFO - Processing /home/verma-tv/.local/lib/python3.11/site-packages/airflow/example_dags/example_branch_day_of_week_operator.py took 0.067 seconds
[2025-01-28T12:16:32.204+0530] {processor.py:186} INFO - Started process (PID=30199) to work on /home/verma-tv/.local/lib/python3.11/site-packages/airflow/example_dags/example_branch_day_of_week_operator.py
[2025-01-28T12:16:32.216+0530] {processor.py:914} INFO - Processing file /home/verma-tv/.local/lib/python3.11/site-packages/airflow/example_dags/example_branch_day_of_week_operator.py for tasks to queue
[2025-01-28T12:16:32.218+0530] {logging_mixin.py:190} INFO - [2025-01-28T12:16:32.218+0530] {dagbag.py:588} INFO - Filling up the DagBag from /home/verma-tv/.local/lib/python3.11/site-packages/airflow/example_dags/example_branch_day_of_week_operator.py
[2025-01-28T12:16:32.226+0530] {processor.py:925} INFO - DAG(s) 'example_weekday_branch_operator' retrieved from /home/verma-tv/.local/lib/python3.11/site-packages/airflow/example_dags/example_branch_day_of_week_operator.py
[2025-01-28T12:16:32.238+0530] {logging_mixin.py:190} INFO - [2025-01-28T12:16:32.237+0530] {dag.py:3239} INFO - Sync 1 DAGs
[2025-01-28T12:16:32.251+0530] {logging_mixin.py:190} INFO - [2025-01-28T12:16:32.251+0530] {dag.py:4180} INFO - Setting next_dagrun for example_weekday_branch_operator to 2025-01-27 00:00:00+00:00, run_after=2025-01-28 00:00:00+00:00
[2025-01-28T12:16:32.266+0530] {processor.py:208} INFO - Processing /home/verma-tv/.local/lib/python3.11/site-packages/airflow/example_dags/example_branch_day_of_week_operator.py took 0.067 seconds
[2025-01-28T12:17:50.151+0530] {processor.py:186} INFO - Started process (PID=30473) to work on /home/verma-tv/.local/lib/python3.11/site-packages/airflow/example_dags/example_branch_day_of_week_operator.py
[2025-01-28T12:17:50.153+0530] {processor.py:914} INFO - Processing file /home/verma-tv/.local/lib/python3.11/site-packages/airflow/example_dags/example_branch_day_of_week_operator.py for tasks to queue
[2025-01-28T12:17:50.154+0530] {logging_mixin.py:190} INFO - [2025-01-28T12:17:50.154+0530] {dagbag.py:588} INFO - Filling up the DagBag from /home/verma-tv/.local/lib/python3.11/site-packages/airflow/example_dags/example_branch_day_of_week_operator.py
[2025-01-28T12:17:50.162+0530] {processor.py:925} INFO - DAG(s) 'example_weekday_branch_operator' retrieved from /home/verma-tv/.local/lib/python3.11/site-packages/airflow/example_dags/example_branch_day_of_week_operator.py
[2025-01-28T12:17:50.174+0530] {logging_mixin.py:190} INFO - [2025-01-28T12:17:50.174+0530] {dag.py:3239} INFO - Sync 1 DAGs
[2025-01-28T12:17:50.188+0530] {logging_mixin.py:190} INFO - [2025-01-28T12:17:50.188+0530] {dag.py:4180} INFO - Setting next_dagrun for example_weekday_branch_operator to 2025-01-27 00:00:00+00:00, run_after=2025-01-28 00:00:00+00:00
[2025-01-28T12:17:50.202+0530] {processor.py:208} INFO - Processing /home/verma-tv/.local/lib/python3.11/site-packages/airflow/example_dags/example_branch_day_of_week_operator.py took 0.055 seconds
[2025-01-28T12:19:04.160+0530] {processor.py:186} INFO - Started process (PID=30735) to work on /home/verma-tv/.local/lib/python3.11/site-packages/airflow/example_dags/example_branch_day_of_week_operator.py
[2025-01-28T12:19:04.162+0530] {processor.py:914} INFO - Processing file /home/verma-tv/.local/lib/python3.11/site-packages/airflow/example_dags/example_branch_day_of_week_operator.py for tasks to queue
[2025-01-28T12:19:04.163+0530] {logging_mixin.py:190} INFO - [2025-01-28T12:19:04.163+0530] {dagbag.py:588} INFO - Filling up the DagBag from /home/verma-tv/.local/lib/python3.11/site-packages/airflow/example_dags/example_branch_day_of_week_operator.py
[2025-01-28T12:19:04.171+0530] {processor.py:925} INFO - DAG(s) 'example_weekday_branch_operator' retrieved from /home/verma-tv/.local/lib/python3.11/site-packages/airflow/example_dags/example_branch_day_of_week_operator.py
[2025-01-28T12:19:04.183+0530] {logging_mixin.py:190} INFO - [2025-01-28T12:19:04.182+0530] {dag.py:3239} INFO - Sync 1 DAGs
[2025-01-28T12:19:04.197+0530] {logging_mixin.py:190} INFO - [2025-01-28T12:19:04.197+0530] {dag.py:4180} INFO - Setting next_dagrun for example_weekday_branch_operator to 2025-01-27 00:00:00+00:00, run_after=2025-01-28 00:00:00+00:00
[2025-01-28T12:19:04.214+0530] {processor.py:208} INFO - Processing /home/verma-tv/.local/lib/python3.11/site-packages/airflow/example_dags/example_branch_day_of_week_operator.py took 0.058 seconds
[2025-01-28T12:20:21.931+0530] {processor.py:186} INFO - Started process (PID=30984) to work on /home/verma-tv/.local/lib/python3.11/site-packages/airflow/example_dags/example_branch_day_of_week_operator.py
[2025-01-28T12:20:21.932+0530] {processor.py:914} INFO - Processing file /home/verma-tv/.local/lib/python3.11/site-packages/airflow/example_dags/example_branch_day_of_week_operator.py for tasks to queue
[2025-01-28T12:20:21.933+0530] {logging_mixin.py:190} INFO - [2025-01-28T12:20:21.933+0530] {dagbag.py:588} INFO - Filling up the DagBag from /home/verma-tv/.local/lib/python3.11/site-packages/airflow/example_dags/example_branch_day_of_week_operator.py
[2025-01-28T12:20:21.941+0530] {processor.py:925} INFO - DAG(s) 'example_weekday_branch_operator' retrieved from /home/verma-tv/.local/lib/python3.11/site-packages/airflow/example_dags/example_branch_day_of_week_operator.py
[2025-01-28T12:20:21.953+0530] {logging_mixin.py:190} INFO - [2025-01-28T12:20:21.953+0530] {dag.py:3239} INFO - Sync 1 DAGs
[2025-01-28T12:20:21.967+0530] {logging_mixin.py:190} INFO - [2025-01-28T12:20:21.966+0530] {dag.py:4180} INFO - Setting next_dagrun for example_weekday_branch_operator to 2025-01-27 00:00:00+00:00, run_after=2025-01-28 00:00:00+00:00
[2025-01-28T12:20:21.980+0530] {processor.py:208} INFO - Processing /home/verma-tv/.local/lib/python3.11/site-packages/airflow/example_dags/example_branch_day_of_week_operator.py took 0.054 seconds
[2025-01-28T12:21:37.625+0530] {processor.py:186} INFO - Started process (PID=31251) to work on /home/verma-tv/.local/lib/python3.11/site-packages/airflow/example_dags/example_branch_day_of_week_operator.py
[2025-01-28T12:21:37.626+0530] {processor.py:914} INFO - Processing file /home/verma-tv/.local/lib/python3.11/site-packages/airflow/example_dags/example_branch_day_of_week_operator.py for tasks to queue
[2025-01-28T12:21:37.628+0530] {logging_mixin.py:190} INFO - [2025-01-28T12:21:37.628+0530] {dagbag.py:588} INFO - Filling up the DagBag from /home/verma-tv/.local/lib/python3.11/site-packages/airflow/example_dags/example_branch_day_of_week_operator.py
[2025-01-28T12:21:37.636+0530] {processor.py:925} INFO - DAG(s) 'example_weekday_branch_operator' retrieved from /home/verma-tv/.local/lib/python3.11/site-packages/airflow/example_dags/example_branch_day_of_week_operator.py
[2025-01-28T12:21:37.648+0530] {logging_mixin.py:190} INFO - [2025-01-28T12:21:37.648+0530] {dag.py:3239} INFO - Sync 1 DAGs
[2025-01-28T12:21:37.662+0530] {logging_mixin.py:190} INFO - [2025-01-28T12:21:37.661+0530] {dag.py:4180} INFO - Setting next_dagrun for example_weekday_branch_operator to 2025-01-27 00:00:00+00:00, run_after=2025-01-28 00:00:00+00:00
[2025-01-28T12:21:37.675+0530] {processor.py:208} INFO - Processing /home/verma-tv/.local/lib/python3.11/site-packages/airflow/example_dags/example_branch_day_of_week_operator.py took 0.054 seconds
[2025-01-28T12:22:52.880+0530] {processor.py:186} INFO - Started process (PID=31492) to work on /home/verma-tv/.local/lib/python3.11/site-packages/airflow/example_dags/example_branch_day_of_week_operator.py
[2025-01-28T12:22:52.892+0530] {processor.py:914} INFO - Processing file /home/verma-tv/.local/lib/python3.11/site-packages/airflow/example_dags/example_branch_day_of_week_operator.py for tasks to queue
[2025-01-28T12:22:52.895+0530] {logging_mixin.py:190} INFO - [2025-01-28T12:22:52.894+0530] {dagbag.py:588} INFO - Filling up the DagBag from /home/verma-tv/.local/lib/python3.11/site-packages/airflow/example_dags/example_branch_day_of_week_operator.py
[2025-01-28T12:22:52.903+0530] {processor.py:925} INFO - DAG(s) 'example_weekday_branch_operator' retrieved from /home/verma-tv/.local/lib/python3.11/site-packages/airflow/example_dags/example_branch_day_of_week_operator.py
[2025-01-28T12:22:52.915+0530] {logging_mixin.py:190} INFO - [2025-01-28T12:22:52.915+0530] {dag.py:3239} INFO - Sync 1 DAGs
[2025-01-28T12:22:52.930+0530] {logging_mixin.py:190} INFO - [2025-01-28T12:22:52.930+0530] {dag.py:4180} INFO - Setting next_dagrun for example_weekday_branch_operator to 2025-01-27 00:00:00+00:00, run_after=2025-01-28 00:00:00+00:00
[2025-01-28T12:22:52.946+0530] {processor.py:208} INFO - Processing /home/verma-tv/.local/lib/python3.11/site-packages/airflow/example_dags/example_branch_day_of_week_operator.py took 0.070 seconds
[2025-01-28T12:24:04.959+0530] {processor.py:186} INFO - Started process (PID=31785) to work on /home/verma-tv/.local/lib/python3.11/site-packages/airflow/example_dags/example_branch_day_of_week_operator.py
[2025-01-28T12:24:04.960+0530] {processor.py:914} INFO - Processing file /home/verma-tv/.local/lib/python3.11/site-packages/airflow/example_dags/example_branch_day_of_week_operator.py for tasks to queue
[2025-01-28T12:24:04.962+0530] {logging_mixin.py:190} INFO - [2025-01-28T12:24:04.962+0530] {dagbag.py:588} INFO - Filling up the DagBag from /home/verma-tv/.local/lib/python3.11/site-packages/airflow/example_dags/example_branch_day_of_week_operator.py
[2025-01-28T12:24:04.970+0530] {processor.py:925} INFO - DAG(s) 'example_weekday_branch_operator' retrieved from /home/verma-tv/.local/lib/python3.11/site-packages/airflow/example_dags/example_branch_day_of_week_operator.py
[2025-01-28T12:24:04.981+0530] {logging_mixin.py:190} INFO - [2025-01-28T12:24:04.981+0530] {dag.py:3239} INFO - Sync 1 DAGs
[2025-01-28T12:24:04.995+0530] {logging_mixin.py:190} INFO - [2025-01-28T12:24:04.995+0530] {dag.py:4180} INFO - Setting next_dagrun for example_weekday_branch_operator to 2025-01-27 00:00:00+00:00, run_after=2025-01-28 00:00:00+00:00
[2025-01-28T12:24:05.009+0530] {processor.py:208} INFO - Processing /home/verma-tv/.local/lib/python3.11/site-packages/airflow/example_dags/example_branch_day_of_week_operator.py took 0.054 seconds
[2025-01-28T12:25:22.933+0530] {processor.py:186} INFO - Started process (PID=32234) to work on /home/verma-tv/.local/lib/python3.11/site-packages/airflow/example_dags/example_branch_day_of_week_operator.py
[2025-01-28T12:25:22.945+0530] {processor.py:914} INFO - Processing file /home/verma-tv/.local/lib/python3.11/site-packages/airflow/example_dags/example_branch_day_of_week_operator.py for tasks to queue
[2025-01-28T12:25:22.948+0530] {logging_mixin.py:190} INFO - [2025-01-28T12:25:22.948+0530] {dagbag.py:588} INFO - Filling up the DagBag from /home/verma-tv/.local/lib/python3.11/site-packages/airflow/example_dags/example_branch_day_of_week_operator.py
[2025-01-28T12:25:22.958+0530] {processor.py:925} INFO - DAG(s) 'example_weekday_branch_operator' retrieved from /home/verma-tv/.local/lib/python3.11/site-packages/airflow/example_dags/example_branch_day_of_week_operator.py
[2025-01-28T12:25:22.970+0530] {logging_mixin.py:190} INFO - [2025-01-28T12:25:22.970+0530] {dag.py:3239} INFO - Sync 1 DAGs
[2025-01-28T12:25:22.987+0530] {logging_mixin.py:190} INFO - [2025-01-28T12:25:22.987+0530] {dag.py:4180} INFO - Setting next_dagrun for example_weekday_branch_operator to 2025-01-27 00:00:00+00:00, run_after=2025-01-28 00:00:00+00:00
[2025-01-28T12:25:23.004+0530] {processor.py:208} INFO - Processing /home/verma-tv/.local/lib/python3.11/site-packages/airflow/example_dags/example_branch_day_of_week_operator.py took 0.076 seconds
[2025-01-28T12:26:39.688+0530] {processor.py:186} INFO - Started process (PID=32502) to work on /home/verma-tv/.local/lib/python3.11/site-packages/airflow/example_dags/example_branch_day_of_week_operator.py
[2025-01-28T12:26:39.700+0530] {processor.py:914} INFO - Processing file /home/verma-tv/.local/lib/python3.11/site-packages/airflow/example_dags/example_branch_day_of_week_operator.py for tasks to queue
[2025-01-28T12:26:39.702+0530] {logging_mixin.py:190} INFO - [2025-01-28T12:26:39.702+0530] {dagbag.py:588} INFO - Filling up the DagBag from /home/verma-tv/.local/lib/python3.11/site-packages/airflow/example_dags/example_branch_day_of_week_operator.py
[2025-01-28T12:26:39.710+0530] {processor.py:925} INFO - DAG(s) 'example_weekday_branch_operator' retrieved from /home/verma-tv/.local/lib/python3.11/site-packages/airflow/example_dags/example_branch_day_of_week_operator.py
[2025-01-28T12:26:39.723+0530] {logging_mixin.py:190} INFO - [2025-01-28T12:26:39.723+0530] {dag.py:3239} INFO - Sync 1 DAGs
[2025-01-28T12:26:39.739+0530] {logging_mixin.py:190} INFO - [2025-01-28T12:26:39.739+0530] {dag.py:4180} INFO - Setting next_dagrun for example_weekday_branch_operator to 2025-01-27 00:00:00+00:00, run_after=2025-01-28 00:00:00+00:00
[2025-01-28T12:26:39.754+0530] {processor.py:208} INFO - Processing /home/verma-tv/.local/lib/python3.11/site-packages/airflow/example_dags/example_branch_day_of_week_operator.py took 0.071 seconds
[2025-01-28T12:27:59.284+0530] {processor.py:186} INFO - Started process (PID=32779) to work on /home/verma-tv/.local/lib/python3.11/site-packages/airflow/example_dags/example_branch_day_of_week_operator.py
[2025-01-28T12:27:59.297+0530] {processor.py:914} INFO - Processing file /home/verma-tv/.local/lib/python3.11/site-packages/airflow/example_dags/example_branch_day_of_week_operator.py for tasks to queue
[2025-01-28T12:27:59.301+0530] {logging_mixin.py:190} INFO - [2025-01-28T12:27:59.300+0530] {dagbag.py:588} INFO - Filling up the DagBag from /home/verma-tv/.local/lib/python3.11/site-packages/airflow/example_dags/example_branch_day_of_week_operator.py
[2025-01-28T12:27:59.309+0530] {processor.py:925} INFO - DAG(s) 'example_weekday_branch_operator' retrieved from /home/verma-tv/.local/lib/python3.11/site-packages/airflow/example_dags/example_branch_day_of_week_operator.py
[2025-01-28T12:27:59.323+0530] {logging_mixin.py:190} INFO - [2025-01-28T12:27:59.323+0530] {dag.py:3239} INFO - Sync 1 DAGs
[2025-01-28T12:27:59.341+0530] {logging_mixin.py:190} INFO - [2025-01-28T12:27:59.341+0530] {dag.py:4180} INFO - Setting next_dagrun for example_weekday_branch_operator to 2025-01-27 00:00:00+00:00, run_after=2025-01-28 00:00:00+00:00
[2025-01-28T12:27:59.357+0530] {processor.py:208} INFO - Processing /home/verma-tv/.local/lib/python3.11/site-packages/airflow/example_dags/example_branch_day_of_week_operator.py took 0.080 seconds
[2025-01-28T12:29:16.398+0530] {processor.py:186} INFO - Started process (PID=32998) to work on /home/verma-tv/.local/lib/python3.11/site-packages/airflow/example_dags/example_branch_day_of_week_operator.py
[2025-01-28T12:29:16.399+0530] {processor.py:914} INFO - Processing file /home/verma-tv/.local/lib/python3.11/site-packages/airflow/example_dags/example_branch_day_of_week_operator.py for tasks to queue
[2025-01-28T12:29:16.401+0530] {logging_mixin.py:190} INFO - [2025-01-28T12:29:16.400+0530] {dagbag.py:588} INFO - Filling up the DagBag from /home/verma-tv/.local/lib/python3.11/site-packages/airflow/example_dags/example_branch_day_of_week_operator.py
[2025-01-28T12:29:16.409+0530] {processor.py:925} INFO - DAG(s) 'example_weekday_branch_operator' retrieved from /home/verma-tv/.local/lib/python3.11/site-packages/airflow/example_dags/example_branch_day_of_week_operator.py
[2025-01-28T12:29:16.424+0530] {logging_mixin.py:190} INFO - [2025-01-28T12:29:16.423+0530] {dag.py:3239} INFO - Sync 1 DAGs
[2025-01-28T12:29:16.441+0530] {logging_mixin.py:190} INFO - [2025-01-28T12:29:16.441+0530] {dag.py:4180} INFO - Setting next_dagrun for example_weekday_branch_operator to 2025-01-27 00:00:00+00:00, run_after=2025-01-28 00:00:00+00:00
[2025-01-28T12:29:16.457+0530] {processor.py:208} INFO - Processing /home/verma-tv/.local/lib/python3.11/site-packages/airflow/example_dags/example_branch_day_of_week_operator.py took 0.067 seconds
[2025-01-28T12:30:36.033+0530] {processor.py:186} INFO - Started process (PID=33263) to work on /home/verma-tv/.local/lib/python3.11/site-packages/airflow/example_dags/example_branch_day_of_week_operator.py
[2025-01-28T12:30:36.045+0530] {processor.py:914} INFO - Processing file /home/verma-tv/.local/lib/python3.11/site-packages/airflow/example_dags/example_branch_day_of_week_operator.py for tasks to queue
[2025-01-28T12:30:36.048+0530] {logging_mixin.py:190} INFO - [2025-01-28T12:30:36.047+0530] {dagbag.py:588} INFO - Filling up the DagBag from /home/verma-tv/.local/lib/python3.11/site-packages/airflow/example_dags/example_branch_day_of_week_operator.py
[2025-01-28T12:30:36.058+0530] {processor.py:925} INFO - DAG(s) 'example_weekday_branch_operator' retrieved from /home/verma-tv/.local/lib/python3.11/site-packages/airflow/example_dags/example_branch_day_of_week_operator.py
[2025-01-28T12:30:36.070+0530] {logging_mixin.py:190} INFO - [2025-01-28T12:30:36.069+0530] {dag.py:3239} INFO - Sync 1 DAGs
[2025-01-28T12:30:36.092+0530] {logging_mixin.py:190} INFO - [2025-01-28T12:30:36.092+0530] {dag.py:4180} INFO - Setting next_dagrun for example_weekday_branch_operator to 2025-01-27 00:00:00+00:00, run_after=2025-01-28 00:00:00+00:00
[2025-01-28T12:30:36.111+0530] {processor.py:208} INFO - Processing /home/verma-tv/.local/lib/python3.11/site-packages/airflow/example_dags/example_branch_day_of_week_operator.py took 0.082 seconds
[2025-01-28T12:31:50.628+0530] {processor.py:186} INFO - Started process (PID=33537) to work on /home/verma-tv/.local/lib/python3.11/site-packages/airflow/example_dags/example_branch_day_of_week_operator.py
[2025-01-28T12:31:50.640+0530] {processor.py:914} INFO - Processing file /home/verma-tv/.local/lib/python3.11/site-packages/airflow/example_dags/example_branch_day_of_week_operator.py for tasks to queue
[2025-01-28T12:31:50.642+0530] {logging_mixin.py:190} INFO - [2025-01-28T12:31:50.642+0530] {dagbag.py:588} INFO - Filling up the DagBag from /home/verma-tv/.local/lib/python3.11/site-packages/airflow/example_dags/example_branch_day_of_week_operator.py
[2025-01-28T12:31:50.656+0530] {processor.py:925} INFO - DAG(s) 'example_weekday_branch_operator' retrieved from /home/verma-tv/.local/lib/python3.11/site-packages/airflow/example_dags/example_branch_day_of_week_operator.py
[2025-01-28T12:31:50.670+0530] {logging_mixin.py:190} INFO - [2025-01-28T12:31:50.670+0530] {dag.py:3239} INFO - Sync 1 DAGs
[2025-01-28T12:31:50.686+0530] {logging_mixin.py:190} INFO - [2025-01-28T12:31:50.686+0530] {dag.py:4180} INFO - Setting next_dagrun for example_weekday_branch_operator to 2025-01-27 00:00:00+00:00, run_after=2025-01-28 00:00:00+00:00
[2025-01-28T12:31:50.702+0530] {processor.py:208} INFO - Processing /home/verma-tv/.local/lib/python3.11/site-packages/airflow/example_dags/example_branch_day_of_week_operator.py took 0.079 seconds
[2025-01-28T12:32:46.226+0530] {processor.py:186} INFO - Started process (PID=33730) to work on /home/verma-tv/.local/lib/python3.11/site-packages/airflow/example_dags/example_branch_day_of_week_operator.py
[2025-01-28T12:32:46.238+0530] {processor.py:914} INFO - Processing file /home/verma-tv/.local/lib/python3.11/site-packages/airflow/example_dags/example_branch_day_of_week_operator.py for tasks to queue
[2025-01-28T12:32:46.243+0530] {logging_mixin.py:190} INFO - [2025-01-28T12:32:46.242+0530] {dagbag.py:588} INFO - Filling up the DagBag from /home/verma-tv/.local/lib/python3.11/site-packages/airflow/example_dags/example_branch_day_of_week_operator.py
[2025-01-28T12:32:46.251+0530] {processor.py:925} INFO - DAG(s) 'example_weekday_branch_operator' retrieved from /home/verma-tv/.local/lib/python3.11/site-packages/airflow/example_dags/example_branch_day_of_week_operator.py
[2025-01-28T12:32:46.266+0530] {logging_mixin.py:190} INFO - [2025-01-28T12:32:46.266+0530] {dag.py:3239} INFO - Sync 1 DAGs
[2025-01-28T12:32:46.287+0530] {logging_mixin.py:190} INFO - [2025-01-28T12:32:46.287+0530] {dag.py:4180} INFO - Setting next_dagrun for example_weekday_branch_operator to 2025-01-27 00:00:00+00:00, run_after=2025-01-28 00:00:00+00:00
[2025-01-28T12:32:46.303+0530] {processor.py:208} INFO - Processing /home/verma-tv/.local/lib/python3.11/site-packages/airflow/example_dags/example_branch_day_of_week_operator.py took 0.086 seconds
[2025-01-28T12:34:06.894+0530] {processor.py:186} INFO - Started process (PID=34049) to work on /home/verma-tv/.local/lib/python3.11/site-packages/airflow/example_dags/example_branch_day_of_week_operator.py
[2025-01-28T12:34:06.910+0530] {processor.py:914} INFO - Processing file /home/verma-tv/.local/lib/python3.11/site-packages/airflow/example_dags/example_branch_day_of_week_operator.py for tasks to queue
[2025-01-28T12:34:06.916+0530] {logging_mixin.py:190} INFO - [2025-01-28T12:34:06.915+0530] {dagbag.py:588} INFO - Filling up the DagBag from /home/verma-tv/.local/lib/python3.11/site-packages/airflow/example_dags/example_branch_day_of_week_operator.py
[2025-01-28T12:34:06.951+0530] {processor.py:925} INFO - DAG(s) 'example_weekday_branch_operator' retrieved from /home/verma-tv/.local/lib/python3.11/site-packages/airflow/example_dags/example_branch_day_of_week_operator.py
[2025-01-28T12:34:07.000+0530] {logging_mixin.py:190} INFO - [2025-01-28T12:34:07.000+0530] {dag.py:3239} INFO - Sync 1 DAGs
[2025-01-28T12:34:07.059+0530] {logging_mixin.py:190} INFO - [2025-01-28T12:34:07.058+0530] {dag.py:4180} INFO - Setting next_dagrun for example_weekday_branch_operator to 2025-01-27 00:00:00+00:00, run_after=2025-01-28 00:00:00+00:00
[2025-01-28T12:34:07.146+0530] {processor.py:208} INFO - Processing /home/verma-tv/.local/lib/python3.11/site-packages/airflow/example_dags/example_branch_day_of_week_operator.py took 0.273 seconds
[2025-01-28T12:35:02.053+0530] {processor.py:186} INFO - Started process (PID=34254) to work on /home/verma-tv/.local/lib/python3.11/site-packages/airflow/example_dags/example_branch_day_of_week_operator.py
[2025-01-28T12:35:02.065+0530] {processor.py:914} INFO - Processing file /home/verma-tv/.local/lib/python3.11/site-packages/airflow/example_dags/example_branch_day_of_week_operator.py for tasks to queue
[2025-01-28T12:35:02.068+0530] {logging_mixin.py:190} INFO - [2025-01-28T12:35:02.067+0530] {dagbag.py:588} INFO - Filling up the DagBag from /home/verma-tv/.local/lib/python3.11/site-packages/airflow/example_dags/example_branch_day_of_week_operator.py
[2025-01-28T12:35:02.077+0530] {processor.py:925} INFO - DAG(s) 'example_weekday_branch_operator' retrieved from /home/verma-tv/.local/lib/python3.11/site-packages/airflow/example_dags/example_branch_day_of_week_operator.py
[2025-01-28T12:35:02.090+0530] {logging_mixin.py:190} INFO - [2025-01-28T12:35:02.090+0530] {dag.py:3239} INFO - Sync 1 DAGs
[2025-01-28T12:35:02.105+0530] {logging_mixin.py:190} INFO - [2025-01-28T12:35:02.104+0530] {dag.py:4180} INFO - Setting next_dagrun for example_weekday_branch_operator to 2025-01-27 00:00:00+00:00, run_after=2025-01-28 00:00:00+00:00
[2025-01-28T12:35:02.126+0530] {processor.py:208} INFO - Processing /home/verma-tv/.local/lib/python3.11/site-packages/airflow/example_dags/example_branch_day_of_week_operator.py took 0.078 seconds
[2025-01-28T12:36:20.269+0530] {processor.py:186} INFO - Started process (PID=34524) to work on /home/verma-tv/.local/lib/python3.11/site-packages/airflow/example_dags/example_branch_day_of_week_operator.py
[2025-01-28T12:36:20.270+0530] {processor.py:914} INFO - Processing file /home/verma-tv/.local/lib/python3.11/site-packages/airflow/example_dags/example_branch_day_of_week_operator.py for tasks to queue
[2025-01-28T12:36:20.272+0530] {logging_mixin.py:190} INFO - [2025-01-28T12:36:20.271+0530] {dagbag.py:588} INFO - Filling up the DagBag from /home/verma-tv/.local/lib/python3.11/site-packages/airflow/example_dags/example_branch_day_of_week_operator.py
[2025-01-28T12:36:20.283+0530] {processor.py:925} INFO - DAG(s) 'example_weekday_branch_operator' retrieved from /home/verma-tv/.local/lib/python3.11/site-packages/airflow/example_dags/example_branch_day_of_week_operator.py
[2025-01-28T12:36:20.299+0530] {logging_mixin.py:190} INFO - [2025-01-28T12:36:20.299+0530] {dag.py:3239} INFO - Sync 1 DAGs
[2025-01-28T12:36:20.362+0530] {logging_mixin.py:190} INFO - [2025-01-28T12:36:20.361+0530] {dag.py:4180} INFO - Setting next_dagrun for example_weekday_branch_operator to 2025-01-27 00:00:00+00:00, run_after=2025-01-28 00:00:00+00:00
[2025-01-28T12:36:20.434+0530] {processor.py:208} INFO - Processing /home/verma-tv/.local/lib/python3.11/site-packages/airflow/example_dags/example_branch_day_of_week_operator.py took 0.172 seconds
[2025-01-28T12:37:39.160+0530] {processor.py:186} INFO - Started process (PID=34763) to work on /home/verma-tv/.local/lib/python3.11/site-packages/airflow/example_dags/example_branch_day_of_week_operator.py
[2025-01-28T12:37:39.172+0530] {processor.py:914} INFO - Processing file /home/verma-tv/.local/lib/python3.11/site-packages/airflow/example_dags/example_branch_day_of_week_operator.py for tasks to queue
[2025-01-28T12:37:39.174+0530] {logging_mixin.py:190} INFO - [2025-01-28T12:37:39.174+0530] {dagbag.py:588} INFO - Filling up the DagBag from /home/verma-tv/.local/lib/python3.11/site-packages/airflow/example_dags/example_branch_day_of_week_operator.py
[2025-01-28T12:37:39.185+0530] {processor.py:925} INFO - DAG(s) 'example_weekday_branch_operator' retrieved from /home/verma-tv/.local/lib/python3.11/site-packages/airflow/example_dags/example_branch_day_of_week_operator.py
[2025-01-28T12:37:39.198+0530] {logging_mixin.py:190} INFO - [2025-01-28T12:37:39.198+0530] {dag.py:3239} INFO - Sync 1 DAGs
[2025-01-28T12:37:39.213+0530] {logging_mixin.py:190} INFO - [2025-01-28T12:37:39.213+0530] {dag.py:4180} INFO - Setting next_dagrun for example_weekday_branch_operator to 2025-01-27 00:00:00+00:00, run_after=2025-01-28 00:00:00+00:00
[2025-01-28T12:37:39.231+0530] {processor.py:208} INFO - Processing /home/verma-tv/.local/lib/python3.11/site-packages/airflow/example_dags/example_branch_day_of_week_operator.py took 0.076 seconds
[2025-01-28T12:38:54.324+0530] {processor.py:186} INFO - Started process (PID=35034) to work on /home/verma-tv/.local/lib/python3.11/site-packages/airflow/example_dags/example_branch_day_of_week_operator.py
[2025-01-28T12:38:54.325+0530] {processor.py:914} INFO - Processing file /home/verma-tv/.local/lib/python3.11/site-packages/airflow/example_dags/example_branch_day_of_week_operator.py for tasks to queue
[2025-01-28T12:38:54.327+0530] {logging_mixin.py:190} INFO - [2025-01-28T12:38:54.326+0530] {dagbag.py:588} INFO - Filling up the DagBag from /home/verma-tv/.local/lib/python3.11/site-packages/airflow/example_dags/example_branch_day_of_week_operator.py
[2025-01-28T12:38:54.338+0530] {processor.py:925} INFO - DAG(s) 'example_weekday_branch_operator' retrieved from /home/verma-tv/.local/lib/python3.11/site-packages/airflow/example_dags/example_branch_day_of_week_operator.py
[2025-01-28T12:38:54.358+0530] {logging_mixin.py:190} INFO - [2025-01-28T12:38:54.358+0530] {dag.py:3239} INFO - Sync 1 DAGs
[2025-01-28T12:38:54.375+0530] {logging_mixin.py:190} INFO - [2025-01-28T12:38:54.374+0530] {dag.py:4180} INFO - Setting next_dagrun for example_weekday_branch_operator to 2025-01-27 00:00:00+00:00, run_after=2025-01-28 00:00:00+00:00
[2025-01-28T12:38:54.390+0530] {processor.py:208} INFO - Processing /home/verma-tv/.local/lib/python3.11/site-packages/airflow/example_dags/example_branch_day_of_week_operator.py took 0.072 seconds
[2025-01-28T12:40:08.793+0530] {processor.py:186} INFO - Started process (PID=35299) to work on /home/verma-tv/.local/lib/python3.11/site-packages/airflow/example_dags/example_branch_day_of_week_operator.py
[2025-01-28T12:40:08.799+0530] {processor.py:914} INFO - Processing file /home/verma-tv/.local/lib/python3.11/site-packages/airflow/example_dags/example_branch_day_of_week_operator.py for tasks to queue
[2025-01-28T12:40:08.802+0530] {logging_mixin.py:190} INFO - [2025-01-28T12:40:08.801+0530] {dagbag.py:588} INFO - Filling up the DagBag from /home/verma-tv/.local/lib/python3.11/site-packages/airflow/example_dags/example_branch_day_of_week_operator.py
[2025-01-28T12:40:08.810+0530] {processor.py:925} INFO - DAG(s) 'example_weekday_branch_operator' retrieved from /home/verma-tv/.local/lib/python3.11/site-packages/airflow/example_dags/example_branch_day_of_week_operator.py
[2025-01-28T12:40:08.821+0530] {logging_mixin.py:190} INFO - [2025-01-28T12:40:08.821+0530] {dag.py:3239} INFO - Sync 1 DAGs
[2025-01-28T12:40:08.835+0530] {logging_mixin.py:190} INFO - [2025-01-28T12:40:08.835+0530] {dag.py:4180} INFO - Setting next_dagrun for example_weekday_branch_operator to 2025-01-27 00:00:00+00:00, run_after=2025-01-28 00:00:00+00:00
[2025-01-28T12:40:08.849+0530] {processor.py:208} INFO - Processing /home/verma-tv/.local/lib/python3.11/site-packages/airflow/example_dags/example_branch_day_of_week_operator.py took 0.060 seconds
[2025-01-28T12:41:21.566+0530] {processor.py:186} INFO - Started process (PID=35845) to work on /home/verma-tv/.local/lib/python3.11/site-packages/airflow/example_dags/example_branch_day_of_week_operator.py
[2025-01-28T12:41:21.578+0530] {processor.py:914} INFO - Processing file /home/verma-tv/.local/lib/python3.11/site-packages/airflow/example_dags/example_branch_day_of_week_operator.py for tasks to queue
[2025-01-28T12:41:21.581+0530] {logging_mixin.py:190} INFO - [2025-01-28T12:41:21.580+0530] {dagbag.py:588} INFO - Filling up the DagBag from /home/verma-tv/.local/lib/python3.11/site-packages/airflow/example_dags/example_branch_day_of_week_operator.py
[2025-01-28T12:41:21.588+0530] {processor.py:925} INFO - DAG(s) 'example_weekday_branch_operator' retrieved from /home/verma-tv/.local/lib/python3.11/site-packages/airflow/example_dags/example_branch_day_of_week_operator.py
[2025-01-28T12:41:21.600+0530] {logging_mixin.py:190} INFO - [2025-01-28T12:41:21.600+0530] {dag.py:3239} INFO - Sync 1 DAGs
[2025-01-28T12:41:21.614+0530] {logging_mixin.py:190} INFO - [2025-01-28T12:41:21.614+0530] {dag.py:4180} INFO - Setting next_dagrun for example_weekday_branch_operator to 2025-01-27 00:00:00+00:00, run_after=2025-01-28 00:00:00+00:00
[2025-01-28T12:41:21.628+0530] {processor.py:208} INFO - Processing /home/verma-tv/.local/lib/python3.11/site-packages/airflow/example_dags/example_branch_day_of_week_operator.py took 0.067 seconds
[2025-01-28T12:42:38.665+0530] {processor.py:186} INFO - Started process (PID=36438) to work on /home/verma-tv/.local/lib/python3.11/site-packages/airflow/example_dags/example_branch_day_of_week_operator.py
[2025-01-28T12:42:38.677+0530] {processor.py:914} INFO - Processing file /home/verma-tv/.local/lib/python3.11/site-packages/airflow/example_dags/example_branch_day_of_week_operator.py for tasks to queue
[2025-01-28T12:42:38.679+0530] {logging_mixin.py:190} INFO - [2025-01-28T12:42:38.679+0530] {dagbag.py:588} INFO - Filling up the DagBag from /home/verma-tv/.local/lib/python3.11/site-packages/airflow/example_dags/example_branch_day_of_week_operator.py
[2025-01-28T12:42:38.688+0530] {processor.py:925} INFO - DAG(s) 'example_weekday_branch_operator' retrieved from /home/verma-tv/.local/lib/python3.11/site-packages/airflow/example_dags/example_branch_day_of_week_operator.py
[2025-01-28T12:42:38.700+0530] {logging_mixin.py:190} INFO - [2025-01-28T12:42:38.700+0530] {dag.py:3239} INFO - Sync 1 DAGs
[2025-01-28T12:42:38.714+0530] {logging_mixin.py:190} INFO - [2025-01-28T12:42:38.714+0530] {dag.py:4180} INFO - Setting next_dagrun for example_weekday_branch_operator to 2025-01-27 00:00:00+00:00, run_after=2025-01-28 00:00:00+00:00
[2025-01-28T12:42:38.728+0530] {processor.py:208} INFO - Processing /home/verma-tv/.local/lib/python3.11/site-packages/airflow/example_dags/example_branch_day_of_week_operator.py took 0.068 seconds
[2025-01-28T12:43:57.218+0530] {processor.py:186} INFO - Started process (PID=37034) to work on /home/verma-tv/.local/lib/python3.11/site-packages/airflow/example_dags/example_branch_day_of_week_operator.py
[2025-01-28T12:43:57.230+0530] {processor.py:914} INFO - Processing file /home/verma-tv/.local/lib/python3.11/site-packages/airflow/example_dags/example_branch_day_of_week_operator.py for tasks to queue
[2025-01-28T12:43:57.232+0530] {logging_mixin.py:190} INFO - [2025-01-28T12:43:57.231+0530] {dagbag.py:588} INFO - Filling up the DagBag from /home/verma-tv/.local/lib/python3.11/site-packages/airflow/example_dags/example_branch_day_of_week_operator.py
[2025-01-28T12:43:57.240+0530] {processor.py:925} INFO - DAG(s) 'example_weekday_branch_operator' retrieved from /home/verma-tv/.local/lib/python3.11/site-packages/airflow/example_dags/example_branch_day_of_week_operator.py
[2025-01-28T12:43:57.251+0530] {logging_mixin.py:190} INFO - [2025-01-28T12:43:57.251+0530] {dag.py:3239} INFO - Sync 1 DAGs
[2025-01-28T12:43:57.265+0530] {logging_mixin.py:190} INFO - [2025-01-28T12:43:57.265+0530] {dag.py:4180} INFO - Setting next_dagrun for example_weekday_branch_operator to 2025-01-27 00:00:00+00:00, run_after=2025-01-28 00:00:00+00:00
[2025-01-28T12:43:57.281+0530] {processor.py:208} INFO - Processing /home/verma-tv/.local/lib/python3.11/site-packages/airflow/example_dags/example_branch_day_of_week_operator.py took 0.068 seconds
[2025-01-28T12:45:11.235+0530] {processor.py:186} INFO - Started process (PID=37387) to work on /home/verma-tv/.local/lib/python3.11/site-packages/airflow/example_dags/example_branch_day_of_week_operator.py
[2025-01-28T12:45:11.249+0530] {processor.py:914} INFO - Processing file /home/verma-tv/.local/lib/python3.11/site-packages/airflow/example_dags/example_branch_day_of_week_operator.py for tasks to queue
[2025-01-28T12:45:11.251+0530] {logging_mixin.py:190} INFO - [2025-01-28T12:45:11.251+0530] {dagbag.py:588} INFO - Filling up the DagBag from /home/verma-tv/.local/lib/python3.11/site-packages/airflow/example_dags/example_branch_day_of_week_operator.py
[2025-01-28T12:45:11.261+0530] {processor.py:925} INFO - DAG(s) 'example_weekday_branch_operator' retrieved from /home/verma-tv/.local/lib/python3.11/site-packages/airflow/example_dags/example_branch_day_of_week_operator.py
[2025-01-28T12:45:11.282+0530] {logging_mixin.py:190} INFO - [2025-01-28T12:45:11.282+0530] {dag.py:3239} INFO - Sync 1 DAGs
[2025-01-28T12:45:11.297+0530] {logging_mixin.py:190} INFO - [2025-01-28T12:45:11.297+0530] {dag.py:4180} INFO - Setting next_dagrun for example_weekday_branch_operator to 2025-01-27 00:00:00+00:00, run_after=2025-01-28 00:00:00+00:00
[2025-01-28T12:45:11.315+0530] {processor.py:208} INFO - Processing /home/verma-tv/.local/lib/python3.11/site-packages/airflow/example_dags/example_branch_day_of_week_operator.py took 0.085 seconds
[2025-01-28T12:46:23.737+0530] {processor.py:186} INFO - Started process (PID=37878) to work on /home/verma-tv/.local/lib/python3.11/site-packages/airflow/example_dags/example_branch_day_of_week_operator.py
[2025-01-28T12:46:23.750+0530] {processor.py:914} INFO - Processing file /home/verma-tv/.local/lib/python3.11/site-packages/airflow/example_dags/example_branch_day_of_week_operator.py for tasks to queue
[2025-01-28T12:46:23.752+0530] {logging_mixin.py:190} INFO - [2025-01-28T12:46:23.752+0530] {dagbag.py:588} INFO - Filling up the DagBag from /home/verma-tv/.local/lib/python3.11/site-packages/airflow/example_dags/example_branch_day_of_week_operator.py
[2025-01-28T12:46:23.760+0530] {processor.py:925} INFO - DAG(s) 'example_weekday_branch_operator' retrieved from /home/verma-tv/.local/lib/python3.11/site-packages/airflow/example_dags/example_branch_day_of_week_operator.py
[2025-01-28T12:46:23.771+0530] {logging_mixin.py:190} INFO - [2025-01-28T12:46:23.771+0530] {dag.py:3239} INFO - Sync 1 DAGs
[2025-01-28T12:46:23.785+0530] {logging_mixin.py:190} INFO - [2025-01-28T12:46:23.785+0530] {dag.py:4180} INFO - Setting next_dagrun for example_weekday_branch_operator to 2025-01-27 00:00:00+00:00, run_after=2025-01-28 00:00:00+00:00
[2025-01-28T12:46:23.800+0530] {processor.py:208} INFO - Processing /home/verma-tv/.local/lib/python3.11/site-packages/airflow/example_dags/example_branch_day_of_week_operator.py took 0.067 seconds
[2025-01-28T12:47:44.311+0530] {processor.py:186} INFO - Started process (PID=38179) to work on /home/verma-tv/.local/lib/python3.11/site-packages/airflow/example_dags/example_branch_day_of_week_operator.py
[2025-01-28T12:47:44.312+0530] {processor.py:914} INFO - Processing file /home/verma-tv/.local/lib/python3.11/site-packages/airflow/example_dags/example_branch_day_of_week_operator.py for tasks to queue
[2025-01-28T12:47:44.314+0530] {logging_mixin.py:190} INFO - [2025-01-28T12:47:44.314+0530] {dagbag.py:588} INFO - Filling up the DagBag from /home/verma-tv/.local/lib/python3.11/site-packages/airflow/example_dags/example_branch_day_of_week_operator.py
[2025-01-28T12:47:44.322+0530] {processor.py:925} INFO - DAG(s) 'example_weekday_branch_operator' retrieved from /home/verma-tv/.local/lib/python3.11/site-packages/airflow/example_dags/example_branch_day_of_week_operator.py
[2025-01-28T12:47:44.334+0530] {logging_mixin.py:190} INFO - [2025-01-28T12:47:44.334+0530] {dag.py:3239} INFO - Sync 1 DAGs
[2025-01-28T12:47:44.348+0530] {logging_mixin.py:190} INFO - [2025-01-28T12:47:44.348+0530] {dag.py:4180} INFO - Setting next_dagrun for example_weekday_branch_operator to 2025-01-27 00:00:00+00:00, run_after=2025-01-28 00:00:00+00:00
[2025-01-28T12:47:44.362+0530] {processor.py:208} INFO - Processing /home/verma-tv/.local/lib/python3.11/site-packages/airflow/example_dags/example_branch_day_of_week_operator.py took 0.056 seconds
[2025-01-28T12:49:01.336+0530] {processor.py:186} INFO - Started process (PID=38600) to work on /home/verma-tv/.local/lib/python3.11/site-packages/airflow/example_dags/example_branch_day_of_week_operator.py
[2025-01-28T12:49:01.348+0530] {processor.py:914} INFO - Processing file /home/verma-tv/.local/lib/python3.11/site-packages/airflow/example_dags/example_branch_day_of_week_operator.py for tasks to queue
[2025-01-28T12:49:01.350+0530] {logging_mixin.py:190} INFO - [2025-01-28T12:49:01.349+0530] {dagbag.py:588} INFO - Filling up the DagBag from /home/verma-tv/.local/lib/python3.11/site-packages/airflow/example_dags/example_branch_day_of_week_operator.py
[2025-01-28T12:49:01.358+0530] {processor.py:925} INFO - DAG(s) 'example_weekday_branch_operator' retrieved from /home/verma-tv/.local/lib/python3.11/site-packages/airflow/example_dags/example_branch_day_of_week_operator.py
[2025-01-28T12:49:01.371+0530] {logging_mixin.py:190} INFO - [2025-01-28T12:49:01.371+0530] {dag.py:3239} INFO - Sync 1 DAGs
[2025-01-28T12:49:01.386+0530] {logging_mixin.py:190} INFO - [2025-01-28T12:49:01.386+0530] {dag.py:4180} INFO - Setting next_dagrun for example_weekday_branch_operator to 2025-01-27 00:00:00+00:00, run_after=2025-01-28 00:00:00+00:00
[2025-01-28T12:49:01.400+0530] {processor.py:208} INFO - Processing /home/verma-tv/.local/lib/python3.11/site-packages/airflow/example_dags/example_branch_day_of_week_operator.py took 0.069 seconds
[2025-01-28T12:50:20.318+0530] {processor.py:186} INFO - Started process (PID=38983) to work on /home/verma-tv/.local/lib/python3.11/site-packages/airflow/example_dags/example_branch_day_of_week_operator.py
[2025-01-28T12:50:20.319+0530] {processor.py:914} INFO - Processing file /home/verma-tv/.local/lib/python3.11/site-packages/airflow/example_dags/example_branch_day_of_week_operator.py for tasks to queue
[2025-01-28T12:50:20.321+0530] {logging_mixin.py:190} INFO - [2025-01-28T12:50:20.320+0530] {dagbag.py:588} INFO - Filling up the DagBag from /home/verma-tv/.local/lib/python3.11/site-packages/airflow/example_dags/example_branch_day_of_week_operator.py
[2025-01-28T12:50:20.328+0530] {processor.py:925} INFO - DAG(s) 'example_weekday_branch_operator' retrieved from /home/verma-tv/.local/lib/python3.11/site-packages/airflow/example_dags/example_branch_day_of_week_operator.py
[2025-01-28T12:50:20.340+0530] {logging_mixin.py:190} INFO - [2025-01-28T12:50:20.340+0530] {dag.py:3239} INFO - Sync 1 DAGs
[2025-01-28T12:50:20.354+0530] {logging_mixin.py:190} INFO - [2025-01-28T12:50:20.354+0530] {dag.py:4180} INFO - Setting next_dagrun for example_weekday_branch_operator to 2025-01-27 00:00:00+00:00, run_after=2025-01-28 00:00:00+00:00
[2025-01-28T12:50:20.368+0530] {processor.py:208} INFO - Processing /home/verma-tv/.local/lib/python3.11/site-packages/airflow/example_dags/example_branch_day_of_week_operator.py took 0.055 seconds
[2025-01-28T12:51:33.755+0530] {processor.py:186} INFO - Started process (PID=39337) to work on /home/verma-tv/.local/lib/python3.11/site-packages/airflow/example_dags/example_branch_day_of_week_operator.py
[2025-01-28T12:51:33.767+0530] {processor.py:914} INFO - Processing file /home/verma-tv/.local/lib/python3.11/site-packages/airflow/example_dags/example_branch_day_of_week_operator.py for tasks to queue
[2025-01-28T12:51:33.770+0530] {logging_mixin.py:190} INFO - [2025-01-28T12:51:33.769+0530] {dagbag.py:588} INFO - Filling up the DagBag from /home/verma-tv/.local/lib/python3.11/site-packages/airflow/example_dags/example_branch_day_of_week_operator.py
[2025-01-28T12:51:33.778+0530] {processor.py:925} INFO - DAG(s) 'example_weekday_branch_operator' retrieved from /home/verma-tv/.local/lib/python3.11/site-packages/airflow/example_dags/example_branch_day_of_week_operator.py
[2025-01-28T12:51:33.792+0530] {logging_mixin.py:190} INFO - [2025-01-28T12:51:33.792+0530] {dag.py:3239} INFO - Sync 1 DAGs
[2025-01-28T12:51:33.808+0530] {logging_mixin.py:190} INFO - [2025-01-28T12:51:33.808+0530] {dag.py:4180} INFO - Setting next_dagrun for example_weekday_branch_operator to 2025-01-27 00:00:00+00:00, run_after=2025-01-28 00:00:00+00:00
[2025-01-28T12:51:33.824+0530] {processor.py:208} INFO - Processing /home/verma-tv/.local/lib/python3.11/site-packages/airflow/example_dags/example_branch_day_of_week_operator.py took 0.075 seconds
[2025-01-28T12:52:30.206+0530] {processor.py:186} INFO - Started process (PID=39566) to work on /home/verma-tv/.local/lib/python3.11/site-packages/airflow/example_dags/example_branch_day_of_week_operator.py
[2025-01-28T12:52:30.218+0530] {processor.py:914} INFO - Processing file /home/verma-tv/.local/lib/python3.11/site-packages/airflow/example_dags/example_branch_day_of_week_operator.py for tasks to queue
[2025-01-28T12:52:30.220+0530] {logging_mixin.py:190} INFO - [2025-01-28T12:52:30.220+0530] {dagbag.py:588} INFO - Filling up the DagBag from /home/verma-tv/.local/lib/python3.11/site-packages/airflow/example_dags/example_branch_day_of_week_operator.py
[2025-01-28T12:52:30.229+0530] {processor.py:925} INFO - DAG(s) 'example_weekday_branch_operator' retrieved from /home/verma-tv/.local/lib/python3.11/site-packages/airflow/example_dags/example_branch_day_of_week_operator.py
[2025-01-28T12:52:30.241+0530] {logging_mixin.py:190} INFO - [2025-01-28T12:52:30.240+0530] {dag.py:3239} INFO - Sync 1 DAGs
[2025-01-28T12:52:30.256+0530] {logging_mixin.py:190} INFO - [2025-01-28T12:52:30.255+0530] {dag.py:4180} INFO - Setting next_dagrun for example_weekday_branch_operator to 2025-01-27 00:00:00+00:00, run_after=2025-01-28 00:00:00+00:00
[2025-01-28T12:52:30.270+0530] {processor.py:208} INFO - Processing /home/verma-tv/.local/lib/python3.11/site-packages/airflow/example_dags/example_branch_day_of_week_operator.py took 0.069 seconds
[2025-01-28T12:53:25.682+0530] {processor.py:186} INFO - Started process (PID=39817) to work on /home/verma-tv/.local/lib/python3.11/site-packages/airflow/example_dags/example_branch_day_of_week_operator.py
[2025-01-28T12:53:25.695+0530] {processor.py:914} INFO - Processing file /home/verma-tv/.local/lib/python3.11/site-packages/airflow/example_dags/example_branch_day_of_week_operator.py for tasks to queue
[2025-01-28T12:53:25.697+0530] {logging_mixin.py:190} INFO - [2025-01-28T12:53:25.697+0530] {dagbag.py:588} INFO - Filling up the DagBag from /home/verma-tv/.local/lib/python3.11/site-packages/airflow/example_dags/example_branch_day_of_week_operator.py
[2025-01-28T12:53:25.706+0530] {processor.py:925} INFO - DAG(s) 'example_weekday_branch_operator' retrieved from /home/verma-tv/.local/lib/python3.11/site-packages/airflow/example_dags/example_branch_day_of_week_operator.py
[2025-01-28T12:53:25.719+0530] {logging_mixin.py:190} INFO - [2025-01-28T12:53:25.718+0530] {dag.py:3239} INFO - Sync 1 DAGs
[2025-01-28T12:53:25.733+0530] {logging_mixin.py:190} INFO - [2025-01-28T12:53:25.733+0530] {dag.py:4180} INFO - Setting next_dagrun for example_weekday_branch_operator to 2025-01-27 00:00:00+00:00, run_after=2025-01-28 00:00:00+00:00
[2025-01-28T12:53:25.747+0530] {processor.py:208} INFO - Processing /home/verma-tv/.local/lib/python3.11/site-packages/airflow/example_dags/example_branch_day_of_week_operator.py took 0.070 seconds
[2025-01-28T12:54:41.274+0530] {processor.py:186} INFO - Started process (PID=40141) to work on /home/verma-tv/.local/lib/python3.11/site-packages/airflow/example_dags/example_branch_day_of_week_operator.py
[2025-01-28T12:54:41.286+0530] {processor.py:914} INFO - Processing file /home/verma-tv/.local/lib/python3.11/site-packages/airflow/example_dags/example_branch_day_of_week_operator.py for tasks to queue
[2025-01-28T12:54:41.288+0530] {logging_mixin.py:190} INFO - [2025-01-28T12:54:41.288+0530] {dagbag.py:588} INFO - Filling up the DagBag from /home/verma-tv/.local/lib/python3.11/site-packages/airflow/example_dags/example_branch_day_of_week_operator.py
[2025-01-28T12:54:41.296+0530] {processor.py:925} INFO - DAG(s) 'example_weekday_branch_operator' retrieved from /home/verma-tv/.local/lib/python3.11/site-packages/airflow/example_dags/example_branch_day_of_week_operator.py
[2025-01-28T12:54:41.308+0530] {logging_mixin.py:190} INFO - [2025-01-28T12:54:41.308+0530] {dag.py:3239} INFO - Sync 1 DAGs
[2025-01-28T12:54:41.322+0530] {logging_mixin.py:190} INFO - [2025-01-28T12:54:41.322+0530] {dag.py:4180} INFO - Setting next_dagrun for example_weekday_branch_operator to 2025-01-27 00:00:00+00:00, run_after=2025-01-28 00:00:00+00:00
[2025-01-28T12:54:41.336+0530] {processor.py:208} INFO - Processing /home/verma-tv/.local/lib/python3.11/site-packages/airflow/example_dags/example_branch_day_of_week_operator.py took 0.068 seconds
[2025-01-28T12:55:56.745+0530] {processor.py:186} INFO - Started process (PID=40486) to work on /home/verma-tv/.local/lib/python3.11/site-packages/airflow/example_dags/example_branch_day_of_week_operator.py
[2025-01-28T12:55:56.758+0530] {processor.py:914} INFO - Processing file /home/verma-tv/.local/lib/python3.11/site-packages/airflow/example_dags/example_branch_day_of_week_operator.py for tasks to queue
[2025-01-28T12:55:56.760+0530] {logging_mixin.py:190} INFO - [2025-01-28T12:55:56.759+0530] {dagbag.py:588} INFO - Filling up the DagBag from /home/verma-tv/.local/lib/python3.11/site-packages/airflow/example_dags/example_branch_day_of_week_operator.py
[2025-01-28T12:55:56.767+0530] {processor.py:925} INFO - DAG(s) 'example_weekday_branch_operator' retrieved from /home/verma-tv/.local/lib/python3.11/site-packages/airflow/example_dags/example_branch_day_of_week_operator.py
[2025-01-28T12:55:56.779+0530] {logging_mixin.py:190} INFO - [2025-01-28T12:55:56.779+0530] {dag.py:3239} INFO - Sync 1 DAGs
[2025-01-28T12:55:56.793+0530] {logging_mixin.py:190} INFO - [2025-01-28T12:55:56.793+0530] {dag.py:4180} INFO - Setting next_dagrun for example_weekday_branch_operator to 2025-01-27 00:00:00+00:00, run_after=2025-01-28 00:00:00+00:00
[2025-01-28T12:55:56.810+0530] {processor.py:208} INFO - Processing /home/verma-tv/.local/lib/python3.11/site-packages/airflow/example_dags/example_branch_day_of_week_operator.py took 0.070 seconds
[2025-01-28T12:57:12.986+0530] {processor.py:186} INFO - Started process (PID=40840) to work on /home/verma-tv/.local/lib/python3.11/site-packages/airflow/example_dags/example_branch_day_of_week_operator.py
[2025-01-28T12:57:12.987+0530] {processor.py:914} INFO - Processing file /home/verma-tv/.local/lib/python3.11/site-packages/airflow/example_dags/example_branch_day_of_week_operator.py for tasks to queue
[2025-01-28T12:57:12.989+0530] {logging_mixin.py:190} INFO - [2025-01-28T12:57:12.988+0530] {dagbag.py:588} INFO - Filling up the DagBag from /home/verma-tv/.local/lib/python3.11/site-packages/airflow/example_dags/example_branch_day_of_week_operator.py
[2025-01-28T12:57:12.996+0530] {processor.py:925} INFO - DAG(s) 'example_weekday_branch_operator' retrieved from /home/verma-tv/.local/lib/python3.11/site-packages/airflow/example_dags/example_branch_day_of_week_operator.py
[2025-01-28T12:57:13.008+0530] {logging_mixin.py:190} INFO - [2025-01-28T12:57:13.008+0530] {dag.py:3239} INFO - Sync 1 DAGs
[2025-01-28T12:57:13.026+0530] {logging_mixin.py:190} INFO - [2025-01-28T12:57:13.025+0530] {dag.py:4180} INFO - Setting next_dagrun for example_weekday_branch_operator to 2025-01-27 00:00:00+00:00, run_after=2025-01-28 00:00:00+00:00
[2025-01-28T12:57:13.039+0530] {processor.py:208} INFO - Processing /home/verma-tv/.local/lib/python3.11/site-packages/airflow/example_dags/example_branch_day_of_week_operator.py took 0.058 seconds
[2025-01-28T12:58:25.993+0530] {processor.py:186} INFO - Started process (PID=41155) to work on /home/verma-tv/.local/lib/python3.11/site-packages/airflow/example_dags/example_branch_day_of_week_operator.py
[2025-01-28T12:58:25.994+0530] {processor.py:914} INFO - Processing file /home/verma-tv/.local/lib/python3.11/site-packages/airflow/example_dags/example_branch_day_of_week_operator.py for tasks to queue
[2025-01-28T12:58:25.996+0530] {logging_mixin.py:190} INFO - [2025-01-28T12:58:25.995+0530] {dagbag.py:588} INFO - Filling up the DagBag from /home/verma-tv/.local/lib/python3.11/site-packages/airflow/example_dags/example_branch_day_of_week_operator.py
[2025-01-28T12:58:26.004+0530] {processor.py:925} INFO - DAG(s) 'example_weekday_branch_operator' retrieved from /home/verma-tv/.local/lib/python3.11/site-packages/airflow/example_dags/example_branch_day_of_week_operator.py
[2025-01-28T12:58:26.016+0530] {logging_mixin.py:190} INFO - [2025-01-28T12:58:26.016+0530] {dag.py:3239} INFO - Sync 1 DAGs
[2025-01-28T12:58:26.031+0530] {logging_mixin.py:190} INFO - [2025-01-28T12:58:26.031+0530] {dag.py:4180} INFO - Setting next_dagrun for example_weekday_branch_operator to 2025-01-27 00:00:00+00:00, run_after=2025-01-28 00:00:00+00:00
[2025-01-28T12:58:26.045+0530] {processor.py:208} INFO - Processing /home/verma-tv/.local/lib/python3.11/site-packages/airflow/example_dags/example_branch_day_of_week_operator.py took 0.057 seconds
