[2025-01-28T11:40:04.892+0530] {processor.py:186} INFO - Started process (PID=17177) to work on /home/verma-tv/.local/lib/python3.11/site-packages/airflow/example_dags/example_branch_operator_decorator.py
[2025-01-28T11:40:04.893+0530] {processor.py:914} INFO - Processing file /home/verma-tv/.local/lib/python3.11/site-packages/airflow/example_dags/example_branch_operator_decorator.py for tasks to queue
[2025-01-28T11:40:04.894+0530] {logging_mixin.py:190} INFO - [2025-01-28T11:40:04.894+0530] {dagbag.py:588} INFO - Filling up the DagBag from /home/verma-tv/.local/lib/python3.11/site-packages/airflow/example_dags/example_branch_operator_decorator.py
[2025-01-28T11:40:04.915+0530] {processor.py:925} INFO - DAG(s) 'example_branch_python_operator_decorator' retrieved from /home/verma-tv/.local/lib/python3.11/site-packages/airflow/example_dags/example_branch_operator_decorator.py
[2025-01-28T11:40:05.026+0530] {logging_mixin.py:190} INFO - [2025-01-28T11:40:05.025+0530] {override.py:1912} INFO - Created Permission View: can read on DAG:example_branch_python_operator_decorator
[2025-01-28T11:40:05.033+0530] {logging_mixin.py:190} INFO - [2025-01-28T11:40:05.032+0530] {override.py:1912} INFO - Created Permission View: can edit on DAG:example_branch_python_operator_decorator
[2025-01-28T11:40:05.038+0530] {logging_mixin.py:190} INFO - [2025-01-28T11:40:05.037+0530] {override.py:1912} INFO - Created Permission View: can delete on DAG:example_branch_python_operator_decorator
[2025-01-28T11:40:05.045+0530] {logging_mixin.py:190} INFO - [2025-01-28T11:40:05.045+0530] {override.py:1912} INFO - Created Permission View: can read on DAG Run:example_branch_python_operator_decorator
[2025-01-28T11:40:05.050+0530] {logging_mixin.py:190} INFO - [2025-01-28T11:40:05.049+0530] {override.py:1912} INFO - Created Permission View: can delete on DAG Run:example_branch_python_operator_decorator
[2025-01-28T11:40:05.055+0530] {logging_mixin.py:190} INFO - [2025-01-28T11:40:05.054+0530] {override.py:1912} INFO - Created Permission View: menu access on DAG Run:example_branch_python_operator_decorator
[2025-01-28T11:40:05.059+0530] {logging_mixin.py:190} INFO - [2025-01-28T11:40:05.059+0530] {override.py:1912} INFO - Created Permission View: can create on DAG Run:example_branch_python_operator_decorator
[2025-01-28T11:40:05.060+0530] {logging_mixin.py:190} INFO - [2025-01-28T11:40:05.059+0530] {dag.py:3239} INFO - Sync 1 DAGs
[2025-01-28T11:40:05.067+0530] {logging_mixin.py:190} INFO - [2025-01-28T11:40:05.067+0530] {dag.py:3262} INFO - Creating ORM DAG for example_branch_python_operator_decorator
[2025-01-28T11:40:05.074+0530] {logging_mixin.py:190} INFO - [2025-01-28T11:40:05.074+0530] {dag.py:4180} INFO - Setting next_dagrun for example_branch_python_operator_decorator to 2025-01-27 00:00:00+00:00, run_after=2025-01-28 00:00:00+00:00
[2025-01-28T11:40:05.087+0530] {processor.py:208} INFO - Processing /home/verma-tv/.local/lib/python3.11/site-packages/airflow/example_dags/example_branch_operator_decorator.py took 0.200 seconds
[2025-01-28T11:41:02.314+0530] {processor.py:186} INFO - Started process (PID=17366) to work on /home/verma-tv/.local/lib/python3.11/site-packages/airflow/example_dags/example_branch_operator_decorator.py
[2025-01-28T11:41:02.326+0530] {processor.py:914} INFO - Processing file /home/verma-tv/.local/lib/python3.11/site-packages/airflow/example_dags/example_branch_operator_decorator.py for tasks to queue
[2025-01-28T11:41:02.328+0530] {logging_mixin.py:190} INFO - [2025-01-28T11:41:02.328+0530] {dagbag.py:588} INFO - Filling up the DagBag from /home/verma-tv/.local/lib/python3.11/site-packages/airflow/example_dags/example_branch_operator_decorator.py
[2025-01-28T11:41:02.348+0530] {processor.py:925} INFO - DAG(s) 'example_branch_python_operator_decorator' retrieved from /home/verma-tv/.local/lib/python3.11/site-packages/airflow/example_dags/example_branch_operator_decorator.py
[2025-01-28T11:41:02.364+0530] {logging_mixin.py:190} INFO - [2025-01-28T11:41:02.364+0530] {dag.py:3239} INFO - Sync 1 DAGs
[2025-01-28T11:41:02.379+0530] {logging_mixin.py:190} INFO - [2025-01-28T11:41:02.379+0530] {dag.py:4180} INFO - Setting next_dagrun for example_branch_python_operator_decorator to 2025-01-27 00:00:00+00:00, run_after=2025-01-28 00:00:00+00:00
[2025-01-28T11:41:02.393+0530] {processor.py:208} INFO - Processing /home/verma-tv/.local/lib/python3.11/site-packages/airflow/example_dags/example_branch_operator_decorator.py took 0.084 seconds
[2025-01-28T11:41:57.731+0530] {processor.py:186} INFO - Started process (PID=17534) to work on /home/verma-tv/.local/lib/python3.11/site-packages/airflow/example_dags/example_branch_operator_decorator.py
[2025-01-28T11:41:57.744+0530] {processor.py:914} INFO - Processing file /home/verma-tv/.local/lib/python3.11/site-packages/airflow/example_dags/example_branch_operator_decorator.py for tasks to queue
[2025-01-28T11:41:57.746+0530] {logging_mixin.py:190} INFO - [2025-01-28T11:41:57.745+0530] {dagbag.py:588} INFO - Filling up the DagBag from /home/verma-tv/.local/lib/python3.11/site-packages/airflow/example_dags/example_branch_operator_decorator.py
[2025-01-28T11:41:57.766+0530] {processor.py:925} INFO - DAG(s) 'example_branch_python_operator_decorator' retrieved from /home/verma-tv/.local/lib/python3.11/site-packages/airflow/example_dags/example_branch_operator_decorator.py
[2025-01-28T11:41:57.781+0530] {logging_mixin.py:190} INFO - [2025-01-28T11:41:57.781+0530] {dag.py:3239} INFO - Sync 1 DAGs
[2025-01-28T11:41:57.795+0530] {logging_mixin.py:190} INFO - [2025-01-28T11:41:57.795+0530] {dag.py:4180} INFO - Setting next_dagrun for example_branch_python_operator_decorator to 2025-01-27 00:00:00+00:00, run_after=2025-01-28 00:00:00+00:00
[2025-01-28T11:41:57.808+0530] {processor.py:208} INFO - Processing /home/verma-tv/.local/lib/python3.11/site-packages/airflow/example_dags/example_branch_operator_decorator.py took 0.082 seconds
[2025-01-28T11:43:14.088+0530] {processor.py:186} INFO - Started process (PID=17826) to work on /home/verma-tv/.local/lib/python3.11/site-packages/airflow/example_dags/example_branch_operator_decorator.py
[2025-01-28T11:43:14.100+0530] {processor.py:914} INFO - Processing file /home/verma-tv/.local/lib/python3.11/site-packages/airflow/example_dags/example_branch_operator_decorator.py for tasks to queue
[2025-01-28T11:43:14.103+0530] {logging_mixin.py:190} INFO - [2025-01-28T11:43:14.102+0530] {dagbag.py:588} INFO - Filling up the DagBag from /home/verma-tv/.local/lib/python3.11/site-packages/airflow/example_dags/example_branch_operator_decorator.py
[2025-01-28T11:43:14.122+0530] {processor.py:925} INFO - DAG(s) 'example_branch_python_operator_decorator' retrieved from /home/verma-tv/.local/lib/python3.11/site-packages/airflow/example_dags/example_branch_operator_decorator.py
[2025-01-28T11:43:14.138+0530] {logging_mixin.py:190} INFO - [2025-01-28T11:43:14.138+0530] {dag.py:3239} INFO - Sync 1 DAGs
[2025-01-28T11:43:14.152+0530] {logging_mixin.py:190} INFO - [2025-01-28T11:43:14.152+0530] {dag.py:4180} INFO - Setting next_dagrun for example_branch_python_operator_decorator to 2025-01-27 00:00:00+00:00, run_after=2025-01-28 00:00:00+00:00
[2025-01-28T11:43:14.166+0530] {processor.py:208} INFO - Processing /home/verma-tv/.local/lib/python3.11/site-packages/airflow/example_dags/example_branch_operator_decorator.py took 0.083 seconds
[2025-01-28T11:44:28.702+0530] {processor.py:186} INFO - Started process (PID=18093) to work on /home/verma-tv/.local/lib/python3.11/site-packages/airflow/example_dags/example_branch_operator_decorator.py
[2025-01-28T11:44:28.715+0530] {processor.py:914} INFO - Processing file /home/verma-tv/.local/lib/python3.11/site-packages/airflow/example_dags/example_branch_operator_decorator.py for tasks to queue
[2025-01-28T11:44:28.717+0530] {logging_mixin.py:190} INFO - [2025-01-28T11:44:28.717+0530] {dagbag.py:588} INFO - Filling up the DagBag from /home/verma-tv/.local/lib/python3.11/site-packages/airflow/example_dags/example_branch_operator_decorator.py
[2025-01-28T11:44:28.739+0530] {processor.py:925} INFO - DAG(s) 'example_branch_python_operator_decorator' retrieved from /home/verma-tv/.local/lib/python3.11/site-packages/airflow/example_dags/example_branch_operator_decorator.py
[2025-01-28T11:44:28.757+0530] {logging_mixin.py:190} INFO - [2025-01-28T11:44:28.757+0530] {dag.py:3239} INFO - Sync 1 DAGs
[2025-01-28T11:44:28.771+0530] {logging_mixin.py:190} INFO - [2025-01-28T11:44:28.771+0530] {dag.py:4180} INFO - Setting next_dagrun for example_branch_python_operator_decorator to 2025-01-27 00:00:00+00:00, run_after=2025-01-28 00:00:00+00:00
[2025-01-28T11:44:28.787+0530] {processor.py:208} INFO - Processing /home/verma-tv/.local/lib/python3.11/site-packages/airflow/example_dags/example_branch_operator_decorator.py took 0.089 seconds
[2025-01-28T11:45:26.482+0530] {processor.py:186} INFO - Started process (PID=18296) to work on /home/verma-tv/.local/lib/python3.11/site-packages/airflow/example_dags/example_branch_operator_decorator.py
[2025-01-28T11:45:26.496+0530] {processor.py:914} INFO - Processing file /home/verma-tv/.local/lib/python3.11/site-packages/airflow/example_dags/example_branch_operator_decorator.py for tasks to queue
[2025-01-28T11:45:26.500+0530] {logging_mixin.py:190} INFO - [2025-01-28T11:45:26.499+0530] {dagbag.py:588} INFO - Filling up the DagBag from /home/verma-tv/.local/lib/python3.11/site-packages/airflow/example_dags/example_branch_operator_decorator.py
[2025-01-28T11:45:26.524+0530] {processor.py:925} INFO - DAG(s) 'example_branch_python_operator_decorator' retrieved from /home/verma-tv/.local/lib/python3.11/site-packages/airflow/example_dags/example_branch_operator_decorator.py
[2025-01-28T11:45:26.542+0530] {logging_mixin.py:190} INFO - [2025-01-28T11:45:26.542+0530] {dag.py:3239} INFO - Sync 1 DAGs
[2025-01-28T11:45:26.559+0530] {logging_mixin.py:190} INFO - [2025-01-28T11:45:26.559+0530] {dag.py:4180} INFO - Setting next_dagrun for example_branch_python_operator_decorator to 2025-01-27 00:00:00+00:00, run_after=2025-01-28 00:00:00+00:00
[2025-01-28T11:45:26.576+0530] {processor.py:208} INFO - Processing /home/verma-tv/.local/lib/python3.11/site-packages/airflow/example_dags/example_branch_operator_decorator.py took 0.099 seconds
[2025-01-28T11:46:43.851+0530] {processor.py:186} INFO - Started process (PID=18556) to work on /home/verma-tv/.local/lib/python3.11/site-packages/airflow/example_dags/example_branch_operator_decorator.py
[2025-01-28T11:46:43.852+0530] {processor.py:914} INFO - Processing file /home/verma-tv/.local/lib/python3.11/site-packages/airflow/example_dags/example_branch_operator_decorator.py for tasks to queue
[2025-01-28T11:46:43.853+0530] {logging_mixin.py:190} INFO - [2025-01-28T11:46:43.853+0530] {dagbag.py:588} INFO - Filling up the DagBag from /home/verma-tv/.local/lib/python3.11/site-packages/airflow/example_dags/example_branch_operator_decorator.py
[2025-01-28T11:46:43.876+0530] {processor.py:925} INFO - DAG(s) 'example_branch_python_operator_decorator' retrieved from /home/verma-tv/.local/lib/python3.11/site-packages/airflow/example_dags/example_branch_operator_decorator.py
[2025-01-28T11:46:43.893+0530] {logging_mixin.py:190} INFO - [2025-01-28T11:46:43.893+0530] {dag.py:3239} INFO - Sync 1 DAGs
[2025-01-28T11:46:43.907+0530] {logging_mixin.py:190} INFO - [2025-01-28T11:46:43.907+0530] {dag.py:4180} INFO - Setting next_dagrun for example_branch_python_operator_decorator to 2025-01-27 00:00:00+00:00, run_after=2025-01-28 00:00:00+00:00
[2025-01-28T11:46:43.925+0530] {processor.py:208} INFO - Processing /home/verma-tv/.local/lib/python3.11/site-packages/airflow/example_dags/example_branch_operator_decorator.py took 0.079 seconds
[2025-01-28T11:48:01.559+0530] {processor.py:186} INFO - Started process (PID=18951) to work on /home/verma-tv/.local/lib/python3.11/site-packages/airflow/example_dags/example_branch_operator_decorator.py
[2025-01-28T11:48:01.573+0530] {processor.py:914} INFO - Processing file /home/verma-tv/.local/lib/python3.11/site-packages/airflow/example_dags/example_branch_operator_decorator.py for tasks to queue
[2025-01-28T11:48:01.575+0530] {logging_mixin.py:190} INFO - [2025-01-28T11:48:01.574+0530] {dagbag.py:588} INFO - Filling up the DagBag from /home/verma-tv/.local/lib/python3.11/site-packages/airflow/example_dags/example_branch_operator_decorator.py
[2025-01-28T11:48:01.594+0530] {processor.py:925} INFO - DAG(s) 'example_branch_python_operator_decorator' retrieved from /home/verma-tv/.local/lib/python3.11/site-packages/airflow/example_dags/example_branch_operator_decorator.py
[2025-01-28T11:48:01.610+0530] {logging_mixin.py:190} INFO - [2025-01-28T11:48:01.610+0530] {dag.py:3239} INFO - Sync 1 DAGs
[2025-01-28T11:48:01.623+0530] {logging_mixin.py:190} INFO - [2025-01-28T11:48:01.623+0530] {dag.py:4180} INFO - Setting next_dagrun for example_branch_python_operator_decorator to 2025-01-27 00:00:00+00:00, run_after=2025-01-28 00:00:00+00:00
[2025-01-28T11:48:01.637+0530] {processor.py:208} INFO - Processing /home/verma-tv/.local/lib/python3.11/site-packages/airflow/example_dags/example_branch_operator_decorator.py took 0.082 seconds
[2025-01-28T11:48:56.572+0530] {processor.py:186} INFO - Started process (PID=19291) to work on /home/verma-tv/.local/lib/python3.11/site-packages/airflow/example_dags/example_branch_operator_decorator.py
[2025-01-28T11:48:56.573+0530] {processor.py:914} INFO - Processing file /home/verma-tv/.local/lib/python3.11/site-packages/airflow/example_dags/example_branch_operator_decorator.py for tasks to queue
[2025-01-28T11:48:56.575+0530] {logging_mixin.py:190} INFO - [2025-01-28T11:48:56.575+0530] {dagbag.py:588} INFO - Filling up the DagBag from /home/verma-tv/.local/lib/python3.11/site-packages/airflow/example_dags/example_branch_operator_decorator.py
[2025-01-28T11:48:56.598+0530] {processor.py:925} INFO - DAG(s) 'example_branch_python_operator_decorator' retrieved from /home/verma-tv/.local/lib/python3.11/site-packages/airflow/example_dags/example_branch_operator_decorator.py
[2025-01-28T11:48:56.614+0530] {logging_mixin.py:190} INFO - [2025-01-28T11:48:56.614+0530] {dag.py:3239} INFO - Sync 1 DAGs
[2025-01-28T11:48:56.628+0530] {logging_mixin.py:190} INFO - [2025-01-28T11:48:56.628+0530] {dag.py:4180} INFO - Setting next_dagrun for example_branch_python_operator_decorator to 2025-01-27 00:00:00+00:00, run_after=2025-01-28 00:00:00+00:00
[2025-01-28T11:48:56.642+0530] {processor.py:208} INFO - Processing /home/verma-tv/.local/lib/python3.11/site-packages/airflow/example_dags/example_branch_operator_decorator.py took 0.075 seconds
[2025-01-28T11:50:09.686+0530] {processor.py:186} INFO - Started process (PID=19711) to work on /home/verma-tv/.local/lib/python3.11/site-packages/airflow/example_dags/example_branch_operator_decorator.py
[2025-01-28T11:50:09.698+0530] {processor.py:914} INFO - Processing file /home/verma-tv/.local/lib/python3.11/site-packages/airflow/example_dags/example_branch_operator_decorator.py for tasks to queue
[2025-01-28T11:50:09.700+0530] {logging_mixin.py:190} INFO - [2025-01-28T11:50:09.700+0530] {dagbag.py:588} INFO - Filling up the DagBag from /home/verma-tv/.local/lib/python3.11/site-packages/airflow/example_dags/example_branch_operator_decorator.py
[2025-01-28T11:50:09.720+0530] {processor.py:925} INFO - DAG(s) 'example_branch_python_operator_decorator' retrieved from /home/verma-tv/.local/lib/python3.11/site-packages/airflow/example_dags/example_branch_operator_decorator.py
[2025-01-28T11:50:09.736+0530] {logging_mixin.py:190} INFO - [2025-01-28T11:50:09.736+0530] {dag.py:3239} INFO - Sync 1 DAGs
[2025-01-28T11:50:09.750+0530] {logging_mixin.py:190} INFO - [2025-01-28T11:50:09.750+0530] {dag.py:4180} INFO - Setting next_dagrun for example_branch_python_operator_decorator to 2025-01-27 00:00:00+00:00, run_after=2025-01-28 00:00:00+00:00
[2025-01-28T11:50:09.763+0530] {processor.py:208} INFO - Processing /home/verma-tv/.local/lib/python3.11/site-packages/airflow/example_dags/example_branch_operator_decorator.py took 0.082 seconds
[2025-01-28T11:51:25.250+0530] {processor.py:186} INFO - Started process (PID=19971) to work on /home/verma-tv/.local/lib/python3.11/site-packages/airflow/example_dags/example_branch_operator_decorator.py
[2025-01-28T11:51:25.263+0530] {processor.py:914} INFO - Processing file /home/verma-tv/.local/lib/python3.11/site-packages/airflow/example_dags/example_branch_operator_decorator.py for tasks to queue
[2025-01-28T11:51:25.266+0530] {logging_mixin.py:190} INFO - [2025-01-28T11:51:25.266+0530] {dagbag.py:588} INFO - Filling up the DagBag from /home/verma-tv/.local/lib/python3.11/site-packages/airflow/example_dags/example_branch_operator_decorator.py
[2025-01-28T11:51:25.290+0530] {processor.py:925} INFO - DAG(s) 'example_branch_python_operator_decorator' retrieved from /home/verma-tv/.local/lib/python3.11/site-packages/airflow/example_dags/example_branch_operator_decorator.py
[2025-01-28T11:51:25.311+0530] {logging_mixin.py:190} INFO - [2025-01-28T11:51:25.311+0530] {dag.py:3239} INFO - Sync 1 DAGs
[2025-01-28T11:51:25.328+0530] {logging_mixin.py:190} INFO - [2025-01-28T11:51:25.327+0530] {dag.py:4180} INFO - Setting next_dagrun for example_branch_python_operator_decorator to 2025-01-27 00:00:00+00:00, run_after=2025-01-28 00:00:00+00:00
[2025-01-28T11:51:25.345+0530] {processor.py:208} INFO - Processing /home/verma-tv/.local/lib/python3.11/site-packages/airflow/example_dags/example_branch_operator_decorator.py took 0.100 seconds
[2025-01-28T12:01:37.670+0530] {processor.py:186} INFO - Started process (PID=23120) to work on /home/verma-tv/.local/lib/python3.11/site-packages/airflow/example_dags/example_branch_operator_decorator.py
[2025-01-28T12:01:37.683+0530] {processor.py:914} INFO - Processing file /home/verma-tv/.local/lib/python3.11/site-packages/airflow/example_dags/example_branch_operator_decorator.py for tasks to queue
[2025-01-28T12:01:37.685+0530] {logging_mixin.py:190} INFO - [2025-01-28T12:01:37.684+0530] {dagbag.py:588} INFO - Filling up the DagBag from /home/verma-tv/.local/lib/python3.11/site-packages/airflow/example_dags/example_branch_operator_decorator.py
[2025-01-28T12:01:37.704+0530] {processor.py:925} INFO - DAG(s) 'example_branch_python_operator_decorator' retrieved from /home/verma-tv/.local/lib/python3.11/site-packages/airflow/example_dags/example_branch_operator_decorator.py
[2025-01-28T12:01:37.796+0530] {logging_mixin.py:190} INFO - [2025-01-28T12:01:37.795+0530] {dag.py:3239} INFO - Sync 1 DAGs
[2025-01-28T12:01:37.808+0530] {logging_mixin.py:190} INFO - [2025-01-28T12:01:37.808+0530] {dag.py:4180} INFO - Setting next_dagrun for example_branch_python_operator_decorator to 2025-01-27 00:00:00+00:00, run_after=2025-01-28 00:00:00+00:00
[2025-01-28T12:01:37.835+0530] {processor.py:208} INFO - Processing /home/verma-tv/.local/lib/python3.11/site-packages/airflow/example_dags/example_branch_operator_decorator.py took 0.169 seconds
[2025-01-28T12:02:32.866+0530] {processor.py:186} INFO - Started process (PID=23452) to work on /home/verma-tv/.local/lib/python3.11/site-packages/airflow/example_dags/example_branch_operator_decorator.py
[2025-01-28T12:02:32.867+0530] {processor.py:914} INFO - Processing file /home/verma-tv/.local/lib/python3.11/site-packages/airflow/example_dags/example_branch_operator_decorator.py for tasks to queue
[2025-01-28T12:02:32.869+0530] {logging_mixin.py:190} INFO - [2025-01-28T12:02:32.869+0530] {dagbag.py:588} INFO - Filling up the DagBag from /home/verma-tv/.local/lib/python3.11/site-packages/airflow/example_dags/example_branch_operator_decorator.py
[2025-01-28T12:02:32.889+0530] {processor.py:925} INFO - DAG(s) 'example_branch_python_operator_decorator' retrieved from /home/verma-tv/.local/lib/python3.11/site-packages/airflow/example_dags/example_branch_operator_decorator.py
[2025-01-28T12:02:32.904+0530] {logging_mixin.py:190} INFO - [2025-01-28T12:02:32.904+0530] {dag.py:3239} INFO - Sync 1 DAGs
[2025-01-28T12:02:32.918+0530] {logging_mixin.py:190} INFO - [2025-01-28T12:02:32.918+0530] {dag.py:4180} INFO - Setting next_dagrun for example_branch_python_operator_decorator to 2025-01-27 00:00:00+00:00, run_after=2025-01-28 00:00:00+00:00
[2025-01-28T12:02:32.932+0530] {processor.py:208} INFO - Processing /home/verma-tv/.local/lib/python3.11/site-packages/airflow/example_dags/example_branch_operator_decorator.py took 0.070 seconds
[2025-01-28T12:04:17.490+0530] {processor.py:186} INFO - Started process (PID=24535) to work on /home/verma-tv/.local/lib/python3.11/site-packages/airflow/example_dags/example_branch_operator_decorator.py
[2025-01-28T12:04:17.502+0530] {processor.py:914} INFO - Processing file /home/verma-tv/.local/lib/python3.11/site-packages/airflow/example_dags/example_branch_operator_decorator.py for tasks to queue
[2025-01-28T12:04:17.505+0530] {logging_mixin.py:190} INFO - [2025-01-28T12:04:17.504+0530] {dagbag.py:588} INFO - Filling up the DagBag from /home/verma-tv/.local/lib/python3.11/site-packages/airflow/example_dags/example_branch_operator_decorator.py
[2025-01-28T12:04:17.525+0530] {processor.py:925} INFO - DAG(s) 'example_branch_python_operator_decorator' retrieved from /home/verma-tv/.local/lib/python3.11/site-packages/airflow/example_dags/example_branch_operator_decorator.py
[2025-01-28T12:04:17.541+0530] {logging_mixin.py:190} INFO - [2025-01-28T12:04:17.540+0530] {dag.py:3239} INFO - Sync 1 DAGs
[2025-01-28T12:04:17.555+0530] {logging_mixin.py:190} INFO - [2025-01-28T12:04:17.554+0530] {dag.py:4180} INFO - Setting next_dagrun for example_branch_python_operator_decorator to 2025-01-27 00:00:00+00:00, run_after=2025-01-28 00:00:00+00:00
[2025-01-28T12:04:17.569+0530] {processor.py:208} INFO - Processing /home/verma-tv/.local/lib/python3.11/site-packages/airflow/example_dags/example_branch_operator_decorator.py took 0.083 seconds
[2025-01-28T12:05:10.581+0530] {processor.py:186} INFO - Started process (PID=25121) to work on /home/verma-tv/.local/lib/python3.11/site-packages/airflow/example_dags/example_branch_operator_decorator.py
[2025-01-28T12:05:10.594+0530] {processor.py:914} INFO - Processing file /home/verma-tv/.local/lib/python3.11/site-packages/airflow/example_dags/example_branch_operator_decorator.py for tasks to queue
[2025-01-28T12:05:10.596+0530] {logging_mixin.py:190} INFO - [2025-01-28T12:05:10.595+0530] {dagbag.py:588} INFO - Filling up the DagBag from /home/verma-tv/.local/lib/python3.11/site-packages/airflow/example_dags/example_branch_operator_decorator.py
[2025-01-28T12:05:10.616+0530] {processor.py:925} INFO - DAG(s) 'example_branch_python_operator_decorator' retrieved from /home/verma-tv/.local/lib/python3.11/site-packages/airflow/example_dags/example_branch_operator_decorator.py
[2025-01-28T12:05:10.632+0530] {logging_mixin.py:190} INFO - [2025-01-28T12:05:10.631+0530] {dag.py:3239} INFO - Sync 1 DAGs
[2025-01-28T12:05:10.645+0530] {logging_mixin.py:190} INFO - [2025-01-28T12:05:10.645+0530] {dag.py:4180} INFO - Setting next_dagrun for example_branch_python_operator_decorator to 2025-01-27 00:00:00+00:00, run_after=2025-01-28 00:00:00+00:00
[2025-01-28T12:05:10.659+0530] {processor.py:208} INFO - Processing /home/verma-tv/.local/lib/python3.11/site-packages/airflow/example_dags/example_branch_operator_decorator.py took 0.082 seconds
[2025-01-28T12:06:22.390+0530] {processor.py:186} INFO - Started process (PID=25468) to work on /home/verma-tv/.local/lib/python3.11/site-packages/airflow/example_dags/example_branch_operator_decorator.py
[2025-01-28T12:06:22.404+0530] {processor.py:914} INFO - Processing file /home/verma-tv/.local/lib/python3.11/site-packages/airflow/example_dags/example_branch_operator_decorator.py for tasks to queue
[2025-01-28T12:06:22.406+0530] {logging_mixin.py:190} INFO - [2025-01-28T12:06:22.406+0530] {dagbag.py:588} INFO - Filling up the DagBag from /home/verma-tv/.local/lib/python3.11/site-packages/airflow/example_dags/example_branch_operator_decorator.py
[2025-01-28T12:06:22.426+0530] {processor.py:925} INFO - DAG(s) 'example_branch_python_operator_decorator' retrieved from /home/verma-tv/.local/lib/python3.11/site-packages/airflow/example_dags/example_branch_operator_decorator.py
[2025-01-28T12:06:22.441+0530] {logging_mixin.py:190} INFO - [2025-01-28T12:06:22.441+0530] {dag.py:3239} INFO - Sync 1 DAGs
[2025-01-28T12:06:22.455+0530] {logging_mixin.py:190} INFO - [2025-01-28T12:06:22.455+0530] {dag.py:4180} INFO - Setting next_dagrun for example_branch_python_operator_decorator to 2025-01-27 00:00:00+00:00, run_after=2025-01-28 00:00:00+00:00
[2025-01-28T12:06:22.468+0530] {processor.py:208} INFO - Processing /home/verma-tv/.local/lib/python3.11/site-packages/airflow/example_dags/example_branch_operator_decorator.py took 0.083 seconds
[2025-01-28T12:07:34.387+0530] {processor.py:186} INFO - Started process (PID=25831) to work on /home/verma-tv/.local/lib/python3.11/site-packages/airflow/example_dags/example_branch_operator_decorator.py
[2025-01-28T12:07:34.400+0530] {processor.py:914} INFO - Processing file /home/verma-tv/.local/lib/python3.11/site-packages/airflow/example_dags/example_branch_operator_decorator.py for tasks to queue
[2025-01-28T12:07:34.402+0530] {logging_mixin.py:190} INFO - [2025-01-28T12:07:34.402+0530] {dagbag.py:588} INFO - Filling up the DagBag from /home/verma-tv/.local/lib/python3.11/site-packages/airflow/example_dags/example_branch_operator_decorator.py
[2025-01-28T12:07:34.424+0530] {processor.py:925} INFO - DAG(s) 'example_branch_python_operator_decorator' retrieved from /home/verma-tv/.local/lib/python3.11/site-packages/airflow/example_dags/example_branch_operator_decorator.py
[2025-01-28T12:07:34.441+0530] {logging_mixin.py:190} INFO - [2025-01-28T12:07:34.441+0530] {dag.py:3239} INFO - Sync 1 DAGs
[2025-01-28T12:07:34.456+0530] {logging_mixin.py:190} INFO - [2025-01-28T12:07:34.456+0530] {dag.py:4180} INFO - Setting next_dagrun for example_branch_python_operator_decorator to 2025-01-27 00:00:00+00:00, run_after=2025-01-28 00:00:00+00:00
[2025-01-28T12:07:34.472+0530] {processor.py:208} INFO - Processing /home/verma-tv/.local/lib/python3.11/site-packages/airflow/example_dags/example_branch_operator_decorator.py took 0.090 seconds
[2025-01-28T12:08:27.933+0530] {processor.py:186} INFO - Started process (PID=26161) to work on /home/verma-tv/.local/lib/python3.11/site-packages/airflow/example_dags/example_branch_operator_decorator.py
[2025-01-28T12:08:27.945+0530] {processor.py:914} INFO - Processing file /home/verma-tv/.local/lib/python3.11/site-packages/airflow/example_dags/example_branch_operator_decorator.py for tasks to queue
[2025-01-28T12:08:27.947+0530] {logging_mixin.py:190} INFO - [2025-01-28T12:08:27.947+0530] {dagbag.py:588} INFO - Filling up the DagBag from /home/verma-tv/.local/lib/python3.11/site-packages/airflow/example_dags/example_branch_operator_decorator.py
[2025-01-28T12:08:27.968+0530] {processor.py:925} INFO - DAG(s) 'example_branch_python_operator_decorator' retrieved from /home/verma-tv/.local/lib/python3.11/site-packages/airflow/example_dags/example_branch_operator_decorator.py
[2025-01-28T12:08:27.984+0530] {logging_mixin.py:190} INFO - [2025-01-28T12:08:27.984+0530] {dag.py:3239} INFO - Sync 1 DAGs
[2025-01-28T12:08:27.998+0530] {logging_mixin.py:190} INFO - [2025-01-28T12:08:27.997+0530] {dag.py:4180} INFO - Setting next_dagrun for example_branch_python_operator_decorator to 2025-01-27 00:00:00+00:00, run_after=2025-01-28 00:00:00+00:00
[2025-01-28T12:08:28.011+0530] {processor.py:208} INFO - Processing /home/verma-tv/.local/lib/python3.11/site-packages/airflow/example_dags/example_branch_operator_decorator.py took 0.083 seconds
[2025-01-28T12:09:42.772+0530] {processor.py:186} INFO - Started process (PID=26778) to work on /home/verma-tv/.local/lib/python3.11/site-packages/airflow/example_dags/example_branch_operator_decorator.py
[2025-01-28T12:09:42.772+0530] {processor.py:914} INFO - Processing file /home/verma-tv/.local/lib/python3.11/site-packages/airflow/example_dags/example_branch_operator_decorator.py for tasks to queue
[2025-01-28T12:09:42.774+0530] {logging_mixin.py:190} INFO - [2025-01-28T12:09:42.774+0530] {dagbag.py:588} INFO - Filling up the DagBag from /home/verma-tv/.local/lib/python3.11/site-packages/airflow/example_dags/example_branch_operator_decorator.py
[2025-01-28T12:09:42.797+0530] {processor.py:925} INFO - DAG(s) 'example_branch_python_operator_decorator' retrieved from /home/verma-tv/.local/lib/python3.11/site-packages/airflow/example_dags/example_branch_operator_decorator.py
[2025-01-28T12:09:42.813+0530] {logging_mixin.py:190} INFO - [2025-01-28T12:09:42.813+0530] {dag.py:3239} INFO - Sync 1 DAGs
[2025-01-28T12:09:42.828+0530] {logging_mixin.py:190} INFO - [2025-01-28T12:09:42.828+0530] {dag.py:4180} INFO - Setting next_dagrun for example_branch_python_operator_decorator to 2025-01-27 00:00:00+00:00, run_after=2025-01-28 00:00:00+00:00
[2025-01-28T12:09:42.845+0530] {processor.py:208} INFO - Processing /home/verma-tv/.local/lib/python3.11/site-packages/airflow/example_dags/example_branch_operator_decorator.py took 0.078 seconds
[2025-01-28T12:10:59.451+0530] {processor.py:186} INFO - Started process (PID=27357) to work on /home/verma-tv/.local/lib/python3.11/site-packages/airflow/example_dags/example_branch_operator_decorator.py
[2025-01-28T12:10:59.463+0530] {processor.py:914} INFO - Processing file /home/verma-tv/.local/lib/python3.11/site-packages/airflow/example_dags/example_branch_operator_decorator.py for tasks to queue
[2025-01-28T12:10:59.465+0530] {logging_mixin.py:190} INFO - [2025-01-28T12:10:59.465+0530] {dagbag.py:588} INFO - Filling up the DagBag from /home/verma-tv/.local/lib/python3.11/site-packages/airflow/example_dags/example_branch_operator_decorator.py
[2025-01-28T12:10:59.488+0530] {processor.py:925} INFO - DAG(s) 'example_branch_python_operator_decorator' retrieved from /home/verma-tv/.local/lib/python3.11/site-packages/airflow/example_dags/example_branch_operator_decorator.py
[2025-01-28T12:10:59.506+0530] {logging_mixin.py:190} INFO - [2025-01-28T12:10:59.506+0530] {dag.py:3239} INFO - Sync 1 DAGs
[2025-01-28T12:10:59.523+0530] {logging_mixin.py:190} INFO - [2025-01-28T12:10:59.523+0530] {dag.py:4180} INFO - Setting next_dagrun for example_branch_python_operator_decorator to 2025-01-27 00:00:00+00:00, run_after=2025-01-28 00:00:00+00:00
[2025-01-28T12:10:59.540+0530] {processor.py:208} INFO - Processing /home/verma-tv/.local/lib/python3.11/site-packages/airflow/example_dags/example_branch_operator_decorator.py took 0.094 seconds
[2025-01-28T12:12:14.827+0530] {processor.py:186} INFO - Started process (PID=27832) to work on /home/verma-tv/.local/lib/python3.11/site-packages/airflow/example_dags/example_branch_operator_decorator.py
[2025-01-28T12:12:14.839+0530] {processor.py:914} INFO - Processing file /home/verma-tv/.local/lib/python3.11/site-packages/airflow/example_dags/example_branch_operator_decorator.py for tasks to queue
[2025-01-28T12:12:14.841+0530] {logging_mixin.py:190} INFO - [2025-01-28T12:12:14.841+0530] {dagbag.py:588} INFO - Filling up the DagBag from /home/verma-tv/.local/lib/python3.11/site-packages/airflow/example_dags/example_branch_operator_decorator.py
[2025-01-28T12:12:14.864+0530] {processor.py:925} INFO - DAG(s) 'example_branch_python_operator_decorator' retrieved from /home/verma-tv/.local/lib/python3.11/site-packages/airflow/example_dags/example_branch_operator_decorator.py
[2025-01-28T12:12:14.882+0530] {logging_mixin.py:190} INFO - [2025-01-28T12:12:14.882+0530] {dag.py:3239} INFO - Sync 1 DAGs
[2025-01-28T12:12:14.898+0530] {logging_mixin.py:190} INFO - [2025-01-28T12:12:14.897+0530] {dag.py:4180} INFO - Setting next_dagrun for example_branch_python_operator_decorator to 2025-01-27 00:00:00+00:00, run_after=2025-01-28 00:00:00+00:00
[2025-01-28T12:12:14.914+0530] {processor.py:208} INFO - Processing /home/verma-tv/.local/lib/python3.11/site-packages/airflow/example_dags/example_branch_operator_decorator.py took 0.093 seconds
[2025-01-28T12:13:07.641+0530] {processor.py:186} INFO - Started process (PID=28267) to work on /home/verma-tv/.local/lib/python3.11/site-packages/airflow/example_dags/example_branch_operator_decorator.py
[2025-01-28T12:13:07.653+0530] {processor.py:914} INFO - Processing file /home/verma-tv/.local/lib/python3.11/site-packages/airflow/example_dags/example_branch_operator_decorator.py for tasks to queue
[2025-01-28T12:13:07.656+0530] {logging_mixin.py:190} INFO - [2025-01-28T12:13:07.656+0530] {dagbag.py:588} INFO - Filling up the DagBag from /home/verma-tv/.local/lib/python3.11/site-packages/airflow/example_dags/example_branch_operator_decorator.py
[2025-01-28T12:13:07.676+0530] {processor.py:925} INFO - DAG(s) 'example_branch_python_operator_decorator' retrieved from /home/verma-tv/.local/lib/python3.11/site-packages/airflow/example_dags/example_branch_operator_decorator.py
[2025-01-28T12:13:07.693+0530] {logging_mixin.py:190} INFO - [2025-01-28T12:13:07.692+0530] {dag.py:3239} INFO - Sync 1 DAGs
[2025-01-28T12:13:07.707+0530] {logging_mixin.py:190} INFO - [2025-01-28T12:13:07.707+0530] {dag.py:4180} INFO - Setting next_dagrun for example_branch_python_operator_decorator to 2025-01-27 00:00:00+00:00, run_after=2025-01-28 00:00:00+00:00
[2025-01-28T12:13:07.727+0530] {processor.py:208} INFO - Processing /home/verma-tv/.local/lib/python3.11/site-packages/airflow/example_dags/example_branch_operator_decorator.py took 0.090 seconds
[2025-01-28T12:14:21.481+0530] {processor.py:186} INFO - Started process (PID=28975) to work on /home/verma-tv/.local/lib/python3.11/site-packages/airflow/example_dags/example_branch_operator_decorator.py
[2025-01-28T12:14:21.484+0530] {processor.py:914} INFO - Processing file /home/verma-tv/.local/lib/python3.11/site-packages/airflow/example_dags/example_branch_operator_decorator.py for tasks to queue
[2025-01-28T12:14:21.486+0530] {logging_mixin.py:190} INFO - [2025-01-28T12:14:21.486+0530] {dagbag.py:588} INFO - Filling up the DagBag from /home/verma-tv/.local/lib/python3.11/site-packages/airflow/example_dags/example_branch_operator_decorator.py
[2025-01-28T12:14:21.510+0530] {processor.py:925} INFO - DAG(s) 'example_branch_python_operator_decorator' retrieved from /home/verma-tv/.local/lib/python3.11/site-packages/airflow/example_dags/example_branch_operator_decorator.py
[2025-01-28T12:14:21.527+0530] {logging_mixin.py:190} INFO - [2025-01-28T12:14:21.526+0530] {dag.py:3239} INFO - Sync 1 DAGs
[2025-01-28T12:14:21.541+0530] {logging_mixin.py:190} INFO - [2025-01-28T12:14:21.540+0530] {dag.py:4180} INFO - Setting next_dagrun for example_branch_python_operator_decorator to 2025-01-27 00:00:00+00:00, run_after=2025-01-28 00:00:00+00:00
[2025-01-28T12:14:21.554+0530] {processor.py:208} INFO - Processing /home/verma-tv/.local/lib/python3.11/site-packages/airflow/example_dags/example_branch_operator_decorator.py took 0.078 seconds
[2025-01-28T12:15:39.636+0530] {processor.py:186} INFO - Started process (PID=29874) to work on /home/verma-tv/.local/lib/python3.11/site-packages/airflow/example_dags/example_branch_operator_decorator.py
[2025-01-28T12:15:39.648+0530] {processor.py:914} INFO - Processing file /home/verma-tv/.local/lib/python3.11/site-packages/airflow/example_dags/example_branch_operator_decorator.py for tasks to queue
[2025-01-28T12:15:39.651+0530] {logging_mixin.py:190} INFO - [2025-01-28T12:15:39.650+0530] {dagbag.py:588} INFO - Filling up the DagBag from /home/verma-tv/.local/lib/python3.11/site-packages/airflow/example_dags/example_branch_operator_decorator.py
[2025-01-28T12:15:39.671+0530] {processor.py:925} INFO - DAG(s) 'example_branch_python_operator_decorator' retrieved from /home/verma-tv/.local/lib/python3.11/site-packages/airflow/example_dags/example_branch_operator_decorator.py
[2025-01-28T12:15:39.688+0530] {logging_mixin.py:190} INFO - [2025-01-28T12:15:39.688+0530] {dag.py:3239} INFO - Sync 1 DAGs
[2025-01-28T12:15:39.702+0530] {logging_mixin.py:190} INFO - [2025-01-28T12:15:39.702+0530] {dag.py:4180} INFO - Setting next_dagrun for example_branch_python_operator_decorator to 2025-01-27 00:00:00+00:00, run_after=2025-01-28 00:00:00+00:00
[2025-01-28T12:15:39.722+0530] {processor.py:208} INFO - Processing /home/verma-tv/.local/lib/python3.11/site-packages/airflow/example_dags/example_branch_operator_decorator.py took 0.091 seconds
[2025-01-28T12:16:56.774+0530] {processor.py:186} INFO - Started process (PID=30304) to work on /home/verma-tv/.local/lib/python3.11/site-packages/airflow/example_dags/example_branch_operator_decorator.py
[2025-01-28T12:16:56.775+0530] {processor.py:914} INFO - Processing file /home/verma-tv/.local/lib/python3.11/site-packages/airflow/example_dags/example_branch_operator_decorator.py for tasks to queue
[2025-01-28T12:16:56.776+0530] {logging_mixin.py:190} INFO - [2025-01-28T12:16:56.776+0530] {dagbag.py:588} INFO - Filling up the DagBag from /home/verma-tv/.local/lib/python3.11/site-packages/airflow/example_dags/example_branch_operator_decorator.py
[2025-01-28T12:16:56.796+0530] {processor.py:925} INFO - DAG(s) 'example_branch_python_operator_decorator' retrieved from /home/verma-tv/.local/lib/python3.11/site-packages/airflow/example_dags/example_branch_operator_decorator.py
[2025-01-28T12:16:56.812+0530] {logging_mixin.py:190} INFO - [2025-01-28T12:16:56.812+0530] {dag.py:3239} INFO - Sync 1 DAGs
[2025-01-28T12:16:56.825+0530] {logging_mixin.py:190} INFO - [2025-01-28T12:16:56.825+0530] {dag.py:4180} INFO - Setting next_dagrun for example_branch_python_operator_decorator to 2025-01-27 00:00:00+00:00, run_after=2025-01-28 00:00:00+00:00
[2025-01-28T12:16:56.840+0530] {processor.py:208} INFO - Processing /home/verma-tv/.local/lib/python3.11/site-packages/airflow/example_dags/example_branch_operator_decorator.py took 0.071 seconds
[2025-01-28T12:18:12.771+0530] {processor.py:186} INFO - Started process (PID=30575) to work on /home/verma-tv/.local/lib/python3.11/site-packages/airflow/example_dags/example_branch_operator_decorator.py
[2025-01-28T12:18:12.784+0530] {processor.py:914} INFO - Processing file /home/verma-tv/.local/lib/python3.11/site-packages/airflow/example_dags/example_branch_operator_decorator.py for tasks to queue
[2025-01-28T12:18:12.787+0530] {logging_mixin.py:190} INFO - [2025-01-28T12:18:12.786+0530] {dagbag.py:588} INFO - Filling up the DagBag from /home/verma-tv/.local/lib/python3.11/site-packages/airflow/example_dags/example_branch_operator_decorator.py
[2025-01-28T12:18:12.806+0530] {processor.py:925} INFO - DAG(s) 'example_branch_python_operator_decorator' retrieved from /home/verma-tv/.local/lib/python3.11/site-packages/airflow/example_dags/example_branch_operator_decorator.py
[2025-01-28T12:18:12.822+0530] {logging_mixin.py:190} INFO - [2025-01-28T12:18:12.822+0530] {dag.py:3239} INFO - Sync 1 DAGs
[2025-01-28T12:18:12.836+0530] {logging_mixin.py:190} INFO - [2025-01-28T12:18:12.836+0530] {dag.py:4180} INFO - Setting next_dagrun for example_branch_python_operator_decorator to 2025-01-27 00:00:00+00:00, run_after=2025-01-28 00:00:00+00:00
[2025-01-28T12:18:12.849+0530] {processor.py:208} INFO - Processing /home/verma-tv/.local/lib/python3.11/site-packages/airflow/example_dags/example_branch_operator_decorator.py took 0.082 seconds
[2025-01-28T12:19:29.825+0530] {processor.py:186} INFO - Started process (PID=30814) to work on /home/verma-tv/.local/lib/python3.11/site-packages/airflow/example_dags/example_branch_operator_decorator.py
[2025-01-28T12:19:29.838+0530] {processor.py:914} INFO - Processing file /home/verma-tv/.local/lib/python3.11/site-packages/airflow/example_dags/example_branch_operator_decorator.py for tasks to queue
[2025-01-28T12:19:29.840+0530] {logging_mixin.py:190} INFO - [2025-01-28T12:19:29.840+0530] {dagbag.py:588} INFO - Filling up the DagBag from /home/verma-tv/.local/lib/python3.11/site-packages/airflow/example_dags/example_branch_operator_decorator.py
[2025-01-28T12:19:29.860+0530] {processor.py:925} INFO - DAG(s) 'example_branch_python_operator_decorator' retrieved from /home/verma-tv/.local/lib/python3.11/site-packages/airflow/example_dags/example_branch_operator_decorator.py
[2025-01-28T12:19:29.876+0530] {logging_mixin.py:190} INFO - [2025-01-28T12:19:29.875+0530] {dag.py:3239} INFO - Sync 1 DAGs
[2025-01-28T12:19:29.890+0530] {logging_mixin.py:190} INFO - [2025-01-28T12:19:29.890+0530] {dag.py:4180} INFO - Setting next_dagrun for example_branch_python_operator_decorator to 2025-01-27 00:00:00+00:00, run_after=2025-01-28 00:00:00+00:00
[2025-01-28T12:19:29.904+0530] {processor.py:208} INFO - Processing /home/verma-tv/.local/lib/python3.11/site-packages/airflow/example_dags/example_branch_operator_decorator.py took 0.083 seconds
[2025-01-28T12:20:48.101+0530] {processor.py:186} INFO - Started process (PID=31037) to work on /home/verma-tv/.local/lib/python3.11/site-packages/airflow/example_dags/example_branch_operator_decorator.py
[2025-01-28T12:20:48.113+0530] {processor.py:914} INFO - Processing file /home/verma-tv/.local/lib/python3.11/site-packages/airflow/example_dags/example_branch_operator_decorator.py for tasks to queue
[2025-01-28T12:20:48.116+0530] {logging_mixin.py:190} INFO - [2025-01-28T12:20:48.115+0530] {dagbag.py:588} INFO - Filling up the DagBag from /home/verma-tv/.local/lib/python3.11/site-packages/airflow/example_dags/example_branch_operator_decorator.py
[2025-01-28T12:20:48.136+0530] {processor.py:925} INFO - DAG(s) 'example_branch_python_operator_decorator' retrieved from /home/verma-tv/.local/lib/python3.11/site-packages/airflow/example_dags/example_branch_operator_decorator.py
[2025-01-28T12:20:48.153+0530] {logging_mixin.py:190} INFO - [2025-01-28T12:20:48.153+0530] {dag.py:3239} INFO - Sync 1 DAGs
[2025-01-28T12:20:48.167+0530] {logging_mixin.py:190} INFO - [2025-01-28T12:20:48.167+0530] {dag.py:4180} INFO - Setting next_dagrun for example_branch_python_operator_decorator to 2025-01-27 00:00:00+00:00, run_after=2025-01-28 00:00:00+00:00
[2025-01-28T12:20:48.187+0530] {processor.py:208} INFO - Processing /home/verma-tv/.local/lib/python3.11/site-packages/airflow/example_dags/example_branch_operator_decorator.py took 0.090 seconds
[2025-01-28T12:22:01.227+0530] {processor.py:186} INFO - Started process (PID=31353) to work on /home/verma-tv/.local/lib/python3.11/site-packages/airflow/example_dags/example_branch_operator_decorator.py
[2025-01-28T12:22:01.240+0530] {processor.py:914} INFO - Processing file /home/verma-tv/.local/lib/python3.11/site-packages/airflow/example_dags/example_branch_operator_decorator.py for tasks to queue
[2025-01-28T12:22:01.242+0530] {logging_mixin.py:190} INFO - [2025-01-28T12:22:01.242+0530] {dagbag.py:588} INFO - Filling up the DagBag from /home/verma-tv/.local/lib/python3.11/site-packages/airflow/example_dags/example_branch_operator_decorator.py
[2025-01-28T12:22:01.262+0530] {processor.py:925} INFO - DAG(s) 'example_branch_python_operator_decorator' retrieved from /home/verma-tv/.local/lib/python3.11/site-packages/airflow/example_dags/example_branch_operator_decorator.py
[2025-01-28T12:22:01.278+0530] {logging_mixin.py:190} INFO - [2025-01-28T12:22:01.277+0530] {dag.py:3239} INFO - Sync 1 DAGs
[2025-01-28T12:22:01.292+0530] {logging_mixin.py:190} INFO - [2025-01-28T12:22:01.292+0530] {dag.py:4180} INFO - Setting next_dagrun for example_branch_python_operator_decorator to 2025-01-27 00:00:00+00:00, run_after=2025-01-28 00:00:00+00:00
[2025-01-28T12:22:01.305+0530] {processor.py:208} INFO - Processing /home/verma-tv/.local/lib/python3.11/site-packages/airflow/example_dags/example_branch_operator_decorator.py took 0.083 seconds
[2025-01-28T12:23:13.142+0530] {processor.py:186} INFO - Started process (PID=31567) to work on /home/verma-tv/.local/lib/python3.11/site-packages/airflow/example_dags/example_branch_operator_decorator.py
[2025-01-28T12:23:13.156+0530] {processor.py:914} INFO - Processing file /home/verma-tv/.local/lib/python3.11/site-packages/airflow/example_dags/example_branch_operator_decorator.py for tasks to queue
[2025-01-28T12:23:13.158+0530] {logging_mixin.py:190} INFO - [2025-01-28T12:23:13.157+0530] {dagbag.py:588} INFO - Filling up the DagBag from /home/verma-tv/.local/lib/python3.11/site-packages/airflow/example_dags/example_branch_operator_decorator.py
[2025-01-28T12:23:13.178+0530] {processor.py:925} INFO - DAG(s) 'example_branch_python_operator_decorator' retrieved from /home/verma-tv/.local/lib/python3.11/site-packages/airflow/example_dags/example_branch_operator_decorator.py
[2025-01-28T12:23:13.193+0530] {logging_mixin.py:190} INFO - [2025-01-28T12:23:13.193+0530] {dag.py:3239} INFO - Sync 1 DAGs
[2025-01-28T12:23:13.208+0530] {logging_mixin.py:190} INFO - [2025-01-28T12:23:13.207+0530] {dag.py:4180} INFO - Setting next_dagrun for example_branch_python_operator_decorator to 2025-01-27 00:00:00+00:00, run_after=2025-01-28 00:00:00+00:00
[2025-01-28T12:23:13.221+0530] {processor.py:208} INFO - Processing /home/verma-tv/.local/lib/python3.11/site-packages/airflow/example_dags/example_branch_operator_decorator.py took 0.085 seconds
[2025-01-28T12:24:26.971+0530] {processor.py:186} INFO - Started process (PID=31859) to work on /home/verma-tv/.local/lib/python3.11/site-packages/airflow/example_dags/example_branch_operator_decorator.py
[2025-01-28T12:24:26.983+0530] {processor.py:914} INFO - Processing file /home/verma-tv/.local/lib/python3.11/site-packages/airflow/example_dags/example_branch_operator_decorator.py for tasks to queue
[2025-01-28T12:24:26.986+0530] {logging_mixin.py:190} INFO - [2025-01-28T12:24:26.985+0530] {dagbag.py:588} INFO - Filling up the DagBag from /home/verma-tv/.local/lib/python3.11/site-packages/airflow/example_dags/example_branch_operator_decorator.py
[2025-01-28T12:24:27.005+0530] {processor.py:925} INFO - DAG(s) 'example_branch_python_operator_decorator' retrieved from /home/verma-tv/.local/lib/python3.11/site-packages/airflow/example_dags/example_branch_operator_decorator.py
[2025-01-28T12:24:27.021+0530] {logging_mixin.py:190} INFO - [2025-01-28T12:24:27.021+0530] {dag.py:3239} INFO - Sync 1 DAGs
[2025-01-28T12:24:27.036+0530] {logging_mixin.py:190} INFO - [2025-01-28T12:24:27.036+0530] {dag.py:4180} INFO - Setting next_dagrun for example_branch_python_operator_decorator to 2025-01-27 00:00:00+00:00, run_after=2025-01-28 00:00:00+00:00
[2025-01-28T12:24:27.049+0530] {processor.py:208} INFO - Processing /home/verma-tv/.local/lib/python3.11/site-packages/airflow/example_dags/example_branch_operator_decorator.py took 0.083 seconds
[2025-01-28T12:25:46.459+0530] {processor.py:186} INFO - Started process (PID=32285) to work on /home/verma-tv/.local/lib/python3.11/site-packages/airflow/example_dags/example_branch_operator_decorator.py
[2025-01-28T12:25:46.461+0530] {processor.py:914} INFO - Processing file /home/verma-tv/.local/lib/python3.11/site-packages/airflow/example_dags/example_branch_operator_decorator.py for tasks to queue
[2025-01-28T12:25:46.463+0530] {logging_mixin.py:190} INFO - [2025-01-28T12:25:46.463+0530] {dagbag.py:588} INFO - Filling up the DagBag from /home/verma-tv/.local/lib/python3.11/site-packages/airflow/example_dags/example_branch_operator_decorator.py
[2025-01-28T12:25:46.487+0530] {processor.py:925} INFO - DAG(s) 'example_branch_python_operator_decorator' retrieved from /home/verma-tv/.local/lib/python3.11/site-packages/airflow/example_dags/example_branch_operator_decorator.py
[2025-01-28T12:25:46.512+0530] {logging_mixin.py:190} INFO - [2025-01-28T12:25:46.511+0530] {dag.py:3239} INFO - Sync 1 DAGs
[2025-01-28T12:25:46.531+0530] {logging_mixin.py:190} INFO - [2025-01-28T12:25:46.531+0530] {dag.py:4180} INFO - Setting next_dagrun for example_branch_python_operator_decorator to 2025-01-27 00:00:00+00:00, run_after=2025-01-28 00:00:00+00:00
[2025-01-28T12:25:46.548+0530] {processor.py:208} INFO - Processing /home/verma-tv/.local/lib/python3.11/site-packages/airflow/example_dags/example_branch_operator_decorator.py took 0.094 seconds
[2025-01-28T12:27:01.440+0530] {processor.py:186} INFO - Started process (PID=32604) to work on /home/verma-tv/.local/lib/python3.11/site-packages/airflow/example_dags/example_branch_operator_decorator.py
[2025-01-28T12:27:01.452+0530] {processor.py:914} INFO - Processing file /home/verma-tv/.local/lib/python3.11/site-packages/airflow/example_dags/example_branch_operator_decorator.py for tasks to queue
[2025-01-28T12:27:01.454+0530] {logging_mixin.py:190} INFO - [2025-01-28T12:27:01.454+0530] {dagbag.py:588} INFO - Filling up the DagBag from /home/verma-tv/.local/lib/python3.11/site-packages/airflow/example_dags/example_branch_operator_decorator.py
[2025-01-28T12:27:01.475+0530] {processor.py:925} INFO - DAG(s) 'example_branch_python_operator_decorator' retrieved from /home/verma-tv/.local/lib/python3.11/site-packages/airflow/example_dags/example_branch_operator_decorator.py
[2025-01-28T12:27:01.490+0530] {logging_mixin.py:190} INFO - [2025-01-28T12:27:01.490+0530] {dag.py:3239} INFO - Sync 1 DAGs
[2025-01-28T12:27:01.505+0530] {logging_mixin.py:190} INFO - [2025-01-28T12:27:01.505+0530] {dag.py:4180} INFO - Setting next_dagrun for example_branch_python_operator_decorator to 2025-01-27 00:00:00+00:00, run_after=2025-01-28 00:00:00+00:00
[2025-01-28T12:27:01.523+0530] {processor.py:208} INFO - Processing /home/verma-tv/.local/lib/python3.11/site-packages/airflow/example_dags/example_branch_operator_decorator.py took 0.089 seconds
[2025-01-28T12:27:57.243+0530] {processor.py:186} INFO - Started process (PID=32775) to work on /home/verma-tv/.local/lib/python3.11/site-packages/airflow/example_dags/example_branch_operator_decorator.py
[2025-01-28T12:27:57.255+0530] {processor.py:914} INFO - Processing file /home/verma-tv/.local/lib/python3.11/site-packages/airflow/example_dags/example_branch_operator_decorator.py for tasks to queue
[2025-01-28T12:27:57.257+0530] {logging_mixin.py:190} INFO - [2025-01-28T12:27:57.256+0530] {dagbag.py:588} INFO - Filling up the DagBag from /home/verma-tv/.local/lib/python3.11/site-packages/airflow/example_dags/example_branch_operator_decorator.py
[2025-01-28T12:27:57.282+0530] {processor.py:925} INFO - DAG(s) 'example_branch_python_operator_decorator' retrieved from /home/verma-tv/.local/lib/python3.11/site-packages/airflow/example_dags/example_branch_operator_decorator.py
[2025-01-28T12:27:57.301+0530] {logging_mixin.py:190} INFO - [2025-01-28T12:27:57.301+0530] {dag.py:3239} INFO - Sync 1 DAGs
[2025-01-28T12:27:57.317+0530] {logging_mixin.py:190} INFO - [2025-01-28T12:27:57.316+0530] {dag.py:4180} INFO - Setting next_dagrun for example_branch_python_operator_decorator to 2025-01-27 00:00:00+00:00, run_after=2025-01-28 00:00:00+00:00
[2025-01-28T12:27:57.338+0530] {processor.py:208} INFO - Processing /home/verma-tv/.local/lib/python3.11/site-packages/airflow/example_dags/example_branch_operator_decorator.py took 0.100 seconds
[2025-01-28T12:28:50.657+0530] {processor.py:186} INFO - Started process (PID=32892) to work on /home/verma-tv/.local/lib/python3.11/site-packages/airflow/example_dags/example_branch_operator_decorator.py
[2025-01-28T12:28:50.670+0530] {processor.py:914} INFO - Processing file /home/verma-tv/.local/lib/python3.11/site-packages/airflow/example_dags/example_branch_operator_decorator.py for tasks to queue
[2025-01-28T12:28:50.672+0530] {logging_mixin.py:190} INFO - [2025-01-28T12:28:50.672+0530] {dagbag.py:588} INFO - Filling up the DagBag from /home/verma-tv/.local/lib/python3.11/site-packages/airflow/example_dags/example_branch_operator_decorator.py
[2025-01-28T12:28:50.697+0530] {processor.py:925} INFO - DAG(s) 'example_branch_python_operator_decorator' retrieved from /home/verma-tv/.local/lib/python3.11/site-packages/airflow/example_dags/example_branch_operator_decorator.py
[2025-01-28T12:28:50.716+0530] {logging_mixin.py:190} INFO - [2025-01-28T12:28:50.716+0530] {dag.py:3239} INFO - Sync 1 DAGs
[2025-01-28T12:28:50.733+0530] {logging_mixin.py:190} INFO - [2025-01-28T12:28:50.733+0530] {dag.py:4180} INFO - Setting next_dagrun for example_branch_python_operator_decorator to 2025-01-27 00:00:00+00:00, run_after=2025-01-28 00:00:00+00:00
[2025-01-28T12:28:50.750+0530] {processor.py:208} INFO - Processing /home/verma-tv/.local/lib/python3.11/site-packages/airflow/example_dags/example_branch_operator_decorator.py took 0.097 seconds
[2025-01-28T12:30:07.848+0530] {processor.py:186} INFO - Started process (PID=33207) to work on /home/verma-tv/.local/lib/python3.11/site-packages/airflow/example_dags/example_branch_operator_decorator.py
[2025-01-28T12:30:07.849+0530] {processor.py:914} INFO - Processing file /home/verma-tv/.local/lib/python3.11/site-packages/airflow/example_dags/example_branch_operator_decorator.py for tasks to queue
[2025-01-28T12:30:07.851+0530] {logging_mixin.py:190} INFO - [2025-01-28T12:30:07.851+0530] {dagbag.py:588} INFO - Filling up the DagBag from /home/verma-tv/.local/lib/python3.11/site-packages/airflow/example_dags/example_branch_operator_decorator.py
[2025-01-28T12:30:07.875+0530] {processor.py:925} INFO - DAG(s) 'example_branch_python_operator_decorator' retrieved from /home/verma-tv/.local/lib/python3.11/site-packages/airflow/example_dags/example_branch_operator_decorator.py
[2025-01-28T12:30:07.894+0530] {logging_mixin.py:190} INFO - [2025-01-28T12:30:07.893+0530] {dag.py:3239} INFO - Sync 1 DAGs
[2025-01-28T12:30:07.910+0530] {logging_mixin.py:190} INFO - [2025-01-28T12:30:07.910+0530] {dag.py:4180} INFO - Setting next_dagrun for example_branch_python_operator_decorator to 2025-01-27 00:00:00+00:00, run_after=2025-01-28 00:00:00+00:00
[2025-01-28T12:30:07.928+0530] {processor.py:208} INFO - Processing /home/verma-tv/.local/lib/python3.11/site-packages/airflow/example_dags/example_branch_operator_decorator.py took 0.087 seconds
[2025-01-28T12:31:01.107+0530] {processor.py:186} INFO - Started process (PID=33425) to work on /home/verma-tv/.local/lib/python3.11/site-packages/airflow/example_dags/example_branch_operator_decorator.py
[2025-01-28T12:31:01.120+0530] {processor.py:914} INFO - Processing file /home/verma-tv/.local/lib/python3.11/site-packages/airflow/example_dags/example_branch_operator_decorator.py for tasks to queue
[2025-01-28T12:31:01.122+0530] {logging_mixin.py:190} INFO - [2025-01-28T12:31:01.122+0530] {dagbag.py:588} INFO - Filling up the DagBag from /home/verma-tv/.local/lib/python3.11/site-packages/airflow/example_dags/example_branch_operator_decorator.py
[2025-01-28T12:31:01.144+0530] {processor.py:925} INFO - DAG(s) 'example_branch_python_operator_decorator' retrieved from /home/verma-tv/.local/lib/python3.11/site-packages/airflow/example_dags/example_branch_operator_decorator.py
[2025-01-28T12:31:01.162+0530] {logging_mixin.py:190} INFO - [2025-01-28T12:31:01.162+0530] {dag.py:3239} INFO - Sync 1 DAGs
[2025-01-28T12:31:01.178+0530] {logging_mixin.py:190} INFO - [2025-01-28T12:31:01.178+0530] {dag.py:4180} INFO - Setting next_dagrun for example_branch_python_operator_decorator to 2025-01-27 00:00:00+00:00, run_after=2025-01-28 00:00:00+00:00
[2025-01-28T12:31:01.194+0530] {processor.py:208} INFO - Processing /home/verma-tv/.local/lib/python3.11/site-packages/airflow/example_dags/example_branch_operator_decorator.py took 0.095 seconds
[2025-01-28T12:32:18.418+0530] {processor.py:186} INFO - Started process (PID=33666) to work on /home/verma-tv/.local/lib/python3.11/site-packages/airflow/example_dags/example_branch_operator_decorator.py
[2025-01-28T12:32:18.430+0530] {processor.py:914} INFO - Processing file /home/verma-tv/.local/lib/python3.11/site-packages/airflow/example_dags/example_branch_operator_decorator.py for tasks to queue
[2025-01-28T12:32:18.432+0530] {logging_mixin.py:190} INFO - [2025-01-28T12:32:18.432+0530] {dagbag.py:588} INFO - Filling up the DagBag from /home/verma-tv/.local/lib/python3.11/site-packages/airflow/example_dags/example_branch_operator_decorator.py
[2025-01-28T12:32:18.453+0530] {processor.py:925} INFO - DAG(s) 'example_branch_python_operator_decorator' retrieved from /home/verma-tv/.local/lib/python3.11/site-packages/airflow/example_dags/example_branch_operator_decorator.py
[2025-01-28T12:32:18.471+0530] {logging_mixin.py:190} INFO - [2025-01-28T12:32:18.471+0530] {dag.py:3239} INFO - Sync 1 DAGs
[2025-01-28T12:32:18.491+0530] {logging_mixin.py:190} INFO - [2025-01-28T12:32:18.491+0530] {dag.py:4180} INFO - Setting next_dagrun for example_branch_python_operator_decorator to 2025-01-27 00:00:00+00:00, run_after=2025-01-28 00:00:00+00:00
[2025-01-28T12:32:18.507+0530] {processor.py:208} INFO - Processing /home/verma-tv/.local/lib/python3.11/site-packages/airflow/example_dags/example_branch_operator_decorator.py took 0.095 seconds
[2025-01-28T12:33:11.650+0530] {processor.py:186} INFO - Started process (PID=33841) to work on /home/verma-tv/.local/lib/python3.11/site-packages/airflow/example_dags/example_branch_operator_decorator.py
[2025-01-28T12:33:11.662+0530] {processor.py:914} INFO - Processing file /home/verma-tv/.local/lib/python3.11/site-packages/airflow/example_dags/example_branch_operator_decorator.py for tasks to queue
[2025-01-28T12:33:11.665+0530] {logging_mixin.py:190} INFO - [2025-01-28T12:33:11.664+0530] {dagbag.py:588} INFO - Filling up the DagBag from /home/verma-tv/.local/lib/python3.11/site-packages/airflow/example_dags/example_branch_operator_decorator.py
[2025-01-28T12:33:11.699+0530] {processor.py:925} INFO - DAG(s) 'example_branch_python_operator_decorator' retrieved from /home/verma-tv/.local/lib/python3.11/site-packages/airflow/example_dags/example_branch_operator_decorator.py
[2025-01-28T12:33:11.717+0530] {logging_mixin.py:190} INFO - [2025-01-28T12:33:11.717+0530] {dag.py:3239} INFO - Sync 1 DAGs
[2025-01-28T12:33:11.733+0530] {logging_mixin.py:190} INFO - [2025-01-28T12:33:11.733+0530] {dag.py:4180} INFO - Setting next_dagrun for example_branch_python_operator_decorator to 2025-01-27 00:00:00+00:00, run_after=2025-01-28 00:00:00+00:00
[2025-01-28T12:33:11.750+0530] {processor.py:208} INFO - Processing /home/verma-tv/.local/lib/python3.11/site-packages/airflow/example_dags/example_branch_operator_decorator.py took 0.105 seconds
[2025-01-28T12:34:34.602+0530] {processor.py:186} INFO - Started process (PID=34142) to work on /home/verma-tv/.local/lib/python3.11/site-packages/airflow/example_dags/example_branch_operator_decorator.py
[2025-01-28T12:34:34.614+0530] {processor.py:914} INFO - Processing file /home/verma-tv/.local/lib/python3.11/site-packages/airflow/example_dags/example_branch_operator_decorator.py for tasks to queue
[2025-01-28T12:34:34.617+0530] {logging_mixin.py:190} INFO - [2025-01-28T12:34:34.616+0530] {dagbag.py:588} INFO - Filling up the DagBag from /home/verma-tv/.local/lib/python3.11/site-packages/airflow/example_dags/example_branch_operator_decorator.py
[2025-01-28T12:34:34.639+0530] {processor.py:925} INFO - DAG(s) 'example_branch_python_operator_decorator' retrieved from /home/verma-tv/.local/lib/python3.11/site-packages/airflow/example_dags/example_branch_operator_decorator.py
[2025-01-28T12:34:34.657+0530] {logging_mixin.py:190} INFO - [2025-01-28T12:34:34.657+0530] {dag.py:3239} INFO - Sync 1 DAGs
[2025-01-28T12:34:34.673+0530] {logging_mixin.py:190} INFO - [2025-01-28T12:34:34.672+0530] {dag.py:4180} INFO - Setting next_dagrun for example_branch_python_operator_decorator to 2025-01-27 00:00:00+00:00, run_after=2025-01-28 00:00:00+00:00
[2025-01-28T12:34:34.689+0530] {processor.py:208} INFO - Processing /home/verma-tv/.local/lib/python3.11/site-packages/airflow/example_dags/example_branch_operator_decorator.py took 0.093 seconds
[2025-01-28T12:35:30.059+0530] {processor.py:186} INFO - Started process (PID=34314) to work on /home/verma-tv/.local/lib/python3.11/site-packages/airflow/example_dags/example_branch_operator_decorator.py
[2025-01-28T12:35:30.072+0530] {processor.py:914} INFO - Processing file /home/verma-tv/.local/lib/python3.11/site-packages/airflow/example_dags/example_branch_operator_decorator.py for tasks to queue
[2025-01-28T12:35:30.074+0530] {logging_mixin.py:190} INFO - [2025-01-28T12:35:30.073+0530] {dagbag.py:588} INFO - Filling up the DagBag from /home/verma-tv/.local/lib/python3.11/site-packages/airflow/example_dags/example_branch_operator_decorator.py
[2025-01-28T12:35:30.103+0530] {processor.py:925} INFO - DAG(s) 'example_branch_python_operator_decorator' retrieved from /home/verma-tv/.local/lib/python3.11/site-packages/airflow/example_dags/example_branch_operator_decorator.py
[2025-01-28T12:35:30.125+0530] {logging_mixin.py:190} INFO - [2025-01-28T12:35:30.125+0530] {dag.py:3239} INFO - Sync 1 DAGs
[2025-01-28T12:35:30.141+0530] {logging_mixin.py:190} INFO - [2025-01-28T12:35:30.141+0530] {dag.py:4180} INFO - Setting next_dagrun for example_branch_python_operator_decorator to 2025-01-27 00:00:00+00:00, run_after=2025-01-28 00:00:00+00:00
[2025-01-28T12:35:30.156+0530] {processor.py:208} INFO - Processing /home/verma-tv/.local/lib/python3.11/site-packages/airflow/example_dags/example_branch_operator_decorator.py took 0.102 seconds
[2025-01-28T12:36:48.960+0530] {processor.py:186} INFO - Started process (PID=34598) to work on /home/verma-tv/.local/lib/python3.11/site-packages/airflow/example_dags/example_branch_operator_decorator.py
[2025-01-28T12:36:48.974+0530] {processor.py:914} INFO - Processing file /home/verma-tv/.local/lib/python3.11/site-packages/airflow/example_dags/example_branch_operator_decorator.py for tasks to queue
[2025-01-28T12:36:48.977+0530] {logging_mixin.py:190} INFO - [2025-01-28T12:36:48.976+0530] {dagbag.py:588} INFO - Filling up the DagBag from /home/verma-tv/.local/lib/python3.11/site-packages/airflow/example_dags/example_branch_operator_decorator.py
[2025-01-28T12:36:48.999+0530] {processor.py:925} INFO - DAG(s) 'example_branch_python_operator_decorator' retrieved from /home/verma-tv/.local/lib/python3.11/site-packages/airflow/example_dags/example_branch_operator_decorator.py
[2025-01-28T12:36:49.017+0530] {logging_mixin.py:190} INFO - [2025-01-28T12:36:49.017+0530] {dag.py:3239} INFO - Sync 1 DAGs
[2025-01-28T12:36:49.036+0530] {logging_mixin.py:190} INFO - [2025-01-28T12:36:49.036+0530] {dag.py:4180} INFO - Setting next_dagrun for example_branch_python_operator_decorator to 2025-01-27 00:00:00+00:00, run_after=2025-01-28 00:00:00+00:00
[2025-01-28T12:36:49.051+0530] {processor.py:208} INFO - Processing /home/verma-tv/.local/lib/python3.11/site-packages/airflow/example_dags/example_branch_operator_decorator.py took 0.098 seconds
[2025-01-28T12:38:04.761+0530] {processor.py:186} INFO - Started process (PID=34874) to work on /home/verma-tv/.local/lib/python3.11/site-packages/airflow/example_dags/example_branch_operator_decorator.py
[2025-01-28T12:38:04.773+0530] {processor.py:914} INFO - Processing file /home/verma-tv/.local/lib/python3.11/site-packages/airflow/example_dags/example_branch_operator_decorator.py for tasks to queue
[2025-01-28T12:38:04.776+0530] {logging_mixin.py:190} INFO - [2025-01-28T12:38:04.775+0530] {dagbag.py:588} INFO - Filling up the DagBag from /home/verma-tv/.local/lib/python3.11/site-packages/airflow/example_dags/example_branch_operator_decorator.py
[2025-01-28T12:38:04.796+0530] {processor.py:925} INFO - DAG(s) 'example_branch_python_operator_decorator' retrieved from /home/verma-tv/.local/lib/python3.11/site-packages/airflow/example_dags/example_branch_operator_decorator.py
[2025-01-28T12:38:04.813+0530] {logging_mixin.py:190} INFO - [2025-01-28T12:38:04.812+0530] {dag.py:3239} INFO - Sync 1 DAGs
[2025-01-28T12:38:04.827+0530] {logging_mixin.py:190} INFO - [2025-01-28T12:38:04.827+0530] {dag.py:4180} INFO - Setting next_dagrun for example_branch_python_operator_decorator to 2025-01-27 00:00:00+00:00, run_after=2025-01-28 00:00:00+00:00
[2025-01-28T12:38:04.842+0530] {processor.py:208} INFO - Processing /home/verma-tv/.local/lib/python3.11/site-packages/airflow/example_dags/example_branch_operator_decorator.py took 0.085 seconds
[2025-01-28T12:39:20.372+0530] {processor.py:186} INFO - Started process (PID=35115) to work on /home/verma-tv/.local/lib/python3.11/site-packages/airflow/example_dags/example_branch_operator_decorator.py
[2025-01-28T12:39:20.385+0530] {processor.py:914} INFO - Processing file /home/verma-tv/.local/lib/python3.11/site-packages/airflow/example_dags/example_branch_operator_decorator.py for tasks to queue
[2025-01-28T12:39:20.387+0530] {logging_mixin.py:190} INFO - [2025-01-28T12:39:20.387+0530] {dagbag.py:588} INFO - Filling up the DagBag from /home/verma-tv/.local/lib/python3.11/site-packages/airflow/example_dags/example_branch_operator_decorator.py
[2025-01-28T12:39:20.413+0530] {processor.py:925} INFO - DAG(s) 'example_branch_python_operator_decorator' retrieved from /home/verma-tv/.local/lib/python3.11/site-packages/airflow/example_dags/example_branch_operator_decorator.py
[2025-01-28T12:39:20.433+0530] {logging_mixin.py:190} INFO - [2025-01-28T12:39:20.433+0530] {dag.py:3239} INFO - Sync 1 DAGs
[2025-01-28T12:39:20.448+0530] {logging_mixin.py:190} INFO - [2025-01-28T12:39:20.448+0530] {dag.py:4180} INFO - Setting next_dagrun for example_branch_python_operator_decorator to 2025-01-27 00:00:00+00:00, run_after=2025-01-28 00:00:00+00:00
[2025-01-28T12:39:20.464+0530] {processor.py:208} INFO - Processing /home/verma-tv/.local/lib/python3.11/site-packages/airflow/example_dags/example_branch_operator_decorator.py took 0.096 seconds
[2025-01-28T12:40:34.921+0530] {processor.py:186} INFO - Started process (PID=35385) to work on /home/verma-tv/.local/lib/python3.11/site-packages/airflow/example_dags/example_branch_operator_decorator.py
[2025-01-28T12:40:34.933+0530] {processor.py:914} INFO - Processing file /home/verma-tv/.local/lib/python3.11/site-packages/airflow/example_dags/example_branch_operator_decorator.py for tasks to queue
[2025-01-28T12:40:34.936+0530] {logging_mixin.py:190} INFO - [2025-01-28T12:40:34.936+0530] {dagbag.py:588} INFO - Filling up the DagBag from /home/verma-tv/.local/lib/python3.11/site-packages/airflow/example_dags/example_branch_operator_decorator.py
[2025-01-28T12:40:34.956+0530] {processor.py:925} INFO - DAG(s) 'example_branch_python_operator_decorator' retrieved from /home/verma-tv/.local/lib/python3.11/site-packages/airflow/example_dags/example_branch_operator_decorator.py
[2025-01-28T12:40:34.971+0530] {logging_mixin.py:190} INFO - [2025-01-28T12:40:34.971+0530] {dag.py:3239} INFO - Sync 1 DAGs
[2025-01-28T12:40:34.985+0530] {logging_mixin.py:190} INFO - [2025-01-28T12:40:34.985+0530] {dag.py:4180} INFO - Setting next_dagrun for example_branch_python_operator_decorator to 2025-01-27 00:00:00+00:00, run_after=2025-01-28 00:00:00+00:00
[2025-01-28T12:40:35.000+0530] {processor.py:208} INFO - Processing /home/verma-tv/.local/lib/python3.11/site-packages/airflow/example_dags/example_branch_operator_decorator.py took 0.083 seconds
[2025-01-28T12:41:47.300+0530] {processor.py:186} INFO - Started process (PID=36060) to work on /home/verma-tv/.local/lib/python3.11/site-packages/airflow/example_dags/example_branch_operator_decorator.py
[2025-01-28T12:41:47.313+0530] {processor.py:914} INFO - Processing file /home/verma-tv/.local/lib/python3.11/site-packages/airflow/example_dags/example_branch_operator_decorator.py for tasks to queue
[2025-01-28T12:41:47.315+0530] {logging_mixin.py:190} INFO - [2025-01-28T12:41:47.315+0530] {dagbag.py:588} INFO - Filling up the DagBag from /home/verma-tv/.local/lib/python3.11/site-packages/airflow/example_dags/example_branch_operator_decorator.py
[2025-01-28T12:41:47.335+0530] {processor.py:925} INFO - DAG(s) 'example_branch_python_operator_decorator' retrieved from /home/verma-tv/.local/lib/python3.11/site-packages/airflow/example_dags/example_branch_operator_decorator.py
[2025-01-28T12:41:47.351+0530] {logging_mixin.py:190} INFO - [2025-01-28T12:41:47.351+0530] {dag.py:3239} INFO - Sync 1 DAGs
[2025-01-28T12:41:47.366+0530] {logging_mixin.py:190} INFO - [2025-01-28T12:41:47.365+0530] {dag.py:4180} INFO - Setting next_dagrun for example_branch_python_operator_decorator to 2025-01-27 00:00:00+00:00, run_after=2025-01-28 00:00:00+00:00
[2025-01-28T12:41:47.385+0530] {processor.py:208} INFO - Processing /home/verma-tv/.local/lib/python3.11/site-packages/airflow/example_dags/example_branch_operator_decorator.py took 0.089 seconds
[2025-01-28T12:43:05.046+0530] {processor.py:186} INFO - Started process (PID=36654) to work on /home/verma-tv/.local/lib/python3.11/site-packages/airflow/example_dags/example_branch_operator_decorator.py
[2025-01-28T12:43:05.058+0530] {processor.py:914} INFO - Processing file /home/verma-tv/.local/lib/python3.11/site-packages/airflow/example_dags/example_branch_operator_decorator.py for tasks to queue
[2025-01-28T12:43:05.061+0530] {logging_mixin.py:190} INFO - [2025-01-28T12:43:05.060+0530] {dagbag.py:588} INFO - Filling up the DagBag from /home/verma-tv/.local/lib/python3.11/site-packages/airflow/example_dags/example_branch_operator_decorator.py
[2025-01-28T12:43:05.082+0530] {processor.py:925} INFO - DAG(s) 'example_branch_python_operator_decorator' retrieved from /home/verma-tv/.local/lib/python3.11/site-packages/airflow/example_dags/example_branch_operator_decorator.py
[2025-01-28T12:43:05.098+0530] {logging_mixin.py:190} INFO - [2025-01-28T12:43:05.098+0530] {dag.py:3239} INFO - Sync 1 DAGs
[2025-01-28T12:43:05.113+0530] {logging_mixin.py:190} INFO - [2025-01-28T12:43:05.113+0530] {dag.py:4180} INFO - Setting next_dagrun for example_branch_python_operator_decorator to 2025-01-27 00:00:00+00:00, run_after=2025-01-28 00:00:00+00:00
[2025-01-28T12:43:05.131+0530] {processor.py:208} INFO - Processing /home/verma-tv/.local/lib/python3.11/site-packages/airflow/example_dags/example_branch_operator_decorator.py took 0.091 seconds
[2025-01-28T12:44:22.053+0530] {processor.py:186} INFO - Started process (PID=37144) to work on /home/verma-tv/.local/lib/python3.11/site-packages/airflow/example_dags/example_branch_operator_decorator.py
[2025-01-28T12:44:22.065+0530] {processor.py:914} INFO - Processing file /home/verma-tv/.local/lib/python3.11/site-packages/airflow/example_dags/example_branch_operator_decorator.py for tasks to queue
[2025-01-28T12:44:22.067+0530] {logging_mixin.py:190} INFO - [2025-01-28T12:44:22.067+0530] {dagbag.py:588} INFO - Filling up the DagBag from /home/verma-tv/.local/lib/python3.11/site-packages/airflow/example_dags/example_branch_operator_decorator.py
[2025-01-28T12:44:22.089+0530] {processor.py:925} INFO - DAG(s) 'example_branch_python_operator_decorator' retrieved from /home/verma-tv/.local/lib/python3.11/site-packages/airflow/example_dags/example_branch_operator_decorator.py
[2025-01-28T12:44:22.113+0530] {logging_mixin.py:190} INFO - [2025-01-28T12:44:22.113+0530] {dag.py:3239} INFO - Sync 1 DAGs
[2025-01-28T12:44:22.133+0530] {logging_mixin.py:190} INFO - [2025-01-28T12:44:22.133+0530] {dag.py:4180} INFO - Setting next_dagrun for example_branch_python_operator_decorator to 2025-01-27 00:00:00+00:00, run_after=2025-01-28 00:00:00+00:00
[2025-01-28T12:44:22.149+0530] {processor.py:208} INFO - Processing /home/verma-tv/.local/lib/python3.11/site-packages/airflow/example_dags/example_branch_operator_decorator.py took 0.101 seconds
[2025-01-28T12:45:33.092+0530] {processor.py:186} INFO - Started process (PID=37520) to work on /home/verma-tv/.local/lib/python3.11/site-packages/airflow/example_dags/example_branch_operator_decorator.py
[2025-01-28T12:45:33.093+0530] {processor.py:914} INFO - Processing file /home/verma-tv/.local/lib/python3.11/site-packages/airflow/example_dags/example_branch_operator_decorator.py for tasks to queue
[2025-01-28T12:45:33.095+0530] {logging_mixin.py:190} INFO - [2025-01-28T12:45:33.095+0530] {dagbag.py:588} INFO - Filling up the DagBag from /home/verma-tv/.local/lib/python3.11/site-packages/airflow/example_dags/example_branch_operator_decorator.py
[2025-01-28T12:45:33.115+0530] {processor.py:925} INFO - DAG(s) 'example_branch_python_operator_decorator' retrieved from /home/verma-tv/.local/lib/python3.11/site-packages/airflow/example_dags/example_branch_operator_decorator.py
[2025-01-28T12:45:33.131+0530] {logging_mixin.py:190} INFO - [2025-01-28T12:45:33.131+0530] {dag.py:3239} INFO - Sync 1 DAGs
[2025-01-28T12:45:33.146+0530] {logging_mixin.py:190} INFO - [2025-01-28T12:45:33.146+0530] {dag.py:4180} INFO - Setting next_dagrun for example_branch_python_operator_decorator to 2025-01-27 00:00:00+00:00, run_after=2025-01-28 00:00:00+00:00
[2025-01-28T12:45:33.160+0530] {processor.py:208} INFO - Processing /home/verma-tv/.local/lib/python3.11/site-packages/airflow/example_dags/example_branch_operator_decorator.py took 0.073 seconds
[2025-01-28T12:46:50.582+0530] {processor.py:186} INFO - Started process (PID=37959) to work on /home/verma-tv/.local/lib/python3.11/site-packages/airflow/example_dags/example_branch_operator_decorator.py
[2025-01-28T12:46:50.594+0530] {processor.py:914} INFO - Processing file /home/verma-tv/.local/lib/python3.11/site-packages/airflow/example_dags/example_branch_operator_decorator.py for tasks to queue
[2025-01-28T12:46:50.597+0530] {logging_mixin.py:190} INFO - [2025-01-28T12:46:50.597+0530] {dagbag.py:588} INFO - Filling up the DagBag from /home/verma-tv/.local/lib/python3.11/site-packages/airflow/example_dags/example_branch_operator_decorator.py
[2025-01-28T12:46:50.619+0530] {processor.py:925} INFO - DAG(s) 'example_branch_python_operator_decorator' retrieved from /home/verma-tv/.local/lib/python3.11/site-packages/airflow/example_dags/example_branch_operator_decorator.py
[2025-01-28T12:46:50.635+0530] {logging_mixin.py:190} INFO - [2025-01-28T12:46:50.634+0530] {dag.py:3239} INFO - Sync 1 DAGs
[2025-01-28T12:46:50.649+0530] {logging_mixin.py:190} INFO - [2025-01-28T12:46:50.649+0530] {dag.py:4180} INFO - Setting next_dagrun for example_branch_python_operator_decorator to 2025-01-27 00:00:00+00:00, run_after=2025-01-28 00:00:00+00:00
[2025-01-28T12:46:50.663+0530] {processor.py:208} INFO - Processing /home/verma-tv/.local/lib/python3.11/site-packages/airflow/example_dags/example_branch_operator_decorator.py took 0.086 seconds
[2025-01-28T12:48:08.845+0530] {processor.py:186} INFO - Started process (PID=38312) to work on /home/verma-tv/.local/lib/python3.11/site-packages/airflow/example_dags/example_branch_operator_decorator.py
[2025-01-28T12:48:08.857+0530] {processor.py:914} INFO - Processing file /home/verma-tv/.local/lib/python3.11/site-packages/airflow/example_dags/example_branch_operator_decorator.py for tasks to queue
[2025-01-28T12:48:08.859+0530] {logging_mixin.py:190} INFO - [2025-01-28T12:48:08.859+0530] {dagbag.py:588} INFO - Filling up the DagBag from /home/verma-tv/.local/lib/python3.11/site-packages/airflow/example_dags/example_branch_operator_decorator.py
[2025-01-28T12:48:08.879+0530] {processor.py:925} INFO - DAG(s) 'example_branch_python_operator_decorator' retrieved from /home/verma-tv/.local/lib/python3.11/site-packages/airflow/example_dags/example_branch_operator_decorator.py
[2025-01-28T12:48:08.895+0530] {logging_mixin.py:190} INFO - [2025-01-28T12:48:08.895+0530] {dag.py:3239} INFO - Sync 1 DAGs
[2025-01-28T12:48:08.909+0530] {logging_mixin.py:190} INFO - [2025-01-28T12:48:08.909+0530] {dag.py:4180} INFO - Setting next_dagrun for example_branch_python_operator_decorator to 2025-01-27 00:00:00+00:00, run_after=2025-01-28 00:00:00+00:00
[2025-01-28T12:48:08.922+0530] {processor.py:208} INFO - Processing /home/verma-tv/.local/lib/python3.11/site-packages/airflow/example_dags/example_branch_operator_decorator.py took 0.082 seconds
[2025-01-28T12:49:26.091+0530] {processor.py:186} INFO - Started process (PID=38735) to work on /home/verma-tv/.local/lib/python3.11/site-packages/airflow/example_dags/example_branch_operator_decorator.py
[2025-01-28T12:49:26.104+0530] {processor.py:914} INFO - Processing file /home/verma-tv/.local/lib/python3.11/site-packages/airflow/example_dags/example_branch_operator_decorator.py for tasks to queue
[2025-01-28T12:49:26.106+0530] {logging_mixin.py:190} INFO - [2025-01-28T12:49:26.105+0530] {dagbag.py:588} INFO - Filling up the DagBag from /home/verma-tv/.local/lib/python3.11/site-packages/airflow/example_dags/example_branch_operator_decorator.py
[2025-01-28T12:49:26.126+0530] {processor.py:925} INFO - DAG(s) 'example_branch_python_operator_decorator' retrieved from /home/verma-tv/.local/lib/python3.11/site-packages/airflow/example_dags/example_branch_operator_decorator.py
[2025-01-28T12:49:26.142+0530] {logging_mixin.py:190} INFO - [2025-01-28T12:49:26.142+0530] {dag.py:3239} INFO - Sync 1 DAGs
[2025-01-28T12:49:26.157+0530] {logging_mixin.py:190} INFO - [2025-01-28T12:49:26.157+0530] {dag.py:4180} INFO - Setting next_dagrun for example_branch_python_operator_decorator to 2025-01-27 00:00:00+00:00, run_after=2025-01-28 00:00:00+00:00
[2025-01-28T12:49:26.176+0530] {processor.py:208} INFO - Processing /home/verma-tv/.local/lib/python3.11/site-packages/airflow/example_dags/example_branch_operator_decorator.py took 0.089 seconds
[2025-01-28T12:50:19.078+0530] {processor.py:186} INFO - Started process (PID=38964) to work on /home/verma-tv/.local/lib/python3.11/site-packages/airflow/example_dags/example_branch_operator_decorator.py
[2025-01-28T12:50:19.079+0530] {processor.py:914} INFO - Processing file /home/verma-tv/.local/lib/python3.11/site-packages/airflow/example_dags/example_branch_operator_decorator.py for tasks to queue
[2025-01-28T12:50:19.082+0530] {logging_mixin.py:190} INFO - [2025-01-28T12:50:19.081+0530] {dagbag.py:588} INFO - Filling up the DagBag from /home/verma-tv/.local/lib/python3.11/site-packages/airflow/example_dags/example_branch_operator_decorator.py
[2025-01-28T12:50:19.111+0530] {processor.py:925} INFO - DAG(s) 'example_branch_python_operator_decorator' retrieved from /home/verma-tv/.local/lib/python3.11/site-packages/airflow/example_dags/example_branch_operator_decorator.py
[2025-01-28T12:50:19.138+0530] {logging_mixin.py:190} INFO - [2025-01-28T12:50:19.138+0530] {dag.py:3239} INFO - Sync 1 DAGs
[2025-01-28T12:50:19.157+0530] {logging_mixin.py:190} INFO - [2025-01-28T12:50:19.157+0530] {dag.py:4180} INFO - Setting next_dagrun for example_branch_python_operator_decorator to 2025-01-27 00:00:00+00:00, run_after=2025-01-28 00:00:00+00:00
[2025-01-28T12:50:19.178+0530] {processor.py:208} INFO - Processing /home/verma-tv/.local/lib/python3.11/site-packages/airflow/example_dags/example_branch_operator_decorator.py took 0.105 seconds
[2025-01-28T12:51:33.162+0530] {processor.py:186} INFO - Started process (PID=39336) to work on /home/verma-tv/.local/lib/python3.11/site-packages/airflow/example_dags/example_branch_operator_decorator.py
[2025-01-28T12:51:33.163+0530] {processor.py:914} INFO - Processing file /home/verma-tv/.local/lib/python3.11/site-packages/airflow/example_dags/example_branch_operator_decorator.py for tasks to queue
[2025-01-28T12:51:33.165+0530] {logging_mixin.py:190} INFO - [2025-01-28T12:51:33.165+0530] {dagbag.py:588} INFO - Filling up the DagBag from /home/verma-tv/.local/lib/python3.11/site-packages/airflow/example_dags/example_branch_operator_decorator.py
[2025-01-28T12:51:33.188+0530] {processor.py:925} INFO - DAG(s) 'example_branch_python_operator_decorator' retrieved from /home/verma-tv/.local/lib/python3.11/site-packages/airflow/example_dags/example_branch_operator_decorator.py
[2025-01-28T12:51:33.205+0530] {logging_mixin.py:190} INFO - [2025-01-28T12:51:33.205+0530] {dag.py:3239} INFO - Sync 1 DAGs
[2025-01-28T12:51:33.220+0530] {logging_mixin.py:190} INFO - [2025-01-28T12:51:33.219+0530] {dag.py:4180} INFO - Setting next_dagrun for example_branch_python_operator_decorator to 2025-01-27 00:00:00+00:00, run_after=2025-01-28 00:00:00+00:00
[2025-01-28T12:51:33.237+0530] {processor.py:208} INFO - Processing /home/verma-tv/.local/lib/python3.11/site-packages/airflow/example_dags/example_branch_operator_decorator.py took 0.080 seconds
[2025-01-28T12:52:29.065+0530] {processor.py:186} INFO - Started process (PID=39552) to work on /home/verma-tv/.local/lib/python3.11/site-packages/airflow/example_dags/example_branch_operator_decorator.py
[2025-01-28T12:52:29.077+0530] {processor.py:914} INFO - Processing file /home/verma-tv/.local/lib/python3.11/site-packages/airflow/example_dags/example_branch_operator_decorator.py for tasks to queue
[2025-01-28T12:52:29.080+0530] {logging_mixin.py:190} INFO - [2025-01-28T12:52:29.079+0530] {dagbag.py:588} INFO - Filling up the DagBag from /home/verma-tv/.local/lib/python3.11/site-packages/airflow/example_dags/example_branch_operator_decorator.py
[2025-01-28T12:52:29.101+0530] {processor.py:925} INFO - DAG(s) 'example_branch_python_operator_decorator' retrieved from /home/verma-tv/.local/lib/python3.11/site-packages/airflow/example_dags/example_branch_operator_decorator.py
[2025-01-28T12:52:29.118+0530] {logging_mixin.py:190} INFO - [2025-01-28T12:52:29.118+0530] {dag.py:3239} INFO - Sync 1 DAGs
[2025-01-28T12:52:29.134+0530] {logging_mixin.py:190} INFO - [2025-01-28T12:52:29.134+0530] {dag.py:4180} INFO - Setting next_dagrun for example_branch_python_operator_decorator to 2025-01-27 00:00:00+00:00, run_after=2025-01-28 00:00:00+00:00
[2025-01-28T12:52:29.150+0530] {processor.py:208} INFO - Processing /home/verma-tv/.local/lib/python3.11/site-packages/airflow/example_dags/example_branch_operator_decorator.py took 0.090 seconds
[2025-01-28T12:53:25.031+0530] {processor.py:186} INFO - Started process (PID=39815) to work on /home/verma-tv/.local/lib/python3.11/site-packages/airflow/example_dags/example_branch_operator_decorator.py
[2025-01-28T12:53:25.043+0530] {processor.py:914} INFO - Processing file /home/verma-tv/.local/lib/python3.11/site-packages/airflow/example_dags/example_branch_operator_decorator.py for tasks to queue
[2025-01-28T12:53:25.045+0530] {logging_mixin.py:190} INFO - [2025-01-28T12:53:25.045+0530] {dagbag.py:588} INFO - Filling up the DagBag from /home/verma-tv/.local/lib/python3.11/site-packages/airflow/example_dags/example_branch_operator_decorator.py
[2025-01-28T12:53:25.065+0530] {processor.py:925} INFO - DAG(s) 'example_branch_python_operator_decorator' retrieved from /home/verma-tv/.local/lib/python3.11/site-packages/airflow/example_dags/example_branch_operator_decorator.py
[2025-01-28T12:53:25.084+0530] {logging_mixin.py:190} INFO - [2025-01-28T12:53:25.084+0530] {dag.py:3239} INFO - Sync 1 DAGs
[2025-01-28T12:53:25.099+0530] {logging_mixin.py:190} INFO - [2025-01-28T12:53:25.099+0530] {dag.py:4180} INFO - Setting next_dagrun for example_branch_python_operator_decorator to 2025-01-27 00:00:00+00:00, run_after=2025-01-28 00:00:00+00:00
[2025-01-28T12:53:25.114+0530] {processor.py:208} INFO - Processing /home/verma-tv/.local/lib/python3.11/site-packages/airflow/example_dags/example_branch_operator_decorator.py took 0.088 seconds
[2025-01-28T12:54:40.918+0530] {processor.py:186} INFO - Started process (PID=40139) to work on /home/verma-tv/.local/lib/python3.11/site-packages/airflow/example_dags/example_branch_operator_decorator.py
[2025-01-28T12:54:40.931+0530] {processor.py:914} INFO - Processing file /home/verma-tv/.local/lib/python3.11/site-packages/airflow/example_dags/example_branch_operator_decorator.py for tasks to queue
[2025-01-28T12:54:40.933+0530] {logging_mixin.py:190} INFO - [2025-01-28T12:54:40.933+0530] {dagbag.py:588} INFO - Filling up the DagBag from /home/verma-tv/.local/lib/python3.11/site-packages/airflow/example_dags/example_branch_operator_decorator.py
[2025-01-28T12:54:40.953+0530] {processor.py:925} INFO - DAG(s) 'example_branch_python_operator_decorator' retrieved from /home/verma-tv/.local/lib/python3.11/site-packages/airflow/example_dags/example_branch_operator_decorator.py
[2025-01-28T12:54:40.969+0530] {logging_mixin.py:190} INFO - [2025-01-28T12:54:40.969+0530] {dag.py:3239} INFO - Sync 1 DAGs
[2025-01-28T12:54:40.984+0530] {logging_mixin.py:190} INFO - [2025-01-28T12:54:40.983+0530] {dag.py:4180} INFO - Setting next_dagrun for example_branch_python_operator_decorator to 2025-01-27 00:00:00+00:00, run_after=2025-01-28 00:00:00+00:00
[2025-01-28T12:54:41.002+0530] {processor.py:208} INFO - Processing /home/verma-tv/.local/lib/python3.11/site-packages/airflow/example_dags/example_branch_operator_decorator.py took 0.089 seconds
[2025-01-28T12:55:55.605+0530] {processor.py:186} INFO - Started process (PID=40480) to work on /home/verma-tv/.local/lib/python3.11/site-packages/airflow/example_dags/example_branch_operator_decorator.py
[2025-01-28T12:55:55.618+0530] {processor.py:914} INFO - Processing file /home/verma-tv/.local/lib/python3.11/site-packages/airflow/example_dags/example_branch_operator_decorator.py for tasks to queue
[2025-01-28T12:55:55.620+0530] {logging_mixin.py:190} INFO - [2025-01-28T12:55:55.620+0530] {dagbag.py:588} INFO - Filling up the DagBag from /home/verma-tv/.local/lib/python3.11/site-packages/airflow/example_dags/example_branch_operator_decorator.py
[2025-01-28T12:55:55.640+0530] {processor.py:925} INFO - DAG(s) 'example_branch_python_operator_decorator' retrieved from /home/verma-tv/.local/lib/python3.11/site-packages/airflow/example_dags/example_branch_operator_decorator.py
[2025-01-28T12:55:55.656+0530] {logging_mixin.py:190} INFO - [2025-01-28T12:55:55.656+0530] {dag.py:3239} INFO - Sync 1 DAGs
[2025-01-28T12:55:55.670+0530] {logging_mixin.py:190} INFO - [2025-01-28T12:55:55.670+0530] {dag.py:4180} INFO - Setting next_dagrun for example_branch_python_operator_decorator to 2025-01-27 00:00:00+00:00, run_after=2025-01-28 00:00:00+00:00
[2025-01-28T12:55:55.685+0530] {processor.py:208} INFO - Processing /home/verma-tv/.local/lib/python3.11/site-packages/airflow/example_dags/example_branch_operator_decorator.py took 0.085 seconds
[2025-01-28T12:57:12.840+0530] {processor.py:186} INFO - Started process (PID=40839) to work on /home/verma-tv/.local/lib/python3.11/site-packages/airflow/example_dags/example_branch_operator_decorator.py
[2025-01-28T12:57:12.852+0530] {processor.py:914} INFO - Processing file /home/verma-tv/.local/lib/python3.11/site-packages/airflow/example_dags/example_branch_operator_decorator.py for tasks to queue
[2025-01-28T12:57:12.854+0530] {logging_mixin.py:190} INFO - [2025-01-28T12:57:12.854+0530] {dagbag.py:588} INFO - Filling up the DagBag from /home/verma-tv/.local/lib/python3.11/site-packages/airflow/example_dags/example_branch_operator_decorator.py
[2025-01-28T12:57:12.875+0530] {processor.py:925} INFO - DAG(s) 'example_branch_python_operator_decorator' retrieved from /home/verma-tv/.local/lib/python3.11/site-packages/airflow/example_dags/example_branch_operator_decorator.py
[2025-01-28T12:57:12.891+0530] {logging_mixin.py:190} INFO - [2025-01-28T12:57:12.890+0530] {dag.py:3239} INFO - Sync 1 DAGs
[2025-01-28T12:57:12.904+0530] {logging_mixin.py:190} INFO - [2025-01-28T12:57:12.904+0530] {dag.py:4180} INFO - Setting next_dagrun for example_branch_python_operator_decorator to 2025-01-27 00:00:00+00:00, run_after=2025-01-28 00:00:00+00:00
[2025-01-28T12:57:12.919+0530] {processor.py:208} INFO - Processing /home/verma-tv/.local/lib/python3.11/site-packages/airflow/example_dags/example_branch_operator_decorator.py took 0.084 seconds
[2025-01-28T12:58:24.846+0530] {processor.py:186} INFO - Started process (PID=41149) to work on /home/verma-tv/.local/lib/python3.11/site-packages/airflow/example_dags/example_branch_operator_decorator.py
[2025-01-28T12:58:24.858+0530] {processor.py:914} INFO - Processing file /home/verma-tv/.local/lib/python3.11/site-packages/airflow/example_dags/example_branch_operator_decorator.py for tasks to queue
[2025-01-28T12:58:24.860+0530] {logging_mixin.py:190} INFO - [2025-01-28T12:58:24.860+0530] {dagbag.py:588} INFO - Filling up the DagBag from /home/verma-tv/.local/lib/python3.11/site-packages/airflow/example_dags/example_branch_operator_decorator.py
[2025-01-28T12:58:24.881+0530] {processor.py:925} INFO - DAG(s) 'example_branch_python_operator_decorator' retrieved from /home/verma-tv/.local/lib/python3.11/site-packages/airflow/example_dags/example_branch_operator_decorator.py
[2025-01-28T12:58:24.899+0530] {logging_mixin.py:190} INFO - [2025-01-28T12:58:24.898+0530] {dag.py:3239} INFO - Sync 1 DAGs
[2025-01-28T12:58:24.915+0530] {logging_mixin.py:190} INFO - [2025-01-28T12:58:24.915+0530] {dag.py:4180} INFO - Setting next_dagrun for example_branch_python_operator_decorator to 2025-01-27 00:00:00+00:00, run_after=2025-01-28 00:00:00+00:00
[2025-01-28T12:58:24.929+0530] {processor.py:208} INFO - Processing /home/verma-tv/.local/lib/python3.11/site-packages/airflow/example_dags/example_branch_operator_decorator.py took 0.087 seconds
