[2025-01-28T11:39:41.263+0530] {processor.py:186} INFO - Started process (PID=17135) to work on /home/verma-tv/.local/lib/python3.11/site-packages/airflow/example_dags/example_latest_only_with_trigger.py
[2025-01-28T11:39:41.263+0530] {processor.py:914} INFO - Processing file /home/verma-tv/.local/lib/python3.11/site-packages/airflow/example_dags/example_latest_only_with_trigger.py for tasks to queue
[2025-01-28T11:39:41.265+0530] {logging_mixin.py:190} INFO - [2025-01-28T11:39:41.265+0530] {dagbag.py:588} INFO - Filling up the DagBag from /home/verma-tv/.local/lib/python3.11/site-packages/airflow/example_dags/example_latest_only_with_trigger.py
[2025-01-28T11:39:41.271+0530] {processor.py:925} INFO - DAG(s) 'latest_only_with_trigger' retrieved from /home/verma-tv/.local/lib/python3.11/site-packages/airflow/example_dags/example_latest_only_with_trigger.py
[2025-01-28T11:39:41.366+0530] {logging_mixin.py:190} INFO - [2025-01-28T11:39:41.366+0530] {override.py:1912} INFO - Created Permission View: can read on DAG:latest_only_with_trigger
[2025-01-28T11:39:41.374+0530] {logging_mixin.py:190} INFO - [2025-01-28T11:39:41.374+0530] {override.py:1912} INFO - Created Permission View: can edit on DAG:latest_only_with_trigger
[2025-01-28T11:39:41.381+0530] {logging_mixin.py:190} INFO - [2025-01-28T11:39:41.380+0530] {override.py:1912} INFO - Created Permission View: can delete on DAG:latest_only_with_trigger
[2025-01-28T11:39:41.389+0530] {logging_mixin.py:190} INFO - [2025-01-28T11:39:41.389+0530] {override.py:1912} INFO - Created Permission View: can read on DAG Run:latest_only_with_trigger
[2025-01-28T11:39:41.394+0530] {logging_mixin.py:190} INFO - [2025-01-28T11:39:41.394+0530] {override.py:1912} INFO - Created Permission View: can delete on DAG Run:latest_only_with_trigger
[2025-01-28T11:39:41.401+0530] {logging_mixin.py:190} INFO - [2025-01-28T11:39:41.401+0530] {override.py:1912} INFO - Created Permission View: menu access on DAG Run:latest_only_with_trigger
[2025-01-28T11:39:41.406+0530] {logging_mixin.py:190} INFO - [2025-01-28T11:39:41.406+0530] {override.py:1912} INFO - Created Permission View: can create on DAG Run:latest_only_with_trigger
[2025-01-28T11:39:41.406+0530] {logging_mixin.py:190} INFO - [2025-01-28T11:39:41.406+0530] {dag.py:3239} INFO - Sync 1 DAGs
[2025-01-28T11:39:41.414+0530] {logging_mixin.py:190} INFO - [2025-01-28T11:39:41.414+0530] {dag.py:3262} INFO - Creating ORM DAG for latest_only_with_trigger
[2025-01-28T11:39:41.420+0530] {logging_mixin.py:190} INFO - [2025-01-28T11:39:41.420+0530] {dag.py:4180} INFO - Setting next_dagrun for latest_only_with_trigger to 2025-01-28 00:00:00+00:00, run_after=2025-01-28 04:00:00+00:00
[2025-01-28T11:39:41.433+0530] {processor.py:208} INFO - Processing /home/verma-tv/.local/lib/python3.11/site-packages/airflow/example_dags/example_latest_only_with_trigger.py took 0.175 seconds
[2025-01-28T11:40:41.177+0530] {processor.py:186} INFO - Started process (PID=17327) to work on /home/verma-tv/.local/lib/python3.11/site-packages/airflow/example_dags/example_latest_only_with_trigger.py
[2025-01-28T11:40:41.178+0530] {processor.py:914} INFO - Processing file /home/verma-tv/.local/lib/python3.11/site-packages/airflow/example_dags/example_latest_only_with_trigger.py for tasks to queue
[2025-01-28T11:40:41.180+0530] {logging_mixin.py:190} INFO - [2025-01-28T11:40:41.180+0530] {dagbag.py:588} INFO - Filling up the DagBag from /home/verma-tv/.local/lib/python3.11/site-packages/airflow/example_dags/example_latest_only_with_trigger.py
[2025-01-28T11:40:41.187+0530] {processor.py:925} INFO - DAG(s) 'latest_only_with_trigger' retrieved from /home/verma-tv/.local/lib/python3.11/site-packages/airflow/example_dags/example_latest_only_with_trigger.py
[2025-01-28T11:40:41.198+0530] {logging_mixin.py:190} INFO - [2025-01-28T11:40:41.198+0530] {dag.py:3239} INFO - Sync 1 DAGs
[2025-01-28T11:40:41.212+0530] {logging_mixin.py:190} INFO - [2025-01-28T11:40:41.212+0530] {dag.py:4180} INFO - Setting next_dagrun for latest_only_with_trigger to 2025-01-28 00:00:00+00:00, run_after=2025-01-28 04:00:00+00:00
[2025-01-28T11:40:41.226+0530] {processor.py:208} INFO - Processing /home/verma-tv/.local/lib/python3.11/site-packages/airflow/example_dags/example_latest_only_with_trigger.py took 0.053 seconds
[2025-01-28T11:41:35.435+0530] {processor.py:186} INFO - Started process (PID=17493) to work on /home/verma-tv/.local/lib/python3.11/site-packages/airflow/example_dags/example_latest_only_with_trigger.py
[2025-01-28T11:41:35.436+0530] {processor.py:914} INFO - Processing file /home/verma-tv/.local/lib/python3.11/site-packages/airflow/example_dags/example_latest_only_with_trigger.py for tasks to queue
[2025-01-28T11:41:35.438+0530] {logging_mixin.py:190} INFO - [2025-01-28T11:41:35.438+0530] {dagbag.py:588} INFO - Filling up the DagBag from /home/verma-tv/.local/lib/python3.11/site-packages/airflow/example_dags/example_latest_only_with_trigger.py
[2025-01-28T11:41:35.444+0530] {processor.py:925} INFO - DAG(s) 'latest_only_with_trigger' retrieved from /home/verma-tv/.local/lib/python3.11/site-packages/airflow/example_dags/example_latest_only_with_trigger.py
[2025-01-28T11:41:35.456+0530] {logging_mixin.py:190} INFO - [2025-01-28T11:41:35.456+0530] {dag.py:3239} INFO - Sync 1 DAGs
[2025-01-28T11:41:35.469+0530] {logging_mixin.py:190} INFO - [2025-01-28T11:41:35.469+0530] {dag.py:4180} INFO - Setting next_dagrun for latest_only_with_trigger to 2025-01-28 00:00:00+00:00, run_after=2025-01-28 04:00:00+00:00
[2025-01-28T11:41:35.483+0530] {processor.py:208} INFO - Processing /home/verma-tv/.local/lib/python3.11/site-packages/airflow/example_dags/example_latest_only_with_trigger.py took 0.053 seconds
[2025-01-28T11:42:31.861+0530] {processor.py:186} INFO - Started process (PID=17688) to work on /home/verma-tv/.local/lib/python3.11/site-packages/airflow/example_dags/example_latest_only_with_trigger.py
[2025-01-28T11:42:31.873+0530] {processor.py:914} INFO - Processing file /home/verma-tv/.local/lib/python3.11/site-packages/airflow/example_dags/example_latest_only_with_trigger.py for tasks to queue
[2025-01-28T11:42:31.875+0530] {logging_mixin.py:190} INFO - [2025-01-28T11:42:31.875+0530] {dagbag.py:588} INFO - Filling up the DagBag from /home/verma-tv/.local/lib/python3.11/site-packages/airflow/example_dags/example_latest_only_with_trigger.py
[2025-01-28T11:42:31.883+0530] {processor.py:925} INFO - DAG(s) 'latest_only_with_trigger' retrieved from /home/verma-tv/.local/lib/python3.11/site-packages/airflow/example_dags/example_latest_only_with_trigger.py
[2025-01-28T11:42:31.895+0530] {logging_mixin.py:190} INFO - [2025-01-28T11:42:31.895+0530] {dag.py:3239} INFO - Sync 1 DAGs
[2025-01-28T11:42:31.908+0530] {logging_mixin.py:190} INFO - [2025-01-28T11:42:31.908+0530] {dag.py:4180} INFO - Setting next_dagrun for latest_only_with_trigger to 2025-01-28 00:00:00+00:00, run_after=2025-01-28 04:00:00+00:00
[2025-01-28T11:42:31.924+0530] {processor.py:208} INFO - Processing /home/verma-tv/.local/lib/python3.11/site-packages/airflow/example_dags/example_latest_only_with_trigger.py took 0.068 seconds
[2025-01-28T11:43:23.269+0530] {processor.py:186} INFO - Started process (PID=17847) to work on /home/verma-tv/.local/lib/python3.11/site-packages/airflow/example_dags/example_latest_only_with_trigger.py
[2025-01-28T11:43:23.281+0530] {processor.py:914} INFO - Processing file /home/verma-tv/.local/lib/python3.11/site-packages/airflow/example_dags/example_latest_only_with_trigger.py for tasks to queue
[2025-01-28T11:43:23.284+0530] {logging_mixin.py:190} INFO - [2025-01-28T11:43:23.284+0530] {dagbag.py:588} INFO - Filling up the DagBag from /home/verma-tv/.local/lib/python3.11/site-packages/airflow/example_dags/example_latest_only_with_trigger.py
[2025-01-28T11:43:23.290+0530] {processor.py:925} INFO - DAG(s) 'latest_only_with_trigger' retrieved from /home/verma-tv/.local/lib/python3.11/site-packages/airflow/example_dags/example_latest_only_with_trigger.py
[2025-01-28T11:43:23.302+0530] {logging_mixin.py:190} INFO - [2025-01-28T11:43:23.302+0530] {dag.py:3239} INFO - Sync 1 DAGs
[2025-01-28T11:43:23.316+0530] {logging_mixin.py:190} INFO - [2025-01-28T11:43:23.316+0530] {dag.py:4180} INFO - Setting next_dagrun for latest_only_with_trigger to 2025-01-28 00:00:00+00:00, run_after=2025-01-28 04:00:00+00:00
[2025-01-28T11:43:23.330+0530] {processor.py:208} INFO - Processing /home/verma-tv/.local/lib/python3.11/site-packages/airflow/example_dags/example_latest_only_with_trigger.py took 0.065 seconds
[2025-01-28T11:44:13.277+0530] {processor.py:186} INFO - Started process (PID=18004) to work on /home/verma-tv/.local/lib/python3.11/site-packages/airflow/example_dags/example_latest_only_with_trigger.py
[2025-01-28T11:44:13.289+0530] {processor.py:914} INFO - Processing file /home/verma-tv/.local/lib/python3.11/site-packages/airflow/example_dags/example_latest_only_with_trigger.py for tasks to queue
[2025-01-28T11:44:13.292+0530] {logging_mixin.py:190} INFO - [2025-01-28T11:44:13.292+0530] {dagbag.py:588} INFO - Filling up the DagBag from /home/verma-tv/.local/lib/python3.11/site-packages/airflow/example_dags/example_latest_only_with_trigger.py
[2025-01-28T11:44:13.298+0530] {processor.py:925} INFO - DAG(s) 'latest_only_with_trigger' retrieved from /home/verma-tv/.local/lib/python3.11/site-packages/airflow/example_dags/example_latest_only_with_trigger.py
[2025-01-28T11:44:13.310+0530] {logging_mixin.py:190} INFO - [2025-01-28T11:44:13.309+0530] {dag.py:3239} INFO - Sync 1 DAGs
[2025-01-28T11:44:13.323+0530] {logging_mixin.py:190} INFO - [2025-01-28T11:44:13.323+0530] {dag.py:4180} INFO - Setting next_dagrun for latest_only_with_trigger to 2025-01-28 00:00:00+00:00, run_after=2025-01-28 04:00:00+00:00
[2025-01-28T11:44:13.337+0530] {processor.py:208} INFO - Processing /home/verma-tv/.local/lib/python3.11/site-packages/airflow/example_dags/example_latest_only_with_trigger.py took 0.064 seconds
[2025-01-28T11:45:03.370+0530] {processor.py:186} INFO - Started process (PID=18182) to work on /home/verma-tv/.local/lib/python3.11/site-packages/airflow/example_dags/example_latest_only_with_trigger.py
[2025-01-28T11:45:03.382+0530] {processor.py:914} INFO - Processing file /home/verma-tv/.local/lib/python3.11/site-packages/airflow/example_dags/example_latest_only_with_trigger.py for tasks to queue
[2025-01-28T11:45:03.384+0530] {logging_mixin.py:190} INFO - [2025-01-28T11:45:03.384+0530] {dagbag.py:588} INFO - Filling up the DagBag from /home/verma-tv/.local/lib/python3.11/site-packages/airflow/example_dags/example_latest_only_with_trigger.py
[2025-01-28T11:45:03.395+0530] {processor.py:925} INFO - DAG(s) 'latest_only_with_trigger' retrieved from /home/verma-tv/.local/lib/python3.11/site-packages/airflow/example_dags/example_latest_only_with_trigger.py
[2025-01-28T11:45:03.409+0530] {logging_mixin.py:190} INFO - [2025-01-28T11:45:03.408+0530] {dag.py:3239} INFO - Sync 1 DAGs
[2025-01-28T11:45:03.426+0530] {logging_mixin.py:190} INFO - [2025-01-28T11:45:03.426+0530] {dag.py:4180} INFO - Setting next_dagrun for latest_only_with_trigger to 2025-01-28 00:00:00+00:00, run_after=2025-01-28 04:00:00+00:00
[2025-01-28T11:45:03.444+0530] {processor.py:208} INFO - Processing /home/verma-tv/.local/lib/python3.11/site-packages/airflow/example_dags/example_latest_only_with_trigger.py took 0.080 seconds
[2025-01-28T11:45:59.753+0530] {processor.py:186} INFO - Started process (PID=18359) to work on /home/verma-tv/.local/lib/python3.11/site-packages/airflow/example_dags/example_latest_only_with_trigger.py
[2025-01-28T11:45:59.766+0530] {processor.py:914} INFO - Processing file /home/verma-tv/.local/lib/python3.11/site-packages/airflow/example_dags/example_latest_only_with_trigger.py for tasks to queue
[2025-01-28T11:45:59.768+0530] {logging_mixin.py:190} INFO - [2025-01-28T11:45:59.768+0530] {dagbag.py:588} INFO - Filling up the DagBag from /home/verma-tv/.local/lib/python3.11/site-packages/airflow/example_dags/example_latest_only_with_trigger.py
[2025-01-28T11:45:59.776+0530] {processor.py:925} INFO - DAG(s) 'latest_only_with_trigger' retrieved from /home/verma-tv/.local/lib/python3.11/site-packages/airflow/example_dags/example_latest_only_with_trigger.py
[2025-01-28T11:45:59.788+0530] {logging_mixin.py:190} INFO - [2025-01-28T11:45:59.788+0530] {dag.py:3239} INFO - Sync 1 DAGs
[2025-01-28T11:45:59.806+0530] {logging_mixin.py:190} INFO - [2025-01-28T11:45:59.806+0530] {dag.py:4180} INFO - Setting next_dagrun for latest_only_with_trigger to 2025-01-28 00:00:00+00:00, run_after=2025-01-28 04:00:00+00:00
[2025-01-28T11:45:59.824+0530] {processor.py:208} INFO - Processing /home/verma-tv/.local/lib/python3.11/site-packages/airflow/example_dags/example_latest_only_with_trigger.py took 0.076 seconds
[2025-01-28T11:46:52.840+0530] {processor.py:186} INFO - Started process (PID=18567) to work on /home/verma-tv/.local/lib/python3.11/site-packages/airflow/example_dags/example_latest_only_with_trigger.py
[2025-01-28T11:46:52.852+0530] {processor.py:914} INFO - Processing file /home/verma-tv/.local/lib/python3.11/site-packages/airflow/example_dags/example_latest_only_with_trigger.py for tasks to queue
[2025-01-28T11:46:52.855+0530] {logging_mixin.py:190} INFO - [2025-01-28T11:46:52.855+0530] {dagbag.py:588} INFO - Filling up the DagBag from /home/verma-tv/.local/lib/python3.11/site-packages/airflow/example_dags/example_latest_only_with_trigger.py
[2025-01-28T11:46:52.862+0530] {processor.py:925} INFO - DAG(s) 'latest_only_with_trigger' retrieved from /home/verma-tv/.local/lib/python3.11/site-packages/airflow/example_dags/example_latest_only_with_trigger.py
[2025-01-28T11:46:52.874+0530] {logging_mixin.py:190} INFO - [2025-01-28T11:46:52.874+0530] {dag.py:3239} INFO - Sync 1 DAGs
[2025-01-28T11:46:52.888+0530] {logging_mixin.py:190} INFO - [2025-01-28T11:46:52.888+0530] {dag.py:4180} INFO - Setting next_dagrun for latest_only_with_trigger to 2025-01-28 00:00:00+00:00, run_after=2025-01-28 04:00:00+00:00
[2025-01-28T11:46:52.902+0530] {processor.py:208} INFO - Processing /home/verma-tv/.local/lib/python3.11/site-packages/airflow/example_dags/example_latest_only_with_trigger.py took 0.066 seconds
[2025-01-28T11:47:43.551+0530] {processor.py:186} INFO - Started process (PID=18910) to work on /home/verma-tv/.local/lib/python3.11/site-packages/airflow/example_dags/example_latest_only_with_trigger.py
[2025-01-28T11:47:43.557+0530] {processor.py:914} INFO - Processing file /home/verma-tv/.local/lib/python3.11/site-packages/airflow/example_dags/example_latest_only_with_trigger.py for tasks to queue
[2025-01-28T11:47:43.560+0530] {logging_mixin.py:190} INFO - [2025-01-28T11:47:43.559+0530] {dagbag.py:588} INFO - Filling up the DagBag from /home/verma-tv/.local/lib/python3.11/site-packages/airflow/example_dags/example_latest_only_with_trigger.py
[2025-01-28T11:47:43.566+0530] {processor.py:925} INFO - DAG(s) 'latest_only_with_trigger' retrieved from /home/verma-tv/.local/lib/python3.11/site-packages/airflow/example_dags/example_latest_only_with_trigger.py
[2025-01-28T11:47:43.578+0530] {logging_mixin.py:190} INFO - [2025-01-28T11:47:43.578+0530] {dag.py:3239} INFO - Sync 1 DAGs
[2025-01-28T11:47:43.591+0530] {logging_mixin.py:190} INFO - [2025-01-28T11:47:43.591+0530] {dag.py:4180} INFO - Setting next_dagrun for latest_only_with_trigger to 2025-01-28 00:00:00+00:00, run_after=2025-01-28 04:00:00+00:00
[2025-01-28T11:47:43.615+0530] {processor.py:208} INFO - Processing /home/verma-tv/.local/lib/python3.11/site-packages/airflow/example_dags/example_latest_only_with_trigger.py took 0.068 seconds
[2025-01-28T11:48:37.046+0530] {processor.py:186} INFO - Started process (PID=19131) to work on /home/verma-tv/.local/lib/python3.11/site-packages/airflow/example_dags/example_latest_only_with_trigger.py
[2025-01-28T11:48:37.059+0530] {processor.py:914} INFO - Processing file /home/verma-tv/.local/lib/python3.11/site-packages/airflow/example_dags/example_latest_only_with_trigger.py for tasks to queue
[2025-01-28T11:48:37.061+0530] {logging_mixin.py:190} INFO - [2025-01-28T11:48:37.061+0530] {dagbag.py:588} INFO - Filling up the DagBag from /home/verma-tv/.local/lib/python3.11/site-packages/airflow/example_dags/example_latest_only_with_trigger.py
[2025-01-28T11:48:37.067+0530] {processor.py:925} INFO - DAG(s) 'latest_only_with_trigger' retrieved from /home/verma-tv/.local/lib/python3.11/site-packages/airflow/example_dags/example_latest_only_with_trigger.py
[2025-01-28T11:48:37.079+0530] {logging_mixin.py:190} INFO - [2025-01-28T11:48:37.079+0530] {dag.py:3239} INFO - Sync 1 DAGs
[2025-01-28T11:48:37.094+0530] {logging_mixin.py:190} INFO - [2025-01-28T11:48:37.093+0530] {dag.py:4180} INFO - Setting next_dagrun for latest_only_with_trigger to 2025-01-28 00:00:00+00:00, run_after=2025-01-28 04:00:00+00:00
[2025-01-28T11:48:37.108+0530] {processor.py:208} INFO - Processing /home/verma-tv/.local/lib/python3.11/site-packages/airflow/example_dags/example_latest_only_with_trigger.py took 0.066 seconds
[2025-01-28T11:49:28.551+0530] {processor.py:186} INFO - Started process (PID=19447) to work on /home/verma-tv/.local/lib/python3.11/site-packages/airflow/example_dags/example_latest_only_with_trigger.py
[2025-01-28T11:49:28.559+0530] {processor.py:914} INFO - Processing file /home/verma-tv/.local/lib/python3.11/site-packages/airflow/example_dags/example_latest_only_with_trigger.py for tasks to queue
[2025-01-28T11:49:28.562+0530] {logging_mixin.py:190} INFO - [2025-01-28T11:49:28.562+0530] {dagbag.py:588} INFO - Filling up the DagBag from /home/verma-tv/.local/lib/python3.11/site-packages/airflow/example_dags/example_latest_only_with_trigger.py
[2025-01-28T11:49:28.569+0530] {processor.py:925} INFO - DAG(s) 'latest_only_with_trigger' retrieved from /home/verma-tv/.local/lib/python3.11/site-packages/airflow/example_dags/example_latest_only_with_trigger.py
[2025-01-28T11:49:28.581+0530] {logging_mixin.py:190} INFO - [2025-01-28T11:49:28.581+0530] {dag.py:3239} INFO - Sync 1 DAGs
[2025-01-28T11:49:28.595+0530] {logging_mixin.py:190} INFO - [2025-01-28T11:49:28.594+0530] {dag.py:4180} INFO - Setting next_dagrun for latest_only_with_trigger to 2025-01-28 00:00:00+00:00, run_after=2025-01-28 04:00:00+00:00
[2025-01-28T11:49:28.609+0530] {processor.py:208} INFO - Processing /home/verma-tv/.local/lib/python3.11/site-packages/airflow/example_dags/example_latest_only_with_trigger.py took 0.063 seconds
[2025-01-28T11:50:15.628+0530] {processor.py:186} INFO - Started process (PID=19761) to work on /home/verma-tv/.local/lib/python3.11/site-packages/airflow/example_dags/example_latest_only_with_trigger.py
[2025-01-28T11:50:15.640+0530] {processor.py:914} INFO - Processing file /home/verma-tv/.local/lib/python3.11/site-packages/airflow/example_dags/example_latest_only_with_trigger.py for tasks to queue
[2025-01-28T11:50:15.643+0530] {logging_mixin.py:190} INFO - [2025-01-28T11:50:15.642+0530] {dagbag.py:588} INFO - Filling up the DagBag from /home/verma-tv/.local/lib/python3.11/site-packages/airflow/example_dags/example_latest_only_with_trigger.py
[2025-01-28T11:50:15.649+0530] {processor.py:925} INFO - DAG(s) 'latest_only_with_trigger' retrieved from /home/verma-tv/.local/lib/python3.11/site-packages/airflow/example_dags/example_latest_only_with_trigger.py
[2025-01-28T11:50:15.661+0530] {logging_mixin.py:190} INFO - [2025-01-28T11:50:15.660+0530] {dag.py:3239} INFO - Sync 1 DAGs
[2025-01-28T11:50:15.674+0530] {logging_mixin.py:190} INFO - [2025-01-28T11:50:15.674+0530] {dag.py:4180} INFO - Setting next_dagrun for latest_only_with_trigger to 2025-01-28 00:00:00+00:00, run_after=2025-01-28 04:00:00+00:00
[2025-01-28T11:50:15.687+0530] {processor.py:208} INFO - Processing /home/verma-tv/.local/lib/python3.11/site-packages/airflow/example_dags/example_latest_only_with_trigger.py took 0.064 seconds
[2025-01-28T11:51:07.570+0530] {processor.py:186} INFO - Started process (PID=19860) to work on /home/verma-tv/.local/lib/python3.11/site-packages/airflow/example_dags/example_latest_only_with_trigger.py
[2025-01-28T11:51:07.582+0530] {processor.py:914} INFO - Processing file /home/verma-tv/.local/lib/python3.11/site-packages/airflow/example_dags/example_latest_only_with_trigger.py for tasks to queue
[2025-01-28T11:51:07.585+0530] {logging_mixin.py:190} INFO - [2025-01-28T11:51:07.584+0530] {dagbag.py:588} INFO - Filling up the DagBag from /home/verma-tv/.local/lib/python3.11/site-packages/airflow/example_dags/example_latest_only_with_trigger.py
[2025-01-28T11:51:07.591+0530] {processor.py:925} INFO - DAG(s) 'latest_only_with_trigger' retrieved from /home/verma-tv/.local/lib/python3.11/site-packages/airflow/example_dags/example_latest_only_with_trigger.py
[2025-01-28T11:51:07.603+0530] {logging_mixin.py:190} INFO - [2025-01-28T11:51:07.603+0530] {dag.py:3239} INFO - Sync 1 DAGs
[2025-01-28T11:51:07.616+0530] {logging_mixin.py:190} INFO - [2025-01-28T11:51:07.616+0530] {dag.py:4180} INFO - Setting next_dagrun for latest_only_with_trigger to 2025-01-28 00:00:00+00:00, run_after=2025-01-28 04:00:00+00:00
[2025-01-28T11:51:07.630+0530] {processor.py:208} INFO - Processing /home/verma-tv/.local/lib/python3.11/site-packages/airflow/example_dags/example_latest_only_with_trigger.py took 0.065 seconds
[2025-01-28T11:51:58.494+0530] {processor.py:186} INFO - Started process (PID=20304) to work on /home/verma-tv/.local/lib/python3.11/site-packages/airflow/example_dags/example_latest_only_with_trigger.py
[2025-01-28T11:51:58.494+0530] {processor.py:914} INFO - Processing file /home/verma-tv/.local/lib/python3.11/site-packages/airflow/example_dags/example_latest_only_with_trigger.py for tasks to queue
[2025-01-28T11:51:58.496+0530] {logging_mixin.py:190} INFO - [2025-01-28T11:51:58.496+0530] {dagbag.py:588} INFO - Filling up the DagBag from /home/verma-tv/.local/lib/python3.11/site-packages/airflow/example_dags/example_latest_only_with_trigger.py
[2025-01-28T11:51:58.503+0530] {processor.py:925} INFO - DAG(s) 'latest_only_with_trigger' retrieved from /home/verma-tv/.local/lib/python3.11/site-packages/airflow/example_dags/example_latest_only_with_trigger.py
[2025-01-28T11:51:58.514+0530] {logging_mixin.py:190} INFO - [2025-01-28T11:51:58.514+0530] {dag.py:3239} INFO - Sync 1 DAGs
[2025-01-28T11:51:58.528+0530] {logging_mixin.py:190} INFO - [2025-01-28T11:51:58.527+0530] {dag.py:4180} INFO - Setting next_dagrun for latest_only_with_trigger to 2025-01-28 00:00:00+00:00, run_after=2025-01-28 04:00:00+00:00
[2025-01-28T11:51:58.541+0530] {processor.py:208} INFO - Processing /home/verma-tv/.local/lib/python3.11/site-packages/airflow/example_dags/example_latest_only_with_trigger.py took 0.052 seconds
