[2025-01-28T11:39:54.755+0530] {processor.py:186} INFO - Started process (PID=17160) to work on /home/verma-tv/.local/lib/python3.11/site-packages/airflow/example_dags/example_kubernetes_executor.py
[2025-01-28T11:39:54.755+0530] {processor.py:914} INFO - Processing file /home/verma-tv/.local/lib/python3.11/site-packages/airflow/example_dags/example_kubernetes_executor.py for tasks to queue
[2025-01-28T11:39:54.757+0530] {logging_mixin.py:190} INFO - [2025-01-28T11:39:54.757+0530] {dagbag.py:588} INFO - Filling up the DagBag from /home/verma-tv/.local/lib/python3.11/site-packages/airflow/example_dags/example_kubernetes_executor.py
[2025-01-28T11:39:54.760+0530] {logging_mixin.py:190} INFO - [2025-01-28T11:39:54.759+0530] {example_kubernetes_executor.py:39} WARNING - The example_kubernetes_executor example DAG requires the kubernetes provider. Please install it with: pip install apache-airflow[cncf.kubernetes]
[2025-01-28T11:39:54.760+0530] {processor.py:927} WARNING - No viable dags retrieved from /home/verma-tv/.local/lib/python3.11/site-packages/airflow/example_dags/example_kubernetes_executor.py
[2025-01-28T11:39:54.768+0530] {processor.py:208} INFO - Processing /home/verma-tv/.local/lib/python3.11/site-packages/airflow/example_dags/example_kubernetes_executor.py took 0.018 seconds
[2025-01-28T11:40:54.333+0530] {processor.py:186} INFO - Started process (PID=17353) to work on /home/verma-tv/.local/lib/python3.11/site-packages/airflow/example_dags/example_kubernetes_executor.py
[2025-01-28T11:40:54.345+0530] {processor.py:914} INFO - Processing file /home/verma-tv/.local/lib/python3.11/site-packages/airflow/example_dags/example_kubernetes_executor.py for tasks to queue
[2025-01-28T11:40:54.347+0530] {logging_mixin.py:190} INFO - [2025-01-28T11:40:54.347+0530] {dagbag.py:588} INFO - Filling up the DagBag from /home/verma-tv/.local/lib/python3.11/site-packages/airflow/example_dags/example_kubernetes_executor.py
[2025-01-28T11:40:54.350+0530] {logging_mixin.py:190} INFO - [2025-01-28T11:40:54.350+0530] {example_kubernetes_executor.py:39} WARNING - The example_kubernetes_executor example DAG requires the kubernetes provider. Please install it with: pip install apache-airflow[cncf.kubernetes]
[2025-01-28T11:40:54.350+0530] {processor.py:927} WARNING - No viable dags retrieved from /home/verma-tv/.local/lib/python3.11/site-packages/airflow/example_dags/example_kubernetes_executor.py
[2025-01-28T11:40:54.358+0530] {processor.py:208} INFO - Processing /home/verma-tv/.local/lib/python3.11/site-packages/airflow/example_dags/example_kubernetes_executor.py took 0.029 seconds
[2025-01-28T11:41:48.731+0530] {processor.py:186} INFO - Started process (PID=17519) to work on /home/verma-tv/.local/lib/python3.11/site-packages/airflow/example_dags/example_kubernetes_executor.py
[2025-01-28T11:41:48.744+0530] {processor.py:914} INFO - Processing file /home/verma-tv/.local/lib/python3.11/site-packages/airflow/example_dags/example_kubernetes_executor.py for tasks to queue
[2025-01-28T11:41:48.746+0530] {logging_mixin.py:190} INFO - [2025-01-28T11:41:48.746+0530] {dagbag.py:588} INFO - Filling up the DagBag from /home/verma-tv/.local/lib/python3.11/site-packages/airflow/example_dags/example_kubernetes_executor.py
[2025-01-28T11:41:48.748+0530] {logging_mixin.py:190} INFO - [2025-01-28T11:41:48.748+0530] {example_kubernetes_executor.py:39} WARNING - The example_kubernetes_executor example DAG requires the kubernetes provider. Please install it with: pip install apache-airflow[cncf.kubernetes]
[2025-01-28T11:41:48.748+0530] {processor.py:927} WARNING - No viable dags retrieved from /home/verma-tv/.local/lib/python3.11/site-packages/airflow/example_dags/example_kubernetes_executor.py
[2025-01-28T11:41:48.757+0530] {processor.py:208} INFO - Processing /home/verma-tv/.local/lib/python3.11/site-packages/airflow/example_dags/example_kubernetes_executor.py took 0.031 seconds
[2025-01-28T11:42:45.543+0530] {processor.py:186} INFO - Started process (PID=17709) to work on /home/verma-tv/.local/lib/python3.11/site-packages/airflow/example_dags/example_kubernetes_executor.py
[2025-01-28T11:42:45.556+0530] {processor.py:914} INFO - Processing file /home/verma-tv/.local/lib/python3.11/site-packages/airflow/example_dags/example_kubernetes_executor.py for tasks to queue
[2025-01-28T11:42:45.558+0530] {logging_mixin.py:190} INFO - [2025-01-28T11:42:45.557+0530] {dagbag.py:588} INFO - Filling up the DagBag from /home/verma-tv/.local/lib/python3.11/site-packages/airflow/example_dags/example_kubernetes_executor.py
[2025-01-28T11:42:45.560+0530] {logging_mixin.py:190} INFO - [2025-01-28T11:42:45.560+0530] {example_kubernetes_executor.py:39} WARNING - The example_kubernetes_executor example DAG requires the kubernetes provider. Please install it with: pip install apache-airflow[cncf.kubernetes]
[2025-01-28T11:42:45.561+0530] {processor.py:927} WARNING - No viable dags retrieved from /home/verma-tv/.local/lib/python3.11/site-packages/airflow/example_dags/example_kubernetes_executor.py
[2025-01-28T11:42:45.568+0530] {processor.py:208} INFO - Processing /home/verma-tv/.local/lib/python3.11/site-packages/airflow/example_dags/example_kubernetes_executor.py took 0.030 seconds
[2025-01-28T11:43:35.826+0530] {processor.py:186} INFO - Started process (PID=17869) to work on /home/verma-tv/.local/lib/python3.11/site-packages/airflow/example_dags/example_kubernetes_executor.py
[2025-01-28T11:43:35.838+0530] {processor.py:914} INFO - Processing file /home/verma-tv/.local/lib/python3.11/site-packages/airflow/example_dags/example_kubernetes_executor.py for tasks to queue
[2025-01-28T11:43:35.840+0530] {logging_mixin.py:190} INFO - [2025-01-28T11:43:35.840+0530] {dagbag.py:588} INFO - Filling up the DagBag from /home/verma-tv/.local/lib/python3.11/site-packages/airflow/example_dags/example_kubernetes_executor.py
[2025-01-28T11:43:35.842+0530] {logging_mixin.py:190} INFO - [2025-01-28T11:43:35.842+0530] {example_kubernetes_executor.py:39} WARNING - The example_kubernetes_executor example DAG requires the kubernetes provider. Please install it with: pip install apache-airflow[cncf.kubernetes]
[2025-01-28T11:43:35.843+0530] {processor.py:927} WARNING - No viable dags retrieved from /home/verma-tv/.local/lib/python3.11/site-packages/airflow/example_dags/example_kubernetes_executor.py
[2025-01-28T11:43:35.851+0530] {processor.py:208} INFO - Processing /home/verma-tv/.local/lib/python3.11/site-packages/airflow/example_dags/example_kubernetes_executor.py took 0.030 seconds
[2025-01-28T11:44:24.703+0530] {processor.py:186} INFO - Started process (PID=18085) to work on /home/verma-tv/.local/lib/python3.11/site-packages/airflow/example_dags/example_kubernetes_executor.py
[2025-01-28T11:44:24.716+0530] {processor.py:914} INFO - Processing file /home/verma-tv/.local/lib/python3.11/site-packages/airflow/example_dags/example_kubernetes_executor.py for tasks to queue
[2025-01-28T11:44:24.718+0530] {logging_mixin.py:190} INFO - [2025-01-28T11:44:24.718+0530] {dagbag.py:588} INFO - Filling up the DagBag from /home/verma-tv/.local/lib/python3.11/site-packages/airflow/example_dags/example_kubernetes_executor.py
[2025-01-28T11:44:24.720+0530] {logging_mixin.py:190} INFO - [2025-01-28T11:44:24.720+0530] {example_kubernetes_executor.py:39} WARNING - The example_kubernetes_executor example DAG requires the kubernetes provider. Please install it with: pip install apache-airflow[cncf.kubernetes]
[2025-01-28T11:44:24.721+0530] {processor.py:927} WARNING - No viable dags retrieved from /home/verma-tv/.local/lib/python3.11/site-packages/airflow/example_dags/example_kubernetes_executor.py
[2025-01-28T11:44:24.728+0530] {processor.py:208} INFO - Processing /home/verma-tv/.local/lib/python3.11/site-packages/airflow/example_dags/example_kubernetes_executor.py took 0.029 seconds
[2025-01-28T11:45:17.311+0530] {processor.py:186} INFO - Started process (PID=18279) to work on /home/verma-tv/.local/lib/python3.11/site-packages/airflow/example_dags/example_kubernetes_executor.py
[2025-01-28T11:45:17.325+0530] {processor.py:914} INFO - Processing file /home/verma-tv/.local/lib/python3.11/site-packages/airflow/example_dags/example_kubernetes_executor.py for tasks to queue
[2025-01-28T11:45:17.327+0530] {logging_mixin.py:190} INFO - [2025-01-28T11:45:17.327+0530] {dagbag.py:588} INFO - Filling up the DagBag from /home/verma-tv/.local/lib/python3.11/site-packages/airflow/example_dags/example_kubernetes_executor.py
[2025-01-28T11:45:17.329+0530] {logging_mixin.py:190} INFO - [2025-01-28T11:45:17.329+0530] {example_kubernetes_executor.py:39} WARNING - The example_kubernetes_executor example DAG requires the kubernetes provider. Please install it with: pip install apache-airflow[cncf.kubernetes]
[2025-01-28T11:45:17.329+0530] {processor.py:927} WARNING - No viable dags retrieved from /home/verma-tv/.local/lib/python3.11/site-packages/airflow/example_dags/example_kubernetes_executor.py
[2025-01-28T11:45:17.340+0530] {processor.py:208} INFO - Processing /home/verma-tv/.local/lib/python3.11/site-packages/airflow/example_dags/example_kubernetes_executor.py took 0.036 seconds
[2025-01-28T11:46:13.034+0530] {processor.py:186} INFO - Started process (PID=18445) to work on /home/verma-tv/.local/lib/python3.11/site-packages/airflow/example_dags/example_kubernetes_executor.py
[2025-01-28T11:46:13.046+0530] {processor.py:914} INFO - Processing file /home/verma-tv/.local/lib/python3.11/site-packages/airflow/example_dags/example_kubernetes_executor.py for tasks to queue
[2025-01-28T11:46:13.049+0530] {logging_mixin.py:190} INFO - [2025-01-28T11:46:13.049+0530] {dagbag.py:588} INFO - Filling up the DagBag from /home/verma-tv/.local/lib/python3.11/site-packages/airflow/example_dags/example_kubernetes_executor.py
[2025-01-28T11:46:13.051+0530] {logging_mixin.py:190} INFO - [2025-01-28T11:46:13.051+0530] {example_kubernetes_executor.py:39} WARNING - The example_kubernetes_executor example DAG requires the kubernetes provider. Please install it with: pip install apache-airflow[cncf.kubernetes]
[2025-01-28T11:46:13.052+0530] {processor.py:927} WARNING - No viable dags retrieved from /home/verma-tv/.local/lib/python3.11/site-packages/airflow/example_dags/example_kubernetes_executor.py
[2025-01-28T11:46:13.066+0530] {processor.py:208} INFO - Processing /home/verma-tv/.local/lib/python3.11/site-packages/airflow/example_dags/example_kubernetes_executor.py took 0.037 seconds
[2025-01-28T11:47:04.333+0530] {processor.py:186} INFO - Started process (PID=18603) to work on /home/verma-tv/.local/lib/python3.11/site-packages/airflow/example_dags/example_kubernetes_executor.py
[2025-01-28T11:47:04.345+0530] {processor.py:914} INFO - Processing file /home/verma-tv/.local/lib/python3.11/site-packages/airflow/example_dags/example_kubernetes_executor.py for tasks to queue
[2025-01-28T11:47:04.348+0530] {logging_mixin.py:190} INFO - [2025-01-28T11:47:04.347+0530] {dagbag.py:588} INFO - Filling up the DagBag from /home/verma-tv/.local/lib/python3.11/site-packages/airflow/example_dags/example_kubernetes_executor.py
[2025-01-28T11:47:04.350+0530] {logging_mixin.py:190} INFO - [2025-01-28T11:47:04.350+0530] {example_kubernetes_executor.py:39} WARNING - The example_kubernetes_executor example DAG requires the kubernetes provider. Please install it with: pip install apache-airflow[cncf.kubernetes]
[2025-01-28T11:47:04.350+0530] {processor.py:927} WARNING - No viable dags retrieved from /home/verma-tv/.local/lib/python3.11/site-packages/airflow/example_dags/example_kubernetes_executor.py
[2025-01-28T11:47:04.358+0530] {processor.py:208} INFO - Processing /home/verma-tv/.local/lib/python3.11/site-packages/airflow/example_dags/example_kubernetes_executor.py took 0.029 seconds
[2025-01-28T11:47:56.979+0530] {processor.py:186} INFO - Started process (PID=18942) to work on /home/verma-tv/.local/lib/python3.11/site-packages/airflow/example_dags/example_kubernetes_executor.py
[2025-01-28T11:47:56.991+0530] {processor.py:914} INFO - Processing file /home/verma-tv/.local/lib/python3.11/site-packages/airflow/example_dags/example_kubernetes_executor.py for tasks to queue
[2025-01-28T11:47:56.993+0530] {logging_mixin.py:190} INFO - [2025-01-28T11:47:56.993+0530] {dagbag.py:588} INFO - Filling up the DagBag from /home/verma-tv/.local/lib/python3.11/site-packages/airflow/example_dags/example_kubernetes_executor.py
[2025-01-28T11:47:56.996+0530] {logging_mixin.py:190} INFO - [2025-01-28T11:47:56.996+0530] {example_kubernetes_executor.py:39} WARNING - The example_kubernetes_executor example DAG requires the kubernetes provider. Please install it with: pip install apache-airflow[cncf.kubernetes]
[2025-01-28T11:47:56.996+0530] {processor.py:927} WARNING - No viable dags retrieved from /home/verma-tv/.local/lib/python3.11/site-packages/airflow/example_dags/example_kubernetes_executor.py
[2025-01-28T11:47:57.004+0530] {processor.py:208} INFO - Processing /home/verma-tv/.local/lib/python3.11/site-packages/airflow/example_dags/example_kubernetes_executor.py took 0.030 seconds
[2025-01-28T11:48:50.187+0530] {processor.py:186} INFO - Started process (PID=19209) to work on /home/verma-tv/.local/lib/python3.11/site-packages/airflow/example_dags/example_kubernetes_executor.py
[2025-01-28T11:48:50.200+0530] {processor.py:914} INFO - Processing file /home/verma-tv/.local/lib/python3.11/site-packages/airflow/example_dags/example_kubernetes_executor.py for tasks to queue
[2025-01-28T11:48:50.202+0530] {logging_mixin.py:190} INFO - [2025-01-28T11:48:50.201+0530] {dagbag.py:588} INFO - Filling up the DagBag from /home/verma-tv/.local/lib/python3.11/site-packages/airflow/example_dags/example_kubernetes_executor.py
[2025-01-28T11:48:50.204+0530] {logging_mixin.py:190} INFO - [2025-01-28T11:48:50.204+0530] {example_kubernetes_executor.py:39} WARNING - The example_kubernetes_executor example DAG requires the kubernetes provider. Please install it with: pip install apache-airflow[cncf.kubernetes]
[2025-01-28T11:48:50.205+0530] {processor.py:927} WARNING - No viable dags retrieved from /home/verma-tv/.local/lib/python3.11/site-packages/airflow/example_dags/example_kubernetes_executor.py
[2025-01-28T11:48:50.213+0530] {processor.py:208} INFO - Processing /home/verma-tv/.local/lib/python3.11/site-packages/airflow/example_dags/example_kubernetes_executor.py took 0.032 seconds
[2025-01-28T11:49:41.102+0530] {processor.py:186} INFO - Started process (PID=19521) to work on /home/verma-tv/.local/lib/python3.11/site-packages/airflow/example_dags/example_kubernetes_executor.py
[2025-01-28T11:49:41.114+0530] {processor.py:914} INFO - Processing file /home/verma-tv/.local/lib/python3.11/site-packages/airflow/example_dags/example_kubernetes_executor.py for tasks to queue
[2025-01-28T11:49:41.116+0530] {logging_mixin.py:190} INFO - [2025-01-28T11:49:41.116+0530] {dagbag.py:588} INFO - Filling up the DagBag from /home/verma-tv/.local/lib/python3.11/site-packages/airflow/example_dags/example_kubernetes_executor.py
[2025-01-28T11:49:41.118+0530] {logging_mixin.py:190} INFO - [2025-01-28T11:49:41.118+0530] {example_kubernetes_executor.py:39} WARNING - The example_kubernetes_executor example DAG requires the kubernetes provider. Please install it with: pip install apache-airflow[cncf.kubernetes]
[2025-01-28T11:49:41.118+0530] {processor.py:927} WARNING - No viable dags retrieved from /home/verma-tv/.local/lib/python3.11/site-packages/airflow/example_dags/example_kubernetes_executor.py
[2025-01-28T11:49:41.127+0530] {processor.py:208} INFO - Processing /home/verma-tv/.local/lib/python3.11/site-packages/airflow/example_dags/example_kubernetes_executor.py took 0.030 seconds
[2025-01-28T11:50:29.113+0530] {processor.py:186} INFO - Started process (PID=19787) to work on /home/verma-tv/.local/lib/python3.11/site-packages/airflow/example_dags/example_kubernetes_executor.py
[2025-01-28T11:50:29.125+0530] {processor.py:914} INFO - Processing file /home/verma-tv/.local/lib/python3.11/site-packages/airflow/example_dags/example_kubernetes_executor.py for tasks to queue
[2025-01-28T11:50:29.127+0530] {logging_mixin.py:190} INFO - [2025-01-28T11:50:29.126+0530] {dagbag.py:588} INFO - Filling up the DagBag from /home/verma-tv/.local/lib/python3.11/site-packages/airflow/example_dags/example_kubernetes_executor.py
[2025-01-28T11:50:29.129+0530] {logging_mixin.py:190} INFO - [2025-01-28T11:50:29.129+0530] {example_kubernetes_executor.py:39} WARNING - The example_kubernetes_executor example DAG requires the kubernetes provider. Please install it with: pip install apache-airflow[cncf.kubernetes]
[2025-01-28T11:50:29.130+0530] {processor.py:927} WARNING - No viable dags retrieved from /home/verma-tv/.local/lib/python3.11/site-packages/airflow/example_dags/example_kubernetes_executor.py
[2025-01-28T11:50:29.139+0530] {processor.py:208} INFO - Processing /home/verma-tv/.local/lib/python3.11/site-packages/airflow/example_dags/example_kubernetes_executor.py took 0.031 seconds
[2025-01-28T11:51:19.171+0530] {processor.py:186} INFO - Started process (PID=19961) to work on /home/verma-tv/.local/lib/python3.11/site-packages/airflow/example_dags/example_kubernetes_executor.py
[2025-01-28T11:51:19.183+0530] {processor.py:914} INFO - Processing file /home/verma-tv/.local/lib/python3.11/site-packages/airflow/example_dags/example_kubernetes_executor.py for tasks to queue
[2025-01-28T11:51:19.186+0530] {logging_mixin.py:190} INFO - [2025-01-28T11:51:19.186+0530] {dagbag.py:588} INFO - Filling up the DagBag from /home/verma-tv/.local/lib/python3.11/site-packages/airflow/example_dags/example_kubernetes_executor.py
[2025-01-28T11:51:19.188+0530] {logging_mixin.py:190} INFO - [2025-01-28T11:51:19.188+0530] {example_kubernetes_executor.py:39} WARNING - The example_kubernetes_executor example DAG requires the kubernetes provider. Please install it with: pip install apache-airflow[cncf.kubernetes]
[2025-01-28T11:51:19.188+0530] {processor.py:927} WARNING - No viable dags retrieved from /home/verma-tv/.local/lib/python3.11/site-packages/airflow/example_dags/example_kubernetes_executor.py
[2025-01-28T11:51:19.196+0530] {processor.py:208} INFO - Processing /home/verma-tv/.local/lib/python3.11/site-packages/airflow/example_dags/example_kubernetes_executor.py took 0.029 seconds
[2025-01-28T11:52:11.645+0530] {processor.py:186} INFO - Started process (PID=20481) to work on /home/verma-tv/.local/lib/python3.11/site-packages/airflow/example_dags/example_kubernetes_executor.py
[2025-01-28T11:52:11.657+0530] {processor.py:914} INFO - Processing file /home/verma-tv/.local/lib/python3.11/site-packages/airflow/example_dags/example_kubernetes_executor.py for tasks to queue
[2025-01-28T11:52:11.659+0530] {logging_mixin.py:190} INFO - [2025-01-28T11:52:11.659+0530] {dagbag.py:588} INFO - Filling up the DagBag from /home/verma-tv/.local/lib/python3.11/site-packages/airflow/example_dags/example_kubernetes_executor.py
[2025-01-28T11:52:11.662+0530] {logging_mixin.py:190} INFO - [2025-01-28T11:52:11.662+0530] {example_kubernetes_executor.py:39} WARNING - The example_kubernetes_executor example DAG requires the kubernetes provider. Please install it with: pip install apache-airflow[cncf.kubernetes]
[2025-01-28T11:52:11.662+0530] {processor.py:927} WARNING - No viable dags retrieved from /home/verma-tv/.local/lib/python3.11/site-packages/airflow/example_dags/example_kubernetes_executor.py
[2025-01-28T11:52:11.670+0530] {processor.py:208} INFO - Processing /home/verma-tv/.local/lib/python3.11/site-packages/airflow/example_dags/example_kubernetes_executor.py took 0.029 seconds
