[2025-01-28T11:40:08.022+0530] {processor.py:186} INFO - Started process (PID=17189) to work on /home/verma-tv/.local/lib/python3.11/site-packages/airflow/example_dags/example_branch_datetime_operator.py
[2025-01-28T11:40:08.023+0530] {processor.py:914} INFO - Processing file /home/verma-tv/.local/lib/python3.11/site-packages/airflow/example_dags/example_branch_datetime_operator.py for tasks to queue
[2025-01-28T11:40:08.025+0530] {logging_mixin.py:190} INFO - [2025-01-28T11:40:08.025+0530] {dagbag.py:588} INFO - Filling up the DagBag from /home/verma-tv/.local/lib/python3.11/site-packages/airflow/example_dags/example_branch_datetime_operator.py
[2025-01-28T11:40:08.034+0530] {processor.py:925} INFO - DAG(s) 'example_branch_datetime_operator_3', 'example_branch_datetime_operator', 'example_branch_datetime_operator_2' retrieved from /home/verma-tv/.local/lib/python3.11/site-packages/airflow/example_dags/example_branch_datetime_operator.py
[2025-01-28T11:40:08.141+0530] {logging_mixin.py:190} INFO - [2025-01-28T11:40:08.140+0530] {override.py:1912} INFO - Created Permission View: can read on DAG:example_branch_datetime_operator_3
[2025-01-28T11:40:08.149+0530] {logging_mixin.py:190} INFO - [2025-01-28T11:40:08.149+0530] {override.py:1912} INFO - Created Permission View: can edit on DAG:example_branch_datetime_operator_3
[2025-01-28T11:40:08.154+0530] {logging_mixin.py:190} INFO - [2025-01-28T11:40:08.154+0530] {override.py:1912} INFO - Created Permission View: can delete on DAG:example_branch_datetime_operator_3
[2025-01-28T11:40:08.162+0530] {logging_mixin.py:190} INFO - [2025-01-28T11:40:08.161+0530] {override.py:1912} INFO - Created Permission View: can read on DAG Run:example_branch_datetime_operator_3
[2025-01-28T11:40:08.167+0530] {logging_mixin.py:190} INFO - [2025-01-28T11:40:08.167+0530] {override.py:1912} INFO - Created Permission View: can delete on DAG Run:example_branch_datetime_operator_3
[2025-01-28T11:40:08.172+0530] {logging_mixin.py:190} INFO - [2025-01-28T11:40:08.171+0530] {override.py:1912} INFO - Created Permission View: menu access on DAG Run:example_branch_datetime_operator_3
[2025-01-28T11:40:08.176+0530] {logging_mixin.py:190} INFO - [2025-01-28T11:40:08.176+0530] {override.py:1912} INFO - Created Permission View: can create on DAG Run:example_branch_datetime_operator_3
[2025-01-28T11:40:08.187+0530] {logging_mixin.py:190} INFO - [2025-01-28T11:40:08.187+0530] {override.py:1912} INFO - Created Permission View: can read on DAG:example_branch_datetime_operator
[2025-01-28T11:40:08.192+0530] {logging_mixin.py:190} INFO - [2025-01-28T11:40:08.191+0530] {override.py:1912} INFO - Created Permission View: can edit on DAG:example_branch_datetime_operator
[2025-01-28T11:40:08.197+0530] {logging_mixin.py:190} INFO - [2025-01-28T11:40:08.197+0530] {override.py:1912} INFO - Created Permission View: can delete on DAG:example_branch_datetime_operator
[2025-01-28T11:40:08.204+0530] {logging_mixin.py:190} INFO - [2025-01-28T11:40:08.204+0530] {override.py:1912} INFO - Created Permission View: can read on DAG Run:example_branch_datetime_operator
[2025-01-28T11:40:08.209+0530] {logging_mixin.py:190} INFO - [2025-01-28T11:40:08.208+0530] {override.py:1912} INFO - Created Permission View: can delete on DAG Run:example_branch_datetime_operator
[2025-01-28T11:40:08.214+0530] {logging_mixin.py:190} INFO - [2025-01-28T11:40:08.214+0530] {override.py:1912} INFO - Created Permission View: menu access on DAG Run:example_branch_datetime_operator
[2025-01-28T11:40:08.220+0530] {logging_mixin.py:190} INFO - [2025-01-28T11:40:08.220+0530] {override.py:1912} INFO - Created Permission View: can create on DAG Run:example_branch_datetime_operator
[2025-01-28T11:40:08.231+0530] {logging_mixin.py:190} INFO - [2025-01-28T11:40:08.231+0530] {override.py:1912} INFO - Created Permission View: can read on DAG:example_branch_datetime_operator_2
[2025-01-28T11:40:08.236+0530] {logging_mixin.py:190} INFO - [2025-01-28T11:40:08.236+0530] {override.py:1912} INFO - Created Permission View: can edit on DAG:example_branch_datetime_operator_2
[2025-01-28T11:40:08.240+0530] {logging_mixin.py:190} INFO - [2025-01-28T11:40:08.240+0530] {override.py:1912} INFO - Created Permission View: can delete on DAG:example_branch_datetime_operator_2
[2025-01-28T11:40:08.249+0530] {logging_mixin.py:190} INFO - [2025-01-28T11:40:08.249+0530] {override.py:1912} INFO - Created Permission View: can read on DAG Run:example_branch_datetime_operator_2
[2025-01-28T11:40:08.253+0530] {logging_mixin.py:190} INFO - [2025-01-28T11:40:08.253+0530] {override.py:1912} INFO - Created Permission View: can delete on DAG Run:example_branch_datetime_operator_2
[2025-01-28T11:40:08.258+0530] {logging_mixin.py:190} INFO - [2025-01-28T11:40:08.258+0530] {override.py:1912} INFO - Created Permission View: menu access on DAG Run:example_branch_datetime_operator_2
[2025-01-28T11:40:08.263+0530] {logging_mixin.py:190} INFO - [2025-01-28T11:40:08.263+0530] {override.py:1912} INFO - Created Permission View: can create on DAG Run:example_branch_datetime_operator_2
[2025-01-28T11:40:08.263+0530] {logging_mixin.py:190} INFO - [2025-01-28T11:40:08.263+0530] {dag.py:3239} INFO - Sync 3 DAGs
[2025-01-28T11:40:08.271+0530] {logging_mixin.py:190} INFO - [2025-01-28T11:40:08.271+0530] {dag.py:3262} INFO - Creating ORM DAG for example_branch_datetime_operator_3
[2025-01-28T11:40:08.271+0530] {logging_mixin.py:190} INFO - [2025-01-28T11:40:08.271+0530] {dag.py:3262} INFO - Creating ORM DAG for example_branch_datetime_operator
[2025-01-28T11:40:08.272+0530] {logging_mixin.py:190} INFO - [2025-01-28T11:40:08.272+0530] {dag.py:3262} INFO - Creating ORM DAG for example_branch_datetime_operator_2
[2025-01-28T11:40:08.278+0530] {logging_mixin.py:190} INFO - [2025-01-28T11:40:08.278+0530] {dag.py:4180} INFO - Setting next_dagrun for example_branch_datetime_operator to 2025-01-27 00:00:00+00:00, run_after=2025-01-28 00:00:00+00:00
[2025-01-28T11:40:08.279+0530] {logging_mixin.py:190} INFO - [2025-01-28T11:40:08.279+0530] {dag.py:4180} INFO - Setting next_dagrun for example_branch_datetime_operator_2 to 2025-01-27 00:00:00+00:00, run_after=2025-01-28 00:00:00+00:00
[2025-01-28T11:40:08.280+0530] {logging_mixin.py:190} INFO - [2025-01-28T11:40:08.280+0530] {dag.py:4180} INFO - Setting next_dagrun for example_branch_datetime_operator_3 to 2025-01-27 00:00:00+00:00, run_after=2025-01-28 00:00:00+00:00
[2025-01-28T11:40:08.294+0530] {processor.py:208} INFO - Processing /home/verma-tv/.local/lib/python3.11/site-packages/airflow/example_dags/example_branch_datetime_operator.py took 0.276 seconds
[2025-01-28T11:41:05.720+0530] {processor.py:186} INFO - Started process (PID=17373) to work on /home/verma-tv/.local/lib/python3.11/site-packages/airflow/example_dags/example_branch_datetime_operator.py
[2025-01-28T11:41:05.733+0530] {processor.py:914} INFO - Processing file /home/verma-tv/.local/lib/python3.11/site-packages/airflow/example_dags/example_branch_datetime_operator.py for tasks to queue
[2025-01-28T11:41:05.734+0530] {logging_mixin.py:190} INFO - [2025-01-28T11:41:05.734+0530] {dagbag.py:588} INFO - Filling up the DagBag from /home/verma-tv/.local/lib/python3.11/site-packages/airflow/example_dags/example_branch_datetime_operator.py
[2025-01-28T11:41:05.744+0530] {processor.py:925} INFO - DAG(s) 'example_branch_datetime_operator_3', 'example_branch_datetime_operator', 'example_branch_datetime_operator_2' retrieved from /home/verma-tv/.local/lib/python3.11/site-packages/airflow/example_dags/example_branch_datetime_operator.py
[2025-01-28T11:41:05.759+0530] {logging_mixin.py:190} INFO - [2025-01-28T11:41:05.758+0530] {dag.py:3239} INFO - Sync 3 DAGs
[2025-01-28T11:41:05.773+0530] {logging_mixin.py:190} INFO - [2025-01-28T11:41:05.773+0530] {dag.py:4180} INFO - Setting next_dagrun for example_branch_datetime_operator to 2025-01-27 00:00:00+00:00, run_after=2025-01-28 00:00:00+00:00
[2025-01-28T11:41:05.776+0530] {logging_mixin.py:190} INFO - [2025-01-28T11:41:05.776+0530] {dag.py:4180} INFO - Setting next_dagrun for example_branch_datetime_operator_2 to 2025-01-27 00:00:00+00:00, run_after=2025-01-28 00:00:00+00:00
[2025-01-28T11:41:05.777+0530] {logging_mixin.py:190} INFO - [2025-01-28T11:41:05.777+0530] {dag.py:4180} INFO - Setting next_dagrun for example_branch_datetime_operator_3 to 2025-01-27 00:00:00+00:00, run_after=2025-01-28 00:00:00+00:00
[2025-01-28T11:41:05.790+0530] {processor.py:208} INFO - Processing /home/verma-tv/.local/lib/python3.11/site-packages/airflow/example_dags/example_branch_datetime_operator.py took 0.074 seconds
[2025-01-28T11:42:21.578+0530] {processor.py:186} INFO - Started process (PID=17668) to work on /home/verma-tv/.local/lib/python3.11/site-packages/airflow/example_dags/example_branch_datetime_operator.py
[2025-01-28T11:42:21.590+0530] {processor.py:914} INFO - Processing file /home/verma-tv/.local/lib/python3.11/site-packages/airflow/example_dags/example_branch_datetime_operator.py for tasks to queue
[2025-01-28T11:42:21.592+0530] {logging_mixin.py:190} INFO - [2025-01-28T11:42:21.592+0530] {dagbag.py:588} INFO - Filling up the DagBag from /home/verma-tv/.local/lib/python3.11/site-packages/airflow/example_dags/example_branch_datetime_operator.py
[2025-01-28T11:42:21.602+0530] {processor.py:925} INFO - DAG(s) 'example_branch_datetime_operator', 'example_branch_datetime_operator_2', 'example_branch_datetime_operator_3' retrieved from /home/verma-tv/.local/lib/python3.11/site-packages/airflow/example_dags/example_branch_datetime_operator.py
[2025-01-28T11:42:21.619+0530] {logging_mixin.py:190} INFO - [2025-01-28T11:42:21.618+0530] {dag.py:3239} INFO - Sync 3 DAGs
[2025-01-28T11:42:21.636+0530] {logging_mixin.py:190} INFO - [2025-01-28T11:42:21.636+0530] {dag.py:4180} INFO - Setting next_dagrun for example_branch_datetime_operator to 2025-01-27 00:00:00+00:00, run_after=2025-01-28 00:00:00+00:00
[2025-01-28T11:42:21.639+0530] {logging_mixin.py:190} INFO - [2025-01-28T11:42:21.639+0530] {dag.py:4180} INFO - Setting next_dagrun for example_branch_datetime_operator_2 to 2025-01-27 00:00:00+00:00, run_after=2025-01-28 00:00:00+00:00
[2025-01-28T11:42:21.641+0530] {logging_mixin.py:190} INFO - [2025-01-28T11:42:21.640+0530] {dag.py:4180} INFO - Setting next_dagrun for example_branch_datetime_operator_3 to 2025-01-27 00:00:00+00:00, run_after=2025-01-28 00:00:00+00:00
[2025-01-28T11:42:21.653+0530] {processor.py:208} INFO - Processing /home/verma-tv/.local/lib/python3.11/site-packages/airflow/example_dags/example_branch_datetime_operator.py took 0.081 seconds
[2025-01-28T11:43:16.238+0530] {processor.py:186} INFO - Started process (PID=17829) to work on /home/verma-tv/.local/lib/python3.11/site-packages/airflow/example_dags/example_branch_datetime_operator.py
[2025-01-28T11:43:16.250+0530] {processor.py:914} INFO - Processing file /home/verma-tv/.local/lib/python3.11/site-packages/airflow/example_dags/example_branch_datetime_operator.py for tasks to queue
[2025-01-28T11:43:16.252+0530] {logging_mixin.py:190} INFO - [2025-01-28T11:43:16.252+0530] {dagbag.py:588} INFO - Filling up the DagBag from /home/verma-tv/.local/lib/python3.11/site-packages/airflow/example_dags/example_branch_datetime_operator.py
[2025-01-28T11:43:16.261+0530] {processor.py:925} INFO - DAG(s) 'example_branch_datetime_operator_3', 'example_branch_datetime_operator_2', 'example_branch_datetime_operator' retrieved from /home/verma-tv/.local/lib/python3.11/site-packages/airflow/example_dags/example_branch_datetime_operator.py
[2025-01-28T11:43:16.276+0530] {logging_mixin.py:190} INFO - [2025-01-28T11:43:16.276+0530] {dag.py:3239} INFO - Sync 3 DAGs
[2025-01-28T11:43:16.290+0530] {logging_mixin.py:190} INFO - [2025-01-28T11:43:16.290+0530] {dag.py:4180} INFO - Setting next_dagrun for example_branch_datetime_operator to 2025-01-27 00:00:00+00:00, run_after=2025-01-28 00:00:00+00:00
[2025-01-28T11:43:16.293+0530] {logging_mixin.py:190} INFO - [2025-01-28T11:43:16.293+0530] {dag.py:4180} INFO - Setting next_dagrun for example_branch_datetime_operator_2 to 2025-01-27 00:00:00+00:00, run_after=2025-01-28 00:00:00+00:00
[2025-01-28T11:43:16.295+0530] {logging_mixin.py:190} INFO - [2025-01-28T11:43:16.295+0530] {dag.py:4180} INFO - Setting next_dagrun for example_branch_datetime_operator_3 to 2025-01-27 00:00:00+00:00, run_after=2025-01-28 00:00:00+00:00
[2025-01-28T11:43:16.308+0530] {processor.py:208} INFO - Processing /home/verma-tv/.local/lib/python3.11/site-packages/airflow/example_dags/example_branch_datetime_operator.py took 0.075 seconds
[2025-01-28T11:44:31.940+0530] {processor.py:186} INFO - Started process (PID=18099) to work on /home/verma-tv/.local/lib/python3.11/site-packages/airflow/example_dags/example_branch_datetime_operator.py
[2025-01-28T11:44:31.952+0530] {processor.py:914} INFO - Processing file /home/verma-tv/.local/lib/python3.11/site-packages/airflow/example_dags/example_branch_datetime_operator.py for tasks to queue
[2025-01-28T11:44:31.954+0530] {logging_mixin.py:190} INFO - [2025-01-28T11:44:31.954+0530] {dagbag.py:588} INFO - Filling up the DagBag from /home/verma-tv/.local/lib/python3.11/site-packages/airflow/example_dags/example_branch_datetime_operator.py
[2025-01-28T11:44:31.963+0530] {processor.py:925} INFO - DAG(s) 'example_branch_datetime_operator', 'example_branch_datetime_operator_3', 'example_branch_datetime_operator_2' retrieved from /home/verma-tv/.local/lib/python3.11/site-packages/airflow/example_dags/example_branch_datetime_operator.py
[2025-01-28T11:44:31.979+0530] {logging_mixin.py:190} INFO - [2025-01-28T11:44:31.979+0530] {dag.py:3239} INFO - Sync 3 DAGs
[2025-01-28T11:44:31.994+0530] {logging_mixin.py:190} INFO - [2025-01-28T11:44:31.994+0530] {dag.py:4180} INFO - Setting next_dagrun for example_branch_datetime_operator to 2025-01-27 00:00:00+00:00, run_after=2025-01-28 00:00:00+00:00
[2025-01-28T11:44:31.997+0530] {logging_mixin.py:190} INFO - [2025-01-28T11:44:31.997+0530] {dag.py:4180} INFO - Setting next_dagrun for example_branch_datetime_operator_2 to 2025-01-27 00:00:00+00:00, run_after=2025-01-28 00:00:00+00:00
[2025-01-28T11:44:31.999+0530] {logging_mixin.py:190} INFO - [2025-01-28T11:44:31.999+0530] {dag.py:4180} INFO - Setting next_dagrun for example_branch_datetime_operator_3 to 2025-01-27 00:00:00+00:00, run_after=2025-01-28 00:00:00+00:00
[2025-01-28T11:44:32.013+0530] {processor.py:208} INFO - Processing /home/verma-tv/.local/lib/python3.11/site-packages/airflow/example_dags/example_branch_datetime_operator.py took 0.078 seconds
[2025-01-28T11:45:49.742+0530] {processor.py:186} INFO - Started process (PID=18337) to work on /home/verma-tv/.local/lib/python3.11/site-packages/airflow/example_dags/example_branch_datetime_operator.py
[2025-01-28T11:45:49.744+0530] {processor.py:914} INFO - Processing file /home/verma-tv/.local/lib/python3.11/site-packages/airflow/example_dags/example_branch_datetime_operator.py for tasks to queue
[2025-01-28T11:45:49.749+0530] {logging_mixin.py:190} INFO - [2025-01-28T11:45:49.748+0530] {dagbag.py:588} INFO - Filling up the DagBag from /home/verma-tv/.local/lib/python3.11/site-packages/airflow/example_dags/example_branch_datetime_operator.py
[2025-01-28T11:45:49.761+0530] {processor.py:925} INFO - DAG(s) 'example_branch_datetime_operator', 'example_branch_datetime_operator_2', 'example_branch_datetime_operator_3' retrieved from /home/verma-tv/.local/lib/python3.11/site-packages/airflow/example_dags/example_branch_datetime_operator.py
[2025-01-28T11:45:49.786+0530] {logging_mixin.py:190} INFO - [2025-01-28T11:45:49.785+0530] {dag.py:3239} INFO - Sync 3 DAGs
[2025-01-28T11:45:49.803+0530] {logging_mixin.py:190} INFO - [2025-01-28T11:45:49.803+0530] {dag.py:4180} INFO - Setting next_dagrun for example_branch_datetime_operator to 2025-01-27 00:00:00+00:00, run_after=2025-01-28 00:00:00+00:00
[2025-01-28T11:45:49.806+0530] {logging_mixin.py:190} INFO - [2025-01-28T11:45:49.806+0530] {dag.py:4180} INFO - Setting next_dagrun for example_branch_datetime_operator_2 to 2025-01-27 00:00:00+00:00, run_after=2025-01-28 00:00:00+00:00
[2025-01-28T11:45:49.807+0530] {logging_mixin.py:190} INFO - [2025-01-28T11:45:49.807+0530] {dag.py:4180} INFO - Setting next_dagrun for example_branch_datetime_operator_3 to 2025-01-27 00:00:00+00:00, run_after=2025-01-28 00:00:00+00:00
[2025-01-28T11:45:49.823+0530] {processor.py:208} INFO - Processing /home/verma-tv/.local/lib/python3.11/site-packages/airflow/example_dags/example_branch_datetime_operator.py took 0.087 seconds
[2025-01-28T11:46:47.251+0530] {processor.py:186} INFO - Started process (PID=18560) to work on /home/verma-tv/.local/lib/python3.11/site-packages/airflow/example_dags/example_branch_datetime_operator.py
[2025-01-28T11:46:47.264+0530] {processor.py:914} INFO - Processing file /home/verma-tv/.local/lib/python3.11/site-packages/airflow/example_dags/example_branch_datetime_operator.py for tasks to queue
[2025-01-28T11:46:47.266+0530] {logging_mixin.py:190} INFO - [2025-01-28T11:46:47.266+0530] {dagbag.py:588} INFO - Filling up the DagBag from /home/verma-tv/.local/lib/python3.11/site-packages/airflow/example_dags/example_branch_datetime_operator.py
[2025-01-28T11:46:47.275+0530] {processor.py:925} INFO - DAG(s) 'example_branch_datetime_operator_3', 'example_branch_datetime_operator_2', 'example_branch_datetime_operator' retrieved from /home/verma-tv/.local/lib/python3.11/site-packages/airflow/example_dags/example_branch_datetime_operator.py
[2025-01-28T11:46:47.290+0530] {logging_mixin.py:190} INFO - [2025-01-28T11:46:47.290+0530] {dag.py:3239} INFO - Sync 3 DAGs
[2025-01-28T11:46:47.304+0530] {logging_mixin.py:190} INFO - [2025-01-28T11:46:47.304+0530] {dag.py:4180} INFO - Setting next_dagrun for example_branch_datetime_operator to 2025-01-27 00:00:00+00:00, run_after=2025-01-28 00:00:00+00:00
[2025-01-28T11:46:47.307+0530] {logging_mixin.py:190} INFO - [2025-01-28T11:46:47.307+0530] {dag.py:4180} INFO - Setting next_dagrun for example_branch_datetime_operator_2 to 2025-01-27 00:00:00+00:00, run_after=2025-01-28 00:00:00+00:00
[2025-01-28T11:46:47.308+0530] {logging_mixin.py:190} INFO - [2025-01-28T11:46:47.308+0530] {dag.py:4180} INFO - Setting next_dagrun for example_branch_datetime_operator_3 to 2025-01-27 00:00:00+00:00, run_after=2025-01-28 00:00:00+00:00
[2025-01-28T11:46:47.320+0530] {processor.py:208} INFO - Processing /home/verma-tv/.local/lib/python3.11/site-packages/airflow/example_dags/example_branch_datetime_operator.py took 0.074 seconds
[2025-01-28T11:48:04.832+0530] {processor.py:186} INFO - Started process (PID=18954) to work on /home/verma-tv/.local/lib/python3.11/site-packages/airflow/example_dags/example_branch_datetime_operator.py
[2025-01-28T11:48:04.844+0530] {processor.py:914} INFO - Processing file /home/verma-tv/.local/lib/python3.11/site-packages/airflow/example_dags/example_branch_datetime_operator.py for tasks to queue
[2025-01-28T11:48:04.846+0530] {logging_mixin.py:190} INFO - [2025-01-28T11:48:04.846+0530] {dagbag.py:588} INFO - Filling up the DagBag from /home/verma-tv/.local/lib/python3.11/site-packages/airflow/example_dags/example_branch_datetime_operator.py
[2025-01-28T11:48:04.855+0530] {processor.py:925} INFO - DAG(s) 'example_branch_datetime_operator', 'example_branch_datetime_operator_3', 'example_branch_datetime_operator_2' retrieved from /home/verma-tv/.local/lib/python3.11/site-packages/airflow/example_dags/example_branch_datetime_operator.py
[2025-01-28T11:48:04.870+0530] {logging_mixin.py:190} INFO - [2025-01-28T11:48:04.870+0530] {dag.py:3239} INFO - Sync 3 DAGs
[2025-01-28T11:48:04.885+0530] {logging_mixin.py:190} INFO - [2025-01-28T11:48:04.884+0530] {dag.py:4180} INFO - Setting next_dagrun for example_branch_datetime_operator to 2025-01-27 00:00:00+00:00, run_after=2025-01-28 00:00:00+00:00
[2025-01-28T11:48:04.888+0530] {logging_mixin.py:190} INFO - [2025-01-28T11:48:04.887+0530] {dag.py:4180} INFO - Setting next_dagrun for example_branch_datetime_operator_2 to 2025-01-27 00:00:00+00:00, run_after=2025-01-28 00:00:00+00:00
[2025-01-28T11:48:04.889+0530] {logging_mixin.py:190} INFO - [2025-01-28T11:48:04.889+0530] {dag.py:4180} INFO - Setting next_dagrun for example_branch_datetime_operator_3 to 2025-01-27 00:00:00+00:00, run_after=2025-01-28 00:00:00+00:00
[2025-01-28T11:48:04.901+0530] {processor.py:208} INFO - Processing /home/verma-tv/.local/lib/python3.11/site-packages/airflow/example_dags/example_branch_datetime_operator.py took 0.074 seconds
[2025-01-28T11:49:22.271+0530] {processor.py:186} INFO - Started process (PID=19440) to work on /home/verma-tv/.local/lib/python3.11/site-packages/airflow/example_dags/example_branch_datetime_operator.py
[2025-01-28T11:49:22.283+0530] {processor.py:914} INFO - Processing file /home/verma-tv/.local/lib/python3.11/site-packages/airflow/example_dags/example_branch_datetime_operator.py for tasks to queue
[2025-01-28T11:49:22.285+0530] {logging_mixin.py:190} INFO - [2025-01-28T11:49:22.285+0530] {dagbag.py:588} INFO - Filling up the DagBag from /home/verma-tv/.local/lib/python3.11/site-packages/airflow/example_dags/example_branch_datetime_operator.py
[2025-01-28T11:49:22.294+0530] {processor.py:925} INFO - DAG(s) 'example_branch_datetime_operator_2', 'example_branch_datetime_operator', 'example_branch_datetime_operator_3' retrieved from /home/verma-tv/.local/lib/python3.11/site-packages/airflow/example_dags/example_branch_datetime_operator.py
[2025-01-28T11:49:22.309+0530] {logging_mixin.py:190} INFO - [2025-01-28T11:49:22.309+0530] {dag.py:3239} INFO - Sync 3 DAGs
[2025-01-28T11:49:22.323+0530] {logging_mixin.py:190} INFO - [2025-01-28T11:49:22.323+0530] {dag.py:4180} INFO - Setting next_dagrun for example_branch_datetime_operator to 2025-01-27 00:00:00+00:00, run_after=2025-01-28 00:00:00+00:00
[2025-01-28T11:49:22.326+0530] {logging_mixin.py:190} INFO - [2025-01-28T11:49:22.326+0530] {dag.py:4180} INFO - Setting next_dagrun for example_branch_datetime_operator_2 to 2025-01-27 00:00:00+00:00, run_after=2025-01-28 00:00:00+00:00
[2025-01-28T11:49:22.328+0530] {logging_mixin.py:190} INFO - [2025-01-28T11:49:22.328+0530] {dag.py:4180} INFO - Setting next_dagrun for example_branch_datetime_operator_3 to 2025-01-27 00:00:00+00:00, run_after=2025-01-28 00:00:00+00:00
[2025-01-28T11:49:22.340+0530] {processor.py:208} INFO - Processing /home/verma-tv/.local/lib/python3.11/site-packages/airflow/example_dags/example_branch_datetime_operator.py took 0.074 seconds
[2025-01-28T11:50:34.254+0530] {processor.py:186} INFO - Started process (PID=19796) to work on /home/verma-tv/.local/lib/python3.11/site-packages/airflow/example_dags/example_branch_datetime_operator.py
[2025-01-28T11:50:34.267+0530] {processor.py:914} INFO - Processing file /home/verma-tv/.local/lib/python3.11/site-packages/airflow/example_dags/example_branch_datetime_operator.py for tasks to queue
[2025-01-28T11:50:34.269+0530] {logging_mixin.py:190} INFO - [2025-01-28T11:50:34.268+0530] {dagbag.py:588} INFO - Filling up the DagBag from /home/verma-tv/.local/lib/python3.11/site-packages/airflow/example_dags/example_branch_datetime_operator.py
[2025-01-28T11:50:34.278+0530] {processor.py:925} INFO - DAG(s) 'example_branch_datetime_operator', 'example_branch_datetime_operator_2', 'example_branch_datetime_operator_3' retrieved from /home/verma-tv/.local/lib/python3.11/site-packages/airflow/example_dags/example_branch_datetime_operator.py
[2025-01-28T11:50:34.293+0530] {logging_mixin.py:190} INFO - [2025-01-28T11:50:34.293+0530] {dag.py:3239} INFO - Sync 3 DAGs
[2025-01-28T11:50:34.308+0530] {logging_mixin.py:190} INFO - [2025-01-28T11:50:34.307+0530] {dag.py:4180} INFO - Setting next_dagrun for example_branch_datetime_operator to 2025-01-27 00:00:00+00:00, run_after=2025-01-28 00:00:00+00:00
[2025-01-28T11:50:34.311+0530] {logging_mixin.py:190} INFO - [2025-01-28T11:50:34.310+0530] {dag.py:4180} INFO - Setting next_dagrun for example_branch_datetime_operator_2 to 2025-01-27 00:00:00+00:00, run_after=2025-01-28 00:00:00+00:00
[2025-01-28T11:50:34.312+0530] {logging_mixin.py:190} INFO - [2025-01-28T11:50:34.312+0530] {dag.py:4180} INFO - Setting next_dagrun for example_branch_datetime_operator_3 to 2025-01-27 00:00:00+00:00, run_after=2025-01-28 00:00:00+00:00
[2025-01-28T11:50:34.324+0530] {processor.py:208} INFO - Processing /home/verma-tv/.local/lib/python3.11/site-packages/airflow/example_dags/example_branch_datetime_operator.py took 0.075 seconds
[2025-01-28T11:51:51.073+0530] {processor.py:186} INFO - Started process (PID=20035) to work on /home/verma-tv/.local/lib/python3.11/site-packages/airflow/example_dags/example_branch_datetime_operator.py
[2025-01-28T11:51:51.086+0530] {processor.py:914} INFO - Processing file /home/verma-tv/.local/lib/python3.11/site-packages/airflow/example_dags/example_branch_datetime_operator.py for tasks to queue
[2025-01-28T11:51:51.089+0530] {logging_mixin.py:190} INFO - [2025-01-28T11:51:51.088+0530] {dagbag.py:588} INFO - Filling up the DagBag from /home/verma-tv/.local/lib/python3.11/site-packages/airflow/example_dags/example_branch_datetime_operator.py
[2025-01-28T11:51:51.101+0530] {processor.py:925} INFO - DAG(s) 'example_branch_datetime_operator', 'example_branch_datetime_operator_2', 'example_branch_datetime_operator_3' retrieved from /home/verma-tv/.local/lib/python3.11/site-packages/airflow/example_dags/example_branch_datetime_operator.py
[2025-01-28T11:51:51.120+0530] {logging_mixin.py:190} INFO - [2025-01-28T11:51:51.120+0530] {dag.py:3239} INFO - Sync 3 DAGs
[2025-01-28T11:51:51.138+0530] {logging_mixin.py:190} INFO - [2025-01-28T11:51:51.138+0530] {dag.py:4180} INFO - Setting next_dagrun for example_branch_datetime_operator to 2025-01-27 00:00:00+00:00, run_after=2025-01-28 00:00:00+00:00
[2025-01-28T11:51:51.142+0530] {logging_mixin.py:190} INFO - [2025-01-28T11:51:51.142+0530] {dag.py:4180} INFO - Setting next_dagrun for example_branch_datetime_operator_2 to 2025-01-27 00:00:00+00:00, run_after=2025-01-28 00:00:00+00:00
[2025-01-28T11:51:51.144+0530] {logging_mixin.py:190} INFO - [2025-01-28T11:51:51.144+0530] {dag.py:4180} INFO - Setting next_dagrun for example_branch_datetime_operator_3 to 2025-01-27 00:00:00+00:00, run_after=2025-01-28 00:00:00+00:00
[2025-01-28T11:51:51.159+0530] {processor.py:208} INFO - Processing /home/verma-tv/.local/lib/python3.11/site-packages/airflow/example_dags/example_branch_datetime_operator.py took 0.092 seconds
