[2025-01-28T11:40:04.004+0530] {processor.py:186} INFO - Started process (PID=17176) to work on /home/verma-tv/.local/lib/python3.11/site-packages/airflow/example_dags/example_inlet_event_extra.py
[2025-01-28T11:40:04.005+0530] {processor.py:914} INFO - Processing file /home/verma-tv/.local/lib/python3.11/site-packages/airflow/example_dags/example_inlet_event_extra.py for tasks to queue
[2025-01-28T11:40:04.007+0530] {logging_mixin.py:190} INFO - [2025-01-28T11:40:04.006+0530] {dagbag.py:588} INFO - Filling up the DagBag from /home/verma-tv/.local/lib/python3.11/site-packages/airflow/example_dags/example_inlet_event_extra.py
[2025-01-28T11:40:04.017+0530] {processor.py:925} INFO - DAG(s) 'read_dataset_event', 'read_dataset_event_from_classic' retrieved from /home/verma-tv/.local/lib/python3.11/site-packages/airflow/example_dags/example_inlet_event_extra.py
[2025-01-28T11:40:04.124+0530] {logging_mixin.py:190} INFO - [2025-01-28T11:40:04.123+0530] {override.py:1912} INFO - Created Permission View: can read on DAG:read_dataset_event
[2025-01-28T11:40:04.132+0530] {logging_mixin.py:190} INFO - [2025-01-28T11:40:04.132+0530] {override.py:1912} INFO - Created Permission View: can edit on DAG:read_dataset_event
[2025-01-28T11:40:04.137+0530] {logging_mixin.py:190} INFO - [2025-01-28T11:40:04.137+0530] {override.py:1912} INFO - Created Permission View: can delete on DAG:read_dataset_event
[2025-01-28T11:40:04.145+0530] {logging_mixin.py:190} INFO - [2025-01-28T11:40:04.145+0530] {override.py:1912} INFO - Created Permission View: can read on DAG Run:read_dataset_event
[2025-01-28T11:40:04.151+0530] {logging_mixin.py:190} INFO - [2025-01-28T11:40:04.150+0530] {override.py:1912} INFO - Created Permission View: can delete on DAG Run:read_dataset_event
[2025-01-28T11:40:04.155+0530] {logging_mixin.py:190} INFO - [2025-01-28T11:40:04.155+0530] {override.py:1912} INFO - Created Permission View: menu access on DAG Run:read_dataset_event
[2025-01-28T11:40:04.160+0530] {logging_mixin.py:190} INFO - [2025-01-28T11:40:04.160+0530] {override.py:1912} INFO - Created Permission View: can create on DAG Run:read_dataset_event
[2025-01-28T11:40:04.171+0530] {logging_mixin.py:190} INFO - [2025-01-28T11:40:04.171+0530] {override.py:1912} INFO - Created Permission View: can read on DAG:read_dataset_event_from_classic
[2025-01-28T11:40:04.176+0530] {logging_mixin.py:190} INFO - [2025-01-28T11:40:04.175+0530] {override.py:1912} INFO - Created Permission View: can edit on DAG:read_dataset_event_from_classic
[2025-01-28T11:40:04.181+0530] {logging_mixin.py:190} INFO - [2025-01-28T11:40:04.181+0530] {override.py:1912} INFO - Created Permission View: can delete on DAG:read_dataset_event_from_classic
[2025-01-28T11:40:04.188+0530] {logging_mixin.py:190} INFO - [2025-01-28T11:40:04.188+0530] {override.py:1912} INFO - Created Permission View: can read on DAG Run:read_dataset_event_from_classic
[2025-01-28T11:40:04.193+0530] {logging_mixin.py:190} INFO - [2025-01-28T11:40:04.193+0530] {override.py:1912} INFO - Created Permission View: can delete on DAG Run:read_dataset_event_from_classic
[2025-01-28T11:40:04.199+0530] {logging_mixin.py:190} INFO - [2025-01-28T11:40:04.199+0530] {override.py:1912} INFO - Created Permission View: menu access on DAG Run:read_dataset_event_from_classic
[2025-01-28T11:40:04.205+0530] {logging_mixin.py:190} INFO - [2025-01-28T11:40:04.204+0530] {override.py:1912} INFO - Created Permission View: can create on DAG Run:read_dataset_event_from_classic
[2025-01-28T11:40:04.205+0530] {logging_mixin.py:190} INFO - [2025-01-28T11:40:04.205+0530] {dag.py:3239} INFO - Sync 2 DAGs
[2025-01-28T11:40:04.212+0530] {logging_mixin.py:190} INFO - [2025-01-28T11:40:04.212+0530] {dag.py:3262} INFO - Creating ORM DAG for read_dataset_event
[2025-01-28T11:40:04.213+0530] {logging_mixin.py:190} INFO - [2025-01-28T11:40:04.213+0530] {dag.py:3262} INFO - Creating ORM DAG for read_dataset_event_from_classic
[2025-01-28T11:40:04.219+0530] {logging_mixin.py:190} INFO - [2025-01-28T11:40:04.219+0530] {dag.py:4180} INFO - Setting next_dagrun for read_dataset_event to 2025-01-27 00:00:00+00:00, run_after=2025-01-28 00:00:00+00:00
[2025-01-28T11:40:04.220+0530] {logging_mixin.py:190} INFO - [2025-01-28T11:40:04.220+0530] {dag.py:4180} INFO - Setting next_dagrun for read_dataset_event_from_classic to 2025-01-27 00:00:00+00:00, run_after=2025-01-28 00:00:00+00:00
[2025-01-28T11:40:04.233+0530] {processor.py:208} INFO - Processing /home/verma-tv/.local/lib/python3.11/site-packages/airflow/example_dags/example_inlet_event_extra.py took 0.234 seconds
[2025-01-28T11:41:01.179+0530] {processor.py:186} INFO - Started process (PID=17365) to work on /home/verma-tv/.local/lib/python3.11/site-packages/airflow/example_dags/example_inlet_event_extra.py
[2025-01-28T11:41:01.191+0530] {processor.py:914} INFO - Processing file /home/verma-tv/.local/lib/python3.11/site-packages/airflow/example_dags/example_inlet_event_extra.py for tasks to queue
[2025-01-28T11:41:01.193+0530] {logging_mixin.py:190} INFO - [2025-01-28T11:41:01.193+0530] {dagbag.py:588} INFO - Filling up the DagBag from /home/verma-tv/.local/lib/python3.11/site-packages/airflow/example_dags/example_inlet_event_extra.py
[2025-01-28T11:41:01.203+0530] {processor.py:925} INFO - DAG(s) 'read_dataset_event_from_classic', 'read_dataset_event' retrieved from /home/verma-tv/.local/lib/python3.11/site-packages/airflow/example_dags/example_inlet_event_extra.py
[2025-01-28T11:41:01.215+0530] {logging_mixin.py:190} INFO - [2025-01-28T11:41:01.215+0530] {dag.py:3239} INFO - Sync 2 DAGs
[2025-01-28T11:41:01.230+0530] {logging_mixin.py:190} INFO - [2025-01-28T11:41:01.230+0530] {dag.py:4180} INFO - Setting next_dagrun for read_dataset_event to 2025-01-27 00:00:00+00:00, run_after=2025-01-28 00:00:00+00:00
[2025-01-28T11:41:01.233+0530] {logging_mixin.py:190} INFO - [2025-01-28T11:41:01.233+0530] {dag.py:4180} INFO - Setting next_dagrun for read_dataset_event_from_classic to 2025-01-27 00:00:00+00:00, run_after=2025-01-28 00:00:00+00:00
[2025-01-28T11:41:01.245+0530] {processor.py:208} INFO - Processing /home/verma-tv/.local/lib/python3.11/site-packages/airflow/example_dags/example_inlet_event_extra.py took 0.072 seconds
[2025-01-28T11:41:56.594+0530] {processor.py:186} INFO - Started process (PID=17531) to work on /home/verma-tv/.local/lib/python3.11/site-packages/airflow/example_dags/example_inlet_event_extra.py
[2025-01-28T11:41:56.606+0530] {processor.py:914} INFO - Processing file /home/verma-tv/.local/lib/python3.11/site-packages/airflow/example_dags/example_inlet_event_extra.py for tasks to queue
[2025-01-28T11:41:56.608+0530] {logging_mixin.py:190} INFO - [2025-01-28T11:41:56.608+0530] {dagbag.py:588} INFO - Filling up the DagBag from /home/verma-tv/.local/lib/python3.11/site-packages/airflow/example_dags/example_inlet_event_extra.py
[2025-01-28T11:41:56.619+0530] {processor.py:925} INFO - DAG(s) 'read_dataset_event_from_classic', 'read_dataset_event' retrieved from /home/verma-tv/.local/lib/python3.11/site-packages/airflow/example_dags/example_inlet_event_extra.py
[2025-01-28T11:41:56.631+0530] {logging_mixin.py:190} INFO - [2025-01-28T11:41:56.631+0530] {dag.py:3239} INFO - Sync 2 DAGs
[2025-01-28T11:41:56.646+0530] {logging_mixin.py:190} INFO - [2025-01-28T11:41:56.645+0530] {dag.py:4180} INFO - Setting next_dagrun for read_dataset_event to 2025-01-27 00:00:00+00:00, run_after=2025-01-28 00:00:00+00:00
[2025-01-28T11:41:56.649+0530] {logging_mixin.py:190} INFO - [2025-01-28T11:41:56.648+0530] {dag.py:4180} INFO - Setting next_dagrun for read_dataset_event_from_classic to 2025-01-27 00:00:00+00:00, run_after=2025-01-28 00:00:00+00:00
[2025-01-28T11:41:56.661+0530] {processor.py:208} INFO - Processing /home/verma-tv/.local/lib/python3.11/site-packages/airflow/example_dags/example_inlet_event_extra.py took 0.071 seconds
[2025-01-28T11:42:52.421+0530] {processor.py:186} INFO - Started process (PID=17725) to work on /home/verma-tv/.local/lib/python3.11/site-packages/airflow/example_dags/example_inlet_event_extra.py
[2025-01-28T11:42:52.434+0530] {processor.py:914} INFO - Processing file /home/verma-tv/.local/lib/python3.11/site-packages/airflow/example_dags/example_inlet_event_extra.py for tasks to queue
[2025-01-28T11:42:52.436+0530] {logging_mixin.py:190} INFO - [2025-01-28T11:42:52.436+0530] {dagbag.py:588} INFO - Filling up the DagBag from /home/verma-tv/.local/lib/python3.11/site-packages/airflow/example_dags/example_inlet_event_extra.py
[2025-01-28T11:42:52.446+0530] {processor.py:925} INFO - DAG(s) 'read_dataset_event_from_classic', 'read_dataset_event' retrieved from /home/verma-tv/.local/lib/python3.11/site-packages/airflow/example_dags/example_inlet_event_extra.py
[2025-01-28T11:42:52.459+0530] {logging_mixin.py:190} INFO - [2025-01-28T11:42:52.459+0530] {dag.py:3239} INFO - Sync 2 DAGs
[2025-01-28T11:42:52.475+0530] {logging_mixin.py:190} INFO - [2025-01-28T11:42:52.475+0530] {dag.py:4180} INFO - Setting next_dagrun for read_dataset_event to 2025-01-27 00:00:00+00:00, run_after=2025-01-28 00:00:00+00:00
[2025-01-28T11:42:52.478+0530] {logging_mixin.py:190} INFO - [2025-01-28T11:42:52.478+0530] {dag.py:4180} INFO - Setting next_dagrun for read_dataset_event_from_classic to 2025-01-27 00:00:00+00:00, run_after=2025-01-28 00:00:00+00:00
[2025-01-28T11:42:52.491+0530] {processor.py:208} INFO - Processing /home/verma-tv/.local/lib/python3.11/site-packages/airflow/example_dags/example_inlet_event_extra.py took 0.074 seconds
[2025-01-28T11:44:08.136+0530] {processor.py:186} INFO - Started process (PID=17934) to work on /home/verma-tv/.local/lib/python3.11/site-packages/airflow/example_dags/example_inlet_event_extra.py
[2025-01-28T11:44:08.149+0530] {processor.py:914} INFO - Processing file /home/verma-tv/.local/lib/python3.11/site-packages/airflow/example_dags/example_inlet_event_extra.py for tasks to queue
[2025-01-28T11:44:08.151+0530] {logging_mixin.py:190} INFO - [2025-01-28T11:44:08.151+0530] {dagbag.py:588} INFO - Filling up the DagBag from /home/verma-tv/.local/lib/python3.11/site-packages/airflow/example_dags/example_inlet_event_extra.py
[2025-01-28T11:44:08.161+0530] {processor.py:925} INFO - DAG(s) 'read_dataset_event_from_classic', 'read_dataset_event' retrieved from /home/verma-tv/.local/lib/python3.11/site-packages/airflow/example_dags/example_inlet_event_extra.py
[2025-01-28T11:44:08.174+0530] {logging_mixin.py:190} INFO - [2025-01-28T11:44:08.173+0530] {dag.py:3239} INFO - Sync 2 DAGs
[2025-01-28T11:44:08.189+0530] {logging_mixin.py:190} INFO - [2025-01-28T11:44:08.189+0530] {dag.py:4180} INFO - Setting next_dagrun for read_dataset_event to 2025-01-27 00:00:00+00:00, run_after=2025-01-28 00:00:00+00:00
[2025-01-28T11:44:08.192+0530] {logging_mixin.py:190} INFO - [2025-01-28T11:44:08.192+0530] {dag.py:4180} INFO - Setting next_dagrun for read_dataset_event_from_classic to 2025-01-27 00:00:00+00:00, run_after=2025-01-28 00:00:00+00:00
[2025-01-28T11:44:08.204+0530] {processor.py:208} INFO - Processing /home/verma-tv/.local/lib/python3.11/site-packages/airflow/example_dags/example_inlet_event_extra.py took 0.073 seconds
[2025-01-28T11:45:25.326+0530] {processor.py:186} INFO - Started process (PID=18291) to work on /home/verma-tv/.local/lib/python3.11/site-packages/airflow/example_dags/example_inlet_event_extra.py
[2025-01-28T11:45:25.339+0530] {processor.py:914} INFO - Processing file /home/verma-tv/.local/lib/python3.11/site-packages/airflow/example_dags/example_inlet_event_extra.py for tasks to queue
[2025-01-28T11:45:25.341+0530] {logging_mixin.py:190} INFO - [2025-01-28T11:45:25.341+0530] {dagbag.py:588} INFO - Filling up the DagBag from /home/verma-tv/.local/lib/python3.11/site-packages/airflow/example_dags/example_inlet_event_extra.py
[2025-01-28T11:45:25.354+0530] {processor.py:925} INFO - DAG(s) 'read_dataset_event_from_classic', 'read_dataset_event' retrieved from /home/verma-tv/.local/lib/python3.11/site-packages/airflow/example_dags/example_inlet_event_extra.py
[2025-01-28T11:45:25.368+0530] {logging_mixin.py:190} INFO - [2025-01-28T11:45:25.368+0530] {dag.py:3239} INFO - Sync 2 DAGs
[2025-01-28T11:45:25.387+0530] {logging_mixin.py:190} INFO - [2025-01-28T11:45:25.386+0530] {dag.py:4180} INFO - Setting next_dagrun for read_dataset_event to 2025-01-27 00:00:00+00:00, run_after=2025-01-28 00:00:00+00:00
[2025-01-28T11:45:25.392+0530] {logging_mixin.py:190} INFO - [2025-01-28T11:45:25.392+0530] {dag.py:4180} INFO - Setting next_dagrun for read_dataset_event_from_classic to 2025-01-27 00:00:00+00:00, run_after=2025-01-28 00:00:00+00:00
[2025-01-28T11:45:25.410+0530] {processor.py:208} INFO - Processing /home/verma-tv/.local/lib/python3.11/site-packages/airflow/example_dags/example_inlet_event_extra.py took 0.089 seconds
[2025-01-28T11:46:42.706+0530] {processor.py:186} INFO - Started process (PID=18506) to work on /home/verma-tv/.local/lib/python3.11/site-packages/airflow/example_dags/example_inlet_event_extra.py
[2025-01-28T11:46:42.718+0530] {processor.py:914} INFO - Processing file /home/verma-tv/.local/lib/python3.11/site-packages/airflow/example_dags/example_inlet_event_extra.py for tasks to queue
[2025-01-28T11:46:42.720+0530] {logging_mixin.py:190} INFO - [2025-01-28T11:46:42.720+0530] {dagbag.py:588} INFO - Filling up the DagBag from /home/verma-tv/.local/lib/python3.11/site-packages/airflow/example_dags/example_inlet_event_extra.py
[2025-01-28T11:46:42.731+0530] {processor.py:925} INFO - DAG(s) 'read_dataset_event', 'read_dataset_event_from_classic' retrieved from /home/verma-tv/.local/lib/python3.11/site-packages/airflow/example_dags/example_inlet_event_extra.py
[2025-01-28T11:46:42.744+0530] {logging_mixin.py:190} INFO - [2025-01-28T11:46:42.744+0530] {dag.py:3239} INFO - Sync 2 DAGs
[2025-01-28T11:46:42.759+0530] {logging_mixin.py:190} INFO - [2025-01-28T11:46:42.759+0530] {dag.py:4180} INFO - Setting next_dagrun for read_dataset_event to 2025-01-27 00:00:00+00:00, run_after=2025-01-28 00:00:00+00:00
[2025-01-28T11:46:42.762+0530] {logging_mixin.py:190} INFO - [2025-01-28T11:46:42.762+0530] {dag.py:4180} INFO - Setting next_dagrun for read_dataset_event_from_classic to 2025-01-27 00:00:00+00:00, run_after=2025-01-28 00:00:00+00:00
[2025-01-28T11:46:42.775+0530] {processor.py:208} INFO - Processing /home/verma-tv/.local/lib/python3.11/site-packages/airflow/example_dags/example_inlet_event_extra.py took 0.074 seconds
[2025-01-28T11:47:36.367+0530] {processor.py:186} INFO - Started process (PID=18898) to work on /home/verma-tv/.local/lib/python3.11/site-packages/airflow/example_dags/example_inlet_event_extra.py
[2025-01-28T11:47:36.368+0530] {processor.py:914} INFO - Processing file /home/verma-tv/.local/lib/python3.11/site-packages/airflow/example_dags/example_inlet_event_extra.py for tasks to queue
[2025-01-28T11:47:36.369+0530] {logging_mixin.py:190} INFO - [2025-01-28T11:47:36.369+0530] {dagbag.py:588} INFO - Filling up the DagBag from /home/verma-tv/.local/lib/python3.11/site-packages/airflow/example_dags/example_inlet_event_extra.py
[2025-01-28T11:47:36.379+0530] {processor.py:925} INFO - DAG(s) 'read_dataset_event', 'read_dataset_event_from_classic' retrieved from /home/verma-tv/.local/lib/python3.11/site-packages/airflow/example_dags/example_inlet_event_extra.py
[2025-01-28T11:47:36.392+0530] {logging_mixin.py:190} INFO - [2025-01-28T11:47:36.391+0530] {dag.py:3239} INFO - Sync 2 DAGs
[2025-01-28T11:47:36.407+0530] {logging_mixin.py:190} INFO - [2025-01-28T11:47:36.406+0530] {dag.py:4180} INFO - Setting next_dagrun for read_dataset_event to 2025-01-27 00:00:00+00:00, run_after=2025-01-28 00:00:00+00:00
[2025-01-28T11:47:36.409+0530] {logging_mixin.py:190} INFO - [2025-01-28T11:47:36.409+0530] {dag.py:4180} INFO - Setting next_dagrun for read_dataset_event_from_classic to 2025-01-27 00:00:00+00:00, run_after=2025-01-28 00:00:00+00:00
[2025-01-28T11:47:36.423+0530] {processor.py:208} INFO - Processing /home/verma-tv/.local/lib/python3.11/site-packages/airflow/example_dags/example_inlet_event_extra.py took 0.061 seconds
[2025-01-28T11:48:55.683+0530] {processor.py:186} INFO - Started process (PID=19283) to work on /home/verma-tv/.local/lib/python3.11/site-packages/airflow/example_dags/example_inlet_event_extra.py
[2025-01-28T11:48:55.696+0530] {processor.py:914} INFO - Processing file /home/verma-tv/.local/lib/python3.11/site-packages/airflow/example_dags/example_inlet_event_extra.py for tasks to queue
[2025-01-28T11:48:55.698+0530] {logging_mixin.py:190} INFO - [2025-01-28T11:48:55.698+0530] {dagbag.py:588} INFO - Filling up the DagBag from /home/verma-tv/.local/lib/python3.11/site-packages/airflow/example_dags/example_inlet_event_extra.py
[2025-01-28T11:48:55.709+0530] {processor.py:925} INFO - DAG(s) 'read_dataset_event', 'read_dataset_event_from_classic' retrieved from /home/verma-tv/.local/lib/python3.11/site-packages/airflow/example_dags/example_inlet_event_extra.py
[2025-01-28T11:48:55.722+0530] {logging_mixin.py:190} INFO - [2025-01-28T11:48:55.722+0530] {dag.py:3239} INFO - Sync 2 DAGs
[2025-01-28T11:48:55.739+0530] {logging_mixin.py:190} INFO - [2025-01-28T11:48:55.739+0530] {dag.py:4180} INFO - Setting next_dagrun for read_dataset_event to 2025-01-27 00:00:00+00:00, run_after=2025-01-28 00:00:00+00:00
[2025-01-28T11:48:55.743+0530] {logging_mixin.py:190} INFO - [2025-01-28T11:48:55.743+0530] {dag.py:4180} INFO - Setting next_dagrun for read_dataset_event_from_classic to 2025-01-27 00:00:00+00:00, run_after=2025-01-28 00:00:00+00:00
[2025-01-28T11:48:55.762+0530] {processor.py:208} INFO - Processing /home/verma-tv/.local/lib/python3.11/site-packages/airflow/example_dags/example_inlet_event_extra.py took 0.084 seconds
[2025-01-28T11:50:08.544+0530] {processor.py:186} INFO - Started process (PID=19685) to work on /home/verma-tv/.local/lib/python3.11/site-packages/airflow/example_dags/example_inlet_event_extra.py
[2025-01-28T11:50:08.557+0530] {processor.py:914} INFO - Processing file /home/verma-tv/.local/lib/python3.11/site-packages/airflow/example_dags/example_inlet_event_extra.py for tasks to queue
[2025-01-28T11:50:08.559+0530] {logging_mixin.py:190} INFO - [2025-01-28T11:50:08.559+0530] {dagbag.py:588} INFO - Filling up the DagBag from /home/verma-tv/.local/lib/python3.11/site-packages/airflow/example_dags/example_inlet_event_extra.py
[2025-01-28T11:50:08.569+0530] {processor.py:925} INFO - DAG(s) 'read_dataset_event_from_classic', 'read_dataset_event' retrieved from /home/verma-tv/.local/lib/python3.11/site-packages/airflow/example_dags/example_inlet_event_extra.py
[2025-01-28T11:50:08.581+0530] {logging_mixin.py:190} INFO - [2025-01-28T11:50:08.581+0530] {dag.py:3239} INFO - Sync 2 DAGs
[2025-01-28T11:50:08.596+0530] {logging_mixin.py:190} INFO - [2025-01-28T11:50:08.596+0530] {dag.py:4180} INFO - Setting next_dagrun for read_dataset_event to 2025-01-27 00:00:00+00:00, run_after=2025-01-28 00:00:00+00:00
[2025-01-28T11:50:08.599+0530] {logging_mixin.py:190} INFO - [2025-01-28T11:50:08.599+0530] {dag.py:4180} INFO - Setting next_dagrun for read_dataset_event_from_classic to 2025-01-27 00:00:00+00:00, run_after=2025-01-28 00:00:00+00:00
[2025-01-28T11:50:08.611+0530] {processor.py:208} INFO - Processing /home/verma-tv/.local/lib/python3.11/site-packages/airflow/example_dags/example_inlet_event_extra.py took 0.071 seconds
[2025-01-28T11:51:24.109+0530] {processor.py:186} INFO - Started process (PID=19966) to work on /home/verma-tv/.local/lib/python3.11/site-packages/airflow/example_dags/example_inlet_event_extra.py
[2025-01-28T11:51:24.122+0530] {processor.py:914} INFO - Processing file /home/verma-tv/.local/lib/python3.11/site-packages/airflow/example_dags/example_inlet_event_extra.py for tasks to queue
[2025-01-28T11:51:24.124+0530] {logging_mixin.py:190} INFO - [2025-01-28T11:51:24.124+0530] {dagbag.py:588} INFO - Filling up the DagBag from /home/verma-tv/.local/lib/python3.11/site-packages/airflow/example_dags/example_inlet_event_extra.py
[2025-01-28T11:51:24.134+0530] {processor.py:925} INFO - DAG(s) 'read_dataset_event_from_classic', 'read_dataset_event' retrieved from /home/verma-tv/.local/lib/python3.11/site-packages/airflow/example_dags/example_inlet_event_extra.py
[2025-01-28T11:51:24.146+0530] {logging_mixin.py:190} INFO - [2025-01-28T11:51:24.146+0530] {dag.py:3239} INFO - Sync 2 DAGs
[2025-01-28T11:51:24.161+0530] {logging_mixin.py:190} INFO - [2025-01-28T11:51:24.161+0530] {dag.py:4180} INFO - Setting next_dagrun for read_dataset_event to 2025-01-27 00:00:00+00:00, run_after=2025-01-28 00:00:00+00:00
[2025-01-28T11:51:24.164+0530] {logging_mixin.py:190} INFO - [2025-01-28T11:51:24.163+0530] {dag.py:4180} INFO - Setting next_dagrun for read_dataset_event_from_classic to 2025-01-27 00:00:00+00:00, run_after=2025-01-28 00:00:00+00:00
[2025-01-28T11:51:24.176+0530] {processor.py:208} INFO - Processing /home/verma-tv/.local/lib/python3.11/site-packages/airflow/example_dags/example_inlet_event_extra.py took 0.072 seconds
