[2025-01-28T11:39:44.188+0530] {processor.py:186} INFO - Started process (PID=17142) to work on /home/verma-tv/.local/lib/python3.11/site-packages/airflow/example_dags/example_python_operator.py
[2025-01-28T11:39:44.189+0530] {processor.py:914} INFO - Processing file /home/verma-tv/.local/lib/python3.11/site-packages/airflow/example_dags/example_python_operator.py for tasks to queue
[2025-01-28T11:39:44.190+0530] {logging_mixin.py:190} INFO - [2025-01-28T11:39:44.190+0530] {dagbag.py:588} INFO - Filling up the DagBag from /home/verma-tv/.local/lib/python3.11/site-packages/airflow/example_dags/example_python_operator.py
[2025-01-28T11:39:44.204+0530] {processor.py:925} INFO - DAG(s) 'example_python_operator' retrieved from /home/verma-tv/.local/lib/python3.11/site-packages/airflow/example_dags/example_python_operator.py
[2025-01-28T11:39:44.312+0530] {logging_mixin.py:190} INFO - [2025-01-28T11:39:44.311+0530] {override.py:1912} INFO - Created Permission View: can read on DAG:example_python_operator
[2025-01-28T11:39:44.320+0530] {logging_mixin.py:190} INFO - [2025-01-28T11:39:44.319+0530] {override.py:1912} INFO - Created Permission View: can edit on DAG:example_python_operator
[2025-01-28T11:39:44.325+0530] {logging_mixin.py:190} INFO - [2025-01-28T11:39:44.325+0530] {override.py:1912} INFO - Created Permission View: can delete on DAG:example_python_operator
[2025-01-28T11:39:44.332+0530] {logging_mixin.py:190} INFO - [2025-01-28T11:39:44.332+0530] {override.py:1912} INFO - Created Permission View: can read on DAG Run:example_python_operator
[2025-01-28T11:39:44.338+0530] {logging_mixin.py:190} INFO - [2025-01-28T11:39:44.338+0530] {override.py:1912} INFO - Created Permission View: can delete on DAG Run:example_python_operator
[2025-01-28T11:39:44.344+0530] {logging_mixin.py:190} INFO - [2025-01-28T11:39:44.344+0530] {override.py:1912} INFO - Created Permission View: menu access on DAG Run:example_python_operator
[2025-01-28T11:39:44.349+0530] {logging_mixin.py:190} INFO - [2025-01-28T11:39:44.349+0530] {override.py:1912} INFO - Created Permission View: can create on DAG Run:example_python_operator
[2025-01-28T11:39:44.350+0530] {logging_mixin.py:190} INFO - [2025-01-28T11:39:44.349+0530] {dag.py:3239} INFO - Sync 1 DAGs
[2025-01-28T11:39:44.357+0530] {logging_mixin.py:190} INFO - [2025-01-28T11:39:44.357+0530] {dag.py:3262} INFO - Creating ORM DAG for example_python_operator
[2025-01-28T11:39:44.357+0530] {logging_mixin.py:190} INFO - [2025-01-28T11:39:44.357+0530] {dag.py:4180} INFO - Setting next_dagrun for example_python_operator to None, run_after=None
[2025-01-28T11:39:44.369+0530] {processor.py:208} INFO - Processing /home/verma-tv/.local/lib/python3.11/site-packages/airflow/example_dags/example_python_operator.py took 0.185 seconds
[2025-01-28T11:40:44.052+0530] {processor.py:186} INFO - Started process (PID=17334) to work on /home/verma-tv/.local/lib/python3.11/site-packages/airflow/example_dags/example_python_operator.py
[2025-01-28T11:40:44.064+0530] {processor.py:914} INFO - Processing file /home/verma-tv/.local/lib/python3.11/site-packages/airflow/example_dags/example_python_operator.py for tasks to queue
[2025-01-28T11:40:44.067+0530] {logging_mixin.py:190} INFO - [2025-01-28T11:40:44.067+0530] {dagbag.py:588} INFO - Filling up the DagBag from /home/verma-tv/.local/lib/python3.11/site-packages/airflow/example_dags/example_python_operator.py
[2025-01-28T11:40:44.081+0530] {processor.py:925} INFO - DAG(s) 'example_python_operator' retrieved from /home/verma-tv/.local/lib/python3.11/site-packages/airflow/example_dags/example_python_operator.py
[2025-01-28T11:40:44.093+0530] {logging_mixin.py:190} INFO - [2025-01-28T11:40:44.093+0530] {dag.py:3239} INFO - Sync 1 DAGs
[2025-01-28T11:40:44.101+0530] {logging_mixin.py:190} INFO - [2025-01-28T11:40:44.101+0530] {dag.py:4180} INFO - Setting next_dagrun for example_python_operator to None, run_after=None
[2025-01-28T11:40:44.116+0530] {processor.py:208} INFO - Processing /home/verma-tv/.local/lib/python3.11/site-packages/airflow/example_dags/example_python_operator.py took 0.068 seconds
[2025-01-28T11:41:38.594+0530] {processor.py:186} INFO - Started process (PID=17500) to work on /home/verma-tv/.local/lib/python3.11/site-packages/airflow/example_dags/example_python_operator.py
[2025-01-28T11:41:38.606+0530] {processor.py:914} INFO - Processing file /home/verma-tv/.local/lib/python3.11/site-packages/airflow/example_dags/example_python_operator.py for tasks to queue
[2025-01-28T11:41:38.609+0530] {logging_mixin.py:190} INFO - [2025-01-28T11:41:38.608+0530] {dagbag.py:588} INFO - Filling up the DagBag from /home/verma-tv/.local/lib/python3.11/site-packages/airflow/example_dags/example_python_operator.py
[2025-01-28T11:41:38.623+0530] {processor.py:925} INFO - DAG(s) 'example_python_operator' retrieved from /home/verma-tv/.local/lib/python3.11/site-packages/airflow/example_dags/example_python_operator.py
[2025-01-28T11:41:38.636+0530] {logging_mixin.py:190} INFO - [2025-01-28T11:41:38.636+0530] {dag.py:3239} INFO - Sync 1 DAGs
[2025-01-28T11:41:38.645+0530] {logging_mixin.py:190} INFO - [2025-01-28T11:41:38.645+0530] {dag.py:4180} INFO - Setting next_dagrun for example_python_operator to None, run_after=None
[2025-01-28T11:41:38.662+0530] {processor.py:208} INFO - Processing /home/verma-tv/.local/lib/python3.11/site-packages/airflow/example_dags/example_python_operator.py took 0.073 seconds
[2025-01-28T11:42:35.262+0530] {processor.py:186} INFO - Started process (PID=17691) to work on /home/verma-tv/.local/lib/python3.11/site-packages/airflow/example_dags/example_python_operator.py
[2025-01-28T11:42:35.264+0530] {processor.py:914} INFO - Processing file /home/verma-tv/.local/lib/python3.11/site-packages/airflow/example_dags/example_python_operator.py for tasks to queue
[2025-01-28T11:42:35.265+0530] {logging_mixin.py:190} INFO - [2025-01-28T11:42:35.265+0530] {dagbag.py:588} INFO - Filling up the DagBag from /home/verma-tv/.local/lib/python3.11/site-packages/airflow/example_dags/example_python_operator.py
[2025-01-28T11:42:35.279+0530] {processor.py:925} INFO - DAG(s) 'example_python_operator' retrieved from /home/verma-tv/.local/lib/python3.11/site-packages/airflow/example_dags/example_python_operator.py
[2025-01-28T11:42:35.291+0530] {logging_mixin.py:190} INFO - [2025-01-28T11:42:35.291+0530] {dag.py:3239} INFO - Sync 1 DAGs
[2025-01-28T11:42:35.300+0530] {logging_mixin.py:190} INFO - [2025-01-28T11:42:35.300+0530] {dag.py:4180} INFO - Setting next_dagrun for example_python_operator to None, run_after=None
[2025-01-28T11:42:35.315+0530] {processor.py:208} INFO - Processing /home/verma-tv/.local/lib/python3.11/site-packages/airflow/example_dags/example_python_operator.py took 0.057 seconds
[2025-01-28T11:43:26.690+0530] {processor.py:186} INFO - Started process (PID=17850) to work on /home/verma-tv/.local/lib/python3.11/site-packages/airflow/example_dags/example_python_operator.py
[2025-01-28T11:43:26.702+0530] {processor.py:914} INFO - Processing file /home/verma-tv/.local/lib/python3.11/site-packages/airflow/example_dags/example_python_operator.py for tasks to queue
[2025-01-28T11:43:26.705+0530] {logging_mixin.py:190} INFO - [2025-01-28T11:43:26.704+0530] {dagbag.py:588} INFO - Filling up the DagBag from /home/verma-tv/.local/lib/python3.11/site-packages/airflow/example_dags/example_python_operator.py
[2025-01-28T11:43:26.720+0530] {processor.py:925} INFO - DAG(s) 'example_python_operator' retrieved from /home/verma-tv/.local/lib/python3.11/site-packages/airflow/example_dags/example_python_operator.py
[2025-01-28T11:43:26.733+0530] {logging_mixin.py:190} INFO - [2025-01-28T11:43:26.733+0530] {dag.py:3239} INFO - Sync 1 DAGs
[2025-01-28T11:43:26.742+0530] {logging_mixin.py:190} INFO - [2025-01-28T11:43:26.742+0530] {dag.py:4180} INFO - Setting next_dagrun for example_python_operator to None, run_after=None
[2025-01-28T11:43:26.757+0530] {processor.py:208} INFO - Processing /home/verma-tv/.local/lib/python3.11/site-packages/airflow/example_dags/example_python_operator.py took 0.072 seconds
[2025-01-28T11:44:15.872+0530] {processor.py:186} INFO - Started process (PID=18032) to work on /home/verma-tv/.local/lib/python3.11/site-packages/airflow/example_dags/example_python_operator.py
[2025-01-28T11:44:15.885+0530] {processor.py:914} INFO - Processing file /home/verma-tv/.local/lib/python3.11/site-packages/airflow/example_dags/example_python_operator.py for tasks to queue
[2025-01-28T11:44:15.887+0530] {logging_mixin.py:190} INFO - [2025-01-28T11:44:15.887+0530] {dagbag.py:588} INFO - Filling up the DagBag from /home/verma-tv/.local/lib/python3.11/site-packages/airflow/example_dags/example_python_operator.py
[2025-01-28T11:44:15.901+0530] {processor.py:925} INFO - DAG(s) 'example_python_operator' retrieved from /home/verma-tv/.local/lib/python3.11/site-packages/airflow/example_dags/example_python_operator.py
[2025-01-28T11:44:15.913+0530] {logging_mixin.py:190} INFO - [2025-01-28T11:44:15.913+0530] {dag.py:3239} INFO - Sync 1 DAGs
[2025-01-28T11:44:15.921+0530] {logging_mixin.py:190} INFO - [2025-01-28T11:44:15.921+0530] {dag.py:4180} INFO - Setting next_dagrun for example_python_operator to None, run_after=None
[2025-01-28T11:44:15.935+0530] {processor.py:208} INFO - Processing /home/verma-tv/.local/lib/python3.11/site-packages/airflow/example_dags/example_python_operator.py took 0.067 seconds
[2025-01-28T11:45:06.797+0530] {processor.py:186} INFO - Started process (PID=18195) to work on /home/verma-tv/.local/lib/python3.11/site-packages/airflow/example_dags/example_python_operator.py
[2025-01-28T11:45:06.800+0530] {processor.py:914} INFO - Processing file /home/verma-tv/.local/lib/python3.11/site-packages/airflow/example_dags/example_python_operator.py for tasks to queue
[2025-01-28T11:45:06.803+0530] {logging_mixin.py:190} INFO - [2025-01-28T11:45:06.802+0530] {dagbag.py:588} INFO - Filling up the DagBag from /home/verma-tv/.local/lib/python3.11/site-packages/airflow/example_dags/example_python_operator.py
[2025-01-28T11:45:06.818+0530] {processor.py:925} INFO - DAG(s) 'example_python_operator' retrieved from /home/verma-tv/.local/lib/python3.11/site-packages/airflow/example_dags/example_python_operator.py
[2025-01-28T11:45:06.833+0530] {logging_mixin.py:190} INFO - [2025-01-28T11:45:06.833+0530] {dag.py:3239} INFO - Sync 1 DAGs
[2025-01-28T11:45:06.847+0530] {logging_mixin.py:190} INFO - [2025-01-28T11:45:06.847+0530] {dag.py:4180} INFO - Setting next_dagrun for example_python_operator to None, run_after=None
[2025-01-28T11:45:06.868+0530] {processor.py:208} INFO - Processing /home/verma-tv/.local/lib/python3.11/site-packages/airflow/example_dags/example_python_operator.py took 0.082 seconds
[2025-01-28T11:46:02.629+0530] {processor.py:186} INFO - Started process (PID=18366) to work on /home/verma-tv/.local/lib/python3.11/site-packages/airflow/example_dags/example_python_operator.py
[2025-01-28T11:46:02.630+0530] {processor.py:914} INFO - Processing file /home/verma-tv/.local/lib/python3.11/site-packages/airflow/example_dags/example_python_operator.py for tasks to queue
[2025-01-28T11:46:02.632+0530] {logging_mixin.py:190} INFO - [2025-01-28T11:46:02.632+0530] {dagbag.py:588} INFO - Filling up the DagBag from /home/verma-tv/.local/lib/python3.11/site-packages/airflow/example_dags/example_python_operator.py
[2025-01-28T11:46:02.651+0530] {processor.py:925} INFO - DAG(s) 'example_python_operator' retrieved from /home/verma-tv/.local/lib/python3.11/site-packages/airflow/example_dags/example_python_operator.py
[2025-01-28T11:46:02.666+0530] {logging_mixin.py:190} INFO - [2025-01-28T11:46:02.666+0530] {dag.py:3239} INFO - Sync 1 DAGs
[2025-01-28T11:46:02.678+0530] {logging_mixin.py:190} INFO - [2025-01-28T11:46:02.678+0530] {dag.py:4180} INFO - Setting next_dagrun for example_python_operator to None, run_after=None
[2025-01-28T11:46:02.696+0530] {processor.py:208} INFO - Processing /home/verma-tv/.local/lib/python3.11/site-packages/airflow/example_dags/example_python_operator.py took 0.075 seconds
[2025-01-28T11:46:55.273+0530] {processor.py:186} INFO - Started process (PID=18570) to work on /home/verma-tv/.local/lib/python3.11/site-packages/airflow/example_dags/example_python_operator.py
[2025-01-28T11:46:55.286+0530] {processor.py:914} INFO - Processing file /home/verma-tv/.local/lib/python3.11/site-packages/airflow/example_dags/example_python_operator.py for tasks to queue
[2025-01-28T11:46:55.288+0530] {logging_mixin.py:190} INFO - [2025-01-28T11:46:55.288+0530] {dagbag.py:588} INFO - Filling up the DagBag from /home/verma-tv/.local/lib/python3.11/site-packages/airflow/example_dags/example_python_operator.py
[2025-01-28T11:46:55.302+0530] {processor.py:925} INFO - DAG(s) 'example_python_operator' retrieved from /home/verma-tv/.local/lib/python3.11/site-packages/airflow/example_dags/example_python_operator.py
[2025-01-28T11:46:55.314+0530] {logging_mixin.py:190} INFO - [2025-01-28T11:46:55.314+0530] {dag.py:3239} INFO - Sync 1 DAGs
[2025-01-28T11:46:55.322+0530] {logging_mixin.py:190} INFO - [2025-01-28T11:46:55.322+0530] {dag.py:4180} INFO - Setting next_dagrun for example_python_operator to None, run_after=None
[2025-01-28T11:46:55.335+0530] {processor.py:208} INFO - Processing /home/verma-tv/.local/lib/python3.11/site-packages/airflow/example_dags/example_python_operator.py took 0.067 seconds
[2025-01-28T11:47:46.664+0530] {processor.py:186} INFO - Started process (PID=18917) to work on /home/verma-tv/.local/lib/python3.11/site-packages/airflow/example_dags/example_python_operator.py
[2025-01-28T11:47:46.666+0530] {processor.py:914} INFO - Processing file /home/verma-tv/.local/lib/python3.11/site-packages/airflow/example_dags/example_python_operator.py for tasks to queue
[2025-01-28T11:47:46.668+0530] {logging_mixin.py:190} INFO - [2025-01-28T11:47:46.668+0530] {dagbag.py:588} INFO - Filling up the DagBag from /home/verma-tv/.local/lib/python3.11/site-packages/airflow/example_dags/example_python_operator.py
[2025-01-28T11:47:46.682+0530] {processor.py:925} INFO - DAG(s) 'example_python_operator' retrieved from /home/verma-tv/.local/lib/python3.11/site-packages/airflow/example_dags/example_python_operator.py
[2025-01-28T11:47:46.695+0530] {logging_mixin.py:190} INFO - [2025-01-28T11:47:46.694+0530] {dag.py:3239} INFO - Sync 1 DAGs
[2025-01-28T11:47:46.703+0530] {logging_mixin.py:190} INFO - [2025-01-28T11:47:46.703+0530] {dag.py:4180} INFO - Setting next_dagrun for example_python_operator to None, run_after=None
[2025-01-28T11:47:46.719+0530] {processor.py:208} INFO - Processing /home/verma-tv/.local/lib/python3.11/site-packages/airflow/example_dags/example_python_operator.py took 0.059 seconds
[2025-01-28T11:48:40.451+0530] {processor.py:186} INFO - Started process (PID=19134) to work on /home/verma-tv/.local/lib/python3.11/site-packages/airflow/example_dags/example_python_operator.py
[2025-01-28T11:48:40.463+0530] {processor.py:914} INFO - Processing file /home/verma-tv/.local/lib/python3.11/site-packages/airflow/example_dags/example_python_operator.py for tasks to queue
[2025-01-28T11:48:40.466+0530] {logging_mixin.py:190} INFO - [2025-01-28T11:48:40.465+0530] {dagbag.py:588} INFO - Filling up the DagBag from /home/verma-tv/.local/lib/python3.11/site-packages/airflow/example_dags/example_python_operator.py
[2025-01-28T11:48:40.479+0530] {processor.py:925} INFO - DAG(s) 'example_python_operator' retrieved from /home/verma-tv/.local/lib/python3.11/site-packages/airflow/example_dags/example_python_operator.py
[2025-01-28T11:48:40.491+0530] {logging_mixin.py:190} INFO - [2025-01-28T11:48:40.491+0530] {dag.py:3239} INFO - Sync 1 DAGs
[2025-01-28T11:48:40.500+0530] {logging_mixin.py:190} INFO - [2025-01-28T11:48:40.499+0530] {dag.py:4180} INFO - Setting next_dagrun for example_python_operator to None, run_after=None
[2025-01-28T11:48:40.515+0530] {processor.py:208} INFO - Processing /home/verma-tv/.local/lib/python3.11/site-packages/airflow/example_dags/example_python_operator.py took 0.068 seconds
[2025-01-28T11:49:31.951+0530] {processor.py:186} INFO - Started process (PID=19450) to work on /home/verma-tv/.local/lib/python3.11/site-packages/airflow/example_dags/example_python_operator.py
[2025-01-28T11:49:31.964+0530] {processor.py:914} INFO - Processing file /home/verma-tv/.local/lib/python3.11/site-packages/airflow/example_dags/example_python_operator.py for tasks to queue
[2025-01-28T11:49:31.966+0530] {logging_mixin.py:190} INFO - [2025-01-28T11:49:31.966+0530] {dagbag.py:588} INFO - Filling up the DagBag from /home/verma-tv/.local/lib/python3.11/site-packages/airflow/example_dags/example_python_operator.py
[2025-01-28T11:49:31.980+0530] {processor.py:925} INFO - DAG(s) 'example_python_operator' retrieved from /home/verma-tv/.local/lib/python3.11/site-packages/airflow/example_dags/example_python_operator.py
[2025-01-28T11:49:31.992+0530] {logging_mixin.py:190} INFO - [2025-01-28T11:49:31.992+0530] {dag.py:3239} INFO - Sync 1 DAGs
[2025-01-28T11:49:32.000+0530] {logging_mixin.py:190} INFO - [2025-01-28T11:49:32.000+0530] {dag.py:4180} INFO - Setting next_dagrun for example_python_operator to None, run_after=None
[2025-01-28T11:49:32.014+0530] {processor.py:208} INFO - Processing /home/verma-tv/.local/lib/python3.11/site-packages/airflow/example_dags/example_python_operator.py took 0.067 seconds
[2025-01-28T11:50:18.828+0530] {processor.py:186} INFO - Started process (PID=19768) to work on /home/verma-tv/.local/lib/python3.11/site-packages/airflow/example_dags/example_python_operator.py
[2025-01-28T11:50:18.840+0530] {processor.py:914} INFO - Processing file /home/verma-tv/.local/lib/python3.11/site-packages/airflow/example_dags/example_python_operator.py for tasks to queue
[2025-01-28T11:50:18.842+0530] {logging_mixin.py:190} INFO - [2025-01-28T11:50:18.842+0530] {dagbag.py:588} INFO - Filling up the DagBag from /home/verma-tv/.local/lib/python3.11/site-packages/airflow/example_dags/example_python_operator.py
[2025-01-28T11:50:18.857+0530] {processor.py:925} INFO - DAG(s) 'example_python_operator' retrieved from /home/verma-tv/.local/lib/python3.11/site-packages/airflow/example_dags/example_python_operator.py
[2025-01-28T11:50:18.874+0530] {logging_mixin.py:190} INFO - [2025-01-28T11:50:18.874+0530] {dag.py:3239} INFO - Sync 1 DAGs
[2025-01-28T11:50:18.886+0530] {logging_mixin.py:190} INFO - [2025-01-28T11:50:18.886+0530] {dag.py:4180} INFO - Setting next_dagrun for example_python_operator to None, run_after=None
[2025-01-28T11:50:18.901+0530] {processor.py:208} INFO - Processing /home/verma-tv/.local/lib/python3.11/site-packages/airflow/example_dags/example_python_operator.py took 0.078 seconds
[2025-01-28T11:51:10.114+0530] {processor.py:186} INFO - Started process (PID=19892) to work on /home/verma-tv/.local/lib/python3.11/site-packages/airflow/example_dags/example_python_operator.py
[2025-01-28T11:51:10.126+0530] {processor.py:914} INFO - Processing file /home/verma-tv/.local/lib/python3.11/site-packages/airflow/example_dags/example_python_operator.py for tasks to queue
[2025-01-28T11:51:10.128+0530] {logging_mixin.py:190} INFO - [2025-01-28T11:51:10.128+0530] {dagbag.py:588} INFO - Filling up the DagBag from /home/verma-tv/.local/lib/python3.11/site-packages/airflow/example_dags/example_python_operator.py
[2025-01-28T11:51:10.143+0530] {processor.py:925} INFO - DAG(s) 'example_python_operator' retrieved from /home/verma-tv/.local/lib/python3.11/site-packages/airflow/example_dags/example_python_operator.py
[2025-01-28T11:51:10.155+0530] {logging_mixin.py:190} INFO - [2025-01-28T11:51:10.155+0530] {dag.py:3239} INFO - Sync 1 DAGs
[2025-01-28T11:51:10.164+0530] {logging_mixin.py:190} INFO - [2025-01-28T11:51:10.164+0530] {dag.py:4180} INFO - Setting next_dagrun for example_python_operator to None, run_after=None
[2025-01-28T11:51:10.179+0530] {processor.py:208} INFO - Processing /home/verma-tv/.local/lib/python3.11/site-packages/airflow/example_dags/example_python_operator.py took 0.069 seconds
[2025-01-28T11:52:01.361+0530] {processor.py:186} INFO - Started process (PID=20332) to work on /home/verma-tv/.local/lib/python3.11/site-packages/airflow/example_dags/example_python_operator.py
[2025-01-28T11:52:01.373+0530] {processor.py:914} INFO - Processing file /home/verma-tv/.local/lib/python3.11/site-packages/airflow/example_dags/example_python_operator.py for tasks to queue
[2025-01-28T11:52:01.376+0530] {logging_mixin.py:190} INFO - [2025-01-28T11:52:01.376+0530] {dagbag.py:588} INFO - Filling up the DagBag from /home/verma-tv/.local/lib/python3.11/site-packages/airflow/example_dags/example_python_operator.py
[2025-01-28T11:52:01.390+0530] {processor.py:925} INFO - DAG(s) 'example_python_operator' retrieved from /home/verma-tv/.local/lib/python3.11/site-packages/airflow/example_dags/example_python_operator.py
[2025-01-28T11:52:01.402+0530] {logging_mixin.py:190} INFO - [2025-01-28T11:52:01.402+0530] {dag.py:3239} INFO - Sync 1 DAGs
[2025-01-28T11:52:01.410+0530] {logging_mixin.py:190} INFO - [2025-01-28T11:52:01.410+0530] {dag.py:4180} INFO - Setting next_dagrun for example_python_operator to None, run_after=None
[2025-01-28T11:52:01.424+0530] {processor.py:208} INFO - Processing /home/verma-tv/.local/lib/python3.11/site-packages/airflow/example_dags/example_python_operator.py took 0.067 seconds
