[2025-01-28T11:39:59.430+0530] {processor.py:186} INFO - Started process (PID=17168) to work on /home/verma-tv/.local/lib/python3.11/site-packages/airflow/example_dags/example_dynamic_task_mapping_with_no_taskflow_operators.py
[2025-01-28T11:39:59.430+0530] {processor.py:914} INFO - Processing file /home/verma-tv/.local/lib/python3.11/site-packages/airflow/example_dags/example_dynamic_task_mapping_with_no_taskflow_operators.py for tasks to queue
[2025-01-28T11:39:59.432+0530] {logging_mixin.py:190} INFO - [2025-01-28T11:39:59.432+0530] {dagbag.py:588} INFO - Filling up the DagBag from /home/verma-tv/.local/lib/python3.11/site-packages/airflow/example_dags/example_dynamic_task_mapping_with_no_taskflow_operators.py
[2025-01-28T11:39:59.439+0530] {processor.py:925} INFO - DAG(s) 'example_dynamic_task_mapping_with_no_taskflow_operators' retrieved from /home/verma-tv/.local/lib/python3.11/site-packages/airflow/example_dags/example_dynamic_task_mapping_with_no_taskflow_operators.py
[2025-01-28T11:39:59.542+0530] {logging_mixin.py:190} INFO - [2025-01-28T11:39:59.541+0530] {override.py:1912} INFO - Created Permission View: can read on DAG:example_dynamic_task_mapping_with_no_taskflow_operators
[2025-01-28T11:39:59.549+0530] {logging_mixin.py:190} INFO - [2025-01-28T11:39:59.549+0530] {override.py:1912} INFO - Created Permission View: can edit on DAG:example_dynamic_task_mapping_with_no_taskflow_operators
[2025-01-28T11:39:59.554+0530] {logging_mixin.py:190} INFO - [2025-01-28T11:39:59.554+0530] {override.py:1912} INFO - Created Permission View: can delete on DAG:example_dynamic_task_mapping_with_no_taskflow_operators
[2025-01-28T11:39:59.561+0530] {logging_mixin.py:190} INFO - [2025-01-28T11:39:59.561+0530] {override.py:1912} INFO - Created Permission View: can read on DAG Run:example_dynamic_task_mapping_with_no_taskflow_operators
[2025-01-28T11:39:59.566+0530] {logging_mixin.py:190} INFO - [2025-01-28T11:39:59.566+0530] {override.py:1912} INFO - Created Permission View: can delete on DAG Run:example_dynamic_task_mapping_with_no_taskflow_operators
[2025-01-28T11:39:59.571+0530] {logging_mixin.py:190} INFO - [2025-01-28T11:39:59.571+0530] {override.py:1912} INFO - Created Permission View: menu access on DAG Run:example_dynamic_task_mapping_with_no_taskflow_operators
[2025-01-28T11:39:59.576+0530] {logging_mixin.py:190} INFO - [2025-01-28T11:39:59.576+0530] {override.py:1912} INFO - Created Permission View: can create on DAG Run:example_dynamic_task_mapping_with_no_taskflow_operators
[2025-01-28T11:39:59.576+0530] {logging_mixin.py:190} INFO - [2025-01-28T11:39:59.576+0530] {dag.py:3239} INFO - Sync 1 DAGs
[2025-01-28T11:39:59.583+0530] {logging_mixin.py:190} INFO - [2025-01-28T11:39:59.583+0530] {dag.py:3262} INFO - Creating ORM DAG for example_dynamic_task_mapping_with_no_taskflow_operators
[2025-01-28T11:39:59.584+0530] {logging_mixin.py:190} INFO - [2025-01-28T11:39:59.584+0530] {dag.py:4180} INFO - Setting next_dagrun for example_dynamic_task_mapping_with_no_taskflow_operators to None, run_after=None
[2025-01-28T11:39:59.595+0530] {processor.py:208} INFO - Processing /home/verma-tv/.local/lib/python3.11/site-packages/airflow/example_dags/example_dynamic_task_mapping_with_no_taskflow_operators.py took 0.169 seconds
[2025-01-28T11:40:58.147+0530] {processor.py:186} INFO - Started process (PID=17361) to work on /home/verma-tv/.local/lib/python3.11/site-packages/airflow/example_dags/example_dynamic_task_mapping_with_no_taskflow_operators.py
[2025-01-28T11:40:58.159+0530] {processor.py:914} INFO - Processing file /home/verma-tv/.local/lib/python3.11/site-packages/airflow/example_dags/example_dynamic_task_mapping_with_no_taskflow_operators.py for tasks to queue
[2025-01-28T11:40:58.161+0530] {logging_mixin.py:190} INFO - [2025-01-28T11:40:58.161+0530] {dagbag.py:588} INFO - Filling up the DagBag from /home/verma-tv/.local/lib/python3.11/site-packages/airflow/example_dags/example_dynamic_task_mapping_with_no_taskflow_operators.py
[2025-01-28T11:40:58.168+0530] {processor.py:925} INFO - DAG(s) 'example_dynamic_task_mapping_with_no_taskflow_operators' retrieved from /home/verma-tv/.local/lib/python3.11/site-packages/airflow/example_dags/example_dynamic_task_mapping_with_no_taskflow_operators.py
[2025-01-28T11:40:58.179+0530] {logging_mixin.py:190} INFO - [2025-01-28T11:40:58.179+0530] {dag.py:3239} INFO - Sync 1 DAGs
[2025-01-28T11:40:58.188+0530] {logging_mixin.py:190} INFO - [2025-01-28T11:40:58.188+0530] {dag.py:4180} INFO - Setting next_dagrun for example_dynamic_task_mapping_with_no_taskflow_operators to None, run_after=None
[2025-01-28T11:40:58.202+0530] {processor.py:208} INFO - Processing /home/verma-tv/.local/lib/python3.11/site-packages/airflow/example_dags/example_dynamic_task_mapping_with_no_taskflow_operators.py took 0.059 seconds
[2025-01-28T11:41:53.228+0530] {processor.py:186} INFO - Started process (PID=17527) to work on /home/verma-tv/.local/lib/python3.11/site-packages/airflow/example_dags/example_dynamic_task_mapping_with_no_taskflow_operators.py
[2025-01-28T11:41:53.241+0530] {processor.py:914} INFO - Processing file /home/verma-tv/.local/lib/python3.11/site-packages/airflow/example_dags/example_dynamic_task_mapping_with_no_taskflow_operators.py for tasks to queue
[2025-01-28T11:41:53.243+0530] {logging_mixin.py:190} INFO - [2025-01-28T11:41:53.243+0530] {dagbag.py:588} INFO - Filling up the DagBag from /home/verma-tv/.local/lib/python3.11/site-packages/airflow/example_dags/example_dynamic_task_mapping_with_no_taskflow_operators.py
[2025-01-28T11:41:53.250+0530] {processor.py:925} INFO - DAG(s) 'example_dynamic_task_mapping_with_no_taskflow_operators' retrieved from /home/verma-tv/.local/lib/python3.11/site-packages/airflow/example_dags/example_dynamic_task_mapping_with_no_taskflow_operators.py
[2025-01-28T11:41:53.262+0530] {logging_mixin.py:190} INFO - [2025-01-28T11:41:53.261+0530] {dag.py:3239} INFO - Sync 1 DAGs
[2025-01-28T11:41:53.270+0530] {logging_mixin.py:190} INFO - [2025-01-28T11:41:53.270+0530] {dag.py:4180} INFO - Setting next_dagrun for example_dynamic_task_mapping_with_no_taskflow_operators to None, run_after=None
[2025-01-28T11:41:53.283+0530] {processor.py:208} INFO - Processing /home/verma-tv/.local/lib/python3.11/site-packages/airflow/example_dags/example_dynamic_task_mapping_with_no_taskflow_operators.py took 0.060 seconds
[2025-01-28T11:42:48.382+0530] {processor.py:186} INFO - Started process (PID=17717) to work on /home/verma-tv/.local/lib/python3.11/site-packages/airflow/example_dags/example_dynamic_task_mapping_with_no_taskflow_operators.py
[2025-01-28T11:42:48.394+0530] {processor.py:914} INFO - Processing file /home/verma-tv/.local/lib/python3.11/site-packages/airflow/example_dags/example_dynamic_task_mapping_with_no_taskflow_operators.py for tasks to queue
[2025-01-28T11:42:48.396+0530] {logging_mixin.py:190} INFO - [2025-01-28T11:42:48.395+0530] {dagbag.py:588} INFO - Filling up the DagBag from /home/verma-tv/.local/lib/python3.11/site-packages/airflow/example_dags/example_dynamic_task_mapping_with_no_taskflow_operators.py
[2025-01-28T11:42:48.403+0530] {processor.py:925} INFO - DAG(s) 'example_dynamic_task_mapping_with_no_taskflow_operators' retrieved from /home/verma-tv/.local/lib/python3.11/site-packages/airflow/example_dags/example_dynamic_task_mapping_with_no_taskflow_operators.py
[2025-01-28T11:42:48.414+0530] {logging_mixin.py:190} INFO - [2025-01-28T11:42:48.414+0530] {dag.py:3239} INFO - Sync 1 DAGs
[2025-01-28T11:42:48.423+0530] {logging_mixin.py:190} INFO - [2025-01-28T11:42:48.422+0530] {dag.py:4180} INFO - Setting next_dagrun for example_dynamic_task_mapping_with_no_taskflow_operators to None, run_after=None
[2025-01-28T11:42:48.436+0530] {processor.py:208} INFO - Processing /home/verma-tv/.local/lib/python3.11/site-packages/airflow/example_dags/example_dynamic_task_mapping_with_no_taskflow_operators.py took 0.060 seconds
[2025-01-28T11:44:04.136+0530] {processor.py:186} INFO - Started process (PID=17925) to work on /home/verma-tv/.local/lib/python3.11/site-packages/airflow/example_dags/example_dynamic_task_mapping_with_no_taskflow_operators.py
[2025-01-28T11:44:04.149+0530] {processor.py:914} INFO - Processing file /home/verma-tv/.local/lib/python3.11/site-packages/airflow/example_dags/example_dynamic_task_mapping_with_no_taskflow_operators.py for tasks to queue
[2025-01-28T11:44:04.151+0530] {logging_mixin.py:190} INFO - [2025-01-28T11:44:04.151+0530] {dagbag.py:588} INFO - Filling up the DagBag from /home/verma-tv/.local/lib/python3.11/site-packages/airflow/example_dags/example_dynamic_task_mapping_with_no_taskflow_operators.py
[2025-01-28T11:44:04.158+0530] {processor.py:925} INFO - DAG(s) 'example_dynamic_task_mapping_with_no_taskflow_operators' retrieved from /home/verma-tv/.local/lib/python3.11/site-packages/airflow/example_dags/example_dynamic_task_mapping_with_no_taskflow_operators.py
[2025-01-28T11:44:04.169+0530] {logging_mixin.py:190} INFO - [2025-01-28T11:44:04.169+0530] {dag.py:3239} INFO - Sync 1 DAGs
[2025-01-28T11:44:04.178+0530] {logging_mixin.py:190} INFO - [2025-01-28T11:44:04.178+0530] {dag.py:4180} INFO - Setting next_dagrun for example_dynamic_task_mapping_with_no_taskflow_operators to None, run_after=None
[2025-01-28T11:44:04.193+0530] {processor.py:208} INFO - Processing /home/verma-tv/.local/lib/python3.11/site-packages/airflow/example_dags/example_dynamic_task_mapping_with_no_taskflow_operators.py took 0.061 seconds
[2025-01-28T11:45:21.327+0530] {processor.py:186} INFO - Started process (PID=18287) to work on /home/verma-tv/.local/lib/python3.11/site-packages/airflow/example_dags/example_dynamic_task_mapping_with_no_taskflow_operators.py
[2025-01-28T11:45:21.340+0530] {processor.py:914} INFO - Processing file /home/verma-tv/.local/lib/python3.11/site-packages/airflow/example_dags/example_dynamic_task_mapping_with_no_taskflow_operators.py for tasks to queue
[2025-01-28T11:45:21.342+0530] {logging_mixin.py:190} INFO - [2025-01-28T11:45:21.342+0530] {dagbag.py:588} INFO - Filling up the DagBag from /home/verma-tv/.local/lib/python3.11/site-packages/airflow/example_dags/example_dynamic_task_mapping_with_no_taskflow_operators.py
[2025-01-28T11:45:21.353+0530] {processor.py:925} INFO - DAG(s) 'example_dynamic_task_mapping_with_no_taskflow_operators' retrieved from /home/verma-tv/.local/lib/python3.11/site-packages/airflow/example_dags/example_dynamic_task_mapping_with_no_taskflow_operators.py
[2025-01-28T11:45:21.364+0530] {logging_mixin.py:190} INFO - [2025-01-28T11:45:21.364+0530] {dag.py:3239} INFO - Sync 1 DAGs
[2025-01-28T11:45:21.375+0530] {logging_mixin.py:190} INFO - [2025-01-28T11:45:21.375+0530] {dag.py:4180} INFO - Setting next_dagrun for example_dynamic_task_mapping_with_no_taskflow_operators to None, run_after=None
[2025-01-28T11:45:21.396+0530] {processor.py:208} INFO - Processing /home/verma-tv/.local/lib/python3.11/site-packages/airflow/example_dags/example_dynamic_task_mapping_with_no_taskflow_operators.py took 0.074 seconds
[2025-01-28T11:46:17.032+0530] {processor.py:186} INFO - Started process (PID=18453) to work on /home/verma-tv/.local/lib/python3.11/site-packages/airflow/example_dags/example_dynamic_task_mapping_with_no_taskflow_operators.py
[2025-01-28T11:46:17.033+0530] {processor.py:914} INFO - Processing file /home/verma-tv/.local/lib/python3.11/site-packages/airflow/example_dags/example_dynamic_task_mapping_with_no_taskflow_operators.py for tasks to queue
[2025-01-28T11:46:17.035+0530] {logging_mixin.py:190} INFO - [2025-01-28T11:46:17.035+0530] {dagbag.py:588} INFO - Filling up the DagBag from /home/verma-tv/.local/lib/python3.11/site-packages/airflow/example_dags/example_dynamic_task_mapping_with_no_taskflow_operators.py
[2025-01-28T11:46:17.048+0530] {processor.py:925} INFO - DAG(s) 'example_dynamic_task_mapping_with_no_taskflow_operators' retrieved from /home/verma-tv/.local/lib/python3.11/site-packages/airflow/example_dags/example_dynamic_task_mapping_with_no_taskflow_operators.py
[2025-01-28T11:46:17.063+0530] {logging_mixin.py:190} INFO - [2025-01-28T11:46:17.063+0530] {dag.py:3239} INFO - Sync 1 DAGs
[2025-01-28T11:46:17.075+0530] {logging_mixin.py:190} INFO - [2025-01-28T11:46:17.075+0530] {dag.py:4180} INFO - Setting next_dagrun for example_dynamic_task_mapping_with_no_taskflow_operators to None, run_after=None
[2025-01-28T11:46:17.091+0530] {processor.py:208} INFO - Processing /home/verma-tv/.local/lib/python3.11/site-packages/airflow/example_dags/example_dynamic_task_mapping_with_no_taskflow_operators.py took 0.064 seconds
[2025-01-28T11:47:08.340+0530] {processor.py:186} INFO - Started process (PID=18643) to work on /home/verma-tv/.local/lib/python3.11/site-packages/airflow/example_dags/example_dynamic_task_mapping_with_no_taskflow_operators.py
[2025-01-28T11:47:08.342+0530] {processor.py:914} INFO - Processing file /home/verma-tv/.local/lib/python3.11/site-packages/airflow/example_dags/example_dynamic_task_mapping_with_no_taskflow_operators.py for tasks to queue
[2025-01-28T11:47:08.346+0530] {logging_mixin.py:190} INFO - [2025-01-28T11:47:08.346+0530] {dagbag.py:588} INFO - Filling up the DagBag from /home/verma-tv/.local/lib/python3.11/site-packages/airflow/example_dags/example_dynamic_task_mapping_with_no_taskflow_operators.py
[2025-01-28T11:47:08.360+0530] {processor.py:925} INFO - DAG(s) 'example_dynamic_task_mapping_with_no_taskflow_operators' retrieved from /home/verma-tv/.local/lib/python3.11/site-packages/airflow/example_dags/example_dynamic_task_mapping_with_no_taskflow_operators.py
[2025-01-28T11:47:08.380+0530] {logging_mixin.py:190} INFO - [2025-01-28T11:47:08.379+0530] {dag.py:3239} INFO - Sync 1 DAGs
[2025-01-28T11:47:08.395+0530] {logging_mixin.py:190} INFO - [2025-01-28T11:47:08.394+0530] {dag.py:4180} INFO - Setting next_dagrun for example_dynamic_task_mapping_with_no_taskflow_operators to None, run_after=None
[2025-01-28T11:47:08.416+0530] {processor.py:208} INFO - Processing /home/verma-tv/.local/lib/python3.11/site-packages/airflow/example_dags/example_dynamic_task_mapping_with_no_taskflow_operators.py took 0.085 seconds
[2025-01-28T11:48:01.082+0530] {processor.py:186} INFO - Started process (PID=18950) to work on /home/verma-tv/.local/lib/python3.11/site-packages/airflow/example_dags/example_dynamic_task_mapping_with_no_taskflow_operators.py
[2025-01-28T11:48:01.094+0530] {processor.py:914} INFO - Processing file /home/verma-tv/.local/lib/python3.11/site-packages/airflow/example_dags/example_dynamic_task_mapping_with_no_taskflow_operators.py for tasks to queue
[2025-01-28T11:48:01.097+0530] {logging_mixin.py:190} INFO - [2025-01-28T11:48:01.096+0530] {dagbag.py:588} INFO - Filling up the DagBag from /home/verma-tv/.local/lib/python3.11/site-packages/airflow/example_dags/example_dynamic_task_mapping_with_no_taskflow_operators.py
[2025-01-28T11:48:01.103+0530] {processor.py:925} INFO - DAG(s) 'example_dynamic_task_mapping_with_no_taskflow_operators' retrieved from /home/verma-tv/.local/lib/python3.11/site-packages/airflow/example_dags/example_dynamic_task_mapping_with_no_taskflow_operators.py
[2025-01-28T11:48:01.114+0530] {logging_mixin.py:190} INFO - [2025-01-28T11:48:01.114+0530] {dag.py:3239} INFO - Sync 1 DAGs
[2025-01-28T11:48:01.123+0530] {logging_mixin.py:190} INFO - [2025-01-28T11:48:01.122+0530] {dag.py:4180} INFO - Setting next_dagrun for example_dynamic_task_mapping_with_no_taskflow_operators to None, run_after=None
[2025-01-28T11:48:01.136+0530] {processor.py:208} INFO - Processing /home/verma-tv/.local/lib/python3.11/site-packages/airflow/example_dags/example_dynamic_task_mapping_with_no_taskflow_operators.py took 0.059 seconds
[2025-01-28T11:48:54.549+0530] {processor.py:186} INFO - Started process (PID=19238) to work on /home/verma-tv/.local/lib/python3.11/site-packages/airflow/example_dags/example_dynamic_task_mapping_with_no_taskflow_operators.py
[2025-01-28T11:48:54.561+0530] {processor.py:914} INFO - Processing file /home/verma-tv/.local/lib/python3.11/site-packages/airflow/example_dags/example_dynamic_task_mapping_with_no_taskflow_operators.py for tasks to queue
[2025-01-28T11:48:54.563+0530] {logging_mixin.py:190} INFO - [2025-01-28T11:48:54.563+0530] {dagbag.py:588} INFO - Filling up the DagBag from /home/verma-tv/.local/lib/python3.11/site-packages/airflow/example_dags/example_dynamic_task_mapping_with_no_taskflow_operators.py
[2025-01-28T11:48:54.570+0530] {processor.py:925} INFO - DAG(s) 'example_dynamic_task_mapping_with_no_taskflow_operators' retrieved from /home/verma-tv/.local/lib/python3.11/site-packages/airflow/example_dags/example_dynamic_task_mapping_with_no_taskflow_operators.py
[2025-01-28T11:48:54.582+0530] {logging_mixin.py:190} INFO - [2025-01-28T11:48:54.582+0530] {dag.py:3239} INFO - Sync 1 DAGs
[2025-01-28T11:48:54.590+0530] {logging_mixin.py:190} INFO - [2025-01-28T11:48:54.590+0530] {dag.py:4180} INFO - Setting next_dagrun for example_dynamic_task_mapping_with_no_taskflow_operators to None, run_after=None
[2025-01-28T11:48:54.604+0530] {processor.py:208} INFO - Processing /home/verma-tv/.local/lib/python3.11/site-packages/airflow/example_dags/example_dynamic_task_mapping_with_no_taskflow_operators.py took 0.060 seconds
[2025-01-28T11:50:07.010+0530] {processor.py:186} INFO - Started process (PID=19683) to work on /home/verma-tv/.local/lib/python3.11/site-packages/airflow/example_dags/example_dynamic_task_mapping_with_no_taskflow_operators.py
[2025-01-28T11:50:07.011+0530] {processor.py:914} INFO - Processing file /home/verma-tv/.local/lib/python3.11/site-packages/airflow/example_dags/example_dynamic_task_mapping_with_no_taskflow_operators.py for tasks to queue
[2025-01-28T11:50:07.013+0530] {logging_mixin.py:190} INFO - [2025-01-28T11:50:07.013+0530] {dagbag.py:588} INFO - Filling up the DagBag from /home/verma-tv/.local/lib/python3.11/site-packages/airflow/example_dags/example_dynamic_task_mapping_with_no_taskflow_operators.py
[2025-01-28T11:50:07.020+0530] {processor.py:925} INFO - DAG(s) 'example_dynamic_task_mapping_with_no_taskflow_operators' retrieved from /home/verma-tv/.local/lib/python3.11/site-packages/airflow/example_dags/example_dynamic_task_mapping_with_no_taskflow_operators.py
[2025-01-28T11:50:07.031+0530] {logging_mixin.py:190} INFO - [2025-01-28T11:50:07.031+0530] {dag.py:3239} INFO - Sync 1 DAGs
[2025-01-28T11:50:07.039+0530] {logging_mixin.py:190} INFO - [2025-01-28T11:50:07.039+0530] {dag.py:4180} INFO - Setting next_dagrun for example_dynamic_task_mapping_with_no_taskflow_operators to None, run_after=None
[2025-01-28T11:50:07.053+0530] {processor.py:208} INFO - Processing /home/verma-tv/.local/lib/python3.11/site-packages/airflow/example_dags/example_dynamic_task_mapping_with_no_taskflow_operators.py took 0.047 seconds
[2025-01-28T11:51:20.307+0530] {processor.py:186} INFO - Started process (PID=19962) to work on /home/verma-tv/.local/lib/python3.11/site-packages/airflow/example_dags/example_dynamic_task_mapping_with_no_taskflow_operators.py
[2025-01-28T11:51:20.319+0530] {processor.py:914} INFO - Processing file /home/verma-tv/.local/lib/python3.11/site-packages/airflow/example_dags/example_dynamic_task_mapping_with_no_taskflow_operators.py for tasks to queue
[2025-01-28T11:51:20.322+0530] {logging_mixin.py:190} INFO - [2025-01-28T11:51:20.322+0530] {dagbag.py:588} INFO - Filling up the DagBag from /home/verma-tv/.local/lib/python3.11/site-packages/airflow/example_dags/example_dynamic_task_mapping_with_no_taskflow_operators.py
[2025-01-28T11:51:20.329+0530] {processor.py:925} INFO - DAG(s) 'example_dynamic_task_mapping_with_no_taskflow_operators' retrieved from /home/verma-tv/.local/lib/python3.11/site-packages/airflow/example_dags/example_dynamic_task_mapping_with_no_taskflow_operators.py
[2025-01-28T11:51:20.340+0530] {logging_mixin.py:190} INFO - [2025-01-28T11:51:20.340+0530] {dag.py:3239} INFO - Sync 1 DAGs
[2025-01-28T11:51:20.350+0530] {logging_mixin.py:190} INFO - [2025-01-28T11:51:20.349+0530] {dag.py:4180} INFO - Setting next_dagrun for example_dynamic_task_mapping_with_no_taskflow_operators to None, run_after=None
[2025-01-28T11:51:20.364+0530] {processor.py:208} INFO - Processing /home/verma-tv/.local/lib/python3.11/site-packages/airflow/example_dags/example_dynamic_task_mapping_with_no_taskflow_operators.py took 0.062 seconds
[2025-01-28T11:52:14.023+0530] {processor.py:186} INFO - Started process (PID=20483) to work on /home/verma-tv/.local/lib/python3.11/site-packages/airflow/example_dags/example_dynamic_task_mapping_with_no_taskflow_operators.py
[2025-01-28T11:52:14.035+0530] {processor.py:914} INFO - Processing file /home/verma-tv/.local/lib/python3.11/site-packages/airflow/example_dags/example_dynamic_task_mapping_with_no_taskflow_operators.py for tasks to queue
[2025-01-28T11:52:14.037+0530] {logging_mixin.py:190} INFO - [2025-01-28T11:52:14.037+0530] {dagbag.py:588} INFO - Filling up the DagBag from /home/verma-tv/.local/lib/python3.11/site-packages/airflow/example_dags/example_dynamic_task_mapping_with_no_taskflow_operators.py
[2025-01-28T11:52:14.044+0530] {processor.py:925} INFO - DAG(s) 'example_dynamic_task_mapping_with_no_taskflow_operators' retrieved from /home/verma-tv/.local/lib/python3.11/site-packages/airflow/example_dags/example_dynamic_task_mapping_with_no_taskflow_operators.py
[2025-01-28T11:52:14.055+0530] {logging_mixin.py:190} INFO - [2025-01-28T11:52:14.055+0530] {dag.py:3239} INFO - Sync 1 DAGs
[2025-01-28T11:52:14.064+0530] {logging_mixin.py:190} INFO - [2025-01-28T11:52:14.064+0530] {dag.py:4180} INFO - Setting next_dagrun for example_dynamic_task_mapping_with_no_taskflow_operators to None, run_after=None
[2025-01-28T11:52:14.077+0530] {processor.py:208} INFO - Processing /home/verma-tv/.local/lib/python3.11/site-packages/airflow/example_dags/example_dynamic_task_mapping_with_no_taskflow_operators.py took 0.059 seconds
