[2025-01-28T11:39:20.299+0530] {processor.py:186} INFO - Started process (PID=17032) to work on /home/verma-tv/.local/lib/python3.11/site-packages/airflow/example_dags/tutorial_dag.py
[2025-01-28T11:39:20.300+0530] {processor.py:914} INFO - Processing file /home/verma-tv/.local/lib/python3.11/site-packages/airflow/example_dags/tutorial_dag.py for tasks to queue
[2025-01-28T11:39:20.302+0530] {logging_mixin.py:190} INFO - [2025-01-28T11:39:20.301+0530] {dagbag.py:588} INFO - Filling up the DagBag from /home/verma-tv/.local/lib/python3.11/site-packages/airflow/example_dags/tutorial_dag.py
[2025-01-28T11:39:20.308+0530] {processor.py:925} INFO - DAG(s) 'tutorial_dag' retrieved from /home/verma-tv/.local/lib/python3.11/site-packages/airflow/example_dags/tutorial_dag.py
[2025-01-28T11:39:20.414+0530] {logging_mixin.py:190} INFO - [2025-01-28T11:39:20.413+0530] {override.py:1912} INFO - Created Permission View: can read on DAG:tutorial_dag
[2025-01-28T11:39:20.421+0530] {logging_mixin.py:190} INFO - [2025-01-28T11:39:20.421+0530] {override.py:1912} INFO - Created Permission View: can edit on DAG:tutorial_dag
[2025-01-28T11:39:20.426+0530] {logging_mixin.py:190} INFO - [2025-01-28T11:39:20.426+0530] {override.py:1912} INFO - Created Permission View: can delete on DAG:tutorial_dag
[2025-01-28T11:39:20.434+0530] {logging_mixin.py:190} INFO - [2025-01-28T11:39:20.433+0530] {override.py:1912} INFO - Created Permission View: can read on DAG Run:tutorial_dag
[2025-01-28T11:39:20.439+0530] {logging_mixin.py:190} INFO - [2025-01-28T11:39:20.438+0530] {override.py:1912} INFO - Created Permission View: can delete on DAG Run:tutorial_dag
[2025-01-28T11:39:20.444+0530] {logging_mixin.py:190} INFO - [2025-01-28T11:39:20.443+0530] {override.py:1912} INFO - Created Permission View: menu access on DAG Run:tutorial_dag
[2025-01-28T11:39:20.448+0530] {logging_mixin.py:190} INFO - [2025-01-28T11:39:20.448+0530] {override.py:1912} INFO - Created Permission View: can create on DAG Run:tutorial_dag
[2025-01-28T11:39:20.449+0530] {logging_mixin.py:190} INFO - [2025-01-28T11:39:20.449+0530] {dag.py:3239} INFO - Sync 1 DAGs
[2025-01-28T11:39:20.457+0530] {logging_mixin.py:190} INFO - [2025-01-28T11:39:20.457+0530] {dag.py:3262} INFO - Creating ORM DAG for tutorial_dag
[2025-01-28T11:39:20.457+0530] {logging_mixin.py:190} INFO - [2025-01-28T11:39:20.457+0530] {dag.py:4180} INFO - Setting next_dagrun for tutorial_dag to None, run_after=None
[2025-01-28T11:39:20.469+0530] {processor.py:208} INFO - Processing /home/verma-tv/.local/lib/python3.11/site-packages/airflow/example_dags/tutorial_dag.py took 0.175 seconds
[2025-01-28T11:40:20.622+0530] {processor.py:186} INFO - Started process (PID=17281) to work on /home/verma-tv/.local/lib/python3.11/site-packages/airflow/example_dags/tutorial_dag.py
[2025-01-28T11:40:20.624+0530] {processor.py:914} INFO - Processing file /home/verma-tv/.local/lib/python3.11/site-packages/airflow/example_dags/tutorial_dag.py for tasks to queue
[2025-01-28T11:40:20.627+0530] {logging_mixin.py:190} INFO - [2025-01-28T11:40:20.627+0530] {dagbag.py:588} INFO - Filling up the DagBag from /home/verma-tv/.local/lib/python3.11/site-packages/airflow/example_dags/tutorial_dag.py
[2025-01-28T11:40:20.638+0530] {processor.py:925} INFO - DAG(s) 'tutorial_dag' retrieved from /home/verma-tv/.local/lib/python3.11/site-packages/airflow/example_dags/tutorial_dag.py
[2025-01-28T11:40:20.663+0530] {logging_mixin.py:190} INFO - [2025-01-28T11:40:20.662+0530] {dag.py:3239} INFO - Sync 1 DAGs
[2025-01-28T11:40:20.681+0530] {logging_mixin.py:190} INFO - [2025-01-28T11:40:20.680+0530] {dag.py:4180} INFO - Setting next_dagrun for tutorial_dag to None, run_after=None
[2025-01-28T11:40:20.710+0530] {processor.py:208} INFO - Processing /home/verma-tv/.local/lib/python3.11/site-packages/airflow/example_dags/tutorial_dag.py took 0.097 seconds
[2025-01-28T11:41:14.290+0530] {processor.py:186} INFO - Started process (PID=17453) to work on /home/verma-tv/.local/lib/python3.11/site-packages/airflow/example_dags/tutorial_dag.py
[2025-01-28T11:41:14.291+0530] {processor.py:914} INFO - Processing file /home/verma-tv/.local/lib/python3.11/site-packages/airflow/example_dags/tutorial_dag.py for tasks to queue
[2025-01-28T11:41:14.293+0530] {logging_mixin.py:190} INFO - [2025-01-28T11:41:14.293+0530] {dagbag.py:588} INFO - Filling up the DagBag from /home/verma-tv/.local/lib/python3.11/site-packages/airflow/example_dags/tutorial_dag.py
[2025-01-28T11:41:14.300+0530] {processor.py:925} INFO - DAG(s) 'tutorial_dag' retrieved from /home/verma-tv/.local/lib/python3.11/site-packages/airflow/example_dags/tutorial_dag.py
[2025-01-28T11:41:14.312+0530] {logging_mixin.py:190} INFO - [2025-01-28T11:41:14.311+0530] {dag.py:3239} INFO - Sync 1 DAGs
[2025-01-28T11:41:14.320+0530] {logging_mixin.py:190} INFO - [2025-01-28T11:41:14.320+0530] {dag.py:4180} INFO - Setting next_dagrun for tutorial_dag to None, run_after=None
[2025-01-28T11:41:14.335+0530] {processor.py:208} INFO - Processing /home/verma-tv/.local/lib/python3.11/site-packages/airflow/example_dags/tutorial_dag.py took 0.050 seconds
[2025-01-28T11:42:05.106+0530] {processor.py:186} INFO - Started process (PID=17574) to work on /home/verma-tv/.local/lib/python3.11/site-packages/airflow/example_dags/tutorial_dag.py
[2025-01-28T11:42:05.111+0530] {processor.py:914} INFO - Processing file /home/verma-tv/.local/lib/python3.11/site-packages/airflow/example_dags/tutorial_dag.py for tasks to queue
[2025-01-28T11:42:05.113+0530] {logging_mixin.py:190} INFO - [2025-01-28T11:42:05.113+0530] {dagbag.py:588} INFO - Filling up the DagBag from /home/verma-tv/.local/lib/python3.11/site-packages/airflow/example_dags/tutorial_dag.py
[2025-01-28T11:42:05.120+0530] {processor.py:925} INFO - DAG(s) 'tutorial_dag' retrieved from /home/verma-tv/.local/lib/python3.11/site-packages/airflow/example_dags/tutorial_dag.py
[2025-01-28T11:42:05.131+0530] {logging_mixin.py:190} INFO - [2025-01-28T11:42:05.131+0530] {dag.py:3239} INFO - Sync 1 DAGs
[2025-01-28T11:42:05.139+0530] {logging_mixin.py:190} INFO - [2025-01-28T11:42:05.139+0530] {dag.py:4180} INFO - Setting next_dagrun for tutorial_dag to None, run_after=None
[2025-01-28T11:42:05.153+0530] {processor.py:208} INFO - Processing /home/verma-tv/.local/lib/python3.11/site-packages/airflow/example_dags/tutorial_dag.py took 0.052 seconds
[2025-01-28T11:42:58.518+0530] {processor.py:186} INFO - Started process (PID=17735) to work on /home/verma-tv/.local/lib/python3.11/site-packages/airflow/example_dags/tutorial_dag.py
[2025-01-28T11:42:58.530+0530] {processor.py:914} INFO - Processing file /home/verma-tv/.local/lib/python3.11/site-packages/airflow/example_dags/tutorial_dag.py for tasks to queue
[2025-01-28T11:42:58.533+0530] {logging_mixin.py:190} INFO - [2025-01-28T11:42:58.532+0530] {dagbag.py:588} INFO - Filling up the DagBag from /home/verma-tv/.local/lib/python3.11/site-packages/airflow/example_dags/tutorial_dag.py
[2025-01-28T11:42:58.539+0530] {processor.py:925} INFO - DAG(s) 'tutorial_dag' retrieved from /home/verma-tv/.local/lib/python3.11/site-packages/airflow/example_dags/tutorial_dag.py
[2025-01-28T11:42:58.550+0530] {logging_mixin.py:190} INFO - [2025-01-28T11:42:58.550+0530] {dag.py:3239} INFO - Sync 1 DAGs
[2025-01-28T11:42:58.560+0530] {logging_mixin.py:190} INFO - [2025-01-28T11:42:58.560+0530] {dag.py:4180} INFO - Setting next_dagrun for tutorial_dag to None, run_after=None
[2025-01-28T11:42:58.574+0530] {processor.py:208} INFO - Processing /home/verma-tv/.local/lib/python3.11/site-packages/airflow/example_dags/tutorial_dag.py took 0.061 seconds
[2025-01-28T11:43:48.166+0530] {processor.py:186} INFO - Started process (PID=17897) to work on /home/verma-tv/.local/lib/python3.11/site-packages/airflow/example_dags/tutorial_dag.py
[2025-01-28T11:43:48.178+0530] {processor.py:914} INFO - Processing file /home/verma-tv/.local/lib/python3.11/site-packages/airflow/example_dags/tutorial_dag.py for tasks to queue
[2025-01-28T11:43:48.181+0530] {logging_mixin.py:190} INFO - [2025-01-28T11:43:48.181+0530] {dagbag.py:588} INFO - Filling up the DagBag from /home/verma-tv/.local/lib/python3.11/site-packages/airflow/example_dags/tutorial_dag.py
[2025-01-28T11:43:48.188+0530] {processor.py:925} INFO - DAG(s) 'tutorial_dag' retrieved from /home/verma-tv/.local/lib/python3.11/site-packages/airflow/example_dags/tutorial_dag.py
[2025-01-28T11:43:48.199+0530] {logging_mixin.py:190} INFO - [2025-01-28T11:43:48.199+0530] {dag.py:3239} INFO - Sync 1 DAGs
[2025-01-28T11:43:48.207+0530] {logging_mixin.py:190} INFO - [2025-01-28T11:43:48.207+0530] {dag.py:4180} INFO - Setting next_dagrun for tutorial_dag to None, run_after=None
[2025-01-28T11:43:48.221+0530] {processor.py:208} INFO - Processing /home/verma-tv/.local/lib/python3.11/site-packages/airflow/example_dags/tutorial_dag.py took 0.060 seconds
[2025-01-28T11:44:38.851+0530] {processor.py:186} INFO - Started process (PID=18126) to work on /home/verma-tv/.local/lib/python3.11/site-packages/airflow/example_dags/tutorial_dag.py
[2025-01-28T11:44:38.863+0530] {processor.py:914} INFO - Processing file /home/verma-tv/.local/lib/python3.11/site-packages/airflow/example_dags/tutorial_dag.py for tasks to queue
[2025-01-28T11:44:38.865+0530] {logging_mixin.py:190} INFO - [2025-01-28T11:44:38.865+0530] {dagbag.py:588} INFO - Filling up the DagBag from /home/verma-tv/.local/lib/python3.11/site-packages/airflow/example_dags/tutorial_dag.py
[2025-01-28T11:44:38.872+0530] {processor.py:925} INFO - DAG(s) 'tutorial_dag' retrieved from /home/verma-tv/.local/lib/python3.11/site-packages/airflow/example_dags/tutorial_dag.py
[2025-01-28T11:44:38.885+0530] {logging_mixin.py:190} INFO - [2025-01-28T11:44:38.884+0530] {dag.py:3239} INFO - Sync 1 DAGs
[2025-01-28T11:44:38.896+0530] {logging_mixin.py:190} INFO - [2025-01-28T11:44:38.895+0530] {dag.py:4180} INFO - Setting next_dagrun for tutorial_dag to None, run_after=None
[2025-01-28T11:44:38.914+0530] {processor.py:208} INFO - Processing /home/verma-tv/.local/lib/python3.11/site-packages/airflow/example_dags/tutorial_dag.py took 0.068 seconds
[2025-01-28T11:45:32.453+0530] {processor.py:186} INFO - Started process (PID=18307) to work on /home/verma-tv/.local/lib/python3.11/site-packages/airflow/example_dags/tutorial_dag.py
[2025-01-28T11:45:32.467+0530] {processor.py:914} INFO - Processing file /home/verma-tv/.local/lib/python3.11/site-packages/airflow/example_dags/tutorial_dag.py for tasks to queue
[2025-01-28T11:45:32.469+0530] {logging_mixin.py:190} INFO - [2025-01-28T11:45:32.469+0530] {dagbag.py:588} INFO - Filling up the DagBag from /home/verma-tv/.local/lib/python3.11/site-packages/airflow/example_dags/tutorial_dag.py
[2025-01-28T11:45:32.475+0530] {processor.py:925} INFO - DAG(s) 'tutorial_dag' retrieved from /home/verma-tv/.local/lib/python3.11/site-packages/airflow/example_dags/tutorial_dag.py
[2025-01-28T11:45:32.490+0530] {logging_mixin.py:190} INFO - [2025-01-28T11:45:32.489+0530] {dag.py:3239} INFO - Sync 1 DAGs
[2025-01-28T11:45:32.502+0530] {logging_mixin.py:190} INFO - [2025-01-28T11:45:32.501+0530] {dag.py:4180} INFO - Setting next_dagrun for tutorial_dag to None, run_after=None
[2025-01-28T11:45:32.519+0530] {processor.py:208} INFO - Processing /home/verma-tv/.local/lib/python3.11/site-packages/airflow/example_dags/tutorial_dag.py took 0.072 seconds
[2025-01-28T11:46:26.733+0530] {processor.py:186} INFO - Started process (PID=18468) to work on /home/verma-tv/.local/lib/python3.11/site-packages/airflow/example_dags/tutorial_dag.py
[2025-01-28T11:46:26.745+0530] {processor.py:914} INFO - Processing file /home/verma-tv/.local/lib/python3.11/site-packages/airflow/example_dags/tutorial_dag.py for tasks to queue
[2025-01-28T11:46:26.747+0530] {logging_mixin.py:190} INFO - [2025-01-28T11:46:26.747+0530] {dagbag.py:588} INFO - Filling up the DagBag from /home/verma-tv/.local/lib/python3.11/site-packages/airflow/example_dags/tutorial_dag.py
[2025-01-28T11:46:26.754+0530] {processor.py:925} INFO - DAG(s) 'tutorial_dag' retrieved from /home/verma-tv/.local/lib/python3.11/site-packages/airflow/example_dags/tutorial_dag.py
[2025-01-28T11:46:26.765+0530] {logging_mixin.py:190} INFO - [2025-01-28T11:46:26.765+0530] {dag.py:3239} INFO - Sync 1 DAGs
[2025-01-28T11:46:26.774+0530] {logging_mixin.py:190} INFO - [2025-01-28T11:46:26.773+0530] {dag.py:4180} INFO - Setting next_dagrun for tutorial_dag to None, run_after=None
[2025-01-28T11:46:26.787+0530] {processor.py:208} INFO - Processing /home/verma-tv/.local/lib/python3.11/site-packages/airflow/example_dags/tutorial_dag.py took 0.059 seconds
[2025-01-28T11:47:18.331+0530] {processor.py:186} INFO - Started process (PID=18748) to work on /home/verma-tv/.local/lib/python3.11/site-packages/airflow/example_dags/tutorial_dag.py
[2025-01-28T11:47:18.333+0530] {processor.py:914} INFO - Processing file /home/verma-tv/.local/lib/python3.11/site-packages/airflow/example_dags/tutorial_dag.py for tasks to queue
[2025-01-28T11:47:18.334+0530] {logging_mixin.py:190} INFO - [2025-01-28T11:47:18.334+0530] {dagbag.py:588} INFO - Filling up the DagBag from /home/verma-tv/.local/lib/python3.11/site-packages/airflow/example_dags/tutorial_dag.py
[2025-01-28T11:47:18.341+0530] {processor.py:925} INFO - DAG(s) 'tutorial_dag' retrieved from /home/verma-tv/.local/lib/python3.11/site-packages/airflow/example_dags/tutorial_dag.py
[2025-01-28T11:47:18.353+0530] {logging_mixin.py:190} INFO - [2025-01-28T11:47:18.353+0530] {dag.py:3239} INFO - Sync 1 DAGs
[2025-01-28T11:47:18.364+0530] {logging_mixin.py:190} INFO - [2025-01-28T11:47:18.364+0530] {dag.py:4180} INFO - Setting next_dagrun for tutorial_dag to None, run_after=None
[2025-01-28T11:47:18.385+0530] {processor.py:208} INFO - Processing /home/verma-tv/.local/lib/python3.11/site-packages/airflow/example_dags/tutorial_dag.py took 0.058 seconds
[2025-01-28T11:48:11.370+0530] {processor.py:186} INFO - Started process (PID=19079) to work on /home/verma-tv/.local/lib/python3.11/site-packages/airflow/example_dags/tutorial_dag.py
[2025-01-28T11:48:11.383+0530] {processor.py:914} INFO - Processing file /home/verma-tv/.local/lib/python3.11/site-packages/airflow/example_dags/tutorial_dag.py for tasks to queue
[2025-01-28T11:48:11.385+0530] {logging_mixin.py:190} INFO - [2025-01-28T11:48:11.385+0530] {dagbag.py:588} INFO - Filling up the DagBag from /home/verma-tv/.local/lib/python3.11/site-packages/airflow/example_dags/tutorial_dag.py
[2025-01-28T11:48:11.391+0530] {processor.py:925} INFO - DAG(s) 'tutorial_dag' retrieved from /home/verma-tv/.local/lib/python3.11/site-packages/airflow/example_dags/tutorial_dag.py
[2025-01-28T11:48:11.402+0530] {logging_mixin.py:190} INFO - [2025-01-28T11:48:11.402+0530] {dag.py:3239} INFO - Sync 1 DAGs
[2025-01-28T11:48:11.411+0530] {logging_mixin.py:190} INFO - [2025-01-28T11:48:11.411+0530] {dag.py:4180} INFO - Setting next_dagrun for tutorial_dag to None, run_after=None
[2025-01-28T11:48:11.425+0530] {processor.py:208} INFO - Processing /home/verma-tv/.local/lib/python3.11/site-packages/airflow/example_dags/tutorial_dag.py took 0.059 seconds
[2025-01-28T11:49:03.453+0530] {processor.py:186} INFO - Started process (PID=19298) to work on /home/verma-tv/.local/lib/python3.11/site-packages/airflow/example_dags/tutorial_dag.py
[2025-01-28T11:49:03.466+0530] {processor.py:914} INFO - Processing file /home/verma-tv/.local/lib/python3.11/site-packages/airflow/example_dags/tutorial_dag.py for tasks to queue
[2025-01-28T11:49:03.468+0530] {logging_mixin.py:190} INFO - [2025-01-28T11:49:03.468+0530] {dagbag.py:588} INFO - Filling up the DagBag from /home/verma-tv/.local/lib/python3.11/site-packages/airflow/example_dags/tutorial_dag.py
[2025-01-28T11:49:03.475+0530] {processor.py:925} INFO - DAG(s) 'tutorial_dag' retrieved from /home/verma-tv/.local/lib/python3.11/site-packages/airflow/example_dags/tutorial_dag.py
[2025-01-28T11:49:03.488+0530] {logging_mixin.py:190} INFO - [2025-01-28T11:49:03.488+0530] {dag.py:3239} INFO - Sync 1 DAGs
[2025-01-28T11:49:03.497+0530] {logging_mixin.py:190} INFO - [2025-01-28T11:49:03.497+0530] {dag.py:4180} INFO - Setting next_dagrun for tutorial_dag to None, run_after=None
[2025-01-28T11:49:03.513+0530] {processor.py:208} INFO - Processing /home/verma-tv/.local/lib/python3.11/site-packages/airflow/example_dags/tutorial_dag.py took 0.066 seconds
[2025-01-28T11:49:52.978+0530] {processor.py:186} INFO - Started process (PID=19653) to work on /home/verma-tv/.local/lib/python3.11/site-packages/airflow/example_dags/tutorial_dag.py
[2025-01-28T11:49:52.979+0530] {processor.py:914} INFO - Processing file /home/verma-tv/.local/lib/python3.11/site-packages/airflow/example_dags/tutorial_dag.py for tasks to queue
[2025-01-28T11:49:52.981+0530] {logging_mixin.py:190} INFO - [2025-01-28T11:49:52.980+0530] {dagbag.py:588} INFO - Filling up the DagBag from /home/verma-tv/.local/lib/python3.11/site-packages/airflow/example_dags/tutorial_dag.py
[2025-01-28T11:49:52.987+0530] {processor.py:925} INFO - DAG(s) 'tutorial_dag' retrieved from /home/verma-tv/.local/lib/python3.11/site-packages/airflow/example_dags/tutorial_dag.py
[2025-01-28T11:49:52.998+0530] {logging_mixin.py:190} INFO - [2025-01-28T11:49:52.998+0530] {dag.py:3239} INFO - Sync 1 DAGs
[2025-01-28T11:49:53.007+0530] {logging_mixin.py:190} INFO - [2025-01-28T11:49:53.006+0530] {dag.py:4180} INFO - Setting next_dagrun for tutorial_dag to None, run_after=None
[2025-01-28T11:49:53.020+0530] {processor.py:208} INFO - Processing /home/verma-tv/.local/lib/python3.11/site-packages/airflow/example_dags/tutorial_dag.py took 0.047 seconds
[2025-01-28T11:50:41.672+0530] {processor.py:186} INFO - Started process (PID=19808) to work on /home/verma-tv/.local/lib/python3.11/site-packages/airflow/example_dags/tutorial_dag.py
[2025-01-28T11:50:41.684+0530] {processor.py:914} INFO - Processing file /home/verma-tv/.local/lib/python3.11/site-packages/airflow/example_dags/tutorial_dag.py for tasks to queue
[2025-01-28T11:50:41.686+0530] {logging_mixin.py:190} INFO - [2025-01-28T11:50:41.686+0530] {dagbag.py:588} INFO - Filling up the DagBag from /home/verma-tv/.local/lib/python3.11/site-packages/airflow/example_dags/tutorial_dag.py
[2025-01-28T11:50:41.693+0530] {processor.py:925} INFO - DAG(s) 'tutorial_dag' retrieved from /home/verma-tv/.local/lib/python3.11/site-packages/airflow/example_dags/tutorial_dag.py
[2025-01-28T11:50:41.704+0530] {logging_mixin.py:190} INFO - [2025-01-28T11:50:41.704+0530] {dag.py:3239} INFO - Sync 1 DAGs
[2025-01-28T11:50:41.713+0530] {logging_mixin.py:190} INFO - [2025-01-28T11:50:41.713+0530] {dag.py:4180} INFO - Setting next_dagrun for tutorial_dag to None, run_after=None
[2025-01-28T11:50:41.728+0530] {processor.py:208} INFO - Processing /home/verma-tv/.local/lib/python3.11/site-packages/airflow/example_dags/tutorial_dag.py took 0.061 seconds
[2025-01-28T11:51:33.918+0530] {processor.py:186} INFO - Started process (PID=19986) to work on /home/verma-tv/.local/lib/python3.11/site-packages/airflow/example_dags/tutorial_dag.py
[2025-01-28T11:51:33.930+0530] {processor.py:914} INFO - Processing file /home/verma-tv/.local/lib/python3.11/site-packages/airflow/example_dags/tutorial_dag.py for tasks to queue
[2025-01-28T11:51:33.933+0530] {logging_mixin.py:190} INFO - [2025-01-28T11:51:33.933+0530] {dagbag.py:588} INFO - Filling up the DagBag from /home/verma-tv/.local/lib/python3.11/site-packages/airflow/example_dags/tutorial_dag.py
[2025-01-28T11:51:33.939+0530] {processor.py:925} INFO - DAG(s) 'tutorial_dag' retrieved from /home/verma-tv/.local/lib/python3.11/site-packages/airflow/example_dags/tutorial_dag.py
[2025-01-28T11:51:33.950+0530] {logging_mixin.py:190} INFO - [2025-01-28T11:51:33.950+0530] {dag.py:3239} INFO - Sync 1 DAGs
[2025-01-28T11:51:33.959+0530] {logging_mixin.py:190} INFO - [2025-01-28T11:51:33.959+0530] {dag.py:4180} INFO - Setting next_dagrun for tutorial_dag to None, run_after=None
[2025-01-28T11:51:33.975+0530] {processor.py:208} INFO - Processing /home/verma-tv/.local/lib/python3.11/site-packages/airflow/example_dags/tutorial_dag.py took 0.061 seconds
