[2025-01-28T11:39:25.536+0530] {processor.py:186} INFO - Started process (PID=17108) to work on /home/verma-tv/.local/lib/python3.11/site-packages/airflow/example_dags/tutorial_taskflow_api.py
[2025-01-28T11:39:25.537+0530] {processor.py:914} INFO - Processing file /home/verma-tv/.local/lib/python3.11/site-packages/airflow/example_dags/tutorial_taskflow_api.py for tasks to queue
[2025-01-28T11:39:25.539+0530] {logging_mixin.py:190} INFO - [2025-01-28T11:39:25.539+0530] {dagbag.py:588} INFO - Filling up the DagBag from /home/verma-tv/.local/lib/python3.11/site-packages/airflow/example_dags/tutorial_taskflow_api.py
[2025-01-28T11:39:25.546+0530] {processor.py:925} INFO - DAG(s) 'tutorial_taskflow_api' retrieved from /home/verma-tv/.local/lib/python3.11/site-packages/airflow/example_dags/tutorial_taskflow_api.py
[2025-01-28T11:39:25.654+0530] {logging_mixin.py:190} INFO - [2025-01-28T11:39:25.654+0530] {override.py:1912} INFO - Created Permission View: can read on DAG:tutorial_taskflow_api
[2025-01-28T11:39:25.661+0530] {logging_mixin.py:190} INFO - [2025-01-28T11:39:25.661+0530] {override.py:1912} INFO - Created Permission View: can edit on DAG:tutorial_taskflow_api
[2025-01-28T11:39:25.666+0530] {logging_mixin.py:190} INFO - [2025-01-28T11:39:25.666+0530] {override.py:1912} INFO - Created Permission View: can delete on DAG:tutorial_taskflow_api
[2025-01-28T11:39:25.674+0530] {logging_mixin.py:190} INFO - [2025-01-28T11:39:25.674+0530] {override.py:1912} INFO - Created Permission View: can read on DAG Run:tutorial_taskflow_api
[2025-01-28T11:39:25.679+0530] {logging_mixin.py:190} INFO - [2025-01-28T11:39:25.679+0530] {override.py:1912} INFO - Created Permission View: can delete on DAG Run:tutorial_taskflow_api
[2025-01-28T11:39:25.684+0530] {logging_mixin.py:190} INFO - [2025-01-28T11:39:25.684+0530] {override.py:1912} INFO - Created Permission View: menu access on DAG Run:tutorial_taskflow_api
[2025-01-28T11:39:25.689+0530] {logging_mixin.py:190} INFO - [2025-01-28T11:39:25.689+0530] {override.py:1912} INFO - Created Permission View: can create on DAG Run:tutorial_taskflow_api
[2025-01-28T11:39:25.690+0530] {logging_mixin.py:190} INFO - [2025-01-28T11:39:25.689+0530] {dag.py:3239} INFO - Sync 1 DAGs
[2025-01-28T11:39:25.698+0530] {logging_mixin.py:190} INFO - [2025-01-28T11:39:25.698+0530] {dag.py:3262} INFO - Creating ORM DAG for tutorial_taskflow_api
[2025-01-28T11:39:25.698+0530] {logging_mixin.py:190} INFO - [2025-01-28T11:39:25.698+0530] {dag.py:4180} INFO - Setting next_dagrun for tutorial_taskflow_api to None, run_after=None
[2025-01-28T11:39:25.710+0530] {processor.py:208} INFO - Processing /home/verma-tv/.local/lib/python3.11/site-packages/airflow/example_dags/tutorial_taskflow_api.py took 0.178 seconds
[2025-01-28T11:40:25.364+0530] {processor.py:186} INFO - Started process (PID=17296) to work on /home/verma-tv/.local/lib/python3.11/site-packages/airflow/example_dags/tutorial_taskflow_api.py
[2025-01-28T11:40:25.376+0530] {processor.py:914} INFO - Processing file /home/verma-tv/.local/lib/python3.11/site-packages/airflow/example_dags/tutorial_taskflow_api.py for tasks to queue
[2025-01-28T11:40:25.379+0530] {logging_mixin.py:190} INFO - [2025-01-28T11:40:25.379+0530] {dagbag.py:588} INFO - Filling up the DagBag from /home/verma-tv/.local/lib/python3.11/site-packages/airflow/example_dags/tutorial_taskflow_api.py
[2025-01-28T11:40:25.385+0530] {processor.py:925} INFO - DAG(s) 'tutorial_taskflow_api' retrieved from /home/verma-tv/.local/lib/python3.11/site-packages/airflow/example_dags/tutorial_taskflow_api.py
[2025-01-28T11:40:25.396+0530] {logging_mixin.py:190} INFO - [2025-01-28T11:40:25.396+0530] {dag.py:3239} INFO - Sync 1 DAGs
[2025-01-28T11:40:25.404+0530] {logging_mixin.py:190} INFO - [2025-01-28T11:40:25.404+0530] {dag.py:4180} INFO - Setting next_dagrun for tutorial_taskflow_api to None, run_after=None
[2025-01-28T11:40:25.419+0530] {processor.py:208} INFO - Processing /home/verma-tv/.local/lib/python3.11/site-packages/airflow/example_dags/tutorial_taskflow_api.py took 0.060 seconds
[2025-01-28T11:41:18.869+0530] {processor.py:186} INFO - Started process (PID=17462) to work on /home/verma-tv/.local/lib/python3.11/site-packages/airflow/example_dags/tutorial_taskflow_api.py
[2025-01-28T11:41:18.882+0530] {processor.py:914} INFO - Processing file /home/verma-tv/.local/lib/python3.11/site-packages/airflow/example_dags/tutorial_taskflow_api.py for tasks to queue
[2025-01-28T11:41:18.884+0530] {logging_mixin.py:190} INFO - [2025-01-28T11:41:18.884+0530] {dagbag.py:588} INFO - Filling up the DagBag from /home/verma-tv/.local/lib/python3.11/site-packages/airflow/example_dags/tutorial_taskflow_api.py
[2025-01-28T11:41:18.891+0530] {processor.py:925} INFO - DAG(s) 'tutorial_taskflow_api' retrieved from /home/verma-tv/.local/lib/python3.11/site-packages/airflow/example_dags/tutorial_taskflow_api.py
[2025-01-28T11:41:18.902+0530] {logging_mixin.py:190} INFO - [2025-01-28T11:41:18.902+0530] {dag.py:3239} INFO - Sync 1 DAGs
[2025-01-28T11:41:18.911+0530] {logging_mixin.py:190} INFO - [2025-01-28T11:41:18.911+0530] {dag.py:4180} INFO - Setting next_dagrun for tutorial_taskflow_api to None, run_after=None
[2025-01-28T11:41:18.927+0530] {processor.py:208} INFO - Processing /home/verma-tv/.local/lib/python3.11/site-packages/airflow/example_dags/tutorial_taskflow_api.py took 0.064 seconds
[2025-01-28T11:42:10.148+0530] {processor.py:186} INFO - Started process (PID=17643) to work on /home/verma-tv/.local/lib/python3.11/site-packages/airflow/example_dags/tutorial_taskflow_api.py
[2025-01-28T11:42:10.161+0530] {processor.py:914} INFO - Processing file /home/verma-tv/.local/lib/python3.11/site-packages/airflow/example_dags/tutorial_taskflow_api.py for tasks to queue
[2025-01-28T11:42:10.163+0530] {logging_mixin.py:190} INFO - [2025-01-28T11:42:10.163+0530] {dagbag.py:588} INFO - Filling up the DagBag from /home/verma-tv/.local/lib/python3.11/site-packages/airflow/example_dags/tutorial_taskflow_api.py
[2025-01-28T11:42:10.169+0530] {processor.py:925} INFO - DAG(s) 'tutorial_taskflow_api' retrieved from /home/verma-tv/.local/lib/python3.11/site-packages/airflow/example_dags/tutorial_taskflow_api.py
[2025-01-28T11:42:10.181+0530] {logging_mixin.py:190} INFO - [2025-01-28T11:42:10.181+0530] {dag.py:3239} INFO - Sync 1 DAGs
[2025-01-28T11:42:10.189+0530] {logging_mixin.py:190} INFO - [2025-01-28T11:42:10.189+0530] {dag.py:4180} INFO - Setting next_dagrun for tutorial_taskflow_api to None, run_after=None
[2025-01-28T11:42:10.203+0530] {processor.py:208} INFO - Processing /home/verma-tv/.local/lib/python3.11/site-packages/airflow/example_dags/tutorial_taskflow_api.py took 0.059 seconds
[2025-01-28T11:43:02.705+0530] {processor.py:186} INFO - Started process (PID=17745) to work on /home/verma-tv/.local/lib/python3.11/site-packages/airflow/example_dags/tutorial_taskflow_api.py
[2025-01-28T11:43:02.717+0530] {processor.py:914} INFO - Processing file /home/verma-tv/.local/lib/python3.11/site-packages/airflow/example_dags/tutorial_taskflow_api.py for tasks to queue
[2025-01-28T11:43:02.720+0530] {logging_mixin.py:190} INFO - [2025-01-28T11:43:02.719+0530] {dagbag.py:588} INFO - Filling up the DagBag from /home/verma-tv/.local/lib/python3.11/site-packages/airflow/example_dags/tutorial_taskflow_api.py
[2025-01-28T11:43:02.726+0530] {processor.py:925} INFO - DAG(s) 'tutorial_taskflow_api' retrieved from /home/verma-tv/.local/lib/python3.11/site-packages/airflow/example_dags/tutorial_taskflow_api.py
[2025-01-28T11:43:02.738+0530] {logging_mixin.py:190} INFO - [2025-01-28T11:43:02.738+0530] {dag.py:3239} INFO - Sync 1 DAGs
[2025-01-28T11:43:02.747+0530] {logging_mixin.py:190} INFO - [2025-01-28T11:43:02.747+0530] {dag.py:4180} INFO - Setting next_dagrun for tutorial_taskflow_api to None, run_after=None
[2025-01-28T11:43:02.760+0530] {processor.py:208} INFO - Processing /home/verma-tv/.local/lib/python3.11/site-packages/airflow/example_dags/tutorial_taskflow_api.py took 0.060 seconds
[2025-01-28T11:43:53.858+0530] {processor.py:186} INFO - Started process (PID=17906) to work on /home/verma-tv/.local/lib/python3.11/site-packages/airflow/example_dags/tutorial_taskflow_api.py
[2025-01-28T11:43:53.870+0530] {processor.py:914} INFO - Processing file /home/verma-tv/.local/lib/python3.11/site-packages/airflow/example_dags/tutorial_taskflow_api.py for tasks to queue
[2025-01-28T11:43:53.874+0530] {logging_mixin.py:190} INFO - [2025-01-28T11:43:53.874+0530] {dagbag.py:588} INFO - Filling up the DagBag from /home/verma-tv/.local/lib/python3.11/site-packages/airflow/example_dags/tutorial_taskflow_api.py
[2025-01-28T11:43:53.881+0530] {processor.py:925} INFO - DAG(s) 'tutorial_taskflow_api' retrieved from /home/verma-tv/.local/lib/python3.11/site-packages/airflow/example_dags/tutorial_taskflow_api.py
[2025-01-28T11:43:53.894+0530] {logging_mixin.py:190} INFO - [2025-01-28T11:43:53.894+0530] {dag.py:3239} INFO - Sync 1 DAGs
[2025-01-28T11:43:53.902+0530] {logging_mixin.py:190} INFO - [2025-01-28T11:43:53.902+0530] {dag.py:4180} INFO - Setting next_dagrun for tutorial_taskflow_api to None, run_after=None
[2025-01-28T11:43:53.917+0530] {processor.py:208} INFO - Processing /home/verma-tv/.local/lib/python3.11/site-packages/airflow/example_dags/tutorial_taskflow_api.py took 0.064 seconds
[2025-01-28T11:44:44.005+0530] {processor.py:186} INFO - Started process (PID=18134) to work on /home/verma-tv/.local/lib/python3.11/site-packages/airflow/example_dags/tutorial_taskflow_api.py
[2025-01-28T11:44:44.017+0530] {processor.py:914} INFO - Processing file /home/verma-tv/.local/lib/python3.11/site-packages/airflow/example_dags/tutorial_taskflow_api.py for tasks to queue
[2025-01-28T11:44:44.018+0530] {logging_mixin.py:190} INFO - [2025-01-28T11:44:44.018+0530] {dagbag.py:588} INFO - Filling up the DagBag from /home/verma-tv/.local/lib/python3.11/site-packages/airflow/example_dags/tutorial_taskflow_api.py
[2025-01-28T11:44:44.028+0530] {processor.py:925} INFO - DAG(s) 'tutorial_taskflow_api' retrieved from /home/verma-tv/.local/lib/python3.11/site-packages/airflow/example_dags/tutorial_taskflow_api.py
[2025-01-28T11:44:44.040+0530] {logging_mixin.py:190} INFO - [2025-01-28T11:44:44.039+0530] {dag.py:3239} INFO - Sync 1 DAGs
[2025-01-28T11:44:44.051+0530] {logging_mixin.py:190} INFO - [2025-01-28T11:44:44.051+0530] {dag.py:4180} INFO - Setting next_dagrun for tutorial_taskflow_api to None, run_after=None
[2025-01-28T11:44:44.068+0530] {processor.py:208} INFO - Processing /home/verma-tv/.local/lib/python3.11/site-packages/airflow/example_dags/tutorial_taskflow_api.py took 0.068 seconds
[2025-01-28T11:45:38.031+0530] {processor.py:186} INFO - Started process (PID=18316) to work on /home/verma-tv/.local/lib/python3.11/site-packages/airflow/example_dags/tutorial_taskflow_api.py
[2025-01-28T11:45:38.044+0530] {processor.py:914} INFO - Processing file /home/verma-tv/.local/lib/python3.11/site-packages/airflow/example_dags/tutorial_taskflow_api.py for tasks to queue
[2025-01-28T11:45:38.048+0530] {logging_mixin.py:190} INFO - [2025-01-28T11:45:38.047+0530] {dagbag.py:588} INFO - Filling up the DagBag from /home/verma-tv/.local/lib/python3.11/site-packages/airflow/example_dags/tutorial_taskflow_api.py
[2025-01-28T11:45:38.056+0530] {processor.py:925} INFO - DAG(s) 'tutorial_taskflow_api' retrieved from /home/verma-tv/.local/lib/python3.11/site-packages/airflow/example_dags/tutorial_taskflow_api.py
[2025-01-28T11:45:38.073+0530] {logging_mixin.py:190} INFO - [2025-01-28T11:45:38.072+0530] {dag.py:3239} INFO - Sync 1 DAGs
[2025-01-28T11:45:38.084+0530] {logging_mixin.py:190} INFO - [2025-01-28T11:45:38.083+0530] {dag.py:4180} INFO - Setting next_dagrun for tutorial_taskflow_api to None, run_after=None
[2025-01-28T11:45:38.101+0530] {processor.py:208} INFO - Processing /home/verma-tv/.local/lib/python3.11/site-packages/airflow/example_dags/tutorial_taskflow_api.py took 0.076 seconds
[2025-01-28T11:46:31.432+0530] {processor.py:186} INFO - Started process (PID=18473) to work on /home/verma-tv/.local/lib/python3.11/site-packages/airflow/example_dags/tutorial_taskflow_api.py
[2025-01-28T11:46:31.433+0530] {processor.py:914} INFO - Processing file /home/verma-tv/.local/lib/python3.11/site-packages/airflow/example_dags/tutorial_taskflow_api.py for tasks to queue
[2025-01-28T11:46:31.435+0530] {logging_mixin.py:190} INFO - [2025-01-28T11:46:31.435+0530] {dagbag.py:588} INFO - Filling up the DagBag from /home/verma-tv/.local/lib/python3.11/site-packages/airflow/example_dags/tutorial_taskflow_api.py
[2025-01-28T11:46:31.442+0530] {processor.py:925} INFO - DAG(s) 'tutorial_taskflow_api' retrieved from /home/verma-tv/.local/lib/python3.11/site-packages/airflow/example_dags/tutorial_taskflow_api.py
[2025-01-28T11:46:31.453+0530] {logging_mixin.py:190} INFO - [2025-01-28T11:46:31.453+0530] {dag.py:3239} INFO - Sync 1 DAGs
[2025-01-28T11:46:31.462+0530] {logging_mixin.py:190} INFO - [2025-01-28T11:46:31.461+0530] {dag.py:4180} INFO - Setting next_dagrun for tutorial_taskflow_api to None, run_after=None
[2025-01-28T11:46:31.475+0530] {processor.py:208} INFO - Processing /home/verma-tv/.local/lib/python3.11/site-packages/airflow/example_dags/tutorial_taskflow_api.py took 0.048 seconds
[2025-01-28T11:47:23.281+0530] {processor.py:186} INFO - Started process (PID=18811) to work on /home/verma-tv/.local/lib/python3.11/site-packages/airflow/example_dags/tutorial_taskflow_api.py
[2025-01-28T11:47:23.281+0530] {processor.py:914} INFO - Processing file /home/verma-tv/.local/lib/python3.11/site-packages/airflow/example_dags/tutorial_taskflow_api.py for tasks to queue
[2025-01-28T11:47:23.283+0530] {logging_mixin.py:190} INFO - [2025-01-28T11:47:23.283+0530] {dagbag.py:588} INFO - Filling up the DagBag from /home/verma-tv/.local/lib/python3.11/site-packages/airflow/example_dags/tutorial_taskflow_api.py
[2025-01-28T11:47:23.290+0530] {processor.py:925} INFO - DAG(s) 'tutorial_taskflow_api' retrieved from /home/verma-tv/.local/lib/python3.11/site-packages/airflow/example_dags/tutorial_taskflow_api.py
[2025-01-28T11:47:23.302+0530] {logging_mixin.py:190} INFO - [2025-01-28T11:47:23.301+0530] {dag.py:3239} INFO - Sync 1 DAGs
[2025-01-28T11:47:23.314+0530] {logging_mixin.py:190} INFO - [2025-01-28T11:47:23.313+0530] {dag.py:4180} INFO - Setting next_dagrun for tutorial_taskflow_api to None, run_after=None
[2025-01-28T11:47:23.334+0530] {processor.py:208} INFO - Processing /home/verma-tv/.local/lib/python3.11/site-packages/airflow/example_dags/tutorial_taskflow_api.py took 0.058 seconds
[2025-01-28T11:48:15.333+0530] {processor.py:186} INFO - Started process (PID=19084) to work on /home/verma-tv/.local/lib/python3.11/site-packages/airflow/example_dags/tutorial_taskflow_api.py
[2025-01-28T11:48:15.346+0530] {processor.py:914} INFO - Processing file /home/verma-tv/.local/lib/python3.11/site-packages/airflow/example_dags/tutorial_taskflow_api.py for tasks to queue
[2025-01-28T11:48:15.348+0530] {logging_mixin.py:190} INFO - [2025-01-28T11:48:15.348+0530] {dagbag.py:588} INFO - Filling up the DagBag from /home/verma-tv/.local/lib/python3.11/site-packages/airflow/example_dags/tutorial_taskflow_api.py
[2025-01-28T11:48:15.355+0530] {processor.py:925} INFO - DAG(s) 'tutorial_taskflow_api' retrieved from /home/verma-tv/.local/lib/python3.11/site-packages/airflow/example_dags/tutorial_taskflow_api.py
[2025-01-28T11:48:15.366+0530] {logging_mixin.py:190} INFO - [2025-01-28T11:48:15.366+0530] {dag.py:3239} INFO - Sync 1 DAGs
[2025-01-28T11:48:15.374+0530] {logging_mixin.py:190} INFO - [2025-01-28T11:48:15.374+0530] {dag.py:4180} INFO - Setting next_dagrun for tutorial_taskflow_api to None, run_after=None
[2025-01-28T11:48:15.388+0530] {processor.py:208} INFO - Processing /home/verma-tv/.local/lib/python3.11/site-packages/airflow/example_dags/tutorial_taskflow_api.py took 0.060 seconds
[2025-01-28T11:49:07.991+0530] {processor.py:186} INFO - Started process (PID=19304) to work on /home/verma-tv/.local/lib/python3.11/site-packages/airflow/example_dags/tutorial_taskflow_api.py
[2025-01-28T11:49:08.004+0530] {processor.py:914} INFO - Processing file /home/verma-tv/.local/lib/python3.11/site-packages/airflow/example_dags/tutorial_taskflow_api.py for tasks to queue
[2025-01-28T11:49:08.006+0530] {logging_mixin.py:190} INFO - [2025-01-28T11:49:08.006+0530] {dagbag.py:588} INFO - Filling up the DagBag from /home/verma-tv/.local/lib/python3.11/site-packages/airflow/example_dags/tutorial_taskflow_api.py
[2025-01-28T11:49:08.013+0530] {processor.py:925} INFO - DAG(s) 'tutorial_taskflow_api' retrieved from /home/verma-tv/.local/lib/python3.11/site-packages/airflow/example_dags/tutorial_taskflow_api.py
[2025-01-28T11:49:08.024+0530] {logging_mixin.py:190} INFO - [2025-01-28T11:49:08.024+0530] {dag.py:3239} INFO - Sync 1 DAGs
[2025-01-28T11:49:08.033+0530] {logging_mixin.py:190} INFO - [2025-01-28T11:49:08.033+0530] {dag.py:4180} INFO - Setting next_dagrun for tutorial_taskflow_api to None, run_after=None
[2025-01-28T11:49:08.047+0530] {processor.py:208} INFO - Processing /home/verma-tv/.local/lib/python3.11/site-packages/airflow/example_dags/tutorial_taskflow_api.py took 0.061 seconds
[2025-01-28T11:49:57.660+0530] {processor.py:186} INFO - Started process (PID=19660) to work on /home/verma-tv/.local/lib/python3.11/site-packages/airflow/example_dags/tutorial_taskflow_api.py
[2025-01-28T11:49:57.661+0530] {processor.py:914} INFO - Processing file /home/verma-tv/.local/lib/python3.11/site-packages/airflow/example_dags/tutorial_taskflow_api.py for tasks to queue
[2025-01-28T11:49:57.663+0530] {logging_mixin.py:190} INFO - [2025-01-28T11:49:57.663+0530] {dagbag.py:588} INFO - Filling up the DagBag from /home/verma-tv/.local/lib/python3.11/site-packages/airflow/example_dags/tutorial_taskflow_api.py
[2025-01-28T11:49:57.670+0530] {processor.py:925} INFO - DAG(s) 'tutorial_taskflow_api' retrieved from /home/verma-tv/.local/lib/python3.11/site-packages/airflow/example_dags/tutorial_taskflow_api.py
[2025-01-28T11:49:57.682+0530] {logging_mixin.py:190} INFO - [2025-01-28T11:49:57.681+0530] {dag.py:3239} INFO - Sync 1 DAGs
[2025-01-28T11:49:57.690+0530] {logging_mixin.py:190} INFO - [2025-01-28T11:49:57.690+0530] {dag.py:4180} INFO - Setting next_dagrun for tutorial_taskflow_api to None, run_after=None
[2025-01-28T11:49:57.704+0530] {processor.py:208} INFO - Processing /home/verma-tv/.local/lib/python3.11/site-packages/airflow/example_dags/tutorial_taskflow_api.py took 0.049 seconds
[2025-01-28T11:50:46.819+0530] {processor.py:186} INFO - Started process (PID=19821) to work on /home/verma-tv/.local/lib/python3.11/site-packages/airflow/example_dags/tutorial_taskflow_api.py
[2025-01-28T11:50:46.831+0530] {processor.py:914} INFO - Processing file /home/verma-tv/.local/lib/python3.11/site-packages/airflow/example_dags/tutorial_taskflow_api.py for tasks to queue
[2025-01-28T11:50:46.834+0530] {logging_mixin.py:190} INFO - [2025-01-28T11:50:46.833+0530] {dagbag.py:588} INFO - Filling up the DagBag from /home/verma-tv/.local/lib/python3.11/site-packages/airflow/example_dags/tutorial_taskflow_api.py
[2025-01-28T11:50:46.842+0530] {processor.py:925} INFO - DAG(s) 'tutorial_taskflow_api' retrieved from /home/verma-tv/.local/lib/python3.11/site-packages/airflow/example_dags/tutorial_taskflow_api.py
[2025-01-28T11:50:46.854+0530] {logging_mixin.py:190} INFO - [2025-01-28T11:50:46.854+0530] {dag.py:3239} INFO - Sync 1 DAGs
[2025-01-28T11:50:46.864+0530] {logging_mixin.py:190} INFO - [2025-01-28T11:50:46.863+0530] {dag.py:4180} INFO - Setting next_dagrun for tutorial_taskflow_api to None, run_after=None
[2025-01-28T11:50:46.879+0530] {processor.py:208} INFO - Processing /home/verma-tv/.local/lib/python3.11/site-packages/airflow/example_dags/tutorial_taskflow_api.py took 0.065 seconds
[2025-01-28T11:51:37.924+0530] {processor.py:186} INFO - Started process (PID=20002) to work on /home/verma-tv/.local/lib/python3.11/site-packages/airflow/example_dags/tutorial_taskflow_api.py
[2025-01-28T11:51:37.936+0530] {processor.py:914} INFO - Processing file /home/verma-tv/.local/lib/python3.11/site-packages/airflow/example_dags/tutorial_taskflow_api.py for tasks to queue
[2025-01-28T11:51:37.939+0530] {logging_mixin.py:190} INFO - [2025-01-28T11:51:37.938+0530] {dagbag.py:588} INFO - Filling up the DagBag from /home/verma-tv/.local/lib/python3.11/site-packages/airflow/example_dags/tutorial_taskflow_api.py
[2025-01-28T11:51:37.947+0530] {processor.py:925} INFO - DAG(s) 'tutorial_taskflow_api' retrieved from /home/verma-tv/.local/lib/python3.11/site-packages/airflow/example_dags/tutorial_taskflow_api.py
[2025-01-28T11:51:37.961+0530] {logging_mixin.py:190} INFO - [2025-01-28T11:51:37.961+0530] {dag.py:3239} INFO - Sync 1 DAGs
[2025-01-28T11:51:37.974+0530] {logging_mixin.py:190} INFO - [2025-01-28T11:51:37.974+0530] {dag.py:4180} INFO - Setting next_dagrun for tutorial_taskflow_api to None, run_after=None
[2025-01-28T11:51:38.000+0530] {processor.py:208} INFO - Processing /home/verma-tv/.local/lib/python3.11/site-packages/airflow/example_dags/tutorial_taskflow_api.py took 0.081 seconds
