[2025-01-28T11:39:24.300+0530] {processor.py:186} INFO - Started process (PID=17106) to work on /home/verma-tv/.local/lib/python3.11/site-packages/airflow/example_dags/tutorial_objectstorage.py
[2025-01-28T11:39:24.301+0530] {processor.py:914} INFO - Processing file /home/verma-tv/.local/lib/python3.11/site-packages/airflow/example_dags/tutorial_objectstorage.py for tasks to queue
[2025-01-28T11:39:24.303+0530] {logging_mixin.py:190} INFO - [2025-01-28T11:39:24.302+0530] {dagbag.py:588} INFO - Filling up the DagBag from /home/verma-tv/.local/lib/python3.11/site-packages/airflow/example_dags/tutorial_objectstorage.py
[2025-01-28T11:39:24.310+0530] {processor.py:925} INFO - DAG(s) 'tutorial_objectstorage' retrieved from /home/verma-tv/.local/lib/python3.11/site-packages/airflow/example_dags/tutorial_objectstorage.py
[2025-01-28T11:39:24.422+0530] {logging_mixin.py:190} INFO - [2025-01-28T11:39:24.422+0530] {override.py:1912} INFO - Created Permission View: can read on DAG:tutorial_objectstorage
[2025-01-28T11:39:24.429+0530] {logging_mixin.py:190} INFO - [2025-01-28T11:39:24.429+0530] {override.py:1912} INFO - Created Permission View: can edit on DAG:tutorial_objectstorage
[2025-01-28T11:39:24.435+0530] {logging_mixin.py:190} INFO - [2025-01-28T11:39:24.434+0530] {override.py:1912} INFO - Created Permission View: can delete on DAG:tutorial_objectstorage
[2025-01-28T11:39:24.442+0530] {logging_mixin.py:190} INFO - [2025-01-28T11:39:24.442+0530] {override.py:1912} INFO - Created Permission View: can read on DAG Run:tutorial_objectstorage
[2025-01-28T11:39:24.447+0530] {logging_mixin.py:190} INFO - [2025-01-28T11:39:24.447+0530] {override.py:1912} INFO - Created Permission View: can delete on DAG Run:tutorial_objectstorage
[2025-01-28T11:39:24.452+0530] {logging_mixin.py:190} INFO - [2025-01-28T11:39:24.452+0530] {override.py:1912} INFO - Created Permission View: menu access on DAG Run:tutorial_objectstorage
[2025-01-28T11:39:24.457+0530] {logging_mixin.py:190} INFO - [2025-01-28T11:39:24.457+0530] {override.py:1912} INFO - Created Permission View: can create on DAG Run:tutorial_objectstorage
[2025-01-28T11:39:24.457+0530] {logging_mixin.py:190} INFO - [2025-01-28T11:39:24.457+0530] {dag.py:3239} INFO - Sync 1 DAGs
[2025-01-28T11:39:24.465+0530] {logging_mixin.py:190} INFO - [2025-01-28T11:39:24.465+0530] {dag.py:3262} INFO - Creating ORM DAG for tutorial_objectstorage
[2025-01-28T11:39:24.466+0530] {logging_mixin.py:190} INFO - [2025-01-28T11:39:24.466+0530] {dag.py:4180} INFO - Setting next_dagrun for tutorial_objectstorage to None, run_after=None
[2025-01-28T11:39:24.477+0530] {processor.py:208} INFO - Processing /home/verma-tv/.local/lib/python3.11/site-packages/airflow/example_dags/tutorial_objectstorage.py took 0.182 seconds
[2025-01-28T11:40:24.621+0530] {processor.py:186} INFO - Started process (PID=17295) to work on /home/verma-tv/.local/lib/python3.11/site-packages/airflow/example_dags/tutorial_objectstorage.py
[2025-01-28T11:40:24.633+0530] {processor.py:914} INFO - Processing file /home/verma-tv/.local/lib/python3.11/site-packages/airflow/example_dags/tutorial_objectstorage.py for tasks to queue
[2025-01-28T11:40:24.636+0530] {logging_mixin.py:190} INFO - [2025-01-28T11:40:24.635+0530] {dagbag.py:588} INFO - Filling up the DagBag from /home/verma-tv/.local/lib/python3.11/site-packages/airflow/example_dags/tutorial_objectstorage.py
[2025-01-28T11:40:24.643+0530] {processor.py:925} INFO - DAG(s) 'tutorial_objectstorage' retrieved from /home/verma-tv/.local/lib/python3.11/site-packages/airflow/example_dags/tutorial_objectstorage.py
[2025-01-28T11:40:24.653+0530] {logging_mixin.py:190} INFO - [2025-01-28T11:40:24.653+0530] {dag.py:3239} INFO - Sync 1 DAGs
[2025-01-28T11:40:24.662+0530] {logging_mixin.py:190} INFO - [2025-01-28T11:40:24.661+0530] {dag.py:4180} INFO - Setting next_dagrun for tutorial_objectstorage to None, run_after=None
[2025-01-28T11:40:24.676+0530] {processor.py:208} INFO - Processing /home/verma-tv/.local/lib/python3.11/site-packages/airflow/example_dags/tutorial_objectstorage.py took 0.060 seconds
[2025-01-28T11:41:18.318+0530] {processor.py:186} INFO - Started process (PID=17461) to work on /home/verma-tv/.local/lib/python3.11/site-packages/airflow/example_dags/tutorial_objectstorage.py
[2025-01-28T11:41:18.319+0530] {processor.py:914} INFO - Processing file /home/verma-tv/.local/lib/python3.11/site-packages/airflow/example_dags/tutorial_objectstorage.py for tasks to queue
[2025-01-28T11:41:18.321+0530] {logging_mixin.py:190} INFO - [2025-01-28T11:41:18.320+0530] {dagbag.py:588} INFO - Filling up the DagBag from /home/verma-tv/.local/lib/python3.11/site-packages/airflow/example_dags/tutorial_objectstorage.py
[2025-01-28T11:41:18.328+0530] {processor.py:925} INFO - DAG(s) 'tutorial_objectstorage' retrieved from /home/verma-tv/.local/lib/python3.11/site-packages/airflow/example_dags/tutorial_objectstorage.py
[2025-01-28T11:41:18.339+0530] {logging_mixin.py:190} INFO - [2025-01-28T11:41:18.339+0530] {dag.py:3239} INFO - Sync 1 DAGs
[2025-01-28T11:41:18.347+0530] {logging_mixin.py:190} INFO - [2025-01-28T11:41:18.347+0530] {dag.py:4180} INFO - Setting next_dagrun for tutorial_objectstorage to None, run_after=None
[2025-01-28T11:41:18.373+0530] {processor.py:208} INFO - Processing /home/verma-tv/.local/lib/python3.11/site-packages/airflow/example_dags/tutorial_objectstorage.py took 0.059 seconds
[2025-01-28T11:42:09.004+0530] {processor.py:186} INFO - Started process (PID=17607) to work on /home/verma-tv/.local/lib/python3.11/site-packages/airflow/example_dags/tutorial_objectstorage.py
[2025-01-28T11:42:09.016+0530] {processor.py:914} INFO - Processing file /home/verma-tv/.local/lib/python3.11/site-packages/airflow/example_dags/tutorial_objectstorage.py for tasks to queue
[2025-01-28T11:42:09.019+0530] {logging_mixin.py:190} INFO - [2025-01-28T11:42:09.019+0530] {dagbag.py:588} INFO - Filling up the DagBag from /home/verma-tv/.local/lib/python3.11/site-packages/airflow/example_dags/tutorial_objectstorage.py
[2025-01-28T11:42:09.026+0530] {processor.py:925} INFO - DAG(s) 'tutorial_objectstorage' retrieved from /home/verma-tv/.local/lib/python3.11/site-packages/airflow/example_dags/tutorial_objectstorage.py
[2025-01-28T11:42:09.037+0530] {logging_mixin.py:190} INFO - [2025-01-28T11:42:09.037+0530] {dag.py:3239} INFO - Sync 1 DAGs
[2025-01-28T11:42:09.045+0530] {logging_mixin.py:190} INFO - [2025-01-28T11:42:09.045+0530] {dag.py:4180} INFO - Setting next_dagrun for tutorial_objectstorage to None, run_after=None
[2025-01-28T11:42:09.059+0530] {processor.py:208} INFO - Processing /home/verma-tv/.local/lib/python3.11/site-packages/airflow/example_dags/tutorial_objectstorage.py took 0.060 seconds
[2025-01-28T11:43:01.563+0530] {processor.py:186} INFO - Started process (PID=17740) to work on /home/verma-tv/.local/lib/python3.11/site-packages/airflow/example_dags/tutorial_objectstorage.py
[2025-01-28T11:43:01.575+0530] {processor.py:914} INFO - Processing file /home/verma-tv/.local/lib/python3.11/site-packages/airflow/example_dags/tutorial_objectstorage.py for tasks to queue
[2025-01-28T11:43:01.577+0530] {logging_mixin.py:190} INFO - [2025-01-28T11:43:01.577+0530] {dagbag.py:588} INFO - Filling up the DagBag from /home/verma-tv/.local/lib/python3.11/site-packages/airflow/example_dags/tutorial_objectstorage.py
[2025-01-28T11:43:01.585+0530] {processor.py:925} INFO - DAG(s) 'tutorial_objectstorage' retrieved from /home/verma-tv/.local/lib/python3.11/site-packages/airflow/example_dags/tutorial_objectstorage.py
[2025-01-28T11:43:01.595+0530] {logging_mixin.py:190} INFO - [2025-01-28T11:43:01.595+0530] {dag.py:3239} INFO - Sync 1 DAGs
[2025-01-28T11:43:01.604+0530] {logging_mixin.py:190} INFO - [2025-01-28T11:43:01.604+0530] {dag.py:4180} INFO - Setting next_dagrun for tutorial_objectstorage to None, run_after=None
[2025-01-28T11:43:01.618+0530] {processor.py:208} INFO - Processing /home/verma-tv/.local/lib/python3.11/site-packages/airflow/example_dags/tutorial_objectstorage.py took 0.060 seconds
[2025-01-28T11:43:52.714+0530] {processor.py:186} INFO - Started process (PID=17905) to work on /home/verma-tv/.local/lib/python3.11/site-packages/airflow/example_dags/tutorial_objectstorage.py
[2025-01-28T11:43:52.726+0530] {processor.py:914} INFO - Processing file /home/verma-tv/.local/lib/python3.11/site-packages/airflow/example_dags/tutorial_objectstorage.py for tasks to queue
[2025-01-28T11:43:52.729+0530] {logging_mixin.py:190} INFO - [2025-01-28T11:43:52.729+0530] {dagbag.py:588} INFO - Filling up the DagBag from /home/verma-tv/.local/lib/python3.11/site-packages/airflow/example_dags/tutorial_objectstorage.py
[2025-01-28T11:43:52.737+0530] {processor.py:925} INFO - DAG(s) 'tutorial_objectstorage' retrieved from /home/verma-tv/.local/lib/python3.11/site-packages/airflow/example_dags/tutorial_objectstorage.py
[2025-01-28T11:43:52.747+0530] {logging_mixin.py:190} INFO - [2025-01-28T11:43:52.747+0530] {dag.py:3239} INFO - Sync 1 DAGs
[2025-01-28T11:43:52.756+0530] {logging_mixin.py:190} INFO - [2025-01-28T11:43:52.756+0530] {dag.py:4180} INFO - Setting next_dagrun for tutorial_objectstorage to None, run_after=None
[2025-01-28T11:43:52.770+0530] {processor.py:208} INFO - Processing /home/verma-tv/.local/lib/python3.11/site-packages/airflow/example_dags/tutorial_objectstorage.py took 0.061 seconds
[2025-01-28T11:44:43.422+0530] {processor.py:186} INFO - Started process (PID=18133) to work on /home/verma-tv/.local/lib/python3.11/site-packages/airflow/example_dags/tutorial_objectstorage.py
[2025-01-28T11:44:43.435+0530] {processor.py:914} INFO - Processing file /home/verma-tv/.local/lib/python3.11/site-packages/airflow/example_dags/tutorial_objectstorage.py for tasks to queue
[2025-01-28T11:44:43.437+0530] {logging_mixin.py:190} INFO - [2025-01-28T11:44:43.437+0530] {dagbag.py:588} INFO - Filling up the DagBag from /home/verma-tv/.local/lib/python3.11/site-packages/airflow/example_dags/tutorial_objectstorage.py
[2025-01-28T11:44:43.446+0530] {processor.py:925} INFO - DAG(s) 'tutorial_objectstorage' retrieved from /home/verma-tv/.local/lib/python3.11/site-packages/airflow/example_dags/tutorial_objectstorage.py
[2025-01-28T11:44:43.461+0530] {logging_mixin.py:190} INFO - [2025-01-28T11:44:43.460+0530] {dag.py:3239} INFO - Sync 1 DAGs
[2025-01-28T11:44:43.471+0530] {logging_mixin.py:190} INFO - [2025-01-28T11:44:43.471+0530] {dag.py:4180} INFO - Setting next_dagrun for tutorial_objectstorage to None, run_after=None
[2025-01-28T11:44:43.490+0530] {processor.py:208} INFO - Processing /home/verma-tv/.local/lib/python3.11/site-packages/airflow/example_dags/tutorial_objectstorage.py took 0.072 seconds
[2025-01-28T11:45:36.891+0530] {processor.py:186} INFO - Started process (PID=18315) to work on /home/verma-tv/.local/lib/python3.11/site-packages/airflow/example_dags/tutorial_objectstorage.py
[2025-01-28T11:45:36.903+0530] {processor.py:914} INFO - Processing file /home/verma-tv/.local/lib/python3.11/site-packages/airflow/example_dags/tutorial_objectstorage.py for tasks to queue
[2025-01-28T11:45:36.906+0530] {logging_mixin.py:190} INFO - [2025-01-28T11:45:36.906+0530] {dagbag.py:588} INFO - Filling up the DagBag from /home/verma-tv/.local/lib/python3.11/site-packages/airflow/example_dags/tutorial_objectstorage.py
[2025-01-28T11:45:36.915+0530] {processor.py:925} INFO - DAG(s) 'tutorial_objectstorage' retrieved from /home/verma-tv/.local/lib/python3.11/site-packages/airflow/example_dags/tutorial_objectstorage.py
[2025-01-28T11:45:36.928+0530] {logging_mixin.py:190} INFO - [2025-01-28T11:45:36.928+0530] {dag.py:3239} INFO - Sync 1 DAGs
[2025-01-28T11:45:36.941+0530] {logging_mixin.py:190} INFO - [2025-01-28T11:45:36.941+0530] {dag.py:4180} INFO - Setting next_dagrun for tutorial_objectstorage to None, run_after=None
[2025-01-28T11:45:36.959+0530] {processor.py:208} INFO - Processing /home/verma-tv/.local/lib/python3.11/site-packages/airflow/example_dags/tutorial_objectstorage.py took 0.072 seconds
[2025-01-28T11:46:30.295+0530] {processor.py:186} INFO - Started process (PID=18472) to work on /home/verma-tv/.local/lib/python3.11/site-packages/airflow/example_dags/tutorial_objectstorage.py
[2025-01-28T11:46:30.307+0530] {processor.py:914} INFO - Processing file /home/verma-tv/.local/lib/python3.11/site-packages/airflow/example_dags/tutorial_objectstorage.py for tasks to queue
[2025-01-28T11:46:30.310+0530] {logging_mixin.py:190} INFO - [2025-01-28T11:46:30.309+0530] {dagbag.py:588} INFO - Filling up the DagBag from /home/verma-tv/.local/lib/python3.11/site-packages/airflow/example_dags/tutorial_objectstorage.py
[2025-01-28T11:46:30.317+0530] {processor.py:925} INFO - DAG(s) 'tutorial_objectstorage' retrieved from /home/verma-tv/.local/lib/python3.11/site-packages/airflow/example_dags/tutorial_objectstorage.py
[2025-01-28T11:46:30.328+0530] {logging_mixin.py:190} INFO - [2025-01-28T11:46:30.328+0530] {dag.py:3239} INFO - Sync 1 DAGs
[2025-01-28T11:46:30.336+0530] {logging_mixin.py:190} INFO - [2025-01-28T11:46:30.336+0530] {dag.py:4180} INFO - Setting next_dagrun for tutorial_objectstorage to None, run_after=None
[2025-01-28T11:46:30.350+0530] {processor.py:208} INFO - Processing /home/verma-tv/.local/lib/python3.11/site-packages/airflow/example_dags/tutorial_objectstorage.py took 0.061 seconds
[2025-01-28T11:47:22.146+0530] {processor.py:186} INFO - Started process (PID=18810) to work on /home/verma-tv/.local/lib/python3.11/site-packages/airflow/example_dags/tutorial_objectstorage.py
[2025-01-28T11:47:22.158+0530] {processor.py:914} INFO - Processing file /home/verma-tv/.local/lib/python3.11/site-packages/airflow/example_dags/tutorial_objectstorage.py for tasks to queue
[2025-01-28T11:47:22.160+0530] {logging_mixin.py:190} INFO - [2025-01-28T11:47:22.160+0530] {dagbag.py:588} INFO - Filling up the DagBag from /home/verma-tv/.local/lib/python3.11/site-packages/airflow/example_dags/tutorial_objectstorage.py
[2025-01-28T11:47:22.168+0530] {processor.py:925} INFO - DAG(s) 'tutorial_objectstorage' retrieved from /home/verma-tv/.local/lib/python3.11/site-packages/airflow/example_dags/tutorial_objectstorage.py
[2025-01-28T11:47:22.179+0530] {logging_mixin.py:190} INFO - [2025-01-28T11:47:22.179+0530] {dag.py:3239} INFO - Sync 1 DAGs
[2025-01-28T11:47:22.187+0530] {logging_mixin.py:190} INFO - [2025-01-28T11:47:22.187+0530] {dag.py:4180} INFO - Setting next_dagrun for tutorial_objectstorage to None, run_after=None
[2025-01-28T11:47:22.203+0530] {processor.py:208} INFO - Processing /home/verma-tv/.local/lib/python3.11/site-packages/airflow/example_dags/tutorial_objectstorage.py took 0.062 seconds
[2025-01-28T11:48:15.098+0530] {processor.py:186} INFO - Started process (PID=19083) to work on /home/verma-tv/.local/lib/python3.11/site-packages/airflow/example_dags/tutorial_objectstorage.py
[2025-01-28T11:48:15.111+0530] {processor.py:914} INFO - Processing file /home/verma-tv/.local/lib/python3.11/site-packages/airflow/example_dags/tutorial_objectstorage.py for tasks to queue
[2025-01-28T11:48:15.113+0530] {logging_mixin.py:190} INFO - [2025-01-28T11:48:15.113+0530] {dagbag.py:588} INFO - Filling up the DagBag from /home/verma-tv/.local/lib/python3.11/site-packages/airflow/example_dags/tutorial_objectstorage.py
[2025-01-28T11:48:15.121+0530] {processor.py:925} INFO - DAG(s) 'tutorial_objectstorage' retrieved from /home/verma-tv/.local/lib/python3.11/site-packages/airflow/example_dags/tutorial_objectstorage.py
[2025-01-28T11:48:15.131+0530] {logging_mixin.py:190} INFO - [2025-01-28T11:48:15.131+0530] {dag.py:3239} INFO - Sync 1 DAGs
[2025-01-28T11:48:15.140+0530] {logging_mixin.py:190} INFO - [2025-01-28T11:48:15.139+0530] {dag.py:4180} INFO - Setting next_dagrun for tutorial_objectstorage to None, run_after=None
[2025-01-28T11:48:15.154+0530] {processor.py:208} INFO - Processing /home/verma-tv/.local/lib/python3.11/site-packages/airflow/example_dags/tutorial_objectstorage.py took 0.060 seconds
[2025-01-28T11:49:06.852+0530] {processor.py:186} INFO - Started process (PID=19303) to work on /home/verma-tv/.local/lib/python3.11/site-packages/airflow/example_dags/tutorial_objectstorage.py
[2025-01-28T11:49:06.864+0530] {processor.py:914} INFO - Processing file /home/verma-tv/.local/lib/python3.11/site-packages/airflow/example_dags/tutorial_objectstorage.py for tasks to queue
[2025-01-28T11:49:06.867+0530] {logging_mixin.py:190} INFO - [2025-01-28T11:49:06.866+0530] {dagbag.py:588} INFO - Filling up the DagBag from /home/verma-tv/.local/lib/python3.11/site-packages/airflow/example_dags/tutorial_objectstorage.py
[2025-01-28T11:49:06.875+0530] {processor.py:925} INFO - DAG(s) 'tutorial_objectstorage' retrieved from /home/verma-tv/.local/lib/python3.11/site-packages/airflow/example_dags/tutorial_objectstorage.py
[2025-01-28T11:49:06.887+0530] {logging_mixin.py:190} INFO - [2025-01-28T11:49:06.886+0530] {dag.py:3239} INFO - Sync 1 DAGs
[2025-01-28T11:49:06.896+0530] {logging_mixin.py:190} INFO - [2025-01-28T11:49:06.896+0530] {dag.py:4180} INFO - Setting next_dagrun for tutorial_objectstorage to None, run_after=None
[2025-01-28T11:49:06.911+0530] {processor.py:208} INFO - Processing /home/verma-tv/.local/lib/python3.11/site-packages/airflow/example_dags/tutorial_objectstorage.py took 0.064 seconds
[2025-01-28T11:49:56.526+0530] {processor.py:186} INFO - Started process (PID=19659) to work on /home/verma-tv/.local/lib/python3.11/site-packages/airflow/example_dags/tutorial_objectstorage.py
[2025-01-28T11:49:56.540+0530] {processor.py:914} INFO - Processing file /home/verma-tv/.local/lib/python3.11/site-packages/airflow/example_dags/tutorial_objectstorage.py for tasks to queue
[2025-01-28T11:49:56.542+0530] {logging_mixin.py:190} INFO - [2025-01-28T11:49:56.542+0530] {dagbag.py:588} INFO - Filling up the DagBag from /home/verma-tv/.local/lib/python3.11/site-packages/airflow/example_dags/tutorial_objectstorage.py
[2025-01-28T11:49:56.550+0530] {processor.py:925} INFO - DAG(s) 'tutorial_objectstorage' retrieved from /home/verma-tv/.local/lib/python3.11/site-packages/airflow/example_dags/tutorial_objectstorage.py
[2025-01-28T11:49:56.561+0530] {logging_mixin.py:190} INFO - [2025-01-28T11:49:56.561+0530] {dag.py:3239} INFO - Sync 1 DAGs
[2025-01-28T11:49:56.570+0530] {logging_mixin.py:190} INFO - [2025-01-28T11:49:56.570+0530] {dag.py:4180} INFO - Setting next_dagrun for tutorial_objectstorage to None, run_after=None
[2025-01-28T11:49:56.586+0530] {processor.py:208} INFO - Processing /home/verma-tv/.local/lib/python3.11/site-packages/airflow/example_dags/tutorial_objectstorage.py took 0.064 seconds
[2025-01-28T11:50:45.685+0530] {processor.py:186} INFO - Started process (PID=19816) to work on /home/verma-tv/.local/lib/python3.11/site-packages/airflow/example_dags/tutorial_objectstorage.py
[2025-01-28T11:50:45.697+0530] {processor.py:914} INFO - Processing file /home/verma-tv/.local/lib/python3.11/site-packages/airflow/example_dags/tutorial_objectstorage.py for tasks to queue
[2025-01-28T11:50:45.699+0530] {logging_mixin.py:190} INFO - [2025-01-28T11:50:45.699+0530] {dagbag.py:588} INFO - Filling up the DagBag from /home/verma-tv/.local/lib/python3.11/site-packages/airflow/example_dags/tutorial_objectstorage.py
[2025-01-28T11:50:45.708+0530] {processor.py:925} INFO - DAG(s) 'tutorial_objectstorage' retrieved from /home/verma-tv/.local/lib/python3.11/site-packages/airflow/example_dags/tutorial_objectstorage.py
[2025-01-28T11:50:45.719+0530] {logging_mixin.py:190} INFO - [2025-01-28T11:50:45.719+0530] {dag.py:3239} INFO - Sync 1 DAGs
[2025-01-28T11:50:45.728+0530] {logging_mixin.py:190} INFO - [2025-01-28T11:50:45.728+0530] {dag.py:4180} INFO - Setting next_dagrun for tutorial_objectstorage to None, run_after=None
[2025-01-28T11:50:45.743+0530] {processor.py:208} INFO - Processing /home/verma-tv/.local/lib/python3.11/site-packages/airflow/example_dags/tutorial_objectstorage.py took 0.064 seconds
[2025-01-28T11:51:36.788+0530] {processor.py:186} INFO - Started process (PID=20001) to work on /home/verma-tv/.local/lib/python3.11/site-packages/airflow/example_dags/tutorial_objectstorage.py
[2025-01-28T11:51:36.789+0530] {processor.py:914} INFO - Processing file /home/verma-tv/.local/lib/python3.11/site-packages/airflow/example_dags/tutorial_objectstorage.py for tasks to queue
[2025-01-28T11:51:36.791+0530] {logging_mixin.py:190} INFO - [2025-01-28T11:51:36.791+0530] {dagbag.py:588} INFO - Filling up the DagBag from /home/verma-tv/.local/lib/python3.11/site-packages/airflow/example_dags/tutorial_objectstorage.py
[2025-01-28T11:51:36.800+0530] {processor.py:925} INFO - DAG(s) 'tutorial_objectstorage' retrieved from /home/verma-tv/.local/lib/python3.11/site-packages/airflow/example_dags/tutorial_objectstorage.py
[2025-01-28T11:51:36.812+0530] {logging_mixin.py:190} INFO - [2025-01-28T11:51:36.811+0530] {dag.py:3239} INFO - Sync 1 DAGs
[2025-01-28T11:51:36.821+0530] {logging_mixin.py:190} INFO - [2025-01-28T11:51:36.820+0530] {dag.py:4180} INFO - Setting next_dagrun for tutorial_objectstorage to None, run_after=None
[2025-01-28T11:51:36.836+0530] {processor.py:208} INFO - Processing /home/verma-tv/.local/lib/python3.11/site-packages/airflow/example_dags/tutorial_objectstorage.py took 0.053 seconds
