[2025-01-28T11:39:15.152+0530] {processor.py:186} INFO - Started process (PID=16963) to work on /home/verma-tv/.local/lib/python3.11/site-packages/airflow/example_dags/plugins/event_listener.py
[2025-01-28T11:39:15.153+0530] {processor.py:914} INFO - Processing file /home/verma-tv/.local/lib/python3.11/site-packages/airflow/example_dags/plugins/event_listener.py for tasks to queue
[2025-01-28T11:39:15.155+0530] {logging_mixin.py:190} INFO - [2025-01-28T11:39:15.154+0530] {dagbag.py:588} INFO - Filling up the DagBag from /home/verma-tv/.local/lib/python3.11/site-packages/airflow/example_dags/plugins/event_listener.py
[2025-01-28T11:39:15.156+0530] {processor.py:927} WARNING - No viable dags retrieved from /home/verma-tv/.local/lib/python3.11/site-packages/airflow/example_dags/plugins/event_listener.py
[2025-01-28T11:39:15.165+0530] {processor.py:208} INFO - Processing /home/verma-tv/.local/lib/python3.11/site-packages/airflow/example_dags/plugins/event_listener.py took 0.017 seconds
[2025-01-28T11:40:15.228+0530] {processor.py:186} INFO - Started process (PID=17267) to work on /home/verma-tv/.local/lib/python3.11/site-packages/airflow/example_dags/plugins/event_listener.py
[2025-01-28T11:40:15.241+0530] {processor.py:914} INFO - Processing file /home/verma-tv/.local/lib/python3.11/site-packages/airflow/example_dags/plugins/event_listener.py for tasks to queue
[2025-01-28T11:40:15.243+0530] {logging_mixin.py:190} INFO - [2025-01-28T11:40:15.243+0530] {dagbag.py:588} INFO - Filling up the DagBag from /home/verma-tv/.local/lib/python3.11/site-packages/airflow/example_dags/plugins/event_listener.py
[2025-01-28T11:40:15.245+0530] {processor.py:927} WARNING - No viable dags retrieved from /home/verma-tv/.local/lib/python3.11/site-packages/airflow/example_dags/plugins/event_listener.py
[2025-01-28T11:40:15.254+0530] {processor.py:208} INFO - Processing /home/verma-tv/.local/lib/python3.11/site-packages/airflow/example_dags/plugins/event_listener.py took 0.030 seconds
[2025-01-28T11:41:10.865+0530] {processor.py:186} INFO - Started process (PID=17443) to work on /home/verma-tv/.local/lib/python3.11/site-packages/airflow/example_dags/plugins/event_listener.py
[2025-01-28T11:41:10.877+0530] {processor.py:914} INFO - Processing file /home/verma-tv/.local/lib/python3.11/site-packages/airflow/example_dags/plugins/event_listener.py for tasks to queue
[2025-01-28T11:41:10.879+0530] {logging_mixin.py:190} INFO - [2025-01-28T11:41:10.879+0530] {dagbag.py:588} INFO - Filling up the DagBag from /home/verma-tv/.local/lib/python3.11/site-packages/airflow/example_dags/plugins/event_listener.py
[2025-01-28T11:41:10.881+0530] {processor.py:927} WARNING - No viable dags retrieved from /home/verma-tv/.local/lib/python3.11/site-packages/airflow/example_dags/plugins/event_listener.py
[2025-01-28T11:41:10.888+0530] {processor.py:208} INFO - Processing /home/verma-tv/.local/lib/python3.11/site-packages/airflow/example_dags/plugins/event_listener.py took 0.028 seconds
[2025-01-28T11:42:00.001+0530] {processor.py:186} INFO - Started process (PID=17548) to work on /home/verma-tv/.local/lib/python3.11/site-packages/airflow/example_dags/plugins/event_listener.py
[2025-01-28T11:42:00.003+0530] {processor.py:914} INFO - Processing file /home/verma-tv/.local/lib/python3.11/site-packages/airflow/example_dags/plugins/event_listener.py for tasks to queue
[2025-01-28T11:42:00.005+0530] {logging_mixin.py:190} INFO - [2025-01-28T11:42:00.004+0530] {dagbag.py:588} INFO - Filling up the DagBag from /home/verma-tv/.local/lib/python3.11/site-packages/airflow/example_dags/plugins/event_listener.py
[2025-01-28T11:42:00.007+0530] {processor.py:927} WARNING - No viable dags retrieved from /home/verma-tv/.local/lib/python3.11/site-packages/airflow/example_dags/plugins/event_listener.py
[2025-01-28T11:42:00.015+0530] {processor.py:208} INFO - Processing /home/verma-tv/.local/lib/python3.11/site-packages/airflow/example_dags/plugins/event_listener.py took 0.018 seconds
[2025-01-28T11:42:53.558+0530] {processor.py:186} INFO - Started process (PID=17726) to work on /home/verma-tv/.local/lib/python3.11/site-packages/airflow/example_dags/plugins/event_listener.py
[2025-01-28T11:42:53.570+0530] {processor.py:914} INFO - Processing file /home/verma-tv/.local/lib/python3.11/site-packages/airflow/example_dags/plugins/event_listener.py for tasks to queue
[2025-01-28T11:42:53.573+0530] {logging_mixin.py:190} INFO - [2025-01-28T11:42:53.572+0530] {dagbag.py:588} INFO - Filling up the DagBag from /home/verma-tv/.local/lib/python3.11/site-packages/airflow/example_dags/plugins/event_listener.py
[2025-01-28T11:42:53.575+0530] {processor.py:927} WARNING - No viable dags retrieved from /home/verma-tv/.local/lib/python3.11/site-packages/airflow/example_dags/plugins/event_listener.py
[2025-01-28T11:42:53.584+0530] {processor.py:208} INFO - Processing /home/verma-tv/.local/lib/python3.11/site-packages/airflow/example_dags/plugins/event_listener.py took 0.032 seconds
[2025-01-28T11:43:43.717+0530] {processor.py:186} INFO - Started process (PID=17888) to work on /home/verma-tv/.local/lib/python3.11/site-packages/airflow/example_dags/plugins/event_listener.py
[2025-01-28T11:43:43.729+0530] {processor.py:914} INFO - Processing file /home/verma-tv/.local/lib/python3.11/site-packages/airflow/example_dags/plugins/event_listener.py for tasks to queue
[2025-01-28T11:43:43.732+0530] {logging_mixin.py:190} INFO - [2025-01-28T11:43:43.732+0530] {dagbag.py:588} INFO - Filling up the DagBag from /home/verma-tv/.local/lib/python3.11/site-packages/airflow/example_dags/plugins/event_listener.py
[2025-01-28T11:43:43.734+0530] {processor.py:927} WARNING - No viable dags retrieved from /home/verma-tv/.local/lib/python3.11/site-packages/airflow/example_dags/plugins/event_listener.py
[2025-01-28T11:43:43.742+0530] {processor.py:208} INFO - Processing /home/verma-tv/.local/lib/python3.11/site-packages/airflow/example_dags/plugins/event_listener.py took 0.030 seconds
[2025-01-28T11:44:33.844+0530] {processor.py:186} INFO - Started process (PID=18105) to work on /home/verma-tv/.local/lib/python3.11/site-packages/airflow/example_dags/plugins/event_listener.py
[2025-01-28T11:44:33.857+0530] {processor.py:914} INFO - Processing file /home/verma-tv/.local/lib/python3.11/site-packages/airflow/example_dags/plugins/event_listener.py for tasks to queue
[2025-01-28T11:44:33.859+0530] {logging_mixin.py:190} INFO - [2025-01-28T11:44:33.858+0530] {dagbag.py:588} INFO - Filling up the DagBag from /home/verma-tv/.local/lib/python3.11/site-packages/airflow/example_dags/plugins/event_listener.py
[2025-01-28T11:44:33.860+0530] {processor.py:927} WARNING - No viable dags retrieved from /home/verma-tv/.local/lib/python3.11/site-packages/airflow/example_dags/plugins/event_listener.py
[2025-01-28T11:44:33.868+0530] {processor.py:208} INFO - Processing /home/verma-tv/.local/lib/python3.11/site-packages/airflow/example_dags/plugins/event_listener.py took 0.028 seconds
[2025-01-28T11:45:27.722+0530] {processor.py:186} INFO - Started process (PID=18297) to work on /home/verma-tv/.local/lib/python3.11/site-packages/airflow/example_dags/plugins/event_listener.py
[2025-01-28T11:45:27.735+0530] {processor.py:914} INFO - Processing file /home/verma-tv/.local/lib/python3.11/site-packages/airflow/example_dags/plugins/event_listener.py for tasks to queue
[2025-01-28T11:45:27.740+0530] {logging_mixin.py:190} INFO - [2025-01-28T11:45:27.740+0530] {dagbag.py:588} INFO - Filling up the DagBag from /home/verma-tv/.local/lib/python3.11/site-packages/airflow/example_dags/plugins/event_listener.py
[2025-01-28T11:45:27.742+0530] {processor.py:927} WARNING - No viable dags retrieved from /home/verma-tv/.local/lib/python3.11/site-packages/airflow/example_dags/plugins/event_listener.py
[2025-01-28T11:45:27.752+0530] {processor.py:208} INFO - Processing /home/verma-tv/.local/lib/python3.11/site-packages/airflow/example_dags/plugins/event_listener.py took 0.038 seconds
[2025-01-28T11:46:21.298+0530] {processor.py:186} INFO - Started process (PID=18460) to work on /home/verma-tv/.local/lib/python3.11/site-packages/airflow/example_dags/plugins/event_listener.py
[2025-01-28T11:46:21.299+0530] {processor.py:914} INFO - Processing file /home/verma-tv/.local/lib/python3.11/site-packages/airflow/example_dags/plugins/event_listener.py for tasks to queue
[2025-01-28T11:46:21.304+0530] {logging_mixin.py:190} INFO - [2025-01-28T11:46:21.304+0530] {dagbag.py:588} INFO - Filling up the DagBag from /home/verma-tv/.local/lib/python3.11/site-packages/airflow/example_dags/plugins/event_listener.py
[2025-01-28T11:46:21.306+0530] {processor.py:927} WARNING - No viable dags retrieved from /home/verma-tv/.local/lib/python3.11/site-packages/airflow/example_dags/plugins/event_listener.py
[2025-01-28T11:46:21.314+0530] {processor.py:208} INFO - Processing /home/verma-tv/.local/lib/python3.11/site-packages/airflow/example_dags/plugins/event_listener.py took 0.021 seconds
[2025-01-28T11:47:13.481+0530] {processor.py:186} INFO - Started process (PID=18729) to work on /home/verma-tv/.local/lib/python3.11/site-packages/airflow/example_dags/plugins/event_listener.py
[2025-01-28T11:47:13.484+0530] {processor.py:914} INFO - Processing file /home/verma-tv/.local/lib/python3.11/site-packages/airflow/example_dags/plugins/event_listener.py for tasks to queue
[2025-01-28T11:47:13.486+0530] {logging_mixin.py:190} INFO - [2025-01-28T11:47:13.486+0530] {dagbag.py:588} INFO - Filling up the DagBag from /home/verma-tv/.local/lib/python3.11/site-packages/airflow/example_dags/plugins/event_listener.py
[2025-01-28T11:47:13.488+0530] {processor.py:927} WARNING - No viable dags retrieved from /home/verma-tv/.local/lib/python3.11/site-packages/airflow/example_dags/plugins/event_listener.py
[2025-01-28T11:47:13.496+0530] {processor.py:208} INFO - Processing /home/verma-tv/.local/lib/python3.11/site-packages/airflow/example_dags/plugins/event_listener.py took 0.020 seconds
[2025-01-28T11:48:06.225+0530] {processor.py:186} INFO - Started process (PID=18971) to work on /home/verma-tv/.local/lib/python3.11/site-packages/airflow/example_dags/plugins/event_listener.py
[2025-01-28T11:48:06.238+0530] {processor.py:914} INFO - Processing file /home/verma-tv/.local/lib/python3.11/site-packages/airflow/example_dags/plugins/event_listener.py for tasks to queue
[2025-01-28T11:48:06.240+0530] {logging_mixin.py:190} INFO - [2025-01-28T11:48:06.239+0530] {dagbag.py:588} INFO - Filling up the DagBag from /home/verma-tv/.local/lib/python3.11/site-packages/airflow/example_dags/plugins/event_listener.py
[2025-01-28T11:48:06.241+0530] {processor.py:927} WARNING - No viable dags retrieved from /home/verma-tv/.local/lib/python3.11/site-packages/airflow/example_dags/plugins/event_listener.py
[2025-01-28T11:48:06.249+0530] {processor.py:208} INFO - Processing /home/verma-tv/.local/lib/python3.11/site-packages/airflow/example_dags/plugins/event_listener.py took 0.028 seconds
[2025-01-28T11:48:58.845+0530] {processor.py:186} INFO - Started process (PID=19293) to work on /home/verma-tv/.local/lib/python3.11/site-packages/airflow/example_dags/plugins/event_listener.py
[2025-01-28T11:48:58.858+0530] {processor.py:914} INFO - Processing file /home/verma-tv/.local/lib/python3.11/site-packages/airflow/example_dags/plugins/event_listener.py for tasks to queue
[2025-01-28T11:48:58.860+0530] {logging_mixin.py:190} INFO - [2025-01-28T11:48:58.860+0530] {dagbag.py:588} INFO - Filling up the DagBag from /home/verma-tv/.local/lib/python3.11/site-packages/airflow/example_dags/plugins/event_listener.py
[2025-01-28T11:48:58.862+0530] {processor.py:927} WARNING - No viable dags retrieved from /home/verma-tv/.local/lib/python3.11/site-packages/airflow/example_dags/plugins/event_listener.py
[2025-01-28T11:48:58.869+0530] {processor.py:208} INFO - Processing /home/verma-tv/.local/lib/python3.11/site-packages/airflow/example_dags/plugins/event_listener.py took 0.029 seconds
[2025-01-28T11:49:47.977+0530] {processor.py:186} INFO - Started process (PID=19648) to work on /home/verma-tv/.local/lib/python3.11/site-packages/airflow/example_dags/plugins/event_listener.py
[2025-01-28T11:49:47.978+0530] {processor.py:914} INFO - Processing file /home/verma-tv/.local/lib/python3.11/site-packages/airflow/example_dags/plugins/event_listener.py for tasks to queue
[2025-01-28T11:49:47.979+0530] {logging_mixin.py:190} INFO - [2025-01-28T11:49:47.979+0530] {dagbag.py:588} INFO - Filling up the DagBag from /home/verma-tv/.local/lib/python3.11/site-packages/airflow/example_dags/plugins/event_listener.py
[2025-01-28T11:49:47.981+0530] {processor.py:927} WARNING - No viable dags retrieved from /home/verma-tv/.local/lib/python3.11/site-packages/airflow/example_dags/plugins/event_listener.py
[2025-01-28T11:49:47.989+0530] {processor.py:208} INFO - Processing /home/verma-tv/.local/lib/python3.11/site-packages/airflow/example_dags/plugins/event_listener.py took 0.017 seconds
[2025-01-28T11:50:36.161+0530] {processor.py:186} INFO - Started process (PID=19798) to work on /home/verma-tv/.local/lib/python3.11/site-packages/airflow/example_dags/plugins/event_listener.py
[2025-01-28T11:50:36.174+0530] {processor.py:914} INFO - Processing file /home/verma-tv/.local/lib/python3.11/site-packages/airflow/example_dags/plugins/event_listener.py for tasks to queue
[2025-01-28T11:50:36.177+0530] {logging_mixin.py:190} INFO - [2025-01-28T11:50:36.176+0530] {dagbag.py:588} INFO - Filling up the DagBag from /home/verma-tv/.local/lib/python3.11/site-packages/airflow/example_dags/plugins/event_listener.py
[2025-01-28T11:50:36.179+0530] {processor.py:927} WARNING - No viable dags retrieved from /home/verma-tv/.local/lib/python3.11/site-packages/airflow/example_dags/plugins/event_listener.py
[2025-01-28T11:50:36.188+0530] {processor.py:208} INFO - Processing /home/verma-tv/.local/lib/python3.11/site-packages/airflow/example_dags/plugins/event_listener.py took 0.033 seconds
[2025-01-28T11:51:28.787+0530] {processor.py:186} INFO - Started process (PID=19977) to work on /home/verma-tv/.local/lib/python3.11/site-packages/airflow/example_dags/plugins/event_listener.py
[2025-01-28T11:51:28.799+0530] {processor.py:914} INFO - Processing file /home/verma-tv/.local/lib/python3.11/site-packages/airflow/example_dags/plugins/event_listener.py for tasks to queue
[2025-01-28T11:51:28.801+0530] {logging_mixin.py:190} INFO - [2025-01-28T11:51:28.801+0530] {dagbag.py:588} INFO - Filling up the DagBag from /home/verma-tv/.local/lib/python3.11/site-packages/airflow/example_dags/plugins/event_listener.py
[2025-01-28T11:51:28.803+0530] {processor.py:927} WARNING - No viable dags retrieved from /home/verma-tv/.local/lib/python3.11/site-packages/airflow/example_dags/plugins/event_listener.py
[2025-01-28T11:51:28.811+0530] {processor.py:208} INFO - Processing /home/verma-tv/.local/lib/python3.11/site-packages/airflow/example_dags/plugins/event_listener.py took 0.029 seconds
[2025-01-28T12:00:52.762+0530] {processor.py:186} INFO - Started process (PID=22612) to work on /home/verma-tv/.local/lib/python3.11/site-packages/airflow/example_dags/plugins/event_listener.py
[2025-01-28T12:00:52.763+0530] {processor.py:914} INFO - Processing file /home/verma-tv/.local/lib/python3.11/site-packages/airflow/example_dags/plugins/event_listener.py for tasks to queue
[2025-01-28T12:00:52.765+0530] {logging_mixin.py:190} INFO - [2025-01-28T12:00:52.765+0530] {dagbag.py:588} INFO - Filling up the DagBag from /home/verma-tv/.local/lib/python3.11/site-packages/airflow/example_dags/plugins/event_listener.py
[2025-01-28T12:00:52.768+0530] {processor.py:927} WARNING - No viable dags retrieved from /home/verma-tv/.local/lib/python3.11/site-packages/airflow/example_dags/plugins/event_listener.py
[2025-01-28T12:00:52.777+0530] {processor.py:208} INFO - Processing /home/verma-tv/.local/lib/python3.11/site-packages/airflow/example_dags/plugins/event_listener.py took 0.020 seconds
[2025-01-28T12:01:48.056+0530] {processor.py:186} INFO - Started process (PID=23140) to work on /home/verma-tv/.local/lib/python3.11/site-packages/airflow/example_dags/plugins/event_listener.py
[2025-01-28T12:01:48.069+0530] {processor.py:914} INFO - Processing file /home/verma-tv/.local/lib/python3.11/site-packages/airflow/example_dags/plugins/event_listener.py for tasks to queue
[2025-01-28T12:01:48.071+0530] {logging_mixin.py:190} INFO - [2025-01-28T12:01:48.071+0530] {dagbag.py:588} INFO - Filling up the DagBag from /home/verma-tv/.local/lib/python3.11/site-packages/airflow/example_dags/plugins/event_listener.py
[2025-01-28T12:01:48.073+0530] {processor.py:927} WARNING - No viable dags retrieved from /home/verma-tv/.local/lib/python3.11/site-packages/airflow/example_dags/plugins/event_listener.py
[2025-01-28T12:01:48.081+0530] {processor.py:208} INFO - Processing /home/verma-tv/.local/lib/python3.11/site-packages/airflow/example_dags/plugins/event_listener.py took 0.029 seconds
[2025-01-28T12:02:40.579+0530] {processor.py:186} INFO - Started process (PID=23490) to work on /home/verma-tv/.local/lib/python3.11/site-packages/airflow/example_dags/plugins/event_listener.py
[2025-01-28T12:02:40.580+0530] {processor.py:914} INFO - Processing file /home/verma-tv/.local/lib/python3.11/site-packages/airflow/example_dags/plugins/event_listener.py for tasks to queue
[2025-01-28T12:02:40.583+0530] {logging_mixin.py:190} INFO - [2025-01-28T12:02:40.582+0530] {dagbag.py:588} INFO - Filling up the DagBag from /home/verma-tv/.local/lib/python3.11/site-packages/airflow/example_dags/plugins/event_listener.py
[2025-01-28T12:02:40.584+0530] {processor.py:927} WARNING - No viable dags retrieved from /home/verma-tv/.local/lib/python3.11/site-packages/airflow/example_dags/plugins/event_listener.py
[2025-01-28T12:02:40.592+0530] {processor.py:208} INFO - Processing /home/verma-tv/.local/lib/python3.11/site-packages/airflow/example_dags/plugins/event_listener.py took 0.018 seconds
[2025-01-28T12:03:38.079+0530] {processor.py:186} INFO - Started process (PID=24398) to work on /home/verma-tv/.local/lib/python3.11/site-packages/airflow/example_dags/plugins/event_listener.py
[2025-01-28T12:03:38.091+0530] {processor.py:914} INFO - Processing file /home/verma-tv/.local/lib/python3.11/site-packages/airflow/example_dags/plugins/event_listener.py for tasks to queue
[2025-01-28T12:03:38.093+0530] {logging_mixin.py:190} INFO - [2025-01-28T12:03:38.093+0530] {dagbag.py:588} INFO - Filling up the DagBag from /home/verma-tv/.local/lib/python3.11/site-packages/airflow/example_dags/plugins/event_listener.py
[2025-01-28T12:03:38.096+0530] {processor.py:927} WARNING - No viable dags retrieved from /home/verma-tv/.local/lib/python3.11/site-packages/airflow/example_dags/plugins/event_listener.py
[2025-01-28T12:03:38.104+0530] {processor.py:208} INFO - Processing /home/verma-tv/.local/lib/python3.11/site-packages/airflow/example_dags/plugins/event_listener.py took 0.031 seconds
[2025-01-28T12:04:25.510+0530] {processor.py:186} INFO - Started process (PID=24632) to work on /home/verma-tv/.local/lib/python3.11/site-packages/airflow/example_dags/plugins/event_listener.py
[2025-01-28T12:04:25.523+0530] {processor.py:914} INFO - Processing file /home/verma-tv/.local/lib/python3.11/site-packages/airflow/example_dags/plugins/event_listener.py for tasks to queue
[2025-01-28T12:04:25.525+0530] {logging_mixin.py:190} INFO - [2025-01-28T12:04:25.525+0530] {dagbag.py:588} INFO - Filling up the DagBag from /home/verma-tv/.local/lib/python3.11/site-packages/airflow/example_dags/plugins/event_listener.py
[2025-01-28T12:04:25.527+0530] {processor.py:927} WARNING - No viable dags retrieved from /home/verma-tv/.local/lib/python3.11/site-packages/airflow/example_dags/plugins/event_listener.py
[2025-01-28T12:04:25.536+0530] {processor.py:208} INFO - Processing /home/verma-tv/.local/lib/python3.11/site-packages/airflow/example_dags/plugins/event_listener.py took 0.031 seconds
[2025-01-28T12:05:14.846+0530] {processor.py:186} INFO - Started process (PID=25143) to work on /home/verma-tv/.local/lib/python3.11/site-packages/airflow/example_dags/plugins/event_listener.py
[2025-01-28T12:05:14.859+0530] {processor.py:914} INFO - Processing file /home/verma-tv/.local/lib/python3.11/site-packages/airflow/example_dags/plugins/event_listener.py for tasks to queue
[2025-01-28T12:05:14.861+0530] {logging_mixin.py:190} INFO - [2025-01-28T12:05:14.861+0530] {dagbag.py:588} INFO - Filling up the DagBag from /home/verma-tv/.local/lib/python3.11/site-packages/airflow/example_dags/plugins/event_listener.py
[2025-01-28T12:05:14.863+0530] {processor.py:927} WARNING - No viable dags retrieved from /home/verma-tv/.local/lib/python3.11/site-packages/airflow/example_dags/plugins/event_listener.py
[2025-01-28T12:05:14.870+0530] {processor.py:208} INFO - Processing /home/verma-tv/.local/lib/python3.11/site-packages/airflow/example_dags/plugins/event_listener.py took 0.029 seconds
[2025-01-28T12:06:00.975+0530] {processor.py:186} INFO - Started process (PID=25391) to work on /home/verma-tv/.local/lib/python3.11/site-packages/airflow/example_dags/plugins/event_listener.py
[2025-01-28T12:06:00.987+0530] {processor.py:914} INFO - Processing file /home/verma-tv/.local/lib/python3.11/site-packages/airflow/example_dags/plugins/event_listener.py for tasks to queue
[2025-01-28T12:06:00.989+0530] {logging_mixin.py:190} INFO - [2025-01-28T12:06:00.989+0530] {dagbag.py:588} INFO - Filling up the DagBag from /home/verma-tv/.local/lib/python3.11/site-packages/airflow/example_dags/plugins/event_listener.py
[2025-01-28T12:06:00.991+0530] {processor.py:927} WARNING - No viable dags retrieved from /home/verma-tv/.local/lib/python3.11/site-packages/airflow/example_dags/plugins/event_listener.py
[2025-01-28T12:06:01.000+0530] {processor.py:208} INFO - Processing /home/verma-tv/.local/lib/python3.11/site-packages/airflow/example_dags/plugins/event_listener.py took 0.030 seconds
[2025-01-28T12:06:50.516+0530] {processor.py:186} INFO - Started process (PID=25559) to work on /home/verma-tv/.local/lib/python3.11/site-packages/airflow/example_dags/plugins/event_listener.py
[2025-01-28T12:06:50.529+0530] {processor.py:914} INFO - Processing file /home/verma-tv/.local/lib/python3.11/site-packages/airflow/example_dags/plugins/event_listener.py for tasks to queue
[2025-01-28T12:06:50.530+0530] {logging_mixin.py:190} INFO - [2025-01-28T12:06:50.530+0530] {dagbag.py:588} INFO - Filling up the DagBag from /home/verma-tv/.local/lib/python3.11/site-packages/airflow/example_dags/plugins/event_listener.py
[2025-01-28T12:06:50.532+0530] {processor.py:927} WARNING - No viable dags retrieved from /home/verma-tv/.local/lib/python3.11/site-packages/airflow/example_dags/plugins/event_listener.py
[2025-01-28T12:06:50.540+0530] {processor.py:208} INFO - Processing /home/verma-tv/.local/lib/python3.11/site-packages/airflow/example_dags/plugins/event_listener.py took 0.028 seconds
[2025-01-28T12:07:38.936+0530] {processor.py:186} INFO - Started process (PID=25840) to work on /home/verma-tv/.local/lib/python3.11/site-packages/airflow/example_dags/plugins/event_listener.py
[2025-01-28T12:07:38.937+0530] {processor.py:914} INFO - Processing file /home/verma-tv/.local/lib/python3.11/site-packages/airflow/example_dags/plugins/event_listener.py for tasks to queue
[2025-01-28T12:07:38.939+0530] {logging_mixin.py:190} INFO - [2025-01-28T12:07:38.939+0530] {dagbag.py:588} INFO - Filling up the DagBag from /home/verma-tv/.local/lib/python3.11/site-packages/airflow/example_dags/plugins/event_listener.py
[2025-01-28T12:07:38.941+0530] {processor.py:927} WARNING - No viable dags retrieved from /home/verma-tv/.local/lib/python3.11/site-packages/airflow/example_dags/plugins/event_listener.py
[2025-01-28T12:07:38.949+0530] {processor.py:208} INFO - Processing /home/verma-tv/.local/lib/python3.11/site-packages/airflow/example_dags/plugins/event_listener.py took 0.017 seconds
[2025-01-28T12:08:30.793+0530] {processor.py:186} INFO - Started process (PID=26168) to work on /home/verma-tv/.local/lib/python3.11/site-packages/airflow/example_dags/plugins/event_listener.py
[2025-01-28T12:08:30.794+0530] {processor.py:914} INFO - Processing file /home/verma-tv/.local/lib/python3.11/site-packages/airflow/example_dags/plugins/event_listener.py for tasks to queue
[2025-01-28T12:08:30.796+0530] {logging_mixin.py:190} INFO - [2025-01-28T12:08:30.796+0530] {dagbag.py:588} INFO - Filling up the DagBag from /home/verma-tv/.local/lib/python3.11/site-packages/airflow/example_dags/plugins/event_listener.py
[2025-01-28T12:08:30.798+0530] {processor.py:927} WARNING - No viable dags retrieved from /home/verma-tv/.local/lib/python3.11/site-packages/airflow/example_dags/plugins/event_listener.py
[2025-01-28T12:08:30.805+0530] {processor.py:208} INFO - Processing /home/verma-tv/.local/lib/python3.11/site-packages/airflow/example_dags/plugins/event_listener.py took 0.017 seconds
[2025-01-28T12:09:22.188+0530] {processor.py:186} INFO - Started process (PID=26678) to work on /home/verma-tv/.local/lib/python3.11/site-packages/airflow/example_dags/plugins/event_listener.py
[2025-01-28T12:09:22.189+0530] {processor.py:914} INFO - Processing file /home/verma-tv/.local/lib/python3.11/site-packages/airflow/example_dags/plugins/event_listener.py for tasks to queue
[2025-01-28T12:09:22.191+0530] {logging_mixin.py:190} INFO - [2025-01-28T12:09:22.191+0530] {dagbag.py:588} INFO - Filling up the DagBag from /home/verma-tv/.local/lib/python3.11/site-packages/airflow/example_dags/plugins/event_listener.py
[2025-01-28T12:09:22.193+0530] {processor.py:927} WARNING - No viable dags retrieved from /home/verma-tv/.local/lib/python3.11/site-packages/airflow/example_dags/plugins/event_listener.py
[2025-01-28T12:09:22.204+0530] {processor.py:208} INFO - Processing /home/verma-tv/.local/lib/python3.11/site-packages/airflow/example_dags/plugins/event_listener.py took 0.021 seconds
[2025-01-28T12:10:11.991+0530] {processor.py:186} INFO - Started process (PID=27110) to work on /home/verma-tv/.local/lib/python3.11/site-packages/airflow/example_dags/plugins/event_listener.py
[2025-01-28T12:10:12.003+0530] {processor.py:914} INFO - Processing file /home/verma-tv/.local/lib/python3.11/site-packages/airflow/example_dags/plugins/event_listener.py for tasks to queue
[2025-01-28T12:10:12.005+0530] {logging_mixin.py:190} INFO - [2025-01-28T12:10:12.005+0530] {dagbag.py:588} INFO - Filling up the DagBag from /home/verma-tv/.local/lib/python3.11/site-packages/airflow/example_dags/plugins/event_listener.py
[2025-01-28T12:10:12.007+0530] {processor.py:927} WARNING - No viable dags retrieved from /home/verma-tv/.local/lib/python3.11/site-packages/airflow/example_dags/plugins/event_listener.py
[2025-01-28T12:10:12.015+0530] {processor.py:208} INFO - Processing /home/verma-tv/.local/lib/python3.11/site-packages/airflow/example_dags/plugins/event_listener.py took 0.029 seconds
[2025-01-28T12:11:03.029+0530] {processor.py:186} INFO - Started process (PID=27372) to work on /home/verma-tv/.local/lib/python3.11/site-packages/airflow/example_dags/plugins/event_listener.py
[2025-01-28T12:11:03.043+0530] {processor.py:914} INFO - Processing file /home/verma-tv/.local/lib/python3.11/site-packages/airflow/example_dags/plugins/event_listener.py for tasks to queue
[2025-01-28T12:11:03.047+0530] {logging_mixin.py:190} INFO - [2025-01-28T12:11:03.047+0530] {dagbag.py:588} INFO - Filling up the DagBag from /home/verma-tv/.local/lib/python3.11/site-packages/airflow/example_dags/plugins/event_listener.py
[2025-01-28T12:11:03.049+0530] {processor.py:927} WARNING - No viable dags retrieved from /home/verma-tv/.local/lib/python3.11/site-packages/airflow/example_dags/plugins/event_listener.py
[2025-01-28T12:11:03.057+0530] {processor.py:208} INFO - Processing /home/verma-tv/.local/lib/python3.11/site-packages/airflow/example_dags/plugins/event_listener.py took 0.036 seconds
[2025-01-28T12:11:53.965+0530] {processor.py:186} INFO - Started process (PID=27736) to work on /home/verma-tv/.local/lib/python3.11/site-packages/airflow/example_dags/plugins/event_listener.py
[2025-01-28T12:11:53.975+0530] {processor.py:914} INFO - Processing file /home/verma-tv/.local/lib/python3.11/site-packages/airflow/example_dags/plugins/event_listener.py for tasks to queue
[2025-01-28T12:11:53.977+0530] {logging_mixin.py:190} INFO - [2025-01-28T12:11:53.977+0530] {dagbag.py:588} INFO - Filling up the DagBag from /home/verma-tv/.local/lib/python3.11/site-packages/airflow/example_dags/plugins/event_listener.py
[2025-01-28T12:11:53.980+0530] {processor.py:927} WARNING - No viable dags retrieved from /home/verma-tv/.local/lib/python3.11/site-packages/airflow/example_dags/plugins/event_listener.py
[2025-01-28T12:11:53.990+0530] {processor.py:208} INFO - Processing /home/verma-tv/.local/lib/python3.11/site-packages/airflow/example_dags/plugins/event_listener.py took 0.030 seconds
[2025-01-28T12:12:45.130+0530] {processor.py:186} INFO - Started process (PID=28167) to work on /home/verma-tv/.local/lib/python3.11/site-packages/airflow/example_dags/plugins/event_listener.py
[2025-01-28T12:12:45.142+0530] {processor.py:914} INFO - Processing file /home/verma-tv/.local/lib/python3.11/site-packages/airflow/example_dags/plugins/event_listener.py for tasks to queue
[2025-01-28T12:12:45.144+0530] {logging_mixin.py:190} INFO - [2025-01-28T12:12:45.143+0530] {dagbag.py:588} INFO - Filling up the DagBag from /home/verma-tv/.local/lib/python3.11/site-packages/airflow/example_dags/plugins/event_listener.py
[2025-01-28T12:12:45.146+0530] {processor.py:927} WARNING - No viable dags retrieved from /home/verma-tv/.local/lib/python3.11/site-packages/airflow/example_dags/plugins/event_listener.py
[2025-01-28T12:12:45.154+0530] {processor.py:208} INFO - Processing /home/verma-tv/.local/lib/python3.11/site-packages/airflow/example_dags/plugins/event_listener.py took 0.029 seconds
[2025-01-28T12:13:38.048+0530] {processor.py:186} INFO - Started process (PID=28386) to work on /home/verma-tv/.local/lib/python3.11/site-packages/airflow/example_dags/plugins/event_listener.py
[2025-01-28T12:13:38.049+0530] {processor.py:914} INFO - Processing file /home/verma-tv/.local/lib/python3.11/site-packages/airflow/example_dags/plugins/event_listener.py for tasks to queue
[2025-01-28T12:13:38.051+0530] {logging_mixin.py:190} INFO - [2025-01-28T12:13:38.050+0530] {dagbag.py:588} INFO - Filling up the DagBag from /home/verma-tv/.local/lib/python3.11/site-packages/airflow/example_dags/plugins/event_listener.py
[2025-01-28T12:13:38.052+0530] {processor.py:927} WARNING - No viable dags retrieved from /home/verma-tv/.local/lib/python3.11/site-packages/airflow/example_dags/plugins/event_listener.py
[2025-01-28T12:13:38.060+0530] {processor.py:208} INFO - Processing /home/verma-tv/.local/lib/python3.11/site-packages/airflow/example_dags/plugins/event_listener.py took 0.017 seconds
[2025-01-28T12:14:26.477+0530] {processor.py:186} INFO - Started process (PID=29039) to work on /home/verma-tv/.local/lib/python3.11/site-packages/airflow/example_dags/plugins/event_listener.py
[2025-01-28T12:14:26.478+0530] {processor.py:914} INFO - Processing file /home/verma-tv/.local/lib/python3.11/site-packages/airflow/example_dags/plugins/event_listener.py for tasks to queue
[2025-01-28T12:14:26.480+0530] {logging_mixin.py:190} INFO - [2025-01-28T12:14:26.479+0530] {dagbag.py:588} INFO - Filling up the DagBag from /home/verma-tv/.local/lib/python3.11/site-packages/airflow/example_dags/plugins/event_listener.py
[2025-01-28T12:14:26.482+0530] {processor.py:927} WARNING - No viable dags retrieved from /home/verma-tv/.local/lib/python3.11/site-packages/airflow/example_dags/plugins/event_listener.py
[2025-01-28T12:14:26.490+0530] {processor.py:208} INFO - Processing /home/verma-tv/.local/lib/python3.11/site-packages/airflow/example_dags/plugins/event_listener.py took 0.019 seconds
[2025-01-28T12:15:18.304+0530] {processor.py:186} INFO - Started process (PID=29615) to work on /home/verma-tv/.local/lib/python3.11/site-packages/airflow/example_dags/plugins/event_listener.py
[2025-01-28T12:15:18.317+0530] {processor.py:914} INFO - Processing file /home/verma-tv/.local/lib/python3.11/site-packages/airflow/example_dags/plugins/event_listener.py for tasks to queue
[2025-01-28T12:15:18.319+0530] {logging_mixin.py:190} INFO - [2025-01-28T12:15:18.319+0530] {dagbag.py:588} INFO - Filling up the DagBag from /home/verma-tv/.local/lib/python3.11/site-packages/airflow/example_dags/plugins/event_listener.py
[2025-01-28T12:15:18.322+0530] {processor.py:927} WARNING - No viable dags retrieved from /home/verma-tv/.local/lib/python3.11/site-packages/airflow/example_dags/plugins/event_listener.py
[2025-01-28T12:15:18.333+0530] {processor.py:208} INFO - Processing /home/verma-tv/.local/lib/python3.11/site-packages/airflow/example_dags/plugins/event_listener.py took 0.035 seconds
[2025-01-28T12:16:09.370+0530] {processor.py:186} INFO - Started process (PID=30151) to work on /home/verma-tv/.local/lib/python3.11/site-packages/airflow/example_dags/plugins/event_listener.py
[2025-01-28T12:16:09.371+0530] {processor.py:914} INFO - Processing file /home/verma-tv/.local/lib/python3.11/site-packages/airflow/example_dags/plugins/event_listener.py for tasks to queue
[2025-01-28T12:16:09.373+0530] {logging_mixin.py:190} INFO - [2025-01-28T12:16:09.372+0530] {dagbag.py:588} INFO - Filling up the DagBag from /home/verma-tv/.local/lib/python3.11/site-packages/airflow/example_dags/plugins/event_listener.py
[2025-01-28T12:16:09.375+0530] {processor.py:927} WARNING - No viable dags retrieved from /home/verma-tv/.local/lib/python3.11/site-packages/airflow/example_dags/plugins/event_listener.py
[2025-01-28T12:16:09.383+0530] {processor.py:208} INFO - Processing /home/verma-tv/.local/lib/python3.11/site-packages/airflow/example_dags/plugins/event_listener.py took 0.018 seconds
[2025-01-28T12:17:01.882+0530] {processor.py:186} INFO - Started process (PID=30317) to work on /home/verma-tv/.local/lib/python3.11/site-packages/airflow/example_dags/plugins/event_listener.py
[2025-01-28T12:17:01.894+0530] {processor.py:914} INFO - Processing file /home/verma-tv/.local/lib/python3.11/site-packages/airflow/example_dags/plugins/event_listener.py for tasks to queue
[2025-01-28T12:17:01.897+0530] {logging_mixin.py:190} INFO - [2025-01-28T12:17:01.897+0530] {dagbag.py:588} INFO - Filling up the DagBag from /home/verma-tv/.local/lib/python3.11/site-packages/airflow/example_dags/plugins/event_listener.py
[2025-01-28T12:17:01.899+0530] {processor.py:927} WARNING - No viable dags retrieved from /home/verma-tv/.local/lib/python3.11/site-packages/airflow/example_dags/plugins/event_listener.py
[2025-01-28T12:17:01.907+0530] {processor.py:208} INFO - Processing /home/verma-tv/.local/lib/python3.11/site-packages/airflow/example_dags/plugins/event_listener.py took 0.031 seconds
[2025-01-28T12:17:52.204+0530] {processor.py:186} INFO - Started process (PID=30501) to work on /home/verma-tv/.local/lib/python3.11/site-packages/airflow/example_dags/plugins/event_listener.py
[2025-01-28T12:17:52.217+0530] {processor.py:914} INFO - Processing file /home/verma-tv/.local/lib/python3.11/site-packages/airflow/example_dags/plugins/event_listener.py for tasks to queue
[2025-01-28T12:17:52.219+0530] {logging_mixin.py:190} INFO - [2025-01-28T12:17:52.219+0530] {dagbag.py:588} INFO - Filling up the DagBag from /home/verma-tv/.local/lib/python3.11/site-packages/airflow/example_dags/plugins/event_listener.py
[2025-01-28T12:17:52.221+0530] {processor.py:927} WARNING - No viable dags retrieved from /home/verma-tv/.local/lib/python3.11/site-packages/airflow/example_dags/plugins/event_listener.py
[2025-01-28T12:17:52.229+0530] {processor.py:208} INFO - Processing /home/verma-tv/.local/lib/python3.11/site-packages/airflow/example_dags/plugins/event_listener.py took 0.029 seconds
[2025-01-28T12:18:41.863+0530] {processor.py:186} INFO - Started process (PID=30635) to work on /home/verma-tv/.local/lib/python3.11/site-packages/airflow/example_dags/plugins/event_listener.py
[2025-01-28T12:18:41.875+0530] {processor.py:914} INFO - Processing file /home/verma-tv/.local/lib/python3.11/site-packages/airflow/example_dags/plugins/event_listener.py for tasks to queue
[2025-01-28T12:18:41.877+0530] {logging_mixin.py:190} INFO - [2025-01-28T12:18:41.877+0530] {dagbag.py:588} INFO - Filling up the DagBag from /home/verma-tv/.local/lib/python3.11/site-packages/airflow/example_dags/plugins/event_listener.py
[2025-01-28T12:18:41.879+0530] {processor.py:927} WARNING - No viable dags retrieved from /home/verma-tv/.local/lib/python3.11/site-packages/airflow/example_dags/plugins/event_listener.py
[2025-01-28T12:18:41.887+0530] {processor.py:208} INFO - Processing /home/verma-tv/.local/lib/python3.11/site-packages/airflow/example_dags/plugins/event_listener.py took 0.029 seconds
[2025-01-28T12:19:33.825+0530] {processor.py:186} INFO - Started process (PID=30823) to work on /home/verma-tv/.local/lib/python3.11/site-packages/airflow/example_dags/plugins/event_listener.py
[2025-01-28T12:19:33.826+0530] {processor.py:914} INFO - Processing file /home/verma-tv/.local/lib/python3.11/site-packages/airflow/example_dags/plugins/event_listener.py for tasks to queue
[2025-01-28T12:19:33.828+0530] {logging_mixin.py:190} INFO - [2025-01-28T12:19:33.828+0530] {dagbag.py:588} INFO - Filling up the DagBag from /home/verma-tv/.local/lib/python3.11/site-packages/airflow/example_dags/plugins/event_listener.py
[2025-01-28T12:19:33.830+0530] {processor.py:927} WARNING - No viable dags retrieved from /home/verma-tv/.local/lib/python3.11/site-packages/airflow/example_dags/plugins/event_listener.py
[2025-01-28T12:19:33.838+0530] {processor.py:208} INFO - Processing /home/verma-tv/.local/lib/python3.11/site-packages/airflow/example_dags/plugins/event_listener.py took 0.017 seconds
[2025-01-28T12:20:25.252+0530] {processor.py:186} INFO - Started process (PID=30990) to work on /home/verma-tv/.local/lib/python3.11/site-packages/airflow/example_dags/plugins/event_listener.py
[2025-01-28T12:20:25.264+0530] {processor.py:914} INFO - Processing file /home/verma-tv/.local/lib/python3.11/site-packages/airflow/example_dags/plugins/event_listener.py for tasks to queue
[2025-01-28T12:20:25.267+0530] {logging_mixin.py:190} INFO - [2025-01-28T12:20:25.266+0530] {dagbag.py:588} INFO - Filling up the DagBag from /home/verma-tv/.local/lib/python3.11/site-packages/airflow/example_dags/plugins/event_listener.py
[2025-01-28T12:20:25.269+0530] {processor.py:927} WARNING - No viable dags retrieved from /home/verma-tv/.local/lib/python3.11/site-packages/airflow/example_dags/plugins/event_listener.py
[2025-01-28T12:20:25.276+0530] {processor.py:208} INFO - Processing /home/verma-tv/.local/lib/python3.11/site-packages/airflow/example_dags/plugins/event_listener.py took 0.029 seconds
[2025-01-28T12:21:17.817+0530] {processor.py:186} INFO - Started process (PID=31208) to work on /home/verma-tv/.local/lib/python3.11/site-packages/airflow/example_dags/plugins/event_listener.py
[2025-01-28T12:21:17.829+0530] {processor.py:914} INFO - Processing file /home/verma-tv/.local/lib/python3.11/site-packages/airflow/example_dags/plugins/event_listener.py for tasks to queue
[2025-01-28T12:21:17.831+0530] {logging_mixin.py:190} INFO - [2025-01-28T12:21:17.831+0530] {dagbag.py:588} INFO - Filling up the DagBag from /home/verma-tv/.local/lib/python3.11/site-packages/airflow/example_dags/plugins/event_listener.py
[2025-01-28T12:21:17.833+0530] {processor.py:927} WARNING - No viable dags retrieved from /home/verma-tv/.local/lib/python3.11/site-packages/airflow/example_dags/plugins/event_listener.py
[2025-01-28T12:21:17.841+0530] {processor.py:208} INFO - Processing /home/verma-tv/.local/lib/python3.11/site-packages/airflow/example_dags/plugins/event_listener.py took 0.029 seconds
[2025-01-28T12:22:06.369+0530] {processor.py:186} INFO - Started process (PID=31365) to work on /home/verma-tv/.local/lib/python3.11/site-packages/airflow/example_dags/plugins/event_listener.py
[2025-01-28T12:22:06.381+0530] {processor.py:914} INFO - Processing file /home/verma-tv/.local/lib/python3.11/site-packages/airflow/example_dags/plugins/event_listener.py for tasks to queue
[2025-01-28T12:22:06.383+0530] {logging_mixin.py:190} INFO - [2025-01-28T12:22:06.383+0530] {dagbag.py:588} INFO - Filling up the DagBag from /home/verma-tv/.local/lib/python3.11/site-packages/airflow/example_dags/plugins/event_listener.py
[2025-01-28T12:22:06.385+0530] {processor.py:927} WARNING - No viable dags retrieved from /home/verma-tv/.local/lib/python3.11/site-packages/airflow/example_dags/plugins/event_listener.py
[2025-01-28T12:22:06.393+0530] {processor.py:208} INFO - Processing /home/verma-tv/.local/lib/python3.11/site-packages/airflow/example_dags/plugins/event_listener.py took 0.028 seconds
[2025-01-28T12:22:54.305+0530] {processor.py:186} INFO - Started process (PID=31528) to work on /home/verma-tv/.local/lib/python3.11/site-packages/airflow/example_dags/plugins/event_listener.py
[2025-01-28T12:22:54.317+0530] {processor.py:914} INFO - Processing file /home/verma-tv/.local/lib/python3.11/site-packages/airflow/example_dags/plugins/event_listener.py for tasks to queue
[2025-01-28T12:22:54.319+0530] {logging_mixin.py:190} INFO - [2025-01-28T12:22:54.319+0530] {dagbag.py:588} INFO - Filling up the DagBag from /home/verma-tv/.local/lib/python3.11/site-packages/airflow/example_dags/plugins/event_listener.py
[2025-01-28T12:22:54.321+0530] {processor.py:927} WARNING - No viable dags retrieved from /home/verma-tv/.local/lib/python3.11/site-packages/airflow/example_dags/plugins/event_listener.py
[2025-01-28T12:22:54.329+0530] {processor.py:208} INFO - Processing /home/verma-tv/.local/lib/python3.11/site-packages/airflow/example_dags/plugins/event_listener.py took 0.028 seconds
[2025-01-28T12:23:41.723+0530] {processor.py:186} INFO - Started process (PID=31627) to work on /home/verma-tv/.local/lib/python3.11/site-packages/airflow/example_dags/plugins/event_listener.py
[2025-01-28T12:23:41.735+0530] {processor.py:914} INFO - Processing file /home/verma-tv/.local/lib/python3.11/site-packages/airflow/example_dags/plugins/event_listener.py for tasks to queue
[2025-01-28T12:23:41.737+0530] {logging_mixin.py:190} INFO - [2025-01-28T12:23:41.737+0530] {dagbag.py:588} INFO - Filling up the DagBag from /home/verma-tv/.local/lib/python3.11/site-packages/airflow/example_dags/plugins/event_listener.py
[2025-01-28T12:23:41.739+0530] {processor.py:927} WARNING - No viable dags retrieved from /home/verma-tv/.local/lib/python3.11/site-packages/airflow/example_dags/plugins/event_listener.py
[2025-01-28T12:23:41.747+0530] {processor.py:208} INFO - Processing /home/verma-tv/.local/lib/python3.11/site-packages/airflow/example_dags/plugins/event_listener.py took 0.028 seconds
[2025-01-28T12:24:32.113+0530] {processor.py:186} INFO - Started process (PID=31870) to work on /home/verma-tv/.local/lib/python3.11/site-packages/airflow/example_dags/plugins/event_listener.py
[2025-01-28T12:24:32.125+0530] {processor.py:914} INFO - Processing file /home/verma-tv/.local/lib/python3.11/site-packages/airflow/example_dags/plugins/event_listener.py for tasks to queue
[2025-01-28T12:24:32.127+0530] {logging_mixin.py:190} INFO - [2025-01-28T12:24:32.127+0530] {dagbag.py:588} INFO - Filling up the DagBag from /home/verma-tv/.local/lib/python3.11/site-packages/airflow/example_dags/plugins/event_listener.py
[2025-01-28T12:24:32.129+0530] {processor.py:927} WARNING - No viable dags retrieved from /home/verma-tv/.local/lib/python3.11/site-packages/airflow/example_dags/plugins/event_listener.py
[2025-01-28T12:24:32.137+0530] {processor.py:208} INFO - Processing /home/verma-tv/.local/lib/python3.11/site-packages/airflow/example_dags/plugins/event_listener.py took 0.029 seconds
[2025-01-28T12:25:25.032+0530] {processor.py:186} INFO - Started process (PID=32240) to work on /home/verma-tv/.local/lib/python3.11/site-packages/airflow/example_dags/plugins/event_listener.py
[2025-01-28T12:25:25.042+0530] {processor.py:914} INFO - Processing file /home/verma-tv/.local/lib/python3.11/site-packages/airflow/example_dags/plugins/event_listener.py for tasks to queue
[2025-01-28T12:25:25.046+0530] {logging_mixin.py:190} INFO - [2025-01-28T12:25:25.046+0530] {dagbag.py:588} INFO - Filling up the DagBag from /home/verma-tv/.local/lib/python3.11/site-packages/airflow/example_dags/plugins/event_listener.py
[2025-01-28T12:25:25.048+0530] {processor.py:927} WARNING - No viable dags retrieved from /home/verma-tv/.local/lib/python3.11/site-packages/airflow/example_dags/plugins/event_listener.py
[2025-01-28T12:25:25.060+0530] {processor.py:208} INFO - Processing /home/verma-tv/.local/lib/python3.11/site-packages/airflow/example_dags/plugins/event_listener.py took 0.033 seconds
[2025-01-28T12:26:16.875+0530] {processor.py:186} INFO - Started process (PID=32457) to work on /home/verma-tv/.local/lib/python3.11/site-packages/airflow/example_dags/plugins/event_listener.py
[2025-01-28T12:26:16.886+0530] {processor.py:914} INFO - Processing file /home/verma-tv/.local/lib/python3.11/site-packages/airflow/example_dags/plugins/event_listener.py for tasks to queue
[2025-01-28T12:26:16.889+0530] {logging_mixin.py:190} INFO - [2025-01-28T12:26:16.888+0530] {dagbag.py:588} INFO - Filling up the DagBag from /home/verma-tv/.local/lib/python3.11/site-packages/airflow/example_dags/plugins/event_listener.py
[2025-01-28T12:26:16.890+0530] {processor.py:927} WARNING - No viable dags retrieved from /home/verma-tv/.local/lib/python3.11/site-packages/airflow/example_dags/plugins/event_listener.py
[2025-01-28T12:26:16.901+0530] {processor.py:208} INFO - Processing /home/verma-tv/.local/lib/python3.11/site-packages/airflow/example_dags/plugins/event_listener.py took 0.031 seconds
[2025-01-28T12:27:07.734+0530] {processor.py:186} INFO - Started process (PID=32617) to work on /home/verma-tv/.local/lib/python3.11/site-packages/airflow/example_dags/plugins/event_listener.py
[2025-01-28T12:27:07.746+0530] {processor.py:914} INFO - Processing file /home/verma-tv/.local/lib/python3.11/site-packages/airflow/example_dags/plugins/event_listener.py for tasks to queue
[2025-01-28T12:27:07.751+0530] {logging_mixin.py:190} INFO - [2025-01-28T12:27:07.750+0530] {dagbag.py:588} INFO - Filling up the DagBag from /home/verma-tv/.local/lib/python3.11/site-packages/airflow/example_dags/plugins/event_listener.py
[2025-01-28T12:27:07.753+0530] {processor.py:927} WARNING - No viable dags retrieved from /home/verma-tv/.local/lib/python3.11/site-packages/airflow/example_dags/plugins/event_listener.py
[2025-01-28T12:27:07.760+0530] {processor.py:208} INFO - Processing /home/verma-tv/.local/lib/python3.11/site-packages/airflow/example_dags/plugins/event_listener.py took 0.033 seconds
[2025-01-28T12:28:02.702+0530] {processor.py:186} INFO - Started process (PID=32786) to work on /home/verma-tv/.local/lib/python3.11/site-packages/airflow/example_dags/plugins/event_listener.py
[2025-01-28T12:28:02.715+0530] {processor.py:914} INFO - Processing file /home/verma-tv/.local/lib/python3.11/site-packages/airflow/example_dags/plugins/event_listener.py for tasks to queue
[2025-01-28T12:28:02.717+0530] {logging_mixin.py:190} INFO - [2025-01-28T12:28:02.716+0530] {dagbag.py:588} INFO - Filling up the DagBag from /home/verma-tv/.local/lib/python3.11/site-packages/airflow/example_dags/plugins/event_listener.py
[2025-01-28T12:28:02.719+0530] {processor.py:927} WARNING - No viable dags retrieved from /home/verma-tv/.local/lib/python3.11/site-packages/airflow/example_dags/plugins/event_listener.py
[2025-01-28T12:28:02.726+0530] {processor.py:208} INFO - Processing /home/verma-tv/.local/lib/python3.11/site-packages/airflow/example_dags/plugins/event_listener.py took 0.034 seconds
[2025-01-28T12:28:55.207+0530] {processor.py:186} INFO - Started process (PID=32956) to work on /home/verma-tv/.local/lib/python3.11/site-packages/airflow/example_dags/plugins/event_listener.py
[2025-01-28T12:28:55.219+0530] {processor.py:914} INFO - Processing file /home/verma-tv/.local/lib/python3.11/site-packages/airflow/example_dags/plugins/event_listener.py for tasks to queue
[2025-01-28T12:28:55.221+0530] {logging_mixin.py:190} INFO - [2025-01-28T12:28:55.221+0530] {dagbag.py:588} INFO - Filling up the DagBag from /home/verma-tv/.local/lib/python3.11/site-packages/airflow/example_dags/plugins/event_listener.py
[2025-01-28T12:28:55.223+0530] {processor.py:927} WARNING - No viable dags retrieved from /home/verma-tv/.local/lib/python3.11/site-packages/airflow/example_dags/plugins/event_listener.py
[2025-01-28T12:28:55.237+0530] {processor.py:208} INFO - Processing /home/verma-tv/.local/lib/python3.11/site-packages/airflow/example_dags/plugins/event_listener.py took 0.034 seconds
[2025-01-28T12:29:45.530+0530] {processor.py:186} INFO - Started process (PID=33099) to work on /home/verma-tv/.local/lib/python3.11/site-packages/airflow/example_dags/plugins/event_listener.py
[2025-01-28T12:29:45.543+0530] {processor.py:914} INFO - Processing file /home/verma-tv/.local/lib/python3.11/site-packages/airflow/example_dags/plugins/event_listener.py for tasks to queue
[2025-01-28T12:29:45.545+0530] {logging_mixin.py:190} INFO - [2025-01-28T12:29:45.545+0530] {dagbag.py:588} INFO - Filling up the DagBag from /home/verma-tv/.local/lib/python3.11/site-packages/airflow/example_dags/plugins/event_listener.py
[2025-01-28T12:29:45.547+0530] {processor.py:927} WARNING - No viable dags retrieved from /home/verma-tv/.local/lib/python3.11/site-packages/airflow/example_dags/plugins/event_listener.py
[2025-01-28T12:29:45.555+0530] {processor.py:208} INFO - Processing /home/verma-tv/.local/lib/python3.11/site-packages/airflow/example_dags/plugins/event_listener.py took 0.033 seconds
[2025-01-28T12:30:39.673+0530] {processor.py:186} INFO - Started process (PID=33272) to work on /home/verma-tv/.local/lib/python3.11/site-packages/airflow/example_dags/plugins/event_listener.py
[2025-01-28T12:30:39.674+0530] {processor.py:914} INFO - Processing file /home/verma-tv/.local/lib/python3.11/site-packages/airflow/example_dags/plugins/event_listener.py for tasks to queue
[2025-01-28T12:30:39.676+0530] {logging_mixin.py:190} INFO - [2025-01-28T12:30:39.676+0530] {dagbag.py:588} INFO - Filling up the DagBag from /home/verma-tv/.local/lib/python3.11/site-packages/airflow/example_dags/plugins/event_listener.py
[2025-01-28T12:30:39.678+0530] {processor.py:927} WARNING - No viable dags retrieved from /home/verma-tv/.local/lib/python3.11/site-packages/airflow/example_dags/plugins/event_listener.py
[2025-01-28T12:30:39.689+0530] {processor.py:208} INFO - Processing /home/verma-tv/.local/lib/python3.11/site-packages/airflow/example_dags/plugins/event_listener.py took 0.024 seconds
[2025-01-28T12:31:29.358+0530] {processor.py:186} INFO - Started process (PID=33493) to work on /home/verma-tv/.local/lib/python3.11/site-packages/airflow/example_dags/plugins/event_listener.py
[2025-01-28T12:31:29.371+0530] {processor.py:914} INFO - Processing file /home/verma-tv/.local/lib/python3.11/site-packages/airflow/example_dags/plugins/event_listener.py for tasks to queue
[2025-01-28T12:31:29.373+0530] {logging_mixin.py:190} INFO - [2025-01-28T12:31:29.373+0530] {dagbag.py:588} INFO - Filling up the DagBag from /home/verma-tv/.local/lib/python3.11/site-packages/airflow/example_dags/plugins/event_listener.py
[2025-01-28T12:31:29.375+0530] {processor.py:927} WARNING - No viable dags retrieved from /home/verma-tv/.local/lib/python3.11/site-packages/airflow/example_dags/plugins/event_listener.py
[2025-01-28T12:31:29.385+0530] {processor.py:208} INFO - Processing /home/verma-tv/.local/lib/python3.11/site-packages/airflow/example_dags/plugins/event_listener.py took 0.032 seconds
[2025-01-28T12:32:22.197+0530] {processor.py:186} INFO - Started process (PID=33674) to work on /home/verma-tv/.local/lib/python3.11/site-packages/airflow/example_dags/plugins/event_listener.py
[2025-01-28T12:32:22.211+0530] {processor.py:914} INFO - Processing file /home/verma-tv/.local/lib/python3.11/site-packages/airflow/example_dags/plugins/event_listener.py for tasks to queue
[2025-01-28T12:32:22.213+0530] {logging_mixin.py:190} INFO - [2025-01-28T12:32:22.213+0530] {dagbag.py:588} INFO - Filling up the DagBag from /home/verma-tv/.local/lib/python3.11/site-packages/airflow/example_dags/plugins/event_listener.py
[2025-01-28T12:32:22.215+0530] {processor.py:927} WARNING - No viable dags retrieved from /home/verma-tv/.local/lib/python3.11/site-packages/airflow/example_dags/plugins/event_listener.py
[2025-01-28T12:32:22.223+0530] {processor.py:208} INFO - Processing /home/verma-tv/.local/lib/python3.11/site-packages/airflow/example_dags/plugins/event_listener.py took 0.032 seconds
[2025-01-28T12:33:15.369+0530] {processor.py:186} INFO - Started process (PID=33866) to work on /home/verma-tv/.local/lib/python3.11/site-packages/airflow/example_dags/plugins/event_listener.py
[2025-01-28T12:33:15.381+0530] {processor.py:914} INFO - Processing file /home/verma-tv/.local/lib/python3.11/site-packages/airflow/example_dags/plugins/event_listener.py for tasks to queue
[2025-01-28T12:33:15.383+0530] {logging_mixin.py:190} INFO - [2025-01-28T12:33:15.383+0530] {dagbag.py:588} INFO - Filling up the DagBag from /home/verma-tv/.local/lib/python3.11/site-packages/airflow/example_dags/plugins/event_listener.py
[2025-01-28T12:33:15.385+0530] {processor.py:927} WARNING - No viable dags retrieved from /home/verma-tv/.local/lib/python3.11/site-packages/airflow/example_dags/plugins/event_listener.py
[2025-01-28T12:33:15.393+0530] {processor.py:208} INFO - Processing /home/verma-tv/.local/lib/python3.11/site-packages/airflow/example_dags/plugins/event_listener.py took 0.030 seconds
[2025-01-28T12:34:11.620+0530] {processor.py:186} INFO - Started process (PID=34057) to work on /home/verma-tv/.local/lib/python3.11/site-packages/airflow/example_dags/plugins/event_listener.py
[2025-01-28T12:34:11.632+0530] {processor.py:914} INFO - Processing file /home/verma-tv/.local/lib/python3.11/site-packages/airflow/example_dags/plugins/event_listener.py for tasks to queue
[2025-01-28T12:34:11.634+0530] {logging_mixin.py:190} INFO - [2025-01-28T12:34:11.634+0530] {dagbag.py:588} INFO - Filling up the DagBag from /home/verma-tv/.local/lib/python3.11/site-packages/airflow/example_dags/plugins/event_listener.py
[2025-01-28T12:34:11.636+0530] {processor.py:927} WARNING - No viable dags retrieved from /home/verma-tv/.local/lib/python3.11/site-packages/airflow/example_dags/plugins/event_listener.py
[2025-01-28T12:34:11.644+0530] {processor.py:208} INFO - Processing /home/verma-tv/.local/lib/python3.11/site-packages/airflow/example_dags/plugins/event_listener.py took 0.028 seconds
[2025-01-28T12:35:06.055+0530] {processor.py:186} INFO - Started process (PID=34263) to work on /home/verma-tv/.local/lib/python3.11/site-packages/airflow/example_dags/plugins/event_listener.py
[2025-01-28T12:35:06.069+0530] {processor.py:914} INFO - Processing file /home/verma-tv/.local/lib/python3.11/site-packages/airflow/example_dags/plugins/event_listener.py for tasks to queue
[2025-01-28T12:35:06.074+0530] {logging_mixin.py:190} INFO - [2025-01-28T12:35:06.073+0530] {dagbag.py:588} INFO - Filling up the DagBag from /home/verma-tv/.local/lib/python3.11/site-packages/airflow/example_dags/plugins/event_listener.py
[2025-01-28T12:35:06.076+0530] {processor.py:927} WARNING - No viable dags retrieved from /home/verma-tv/.local/lib/python3.11/site-packages/airflow/example_dags/plugins/event_listener.py
[2025-01-28T12:35:06.084+0530] {processor.py:208} INFO - Processing /home/verma-tv/.local/lib/python3.11/site-packages/airflow/example_dags/plugins/event_listener.py took 0.035 seconds
[2025-01-28T12:35:57.381+0530] {processor.py:186} INFO - Started process (PID=34426) to work on /home/verma-tv/.local/lib/python3.11/site-packages/airflow/example_dags/plugins/event_listener.py
[2025-01-28T12:35:57.394+0530] {processor.py:914} INFO - Processing file /home/verma-tv/.local/lib/python3.11/site-packages/airflow/example_dags/plugins/event_listener.py for tasks to queue
[2025-01-28T12:35:57.398+0530] {logging_mixin.py:190} INFO - [2025-01-28T12:35:57.396+0530] {dagbag.py:588} INFO - Filling up the DagBag from /home/verma-tv/.local/lib/python3.11/site-packages/airflow/example_dags/plugins/event_listener.py
[2025-01-28T12:35:57.403+0530] {processor.py:927} WARNING - No viable dags retrieved from /home/verma-tv/.local/lib/python3.11/site-packages/airflow/example_dags/plugins/event_listener.py
[2025-01-28T12:35:57.412+0530] {processor.py:208} INFO - Processing /home/verma-tv/.local/lib/python3.11/site-packages/airflow/example_dags/plugins/event_listener.py took 0.036 seconds
[2025-01-28T12:36:51.352+0530] {processor.py:186} INFO - Started process (PID=34602) to work on /home/verma-tv/.local/lib/python3.11/site-packages/airflow/example_dags/plugins/event_listener.py
[2025-01-28T12:36:51.364+0530] {processor.py:914} INFO - Processing file /home/verma-tv/.local/lib/python3.11/site-packages/airflow/example_dags/plugins/event_listener.py for tasks to queue
[2025-01-28T12:36:51.366+0530] {logging_mixin.py:190} INFO - [2025-01-28T12:36:51.366+0530] {dagbag.py:588} INFO - Filling up the DagBag from /home/verma-tv/.local/lib/python3.11/site-packages/airflow/example_dags/plugins/event_listener.py
[2025-01-28T12:36:51.368+0530] {processor.py:927} WARNING - No viable dags retrieved from /home/verma-tv/.local/lib/python3.11/site-packages/airflow/example_dags/plugins/event_listener.py
[2025-01-28T12:36:51.378+0530] {processor.py:208} INFO - Processing /home/verma-tv/.local/lib/python3.11/site-packages/airflow/example_dags/plugins/event_listener.py took 0.032 seconds
[2025-01-28T12:37:42.922+0530] {processor.py:186} INFO - Started process (PID=34770) to work on /home/verma-tv/.local/lib/python3.11/site-packages/airflow/example_dags/plugins/event_listener.py
[2025-01-28T12:37:42.934+0530] {processor.py:914} INFO - Processing file /home/verma-tv/.local/lib/python3.11/site-packages/airflow/example_dags/plugins/event_listener.py for tasks to queue
[2025-01-28T12:37:42.937+0530] {logging_mixin.py:190} INFO - [2025-01-28T12:37:42.936+0530] {dagbag.py:588} INFO - Filling up the DagBag from /home/verma-tv/.local/lib/python3.11/site-packages/airflow/example_dags/plugins/event_listener.py
[2025-01-28T12:37:42.939+0530] {processor.py:927} WARNING - No viable dags retrieved from /home/verma-tv/.local/lib/python3.11/site-packages/airflow/example_dags/plugins/event_listener.py
[2025-01-28T12:37:42.949+0530] {processor.py:208} INFO - Processing /home/verma-tv/.local/lib/python3.11/site-packages/airflow/example_dags/plugins/event_listener.py took 0.031 seconds
[2025-01-28T12:38:32.028+0530] {processor.py:186} INFO - Started process (PID=34935) to work on /home/verma-tv/.local/lib/python3.11/site-packages/airflow/example_dags/plugins/event_listener.py
[2025-01-28T12:38:32.029+0530] {processor.py:914} INFO - Processing file /home/verma-tv/.local/lib/python3.11/site-packages/airflow/example_dags/plugins/event_listener.py for tasks to queue
[2025-01-28T12:38:32.031+0530] {logging_mixin.py:190} INFO - [2025-01-28T12:38:32.030+0530] {dagbag.py:588} INFO - Filling up the DagBag from /home/verma-tv/.local/lib/python3.11/site-packages/airflow/example_dags/plugins/event_listener.py
[2025-01-28T12:38:32.033+0530] {processor.py:927} WARNING - No viable dags retrieved from /home/verma-tv/.local/lib/python3.11/site-packages/airflow/example_dags/plugins/event_listener.py
[2025-01-28T12:38:32.042+0530] {processor.py:208} INFO - Processing /home/verma-tv/.local/lib/python3.11/site-packages/airflow/example_dags/plugins/event_listener.py took 0.021 seconds
[2025-01-28T12:39:24.386+0530] {processor.py:186} INFO - Started process (PID=35124) to work on /home/verma-tv/.local/lib/python3.11/site-packages/airflow/example_dags/plugins/event_listener.py
[2025-01-28T12:39:24.400+0530] {processor.py:914} INFO - Processing file /home/verma-tv/.local/lib/python3.11/site-packages/airflow/example_dags/plugins/event_listener.py for tasks to queue
[2025-01-28T12:39:24.402+0530] {logging_mixin.py:190} INFO - [2025-01-28T12:39:24.402+0530] {dagbag.py:588} INFO - Filling up the DagBag from /home/verma-tv/.local/lib/python3.11/site-packages/airflow/example_dags/plugins/event_listener.py
[2025-01-28T12:39:24.404+0530] {processor.py:927} WARNING - No viable dags retrieved from /home/verma-tv/.local/lib/python3.11/site-packages/airflow/example_dags/plugins/event_listener.py
[2025-01-28T12:39:24.411+0530] {processor.py:208} INFO - Processing /home/verma-tv/.local/lib/python3.11/site-packages/airflow/example_dags/plugins/event_listener.py took 0.032 seconds
[2025-01-28T12:40:12.870+0530] {processor.py:186} INFO - Started process (PID=35308) to work on /home/verma-tv/.local/lib/python3.11/site-packages/airflow/example_dags/plugins/event_listener.py
[2025-01-28T12:40:12.871+0530] {processor.py:914} INFO - Processing file /home/verma-tv/.local/lib/python3.11/site-packages/airflow/example_dags/plugins/event_listener.py for tasks to queue
[2025-01-28T12:40:12.872+0530] {logging_mixin.py:190} INFO - [2025-01-28T12:40:12.872+0530] {dagbag.py:588} INFO - Filling up the DagBag from /home/verma-tv/.local/lib/python3.11/site-packages/airflow/example_dags/plugins/event_listener.py
[2025-01-28T12:40:12.875+0530] {processor.py:927} WARNING - No viable dags retrieved from /home/verma-tv/.local/lib/python3.11/site-packages/airflow/example_dags/plugins/event_listener.py
[2025-01-28T12:40:12.883+0530] {processor.py:208} INFO - Processing /home/verma-tv/.local/lib/python3.11/site-packages/airflow/example_dags/plugins/event_listener.py took 0.019 seconds
[2025-01-28T12:41:02.139+0530] {processor.py:186} INFO - Started process (PID=35660) to work on /home/verma-tv/.local/lib/python3.11/site-packages/airflow/example_dags/plugins/event_listener.py
[2025-01-28T12:41:02.151+0530] {processor.py:914} INFO - Processing file /home/verma-tv/.local/lib/python3.11/site-packages/airflow/example_dags/plugins/event_listener.py for tasks to queue
[2025-01-28T12:41:02.153+0530] {logging_mixin.py:190} INFO - [2025-01-28T12:41:02.153+0530] {dagbag.py:588} INFO - Filling up the DagBag from /home/verma-tv/.local/lib/python3.11/site-packages/airflow/example_dags/plugins/event_listener.py
[2025-01-28T12:41:02.155+0530] {processor.py:927} WARNING - No viable dags retrieved from /home/verma-tv/.local/lib/python3.11/site-packages/airflow/example_dags/plugins/event_listener.py
[2025-01-28T12:41:02.163+0530] {processor.py:208} INFO - Processing /home/verma-tv/.local/lib/python3.11/site-packages/airflow/example_dags/plugins/event_listener.py took 0.029 seconds
[2025-01-28T12:41:51.243+0530] {processor.py:186} INFO - Started process (PID=36069) to work on /home/verma-tv/.local/lib/python3.11/site-packages/airflow/example_dags/plugins/event_listener.py
[2025-01-28T12:41:51.244+0530] {processor.py:914} INFO - Processing file /home/verma-tv/.local/lib/python3.11/site-packages/airflow/example_dags/plugins/event_listener.py for tasks to queue
[2025-01-28T12:41:51.247+0530] {logging_mixin.py:190} INFO - [2025-01-28T12:41:51.246+0530] {dagbag.py:588} INFO - Filling up the DagBag from /home/verma-tv/.local/lib/python3.11/site-packages/airflow/example_dags/plugins/event_listener.py
[2025-01-28T12:41:51.250+0530] {processor.py:927} WARNING - No viable dags retrieved from /home/verma-tv/.local/lib/python3.11/site-packages/airflow/example_dags/plugins/event_listener.py
[2025-01-28T12:41:51.262+0530] {processor.py:208} INFO - Processing /home/verma-tv/.local/lib/python3.11/site-packages/airflow/example_dags/plugins/event_listener.py took 0.026 seconds
[2025-01-28T12:42:43.065+0530] {processor.py:186} INFO - Started process (PID=36470) to work on /home/verma-tv/.local/lib/python3.11/site-packages/airflow/example_dags/plugins/event_listener.py
[2025-01-28T12:42:43.078+0530] {processor.py:914} INFO - Processing file /home/verma-tv/.local/lib/python3.11/site-packages/airflow/example_dags/plugins/event_listener.py for tasks to queue
[2025-01-28T12:42:43.080+0530] {logging_mixin.py:190} INFO - [2025-01-28T12:42:43.079+0530] {dagbag.py:588} INFO - Filling up the DagBag from /home/verma-tv/.local/lib/python3.11/site-packages/airflow/example_dags/plugins/event_listener.py
[2025-01-28T12:42:43.082+0530] {processor.py:927} WARNING - No viable dags retrieved from /home/verma-tv/.local/lib/python3.11/site-packages/airflow/example_dags/plugins/event_listener.py
[2025-01-28T12:42:43.090+0530] {processor.py:208} INFO - Processing /home/verma-tv/.local/lib/python3.11/site-packages/airflow/example_dags/plugins/event_listener.py took 0.029 seconds
[2025-01-28T12:43:35.210+0530] {processor.py:186} INFO - Started process (PID=36935) to work on /home/verma-tv/.local/lib/python3.11/site-packages/airflow/example_dags/plugins/event_listener.py
[2025-01-28T12:43:35.223+0530] {processor.py:914} INFO - Processing file /home/verma-tv/.local/lib/python3.11/site-packages/airflow/example_dags/plugins/event_listener.py for tasks to queue
[2025-01-28T12:43:35.225+0530] {logging_mixin.py:190} INFO - [2025-01-28T12:43:35.225+0530] {dagbag.py:588} INFO - Filling up the DagBag from /home/verma-tv/.local/lib/python3.11/site-packages/airflow/example_dags/plugins/event_listener.py
[2025-01-28T12:43:35.227+0530] {processor.py:927} WARNING - No viable dags retrieved from /home/verma-tv/.local/lib/python3.11/site-packages/airflow/example_dags/plugins/event_listener.py
[2025-01-28T12:43:35.235+0530] {processor.py:208} INFO - Processing /home/verma-tv/.local/lib/python3.11/site-packages/airflow/example_dags/plugins/event_listener.py took 0.030 seconds
[2025-01-28T12:44:26.656+0530] {processor.py:186} INFO - Started process (PID=37172) to work on /home/verma-tv/.local/lib/python3.11/site-packages/airflow/example_dags/plugins/event_listener.py
[2025-01-28T12:44:26.666+0530] {processor.py:914} INFO - Processing file /home/verma-tv/.local/lib/python3.11/site-packages/airflow/example_dags/plugins/event_listener.py for tasks to queue
[2025-01-28T12:44:26.668+0530] {logging_mixin.py:190} INFO - [2025-01-28T12:44:26.668+0530] {dagbag.py:588} INFO - Filling up the DagBag from /home/verma-tv/.local/lib/python3.11/site-packages/airflow/example_dags/plugins/event_listener.py
[2025-01-28T12:44:26.670+0530] {processor.py:927} WARNING - No viable dags retrieved from /home/verma-tv/.local/lib/python3.11/site-packages/airflow/example_dags/plugins/event_listener.py
[2025-01-28T12:44:26.679+0530] {processor.py:208} INFO - Processing /home/verma-tv/.local/lib/python3.11/site-packages/airflow/example_dags/plugins/event_listener.py took 0.027 seconds
[2025-01-28T12:45:14.124+0530] {processor.py:186} INFO - Started process (PID=37399) to work on /home/verma-tv/.local/lib/python3.11/site-packages/airflow/example_dags/plugins/event_listener.py
[2025-01-28T12:45:14.136+0530] {processor.py:914} INFO - Processing file /home/verma-tv/.local/lib/python3.11/site-packages/airflow/example_dags/plugins/event_listener.py for tasks to queue
[2025-01-28T12:45:14.138+0530] {logging_mixin.py:190} INFO - [2025-01-28T12:45:14.137+0530] {dagbag.py:588} INFO - Filling up the DagBag from /home/verma-tv/.local/lib/python3.11/site-packages/airflow/example_dags/plugins/event_listener.py
[2025-01-28T12:45:14.140+0530] {processor.py:927} WARNING - No viable dags retrieved from /home/verma-tv/.local/lib/python3.11/site-packages/airflow/example_dags/plugins/event_listener.py
[2025-01-28T12:45:14.149+0530] {processor.py:208} INFO - Processing /home/verma-tv/.local/lib/python3.11/site-packages/airflow/example_dags/plugins/event_listener.py took 0.031 seconds
[2025-01-28T12:46:01.526+0530] {processor.py:186} INFO - Started process (PID=37809) to work on /home/verma-tv/.local/lib/python3.11/site-packages/airflow/example_dags/plugins/event_listener.py
[2025-01-28T12:46:01.538+0530] {processor.py:914} INFO - Processing file /home/verma-tv/.local/lib/python3.11/site-packages/airflow/example_dags/plugins/event_listener.py for tasks to queue
[2025-01-28T12:46:01.540+0530] {logging_mixin.py:190} INFO - [2025-01-28T12:46:01.540+0530] {dagbag.py:588} INFO - Filling up the DagBag from /home/verma-tv/.local/lib/python3.11/site-packages/airflow/example_dags/plugins/event_listener.py
[2025-01-28T12:46:01.543+0530] {processor.py:927} WARNING - No viable dags retrieved from /home/verma-tv/.local/lib/python3.11/site-packages/airflow/example_dags/plugins/event_listener.py
[2025-01-28T12:46:01.552+0530] {processor.py:208} INFO - Processing /home/verma-tv/.local/lib/python3.11/site-packages/airflow/example_dags/plugins/event_listener.py took 0.032 seconds
[2025-01-28T12:46:54.150+0530] {processor.py:186} INFO - Started process (PID=37990) to work on /home/verma-tv/.local/lib/python3.11/site-packages/airflow/example_dags/plugins/event_listener.py
[2025-01-28T12:46:54.151+0530] {processor.py:914} INFO - Processing file /home/verma-tv/.local/lib/python3.11/site-packages/airflow/example_dags/plugins/event_listener.py for tasks to queue
[2025-01-28T12:46:54.153+0530] {logging_mixin.py:190} INFO - [2025-01-28T12:46:54.153+0530] {dagbag.py:588} INFO - Filling up the DagBag from /home/verma-tv/.local/lib/python3.11/site-packages/airflow/example_dags/plugins/event_listener.py
[2025-01-28T12:46:54.155+0530] {processor.py:927} WARNING - No viable dags retrieved from /home/verma-tv/.local/lib/python3.11/site-packages/airflow/example_dags/plugins/event_listener.py
[2025-01-28T12:46:54.162+0530] {processor.py:208} INFO - Processing /home/verma-tv/.local/lib/python3.11/site-packages/airflow/example_dags/plugins/event_listener.py took 0.017 seconds
[2025-01-28T12:47:48.268+0530] {processor.py:186} INFO - Started process (PID=38191) to work on /home/verma-tv/.local/lib/python3.11/site-packages/airflow/example_dags/plugins/event_listener.py
[2025-01-28T12:47:48.269+0530] {processor.py:914} INFO - Processing file /home/verma-tv/.local/lib/python3.11/site-packages/airflow/example_dags/plugins/event_listener.py for tasks to queue
[2025-01-28T12:47:48.271+0530] {logging_mixin.py:190} INFO - [2025-01-28T12:47:48.271+0530] {dagbag.py:588} INFO - Filling up the DagBag from /home/verma-tv/.local/lib/python3.11/site-packages/airflow/example_dags/plugins/event_listener.py
[2025-01-28T12:47:48.273+0530] {processor.py:927} WARNING - No viable dags retrieved from /home/verma-tv/.local/lib/python3.11/site-packages/airflow/example_dags/plugins/event_listener.py
[2025-01-28T12:47:48.280+0530] {processor.py:208} INFO - Processing /home/verma-tv/.local/lib/python3.11/site-packages/airflow/example_dags/plugins/event_listener.py took 0.018 seconds
[2025-01-28T12:48:38.011+0530] {processor.py:186} INFO - Started process (PID=38483) to work on /home/verma-tv/.local/lib/python3.11/site-packages/airflow/example_dags/plugins/event_listener.py
[2025-01-28T12:48:38.023+0530] {processor.py:914} INFO - Processing file /home/verma-tv/.local/lib/python3.11/site-packages/airflow/example_dags/plugins/event_listener.py for tasks to queue
[2025-01-28T12:48:38.026+0530] {logging_mixin.py:190} INFO - [2025-01-28T12:48:38.025+0530] {dagbag.py:588} INFO - Filling up the DagBag from /home/verma-tv/.local/lib/python3.11/site-packages/airflow/example_dags/plugins/event_listener.py
[2025-01-28T12:48:38.029+0530] {processor.py:927} WARNING - No viable dags retrieved from /home/verma-tv/.local/lib/python3.11/site-packages/airflow/example_dags/plugins/event_listener.py
[2025-01-28T12:48:38.045+0530] {processor.py:208} INFO - Processing /home/verma-tv/.local/lib/python3.11/site-packages/airflow/example_dags/plugins/event_listener.py took 0.044 seconds
[2025-01-28T12:49:31.287+0530] {processor.py:186} INFO - Started process (PID=38746) to work on /home/verma-tv/.local/lib/python3.11/site-packages/airflow/example_dags/plugins/event_listener.py
[2025-01-28T12:49:31.300+0530] {processor.py:914} INFO - Processing file /home/verma-tv/.local/lib/python3.11/site-packages/airflow/example_dags/plugins/event_listener.py for tasks to queue
[2025-01-28T12:49:31.302+0530] {logging_mixin.py:190} INFO - [2025-01-28T12:49:31.302+0530] {dagbag.py:588} INFO - Filling up the DagBag from /home/verma-tv/.local/lib/python3.11/site-packages/airflow/example_dags/plugins/event_listener.py
[2025-01-28T12:49:31.304+0530] {processor.py:927} WARNING - No viable dags retrieved from /home/verma-tv/.local/lib/python3.11/site-packages/airflow/example_dags/plugins/event_listener.py
[2025-01-28T12:49:31.313+0530] {processor.py:208} INFO - Processing /home/verma-tv/.local/lib/python3.11/site-packages/airflow/example_dags/plugins/event_listener.py took 0.030 seconds
[2025-01-28T12:50:23.934+0530] {processor.py:186} INFO - Started process (PID=38991) to work on /home/verma-tv/.local/lib/python3.11/site-packages/airflow/example_dags/plugins/event_listener.py
[2025-01-28T12:50:23.946+0530] {processor.py:914} INFO - Processing file /home/verma-tv/.local/lib/python3.11/site-packages/airflow/example_dags/plugins/event_listener.py for tasks to queue
[2025-01-28T12:50:23.949+0530] {logging_mixin.py:190} INFO - [2025-01-28T12:50:23.949+0530] {dagbag.py:588} INFO - Filling up the DagBag from /home/verma-tv/.local/lib/python3.11/site-packages/airflow/example_dags/plugins/event_listener.py
[2025-01-28T12:50:23.951+0530] {processor.py:927} WARNING - No viable dags retrieved from /home/verma-tv/.local/lib/python3.11/site-packages/airflow/example_dags/plugins/event_listener.py
[2025-01-28T12:50:23.959+0530] {processor.py:208} INFO - Processing /home/verma-tv/.local/lib/python3.11/site-packages/airflow/example_dags/plugins/event_listener.py took 0.030 seconds
[2025-01-28T12:51:12.782+0530] {processor.py:186} INFO - Started process (PID=39277) to work on /home/verma-tv/.local/lib/python3.11/site-packages/airflow/example_dags/plugins/event_listener.py
[2025-01-28T12:51:12.794+0530] {processor.py:914} INFO - Processing file /home/verma-tv/.local/lib/python3.11/site-packages/airflow/example_dags/plugins/event_listener.py for tasks to queue
[2025-01-28T12:51:12.797+0530] {logging_mixin.py:190} INFO - [2025-01-28T12:51:12.796+0530] {dagbag.py:588} INFO - Filling up the DagBag from /home/verma-tv/.local/lib/python3.11/site-packages/airflow/example_dags/plugins/event_listener.py
[2025-01-28T12:51:12.799+0530] {processor.py:927} WARNING - No viable dags retrieved from /home/verma-tv/.local/lib/python3.11/site-packages/airflow/example_dags/plugins/event_listener.py
[2025-01-28T12:51:12.806+0530] {processor.py:208} INFO - Processing /home/verma-tv/.local/lib/python3.11/site-packages/airflow/example_dags/plugins/event_listener.py took 0.029 seconds
[2025-01-28T12:52:06.778+0530] {processor.py:186} INFO - Started process (PID=39486) to work on /home/verma-tv/.local/lib/python3.11/site-packages/airflow/example_dags/plugins/event_listener.py
[2025-01-28T12:52:06.790+0530] {processor.py:914} INFO - Processing file /home/verma-tv/.local/lib/python3.11/site-packages/airflow/example_dags/plugins/event_listener.py for tasks to queue
[2025-01-28T12:52:06.792+0530] {logging_mixin.py:190} INFO - [2025-01-28T12:52:06.792+0530] {dagbag.py:588} INFO - Filling up the DagBag from /home/verma-tv/.local/lib/python3.11/site-packages/airflow/example_dags/plugins/event_listener.py
[2025-01-28T12:52:06.794+0530] {processor.py:927} WARNING - No viable dags retrieved from /home/verma-tv/.local/lib/python3.11/site-packages/airflow/example_dags/plugins/event_listener.py
[2025-01-28T12:52:06.806+0530] {processor.py:208} INFO - Processing /home/verma-tv/.local/lib/python3.11/site-packages/airflow/example_dags/plugins/event_listener.py took 0.033 seconds
[2025-01-28T12:53:01.051+0530] {processor.py:186} INFO - Started process (PID=39738) to work on /home/verma-tv/.local/lib/python3.11/site-packages/airflow/example_dags/plugins/event_listener.py
[2025-01-28T12:53:01.063+0530] {processor.py:914} INFO - Processing file /home/verma-tv/.local/lib/python3.11/site-packages/airflow/example_dags/plugins/event_listener.py for tasks to queue
[2025-01-28T12:53:01.065+0530] {logging_mixin.py:190} INFO - [2025-01-28T12:53:01.065+0530] {dagbag.py:588} INFO - Filling up the DagBag from /home/verma-tv/.local/lib/python3.11/site-packages/airflow/example_dags/plugins/event_listener.py
[2025-01-28T12:53:01.067+0530] {processor.py:927} WARNING - No viable dags retrieved from /home/verma-tv/.local/lib/python3.11/site-packages/airflow/example_dags/plugins/event_listener.py
[2025-01-28T12:53:01.075+0530] {processor.py:208} INFO - Processing /home/verma-tv/.local/lib/python3.11/site-packages/airflow/example_dags/plugins/event_listener.py took 0.029 seconds
[2025-01-28T12:53:54.721+0530] {processor.py:186} INFO - Started process (PID=39970) to work on /home/verma-tv/.local/lib/python3.11/site-packages/airflow/example_dags/plugins/event_listener.py
[2025-01-28T12:53:54.730+0530] {processor.py:914} INFO - Processing file /home/verma-tv/.local/lib/python3.11/site-packages/airflow/example_dags/plugins/event_listener.py for tasks to queue
[2025-01-28T12:53:54.732+0530] {logging_mixin.py:190} INFO - [2025-01-28T12:53:54.732+0530] {dagbag.py:588} INFO - Filling up the DagBag from /home/verma-tv/.local/lib/python3.11/site-packages/airflow/example_dags/plugins/event_listener.py
[2025-01-28T12:53:54.734+0530] {processor.py:927} WARNING - No viable dags retrieved from /home/verma-tv/.local/lib/python3.11/site-packages/airflow/example_dags/plugins/event_listener.py
[2025-01-28T12:53:54.743+0530] {processor.py:208} INFO - Processing /home/verma-tv/.local/lib/python3.11/site-packages/airflow/example_dags/plugins/event_listener.py took 0.028 seconds
[2025-01-28T12:54:43.547+0530] {processor.py:186} INFO - Started process (PID=40145) to work on /home/verma-tv/.local/lib/python3.11/site-packages/airflow/example_dags/plugins/event_listener.py
[2025-01-28T12:54:43.562+0530] {processor.py:914} INFO - Processing file /home/verma-tv/.local/lib/python3.11/site-packages/airflow/example_dags/plugins/event_listener.py for tasks to queue
[2025-01-28T12:54:43.564+0530] {logging_mixin.py:190} INFO - [2025-01-28T12:54:43.564+0530] {dagbag.py:588} INFO - Filling up the DagBag from /home/verma-tv/.local/lib/python3.11/site-packages/airflow/example_dags/plugins/event_listener.py
[2025-01-28T12:54:43.566+0530] {processor.py:927} WARNING - No viable dags retrieved from /home/verma-tv/.local/lib/python3.11/site-packages/airflow/example_dags/plugins/event_listener.py
[2025-01-28T12:54:43.574+0530] {processor.py:208} INFO - Processing /home/verma-tv/.local/lib/python3.11/site-packages/airflow/example_dags/plugins/event_listener.py took 0.032 seconds
[2025-01-28T12:55:32.758+0530] {processor.py:186} INFO - Started process (PID=40357) to work on /home/verma-tv/.local/lib/python3.11/site-packages/airflow/example_dags/plugins/event_listener.py
[2025-01-28T12:55:32.771+0530] {processor.py:914} INFO - Processing file /home/verma-tv/.local/lib/python3.11/site-packages/airflow/example_dags/plugins/event_listener.py for tasks to queue
[2025-01-28T12:55:32.773+0530] {logging_mixin.py:190} INFO - [2025-01-28T12:55:32.773+0530] {dagbag.py:588} INFO - Filling up the DagBag from /home/verma-tv/.local/lib/python3.11/site-packages/airflow/example_dags/plugins/event_listener.py
[2025-01-28T12:55:32.775+0530] {processor.py:927} WARNING - No viable dags retrieved from /home/verma-tv/.local/lib/python3.11/site-packages/airflow/example_dags/plugins/event_listener.py
[2025-01-28T12:55:32.784+0530] {processor.py:208} INFO - Processing /home/verma-tv/.local/lib/python3.11/site-packages/airflow/example_dags/plugins/event_listener.py took 0.030 seconds
[2025-01-28T12:56:23.554+0530] {processor.py:186} INFO - Started process (PID=40622) to work on /home/verma-tv/.local/lib/python3.11/site-packages/airflow/example_dags/plugins/event_listener.py
[2025-01-28T12:56:23.566+0530] {processor.py:914} INFO - Processing file /home/verma-tv/.local/lib/python3.11/site-packages/airflow/example_dags/plugins/event_listener.py for tasks to queue
[2025-01-28T12:56:23.568+0530] {logging_mixin.py:190} INFO - [2025-01-28T12:56:23.568+0530] {dagbag.py:588} INFO - Filling up the DagBag from /home/verma-tv/.local/lib/python3.11/site-packages/airflow/example_dags/plugins/event_listener.py
[2025-01-28T12:56:23.570+0530] {processor.py:927} WARNING - No viable dags retrieved from /home/verma-tv/.local/lib/python3.11/site-packages/airflow/example_dags/plugins/event_listener.py
[2025-01-28T12:56:23.578+0530] {processor.py:208} INFO - Processing /home/verma-tv/.local/lib/python3.11/site-packages/airflow/example_dags/plugins/event_listener.py took 0.029 seconds
[2025-01-28T12:57:15.260+0530] {processor.py:186} INFO - Started process (PID=40846) to work on /home/verma-tv/.local/lib/python3.11/site-packages/airflow/example_dags/plugins/event_listener.py
[2025-01-28T12:57:15.261+0530] {processor.py:914} INFO - Processing file /home/verma-tv/.local/lib/python3.11/site-packages/airflow/example_dags/plugins/event_listener.py for tasks to queue
[2025-01-28T12:57:15.263+0530] {logging_mixin.py:190} INFO - [2025-01-28T12:57:15.263+0530] {dagbag.py:588} INFO - Filling up the DagBag from /home/verma-tv/.local/lib/python3.11/site-packages/airflow/example_dags/plugins/event_listener.py
[2025-01-28T12:57:15.265+0530] {processor.py:927} WARNING - No viable dags retrieved from /home/verma-tv/.local/lib/python3.11/site-packages/airflow/example_dags/plugins/event_listener.py
[2025-01-28T12:57:15.274+0530] {processor.py:208} INFO - Processing /home/verma-tv/.local/lib/python3.11/site-packages/airflow/example_dags/plugins/event_listener.py took 0.019 seconds
[2025-01-28T12:58:03.636+0530] {processor.py:186} INFO - Started process (PID=41087) to work on /home/verma-tv/.local/lib/python3.11/site-packages/airflow/example_dags/plugins/event_listener.py
[2025-01-28T12:58:03.637+0530] {processor.py:914} INFO - Processing file /home/verma-tv/.local/lib/python3.11/site-packages/airflow/example_dags/plugins/event_listener.py for tasks to queue
[2025-01-28T12:58:03.639+0530] {logging_mixin.py:190} INFO - [2025-01-28T12:58:03.639+0530] {dagbag.py:588} INFO - Filling up the DagBag from /home/verma-tv/.local/lib/python3.11/site-packages/airflow/example_dags/plugins/event_listener.py
[2025-01-28T12:58:03.642+0530] {processor.py:927} WARNING - No viable dags retrieved from /home/verma-tv/.local/lib/python3.11/site-packages/airflow/example_dags/plugins/event_listener.py
[2025-01-28T12:58:03.651+0530] {processor.py:208} INFO - Processing /home/verma-tv/.local/lib/python3.11/site-packages/airflow/example_dags/plugins/event_listener.py took 0.019 seconds
[2025-01-28T12:58:54.008+0530] {processor.py:186} INFO - Started process (PID=41264) to work on /home/verma-tv/.local/lib/python3.11/site-packages/airflow/example_dags/plugins/event_listener.py
[2025-01-28T12:58:54.009+0530] {processor.py:914} INFO - Processing file /home/verma-tv/.local/lib/python3.11/site-packages/airflow/example_dags/plugins/event_listener.py for tasks to queue
[2025-01-28T12:58:54.011+0530] {logging_mixin.py:190} INFO - [2025-01-28T12:58:54.010+0530] {dagbag.py:588} INFO - Filling up the DagBag from /home/verma-tv/.local/lib/python3.11/site-packages/airflow/example_dags/plugins/event_listener.py
[2025-01-28T12:58:54.013+0530] {processor.py:927} WARNING - No viable dags retrieved from /home/verma-tv/.local/lib/python3.11/site-packages/airflow/example_dags/plugins/event_listener.py
[2025-01-28T12:58:54.021+0530] {processor.py:208} INFO - Processing /home/verma-tv/.local/lib/python3.11/site-packages/airflow/example_dags/plugins/event_listener.py took 0.018 seconds
