[2025-01-28T11:39:18.555+0530] {processor.py:186} INFO - Started process (PID=17030) to work on /home/verma-tv/.local/lib/python3.11/site-packages/airflow/example_dags/plugins/listener_plugin.py
[2025-01-28T11:39:18.556+0530] {processor.py:914} INFO - Processing file /home/verma-tv/.local/lib/python3.11/site-packages/airflow/example_dags/plugins/listener_plugin.py for tasks to queue
[2025-01-28T11:39:18.557+0530] {logging_mixin.py:190} INFO - [2025-01-28T11:39:18.557+0530] {dagbag.py:588} INFO - Filling up the DagBag from /home/verma-tv/.local/lib/python3.11/site-packages/airflow/example_dags/plugins/listener_plugin.py
[2025-01-28T11:39:18.559+0530] {processor.py:927} WARNING - No viable dags retrieved from /home/verma-tv/.local/lib/python3.11/site-packages/airflow/example_dags/plugins/listener_plugin.py
[2025-01-28T11:39:18.566+0530] {processor.py:208} INFO - Processing /home/verma-tv/.local/lib/python3.11/site-packages/airflow/example_dags/plugins/listener_plugin.py took 0.016 seconds
[2025-01-28T11:40:18.340+0530] {processor.py:186} INFO - Started process (PID=17274) to work on /home/verma-tv/.local/lib/python3.11/site-packages/airflow/example_dags/plugins/listener_plugin.py
[2025-01-28T11:40:18.352+0530] {processor.py:914} INFO - Processing file /home/verma-tv/.local/lib/python3.11/site-packages/airflow/example_dags/plugins/listener_plugin.py for tasks to queue
[2025-01-28T11:40:18.354+0530] {logging_mixin.py:190} INFO - [2025-01-28T11:40:18.354+0530] {dagbag.py:588} INFO - Filling up the DagBag from /home/verma-tv/.local/lib/python3.11/site-packages/airflow/example_dags/plugins/listener_plugin.py
[2025-01-28T11:40:18.356+0530] {processor.py:927} WARNING - No viable dags retrieved from /home/verma-tv/.local/lib/python3.11/site-packages/airflow/example_dags/plugins/listener_plugin.py
[2025-01-28T11:40:18.363+0530] {processor.py:208} INFO - Processing /home/verma-tv/.local/lib/python3.11/site-packages/airflow/example_dags/plugins/listener_plugin.py took 0.028 seconds
[2025-01-28T11:41:13.726+0530] {processor.py:186} INFO - Started process (PID=17450) to work on /home/verma-tv/.local/lib/python3.11/site-packages/airflow/example_dags/plugins/listener_plugin.py
[2025-01-28T11:41:13.739+0530] {processor.py:914} INFO - Processing file /home/verma-tv/.local/lib/python3.11/site-packages/airflow/example_dags/plugins/listener_plugin.py for tasks to queue
[2025-01-28T11:41:13.741+0530] {logging_mixin.py:190} INFO - [2025-01-28T11:41:13.740+0530] {dagbag.py:588} INFO - Filling up the DagBag from /home/verma-tv/.local/lib/python3.11/site-packages/airflow/example_dags/plugins/listener_plugin.py
[2025-01-28T11:41:13.742+0530] {processor.py:927} WARNING - No viable dags retrieved from /home/verma-tv/.local/lib/python3.11/site-packages/airflow/example_dags/plugins/listener_plugin.py
[2025-01-28T11:41:13.750+0530] {processor.py:208} INFO - Processing /home/verma-tv/.local/lib/python3.11/site-packages/airflow/example_dags/plugins/listener_plugin.py took 0.028 seconds
[2025-01-28T11:42:02.837+0530] {processor.py:186} INFO - Started process (PID=17572) to work on /home/verma-tv/.local/lib/python3.11/site-packages/airflow/example_dags/plugins/listener_plugin.py
[2025-01-28T11:42:02.850+0530] {processor.py:914} INFO - Processing file /home/verma-tv/.local/lib/python3.11/site-packages/airflow/example_dags/plugins/listener_plugin.py for tasks to queue
[2025-01-28T11:42:02.852+0530] {logging_mixin.py:190} INFO - [2025-01-28T11:42:02.852+0530] {dagbag.py:588} INFO - Filling up the DagBag from /home/verma-tv/.local/lib/python3.11/site-packages/airflow/example_dags/plugins/listener_plugin.py
[2025-01-28T11:42:02.854+0530] {processor.py:927} WARNING - No viable dags retrieved from /home/verma-tv/.local/lib/python3.11/site-packages/airflow/example_dags/plugins/listener_plugin.py
[2025-01-28T11:42:02.862+0530] {processor.py:208} INFO - Processing /home/verma-tv/.local/lib/python3.11/site-packages/airflow/example_dags/plugins/listener_plugin.py took 0.029 seconds
[2025-01-28T11:42:56.422+0530] {processor.py:186} INFO - Started process (PID=17729) to work on /home/verma-tv/.local/lib/python3.11/site-packages/airflow/example_dags/plugins/listener_plugin.py
[2025-01-28T11:42:56.434+0530] {processor.py:914} INFO - Processing file /home/verma-tv/.local/lib/python3.11/site-packages/airflow/example_dags/plugins/listener_plugin.py for tasks to queue
[2025-01-28T11:42:56.436+0530] {logging_mixin.py:190} INFO - [2025-01-28T11:42:56.436+0530] {dagbag.py:588} INFO - Filling up the DagBag from /home/verma-tv/.local/lib/python3.11/site-packages/airflow/example_dags/plugins/listener_plugin.py
[2025-01-28T11:42:56.438+0530] {processor.py:927} WARNING - No viable dags retrieved from /home/verma-tv/.local/lib/python3.11/site-packages/airflow/example_dags/plugins/listener_plugin.py
[2025-01-28T11:42:56.446+0530] {processor.py:208} INFO - Processing /home/verma-tv/.local/lib/python3.11/site-packages/airflow/example_dags/plugins/listener_plugin.py took 0.029 seconds
[2025-01-28T11:43:46.514+0530] {processor.py:186} INFO - Started process (PID=17891) to work on /home/verma-tv/.local/lib/python3.11/site-packages/airflow/example_dags/plugins/listener_plugin.py
[2025-01-28T11:43:46.515+0530] {processor.py:914} INFO - Processing file /home/verma-tv/.local/lib/python3.11/site-packages/airflow/example_dags/plugins/listener_plugin.py for tasks to queue
[2025-01-28T11:43:46.516+0530] {logging_mixin.py:190} INFO - [2025-01-28T11:43:46.516+0530] {dagbag.py:588} INFO - Filling up the DagBag from /home/verma-tv/.local/lib/python3.11/site-packages/airflow/example_dags/plugins/listener_plugin.py
[2025-01-28T11:43:46.518+0530] {processor.py:927} WARNING - No viable dags retrieved from /home/verma-tv/.local/lib/python3.11/site-packages/airflow/example_dags/plugins/listener_plugin.py
[2025-01-28T11:43:46.526+0530] {processor.py:208} INFO - Processing /home/verma-tv/.local/lib/python3.11/site-packages/airflow/example_dags/plugins/listener_plugin.py took 0.017 seconds
[2025-01-28T11:44:37.262+0530] {processor.py:186} INFO - Started process (PID=18124) to work on /home/verma-tv/.local/lib/python3.11/site-packages/airflow/example_dags/plugins/listener_plugin.py
[2025-01-28T11:44:37.275+0530] {processor.py:914} INFO - Processing file /home/verma-tv/.local/lib/python3.11/site-packages/airflow/example_dags/plugins/listener_plugin.py for tasks to queue
[2025-01-28T11:44:37.278+0530] {logging_mixin.py:190} INFO - [2025-01-28T11:44:37.277+0530] {dagbag.py:588} INFO - Filling up the DagBag from /home/verma-tv/.local/lib/python3.11/site-packages/airflow/example_dags/plugins/listener_plugin.py
[2025-01-28T11:44:37.280+0530] {processor.py:927} WARNING - No viable dags retrieved from /home/verma-tv/.local/lib/python3.11/site-packages/airflow/example_dags/plugins/listener_plugin.py
[2025-01-28T11:44:37.291+0530] {processor.py:208} INFO - Processing /home/verma-tv/.local/lib/python3.11/site-packages/airflow/example_dags/plugins/listener_plugin.py took 0.037 seconds
[2025-01-28T11:45:30.482+0530] {processor.py:186} INFO - Started process (PID=18301) to work on /home/verma-tv/.local/lib/python3.11/site-packages/airflow/example_dags/plugins/listener_plugin.py
[2025-01-28T11:45:30.495+0530] {processor.py:914} INFO - Processing file /home/verma-tv/.local/lib/python3.11/site-packages/airflow/example_dags/plugins/listener_plugin.py for tasks to queue
[2025-01-28T11:45:30.499+0530] {logging_mixin.py:190} INFO - [2025-01-28T11:45:30.498+0530] {dagbag.py:588} INFO - Filling up the DagBag from /home/verma-tv/.local/lib/python3.11/site-packages/airflow/example_dags/plugins/listener_plugin.py
[2025-01-28T11:45:30.502+0530] {processor.py:927} WARNING - No viable dags retrieved from /home/verma-tv/.local/lib/python3.11/site-packages/airflow/example_dags/plugins/listener_plugin.py
[2025-01-28T11:45:30.510+0530] {processor.py:208} INFO - Processing /home/verma-tv/.local/lib/python3.11/site-packages/airflow/example_dags/plugins/listener_plugin.py took 0.034 seconds
[2025-01-28T11:46:24.465+0530] {processor.py:186} INFO - Started process (PID=18466) to work on /home/verma-tv/.local/lib/python3.11/site-packages/airflow/example_dags/plugins/listener_plugin.py
[2025-01-28T11:46:24.477+0530] {processor.py:914} INFO - Processing file /home/verma-tv/.local/lib/python3.11/site-packages/airflow/example_dags/plugins/listener_plugin.py for tasks to queue
[2025-01-28T11:46:24.479+0530] {logging_mixin.py:190} INFO - [2025-01-28T11:46:24.479+0530] {dagbag.py:588} INFO - Filling up the DagBag from /home/verma-tv/.local/lib/python3.11/site-packages/airflow/example_dags/plugins/listener_plugin.py
[2025-01-28T11:46:24.481+0530] {processor.py:927} WARNING - No viable dags retrieved from /home/verma-tv/.local/lib/python3.11/site-packages/airflow/example_dags/plugins/listener_plugin.py
[2025-01-28T11:46:24.489+0530] {processor.py:208} INFO - Processing /home/verma-tv/.local/lib/python3.11/site-packages/airflow/example_dags/plugins/listener_plugin.py took 0.029 seconds
[2025-01-28T11:47:16.336+0530] {processor.py:186} INFO - Started process (PID=18732) to work on /home/verma-tv/.local/lib/python3.11/site-packages/airflow/example_dags/plugins/listener_plugin.py
[2025-01-28T11:47:16.338+0530] {processor.py:914} INFO - Processing file /home/verma-tv/.local/lib/python3.11/site-packages/airflow/example_dags/plugins/listener_plugin.py for tasks to queue
[2025-01-28T11:47:16.341+0530] {logging_mixin.py:190} INFO - [2025-01-28T11:47:16.340+0530] {dagbag.py:588} INFO - Filling up the DagBag from /home/verma-tv/.local/lib/python3.11/site-packages/airflow/example_dags/plugins/listener_plugin.py
[2025-01-28T11:47:16.342+0530] {processor.py:927} WARNING - No viable dags retrieved from /home/verma-tv/.local/lib/python3.11/site-packages/airflow/example_dags/plugins/listener_plugin.py
[2025-01-28T11:47:16.350+0530] {processor.py:208} INFO - Processing /home/verma-tv/.local/lib/python3.11/site-packages/airflow/example_dags/plugins/listener_plugin.py took 0.019 seconds
[2025-01-28T11:48:09.633+0530] {processor.py:186} INFO - Started process (PID=19035) to work on /home/verma-tv/.local/lib/python3.11/site-packages/airflow/example_dags/plugins/listener_plugin.py
[2025-01-28T11:48:09.645+0530] {processor.py:914} INFO - Processing file /home/verma-tv/.local/lib/python3.11/site-packages/airflow/example_dags/plugins/listener_plugin.py for tasks to queue
[2025-01-28T11:48:09.647+0530] {logging_mixin.py:190} INFO - [2025-01-28T11:48:09.647+0530] {dagbag.py:588} INFO - Filling up the DagBag from /home/verma-tv/.local/lib/python3.11/site-packages/airflow/example_dags/plugins/listener_plugin.py
[2025-01-28T11:48:09.649+0530] {processor.py:927} WARNING - No viable dags retrieved from /home/verma-tv/.local/lib/python3.11/site-packages/airflow/example_dags/plugins/listener_plugin.py
[2025-01-28T11:48:09.657+0530] {processor.py:208} INFO - Processing /home/verma-tv/.local/lib/python3.11/site-packages/airflow/example_dags/plugins/listener_plugin.py took 0.029 seconds
[2025-01-28T11:49:01.711+0530] {processor.py:186} INFO - Started process (PID=19296) to work on /home/verma-tv/.local/lib/python3.11/site-packages/airflow/example_dags/plugins/listener_plugin.py
[2025-01-28T11:49:01.724+0530] {processor.py:914} INFO - Processing file /home/verma-tv/.local/lib/python3.11/site-packages/airflow/example_dags/plugins/listener_plugin.py for tasks to queue
[2025-01-28T11:49:01.726+0530] {logging_mixin.py:190} INFO - [2025-01-28T11:49:01.726+0530] {dagbag.py:588} INFO - Filling up the DagBag from /home/verma-tv/.local/lib/python3.11/site-packages/airflow/example_dags/plugins/listener_plugin.py
[2025-01-28T11:49:01.728+0530] {processor.py:927} WARNING - No viable dags retrieved from /home/verma-tv/.local/lib/python3.11/site-packages/airflow/example_dags/plugins/listener_plugin.py
[2025-01-28T11:49:01.735+0530] {processor.py:208} INFO - Processing /home/verma-tv/.local/lib/python3.11/site-packages/airflow/example_dags/plugins/listener_plugin.py took 0.029 seconds
[2025-01-28T11:49:50.737+0530] {processor.py:186} INFO - Started process (PID=19651) to work on /home/verma-tv/.local/lib/python3.11/site-packages/airflow/example_dags/plugins/listener_plugin.py
[2025-01-28T11:49:50.749+0530] {processor.py:914} INFO - Processing file /home/verma-tv/.local/lib/python3.11/site-packages/airflow/example_dags/plugins/listener_plugin.py for tasks to queue
[2025-01-28T11:49:50.751+0530] {logging_mixin.py:190} INFO - [2025-01-28T11:49:50.751+0530] {dagbag.py:588} INFO - Filling up the DagBag from /home/verma-tv/.local/lib/python3.11/site-packages/airflow/example_dags/plugins/listener_plugin.py
[2025-01-28T11:49:50.753+0530] {processor.py:927} WARNING - No viable dags retrieved from /home/verma-tv/.local/lib/python3.11/site-packages/airflow/example_dags/plugins/listener_plugin.py
[2025-01-28T11:49:50.760+0530] {processor.py:208} INFO - Processing /home/verma-tv/.local/lib/python3.11/site-packages/airflow/example_dags/plugins/listener_plugin.py took 0.029 seconds
[2025-01-28T11:50:39.396+0530] {processor.py:186} INFO - Started process (PID=19806) to work on /home/verma-tv/.local/lib/python3.11/site-packages/airflow/example_dags/plugins/listener_plugin.py
[2025-01-28T11:50:39.408+0530] {processor.py:914} INFO - Processing file /home/verma-tv/.local/lib/python3.11/site-packages/airflow/example_dags/plugins/listener_plugin.py for tasks to queue
[2025-01-28T11:50:39.411+0530] {logging_mixin.py:190} INFO - [2025-01-28T11:50:39.410+0530] {dagbag.py:588} INFO - Filling up the DagBag from /home/verma-tv/.local/lib/python3.11/site-packages/airflow/example_dags/plugins/listener_plugin.py
[2025-01-28T11:50:39.413+0530] {processor.py:927} WARNING - No viable dags retrieved from /home/verma-tv/.local/lib/python3.11/site-packages/airflow/example_dags/plugins/listener_plugin.py
[2025-01-28T11:50:39.421+0530] {processor.py:208} INFO - Processing /home/verma-tv/.local/lib/python3.11/site-packages/airflow/example_dags/plugins/listener_plugin.py took 0.030 seconds
[2025-01-28T11:51:31.648+0530] {processor.py:186} INFO - Started process (PID=19984) to work on /home/verma-tv/.local/lib/python3.11/site-packages/airflow/example_dags/plugins/listener_plugin.py
[2025-01-28T11:51:31.660+0530] {processor.py:914} INFO - Processing file /home/verma-tv/.local/lib/python3.11/site-packages/airflow/example_dags/plugins/listener_plugin.py for tasks to queue
[2025-01-28T11:51:31.663+0530] {logging_mixin.py:190} INFO - [2025-01-28T11:51:31.663+0530] {dagbag.py:588} INFO - Filling up the DagBag from /home/verma-tv/.local/lib/python3.11/site-packages/airflow/example_dags/plugins/listener_plugin.py
[2025-01-28T11:51:31.665+0530] {processor.py:927} WARNING - No viable dags retrieved from /home/verma-tv/.local/lib/python3.11/site-packages/airflow/example_dags/plugins/listener_plugin.py
[2025-01-28T11:51:31.673+0530] {processor.py:208} INFO - Processing /home/verma-tv/.local/lib/python3.11/site-packages/airflow/example_dags/plugins/listener_plugin.py took 0.030 seconds
